<?xml version="1.0" encoding="UTF-8"?>
<testsuite name="au.com.firemarklabs.nt.NtClientTest" tests="8" skipped="0" failures="8" errors="0" timestamp="2021-09-23T06:15:36" hostname="IAG-C02WL1TLHV2Q" time="4.596">
  <properties/>
  <testcase name="create a note and update it()" classname="au.com.firemarklabs.nt.NtClientTest" time="1.196">
    <failure message="Instantiation of [simple type, class au.com.firemarklabs.nt.Note] value failed for JSON property content due to missing (therefore NULL) value for creator parameter content which is a non-nullable type&#10; at [Source: (BufferedInputStream); line: 1, column: 109] (through reference chain: au.com.firemarklabs.nt.Note[&quot;content&quot;])&#13;&#10;&#9;com.github.kittinunf.fuel.core.FuelError$Companion.wrap(FuelError.kt:86)&#10;&#9;com.github.kittinunf.fuel.core.DeserializableKt.response(Deserializable.kt:177)&#10;Caused by: com.fasterxml.jackson.module.kotlin.MissingKotlinParameterException: Instantiation of [simple type, class au.com.firemarklabs.nt.Note] value failed for JSON property content due to missing (therefore NULL) value for creator parameter content which is a non-nullable type&#10; at [Source: (BufferedInputStream); line: 1, column: 109] (through reference chain: au.com.firemarklabs.nt.Note[&quot;content&quot;])&#10;&#9;com.fasterxml.jackson.module.kotlin.KotlinValueInstantiator.createFromObjectWith(KotlinValueInstantiator.kt:107)&#10;&#9;com.fasterxml.jackson.databind.deser.impl.PropertyBasedCreator.build(PropertyBasedCreator.java:195)&#10;&#9;com.fasterxml.jackson.databind.deser.BeanDeserializer._deserializeUsingPropertyBased(BeanDeserializer.java:488)&#10;&#9;com.fasterxml.jackson.databind.deser.BeanDeserializerBase.deserializeFromObjectUsingNonDefault(BeanDeserializerBase.java:1287)&#10;&#9;com.fasterxml.jackson.databind.deser.BeanDeserializer.deserializeFromObject(BeanDeserializer.java:326)&#10;&#9;com.fasterxml.jackson.databind.deser.BeanDeserializer.deserialize(BeanDeserializer.java:159)&#10;&#9;com.fasterxml.jackson.databind.ObjectMapper._readMapAndClose(ObjectMapper.java:4013)&#10;&#9;com.fasterxml.jackson.databind.ObjectMapper.readValue(ObjectMapper.java:3077)&#10;&#9;au.com.firemarklabs.nt.NTClient$insert$$inlined$responseObject$1.deserialize(FuelJackson.kt:59)&#10;&#9;com.github.kittinunf.fuel.core.ResponseDeserializable$DefaultImpls.deserialize(Deserializable.kt:39)&#10;&#9;au.com.firemarklabs.nt.NTClient$insert$$inlined$responseObject$1.deserialize(FuelJackson.kt:36)&#10;&#9;com.github.kittinunf.fuel.core.DeserializableKt.response(Deserializable.kt:176)&#10;&#9;au.com.firemarklabs.nt.NTClient.insert(NTClient.kt:103)&#10;&#9;au.com.firemarklabs.nt.NtClientTest.create a note and update it(NtClientTest.kt:47)&#10;&#9;java.base/jdk.internal.reflect.NativeMethodAccessorImpl.invoke0(Native Method)&#10;&#9;java.base/jdk.internal.reflect.NativeMethodAccessorImpl.invoke(NativeMethodAccessorImpl.java:78)&#10;&#9;java.base/jdk.internal.reflect.DelegatingMethodAccessorImpl.invoke(DelegatingMethodAccessorImpl.java:43)&#10;&#9;java.base/java.lang.reflect.Method.invoke(Method.java:567)&#10;&#9;org.junit.platform.commons.util.ReflectionUtils.invokeMethod(ReflectionUtils.java:686)&#10;&#9;org.junit.jupiter.engine.execution.MethodInvocation.proceed(MethodInvocation.java:60)&#10;&#9;org.junit.jupiter.engine.execution.InvocationInterceptorChain$ValidatingInvocation.proceed(InvocationInterceptorChain.java:131)&#10;&#9;org.junit.jupiter.engine.extension.TimeoutExtension.intercept(TimeoutExtension.java:149)&#10;&#9;org.junit.jupiter.engine.extension.TimeoutExtension.interceptTestableMethod(TimeoutExtension.java:140)&#10;&#9;org.junit.jupiter.engine.extension.TimeoutExtension.interceptTestMethod(TimeoutExtension.java:84)&#10;&#9;org.junit.jupiter.engine.execution.ExecutableInvoker$ReflectiveInterceptorCall.lambda$ofVoidMethod$0(ExecutableInvoker.java:115)&#10;&#9;org.junit.jupiter.engine.execution.ExecutableInvoker.lambda$invoke$0(ExecutableInvoker.java:105)&#10;&#9;org.junit.jupiter.engine.execution.InvocationInterceptorChain$InterceptedInvocation.proceed(InvocationInterceptorChain.java:106)&#10;&#9;org.junit.jupiter.engine.execution.InvocationInterceptorChain.proceed(InvocationInterceptorChain.java:64)&#10;&#9;org.junit.jupiter.engine.execution.InvocationInterceptorChain.chainAndInvoke(InvocationInterceptorChain.java:45)&#10;&#9;org.junit.jupiter.engine.execution.InvocationInterceptorChain.invoke(InvocationInterceptorChain.java:37)&#10;&#9;org.junit.jupiter.engine.execution.ExecutableInvoker.invoke(ExecutableInvoker.java:104)&#10;&#9;org.junit.jupiter.engine.execution.ExecutableInvoker.invoke(ExecutableInvoker.java:98)&#10;&#9;org.junit.jupiter.engine.descriptor.TestMethodTestDescriptor.lambda$invokeTestMethod$6(TestMethodTestDescriptor.java:212)&#10;&#9;org.junit.platform.engine.support.hierarchical.ThrowableCollector.execute(ThrowableCollector.java:73)&#10;&#9;org.junit.jupiter.engine.descriptor.TestMethodTestDescriptor.invokeTestMethod(TestMethodTestDescriptor.java:208)&#10;&#9;org.junit.jupiter.engine.descriptor.TestMethodTestDescriptor.execute(TestMethodTestDescriptor.java:137)&#10;&#9;org.junit.jupiter.engine.descriptor.TestMethodTestDescriptor.execute(TestMethodTestDescriptor.java:71)&#10;&#9;org.junit.platform.engine.support.hierarchical.NodeTestTask.lambda$executeRecursively$5(NodeTestTask.java:135)&#10;&#9;org.junit.platform.engine.support.hierarchical.ThrowableCollector.execute(ThrowableCollector.java:73)&#10;&#9;org.junit.platform.engine.support.hierarchical.NodeTestTask.lambda$executeRecursively$7(NodeTestTask.java:125)&#10;&#9;org.junit.platform.engine.support.hierarchical.Node.around(Node.java:135)&#10;&#9;org.junit.platform.engine.support.hierarchical.NodeTestTask.lambda$executeRecursively$8(NodeTestTask.java:123)&#10;&#9;org.junit.platform.engine.support.hierarchical.ThrowableCollector.execute(ThrowableCollector.java:73)&#10;&#9;org.junit.platform.engine.support.hierarchical.NodeTestTask.executeRecursively(NodeTestTask.java:122)&#10;&#9;org.junit.platform.engine.support.hierarchical.NodeTestTask.execute(NodeTestTask.java:80)&#10;&#9;java.base/java.util.ArrayList.forEach(ArrayList.java:1511)&#10;&#9;org.junit.platform.engine.support.hierarchical.SameThreadHierarchicalTestExecutorService.invokeAll(SameThreadHierarchicalTestExecutorService.java:38)&#10;&#9;org.junit.platform.engine.support.hierarchical.NodeTestTask.lambda$executeRecursively$5(NodeTestTask.java:139)&#10;&#9;org.junit.platform.engine.support.hierarchical.ThrowableCollector.execute(ThrowableCollector.java:73)&#10;&#9;org.junit.platform.engine.support.hierarchical.NodeTestTask.lambda$executeRecursively$7(NodeTestTask.java:125)&#10;&#9;org.junit.platform.engine.support.hierarchical.Node.around(Node.java:135)&#10;&#9;org.junit.platform.engine.support.hierarchical.NodeTestTask.lambda$executeRecursively$8(NodeTestTask.java:123)&#10;&#9;org.junit.platform.engine.support.hierarchical.ThrowableCollector.execute(ThrowableCollector.java:73)&#10;&#9;org.junit.platform.engine.support.hierarchical.NodeTestTask.executeRecursively(NodeTestTask.java:122)&#10;&#9;org.junit.platform.engine.support.hierarchical.NodeTestTask.execute(NodeTestTask.java:80)&#10;&#9;java.base/java.util.ArrayList.forEach(ArrayList.java:1511)&#10;&#9;org.junit.platform.engine.support.hierarchical.SameThreadHierarchicalTestExecutorService.invokeAll(SameThreadHierarchicalTestExecutorService.java:38)&#10;&#9;org.junit.platform.engine.support.hierarchical.NodeTestTask.lambda$executeRecursively$5(NodeTestTask.java:139)&#10;&#9;org.junit.platform.engine.support.hierarchical.ThrowableCollector.execute(ThrowableCollector.java:73)&#10;&#9;org.junit.platform.engine.support.hierarchical.NodeTestTask.lambda$executeRecursively$7(NodeTestTask.java:125)&#10;&#9;org.junit.platform.engine.support.hierarchical.Node.around(Node.java:135)&#10;&#9;org.junit.platform.engine.support.hierarchical.NodeTestTask.lambda$executeRecursively$8(NodeTestTask.java:123)&#10;&#9;org.junit.platform.engine.support.hierarchical.ThrowableCollector.execute(ThrowableCollector.java:73)&#10;&#9;org.junit.platform.engine.support.hierarchical.NodeTestTask.executeRecursively(NodeTestTask.java:122)&#10;&#9;org.junit.platform.engine.support.hierarchical.NodeTestTask.execute(NodeTestTask.java:80)&#10;&#9;org.junit.platform.engine.support.hierarchical.SameThreadHierarchicalTestExecutorService.submit(SameThreadHierarchicalTestExecutorService.java:32)&#10;&#9;org.junit.platform.engine.support.hierarchical.HierarchicalTestExecutor.execute(HierarchicalTestExecutor.java:57)&#10;&#9;org.junit.platform.engine.support.hierarchical.HierarchicalTestEngine.execute(HierarchicalTestEngine.java:51)&#10;&#9;org.junit.platform.launcher.core.EngineExecutionOrchestrator.execute(EngineExecutionOrchestrator.java:108)&#10;&#9;org.junit.platform.launcher.core.EngineExecutionOrchestrator.execute(EngineExecutionOrchestrator.java:88)&#10;&#9;org.junit.platform.launcher.core.EngineExecutionOrchestrator.lambda$execute$0(EngineExecutionOrchestrator.java:54)&#10;&#9;org.junit.platform.launcher.core.EngineExecutionOrchestrator.withInterceptedStreams(EngineExecutionOrchestrator.java:67)&#10;&#9;org.junit.platform.launcher.core.EngineExecutionOrchestrator.execute(EngineExecutionOrchestrator.java:52)&#10;&#9;org.junit.platform.launcher.core.DefaultLauncher.execute(DefaultLauncher.java:96)&#10;&#9;org.junit.platform.launcher.core.DefaultLauncher.execute(DefaultLauncher.java:75)&#10;&#9;org.gradle.api.internal.tasks.testing.junitplatform.JUnitPlatformTestClassProcessor$CollectAllTestClassesExecutor.processAllTestClasses(JUnitPlatformTestClassProcessor.java:99)&#10;&#9;org.gradle.api.internal.tasks.testing.junitplatform.JUnitPlatformTestClassProcessor$CollectAllTestClassesExecutor.access$000(JUnitPlatformTestClassProcessor.java:79)&#10;&#9;org.gradle.api.internal.tasks.testing.junitplatform.JUnitPlatformTestClassProcessor.stop(JUnitPlatformTestClassProcessor.java:75)&#10;&#9;org.gradle.api.internal.tasks.testing.SuiteTestClassProcessor.stop(SuiteTestClassProcessor.java:61)&#10;&#9;java.base/jdk.internal.reflect.NativeMethodAccessorImpl.invoke0(Native Method)&#10;&#9;java.base/jdk.internal.reflect.NativeMethodAccessorImpl.invoke(NativeMethodAccessorImpl.java:78)&#10;&#9;java.base/jdk.internal.reflect.DelegatingMethodAccessorImpl.invoke(DelegatingMethodAccessorImpl.java:43)&#10;&#9;java.base/java.lang.reflect.Method.invoke(Method.java:567)&#10;&#9;org.gradle.internal.dispatch.ReflectionDispatch.dispatch(ReflectionDispatch.java:36)&#10;&#9;org.gradle.internal.dispatch.ReflectionDispatch.dispatch(ReflectionDispatch.java:24)&#10;&#9;org.gradle.internal.dispatch.ContextClassLoaderDispatch.dispatch(ContextClassLoaderDispatch.java:33)&#10;&#9;org.gradle.internal.dispatch.ProxyDispatchAdapter$DispatchingInvocationHandler.invoke(ProxyDispatchAdapter.java:94)&#10;&#9;jdk.proxy1/jdk.proxy1.$Proxy2.stop(Unknown Source)&#10;&#9;org.gradle.api.internal.tasks.testing.worker.TestWorker$3.run(TestWorker.java:193)&#10;&#9;org.gradle.api.internal.tasks.testing.worker.TestWorker.executeAndMaintainThreadName(TestWorker.java:129)&#10;&#9;org.gradle.api.internal.tasks.testing.worker.TestWorker.execute(TestWorker.java:100)&#10;&#9;org.gradle.api.internal.tasks.testing.worker.TestWorker.execute(TestWorker.java:60)&#10;&#9;org.gradle.process.internal.worker.child.ActionExecutionWorker.execute(ActionExecutionWorker.java:56)&#10;&#9;org.gradle.process.internal.worker.child.SystemApplicationClassLoaderWorker.call(SystemApplicationClassLoaderWorker.java:133)&#10;&#9;org.gradle.process.internal.worker.child.SystemApplicationClassLoaderWorker.call(SystemApplicationClassLoaderWorker.java:71)&#10;&#9;worker.org.gradle.process.internal.worker.GradleWorkerMain.run(GradleWorkerMain.java:69)&#10;&#9;worker.org.gradle.process.internal.worker.GradleWorkerMain.main(GradleWorkerMain.java:74)&#10;" type="com.github.kittinunf.fuel.core.FuelError">Instantiation of [simple type, class au.com.firemarklabs.nt.Note] value failed for JSON property content due to missing (therefore NULL) value for creator parameter content which is a non-nullable type
 at [Source: (BufferedInputStream); line: 1, column: 109] (through reference chain: au.com.firemarklabs.nt.Note[&quot;content&quot;])
	com.github.kittinunf.fuel.core.FuelError$Companion.wrap(FuelError.kt:86)
	com.github.kittinunf.fuel.core.DeserializableKt.response(Deserializable.kt:177)
Caused by: com.fasterxml.jackson.module.kotlin.MissingKotlinParameterException: Instantiation of [simple type, class au.com.firemarklabs.nt.Note] value failed for JSON property content due to missing (therefore NULL) value for creator parameter content which is a non-nullable type
 at [Source: (BufferedInputStream); line: 1, column: 109] (through reference chain: au.com.firemarklabs.nt.Note[&quot;content&quot;])
	com.fasterxml.jackson.module.kotlin.KotlinValueInstantiator.createFromObjectWith(KotlinValueInstantiator.kt:107)
	com.fasterxml.jackson.databind.deser.impl.PropertyBasedCreator.build(PropertyBasedCreator.java:195)
	com.fasterxml.jackson.databind.deser.BeanDeserializer._deserializeUsingPropertyBased(BeanDeserializer.java:488)
	com.fasterxml.jackson.databind.deser.BeanDeserializerBase.deserializeFromObjectUsingNonDefault(BeanDeserializerBase.java:1287)
	com.fasterxml.jackson.databind.deser.BeanDeserializer.deserializeFromObject(BeanDeserializer.java:326)
	com.fasterxml.jackson.databind.deser.BeanDeserializer.deserialize(BeanDeserializer.java:159)
	com.fasterxml.jackson.databind.ObjectMapper._readMapAndClose(ObjectMapper.java:4013)
	com.fasterxml.jackson.databind.ObjectMapper.readValue(ObjectMapper.java:3077)
	au.com.firemarklabs.nt.NTClient$insert$$inlined$responseObject$1.deserialize(FuelJackson.kt:59)
	com.github.kittinunf.fuel.core.ResponseDeserializable$DefaultImpls.deserialize(Deserializable.kt:39)
	au.com.firemarklabs.nt.NTClient$insert$$inlined$responseObject$1.deserialize(FuelJackson.kt:36)
	com.github.kittinunf.fuel.core.DeserializableKt.response(Deserializable.kt:176)
	au.com.firemarklabs.nt.NTClient.insert(NTClient.kt:103)
	au.com.firemarklabs.nt.NtClientTest.create a note and update it(NtClientTest.kt:47)
	java.base/jdk.internal.reflect.NativeMethodAccessorImpl.invoke0(Native Method)
	java.base/jdk.internal.reflect.NativeMethodAccessorImpl.invoke(NativeMethodAccessorImpl.java:78)
	java.base/jdk.internal.reflect.DelegatingMethodAccessorImpl.invoke(DelegatingMethodAccessorImpl.java:43)
	java.base/java.lang.reflect.Method.invoke(Method.java:567)
	org.junit.platform.commons.util.ReflectionUtils.invokeMethod(ReflectionUtils.java:686)
	org.junit.jupiter.engine.execution.MethodInvocation.proceed(MethodInvocation.java:60)
	org.junit.jupiter.engine.execution.InvocationInterceptorChain$ValidatingInvocation.proceed(InvocationInterceptorChain.java:131)
	org.junit.jupiter.engine.extension.TimeoutExtension.intercept(TimeoutExtension.java:149)
	org.junit.jupiter.engine.extension.TimeoutExtension.interceptTestableMethod(TimeoutExtension.java:140)
	org.junit.jupiter.engine.extension.TimeoutExtension.interceptTestMethod(TimeoutExtension.java:84)
	org.junit.jupiter.engine.execution.ExecutableInvoker$ReflectiveInterceptorCall.lambda$ofVoidMethod$0(ExecutableInvoker.java:115)
	org.junit.jupiter.engine.execution.ExecutableInvoker.lambda$invoke$0(ExecutableInvoker.java:105)
	org.junit.jupiter.engine.execution.InvocationInterceptorChain$InterceptedInvocation.proceed(InvocationInterceptorChain.java:106)
	org.junit.jupiter.engine.execution.InvocationInterceptorChain.proceed(InvocationInterceptorChain.java:64)
	org.junit.jupiter.engine.execution.InvocationInterceptorChain.chainAndInvoke(InvocationInterceptorChain.java:45)
	org.junit.jupiter.engine.execution.InvocationInterceptorChain.invoke(InvocationInterceptorChain.java:37)
	org.junit.jupiter.engine.execution.ExecutableInvoker.invoke(ExecutableInvoker.java:104)
	org.junit.jupiter.engine.execution.ExecutableInvoker.invoke(ExecutableInvoker.java:98)
	org.junit.jupiter.engine.descriptor.TestMethodTestDescriptor.lambda$invokeTestMethod$6(TestMethodTestDescriptor.java:212)
	org.junit.platform.engine.support.hierarchical.ThrowableCollector.execute(ThrowableCollector.java:73)
	org.junit.jupiter.engine.descriptor.TestMethodTestDescriptor.invokeTestMethod(TestMethodTestDescriptor.java:208)
	org.junit.jupiter.engine.descriptor.TestMethodTestDescriptor.execute(TestMethodTestDescriptor.java:137)
	org.junit.jupiter.engine.descriptor.TestMethodTestDescriptor.execute(TestMethodTestDescriptor.java:71)
	org.junit.platform.engine.support.hierarchical.NodeTestTask.lambda$executeRecursively$5(NodeTestTask.java:135)
	org.junit.platform.engine.support.hierarchical.ThrowableCollector.execute(ThrowableCollector.java:73)
	org.junit.platform.engine.support.hierarchical.NodeTestTask.lambda$executeRecursively$7(NodeTestTask.java:125)
	org.junit.platform.engine.support.hierarchical.Node.around(Node.java:135)
	org.junit.platform.engine.support.hierarchical.NodeTestTask.lambda$executeRecursively$8(NodeTestTask.java:123)
	org.junit.platform.engine.support.hierarchical.ThrowableCollector.execute(ThrowableCollector.java:73)
	org.junit.platform.engine.support.hierarchical.NodeTestTask.executeRecursively(NodeTestTask.java:122)
	org.junit.platform.engine.support.hierarchical.NodeTestTask.execute(NodeTestTask.java:80)
	java.base/java.util.ArrayList.forEach(ArrayList.java:1511)
	org.junit.platform.engine.support.hierarchical.SameThreadHierarchicalTestExecutorService.invokeAll(SameThreadHierarchicalTestExecutorService.java:38)
	org.junit.platform.engine.support.hierarchical.NodeTestTask.lambda$executeRecursively$5(NodeTestTask.java:139)
	org.junit.platform.engine.support.hierarchical.ThrowableCollector.execute(ThrowableCollector.java:73)
	org.junit.platform.engine.support.hierarchical.NodeTestTask.lambda$executeRecursively$7(NodeTestTask.java:125)
	org.junit.platform.engine.support.hierarchical.Node.around(Node.java:135)
	org.junit.platform.engine.support.hierarchical.NodeTestTask.lambda$executeRecursively$8(NodeTestTask.java:123)
	org.junit.platform.engine.support.hierarchical.ThrowableCollector.execute(ThrowableCollector.java:73)
	org.junit.platform.engine.support.hierarchical.NodeTestTask.executeRecursively(NodeTestTask.java:122)
	org.junit.platform.engine.support.hierarchical.NodeTestTask.execute(NodeTestTask.java:80)
	java.base/java.util.ArrayList.forEach(ArrayList.java:1511)
	org.junit.platform.engine.support.hierarchical.SameThreadHierarchicalTestExecutorService.invokeAll(SameThreadHierarchicalTestExecutorService.java:38)
	org.junit.platform.engine.support.hierarchical.NodeTestTask.lambda$executeRecursively$5(NodeTestTask.java:139)
	org.junit.platform.engine.support.hierarchical.ThrowableCollector.execute(ThrowableCollector.java:73)
	org.junit.platform.engine.support.hierarchical.NodeTestTask.lambda$executeRecursively$7(NodeTestTask.java:125)
	org.junit.platform.engine.support.hierarchical.Node.around(Node.java:135)
	org.junit.platform.engine.support.hierarchical.NodeTestTask.lambda$executeRecursively$8(NodeTestTask.java:123)
	org.junit.platform.engine.support.hierarchical.ThrowableCollector.execute(ThrowableCollector.java:73)
	org.junit.platform.engine.support.hierarchical.NodeTestTask.executeRecursively(NodeTestTask.java:122)
	org.junit.platform.engine.support.hierarchical.NodeTestTask.execute(NodeTestTask.java:80)
	org.junit.platform.engine.support.hierarchical.SameThreadHierarchicalTestExecutorService.submit(SameThreadHierarchicalTestExecutorService.java:32)
	org.junit.platform.engine.support.hierarchical.HierarchicalTestExecutor.execute(HierarchicalTestExecutor.java:57)
	org.junit.platform.engine.support.hierarchical.HierarchicalTestEngine.execute(HierarchicalTestEngine.java:51)
	org.junit.platform.launcher.core.EngineExecutionOrchestrator.execute(EngineExecutionOrchestrator.java:108)
	org.junit.platform.launcher.core.EngineExecutionOrchestrator.execute(EngineExecutionOrchestrator.java:88)
	org.junit.platform.launcher.core.EngineExecutionOrchestrator.lambda$execute$0(EngineExecutionOrchestrator.java:54)
	org.junit.platform.launcher.core.EngineExecutionOrchestrator.withInterceptedStreams(EngineExecutionOrchestrator.java:67)
	org.junit.platform.launcher.core.EngineExecutionOrchestrator.execute(EngineExecutionOrchestrator.java:52)
	org.junit.platform.launcher.core.DefaultLauncher.execute(DefaultLauncher.java:96)
	org.junit.platform.launcher.core.DefaultLauncher.execute(DefaultLauncher.java:75)
	org.gradle.api.internal.tasks.testing.junitplatform.JUnitPlatformTestClassProcessor$CollectAllTestClassesExecutor.processAllTestClasses(JUnitPlatformTestClassProcessor.java:99)
	org.gradle.api.internal.tasks.testing.junitplatform.JUnitPlatformTestClassProcessor$CollectAllTestClassesExecutor.access$000(JUnitPlatformTestClassProcessor.java:79)
	org.gradle.api.internal.tasks.testing.junitplatform.JUnitPlatformTestClassProcessor.stop(JUnitPlatformTestClassProcessor.java:75)
	org.gradle.api.internal.tasks.testing.SuiteTestClassProcessor.stop(SuiteTestClassProcessor.java:61)
	java.base/jdk.internal.reflect.NativeMethodAccessorImpl.invoke0(Native Method)
	java.base/jdk.internal.reflect.NativeMethodAccessorImpl.invoke(NativeMethodAccessorImpl.java:78)
	java.base/jdk.internal.reflect.DelegatingMethodAccessorImpl.invoke(DelegatingMethodAccessorImpl.java:43)
	java.base/java.lang.reflect.Method.invoke(Method.java:567)
	org.gradle.internal.dispatch.ReflectionDispatch.dispatch(ReflectionDispatch.java:36)
	org.gradle.internal.dispatch.ReflectionDispatch.dispatch(ReflectionDispatch.java:24)
	org.gradle.internal.dispatch.ContextClassLoaderDispatch.dispatch(ContextClassLoaderDispatch.java:33)
	org.gradle.internal.dispatch.ProxyDispatchAdapter$DispatchingInvocationHandler.invoke(ProxyDispatchAdapter.java:94)
	jdk.proxy1/jdk.proxy1.$Proxy2.stop(Unknown Source)
	org.gradle.api.internal.tasks.testing.worker.TestWorker$3.run(TestWorker.java:193)
	org.gradle.api.internal.tasks.testing.worker.TestWorker.executeAndMaintainThreadName(TestWorker.java:129)
	org.gradle.api.internal.tasks.testing.worker.TestWorker.execute(TestWorker.java:100)
	org.gradle.api.internal.tasks.testing.worker.TestWorker.execute(TestWorker.java:60)
	org.gradle.process.internal.worker.child.ActionExecutionWorker.execute(ActionExecutionWorker.java:56)
	org.gradle.process.internal.worker.child.SystemApplicationClassLoaderWorker.call(SystemApplicationClassLoaderWorker.java:133)
	org.gradle.process.internal.worker.child.SystemApplicationClassLoaderWorker.call(SystemApplicationClassLoaderWorker.java:71)
	worker.org.gradle.process.internal.worker.GradleWorkerMain.run(GradleWorkerMain.java:69)
	worker.org.gradle.process.internal.worker.GradleWorkerMain.main(GradleWorkerMain.java:74)

	at app//com.github.kittinunf.fuel.core.FuelError$Companion.wrap(FuelError.kt:86)
	at app//com.github.kittinunf.fuel.core.DeserializableKt.response(Deserializable.kt:177)
Caused by: com.fasterxml.jackson.module.kotlin.MissingKotlinParameterException: Instantiation of [simple type, class au.com.firemarklabs.nt.Note] value failed for JSON property content due to missing (therefore NULL) value for creator parameter content which is a non-nullable type
 at [Source: (BufferedInputStream); line: 1, column: 109] (through reference chain: au.com.firemarklabs.nt.Note[&quot;content&quot;])
	at app//com.fasterxml.jackson.module.kotlin.KotlinValueInstantiator.createFromObjectWith(KotlinValueInstantiator.kt:107)
	at app//com.fasterxml.jackson.databind.deser.impl.PropertyBasedCreator.build(PropertyBasedCreator.java:195)
	at app//com.fasterxml.jackson.databind.deser.BeanDeserializer._deserializeUsingPropertyBased(BeanDeserializer.java:488)
	at app//com.fasterxml.jackson.databind.deser.BeanDeserializerBase.deserializeFromObjectUsingNonDefault(BeanDeserializerBase.java:1287)
	at app//com.fasterxml.jackson.databind.deser.BeanDeserializer.deserializeFromObject(BeanDeserializer.java:326)
	at app//com.fasterxml.jackson.databind.deser.BeanDeserializer.deserialize(BeanDeserializer.java:159)
	at app//com.fasterxml.jackson.databind.ObjectMapper._readMapAndClose(ObjectMapper.java:4013)
	at app//com.fasterxml.jackson.databind.ObjectMapper.readValue(ObjectMapper.java:3077)
	at app//au.com.firemarklabs.nt.NTClient$insert$$inlined$responseObject$1.deserialize(FuelJackson.kt:59)
	at app//com.github.kittinunf.fuel.core.ResponseDeserializable$DefaultImpls.deserialize(Deserializable.kt:39)
	at app//au.com.firemarklabs.nt.NTClient$insert$$inlined$responseObject$1.deserialize(FuelJackson.kt:36)
	at app//com.github.kittinunf.fuel.core.DeserializableKt.response(Deserializable.kt:176)
	at app//au.com.firemarklabs.nt.NTClient.insert(NTClient.kt:103)
	at app//au.com.firemarklabs.nt.NtClientTest.create a note and update it(NtClientTest.kt:47)
	at java.base@16.0.1/jdk.internal.reflect.NativeMethodAccessorImpl.invoke0(Native Method)
	at java.base@16.0.1/jdk.internal.reflect.NativeMethodAccessorImpl.invoke(NativeMethodAccessorImpl.java:78)
	at java.base@16.0.1/jdk.internal.reflect.DelegatingMethodAccessorImpl.invoke(DelegatingMethodAccessorImpl.java:43)
	at java.base@16.0.1/java.lang.reflect.Method.invoke(Method.java:567)
	at app//org.junit.platform.commons.util.ReflectionUtils.invokeMethod(ReflectionUtils.java:686)
	at app//org.junit.jupiter.engine.execution.MethodInvocation.proceed(MethodInvocation.java:60)
	at app//org.junit.jupiter.engine.execution.InvocationInterceptorChain$ValidatingInvocation.proceed(InvocationInterceptorChain.java:131)
	at app//org.junit.jupiter.engine.extension.TimeoutExtension.intercept(TimeoutExtension.java:149)
	at app//org.junit.jupiter.engine.extension.TimeoutExtension.interceptTestableMethod(TimeoutExtension.java:140)
	at app//org.junit.jupiter.engine.extension.TimeoutExtension.interceptTestMethod(TimeoutExtension.java:84)
	at app//org.junit.jupiter.engine.execution.ExecutableInvoker$ReflectiveInterceptorCall.lambda$ofVoidMethod$0(ExecutableInvoker.java:115)
	at app//org.junit.jupiter.engine.execution.ExecutableInvoker.lambda$invoke$0(ExecutableInvoker.java:105)
	at app//org.junit.jupiter.engine.execution.InvocationInterceptorChain$InterceptedInvocation.proceed(InvocationInterceptorChain.java:106)
	at app//org.junit.jupiter.engine.execution.InvocationInterceptorChain.proceed(InvocationInterceptorChain.java:64)
	at app//org.junit.jupiter.engine.execution.InvocationInterceptorChain.chainAndInvoke(InvocationInterceptorChain.java:45)
	at app//org.junit.jupiter.engine.execution.InvocationInterceptorChain.invoke(InvocationInterceptorChain.java:37)
	at app//org.junit.jupiter.engine.execution.ExecutableInvoker.invoke(ExecutableInvoker.java:104)
	at app//org.junit.jupiter.engine.execution.ExecutableInvoker.invoke(ExecutableInvoker.java:98)
	at app//org.junit.jupiter.engine.descriptor.TestMethodTestDescriptor.lambda$invokeTestMethod$6(TestMethodTestDescriptor.java:212)
	at app//org.junit.platform.engine.support.hierarchical.ThrowableCollector.execute(ThrowableCollector.java:73)
	at app//org.junit.jupiter.engine.descriptor.TestMethodTestDescriptor.invokeTestMethod(TestMethodTestDescriptor.java:208)
	at app//org.junit.jupiter.engine.descriptor.TestMethodTestDescriptor.execute(TestMethodTestDescriptor.java:137)
	at app//org.junit.jupiter.engine.descriptor.TestMethodTestDescriptor.execute(TestMethodTestDescriptor.java:71)
	at app//org.junit.platform.engine.support.hierarchical.NodeTestTask.lambda$executeRecursively$5(NodeTestTask.java:135)
	at app//org.junit.platform.engine.support.hierarchical.ThrowableCollector.execute(ThrowableCollector.java:73)
	at app//org.junit.platform.engine.support.hierarchical.NodeTestTask.lambda$executeRecursively$7(NodeTestTask.java:125)
	at app//org.junit.platform.engine.support.hierarchical.Node.around(Node.java:135)
	at app//org.junit.platform.engine.support.hierarchical.NodeTestTask.lambda$executeRecursively$8(NodeTestTask.java:123)
	at app//org.junit.platform.engine.support.hierarchical.ThrowableCollector.execute(ThrowableCollector.java:73)
	at app//org.junit.platform.engine.support.hierarchical.NodeTestTask.executeRecursively(NodeTestTask.java:122)
	at app//org.junit.platform.engine.support.hierarchical.NodeTestTask.execute(NodeTestTask.java:80)
	at java.base@16.0.1/java.util.ArrayList.forEach(ArrayList.java:1511)
	at app//org.junit.platform.engine.support.hierarchical.SameThreadHierarchicalTestExecutorService.invokeAll(SameThreadHierarchicalTestExecutorService.java:38)
	at app//org.junit.platform.engine.support.hierarchical.NodeTestTask.lambda$executeRecursively$5(NodeTestTask.java:139)
	at app//org.junit.platform.engine.support.hierarchical.ThrowableCollector.execute(ThrowableCollector.java:73)
	at app//org.junit.platform.engine.support.hierarchical.NodeTestTask.lambda$executeRecursively$7(NodeTestTask.java:125)
	at app//org.junit.platform.engine.support.hierarchical.Node.around(Node.java:135)
	at app//org.junit.platform.engine.support.hierarchical.NodeTestTask.lambda$executeRecursively$8(NodeTestTask.java:123)
	at app//org.junit.platform.engine.support.hierarchical.ThrowableCollector.execute(ThrowableCollector.java:73)
	at app//org.junit.platform.engine.support.hierarchical.NodeTestTask.executeRecursively(NodeTestTask.java:122)
	at app//org.junit.platform.engine.support.hierarchical.NodeTestTask.execute(NodeTestTask.java:80)
	at java.base@16.0.1/java.util.ArrayList.forEach(ArrayList.java:1511)
	at app//org.junit.platform.engine.support.hierarchical.SameThreadHierarchicalTestExecutorService.invokeAll(SameThreadHierarchicalTestExecutorService.java:38)
	at app//org.junit.platform.engine.support.hierarchical.NodeTestTask.lambda$executeRecursively$5(NodeTestTask.java:139)
	at app//org.junit.platform.engine.support.hierarchical.ThrowableCollector.execute(ThrowableCollector.java:73)
	at app//org.junit.platform.engine.support.hierarchical.NodeTestTask.lambda$executeRecursively$7(NodeTestTask.java:125)
	at app//org.junit.platform.engine.support.hierarchical.Node.around(Node.java:135)
	at app//org.junit.platform.engine.support.hierarchical.NodeTestTask.lambda$executeRecursively$8(NodeTestTask.java:123)
	at app//org.junit.platform.engine.support.hierarchical.ThrowableCollector.execute(ThrowableCollector.java:73)
	at app//org.junit.platform.engine.support.hierarchical.NodeTestTask.executeRecursively(NodeTestTask.java:122)
	at app//org.junit.platform.engine.support.hierarchical.NodeTestTask.execute(NodeTestTask.java:80)
	at app//org.junit.platform.engine.support.hierarchical.SameThreadHierarchicalTestExecutorService.submit(SameThreadHierarchicalTestExecutorService.java:32)
	at app//org.junit.platform.engine.support.hierarchical.HierarchicalTestExecutor.execute(HierarchicalTestExecutor.java:57)
	at app//org.junit.platform.engine.support.hierarchical.HierarchicalTestEngine.execute(HierarchicalTestEngine.java:51)
	at org.junit.platform.launcher.core.EngineExecutionOrchestrator.execute(EngineExecutionOrchestrator.java:108)
	at org.junit.platform.launcher.core.EngineExecutionOrchestrator.execute(EngineExecutionOrchestrator.java:88)
	at org.junit.platform.launcher.core.EngineExecutionOrchestrator.lambda$execute$0(EngineExecutionOrchestrator.java:54)
	at org.junit.platform.launcher.core.EngineExecutionOrchestrator.withInterceptedStreams(EngineExecutionOrchestrator.java:67)
	at org.junit.platform.launcher.core.EngineExecutionOrchestrator.execute(EngineExecutionOrchestrator.java:52)
	at org.junit.platform.launcher.core.DefaultLauncher.execute(DefaultLauncher.java:96)
	at org.junit.platform.launcher.core.DefaultLauncher.execute(DefaultLauncher.java:75)
	at org.gradle.api.internal.tasks.testing.junitplatform.JUnitPlatformTestClassProcessor$CollectAllTestClassesExecutor.processAllTestClasses(JUnitPlatformTestClassProcessor.java:99)
	at org.gradle.api.internal.tasks.testing.junitplatform.JUnitPlatformTestClassProcessor$CollectAllTestClassesExecutor.access$000(JUnitPlatformTestClassProcessor.java:79)
	at org.gradle.api.internal.tasks.testing.junitplatform.JUnitPlatformTestClassProcessor.stop(JUnitPlatformTestClassProcessor.java:75)
	at org.gradle.api.internal.tasks.testing.SuiteTestClassProcessor.stop(SuiteTestClassProcessor.java:61)
	at java.base@16.0.1/jdk.internal.reflect.NativeMethodAccessorImpl.invoke0(Native Method)
	at java.base@16.0.1/jdk.internal.reflect.NativeMethodAccessorImpl.invoke(NativeMethodAccessorImpl.java:78)
	at java.base@16.0.1/jdk.internal.reflect.DelegatingMethodAccessorImpl.invoke(DelegatingMethodAccessorImpl.java:43)
	at java.base@16.0.1/java.lang.reflect.Method.invoke(Method.java:567)
	at org.gradle.internal.dispatch.ReflectionDispatch.dispatch(ReflectionDispatch.java:36)
	at org.gradle.internal.dispatch.ReflectionDispatch.dispatch(ReflectionDispatch.java:24)
	at org.gradle.internal.dispatch.ContextClassLoaderDispatch.dispatch(ContextClassLoaderDispatch.java:33)
	at org.gradle.internal.dispatch.ProxyDispatchAdapter$DispatchingInvocationHandler.invoke(ProxyDispatchAdapter.java:94)
	at jdk.proxy1/jdk.proxy1.$Proxy2.stop(Unknown Source)
	at org.gradle.api.internal.tasks.testing.worker.TestWorker$3.run(TestWorker.java:193)
	at org.gradle.api.internal.tasks.testing.worker.TestWorker.executeAndMaintainThreadName(TestWorker.java:129)
	at org.gradle.api.internal.tasks.testing.worker.TestWorker.execute(TestWorker.java:100)
	at org.gradle.api.internal.tasks.testing.worker.TestWorker.execute(TestWorker.java:60)
	at org.gradle.process.internal.worker.child.ActionExecutionWorker.execute(ActionExecutionWorker.java:56)
	at org.gradle.process.internal.worker.child.SystemApplicationClassLoaderWorker.call(SystemApplicationClassLoaderWorker.java:133)
	at org.gradle.process.internal.worker.child.SystemApplicationClassLoaderWorker.call(SystemApplicationClassLoaderWorker.java:71)
	at app//worker.org.gradle.process.internal.worker.GradleWorkerMain.run(GradleWorkerMain.java:69)
	at app//worker.org.gradle.process.internal.worker.GradleWorkerMain.main(GradleWorkerMain.java:74)
</failure>
  </testcase>
  <testcase name="insert 10K notes()" classname="au.com.firemarklabs.nt.NtClientTest" time="0.031">
    <failure message="Instantiation of [simple type, class au.com.firemarklabs.nt.Note] value failed for JSON property content due to missing (therefore NULL) value for creator parameter content which is a non-nullable type&#10; at [Source: (BufferedInputStream); line: 1, column: 111] (through reference chain: au.com.firemarklabs.nt.Note[&quot;content&quot;])&#13;&#10;&#9;com.github.kittinunf.fuel.core.FuelError$Companion.wrap(FuelError.kt:86)&#10;&#9;com.github.kittinunf.fuel.core.DeserializableKt.response(Deserializable.kt:177)&#10;Caused by: com.fasterxml.jackson.module.kotlin.MissingKotlinParameterException: Instantiation of [simple type, class au.com.firemarklabs.nt.Note] value failed for JSON property content due to missing (therefore NULL) value for creator parameter content which is a non-nullable type&#10; at [Source: (BufferedInputStream); line: 1, column: 111] (through reference chain: au.com.firemarklabs.nt.Note[&quot;content&quot;])&#10;&#9;com.fasterxml.jackson.module.kotlin.KotlinValueInstantiator.createFromObjectWith(KotlinValueInstantiator.kt:107)&#10;&#9;com.fasterxml.jackson.databind.deser.impl.PropertyBasedCreator.build(PropertyBasedCreator.java:195)&#10;&#9;com.fasterxml.jackson.databind.deser.BeanDeserializer._deserializeUsingPropertyBased(BeanDeserializer.java:488)&#10;&#9;com.fasterxml.jackson.databind.deser.BeanDeserializerBase.deserializeFromObjectUsingNonDefault(BeanDeserializerBase.java:1287)&#10;&#9;com.fasterxml.jackson.databind.deser.BeanDeserializer.deserializeFromObject(BeanDeserializer.java:326)&#10;&#9;com.fasterxml.jackson.databind.deser.BeanDeserializer.deserialize(BeanDeserializer.java:159)&#10;&#9;com.fasterxml.jackson.databind.ObjectMapper._readMapAndClose(ObjectMapper.java:4013)&#10;&#9;com.fasterxml.jackson.databind.ObjectMapper.readValue(ObjectMapper.java:3077)&#10;&#9;au.com.firemarklabs.nt.NTClient$insert$$inlined$responseObject$1.deserialize(FuelJackson.kt:59)&#10;&#9;com.github.kittinunf.fuel.core.ResponseDeserializable$DefaultImpls.deserialize(Deserializable.kt:39)&#10;&#9;au.com.firemarklabs.nt.NTClient$insert$$inlined$responseObject$1.deserialize(FuelJackson.kt:36)&#10;&#9;com.github.kittinunf.fuel.core.DeserializableKt.response(Deserializable.kt:176)&#10;&#9;au.com.firemarklabs.nt.NTClient.insert(NTClient.kt:103)&#10;&#9;au.com.firemarklabs.nt.NtClientTest.insert 10K notes(NtClientTest.kt:85)&#10;&#9;java.base/jdk.internal.reflect.NativeMethodAccessorImpl.invoke0(Native Method)&#10;&#9;java.base/jdk.internal.reflect.NativeMethodAccessorImpl.invoke(NativeMethodAccessorImpl.java:78)&#10;&#9;java.base/jdk.internal.reflect.DelegatingMethodAccessorImpl.invoke(DelegatingMethodAccessorImpl.java:43)&#10;&#9;java.base/java.lang.reflect.Method.invoke(Method.java:567)&#10;&#9;org.junit.platform.commons.util.ReflectionUtils.invokeMethod(ReflectionUtils.java:686)&#10;&#9;org.junit.jupiter.engine.execution.MethodInvocation.proceed(MethodInvocation.java:60)&#10;&#9;org.junit.jupiter.engine.execution.InvocationInterceptorChain$ValidatingInvocation.proceed(InvocationInterceptorChain.java:131)&#10;&#9;org.junit.jupiter.engine.extension.TimeoutExtension.intercept(TimeoutExtension.java:149)&#10;&#9;org.junit.jupiter.engine.extension.TimeoutExtension.interceptTestableMethod(TimeoutExtension.java:140)&#10;&#9;org.junit.jupiter.engine.extension.TimeoutExtension.interceptTestMethod(TimeoutExtension.java:84)&#10;&#9;org.junit.jupiter.engine.execution.ExecutableInvoker$ReflectiveInterceptorCall.lambda$ofVoidMethod$0(ExecutableInvoker.java:115)&#10;&#9;org.junit.jupiter.engine.execution.ExecutableInvoker.lambda$invoke$0(ExecutableInvoker.java:105)&#10;&#9;org.junit.jupiter.engine.execution.InvocationInterceptorChain$InterceptedInvocation.proceed(InvocationInterceptorChain.java:106)&#10;&#9;org.junit.jupiter.engine.execution.InvocationInterceptorChain.proceed(InvocationInterceptorChain.java:64)&#10;&#9;org.junit.jupiter.engine.execution.InvocationInterceptorChain.chainAndInvoke(InvocationInterceptorChain.java:45)&#10;&#9;org.junit.jupiter.engine.execution.InvocationInterceptorChain.invoke(InvocationInterceptorChain.java:37)&#10;&#9;org.junit.jupiter.engine.execution.ExecutableInvoker.invoke(ExecutableInvoker.java:104)&#10;&#9;org.junit.jupiter.engine.execution.ExecutableInvoker.invoke(ExecutableInvoker.java:98)&#10;&#9;org.junit.jupiter.engine.descriptor.TestMethodTestDescriptor.lambda$invokeTestMethod$6(TestMethodTestDescriptor.java:212)&#10;&#9;org.junit.platform.engine.support.hierarchical.ThrowableCollector.execute(ThrowableCollector.java:73)&#10;&#9;org.junit.jupiter.engine.descriptor.TestMethodTestDescriptor.invokeTestMethod(TestMethodTestDescriptor.java:208)&#10;&#9;org.junit.jupiter.engine.descriptor.TestMethodTestDescriptor.execute(TestMethodTestDescriptor.java:137)&#10;&#9;org.junit.jupiter.engine.descriptor.TestMethodTestDescriptor.execute(TestMethodTestDescriptor.java:71)&#10;&#9;org.junit.platform.engine.support.hierarchical.NodeTestTask.lambda$executeRecursively$5(NodeTestTask.java:135)&#10;&#9;org.junit.platform.engine.support.hierarchical.ThrowableCollector.execute(ThrowableCollector.java:73)&#10;&#9;org.junit.platform.engine.support.hierarchical.NodeTestTask.lambda$executeRecursively$7(NodeTestTask.java:125)&#10;&#9;org.junit.platform.engine.support.hierarchical.Node.around(Node.java:135)&#10;&#9;org.junit.platform.engine.support.hierarchical.NodeTestTask.lambda$executeRecursively$8(NodeTestTask.java:123)&#10;&#9;org.junit.platform.engine.support.hierarchical.ThrowableCollector.execute(ThrowableCollector.java:73)&#10;&#9;org.junit.platform.engine.support.hierarchical.NodeTestTask.executeRecursively(NodeTestTask.java:122)&#10;&#9;org.junit.platform.engine.support.hierarchical.NodeTestTask.execute(NodeTestTask.java:80)&#10;&#9;java.base/java.util.ArrayList.forEach(ArrayList.java:1511)&#10;&#9;org.junit.platform.engine.support.hierarchical.SameThreadHierarchicalTestExecutorService.invokeAll(SameThreadHierarchicalTestExecutorService.java:38)&#10;&#9;org.junit.platform.engine.support.hierarchical.NodeTestTask.lambda$executeRecursively$5(NodeTestTask.java:139)&#10;&#9;org.junit.platform.engine.support.hierarchical.ThrowableCollector.execute(ThrowableCollector.java:73)&#10;&#9;org.junit.platform.engine.support.hierarchical.NodeTestTask.lambda$executeRecursively$7(NodeTestTask.java:125)&#10;&#9;org.junit.platform.engine.support.hierarchical.Node.around(Node.java:135)&#10;&#9;org.junit.platform.engine.support.hierarchical.NodeTestTask.lambda$executeRecursively$8(NodeTestTask.java:123)&#10;&#9;org.junit.platform.engine.support.hierarchical.ThrowableCollector.execute(ThrowableCollector.java:73)&#10;&#9;org.junit.platform.engine.support.hierarchical.NodeTestTask.executeRecursively(NodeTestTask.java:122)&#10;&#9;org.junit.platform.engine.support.hierarchical.NodeTestTask.execute(NodeTestTask.java:80)&#10;&#9;java.base/java.util.ArrayList.forEach(ArrayList.java:1511)&#10;&#9;org.junit.platform.engine.support.hierarchical.SameThreadHierarchicalTestExecutorService.invokeAll(SameThreadHierarchicalTestExecutorService.java:38)&#10;&#9;org.junit.platform.engine.support.hierarchical.NodeTestTask.lambda$executeRecursively$5(NodeTestTask.java:139)&#10;&#9;org.junit.platform.engine.support.hierarchical.ThrowableCollector.execute(ThrowableCollector.java:73)&#10;&#9;org.junit.platform.engine.support.hierarchical.NodeTestTask.lambda$executeRecursively$7(NodeTestTask.java:125)&#10;&#9;org.junit.platform.engine.support.hierarchical.Node.around(Node.java:135)&#10;&#9;org.junit.platform.engine.support.hierarchical.NodeTestTask.lambda$executeRecursively$8(NodeTestTask.java:123)&#10;&#9;org.junit.platform.engine.support.hierarchical.ThrowableCollector.execute(ThrowableCollector.java:73)&#10;&#9;org.junit.platform.engine.support.hierarchical.NodeTestTask.executeRecursively(NodeTestTask.java:122)&#10;&#9;org.junit.platform.engine.support.hierarchical.NodeTestTask.execute(NodeTestTask.java:80)&#10;&#9;org.junit.platform.engine.support.hierarchical.SameThreadHierarchicalTestExecutorService.submit(SameThreadHierarchicalTestExecutorService.java:32)&#10;&#9;org.junit.platform.engine.support.hierarchical.HierarchicalTestExecutor.execute(HierarchicalTestExecutor.java:57)&#10;&#9;org.junit.platform.engine.support.hierarchical.HierarchicalTestEngine.execute(HierarchicalTestEngine.java:51)&#10;&#9;org.junit.platform.launcher.core.EngineExecutionOrchestrator.execute(EngineExecutionOrchestrator.java:108)&#10;&#9;org.junit.platform.launcher.core.EngineExecutionOrchestrator.execute(EngineExecutionOrchestrator.java:88)&#10;&#9;org.junit.platform.launcher.core.EngineExecutionOrchestrator.lambda$execute$0(EngineExecutionOrchestrator.java:54)&#10;&#9;org.junit.platform.launcher.core.EngineExecutionOrchestrator.withInterceptedStreams(EngineExecutionOrchestrator.java:67)&#10;&#9;org.junit.platform.launcher.core.EngineExecutionOrchestrator.execute(EngineExecutionOrchestrator.java:52)&#10;&#9;org.junit.platform.launcher.core.DefaultLauncher.execute(DefaultLauncher.java:96)&#10;&#9;org.junit.platform.launcher.core.DefaultLauncher.execute(DefaultLauncher.java:75)&#10;&#9;org.gradle.api.internal.tasks.testing.junitplatform.JUnitPlatformTestClassProcessor$CollectAllTestClassesExecutor.processAllTestClasses(JUnitPlatformTestClassProcessor.java:99)&#10;&#9;org.gradle.api.internal.tasks.testing.junitplatform.JUnitPlatformTestClassProcessor$CollectAllTestClassesExecutor.access$000(JUnitPlatformTestClassProcessor.java:79)&#10;&#9;org.gradle.api.internal.tasks.testing.junitplatform.JUnitPlatformTestClassProcessor.stop(JUnitPlatformTestClassProcessor.java:75)&#10;&#9;org.gradle.api.internal.tasks.testing.SuiteTestClassProcessor.stop(SuiteTestClassProcessor.java:61)&#10;&#9;java.base/jdk.internal.reflect.NativeMethodAccessorImpl.invoke0(Native Method)&#10;&#9;java.base/jdk.internal.reflect.NativeMethodAccessorImpl.invoke(NativeMethodAccessorImpl.java:78)&#10;&#9;java.base/jdk.internal.reflect.DelegatingMethodAccessorImpl.invoke(DelegatingMethodAccessorImpl.java:43)&#10;&#9;java.base/java.lang.reflect.Method.invoke(Method.java:567)&#10;&#9;org.gradle.internal.dispatch.ReflectionDispatch.dispatch(ReflectionDispatch.java:36)&#10;&#9;org.gradle.internal.dispatch.ReflectionDispatch.dispatch(ReflectionDispatch.java:24)&#10;&#9;org.gradle.internal.dispatch.ContextClassLoaderDispatch.dispatch(ContextClassLoaderDispatch.java:33)&#10;&#9;org.gradle.internal.dispatch.ProxyDispatchAdapter$DispatchingInvocationHandler.invoke(ProxyDispatchAdapter.java:94)&#10;&#9;jdk.proxy1/jdk.proxy1.$Proxy2.stop(Unknown Source)&#10;&#9;org.gradle.api.internal.tasks.testing.worker.TestWorker$3.run(TestWorker.java:193)&#10;&#9;org.gradle.api.internal.tasks.testing.worker.TestWorker.executeAndMaintainThreadName(TestWorker.java:129)&#10;&#9;org.gradle.api.internal.tasks.testing.worker.TestWorker.execute(TestWorker.java:100)&#10;&#9;org.gradle.api.internal.tasks.testing.worker.TestWorker.execute(TestWorker.java:60)&#10;&#9;org.gradle.process.internal.worker.child.ActionExecutionWorker.execute(ActionExecutionWorker.java:56)&#10;&#9;org.gradle.process.internal.worker.child.SystemApplicationClassLoaderWorker.call(SystemApplicationClassLoaderWorker.java:133)&#10;&#9;org.gradle.process.internal.worker.child.SystemApplicationClassLoaderWorker.call(SystemApplicationClassLoaderWorker.java:71)&#10;&#9;worker.org.gradle.process.internal.worker.GradleWorkerMain.run(GradleWorkerMain.java:69)&#10;&#9;worker.org.gradle.process.internal.worker.GradleWorkerMain.main(GradleWorkerMain.java:74)&#10;" type="com.github.kittinunf.fuel.core.FuelError">Instantiation of [simple type, class au.com.firemarklabs.nt.Note] value failed for JSON property content due to missing (therefore NULL) value for creator parameter content which is a non-nullable type
 at [Source: (BufferedInputStream); line: 1, column: 111] (through reference chain: au.com.firemarklabs.nt.Note[&quot;content&quot;])
	com.github.kittinunf.fuel.core.FuelError$Companion.wrap(FuelError.kt:86)
	com.github.kittinunf.fuel.core.DeserializableKt.response(Deserializable.kt:177)
Caused by: com.fasterxml.jackson.module.kotlin.MissingKotlinParameterException: Instantiation of [simple type, class au.com.firemarklabs.nt.Note] value failed for JSON property content due to missing (therefore NULL) value for creator parameter content which is a non-nullable type
 at [Source: (BufferedInputStream); line: 1, column: 111] (through reference chain: au.com.firemarklabs.nt.Note[&quot;content&quot;])
	com.fasterxml.jackson.module.kotlin.KotlinValueInstantiator.createFromObjectWith(KotlinValueInstantiator.kt:107)
	com.fasterxml.jackson.databind.deser.impl.PropertyBasedCreator.build(PropertyBasedCreator.java:195)
	com.fasterxml.jackson.databind.deser.BeanDeserializer._deserializeUsingPropertyBased(BeanDeserializer.java:488)
	com.fasterxml.jackson.databind.deser.BeanDeserializerBase.deserializeFromObjectUsingNonDefault(BeanDeserializerBase.java:1287)
	com.fasterxml.jackson.databind.deser.BeanDeserializer.deserializeFromObject(BeanDeserializer.java:326)
	com.fasterxml.jackson.databind.deser.BeanDeserializer.deserialize(BeanDeserializer.java:159)
	com.fasterxml.jackson.databind.ObjectMapper._readMapAndClose(ObjectMapper.java:4013)
	com.fasterxml.jackson.databind.ObjectMapper.readValue(ObjectMapper.java:3077)
	au.com.firemarklabs.nt.NTClient$insert$$inlined$responseObject$1.deserialize(FuelJackson.kt:59)
	com.github.kittinunf.fuel.core.ResponseDeserializable$DefaultImpls.deserialize(Deserializable.kt:39)
	au.com.firemarklabs.nt.NTClient$insert$$inlined$responseObject$1.deserialize(FuelJackson.kt:36)
	com.github.kittinunf.fuel.core.DeserializableKt.response(Deserializable.kt:176)
	au.com.firemarklabs.nt.NTClient.insert(NTClient.kt:103)
	au.com.firemarklabs.nt.NtClientTest.insert 10K notes(NtClientTest.kt:85)
	java.base/jdk.internal.reflect.NativeMethodAccessorImpl.invoke0(Native Method)
	java.base/jdk.internal.reflect.NativeMethodAccessorImpl.invoke(NativeMethodAccessorImpl.java:78)
	java.base/jdk.internal.reflect.DelegatingMethodAccessorImpl.invoke(DelegatingMethodAccessorImpl.java:43)
	java.base/java.lang.reflect.Method.invoke(Method.java:567)
	org.junit.platform.commons.util.ReflectionUtils.invokeMethod(ReflectionUtils.java:686)
	org.junit.jupiter.engine.execution.MethodInvocation.proceed(MethodInvocation.java:60)
	org.junit.jupiter.engine.execution.InvocationInterceptorChain$ValidatingInvocation.proceed(InvocationInterceptorChain.java:131)
	org.junit.jupiter.engine.extension.TimeoutExtension.intercept(TimeoutExtension.java:149)
	org.junit.jupiter.engine.extension.TimeoutExtension.interceptTestableMethod(TimeoutExtension.java:140)
	org.junit.jupiter.engine.extension.TimeoutExtension.interceptTestMethod(TimeoutExtension.java:84)
	org.junit.jupiter.engine.execution.ExecutableInvoker$ReflectiveInterceptorCall.lambda$ofVoidMethod$0(ExecutableInvoker.java:115)
	org.junit.jupiter.engine.execution.ExecutableInvoker.lambda$invoke$0(ExecutableInvoker.java:105)
	org.junit.jupiter.engine.execution.InvocationInterceptorChain$InterceptedInvocation.proceed(InvocationInterceptorChain.java:106)
	org.junit.jupiter.engine.execution.InvocationInterceptorChain.proceed(InvocationInterceptorChain.java:64)
	org.junit.jupiter.engine.execution.InvocationInterceptorChain.chainAndInvoke(InvocationInterceptorChain.java:45)
	org.junit.jupiter.engine.execution.InvocationInterceptorChain.invoke(InvocationInterceptorChain.java:37)
	org.junit.jupiter.engine.execution.ExecutableInvoker.invoke(ExecutableInvoker.java:104)
	org.junit.jupiter.engine.execution.ExecutableInvoker.invoke(ExecutableInvoker.java:98)
	org.junit.jupiter.engine.descriptor.TestMethodTestDescriptor.lambda$invokeTestMethod$6(TestMethodTestDescriptor.java:212)
	org.junit.platform.engine.support.hierarchical.ThrowableCollector.execute(ThrowableCollector.java:73)
	org.junit.jupiter.engine.descriptor.TestMethodTestDescriptor.invokeTestMethod(TestMethodTestDescriptor.java:208)
	org.junit.jupiter.engine.descriptor.TestMethodTestDescriptor.execute(TestMethodTestDescriptor.java:137)
	org.junit.jupiter.engine.descriptor.TestMethodTestDescriptor.execute(TestMethodTestDescriptor.java:71)
	org.junit.platform.engine.support.hierarchical.NodeTestTask.lambda$executeRecursively$5(NodeTestTask.java:135)
	org.junit.platform.engine.support.hierarchical.ThrowableCollector.execute(ThrowableCollector.java:73)
	org.junit.platform.engine.support.hierarchical.NodeTestTask.lambda$executeRecursively$7(NodeTestTask.java:125)
	org.junit.platform.engine.support.hierarchical.Node.around(Node.java:135)
	org.junit.platform.engine.support.hierarchical.NodeTestTask.lambda$executeRecursively$8(NodeTestTask.java:123)
	org.junit.platform.engine.support.hierarchical.ThrowableCollector.execute(ThrowableCollector.java:73)
	org.junit.platform.engine.support.hierarchical.NodeTestTask.executeRecursively(NodeTestTask.java:122)
	org.junit.platform.engine.support.hierarchical.NodeTestTask.execute(NodeTestTask.java:80)
	java.base/java.util.ArrayList.forEach(ArrayList.java:1511)
	org.junit.platform.engine.support.hierarchical.SameThreadHierarchicalTestExecutorService.invokeAll(SameThreadHierarchicalTestExecutorService.java:38)
	org.junit.platform.engine.support.hierarchical.NodeTestTask.lambda$executeRecursively$5(NodeTestTask.java:139)
	org.junit.platform.engine.support.hierarchical.ThrowableCollector.execute(ThrowableCollector.java:73)
	org.junit.platform.engine.support.hierarchical.NodeTestTask.lambda$executeRecursively$7(NodeTestTask.java:125)
	org.junit.platform.engine.support.hierarchical.Node.around(Node.java:135)
	org.junit.platform.engine.support.hierarchical.NodeTestTask.lambda$executeRecursively$8(NodeTestTask.java:123)
	org.junit.platform.engine.support.hierarchical.ThrowableCollector.execute(ThrowableCollector.java:73)
	org.junit.platform.engine.support.hierarchical.NodeTestTask.executeRecursively(NodeTestTask.java:122)
	org.junit.platform.engine.support.hierarchical.NodeTestTask.execute(NodeTestTask.java:80)
	java.base/java.util.ArrayList.forEach(ArrayList.java:1511)
	org.junit.platform.engine.support.hierarchical.SameThreadHierarchicalTestExecutorService.invokeAll(SameThreadHierarchicalTestExecutorService.java:38)
	org.junit.platform.engine.support.hierarchical.NodeTestTask.lambda$executeRecursively$5(NodeTestTask.java:139)
	org.junit.platform.engine.support.hierarchical.ThrowableCollector.execute(ThrowableCollector.java:73)
	org.junit.platform.engine.support.hierarchical.NodeTestTask.lambda$executeRecursively$7(NodeTestTask.java:125)
	org.junit.platform.engine.support.hierarchical.Node.around(Node.java:135)
	org.junit.platform.engine.support.hierarchical.NodeTestTask.lambda$executeRecursively$8(NodeTestTask.java:123)
	org.junit.platform.engine.support.hierarchical.ThrowableCollector.execute(ThrowableCollector.java:73)
	org.junit.platform.engine.support.hierarchical.NodeTestTask.executeRecursively(NodeTestTask.java:122)
	org.junit.platform.engine.support.hierarchical.NodeTestTask.execute(NodeTestTask.java:80)
	org.junit.platform.engine.support.hierarchical.SameThreadHierarchicalTestExecutorService.submit(SameThreadHierarchicalTestExecutorService.java:32)
	org.junit.platform.engine.support.hierarchical.HierarchicalTestExecutor.execute(HierarchicalTestExecutor.java:57)
	org.junit.platform.engine.support.hierarchical.HierarchicalTestEngine.execute(HierarchicalTestEngine.java:51)
	org.junit.platform.launcher.core.EngineExecutionOrchestrator.execute(EngineExecutionOrchestrator.java:108)
	org.junit.platform.launcher.core.EngineExecutionOrchestrator.execute(EngineExecutionOrchestrator.java:88)
	org.junit.platform.launcher.core.EngineExecutionOrchestrator.lambda$execute$0(EngineExecutionOrchestrator.java:54)
	org.junit.platform.launcher.core.EngineExecutionOrchestrator.withInterceptedStreams(EngineExecutionOrchestrator.java:67)
	org.junit.platform.launcher.core.EngineExecutionOrchestrator.execute(EngineExecutionOrchestrator.java:52)
	org.junit.platform.launcher.core.DefaultLauncher.execute(DefaultLauncher.java:96)
	org.junit.platform.launcher.core.DefaultLauncher.execute(DefaultLauncher.java:75)
	org.gradle.api.internal.tasks.testing.junitplatform.JUnitPlatformTestClassProcessor$CollectAllTestClassesExecutor.processAllTestClasses(JUnitPlatformTestClassProcessor.java:99)
	org.gradle.api.internal.tasks.testing.junitplatform.JUnitPlatformTestClassProcessor$CollectAllTestClassesExecutor.access$000(JUnitPlatformTestClassProcessor.java:79)
	org.gradle.api.internal.tasks.testing.junitplatform.JUnitPlatformTestClassProcessor.stop(JUnitPlatformTestClassProcessor.java:75)
	org.gradle.api.internal.tasks.testing.SuiteTestClassProcessor.stop(SuiteTestClassProcessor.java:61)
	java.base/jdk.internal.reflect.NativeMethodAccessorImpl.invoke0(Native Method)
	java.base/jdk.internal.reflect.NativeMethodAccessorImpl.invoke(NativeMethodAccessorImpl.java:78)
	java.base/jdk.internal.reflect.DelegatingMethodAccessorImpl.invoke(DelegatingMethodAccessorImpl.java:43)
	java.base/java.lang.reflect.Method.invoke(Method.java:567)
	org.gradle.internal.dispatch.ReflectionDispatch.dispatch(ReflectionDispatch.java:36)
	org.gradle.internal.dispatch.ReflectionDispatch.dispatch(ReflectionDispatch.java:24)
	org.gradle.internal.dispatch.ContextClassLoaderDispatch.dispatch(ContextClassLoaderDispatch.java:33)
	org.gradle.internal.dispatch.ProxyDispatchAdapter$DispatchingInvocationHandler.invoke(ProxyDispatchAdapter.java:94)
	jdk.proxy1/jdk.proxy1.$Proxy2.stop(Unknown Source)
	org.gradle.api.internal.tasks.testing.worker.TestWorker$3.run(TestWorker.java:193)
	org.gradle.api.internal.tasks.testing.worker.TestWorker.executeAndMaintainThreadName(TestWorker.java:129)
	org.gradle.api.internal.tasks.testing.worker.TestWorker.execute(TestWorker.java:100)
	org.gradle.api.internal.tasks.testing.worker.TestWorker.execute(TestWorker.java:60)
	org.gradle.process.internal.worker.child.ActionExecutionWorker.execute(ActionExecutionWorker.java:56)
	org.gradle.process.internal.worker.child.SystemApplicationClassLoaderWorker.call(SystemApplicationClassLoaderWorker.java:133)
	org.gradle.process.internal.worker.child.SystemApplicationClassLoaderWorker.call(SystemApplicationClassLoaderWorker.java:71)
	worker.org.gradle.process.internal.worker.GradleWorkerMain.run(GradleWorkerMain.java:69)
	worker.org.gradle.process.internal.worker.GradleWorkerMain.main(GradleWorkerMain.java:74)

	at app//com.github.kittinunf.fuel.core.FuelError$Companion.wrap(FuelError.kt:86)
	at app//com.github.kittinunf.fuel.core.DeserializableKt.response(Deserializable.kt:177)
Caused by: com.fasterxml.jackson.module.kotlin.MissingKotlinParameterException: Instantiation of [simple type, class au.com.firemarklabs.nt.Note] value failed for JSON property content due to missing (therefore NULL) value for creator parameter content which is a non-nullable type
 at [Source: (BufferedInputStream); line: 1, column: 111] (through reference chain: au.com.firemarklabs.nt.Note[&quot;content&quot;])
	at app//com.fasterxml.jackson.module.kotlin.KotlinValueInstantiator.createFromObjectWith(KotlinValueInstantiator.kt:107)
	at app//com.fasterxml.jackson.databind.deser.impl.PropertyBasedCreator.build(PropertyBasedCreator.java:195)
	at app//com.fasterxml.jackson.databind.deser.BeanDeserializer._deserializeUsingPropertyBased(BeanDeserializer.java:488)
	at app//com.fasterxml.jackson.databind.deser.BeanDeserializerBase.deserializeFromObjectUsingNonDefault(BeanDeserializerBase.java:1287)
	at app//com.fasterxml.jackson.databind.deser.BeanDeserializer.deserializeFromObject(BeanDeserializer.java:326)
	at app//com.fasterxml.jackson.databind.deser.BeanDeserializer.deserialize(BeanDeserializer.java:159)
	at app//com.fasterxml.jackson.databind.ObjectMapper._readMapAndClose(ObjectMapper.java:4013)
	at app//com.fasterxml.jackson.databind.ObjectMapper.readValue(ObjectMapper.java:3077)
	at app//au.com.firemarklabs.nt.NTClient$insert$$inlined$responseObject$1.deserialize(FuelJackson.kt:59)
	at app//com.github.kittinunf.fuel.core.ResponseDeserializable$DefaultImpls.deserialize(Deserializable.kt:39)
	at app//au.com.firemarklabs.nt.NTClient$insert$$inlined$responseObject$1.deserialize(FuelJackson.kt:36)
	at app//com.github.kittinunf.fuel.core.DeserializableKt.response(Deserializable.kt:176)
	at app//au.com.firemarklabs.nt.NTClient.insert(NTClient.kt:103)
	at app//au.com.firemarklabs.nt.NtClientTest.insert 10K notes(NtClientTest.kt:85)
	at java.base@16.0.1/jdk.internal.reflect.NativeMethodAccessorImpl.invoke0(Native Method)
	at java.base@16.0.1/jdk.internal.reflect.NativeMethodAccessorImpl.invoke(NativeMethodAccessorImpl.java:78)
	at java.base@16.0.1/jdk.internal.reflect.DelegatingMethodAccessorImpl.invoke(DelegatingMethodAccessorImpl.java:43)
	at java.base@16.0.1/java.lang.reflect.Method.invoke(Method.java:567)
	at app//org.junit.platform.commons.util.ReflectionUtils.invokeMethod(ReflectionUtils.java:686)
	at app//org.junit.jupiter.engine.execution.MethodInvocation.proceed(MethodInvocation.java:60)
	at app//org.junit.jupiter.engine.execution.InvocationInterceptorChain$ValidatingInvocation.proceed(InvocationInterceptorChain.java:131)
	at app//org.junit.jupiter.engine.extension.TimeoutExtension.intercept(TimeoutExtension.java:149)
	at app//org.junit.jupiter.engine.extension.TimeoutExtension.interceptTestableMethod(TimeoutExtension.java:140)
	at app//org.junit.jupiter.engine.extension.TimeoutExtension.interceptTestMethod(TimeoutExtension.java:84)
	at app//org.junit.jupiter.engine.execution.ExecutableInvoker$ReflectiveInterceptorCall.lambda$ofVoidMethod$0(ExecutableInvoker.java:115)
	at app//org.junit.jupiter.engine.execution.ExecutableInvoker.lambda$invoke$0(ExecutableInvoker.java:105)
	at app//org.junit.jupiter.engine.execution.InvocationInterceptorChain$InterceptedInvocation.proceed(InvocationInterceptorChain.java:106)
	at app//org.junit.jupiter.engine.execution.InvocationInterceptorChain.proceed(InvocationInterceptorChain.java:64)
	at app//org.junit.jupiter.engine.execution.InvocationInterceptorChain.chainAndInvoke(InvocationInterceptorChain.java:45)
	at app//org.junit.jupiter.engine.execution.InvocationInterceptorChain.invoke(InvocationInterceptorChain.java:37)
	at app//org.junit.jupiter.engine.execution.ExecutableInvoker.invoke(ExecutableInvoker.java:104)
	at app//org.junit.jupiter.engine.execution.ExecutableInvoker.invoke(ExecutableInvoker.java:98)
	at app//org.junit.jupiter.engine.descriptor.TestMethodTestDescriptor.lambda$invokeTestMethod$6(TestMethodTestDescriptor.java:212)
	at app//org.junit.platform.engine.support.hierarchical.ThrowableCollector.execute(ThrowableCollector.java:73)
	at app//org.junit.jupiter.engine.descriptor.TestMethodTestDescriptor.invokeTestMethod(TestMethodTestDescriptor.java:208)
	at app//org.junit.jupiter.engine.descriptor.TestMethodTestDescriptor.execute(TestMethodTestDescriptor.java:137)
	at app//org.junit.jupiter.engine.descriptor.TestMethodTestDescriptor.execute(TestMethodTestDescriptor.java:71)
	at app//org.junit.platform.engine.support.hierarchical.NodeTestTask.lambda$executeRecursively$5(NodeTestTask.java:135)
	at app//org.junit.platform.engine.support.hierarchical.ThrowableCollector.execute(ThrowableCollector.java:73)
	at app//org.junit.platform.engine.support.hierarchical.NodeTestTask.lambda$executeRecursively$7(NodeTestTask.java:125)
	at app//org.junit.platform.engine.support.hierarchical.Node.around(Node.java:135)
	at app//org.junit.platform.engine.support.hierarchical.NodeTestTask.lambda$executeRecursively$8(NodeTestTask.java:123)
	at app//org.junit.platform.engine.support.hierarchical.ThrowableCollector.execute(ThrowableCollector.java:73)
	at app//org.junit.platform.engine.support.hierarchical.NodeTestTask.executeRecursively(NodeTestTask.java:122)
	at app//org.junit.platform.engine.support.hierarchical.NodeTestTask.execute(NodeTestTask.java:80)
	at java.base@16.0.1/java.util.ArrayList.forEach(ArrayList.java:1511)
	at app//org.junit.platform.engine.support.hierarchical.SameThreadHierarchicalTestExecutorService.invokeAll(SameThreadHierarchicalTestExecutorService.java:38)
	at app//org.junit.platform.engine.support.hierarchical.NodeTestTask.lambda$executeRecursively$5(NodeTestTask.java:139)
	at app//org.junit.platform.engine.support.hierarchical.ThrowableCollector.execute(ThrowableCollector.java:73)
	at app//org.junit.platform.engine.support.hierarchical.NodeTestTask.lambda$executeRecursively$7(NodeTestTask.java:125)
	at app//org.junit.platform.engine.support.hierarchical.Node.around(Node.java:135)
	at app//org.junit.platform.engine.support.hierarchical.NodeTestTask.lambda$executeRecursively$8(NodeTestTask.java:123)
	at app//org.junit.platform.engine.support.hierarchical.ThrowableCollector.execute(ThrowableCollector.java:73)
	at app//org.junit.platform.engine.support.hierarchical.NodeTestTask.executeRecursively(NodeTestTask.java:122)
	at app//org.junit.platform.engine.support.hierarchical.NodeTestTask.execute(NodeTestTask.java:80)
	at java.base@16.0.1/java.util.ArrayList.forEach(ArrayList.java:1511)
	at app//org.junit.platform.engine.support.hierarchical.SameThreadHierarchicalTestExecutorService.invokeAll(SameThreadHierarchicalTestExecutorService.java:38)
	at app//org.junit.platform.engine.support.hierarchical.NodeTestTask.lambda$executeRecursively$5(NodeTestTask.java:139)
	at app//org.junit.platform.engine.support.hierarchical.ThrowableCollector.execute(ThrowableCollector.java:73)
	at app//org.junit.platform.engine.support.hierarchical.NodeTestTask.lambda$executeRecursively$7(NodeTestTask.java:125)
	at app//org.junit.platform.engine.support.hierarchical.Node.around(Node.java:135)
	at app//org.junit.platform.engine.support.hierarchical.NodeTestTask.lambda$executeRecursively$8(NodeTestTask.java:123)
	at app//org.junit.platform.engine.support.hierarchical.ThrowableCollector.execute(ThrowableCollector.java:73)
	at app//org.junit.platform.engine.support.hierarchical.NodeTestTask.executeRecursively(NodeTestTask.java:122)
	at app//org.junit.platform.engine.support.hierarchical.NodeTestTask.execute(NodeTestTask.java:80)
	at app//org.junit.platform.engine.support.hierarchical.SameThreadHierarchicalTestExecutorService.submit(SameThreadHierarchicalTestExecutorService.java:32)
	at app//org.junit.platform.engine.support.hierarchical.HierarchicalTestExecutor.execute(HierarchicalTestExecutor.java:57)
	at app//org.junit.platform.engine.support.hierarchical.HierarchicalTestEngine.execute(HierarchicalTestEngine.java:51)
	at org.junit.platform.launcher.core.EngineExecutionOrchestrator.execute(EngineExecutionOrchestrator.java:108)
	at org.junit.platform.launcher.core.EngineExecutionOrchestrator.execute(EngineExecutionOrchestrator.java:88)
	at org.junit.platform.launcher.core.EngineExecutionOrchestrator.lambda$execute$0(EngineExecutionOrchestrator.java:54)
	at org.junit.platform.launcher.core.EngineExecutionOrchestrator.withInterceptedStreams(EngineExecutionOrchestrator.java:67)
	at org.junit.platform.launcher.core.EngineExecutionOrchestrator.execute(EngineExecutionOrchestrator.java:52)
	at org.junit.platform.launcher.core.DefaultLauncher.execute(DefaultLauncher.java:96)
	at org.junit.platform.launcher.core.DefaultLauncher.execute(DefaultLauncher.java:75)
	at org.gradle.api.internal.tasks.testing.junitplatform.JUnitPlatformTestClassProcessor$CollectAllTestClassesExecutor.processAllTestClasses(JUnitPlatformTestClassProcessor.java:99)
	at org.gradle.api.internal.tasks.testing.junitplatform.JUnitPlatformTestClassProcessor$CollectAllTestClassesExecutor.access$000(JUnitPlatformTestClassProcessor.java:79)
	at org.gradle.api.internal.tasks.testing.junitplatform.JUnitPlatformTestClassProcessor.stop(JUnitPlatformTestClassProcessor.java:75)
	at org.gradle.api.internal.tasks.testing.SuiteTestClassProcessor.stop(SuiteTestClassProcessor.java:61)
	at java.base@16.0.1/jdk.internal.reflect.NativeMethodAccessorImpl.invoke0(Native Method)
	at java.base@16.0.1/jdk.internal.reflect.NativeMethodAccessorImpl.invoke(NativeMethodAccessorImpl.java:78)
	at java.base@16.0.1/jdk.internal.reflect.DelegatingMethodAccessorImpl.invoke(DelegatingMethodAccessorImpl.java:43)
	at java.base@16.0.1/java.lang.reflect.Method.invoke(Method.java:567)
	at org.gradle.internal.dispatch.ReflectionDispatch.dispatch(ReflectionDispatch.java:36)
	at org.gradle.internal.dispatch.ReflectionDispatch.dispatch(ReflectionDispatch.java:24)
	at org.gradle.internal.dispatch.ContextClassLoaderDispatch.dispatch(ContextClassLoaderDispatch.java:33)
	at org.gradle.internal.dispatch.ProxyDispatchAdapter$DispatchingInvocationHandler.invoke(ProxyDispatchAdapter.java:94)
	at jdk.proxy1/jdk.proxy1.$Proxy2.stop(Unknown Source)
	at org.gradle.api.internal.tasks.testing.worker.TestWorker$3.run(TestWorker.java:193)
	at org.gradle.api.internal.tasks.testing.worker.TestWorker.executeAndMaintainThreadName(TestWorker.java:129)
	at org.gradle.api.internal.tasks.testing.worker.TestWorker.execute(TestWorker.java:100)
	at org.gradle.api.internal.tasks.testing.worker.TestWorker.execute(TestWorker.java:60)
	at org.gradle.process.internal.worker.child.ActionExecutionWorker.execute(ActionExecutionWorker.java:56)
	at org.gradle.process.internal.worker.child.SystemApplicationClassLoaderWorker.call(SystemApplicationClassLoaderWorker.java:133)
	at org.gradle.process.internal.worker.child.SystemApplicationClassLoaderWorker.call(SystemApplicationClassLoaderWorker.java:71)
	at app//worker.org.gradle.process.internal.worker.GradleWorkerMain.run(GradleWorkerMain.java:69)
	at app//worker.org.gradle.process.internal.worker.GradleWorkerMain.main(GradleWorkerMain.java:74)
</failure>
  </testcase>
  <testcase name="insert 10K notes in parallel()" classname="au.com.firemarklabs.nt.NtClientTest" time="3.195">
    <failure message="Instantiation of [simple type, class au.com.firemarklabs.nt.Note] value failed for JSON property content due to missing (therefore NULL) value for creator parameter content which is a non-nullable type&#10; at [Source: (String)&quot;{&quot;status&quot;:&quot;success&quot;,&quot;note&quot;:{&quot;tag&quot;:[&quot;performance&quot;],&quot;_id&quot;:&quot;614c1b8aceece30015ab9c39&quot;,&quot;content&quot;:&quot;Note 7&quot;,&quot;__v&quot;:0}}&quot;; line: 1, column: 111] (through reference chain: au.com.firemarklabs.nt.Note[&quot;content&quot;])&#13;&#10;&#9;com.github.kittinunf.fuel.core.FuelError$Companion.wrap(FuelError.kt:86)&#10;&#9;com.github.kittinunf.fuel.core.DeserializableKt.awaitResponse(Deserializable.kt:257)&#10;Caused by: com.fasterxml.jackson.module.kotlin.MissingKotlinParameterException: Instantiation of [simple type, class au.com.firemarklabs.nt.Note] value failed for JSON property content due to missing (therefore NULL) value for creator parameter content which is a non-nullable type&#10; at [Source: (String)&quot;{&quot;status&quot;:&quot;success&quot;,&quot;note&quot;:{&quot;tag&quot;:[&quot;performance&quot;],&quot;_id&quot;:&quot;614c1b8aceece30015ab9c39&quot;,&quot;content&quot;:&quot;Note 7&quot;,&quot;__v&quot;:0}}&quot;; line: 1, column: 111] (through reference chain: au.com.firemarklabs.nt.Note[&quot;content&quot;])&#10;&#9;com.fasterxml.jackson.module.kotlin.KotlinValueInstantiator.createFromObjectWith(KotlinValueInstantiator.kt:107)&#10;&#9;com.fasterxml.jackson.databind.deser.impl.PropertyBasedCreator.build(PropertyBasedCreator.java:195)&#10;&#9;com.fasterxml.jackson.databind.deser.BeanDeserializer._deserializeUsingPropertyBased(BeanDeserializer.java:488)&#10;&#9;com.fasterxml.jackson.databind.deser.BeanDeserializerBase.deserializeFromObjectUsingNonDefault(BeanDeserializerBase.java:1287)&#10;&#9;com.fasterxml.jackson.databind.deser.BeanDeserializer.deserializeFromObject(BeanDeserializer.java:326)&#10;&#9;com.fasterxml.jackson.databind.deser.BeanDeserializer.deserialize(BeanDeserializer.java:159)&#10;&#9;com.fasterxml.jackson.databind.ObjectMapper._readMapAndClose(ObjectMapper.java:4013)&#10;&#9;com.fasterxml.jackson.databind.ObjectMapper.readValue(ObjectMapper.java:3023)&#10;&#9;au.com.firemarklabs.nt.NoteDeserializable.deserialize(NoteDeserializable.kt:12)&#10;&#9;au.com.firemarklabs.nt.NoteDeserializable.deserialize(NoteDeserializable.kt:7)&#10;&#9;com.github.kittinunf.fuel.core.ResponseDeserializable$DefaultImpls.deserialize(Deserializable.kt:43)&#10;&#9;au.com.firemarklabs.nt.NoteDeserializable.deserialize(NoteDeserializable.kt:7)&#10;&#9;au.com.firemarklabs.nt.NoteDeserializable.deserialize(NoteDeserializable.kt:7)&#10;&#9;com.github.kittinunf.fuel.core.DeserializableKt.awaitResponse(Deserializable.kt:256)&#10;&#9;au.com.firemarklabs.nt.NTClient$asyncInsert$$inlined$awaitObjectResponse$1.invokeSuspend(Coroutines.kt:68)&#10;&#9;kotlin.coroutines.jvm.internal.BaseContinuationImpl.resumeWith(ContinuationImpl.kt:33)&#10;&#9;kotlinx.coroutines.DispatchedTask.run(DispatchedTask.kt:56)&#10;&#9;kotlinx.coroutines.scheduling.CoroutineScheduler.runSafely(CoroutineScheduler.kt:561)&#10;&#9;kotlinx.coroutines.scheduling.CoroutineScheduler$Worker.executeTask(CoroutineScheduler.kt:727)&#10;&#9;kotlinx.coroutines.scheduling.CoroutineScheduler$Worker.runWorker(CoroutineScheduler.kt:667)&#10;&#9;kotlinx.coroutines.scheduling.CoroutineScheduler$Worker.run(CoroutineScheduler.kt:655)&#10;" type="com.github.kittinunf.fuel.core.FuelError">Instantiation of [simple type, class au.com.firemarklabs.nt.Note] value failed for JSON property content due to missing (therefore NULL) value for creator parameter content which is a non-nullable type
 at [Source: (String)&quot;{&quot;status&quot;:&quot;success&quot;,&quot;note&quot;:{&quot;tag&quot;:[&quot;performance&quot;],&quot;_id&quot;:&quot;614c1b8aceece30015ab9c39&quot;,&quot;content&quot;:&quot;Note 7&quot;,&quot;__v&quot;:0}}&quot;; line: 1, column: 111] (through reference chain: au.com.firemarklabs.nt.Note[&quot;content&quot;])
	com.github.kittinunf.fuel.core.FuelError$Companion.wrap(FuelError.kt:86)
	com.github.kittinunf.fuel.core.DeserializableKt.awaitResponse(Deserializable.kt:257)
Caused by: com.fasterxml.jackson.module.kotlin.MissingKotlinParameterException: Instantiation of [simple type, class au.com.firemarklabs.nt.Note] value failed for JSON property content due to missing (therefore NULL) value for creator parameter content which is a non-nullable type
 at [Source: (String)&quot;{&quot;status&quot;:&quot;success&quot;,&quot;note&quot;:{&quot;tag&quot;:[&quot;performance&quot;],&quot;_id&quot;:&quot;614c1b8aceece30015ab9c39&quot;,&quot;content&quot;:&quot;Note 7&quot;,&quot;__v&quot;:0}}&quot;; line: 1, column: 111] (through reference chain: au.com.firemarklabs.nt.Note[&quot;content&quot;])
	com.fasterxml.jackson.module.kotlin.KotlinValueInstantiator.createFromObjectWith(KotlinValueInstantiator.kt:107)
	com.fasterxml.jackson.databind.deser.impl.PropertyBasedCreator.build(PropertyBasedCreator.java:195)
	com.fasterxml.jackson.databind.deser.BeanDeserializer._deserializeUsingPropertyBased(BeanDeserializer.java:488)
	com.fasterxml.jackson.databind.deser.BeanDeserializerBase.deserializeFromObjectUsingNonDefault(BeanDeserializerBase.java:1287)
	com.fasterxml.jackson.databind.deser.BeanDeserializer.deserializeFromObject(BeanDeserializer.java:326)
	com.fasterxml.jackson.databind.deser.BeanDeserializer.deserialize(BeanDeserializer.java:159)
	com.fasterxml.jackson.databind.ObjectMapper._readMapAndClose(ObjectMapper.java:4013)
	com.fasterxml.jackson.databind.ObjectMapper.readValue(ObjectMapper.java:3023)
	au.com.firemarklabs.nt.NoteDeserializable.deserialize(NoteDeserializable.kt:12)
	au.com.firemarklabs.nt.NoteDeserializable.deserialize(NoteDeserializable.kt:7)
	com.github.kittinunf.fuel.core.ResponseDeserializable$DefaultImpls.deserialize(Deserializable.kt:43)
	au.com.firemarklabs.nt.NoteDeserializable.deserialize(NoteDeserializable.kt:7)
	au.com.firemarklabs.nt.NoteDeserializable.deserialize(NoteDeserializable.kt:7)
	com.github.kittinunf.fuel.core.DeserializableKt.awaitResponse(Deserializable.kt:256)
	au.com.firemarklabs.nt.NTClient$asyncInsert$$inlined$awaitObjectResponse$1.invokeSuspend(Coroutines.kt:68)
	kotlin.coroutines.jvm.internal.BaseContinuationImpl.resumeWith(ContinuationImpl.kt:33)
	kotlinx.coroutines.DispatchedTask.run(DispatchedTask.kt:56)
	kotlinx.coroutines.scheduling.CoroutineScheduler.runSafely(CoroutineScheduler.kt:561)
	kotlinx.coroutines.scheduling.CoroutineScheduler$Worker.executeTask(CoroutineScheduler.kt:727)
	kotlinx.coroutines.scheduling.CoroutineScheduler$Worker.runWorker(CoroutineScheduler.kt:667)
	kotlinx.coroutines.scheduling.CoroutineScheduler$Worker.run(CoroutineScheduler.kt:655)

	at app//com.github.kittinunf.fuel.core.FuelError$Companion.wrap(FuelError.kt:86)
	at app//com.github.kittinunf.fuel.core.DeserializableKt.awaitResponse(Deserializable.kt:257)
	Suppressed: Instantiation of [simple type, class au.com.firemarklabs.nt.Note] value failed for JSON property content due to missing (therefore NULL) value for creator parameter content which is a non-nullable type
 at [Source: (String)&quot;{&quot;status&quot;:&quot;success&quot;,&quot;note&quot;:{&quot;tag&quot;:[&quot;performance&quot;],&quot;_id&quot;:&quot;614c1b8aceece30015ab9c3a&quot;,&quot;content&quot;:&quot;Note 3&quot;,&quot;__v&quot;:0}}&quot;; line: 1, column: 111] (through reference chain: au.com.firemarklabs.nt.Note[&quot;content&quot;])
	com.github.kittinunf.fuel.core.FuelError$Companion.wrap(FuelError.kt:86)
	com.github.kittinunf.fuel.core.DeserializableKt.awaitResponse(Deserializable.kt:257)
Caused by: com.fasterxml.jackson.module.kotlin.MissingKotlinParameterException: Instantiation of [simple type, class au.com.firemarklabs.nt.Note] value failed for JSON property content due to missing (therefore NULL) value for creator parameter content which is a non-nullable type
 at [Source: (String)&quot;{&quot;status&quot;:&quot;success&quot;,&quot;note&quot;:{&quot;tag&quot;:[&quot;performance&quot;],&quot;_id&quot;:&quot;614c1b8aceece30015ab9c3a&quot;,&quot;content&quot;:&quot;Note 3&quot;,&quot;__v&quot;:0}}&quot;; line: 1, column: 111] (through reference chain: au.com.firemarklabs.nt.Note[&quot;content&quot;])
	com.fasterxml.jackson.module.kotlin.KotlinValueInstantiator.createFromObjectWith(KotlinValueInstantiator.kt:107)
	com.fasterxml.jackson.databind.deser.impl.PropertyBasedCreator.build(PropertyBasedCreator.java:195)
	com.fasterxml.jackson.databind.deser.BeanDeserializer._deserializeUsingPropertyBased(BeanDeserializer.java:488)
	com.fasterxml.jackson.databind.deser.BeanDeserializerBase.deserializeFromObjectUsingNonDefault(BeanDeserializerBase.java:1287)
	com.fasterxml.jackson.databind.deser.BeanDeserializer.deserializeFromObject(BeanDeserializer.java:326)
	com.fasterxml.jackson.databind.deser.BeanDeserializer.deserialize(BeanDeserializer.java:159)
	com.fasterxml.jackson.databind.ObjectMapper._readMapAndClose(ObjectMapper.java:4013)
	com.fasterxml.jackson.databind.ObjectMapper.readValue(ObjectMapper.java:3023)
	au.com.firemarklabs.nt.NoteDeserializable.deserialize(NoteDeserializable.kt:12)
	au.com.firemarklabs.nt.NoteDeserializable.deserialize(NoteDeserializable.kt:7)
	com.github.kittinunf.fuel.core.ResponseDeserializable$DefaultImpls.deserialize(Deserializable.kt:43)
	au.com.firemarklabs.nt.NoteDeserializable.deserialize(NoteDeserializable.kt:7)
	au.com.firemarklabs.nt.NoteDeserializable.deserialize(NoteDeserializable.kt:7)
	com.github.kittinunf.fuel.core.DeserializableKt.awaitResponse(Deserializable.kt:256)
	au.com.firemarklabs.nt.NTClient$asyncInsert$$inlined$awaitObjectResponse$1.invokeSuspend(Coroutines.kt:68)
	kotlin.coroutines.jvm.internal.BaseContinuationImpl.resumeWith(ContinuationImpl.kt:33)
	kotlinx.coroutines.DispatchedTask.run(DispatchedTask.kt:56)
	kotlinx.coroutines.scheduling.CoroutineScheduler.runSafely(CoroutineScheduler.kt:561)
	kotlinx.coroutines.scheduling.CoroutineScheduler$Worker.executeTask(CoroutineScheduler.kt:727)
	kotlinx.coroutines.scheduling.CoroutineScheduler$Worker.runWorker(CoroutineScheduler.kt:667)
	kotlinx.coroutines.scheduling.CoroutineScheduler$Worker.run(CoroutineScheduler.kt:655)

		... 2 more
	Caused by: com.fasterxml.jackson.module.kotlin.MissingKotlinParameterException: Instantiation of [simple type, class au.com.firemarklabs.nt.Note] value failed for JSON property content due to missing (therefore NULL) value for creator parameter content which is a non-nullable type
 at [Source: (String)&quot;{&quot;status&quot;:&quot;success&quot;,&quot;note&quot;:{&quot;tag&quot;:[&quot;performance&quot;],&quot;_id&quot;:&quot;614c1b8aceece30015ab9c3a&quot;,&quot;content&quot;:&quot;Note 3&quot;,&quot;__v&quot;:0}}&quot;; line: 1, column: 111] (through reference chain: au.com.firemarklabs.nt.Note[&quot;content&quot;])
		at app//com.fasterxml.jackson.module.kotlin.KotlinValueInstantiator.createFromObjectWith(KotlinValueInstantiator.kt:107)
		at app//com.fasterxml.jackson.databind.deser.impl.PropertyBasedCreator.build(PropertyBasedCreator.java:195)
		at app//com.fasterxml.jackson.databind.deser.BeanDeserializer._deserializeUsingPropertyBased(BeanDeserializer.java:488)
		at app//com.fasterxml.jackson.databind.deser.BeanDeserializerBase.deserializeFromObjectUsingNonDefault(BeanDeserializerBase.java:1287)
		at app//com.fasterxml.jackson.databind.deser.BeanDeserializer.deserializeFromObject(BeanDeserializer.java:326)
		at app//com.fasterxml.jackson.databind.deser.BeanDeserializer.deserialize(BeanDeserializer.java:159)
		at app//com.fasterxml.jackson.databind.ObjectMapper._readMapAndClose(ObjectMapper.java:4013)
		at app//com.fasterxml.jackson.databind.ObjectMapper.readValue(ObjectMapper.java:3023)
		at app//au.com.firemarklabs.nt.NoteDeserializable.deserialize(NoteDeserializable.kt:12)
		at app//au.com.firemarklabs.nt.NoteDeserializable.deserialize(NoteDeserializable.kt:7)
		at app//com.github.kittinunf.fuel.core.ResponseDeserializable$DefaultImpls.deserialize(Deserializable.kt:43)
		at app//au.com.firemarklabs.nt.NoteDeserializable.deserialize(NoteDeserializable.kt:7)
		at app//au.com.firemarklabs.nt.NoteDeserializable.deserialize(NoteDeserializable.kt:7)
		at app//com.github.kittinunf.fuel.core.DeserializableKt.awaitResponse(Deserializable.kt:256)
		at app//au.com.firemarklabs.nt.NTClient$asyncInsert$$inlined$awaitObjectResponse$1.invokeSuspend(Coroutines.kt:68)
		at app//kotlin.coroutines.jvm.internal.BaseContinuationImpl.resumeWith(ContinuationImpl.kt:33)
		at app//kotlinx.coroutines.DispatchedTask.run(DispatchedTask.kt:56)
		at app//kotlinx.coroutines.scheduling.CoroutineScheduler.runSafely(CoroutineScheduler.kt:561)
		at app//kotlinx.coroutines.scheduling.CoroutineScheduler$Worker.executeTask(CoroutineScheduler.kt:727)
		at app//kotlinx.coroutines.scheduling.CoroutineScheduler$Worker.runWorker(CoroutineScheduler.kt:667)
		at app//kotlinx.coroutines.scheduling.CoroutineScheduler$Worker.run(CoroutineScheduler.kt:655)
	Suppressed: Instantiation of [simple type, class au.com.firemarklabs.nt.Note] value failed for JSON property content due to missing (therefore NULL) value for creator parameter content which is a non-nullable type
 at [Source: (String)&quot;{&quot;status&quot;:&quot;success&quot;,&quot;note&quot;:{&quot;tag&quot;:[&quot;performance&quot;],&quot;_id&quot;:&quot;614c1b8aceece30015ab9c43&quot;,&quot;content&quot;:&quot;Note 6&quot;,&quot;__v&quot;:0}}&quot;; line: 1, column: 111] (through reference chain: au.com.firemarklabs.nt.Note[&quot;content&quot;])
	com.github.kittinunf.fuel.core.FuelError$Companion.wrap(FuelError.kt:86)
	com.github.kittinunf.fuel.core.DeserializableKt.awaitResponse(Deserializable.kt:257)
Caused by: com.fasterxml.jackson.module.kotlin.MissingKotlinParameterException: Instantiation of [simple type, class au.com.firemarklabs.nt.Note] value failed for JSON property content due to missing (therefore NULL) value for creator parameter content which is a non-nullable type
 at [Source: (String)&quot;{&quot;status&quot;:&quot;success&quot;,&quot;note&quot;:{&quot;tag&quot;:[&quot;performance&quot;],&quot;_id&quot;:&quot;614c1b8aceece30015ab9c43&quot;,&quot;content&quot;:&quot;Note 6&quot;,&quot;__v&quot;:0}}&quot;; line: 1, column: 111] (through reference chain: au.com.firemarklabs.nt.Note[&quot;content&quot;])
	com.fasterxml.jackson.module.kotlin.KotlinValueInstantiator.createFromObjectWith(KotlinValueInstantiator.kt:107)
	com.fasterxml.jackson.databind.deser.impl.PropertyBasedCreator.build(PropertyBasedCreator.java:195)
	com.fasterxml.jackson.databind.deser.BeanDeserializer._deserializeUsingPropertyBased(BeanDeserializer.java:488)
	com.fasterxml.jackson.databind.deser.BeanDeserializerBase.deserializeFromObjectUsingNonDefault(BeanDeserializerBase.java:1287)
	com.fasterxml.jackson.databind.deser.BeanDeserializer.deserializeFromObject(BeanDeserializer.java:326)
	com.fasterxml.jackson.databind.deser.BeanDeserializer.deserialize(BeanDeserializer.java:159)
	com.fasterxml.jackson.databind.ObjectMapper._readMapAndClose(ObjectMapper.java:4013)
	com.fasterxml.jackson.databind.ObjectMapper.readValue(ObjectMapper.java:3023)
	au.com.firemarklabs.nt.NoteDeserializable.deserialize(NoteDeserializable.kt:12)
	au.com.firemarklabs.nt.NoteDeserializable.deserialize(NoteDeserializable.kt:7)
	com.github.kittinunf.fuel.core.ResponseDeserializable$DefaultImpls.deserialize(Deserializable.kt:43)
	au.com.firemarklabs.nt.NoteDeserializable.deserialize(NoteDeserializable.kt:7)
	au.com.firemarklabs.nt.NoteDeserializable.deserialize(NoteDeserializable.kt:7)
	com.github.kittinunf.fuel.core.DeserializableKt.awaitResponse(Deserializable.kt:256)
	au.com.firemarklabs.nt.NTClient$asyncInsert$$inlined$awaitObjectResponse$1.invokeSuspend(Coroutines.kt:68)
	kotlin.coroutines.jvm.internal.BaseContinuationImpl.resumeWith(ContinuationImpl.kt:33)
	kotlinx.coroutines.DispatchedTask.run(DispatchedTask.kt:56)
	kotlinx.coroutines.scheduling.CoroutineScheduler.runSafely(CoroutineScheduler.kt:561)
	kotlinx.coroutines.scheduling.CoroutineScheduler$Worker.executeTask(CoroutineScheduler.kt:727)
	kotlinx.coroutines.scheduling.CoroutineScheduler$Worker.runWorker(CoroutineScheduler.kt:667)
	kotlinx.coroutines.scheduling.CoroutineScheduler$Worker.run(CoroutineScheduler.kt:655)

		... 2 more
	Caused by: com.fasterxml.jackson.module.kotlin.MissingKotlinParameterException: Instantiation of [simple type, class au.com.firemarklabs.nt.Note] value failed for JSON property content due to missing (therefore NULL) value for creator parameter content which is a non-nullable type
 at [Source: (String)&quot;{&quot;status&quot;:&quot;success&quot;,&quot;note&quot;:{&quot;tag&quot;:[&quot;performance&quot;],&quot;_id&quot;:&quot;614c1b8aceece30015ab9c43&quot;,&quot;content&quot;:&quot;Note 6&quot;,&quot;__v&quot;:0}}&quot;; line: 1, column: 111] (through reference chain: au.com.firemarklabs.nt.Note[&quot;content&quot;])
		at app//com.fasterxml.jackson.module.kotlin.KotlinValueInstantiator.createFromObjectWith(KotlinValueInstantiator.kt:107)
		at app//com.fasterxml.jackson.databind.deser.impl.PropertyBasedCreator.build(PropertyBasedCreator.java:195)
		at app//com.fasterxml.jackson.databind.deser.BeanDeserializer._deserializeUsingPropertyBased(BeanDeserializer.java:488)
		at app//com.fasterxml.jackson.databind.deser.BeanDeserializerBase.deserializeFromObjectUsingNonDefault(BeanDeserializerBase.java:1287)
		at app//com.fasterxml.jackson.databind.deser.BeanDeserializer.deserializeFromObject(BeanDeserializer.java:326)
		at app//com.fasterxml.jackson.databind.deser.BeanDeserializer.deserialize(BeanDeserializer.java:159)
		at app//com.fasterxml.jackson.databind.ObjectMapper._readMapAndClose(ObjectMapper.java:4013)
		at app//com.fasterxml.jackson.databind.ObjectMapper.readValue(ObjectMapper.java:3023)
		at app//au.com.firemarklabs.nt.NoteDeserializable.deserialize(NoteDeserializable.kt:12)
		at app//au.com.firemarklabs.nt.NoteDeserializable.deserialize(NoteDeserializable.kt:7)
		at app//com.github.kittinunf.fuel.core.ResponseDeserializable$DefaultImpls.deserialize(Deserializable.kt:43)
		at app//au.com.firemarklabs.nt.NoteDeserializable.deserialize(NoteDeserializable.kt:7)
		at app//au.com.firemarklabs.nt.NoteDeserializable.deserialize(NoteDeserializable.kt:7)
		at app//com.github.kittinunf.fuel.core.DeserializableKt.awaitResponse(Deserializable.kt:256)
		at app//au.com.firemarklabs.nt.NTClient$asyncInsert$$inlined$awaitObjectResponse$1.invokeSuspend(Coroutines.kt:68)
		at app//kotlin.coroutines.jvm.internal.BaseContinuationImpl.resumeWith(ContinuationImpl.kt:33)
		at app//kotlinx.coroutines.DispatchedTask.run(DispatchedTask.kt:56)
		at app//kotlinx.coroutines.scheduling.CoroutineScheduler.runSafely(CoroutineScheduler.kt:561)
		at app//kotlinx.coroutines.scheduling.CoroutineScheduler$Worker.executeTask(CoroutineScheduler.kt:727)
		at app//kotlinx.coroutines.scheduling.CoroutineScheduler$Worker.runWorker(CoroutineScheduler.kt:667)
		at app//kotlinx.coroutines.scheduling.CoroutineScheduler$Worker.run(CoroutineScheduler.kt:655)
	Suppressed: Instantiation of [simple type, class au.com.firemarklabs.nt.Note] value failed for JSON property content due to missing (therefore NULL) value for creator parameter content which is a non-nullable type
 at [Source: (String)&quot;{&quot;status&quot;:&quot;success&quot;,&quot;note&quot;:{&quot;tag&quot;:[&quot;performance&quot;],&quot;_id&quot;:&quot;614c1b8aceece30015ab9c44&quot;,&quot;content&quot;:&quot;Note 9&quot;,&quot;__v&quot;:0}}&quot;; line: 1, column: 111] (through reference chain: au.com.firemarklabs.nt.Note[&quot;content&quot;])
	com.github.kittinunf.fuel.core.FuelError$Companion.wrap(FuelError.kt:86)
	com.github.kittinunf.fuel.core.DeserializableKt.awaitResponse(Deserializable.kt:257)
Caused by: com.fasterxml.jackson.module.kotlin.MissingKotlinParameterException: Instantiation of [simple type, class au.com.firemarklabs.nt.Note] value failed for JSON property content due to missing (therefore NULL) value for creator parameter content which is a non-nullable type
 at [Source: (String)&quot;{&quot;status&quot;:&quot;success&quot;,&quot;note&quot;:{&quot;tag&quot;:[&quot;performance&quot;],&quot;_id&quot;:&quot;614c1b8aceece30015ab9c44&quot;,&quot;content&quot;:&quot;Note 9&quot;,&quot;__v&quot;:0}}&quot;; line: 1, column: 111] (through reference chain: au.com.firemarklabs.nt.Note[&quot;content&quot;])
	com.fasterxml.jackson.module.kotlin.KotlinValueInstantiator.createFromObjectWith(KotlinValueInstantiator.kt:107)
	com.fasterxml.jackson.databind.deser.impl.PropertyBasedCreator.build(PropertyBasedCreator.java:195)
	com.fasterxml.jackson.databind.deser.BeanDeserializer._deserializeUsingPropertyBased(BeanDeserializer.java:488)
	com.fasterxml.jackson.databind.deser.BeanDeserializerBase.deserializeFromObjectUsingNonDefault(BeanDeserializerBase.java:1287)
	com.fasterxml.jackson.databind.deser.BeanDeserializer.deserializeFromObject(BeanDeserializer.java:326)
	com.fasterxml.jackson.databind.deser.BeanDeserializer.deserialize(BeanDeserializer.java:159)
	com.fasterxml.jackson.databind.ObjectMapper._readMapAndClose(ObjectMapper.java:4013)
	com.fasterxml.jackson.databind.ObjectMapper.readValue(ObjectMapper.java:3023)
	au.com.firemarklabs.nt.NoteDeserializable.deserialize(NoteDeserializable.kt:12)
	au.com.firemarklabs.nt.NoteDeserializable.deserialize(NoteDeserializable.kt:7)
	com.github.kittinunf.fuel.core.ResponseDeserializable$DefaultImpls.deserialize(Deserializable.kt:43)
	au.com.firemarklabs.nt.NoteDeserializable.deserialize(NoteDeserializable.kt:7)
	au.com.firemarklabs.nt.NoteDeserializable.deserialize(NoteDeserializable.kt:7)
	com.github.kittinunf.fuel.core.DeserializableKt.awaitResponse(Deserializable.kt:256)
	au.com.firemarklabs.nt.NTClient$asyncInsert$$inlined$awaitObjectResponse$1.invokeSuspend(Coroutines.kt:68)
	kotlin.coroutines.jvm.internal.BaseContinuationImpl.resumeWith(ContinuationImpl.kt:33)
	kotlinx.coroutines.DispatchedTask.run(DispatchedTask.kt:56)
	kotlinx.coroutines.scheduling.CoroutineScheduler.runSafely(CoroutineScheduler.kt:561)
	kotlinx.coroutines.scheduling.CoroutineScheduler$Worker.executeTask(CoroutineScheduler.kt:727)
	kotlinx.coroutines.scheduling.CoroutineScheduler$Worker.runWorker(CoroutineScheduler.kt:667)
	kotlinx.coroutines.scheduling.CoroutineScheduler$Worker.run(CoroutineScheduler.kt:655)

		... 2 more
	Caused by: com.fasterxml.jackson.module.kotlin.MissingKotlinParameterException: Instantiation of [simple type, class au.com.firemarklabs.nt.Note] value failed for JSON property content due to missing (therefore NULL) value for creator parameter content which is a non-nullable type
 at [Source: (String)&quot;{&quot;status&quot;:&quot;success&quot;,&quot;note&quot;:{&quot;tag&quot;:[&quot;performance&quot;],&quot;_id&quot;:&quot;614c1b8aceece30015ab9c44&quot;,&quot;content&quot;:&quot;Note 9&quot;,&quot;__v&quot;:0}}&quot;; line: 1, column: 111] (through reference chain: au.com.firemarklabs.nt.Note[&quot;content&quot;])
		at app//com.fasterxml.jackson.module.kotlin.KotlinValueInstantiator.createFromObjectWith(KotlinValueInstantiator.kt:107)
		at app//com.fasterxml.jackson.databind.deser.impl.PropertyBasedCreator.build(PropertyBasedCreator.java:195)
		at app//com.fasterxml.jackson.databind.deser.BeanDeserializer._deserializeUsingPropertyBased(BeanDeserializer.java:488)
		at app//com.fasterxml.jackson.databind.deser.BeanDeserializerBase.deserializeFromObjectUsingNonDefault(BeanDeserializerBase.java:1287)
		at app//com.fasterxml.jackson.databind.deser.BeanDeserializer.deserializeFromObject(BeanDeserializer.java:326)
		at app//com.fasterxml.jackson.databind.deser.BeanDeserializer.deserialize(BeanDeserializer.java:159)
		at app//com.fasterxml.jackson.databind.ObjectMapper._readMapAndClose(ObjectMapper.java:4013)
		at app//com.fasterxml.jackson.databind.ObjectMapper.readValue(ObjectMapper.java:3023)
		at app//au.com.firemarklabs.nt.NoteDeserializable.deserialize(NoteDeserializable.kt:12)
		at app//au.com.firemarklabs.nt.NoteDeserializable.deserialize(NoteDeserializable.kt:7)
		at app//com.github.kittinunf.fuel.core.ResponseDeserializable$DefaultImpls.deserialize(Deserializable.kt:43)
		at app//au.com.firemarklabs.nt.NoteDeserializable.deserialize(NoteDeserializable.kt:7)
		at app//au.com.firemarklabs.nt.NoteDeserializable.deserialize(NoteDeserializable.kt:7)
		at app//com.github.kittinunf.fuel.core.DeserializableKt.awaitResponse(Deserializable.kt:256)
		at app//au.com.firemarklabs.nt.NTClient$asyncInsert$$inlined$awaitObjectResponse$1.invokeSuspend(Coroutines.kt:68)
		at app//kotlin.coroutines.jvm.internal.BaseContinuationImpl.resumeWith(ContinuationImpl.kt:33)
		at app//kotlinx.coroutines.DispatchedTask.run(DispatchedTask.kt:56)
		at app//kotlinx.coroutines.scheduling.CoroutineScheduler.runSafely(CoroutineScheduler.kt:561)
		at app//kotlinx.coroutines.scheduling.CoroutineScheduler$Worker.executeTask(CoroutineScheduler.kt:727)
		at app//kotlinx.coroutines.scheduling.CoroutineScheduler$Worker.runWorker(CoroutineScheduler.kt:667)
		at app//kotlinx.coroutines.scheduling.CoroutineScheduler$Worker.run(CoroutineScheduler.kt:655)
	Suppressed: Instantiation of [simple type, class au.com.firemarklabs.nt.Note] value failed for JSON property content due to missing (therefore NULL) value for creator parameter content which is a non-nullable type
 at [Source: (String)&quot;{&quot;status&quot;:&quot;success&quot;,&quot;note&quot;:{&quot;tag&quot;:[&quot;performance&quot;],&quot;_id&quot;:&quot;614c1b8aceece30015ab9c3d&quot;,&quot;content&quot;:&quot;Note 0&quot;,&quot;__v&quot;:0}}&quot;; line: 1, column: 111] (through reference chain: au.com.firemarklabs.nt.Note[&quot;content&quot;])
	com.github.kittinunf.fuel.core.FuelError$Companion.wrap(FuelError.kt:86)
	com.github.kittinunf.fuel.core.DeserializableKt.awaitResponse(Deserializable.kt:257)
Caused by: com.fasterxml.jackson.module.kotlin.MissingKotlinParameterException: Instantiation of [simple type, class au.com.firemarklabs.nt.Note] value failed for JSON property content due to missing (therefore NULL) value for creator parameter content which is a non-nullable type
 at [Source: (String)&quot;{&quot;status&quot;:&quot;success&quot;,&quot;note&quot;:{&quot;tag&quot;:[&quot;performance&quot;],&quot;_id&quot;:&quot;614c1b8aceece30015ab9c3d&quot;,&quot;content&quot;:&quot;Note 0&quot;,&quot;__v&quot;:0}}&quot;; line: 1, column: 111] (through reference chain: au.com.firemarklabs.nt.Note[&quot;content&quot;])
	com.fasterxml.jackson.module.kotlin.KotlinValueInstantiator.createFromObjectWith(KotlinValueInstantiator.kt:107)
	com.fasterxml.jackson.databind.deser.impl.PropertyBasedCreator.build(PropertyBasedCreator.java:195)
	com.fasterxml.jackson.databind.deser.BeanDeserializer._deserializeUsingPropertyBased(BeanDeserializer.java:488)
	com.fasterxml.jackson.databind.deser.BeanDeserializerBase.deserializeFromObjectUsingNonDefault(BeanDeserializerBase.java:1287)
	com.fasterxml.jackson.databind.deser.BeanDeserializer.deserializeFromObject(BeanDeserializer.java:326)
	com.fasterxml.jackson.databind.deser.BeanDeserializer.deserialize(BeanDeserializer.java:159)
	com.fasterxml.jackson.databind.ObjectMapper._readMapAndClose(ObjectMapper.java:4013)
	com.fasterxml.jackson.databind.ObjectMapper.readValue(ObjectMapper.java:3023)
	au.com.firemarklabs.nt.NoteDeserializable.deserialize(NoteDeserializable.kt:12)
	au.com.firemarklabs.nt.NoteDeserializable.deserialize(NoteDeserializable.kt:7)
	com.github.kittinunf.fuel.core.ResponseDeserializable$DefaultImpls.deserialize(Deserializable.kt:43)
	au.com.firemarklabs.nt.NoteDeserializable.deserialize(NoteDeserializable.kt:7)
	au.com.firemarklabs.nt.NoteDeserializable.deserialize(NoteDeserializable.kt:7)
	com.github.kittinunf.fuel.core.DeserializableKt.awaitResponse(Deserializable.kt:256)
	au.com.firemarklabs.nt.NTClient$asyncInsert$$inlined$awaitObjectResponse$1.invokeSuspend(Coroutines.kt:68)
	kotlin.coroutines.jvm.internal.BaseContinuationImpl.resumeWith(ContinuationImpl.kt:33)
	kotlinx.coroutines.DispatchedTask.run(DispatchedTask.kt:56)
	kotlinx.coroutines.scheduling.CoroutineScheduler.runSafely(CoroutineScheduler.kt:561)
	kotlinx.coroutines.scheduling.CoroutineScheduler$Worker.executeTask(CoroutineScheduler.kt:727)
	kotlinx.coroutines.scheduling.CoroutineScheduler$Worker.runWorker(CoroutineScheduler.kt:667)
	kotlinx.coroutines.scheduling.CoroutineScheduler$Worker.run(CoroutineScheduler.kt:655)

		... 2 more
	Caused by: com.fasterxml.jackson.module.kotlin.MissingKotlinParameterException: Instantiation of [simple type, class au.com.firemarklabs.nt.Note] value failed for JSON property content due to missing (therefore NULL) value for creator parameter content which is a non-nullable type
 at [Source: (String)&quot;{&quot;status&quot;:&quot;success&quot;,&quot;note&quot;:{&quot;tag&quot;:[&quot;performance&quot;],&quot;_id&quot;:&quot;614c1b8aceece30015ab9c3d&quot;,&quot;content&quot;:&quot;Note 0&quot;,&quot;__v&quot;:0}}&quot;; line: 1, column: 111] (through reference chain: au.com.firemarklabs.nt.Note[&quot;content&quot;])
		at app//com.fasterxml.jackson.module.kotlin.KotlinValueInstantiator.createFromObjectWith(KotlinValueInstantiator.kt:107)
		at app//com.fasterxml.jackson.databind.deser.impl.PropertyBasedCreator.build(PropertyBasedCreator.java:195)
		at app//com.fasterxml.jackson.databind.deser.BeanDeserializer._deserializeUsingPropertyBased(BeanDeserializer.java:488)
		at app//com.fasterxml.jackson.databind.deser.BeanDeserializerBase.deserializeFromObjectUsingNonDefault(BeanDeserializerBase.java:1287)
		at app//com.fasterxml.jackson.databind.deser.BeanDeserializer.deserializeFromObject(BeanDeserializer.java:326)
		at app//com.fasterxml.jackson.databind.deser.BeanDeserializer.deserialize(BeanDeserializer.java:159)
		at app//com.fasterxml.jackson.databind.ObjectMapper._readMapAndClose(ObjectMapper.java:4013)
		at app//com.fasterxml.jackson.databind.ObjectMapper.readValue(ObjectMapper.java:3023)
		at app//au.com.firemarklabs.nt.NoteDeserializable.deserialize(NoteDeserializable.kt:12)
		at app//au.com.firemarklabs.nt.NoteDeserializable.deserialize(NoteDeserializable.kt:7)
		at app//com.github.kittinunf.fuel.core.ResponseDeserializable$DefaultImpls.deserialize(Deserializable.kt:43)
		at app//au.com.firemarklabs.nt.NoteDeserializable.deserialize(NoteDeserializable.kt:7)
		at app//au.com.firemarklabs.nt.NoteDeserializable.deserialize(NoteDeserializable.kt:7)
		at app//com.github.kittinunf.fuel.core.DeserializableKt.awaitResponse(Deserializable.kt:256)
		at app//au.com.firemarklabs.nt.NTClient$asyncInsert$$inlined$awaitObjectResponse$1.invokeSuspend(Coroutines.kt:68)
		at app//kotlin.coroutines.jvm.internal.BaseContinuationImpl.resumeWith(ContinuationImpl.kt:33)
		at app//kotlinx.coroutines.DispatchedTask.run(DispatchedTask.kt:56)
		at app//kotlinx.coroutines.scheduling.CoroutineScheduler.runSafely(CoroutineScheduler.kt:561)
		at app//kotlinx.coroutines.scheduling.CoroutineScheduler$Worker.executeTask(CoroutineScheduler.kt:727)
		at app//kotlinx.coroutines.scheduling.CoroutineScheduler$Worker.runWorker(CoroutineScheduler.kt:667)
		at app//kotlinx.coroutines.scheduling.CoroutineScheduler$Worker.run(CoroutineScheduler.kt:655)
	Suppressed: Instantiation of [simple type, class au.com.firemarklabs.nt.Note] value failed for JSON property content due to missing (therefore NULL) value for creator parameter content which is a non-nullable type
 at [Source: (String)&quot;{&quot;status&quot;:&quot;success&quot;,&quot;note&quot;:{&quot;tag&quot;:[&quot;performance&quot;],&quot;_id&quot;:&quot;614c1b8aceece30015ab9c3e&quot;,&quot;content&quot;:&quot;Note 1&quot;,&quot;__v&quot;:0}}&quot;; line: 1, column: 111] (through reference chain: au.com.firemarklabs.nt.Note[&quot;content&quot;])
	com.github.kittinunf.fuel.core.FuelError$Companion.wrap(FuelError.kt:86)
	com.github.kittinunf.fuel.core.DeserializableKt.awaitResponse(Deserializable.kt:257)
Caused by: com.fasterxml.jackson.module.kotlin.MissingKotlinParameterException: Instantiation of [simple type, class au.com.firemarklabs.nt.Note] value failed for JSON property content due to missing (therefore NULL) value for creator parameter content which is a non-nullable type
 at [Source: (String)&quot;{&quot;status&quot;:&quot;success&quot;,&quot;note&quot;:{&quot;tag&quot;:[&quot;performance&quot;],&quot;_id&quot;:&quot;614c1b8aceece30015ab9c3e&quot;,&quot;content&quot;:&quot;Note 1&quot;,&quot;__v&quot;:0}}&quot;; line: 1, column: 111] (through reference chain: au.com.firemarklabs.nt.Note[&quot;content&quot;])
	com.fasterxml.jackson.module.kotlin.KotlinValueInstantiator.createFromObjectWith(KotlinValueInstantiator.kt:107)
	com.fasterxml.jackson.databind.deser.impl.PropertyBasedCreator.build(PropertyBasedCreator.java:195)
	com.fasterxml.jackson.databind.deser.BeanDeserializer._deserializeUsingPropertyBased(BeanDeserializer.java:488)
	com.fasterxml.jackson.databind.deser.BeanDeserializerBase.deserializeFromObjectUsingNonDefault(BeanDeserializerBase.java:1287)
	com.fasterxml.jackson.databind.deser.BeanDeserializer.deserializeFromObject(BeanDeserializer.java:326)
	com.fasterxml.jackson.databind.deser.BeanDeserializer.deserialize(BeanDeserializer.java:159)
	com.fasterxml.jackson.databind.ObjectMapper._readMapAndClose(ObjectMapper.java:4013)
	com.fasterxml.jackson.databind.ObjectMapper.readValue(ObjectMapper.java:3023)
	au.com.firemarklabs.nt.NoteDeserializable.deserialize(NoteDeserializable.kt:12)
	au.com.firemarklabs.nt.NoteDeserializable.deserialize(NoteDeserializable.kt:7)
	com.github.kittinunf.fuel.core.ResponseDeserializable$DefaultImpls.deserialize(Deserializable.kt:43)
	au.com.firemarklabs.nt.NoteDeserializable.deserialize(NoteDeserializable.kt:7)
	au.com.firemarklabs.nt.NoteDeserializable.deserialize(NoteDeserializable.kt:7)
	com.github.kittinunf.fuel.core.DeserializableKt.awaitResponse(Deserializable.kt:256)
	au.com.firemarklabs.nt.NTClient$asyncInsert$$inlined$awaitObjectResponse$1.invokeSuspend(Coroutines.kt:68)
	kotlin.coroutines.jvm.internal.BaseContinuationImpl.resumeWith(ContinuationImpl.kt:33)
	kotlinx.coroutines.DispatchedTask.run(DispatchedTask.kt:56)
	kotlinx.coroutines.scheduling.CoroutineScheduler.runSafely(CoroutineScheduler.kt:561)
	kotlinx.coroutines.scheduling.CoroutineScheduler$Worker.executeTask(CoroutineScheduler.kt:727)
	kotlinx.coroutines.scheduling.CoroutineScheduler$Worker.runWorker(CoroutineScheduler.kt:667)
	kotlinx.coroutines.scheduling.CoroutineScheduler$Worker.run(CoroutineScheduler.kt:655)

		... 2 more
	Caused by: com.fasterxml.jackson.module.kotlin.MissingKotlinParameterException: Instantiation of [simple type, class au.com.firemarklabs.nt.Note] value failed for JSON property content due to missing (therefore NULL) value for creator parameter content which is a non-nullable type
 at [Source: (String)&quot;{&quot;status&quot;:&quot;success&quot;,&quot;note&quot;:{&quot;tag&quot;:[&quot;performance&quot;],&quot;_id&quot;:&quot;614c1b8aceece30015ab9c3e&quot;,&quot;content&quot;:&quot;Note 1&quot;,&quot;__v&quot;:0}}&quot;; line: 1, column: 111] (through reference chain: au.com.firemarklabs.nt.Note[&quot;content&quot;])
		at app//com.fasterxml.jackson.module.kotlin.KotlinValueInstantiator.createFromObjectWith(KotlinValueInstantiator.kt:107)
		at app//com.fasterxml.jackson.databind.deser.impl.PropertyBasedCreator.build(PropertyBasedCreator.java:195)
		at app//com.fasterxml.jackson.databind.deser.BeanDeserializer._deserializeUsingPropertyBased(BeanDeserializer.java:488)
		at app//com.fasterxml.jackson.databind.deser.BeanDeserializerBase.deserializeFromObjectUsingNonDefault(BeanDeserializerBase.java:1287)
		at app//com.fasterxml.jackson.databind.deser.BeanDeserializer.deserializeFromObject(BeanDeserializer.java:326)
		at app//com.fasterxml.jackson.databind.deser.BeanDeserializer.deserialize(BeanDeserializer.java:159)
		at app//com.fasterxml.jackson.databind.ObjectMapper._readMapAndClose(ObjectMapper.java:4013)
		at app//com.fasterxml.jackson.databind.ObjectMapper.readValue(ObjectMapper.java:3023)
		at app//au.com.firemarklabs.nt.NoteDeserializable.deserialize(NoteDeserializable.kt:12)
		at app//au.com.firemarklabs.nt.NoteDeserializable.deserialize(NoteDeserializable.kt:7)
		at app//com.github.kittinunf.fuel.core.ResponseDeserializable$DefaultImpls.deserialize(Deserializable.kt:43)
		at app//au.com.firemarklabs.nt.NoteDeserializable.deserialize(NoteDeserializable.kt:7)
		at app//au.com.firemarklabs.nt.NoteDeserializable.deserialize(NoteDeserializable.kt:7)
		at app//com.github.kittinunf.fuel.core.DeserializableKt.awaitResponse(Deserializable.kt:256)
		at app//au.com.firemarklabs.nt.NTClient$asyncInsert$$inlined$awaitObjectResponse$1.invokeSuspend(Coroutines.kt:68)
		at app//kotlin.coroutines.jvm.internal.BaseContinuationImpl.resumeWith(ContinuationImpl.kt:33)
		at app//kotlinx.coroutines.DispatchedTask.run(DispatchedTask.kt:56)
		at app//kotlinx.coroutines.scheduling.CoroutineScheduler.runSafely(CoroutineScheduler.kt:561)
		at app//kotlinx.coroutines.scheduling.CoroutineScheduler$Worker.executeTask(CoroutineScheduler.kt:727)
		at app//kotlinx.coroutines.scheduling.CoroutineScheduler$Worker.runWorker(CoroutineScheduler.kt:667)
		at app//kotlinx.coroutines.scheduling.CoroutineScheduler$Worker.run(CoroutineScheduler.kt:655)
	Suppressed: Instantiation of [simple type, class au.com.firemarklabs.nt.Note] value failed for JSON property content due to missing (therefore NULL) value for creator parameter content which is a non-nullable type
 at [Source: (String)&quot;{&quot;status&quot;:&quot;success&quot;,&quot;note&quot;:{&quot;tag&quot;:[&quot;performance&quot;],&quot;_id&quot;:&quot;614c1b8aceece30015ab9c3f&quot;,&quot;content&quot;:&quot;Note 5&quot;,&quot;__v&quot;:0}}&quot;; line: 1, column: 111] (through reference chain: au.com.firemarklabs.nt.Note[&quot;content&quot;])
	com.github.kittinunf.fuel.core.FuelError$Companion.wrap(FuelError.kt:86)
	com.github.kittinunf.fuel.core.DeserializableKt.awaitResponse(Deserializable.kt:257)
Caused by: com.fasterxml.jackson.module.kotlin.MissingKotlinParameterException: Instantiation of [simple type, class au.com.firemarklabs.nt.Note] value failed for JSON property content due to missing (therefore NULL) value for creator parameter content which is a non-nullable type
 at [Source: (String)&quot;{&quot;status&quot;:&quot;success&quot;,&quot;note&quot;:{&quot;tag&quot;:[&quot;performance&quot;],&quot;_id&quot;:&quot;614c1b8aceece30015ab9c3f&quot;,&quot;content&quot;:&quot;Note 5&quot;,&quot;__v&quot;:0}}&quot;; line: 1, column: 111] (through reference chain: au.com.firemarklabs.nt.Note[&quot;content&quot;])
	com.fasterxml.jackson.module.kotlin.KotlinValueInstantiator.createFromObjectWith(KotlinValueInstantiator.kt:107)
	com.fasterxml.jackson.databind.deser.impl.PropertyBasedCreator.build(PropertyBasedCreator.java:195)
	com.fasterxml.jackson.databind.deser.BeanDeserializer._deserializeUsingPropertyBased(BeanDeserializer.java:488)
	com.fasterxml.jackson.databind.deser.BeanDeserializerBase.deserializeFromObjectUsingNonDefault(BeanDeserializerBase.java:1287)
	com.fasterxml.jackson.databind.deser.BeanDeserializer.deserializeFromObject(BeanDeserializer.java:326)
	com.fasterxml.jackson.databind.deser.BeanDeserializer.deserialize(BeanDeserializer.java:159)
	com.fasterxml.jackson.databind.ObjectMapper._readMapAndClose(ObjectMapper.java:4013)
	com.fasterxml.jackson.databind.ObjectMapper.readValue(ObjectMapper.java:3023)
	au.com.firemarklabs.nt.NoteDeserializable.deserialize(NoteDeserializable.kt:12)
	au.com.firemarklabs.nt.NoteDeserializable.deserialize(NoteDeserializable.kt:7)
	com.github.kittinunf.fuel.core.ResponseDeserializable$DefaultImpls.deserialize(Deserializable.kt:43)
	au.com.firemarklabs.nt.NoteDeserializable.deserialize(NoteDeserializable.kt:7)
	au.com.firemarklabs.nt.NoteDeserializable.deserialize(NoteDeserializable.kt:7)
	com.github.kittinunf.fuel.core.DeserializableKt.awaitResponse(Deserializable.kt:256)
	au.com.firemarklabs.nt.NTClient$asyncInsert$$inlined$awaitObjectResponse$1.invokeSuspend(Coroutines.kt:68)
	kotlin.coroutines.jvm.internal.BaseContinuationImpl.resumeWith(ContinuationImpl.kt:33)
	kotlinx.coroutines.DispatchedTask.run(DispatchedTask.kt:56)
	kotlinx.coroutines.scheduling.CoroutineScheduler.runSafely(CoroutineScheduler.kt:561)
	kotlinx.coroutines.scheduling.CoroutineScheduler$Worker.executeTask(CoroutineScheduler.kt:727)
	kotlinx.coroutines.scheduling.CoroutineScheduler$Worker.runWorker(CoroutineScheduler.kt:667)
	kotlinx.coroutines.scheduling.CoroutineScheduler$Worker.run(CoroutineScheduler.kt:655)

		... 2 more
	Caused by: com.fasterxml.jackson.module.kotlin.MissingKotlinParameterException: Instantiation of [simple type, class au.com.firemarklabs.nt.Note] value failed for JSON property content due to missing (therefore NULL) value for creator parameter content which is a non-nullable type
 at [Source: (String)&quot;{&quot;status&quot;:&quot;success&quot;,&quot;note&quot;:{&quot;tag&quot;:[&quot;performance&quot;],&quot;_id&quot;:&quot;614c1b8aceece30015ab9c3f&quot;,&quot;content&quot;:&quot;Note 5&quot;,&quot;__v&quot;:0}}&quot;; line: 1, column: 111] (through reference chain: au.com.firemarklabs.nt.Note[&quot;content&quot;])
		at app//com.fasterxml.jackson.module.kotlin.KotlinValueInstantiator.createFromObjectWith(KotlinValueInstantiator.kt:107)
		at app//com.fasterxml.jackson.databind.deser.impl.PropertyBasedCreator.build(PropertyBasedCreator.java:195)
		at app//com.fasterxml.jackson.databind.deser.BeanDeserializer._deserializeUsingPropertyBased(BeanDeserializer.java:488)
		at app//com.fasterxml.jackson.databind.deser.BeanDeserializerBase.deserializeFromObjectUsingNonDefault(BeanDeserializerBase.java:1287)
		at app//com.fasterxml.jackson.databind.deser.BeanDeserializer.deserializeFromObject(BeanDeserializer.java:326)
		at app//com.fasterxml.jackson.databind.deser.BeanDeserializer.deserialize(BeanDeserializer.java:159)
		at app//com.fasterxml.jackson.databind.ObjectMapper._readMapAndClose(ObjectMapper.java:4013)
		at app//com.fasterxml.jackson.databind.ObjectMapper.readValue(ObjectMapper.java:3023)
		at app//au.com.firemarklabs.nt.NoteDeserializable.deserialize(NoteDeserializable.kt:12)
		at app//au.com.firemarklabs.nt.NoteDeserializable.deserialize(NoteDeserializable.kt:7)
		at app//com.github.kittinunf.fuel.core.ResponseDeserializable$DefaultImpls.deserialize(Deserializable.kt:43)
		at app//au.com.firemarklabs.nt.NoteDeserializable.deserialize(NoteDeserializable.kt:7)
		at app//au.com.firemarklabs.nt.NoteDeserializable.deserialize(NoteDeserializable.kt:7)
		at app//com.github.kittinunf.fuel.core.DeserializableKt.awaitResponse(Deserializable.kt:256)
		at app//au.com.firemarklabs.nt.NTClient$asyncInsert$$inlined$awaitObjectResponse$1.invokeSuspend(Coroutines.kt:68)
		at app//kotlin.coroutines.jvm.internal.BaseContinuationImpl.resumeWith(ContinuationImpl.kt:33)
		at app//kotlinx.coroutines.DispatchedTask.run(DispatchedTask.kt:56)
		at app//kotlinx.coroutines.scheduling.CoroutineScheduler.runSafely(CoroutineScheduler.kt:561)
		at app//kotlinx.coroutines.scheduling.CoroutineScheduler$Worker.executeTask(CoroutineScheduler.kt:727)
		at app//kotlinx.coroutines.scheduling.CoroutineScheduler$Worker.runWorker(CoroutineScheduler.kt:667)
		at app//kotlinx.coroutines.scheduling.CoroutineScheduler$Worker.run(CoroutineScheduler.kt:655)
	Suppressed: Instantiation of [simple type, class au.com.firemarklabs.nt.Note] value failed for JSON property content due to missing (therefore NULL) value for creator parameter content which is a non-nullable type
 at [Source: (String)&quot;{&quot;status&quot;:&quot;success&quot;,&quot;note&quot;:{&quot;tag&quot;:[&quot;performance&quot;],&quot;_id&quot;:&quot;614c1b8aceece30015ab9c40&quot;,&quot;content&quot;:&quot;Note 2&quot;,&quot;__v&quot;:0}}&quot;; line: 1, column: 111] (through reference chain: au.com.firemarklabs.nt.Note[&quot;content&quot;])
	com.github.kittinunf.fuel.core.FuelError$Companion.wrap(FuelError.kt:86)
	com.github.kittinunf.fuel.core.DeserializableKt.awaitResponse(Deserializable.kt:257)
Caused by: com.fasterxml.jackson.module.kotlin.MissingKotlinParameterException: Instantiation of [simple type, class au.com.firemarklabs.nt.Note] value failed for JSON property content due to missing (therefore NULL) value for creator parameter content which is a non-nullable type
 at [Source: (String)&quot;{&quot;status&quot;:&quot;success&quot;,&quot;note&quot;:{&quot;tag&quot;:[&quot;performance&quot;],&quot;_id&quot;:&quot;614c1b8aceece30015ab9c40&quot;,&quot;content&quot;:&quot;Note 2&quot;,&quot;__v&quot;:0}}&quot;; line: 1, column: 111] (through reference chain: au.com.firemarklabs.nt.Note[&quot;content&quot;])
	com.fasterxml.jackson.module.kotlin.KotlinValueInstantiator.createFromObjectWith(KotlinValueInstantiator.kt:107)
	com.fasterxml.jackson.databind.deser.impl.PropertyBasedCreator.build(PropertyBasedCreator.java:195)
	com.fasterxml.jackson.databind.deser.BeanDeserializer._deserializeUsingPropertyBased(BeanDeserializer.java:488)
	com.fasterxml.jackson.databind.deser.BeanDeserializerBase.deserializeFromObjectUsingNonDefault(BeanDeserializerBase.java:1287)
	com.fasterxml.jackson.databind.deser.BeanDeserializer.deserializeFromObject(BeanDeserializer.java:326)
	com.fasterxml.jackson.databind.deser.BeanDeserializer.deserialize(BeanDeserializer.java:159)
	com.fasterxml.jackson.databind.ObjectMapper._readMapAndClose(ObjectMapper.java:4013)
	com.fasterxml.jackson.databind.ObjectMapper.readValue(ObjectMapper.java:3023)
	au.com.firemarklabs.nt.NoteDeserializable.deserialize(NoteDeserializable.kt:12)
	au.com.firemarklabs.nt.NoteDeserializable.deserialize(NoteDeserializable.kt:7)
	com.github.kittinunf.fuel.core.ResponseDeserializable$DefaultImpls.deserialize(Deserializable.kt:43)
	au.com.firemarklabs.nt.NoteDeserializable.deserialize(NoteDeserializable.kt:7)
	au.com.firemarklabs.nt.NoteDeserializable.deserialize(NoteDeserializable.kt:7)
	com.github.kittinunf.fuel.core.DeserializableKt.awaitResponse(Deserializable.kt:256)
	au.com.firemarklabs.nt.NTClient$asyncInsert$$inlined$awaitObjectResponse$1.invokeSuspend(Coroutines.kt:68)
	kotlin.coroutines.jvm.internal.BaseContinuationImpl.resumeWith(ContinuationImpl.kt:33)
	kotlinx.coroutines.DispatchedTask.run(DispatchedTask.kt:56)
	kotlinx.coroutines.scheduling.CoroutineScheduler.runSafely(CoroutineScheduler.kt:561)
	kotlinx.coroutines.scheduling.CoroutineScheduler$Worker.executeTask(CoroutineScheduler.kt:727)
	kotlinx.coroutines.scheduling.CoroutineScheduler$Worker.runWorker(CoroutineScheduler.kt:667)
	kotlinx.coroutines.scheduling.CoroutineScheduler$Worker.run(CoroutineScheduler.kt:655)

		... 2 more
	Caused by: com.fasterxml.jackson.module.kotlin.MissingKotlinParameterException: Instantiation of [simple type, class au.com.firemarklabs.nt.Note] value failed for JSON property content due to missing (therefore NULL) value for creator parameter content which is a non-nullable type
 at [Source: (String)&quot;{&quot;status&quot;:&quot;success&quot;,&quot;note&quot;:{&quot;tag&quot;:[&quot;performance&quot;],&quot;_id&quot;:&quot;614c1b8aceece30015ab9c40&quot;,&quot;content&quot;:&quot;Note 2&quot;,&quot;__v&quot;:0}}&quot;; line: 1, column: 111] (through reference chain: au.com.firemarklabs.nt.Note[&quot;content&quot;])
		at app//com.fasterxml.jackson.module.kotlin.KotlinValueInstantiator.createFromObjectWith(KotlinValueInstantiator.kt:107)
		at app//com.fasterxml.jackson.databind.deser.impl.PropertyBasedCreator.build(PropertyBasedCreator.java:195)
		at app//com.fasterxml.jackson.databind.deser.BeanDeserializer._deserializeUsingPropertyBased(BeanDeserializer.java:488)
		at app//com.fasterxml.jackson.databind.deser.BeanDeserializerBase.deserializeFromObjectUsingNonDefault(BeanDeserializerBase.java:1287)
		at app//com.fasterxml.jackson.databind.deser.BeanDeserializer.deserializeFromObject(BeanDeserializer.java:326)
		at app//com.fasterxml.jackson.databind.deser.BeanDeserializer.deserialize(BeanDeserializer.java:159)
		at app//com.fasterxml.jackson.databind.ObjectMapper._readMapAndClose(ObjectMapper.java:4013)
		at app//com.fasterxml.jackson.databind.ObjectMapper.readValue(ObjectMapper.java:3023)
		at app//au.com.firemarklabs.nt.NoteDeserializable.deserialize(NoteDeserializable.kt:12)
		at app//au.com.firemarklabs.nt.NoteDeserializable.deserialize(NoteDeserializable.kt:7)
		at app//com.github.kittinunf.fuel.core.ResponseDeserializable$DefaultImpls.deserialize(Deserializable.kt:43)
		at app//au.com.firemarklabs.nt.NoteDeserializable.deserialize(NoteDeserializable.kt:7)
		at app//au.com.firemarklabs.nt.NoteDeserializable.deserialize(NoteDeserializable.kt:7)
		at app//com.github.kittinunf.fuel.core.DeserializableKt.awaitResponse(Deserializable.kt:256)
		at app//au.com.firemarklabs.nt.NTClient$asyncInsert$$inlined$awaitObjectResponse$1.invokeSuspend(Coroutines.kt:68)
		at app//kotlin.coroutines.jvm.internal.BaseContinuationImpl.resumeWith(ContinuationImpl.kt:33)
		at app//kotlinx.coroutines.DispatchedTask.run(DispatchedTask.kt:56)
		at app//kotlinx.coroutines.scheduling.CoroutineScheduler.runSafely(CoroutineScheduler.kt:561)
		at app//kotlinx.coroutines.scheduling.CoroutineScheduler$Worker.executeTask(CoroutineScheduler.kt:727)
		at app//kotlinx.coroutines.scheduling.CoroutineScheduler$Worker.runWorker(CoroutineScheduler.kt:667)
		at app//kotlinx.coroutines.scheduling.CoroutineScheduler$Worker.run(CoroutineScheduler.kt:655)
	Suppressed: Instantiation of [simple type, class au.com.firemarklabs.nt.Note] value failed for JSON property content due to missing (therefore NULL) value for creator parameter content which is a non-nullable type
 at [Source: (String)&quot;{&quot;status&quot;:&quot;success&quot;,&quot;note&quot;:{&quot;tag&quot;:[&quot;performance&quot;],&quot;_id&quot;:&quot;614c1b8aceece30015ab9c41&quot;,&quot;content&quot;:&quot;Note 4&quot;,&quot;__v&quot;:0}}&quot;; line: 1, column: 111] (through reference chain: au.com.firemarklabs.nt.Note[&quot;content&quot;])
	com.github.kittinunf.fuel.core.FuelError$Companion.wrap(FuelError.kt:86)
	com.github.kittinunf.fuel.core.DeserializableKt.awaitResponse(Deserializable.kt:257)
Caused by: com.fasterxml.jackson.module.kotlin.MissingKotlinParameterException: Instantiation of [simple type, class au.com.firemarklabs.nt.Note] value failed for JSON property content due to missing (therefore NULL) value for creator parameter content which is a non-nullable type
 at [Source: (String)&quot;{&quot;status&quot;:&quot;success&quot;,&quot;note&quot;:{&quot;tag&quot;:[&quot;performance&quot;],&quot;_id&quot;:&quot;614c1b8aceece30015ab9c41&quot;,&quot;content&quot;:&quot;Note 4&quot;,&quot;__v&quot;:0}}&quot;; line: 1, column: 111] (through reference chain: au.com.firemarklabs.nt.Note[&quot;content&quot;])
	com.fasterxml.jackson.module.kotlin.KotlinValueInstantiator.createFromObjectWith(KotlinValueInstantiator.kt:107)
	com.fasterxml.jackson.databind.deser.impl.PropertyBasedCreator.build(PropertyBasedCreator.java:195)
	com.fasterxml.jackson.databind.deser.BeanDeserializer._deserializeUsingPropertyBased(BeanDeserializer.java:488)
	com.fasterxml.jackson.databind.deser.BeanDeserializerBase.deserializeFromObjectUsingNonDefault(BeanDeserializerBase.java:1287)
	com.fasterxml.jackson.databind.deser.BeanDeserializer.deserializeFromObject(BeanDeserializer.java:326)
	com.fasterxml.jackson.databind.deser.BeanDeserializer.deserialize(BeanDeserializer.java:159)
	com.fasterxml.jackson.databind.ObjectMapper._readMapAndClose(ObjectMapper.java:4013)
	com.fasterxml.jackson.databind.ObjectMapper.readValue(ObjectMapper.java:3023)
	au.com.firemarklabs.nt.NoteDeserializable.deserialize(NoteDeserializable.kt:12)
	au.com.firemarklabs.nt.NoteDeserializable.deserialize(NoteDeserializable.kt:7)
	com.github.kittinunf.fuel.core.ResponseDeserializable$DefaultImpls.deserialize(Deserializable.kt:43)
	au.com.firemarklabs.nt.NoteDeserializable.deserialize(NoteDeserializable.kt:7)
	au.com.firemarklabs.nt.NoteDeserializable.deserialize(NoteDeserializable.kt:7)
	com.github.kittinunf.fuel.core.DeserializableKt.awaitResponse(Deserializable.kt:256)
	au.com.firemarklabs.nt.NTClient$asyncInsert$$inlined$awaitObjectResponse$1.invokeSuspend(Coroutines.kt:68)
	kotlin.coroutines.jvm.internal.BaseContinuationImpl.resumeWith(ContinuationImpl.kt:33)
	kotlinx.coroutines.DispatchedTask.run(DispatchedTask.kt:56)
	kotlinx.coroutines.scheduling.CoroutineScheduler.runSafely(CoroutineScheduler.kt:561)
	kotlinx.coroutines.scheduling.CoroutineScheduler$Worker.executeTask(CoroutineScheduler.kt:727)
	kotlinx.coroutines.scheduling.CoroutineScheduler$Worker.runWorker(CoroutineScheduler.kt:667)
	kotlinx.coroutines.scheduling.CoroutineScheduler$Worker.run(CoroutineScheduler.kt:655)

		... 2 more
	Caused by: com.fasterxml.jackson.module.kotlin.MissingKotlinParameterException: Instantiation of [simple type, class au.com.firemarklabs.nt.Note] value failed for JSON property content due to missing (therefore NULL) value for creator parameter content which is a non-nullable type
 at [Source: (String)&quot;{&quot;status&quot;:&quot;success&quot;,&quot;note&quot;:{&quot;tag&quot;:[&quot;performance&quot;],&quot;_id&quot;:&quot;614c1b8aceece30015ab9c41&quot;,&quot;content&quot;:&quot;Note 4&quot;,&quot;__v&quot;:0}}&quot;; line: 1, column: 111] (through reference chain: au.com.firemarklabs.nt.Note[&quot;content&quot;])
		at app//com.fasterxml.jackson.module.kotlin.KotlinValueInstantiator.createFromObjectWith(KotlinValueInstantiator.kt:107)
		at app//com.fasterxml.jackson.databind.deser.impl.PropertyBasedCreator.build(PropertyBasedCreator.java:195)
		at app//com.fasterxml.jackson.databind.deser.BeanDeserializer._deserializeUsingPropertyBased(BeanDeserializer.java:488)
		at app//com.fasterxml.jackson.databind.deser.BeanDeserializerBase.deserializeFromObjectUsingNonDefault(BeanDeserializerBase.java:1287)
		at app//com.fasterxml.jackson.databind.deser.BeanDeserializer.deserializeFromObject(BeanDeserializer.java:326)
		at app//com.fasterxml.jackson.databind.deser.BeanDeserializer.deserialize(BeanDeserializer.java:159)
		at app//com.fasterxml.jackson.databind.ObjectMapper._readMapAndClose(ObjectMapper.java:4013)
		at app//com.fasterxml.jackson.databind.ObjectMapper.readValue(ObjectMapper.java:3023)
		at app//au.com.firemarklabs.nt.NoteDeserializable.deserialize(NoteDeserializable.kt:12)
		at app//au.com.firemarklabs.nt.NoteDeserializable.deserialize(NoteDeserializable.kt:7)
		at app//com.github.kittinunf.fuel.core.ResponseDeserializable$DefaultImpls.deserialize(Deserializable.kt:43)
		at app//au.com.firemarklabs.nt.NoteDeserializable.deserialize(NoteDeserializable.kt:7)
		at app//au.com.firemarklabs.nt.NoteDeserializable.deserialize(NoteDeserializable.kt:7)
		at app//com.github.kittinunf.fuel.core.DeserializableKt.awaitResponse(Deserializable.kt:256)
		at app//au.com.firemarklabs.nt.NTClient$asyncInsert$$inlined$awaitObjectResponse$1.invokeSuspend(Coroutines.kt:68)
		at app//kotlin.coroutines.jvm.internal.BaseContinuationImpl.resumeWith(ContinuationImpl.kt:33)
		at app//kotlinx.coroutines.DispatchedTask.run(DispatchedTask.kt:56)
		at app//kotlinx.coroutines.scheduling.CoroutineScheduler.runSafely(CoroutineScheduler.kt:561)
		at app//kotlinx.coroutines.scheduling.CoroutineScheduler$Worker.executeTask(CoroutineScheduler.kt:727)
		at app//kotlinx.coroutines.scheduling.CoroutineScheduler$Worker.runWorker(CoroutineScheduler.kt:667)
		at app//kotlinx.coroutines.scheduling.CoroutineScheduler$Worker.run(CoroutineScheduler.kt:655)
	Suppressed: Instantiation of [simple type, class au.com.firemarklabs.nt.Note] value failed for JSON property content due to missing (therefore NULL) value for creator parameter content which is a non-nullable type
 at [Source: (String)&quot;{&quot;status&quot;:&quot;success&quot;,&quot;note&quot;:{&quot;tag&quot;:[&quot;performance&quot;],&quot;_id&quot;:&quot;614c1b8aceece30015ab9c42&quot;,&quot;content&quot;:&quot;Note 8&quot;,&quot;__v&quot;:0}}&quot;; line: 1, column: 111] (through reference chain: au.com.firemarklabs.nt.Note[&quot;content&quot;])
	com.github.kittinunf.fuel.core.FuelError$Companion.wrap(FuelError.kt:86)
	com.github.kittinunf.fuel.core.DeserializableKt.awaitResponse(Deserializable.kt:257)
Caused by: com.fasterxml.jackson.module.kotlin.MissingKotlinParameterException: Instantiation of [simple type, class au.com.firemarklabs.nt.Note] value failed for JSON property content due to missing (therefore NULL) value for creator parameter content which is a non-nullable type
 at [Source: (String)&quot;{&quot;status&quot;:&quot;success&quot;,&quot;note&quot;:{&quot;tag&quot;:[&quot;performance&quot;],&quot;_id&quot;:&quot;614c1b8aceece30015ab9c42&quot;,&quot;content&quot;:&quot;Note 8&quot;,&quot;__v&quot;:0}}&quot;; line: 1, column: 111] (through reference chain: au.com.firemarklabs.nt.Note[&quot;content&quot;])
	com.fasterxml.jackson.module.kotlin.KotlinValueInstantiator.createFromObjectWith(KotlinValueInstantiator.kt:107)
	com.fasterxml.jackson.databind.deser.impl.PropertyBasedCreator.build(PropertyBasedCreator.java:195)
	com.fasterxml.jackson.databind.deser.BeanDeserializer._deserializeUsingPropertyBased(BeanDeserializer.java:488)
	com.fasterxml.jackson.databind.deser.BeanDeserializerBase.deserializeFromObjectUsingNonDefault(BeanDeserializerBase.java:1287)
	com.fasterxml.jackson.databind.deser.BeanDeserializer.deserializeFromObject(BeanDeserializer.java:326)
	com.fasterxml.jackson.databind.deser.BeanDeserializer.deserialize(BeanDeserializer.java:159)
	com.fasterxml.jackson.databind.ObjectMapper._readMapAndClose(ObjectMapper.java:4013)
	com.fasterxml.jackson.databind.ObjectMapper.readValue(ObjectMapper.java:3023)
	au.com.firemarklabs.nt.NoteDeserializable.deserialize(NoteDeserializable.kt:12)
	au.com.firemarklabs.nt.NoteDeserializable.deserialize(NoteDeserializable.kt:7)
	com.github.kittinunf.fuel.core.ResponseDeserializable$DefaultImpls.deserialize(Deserializable.kt:43)
	au.com.firemarklabs.nt.NoteDeserializable.deserialize(NoteDeserializable.kt:7)
	au.com.firemarklabs.nt.NoteDeserializable.deserialize(NoteDeserializable.kt:7)
	com.github.kittinunf.fuel.core.DeserializableKt.awaitResponse(Deserializable.kt:256)
	au.com.firemarklabs.nt.NTClient$asyncInsert$$inlined$awaitObjectResponse$1.invokeSuspend(Coroutines.kt:68)
	kotlin.coroutines.jvm.internal.BaseContinuationImpl.resumeWith(ContinuationImpl.kt:33)
	kotlinx.coroutines.DispatchedTask.run(DispatchedTask.kt:56)
	kotlinx.coroutines.scheduling.CoroutineScheduler.runSafely(CoroutineScheduler.kt:561)
	kotlinx.coroutines.scheduling.CoroutineScheduler$Worker.executeTask(CoroutineScheduler.kt:727)
	kotlinx.coroutines.scheduling.CoroutineScheduler$Worker.runWorker(CoroutineScheduler.kt:667)
	kotlinx.coroutines.scheduling.CoroutineScheduler$Worker.run(CoroutineScheduler.kt:655)

		... 2 more
	Caused by: com.fasterxml.jackson.module.kotlin.MissingKotlinParameterException: Instantiation of [simple type, class au.com.firemarklabs.nt.Note] value failed for JSON property content due to missing (therefore NULL) value for creator parameter content which is a non-nullable type
 at [Source: (String)&quot;{&quot;status&quot;:&quot;success&quot;,&quot;note&quot;:{&quot;tag&quot;:[&quot;performance&quot;],&quot;_id&quot;:&quot;614c1b8aceece30015ab9c42&quot;,&quot;content&quot;:&quot;Note 8&quot;,&quot;__v&quot;:0}}&quot;; line: 1, column: 111] (through reference chain: au.com.firemarklabs.nt.Note[&quot;content&quot;])
		at app//com.fasterxml.jackson.module.kotlin.KotlinValueInstantiator.createFromObjectWith(KotlinValueInstantiator.kt:107)
		at app//com.fasterxml.jackson.databind.deser.impl.PropertyBasedCreator.build(PropertyBasedCreator.java:195)
		at app//com.fasterxml.jackson.databind.deser.BeanDeserializer._deserializeUsingPropertyBased(BeanDeserializer.java:488)
		at app//com.fasterxml.jackson.databind.deser.BeanDeserializerBase.deserializeFromObjectUsingNonDefault(BeanDeserializerBase.java:1287)
		at app//com.fasterxml.jackson.databind.deser.BeanDeserializer.deserializeFromObject(BeanDeserializer.java:326)
		at app//com.fasterxml.jackson.databind.deser.BeanDeserializer.deserialize(BeanDeserializer.java:159)
		at app//com.fasterxml.jackson.databind.ObjectMapper._readMapAndClose(ObjectMapper.java:4013)
		at app//com.fasterxml.jackson.databind.ObjectMapper.readValue(ObjectMapper.java:3023)
		at app//au.com.firemarklabs.nt.NoteDeserializable.deserialize(NoteDeserializable.kt:12)
		at app//au.com.firemarklabs.nt.NoteDeserializable.deserialize(NoteDeserializable.kt:7)
		at app//com.github.kittinunf.fuel.core.ResponseDeserializable$DefaultImpls.deserialize(Deserializable.kt:43)
		at app//au.com.firemarklabs.nt.NoteDeserializable.deserialize(NoteDeserializable.kt:7)
		at app//au.com.firemarklabs.nt.NoteDeserializable.deserialize(NoteDeserializable.kt:7)
		at app//com.github.kittinunf.fuel.core.DeserializableKt.awaitResponse(Deserializable.kt:256)
		at app//au.com.firemarklabs.nt.NTClient$asyncInsert$$inlined$awaitObjectResponse$1.invokeSuspend(Coroutines.kt:68)
		at app//kotlin.coroutines.jvm.internal.BaseContinuationImpl.resumeWith(ContinuationImpl.kt:33)
		at app//kotlinx.coroutines.DispatchedTask.run(DispatchedTask.kt:56)
		at app//kotlinx.coroutines.scheduling.CoroutineScheduler.runSafely(CoroutineScheduler.kt:561)
		at app//kotlinx.coroutines.scheduling.CoroutineScheduler$Worker.executeTask(CoroutineScheduler.kt:727)
		at app//kotlinx.coroutines.scheduling.CoroutineScheduler$Worker.runWorker(CoroutineScheduler.kt:667)
		at app//kotlinx.coroutines.scheduling.CoroutineScheduler$Worker.run(CoroutineScheduler.kt:655)
	Suppressed: Instantiation of [simple type, class au.com.firemarklabs.nt.Note] value failed for JSON property content due to missing (therefore NULL) value for creator parameter content which is a non-nullable type
 at [Source: (String)&quot;{&quot;status&quot;:&quot;success&quot;,&quot;note&quot;:{&quot;tag&quot;:[&quot;performance&quot;],&quot;_id&quot;:&quot;614c1b8aceece30015ab9c45&quot;,&quot;content&quot;:&quot;Note 12&quot;,&quot;__v&quot;:0}}&quot;; line: 1, column: 112] (through reference chain: au.com.firemarklabs.nt.Note[&quot;content&quot;])
	com.github.kittinunf.fuel.core.FuelError$Companion.wrap(FuelError.kt:86)
	com.github.kittinunf.fuel.core.DeserializableKt.awaitResponse(Deserializable.kt:257)
Caused by: com.fasterxml.jackson.module.kotlin.MissingKotlinParameterException: Instantiation of [simple type, class au.com.firemarklabs.nt.Note] value failed for JSON property content due to missing (therefore NULL) value for creator parameter content which is a non-nullable type
 at [Source: (String)&quot;{&quot;status&quot;:&quot;success&quot;,&quot;note&quot;:{&quot;tag&quot;:[&quot;performance&quot;],&quot;_id&quot;:&quot;614c1b8aceece30015ab9c45&quot;,&quot;content&quot;:&quot;Note 12&quot;,&quot;__v&quot;:0}}&quot;; line: 1, column: 112] (through reference chain: au.com.firemarklabs.nt.Note[&quot;content&quot;])
	com.fasterxml.jackson.module.kotlin.KotlinValueInstantiator.createFromObjectWith(KotlinValueInstantiator.kt:107)
	com.fasterxml.jackson.databind.deser.impl.PropertyBasedCreator.build(PropertyBasedCreator.java:195)
	com.fasterxml.jackson.databind.deser.BeanDeserializer._deserializeUsingPropertyBased(BeanDeserializer.java:488)
	com.fasterxml.jackson.databind.deser.BeanDeserializerBase.deserializeFromObjectUsingNonDefault(BeanDeserializerBase.java:1287)
	com.fasterxml.jackson.databind.deser.BeanDeserializer.deserializeFromObject(BeanDeserializer.java:326)
	com.fasterxml.jackson.databind.deser.BeanDeserializer.deserialize(BeanDeserializer.java:159)
	com.fasterxml.jackson.databind.ObjectMapper._readMapAndClose(ObjectMapper.java:4013)
	com.fasterxml.jackson.databind.ObjectMapper.readValue(ObjectMapper.java:3023)
	au.com.firemarklabs.nt.NoteDeserializable.deserialize(NoteDeserializable.kt:12)
	au.com.firemarklabs.nt.NoteDeserializable.deserialize(NoteDeserializable.kt:7)
	com.github.kittinunf.fuel.core.ResponseDeserializable$DefaultImpls.deserialize(Deserializable.kt:43)
	au.com.firemarklabs.nt.NoteDeserializable.deserialize(NoteDeserializable.kt:7)
	au.com.firemarklabs.nt.NoteDeserializable.deserialize(NoteDeserializable.kt:7)
	com.github.kittinunf.fuel.core.DeserializableKt.awaitResponse(Deserializable.kt:256)
	au.com.firemarklabs.nt.NTClient$asyncInsert$$inlined$awaitObjectResponse$1.invokeSuspend(Coroutines.kt:68)
	kotlin.coroutines.jvm.internal.BaseContinuationImpl.resumeWith(ContinuationImpl.kt:33)
	kotlinx.coroutines.DispatchedTask.run(DispatchedTask.kt:56)
	kotlinx.coroutines.scheduling.CoroutineScheduler.runSafely(CoroutineScheduler.kt:561)
	kotlinx.coroutines.scheduling.CoroutineScheduler$Worker.executeTask(CoroutineScheduler.kt:727)
	kotlinx.coroutines.scheduling.CoroutineScheduler$Worker.runWorker(CoroutineScheduler.kt:667)
	kotlinx.coroutines.scheduling.CoroutineScheduler$Worker.run(CoroutineScheduler.kt:655)

		... 2 more
	Caused by: com.fasterxml.jackson.module.kotlin.MissingKotlinParameterException: Instantiation of [simple type, class au.com.firemarklabs.nt.Note] value failed for JSON property content due to missing (therefore NULL) value for creator parameter content which is a non-nullable type
 at [Source: (String)&quot;{&quot;status&quot;:&quot;success&quot;,&quot;note&quot;:{&quot;tag&quot;:[&quot;performance&quot;],&quot;_id&quot;:&quot;614c1b8aceece30015ab9c45&quot;,&quot;content&quot;:&quot;Note 12&quot;,&quot;__v&quot;:0}}&quot;; line: 1, column: 112] (through reference chain: au.com.firemarklabs.nt.Note[&quot;content&quot;])
		at app//com.fasterxml.jackson.module.kotlin.KotlinValueInstantiator.createFromObjectWith(KotlinValueInstantiator.kt:107)
		at app//com.fasterxml.jackson.databind.deser.impl.PropertyBasedCreator.build(PropertyBasedCreator.java:195)
		at app//com.fasterxml.jackson.databind.deser.BeanDeserializer._deserializeUsingPropertyBased(BeanDeserializer.java:488)
		at app//com.fasterxml.jackson.databind.deser.BeanDeserializerBase.deserializeFromObjectUsingNonDefault(BeanDeserializerBase.java:1287)
		at app//com.fasterxml.jackson.databind.deser.BeanDeserializer.deserializeFromObject(BeanDeserializer.java:326)
		at app//com.fasterxml.jackson.databind.deser.BeanDeserializer.deserialize(BeanDeserializer.java:159)
		at app//com.fasterxml.jackson.databind.ObjectMapper._readMapAndClose(ObjectMapper.java:4013)
		at app//com.fasterxml.jackson.databind.ObjectMapper.readValue(ObjectMapper.java:3023)
		at app//au.com.firemarklabs.nt.NoteDeserializable.deserialize(NoteDeserializable.kt:12)
		at app//au.com.firemarklabs.nt.NoteDeserializable.deserialize(NoteDeserializable.kt:7)
		at app//com.github.kittinunf.fuel.core.ResponseDeserializable$DefaultImpls.deserialize(Deserializable.kt:43)
		at app//au.com.firemarklabs.nt.NoteDeserializable.deserialize(NoteDeserializable.kt:7)
		at app//au.com.firemarklabs.nt.NoteDeserializable.deserialize(NoteDeserializable.kt:7)
		at app//com.github.kittinunf.fuel.core.DeserializableKt.awaitResponse(Deserializable.kt:256)
		at app//au.com.firemarklabs.nt.NTClient$asyncInsert$$inlined$awaitObjectResponse$1.invokeSuspend(Coroutines.kt:68)
		at app//kotlin.coroutines.jvm.internal.BaseContinuationImpl.resumeWith(ContinuationImpl.kt:33)
		at app//kotlinx.coroutines.DispatchedTask.run(DispatchedTask.kt:56)
		at app//kotlinx.coroutines.scheduling.CoroutineScheduler.runSafely(CoroutineScheduler.kt:561)
		at app//kotlinx.coroutines.scheduling.CoroutineScheduler$Worker.executeTask(CoroutineScheduler.kt:727)
		at app//kotlinx.coroutines.scheduling.CoroutineScheduler$Worker.runWorker(CoroutineScheduler.kt:667)
		at app//kotlinx.coroutines.scheduling.CoroutineScheduler$Worker.run(CoroutineScheduler.kt:655)
	Suppressed: Instantiation of [simple type, class au.com.firemarklabs.nt.Note] value failed for JSON property content due to missing (therefore NULL) value for creator parameter content which is a non-nullable type
 at [Source: (String)&quot;{&quot;status&quot;:&quot;success&quot;,&quot;note&quot;:{&quot;tag&quot;:[&quot;performance&quot;],&quot;_id&quot;:&quot;614c1b8aceece30015ab9c48&quot;,&quot;content&quot;:&quot;Note 22&quot;,&quot;__v&quot;:0}}&quot;; line: 1, column: 112] (through reference chain: au.com.firemarklabs.nt.Note[&quot;content&quot;])
	com.github.kittinunf.fuel.core.FuelError$Companion.wrap(FuelError.kt:86)
	com.github.kittinunf.fuel.core.DeserializableKt.awaitResponse(Deserializable.kt:257)
Caused by: com.fasterxml.jackson.module.kotlin.MissingKotlinParameterException: Instantiation of [simple type, class au.com.firemarklabs.nt.Note] value failed for JSON property content due to missing (therefore NULL) value for creator parameter content which is a non-nullable type
 at [Source: (String)&quot;{&quot;status&quot;:&quot;success&quot;,&quot;note&quot;:{&quot;tag&quot;:[&quot;performance&quot;],&quot;_id&quot;:&quot;614c1b8aceece30015ab9c48&quot;,&quot;content&quot;:&quot;Note 22&quot;,&quot;__v&quot;:0}}&quot;; line: 1, column: 112] (through reference chain: au.com.firemarklabs.nt.Note[&quot;content&quot;])
	com.fasterxml.jackson.module.kotlin.KotlinValueInstantiator.createFromObjectWith(KotlinValueInstantiator.kt:107)
	com.fasterxml.jackson.databind.deser.impl.PropertyBasedCreator.build(PropertyBasedCreator.java:195)
	com.fasterxml.jackson.databind.deser.BeanDeserializer._deserializeUsingPropertyBased(BeanDeserializer.java:488)
	com.fasterxml.jackson.databind.deser.BeanDeserializerBase.deserializeFromObjectUsingNonDefault(BeanDeserializerBase.java:1287)
	com.fasterxml.jackson.databind.deser.BeanDeserializer.deserializeFromObject(BeanDeserializer.java:326)
	com.fasterxml.jackson.databind.deser.BeanDeserializer.deserialize(BeanDeserializer.java:159)
	com.fasterxml.jackson.databind.ObjectMapper._readMapAndClose(ObjectMapper.java:4013)
	com.fasterxml.jackson.databind.ObjectMapper.readValue(ObjectMapper.java:3023)
	au.com.firemarklabs.nt.NoteDeserializable.deserialize(NoteDeserializable.kt:12)
	au.com.firemarklabs.nt.NoteDeserializable.deserialize(NoteDeserializable.kt:7)
	com.github.kittinunf.fuel.core.ResponseDeserializable$DefaultImpls.deserialize(Deserializable.kt:43)
	au.com.firemarklabs.nt.NoteDeserializable.deserialize(NoteDeserializable.kt:7)
	au.com.firemarklabs.nt.NoteDeserializable.deserialize(NoteDeserializable.kt:7)
	com.github.kittinunf.fuel.core.DeserializableKt.awaitResponse(Deserializable.kt:256)
	au.com.firemarklabs.nt.NTClient$asyncInsert$$inlined$awaitObjectResponse$1.invokeSuspend(Coroutines.kt:68)
	kotlin.coroutines.jvm.internal.BaseContinuationImpl.resumeWith(ContinuationImpl.kt:33)
	kotlinx.coroutines.DispatchedTask.run(DispatchedTask.kt:56)
	kotlinx.coroutines.scheduling.CoroutineScheduler.runSafely(CoroutineScheduler.kt:561)
	kotlinx.coroutines.scheduling.CoroutineScheduler$Worker.executeTask(CoroutineScheduler.kt:727)
	kotlinx.coroutines.scheduling.CoroutineScheduler$Worker.runWorker(CoroutineScheduler.kt:667)
	kotlinx.coroutines.scheduling.CoroutineScheduler$Worker.run(CoroutineScheduler.kt:655)

		... 2 more
	Caused by: com.fasterxml.jackson.module.kotlin.MissingKotlinParameterException: Instantiation of [simple type, class au.com.firemarklabs.nt.Note] value failed for JSON property content due to missing (therefore NULL) value for creator parameter content which is a non-nullable type
 at [Source: (String)&quot;{&quot;status&quot;:&quot;success&quot;,&quot;note&quot;:{&quot;tag&quot;:[&quot;performance&quot;],&quot;_id&quot;:&quot;614c1b8aceece30015ab9c48&quot;,&quot;content&quot;:&quot;Note 22&quot;,&quot;__v&quot;:0}}&quot;; line: 1, column: 112] (through reference chain: au.com.firemarklabs.nt.Note[&quot;content&quot;])
		at app//com.fasterxml.jackson.module.kotlin.KotlinValueInstantiator.createFromObjectWith(KotlinValueInstantiator.kt:107)
		at app//com.fasterxml.jackson.databind.deser.impl.PropertyBasedCreator.build(PropertyBasedCreator.java:195)
		at app//com.fasterxml.jackson.databind.deser.BeanDeserializer._deserializeUsingPropertyBased(BeanDeserializer.java:488)
		at app//com.fasterxml.jackson.databind.deser.BeanDeserializerBase.deserializeFromObjectUsingNonDefault(BeanDeserializerBase.java:1287)
		at app//com.fasterxml.jackson.databind.deser.BeanDeserializer.deserializeFromObject(BeanDeserializer.java:326)
		at app//com.fasterxml.jackson.databind.deser.BeanDeserializer.deserialize(BeanDeserializer.java:159)
		at app//com.fasterxml.jackson.databind.ObjectMapper._readMapAndClose(ObjectMapper.java:4013)
		at app//com.fasterxml.jackson.databind.ObjectMapper.readValue(ObjectMapper.java:3023)
		at app//au.com.firemarklabs.nt.NoteDeserializable.deserialize(NoteDeserializable.kt:12)
		at app//au.com.firemarklabs.nt.NoteDeserializable.deserialize(NoteDeserializable.kt:7)
		at app//com.github.kittinunf.fuel.core.ResponseDeserializable$DefaultImpls.deserialize(Deserializable.kt:43)
		at app//au.com.firemarklabs.nt.NoteDeserializable.deserialize(NoteDeserializable.kt:7)
		at app//au.com.firemarklabs.nt.NoteDeserializable.deserialize(NoteDeserializable.kt:7)
		at app//com.github.kittinunf.fuel.core.DeserializableKt.awaitResponse(Deserializable.kt:256)
		at app//au.com.firemarklabs.nt.NTClient$asyncInsert$$inlined$awaitObjectResponse$1.invokeSuspend(Coroutines.kt:68)
		at app//kotlin.coroutines.jvm.internal.BaseContinuationImpl.resumeWith(ContinuationImpl.kt:33)
		at app//kotlinx.coroutines.DispatchedTask.run(DispatchedTask.kt:56)
		at app//kotlinx.coroutines.scheduling.CoroutineScheduler.runSafely(CoroutineScheduler.kt:561)
		at app//kotlinx.coroutines.scheduling.CoroutineScheduler$Worker.executeTask(CoroutineScheduler.kt:727)
		at app//kotlinx.coroutines.scheduling.CoroutineScheduler$Worker.runWorker(CoroutineScheduler.kt:667)
		at app//kotlinx.coroutines.scheduling.CoroutineScheduler$Worker.run(CoroutineScheduler.kt:655)
	Suppressed: Instantiation of [simple type, class au.com.firemarklabs.nt.Note] value failed for JSON property content due to missing (therefore NULL) value for creator parameter content which is a non-nullable type
 at [Source: (String)&quot;{&quot;status&quot;:&quot;success&quot;,&quot;note&quot;:{&quot;tag&quot;:[&quot;performance&quot;],&quot;_id&quot;:&quot;614c1b8aceece30015ab9c49&quot;,&quot;content&quot;:&quot;Note 23&quot;,&quot;__v&quot;:0}}&quot;; line: 1, column: 112] (through reference chain: au.com.firemarklabs.nt.Note[&quot;content&quot;])
	com.github.kittinunf.fuel.core.FuelError$Companion.wrap(FuelError.kt:86)
	com.github.kittinunf.fuel.core.DeserializableKt.awaitResponse(Deserializable.kt:257)
Caused by: com.fasterxml.jackson.module.kotlin.MissingKotlinParameterException: Instantiation of [simple type, class au.com.firemarklabs.nt.Note] value failed for JSON property content due to missing (therefore NULL) value for creator parameter content which is a non-nullable type
 at [Source: (String)&quot;{&quot;status&quot;:&quot;success&quot;,&quot;note&quot;:{&quot;tag&quot;:[&quot;performance&quot;],&quot;_id&quot;:&quot;614c1b8aceece30015ab9c49&quot;,&quot;content&quot;:&quot;Note 23&quot;,&quot;__v&quot;:0}}&quot;; line: 1, column: 112] (through reference chain: au.com.firemarklabs.nt.Note[&quot;content&quot;])
	com.fasterxml.jackson.module.kotlin.KotlinValueInstantiator.createFromObjectWith(KotlinValueInstantiator.kt:107)
	com.fasterxml.jackson.databind.deser.impl.PropertyBasedCreator.build(PropertyBasedCreator.java:195)
	com.fasterxml.jackson.databind.deser.BeanDeserializer._deserializeUsingPropertyBased(BeanDeserializer.java:488)
	com.fasterxml.jackson.databind.deser.BeanDeserializerBase.deserializeFromObjectUsingNonDefault(BeanDeserializerBase.java:1287)
	com.fasterxml.jackson.databind.deser.BeanDeserializer.deserializeFromObject(BeanDeserializer.java:326)
	com.fasterxml.jackson.databind.deser.BeanDeserializer.deserialize(BeanDeserializer.java:159)
	com.fasterxml.jackson.databind.ObjectMapper._readMapAndClose(ObjectMapper.java:4013)
	com.fasterxml.jackson.databind.ObjectMapper.readValue(ObjectMapper.java:3023)
	au.com.firemarklabs.nt.NoteDeserializable.deserialize(NoteDeserializable.kt:12)
	au.com.firemarklabs.nt.NoteDeserializable.deserialize(NoteDeserializable.kt:7)
	com.github.kittinunf.fuel.core.ResponseDeserializable$DefaultImpls.deserialize(Deserializable.kt:43)
	au.com.firemarklabs.nt.NoteDeserializable.deserialize(NoteDeserializable.kt:7)
	au.com.firemarklabs.nt.NoteDeserializable.deserialize(NoteDeserializable.kt:7)
	com.github.kittinunf.fuel.core.DeserializableKt.awaitResponse(Deserializable.kt:256)
	au.com.firemarklabs.nt.NTClient$asyncInsert$$inlined$awaitObjectResponse$1.invokeSuspend(Coroutines.kt:68)
	kotlin.coroutines.jvm.internal.BaseContinuationImpl.resumeWith(ContinuationImpl.kt:33)
	kotlinx.coroutines.DispatchedTask.run(DispatchedTask.kt:56)
	kotlinx.coroutines.scheduling.CoroutineScheduler.runSafely(CoroutineScheduler.kt:561)
	kotlinx.coroutines.scheduling.CoroutineScheduler$Worker.executeTask(CoroutineScheduler.kt:727)
	kotlinx.coroutines.scheduling.CoroutineScheduler$Worker.runWorker(CoroutineScheduler.kt:667)
	kotlinx.coroutines.scheduling.CoroutineScheduler$Worker.run(CoroutineScheduler.kt:655)

		... 2 more
	Caused by: com.fasterxml.jackson.module.kotlin.MissingKotlinParameterException: Instantiation of [simple type, class au.com.firemarklabs.nt.Note] value failed for JSON property content due to missing (therefore NULL) value for creator parameter content which is a non-nullable type
 at [Source: (String)&quot;{&quot;status&quot;:&quot;success&quot;,&quot;note&quot;:{&quot;tag&quot;:[&quot;performance&quot;],&quot;_id&quot;:&quot;614c1b8aceece30015ab9c49&quot;,&quot;content&quot;:&quot;Note 23&quot;,&quot;__v&quot;:0}}&quot;; line: 1, column: 112] (through reference chain: au.com.firemarklabs.nt.Note[&quot;content&quot;])
		at app//com.fasterxml.jackson.module.kotlin.KotlinValueInstantiator.createFromObjectWith(KotlinValueInstantiator.kt:107)
		at app//com.fasterxml.jackson.databind.deser.impl.PropertyBasedCreator.build(PropertyBasedCreator.java:195)
		at app//com.fasterxml.jackson.databind.deser.BeanDeserializer._deserializeUsingPropertyBased(BeanDeserializer.java:488)
		at app//com.fasterxml.jackson.databind.deser.BeanDeserializerBase.deserializeFromObjectUsingNonDefault(BeanDeserializerBase.java:1287)
		at app//com.fasterxml.jackson.databind.deser.BeanDeserializer.deserializeFromObject(BeanDeserializer.java:326)
		at app//com.fasterxml.jackson.databind.deser.BeanDeserializer.deserialize(BeanDeserializer.java:159)
		at app//com.fasterxml.jackson.databind.ObjectMapper._readMapAndClose(ObjectMapper.java:4013)
		at app//com.fasterxml.jackson.databind.ObjectMapper.readValue(ObjectMapper.java:3023)
		at app//au.com.firemarklabs.nt.NoteDeserializable.deserialize(NoteDeserializable.kt:12)
		at app//au.com.firemarklabs.nt.NoteDeserializable.deserialize(NoteDeserializable.kt:7)
		at app//com.github.kittinunf.fuel.core.ResponseDeserializable$DefaultImpls.deserialize(Deserializable.kt:43)
		at app//au.com.firemarklabs.nt.NoteDeserializable.deserialize(NoteDeserializable.kt:7)
		at app//au.com.firemarklabs.nt.NoteDeserializable.deserialize(NoteDeserializable.kt:7)
		at app//com.github.kittinunf.fuel.core.DeserializableKt.awaitResponse(Deserializable.kt:256)
		at app//au.com.firemarklabs.nt.NTClient$asyncInsert$$inlined$awaitObjectResponse$1.invokeSuspend(Coroutines.kt:68)
		at app//kotlin.coroutines.jvm.internal.BaseContinuationImpl.resumeWith(ContinuationImpl.kt:33)
		at app//kotlinx.coroutines.DispatchedTask.run(DispatchedTask.kt:56)
		at app//kotlinx.coroutines.scheduling.CoroutineScheduler.runSafely(CoroutineScheduler.kt:561)
		at app//kotlinx.coroutines.scheduling.CoroutineScheduler$Worker.executeTask(CoroutineScheduler.kt:727)
		at app//kotlinx.coroutines.scheduling.CoroutineScheduler$Worker.runWorker(CoroutineScheduler.kt:667)
		at app//kotlinx.coroutines.scheduling.CoroutineScheduler$Worker.run(CoroutineScheduler.kt:655)
	Suppressed: Instantiation of [simple type, class au.com.firemarklabs.nt.Note] value failed for JSON property content due to missing (therefore NULL) value for creator parameter content which is a non-nullable type
 at [Source: (String)&quot;{&quot;status&quot;:&quot;success&quot;,&quot;note&quot;:{&quot;tag&quot;:[&quot;performance&quot;],&quot;_id&quot;:&quot;614c1b8aceece30015ab9c54&quot;,&quot;content&quot;:&quot;Note 67&quot;,&quot;__v&quot;:0}}&quot;; line: 1, column: 112] (through reference chain: au.com.firemarklabs.nt.Note[&quot;content&quot;])
	com.github.kittinunf.fuel.core.FuelError$Companion.wrap(FuelError.kt:86)
	com.github.kittinunf.fuel.core.DeserializableKt.awaitResponse(Deserializable.kt:257)
Caused by: com.fasterxml.jackson.module.kotlin.MissingKotlinParameterException: Instantiation of [simple type, class au.com.firemarklabs.nt.Note] value failed for JSON property content due to missing (therefore NULL) value for creator parameter content which is a non-nullable type
 at [Source: (String)&quot;{&quot;status&quot;:&quot;success&quot;,&quot;note&quot;:{&quot;tag&quot;:[&quot;performance&quot;],&quot;_id&quot;:&quot;614c1b8aceece30015ab9c54&quot;,&quot;content&quot;:&quot;Note 67&quot;,&quot;__v&quot;:0}}&quot;; line: 1, column: 112] (through reference chain: au.com.firemarklabs.nt.Note[&quot;content&quot;])
	com.fasterxml.jackson.module.kotlin.KotlinValueInstantiator.createFromObjectWith(KotlinValueInstantiator.kt:107)
	com.fasterxml.jackson.databind.deser.impl.PropertyBasedCreator.build(PropertyBasedCreator.java:195)
	com.fasterxml.jackson.databind.deser.BeanDeserializer._deserializeUsingPropertyBased(BeanDeserializer.java:488)
	com.fasterxml.jackson.databind.deser.BeanDeserializerBase.deserializeFromObjectUsingNonDefault(BeanDeserializerBase.java:1287)
	com.fasterxml.jackson.databind.deser.BeanDeserializer.deserializeFromObject(BeanDeserializer.java:326)
	com.fasterxml.jackson.databind.deser.BeanDeserializer.deserialize(BeanDeserializer.java:159)
	com.fasterxml.jackson.databind.ObjectMapper._readMapAndClose(ObjectMapper.java:4013)
	com.fasterxml.jackson.databind.ObjectMapper.readValue(ObjectMapper.java:3023)
	au.com.firemarklabs.nt.NoteDeserializable.deserialize(NoteDeserializable.kt:12)
	au.com.firemarklabs.nt.NoteDeserializable.deserialize(NoteDeserializable.kt:7)
	com.github.kittinunf.fuel.core.ResponseDeserializable$DefaultImpls.deserialize(Deserializable.kt:43)
	au.com.firemarklabs.nt.NoteDeserializable.deserialize(NoteDeserializable.kt:7)
	au.com.firemarklabs.nt.NoteDeserializable.deserialize(NoteDeserializable.kt:7)
	com.github.kittinunf.fuel.core.DeserializableKt.awaitResponse(Deserializable.kt:256)
	au.com.firemarklabs.nt.NTClient$asyncInsert$$inlined$awaitObjectResponse$1.invokeSuspend(Coroutines.kt:68)
	kotlin.coroutines.jvm.internal.BaseContinuationImpl.resumeWith(ContinuationImpl.kt:33)
	kotlinx.coroutines.DispatchedTask.run(DispatchedTask.kt:56)
	kotlinx.coroutines.scheduling.CoroutineScheduler.runSafely(CoroutineScheduler.kt:561)
	kotlinx.coroutines.scheduling.CoroutineScheduler$Worker.executeTask(CoroutineScheduler.kt:727)
	kotlinx.coroutines.scheduling.CoroutineScheduler$Worker.runWorker(CoroutineScheduler.kt:667)
	kotlinx.coroutines.scheduling.CoroutineScheduler$Worker.run(CoroutineScheduler.kt:655)

		... 2 more
	Caused by: com.fasterxml.jackson.module.kotlin.MissingKotlinParameterException: Instantiation of [simple type, class au.com.firemarklabs.nt.Note] value failed for JSON property content due to missing (therefore NULL) value for creator parameter content which is a non-nullable type
 at [Source: (String)&quot;{&quot;status&quot;:&quot;success&quot;,&quot;note&quot;:{&quot;tag&quot;:[&quot;performance&quot;],&quot;_id&quot;:&quot;614c1b8aceece30015ab9c54&quot;,&quot;content&quot;:&quot;Note 67&quot;,&quot;__v&quot;:0}}&quot;; line: 1, column: 112] (through reference chain: au.com.firemarklabs.nt.Note[&quot;content&quot;])
		at app//com.fasterxml.jackson.module.kotlin.KotlinValueInstantiator.createFromObjectWith(KotlinValueInstantiator.kt:107)
		at app//com.fasterxml.jackson.databind.deser.impl.PropertyBasedCreator.build(PropertyBasedCreator.java:195)
		at app//com.fasterxml.jackson.databind.deser.BeanDeserializer._deserializeUsingPropertyBased(BeanDeserializer.java:488)
		at app//com.fasterxml.jackson.databind.deser.BeanDeserializerBase.deserializeFromObjectUsingNonDefault(BeanDeserializerBase.java:1287)
		at app//com.fasterxml.jackson.databind.deser.BeanDeserializer.deserializeFromObject(BeanDeserializer.java:326)
		at app//com.fasterxml.jackson.databind.deser.BeanDeserializer.deserialize(BeanDeserializer.java:159)
		at app//com.fasterxml.jackson.databind.ObjectMapper._readMapAndClose(ObjectMapper.java:4013)
		at app//com.fasterxml.jackson.databind.ObjectMapper.readValue(ObjectMapper.java:3023)
		at app//au.com.firemarklabs.nt.NoteDeserializable.deserialize(NoteDeserializable.kt:12)
		at app//au.com.firemarklabs.nt.NoteDeserializable.deserialize(NoteDeserializable.kt:7)
		at app//com.github.kittinunf.fuel.core.ResponseDeserializable$DefaultImpls.deserialize(Deserializable.kt:43)
		at app//au.com.firemarklabs.nt.NoteDeserializable.deserialize(NoteDeserializable.kt:7)
		at app//au.com.firemarklabs.nt.NoteDeserializable.deserialize(NoteDeserializable.kt:7)
		at app//com.github.kittinunf.fuel.core.DeserializableKt.awaitResponse(Deserializable.kt:256)
		at app//au.com.firemarklabs.nt.NTClient$asyncInsert$$inlined$awaitObjectResponse$1.invokeSuspend(Coroutines.kt:68)
		at app//kotlin.coroutines.jvm.internal.BaseContinuationImpl.resumeWith(ContinuationImpl.kt:33)
		at app//kotlinx.coroutines.DispatchedTask.run(DispatchedTask.kt:56)
		at app//kotlinx.coroutines.scheduling.CoroutineScheduler.runSafely(CoroutineScheduler.kt:561)
		at app//kotlinx.coroutines.scheduling.CoroutineScheduler$Worker.executeTask(CoroutineScheduler.kt:727)
		at app//kotlinx.coroutines.scheduling.CoroutineScheduler$Worker.runWorker(CoroutineScheduler.kt:667)
		at app//kotlinx.coroutines.scheduling.CoroutineScheduler$Worker.run(CoroutineScheduler.kt:655)
	Suppressed: Instantiation of [simple type, class au.com.firemarklabs.nt.Note] value failed for JSON property content due to missing (therefore NULL) value for creator parameter content which is a non-nullable type
 at [Source: (String)&quot;{&quot;status&quot;:&quot;success&quot;,&quot;note&quot;:{&quot;tag&quot;:[&quot;performance&quot;],&quot;_id&quot;:&quot;614c1b8aceece30015ab9c53&quot;,&quot;content&quot;:&quot;Note 66&quot;,&quot;__v&quot;:0}}&quot;; line: 1, column: 112] (through reference chain: au.com.firemarklabs.nt.Note[&quot;content&quot;])
	com.github.kittinunf.fuel.core.FuelError$Companion.wrap(FuelError.kt:86)
	com.github.kittinunf.fuel.core.DeserializableKt.awaitResponse(Deserializable.kt:257)
Caused by: com.fasterxml.jackson.module.kotlin.MissingKotlinParameterException: Instantiation of [simple type, class au.com.firemarklabs.nt.Note] value failed for JSON property content due to missing (therefore NULL) value for creator parameter content which is a non-nullable type
 at [Source: (String)&quot;{&quot;status&quot;:&quot;success&quot;,&quot;note&quot;:{&quot;tag&quot;:[&quot;performance&quot;],&quot;_id&quot;:&quot;614c1b8aceece30015ab9c53&quot;,&quot;content&quot;:&quot;Note 66&quot;,&quot;__v&quot;:0}}&quot;; line: 1, column: 112] (through reference chain: au.com.firemarklabs.nt.Note[&quot;content&quot;])
	com.fasterxml.jackson.module.kotlin.KotlinValueInstantiator.createFromObjectWith(KotlinValueInstantiator.kt:107)
	com.fasterxml.jackson.databind.deser.impl.PropertyBasedCreator.build(PropertyBasedCreator.java:195)
	com.fasterxml.jackson.databind.deser.BeanDeserializer._deserializeUsingPropertyBased(BeanDeserializer.java:488)
	com.fasterxml.jackson.databind.deser.BeanDeserializerBase.deserializeFromObjectUsingNonDefault(BeanDeserializerBase.java:1287)
	com.fasterxml.jackson.databind.deser.BeanDeserializer.deserializeFromObject(BeanDeserializer.java:326)
	com.fasterxml.jackson.databind.deser.BeanDeserializer.deserialize(BeanDeserializer.java:159)
	com.fasterxml.jackson.databind.ObjectMapper._readMapAndClose(ObjectMapper.java:4013)
	com.fasterxml.jackson.databind.ObjectMapper.readValue(ObjectMapper.java:3023)
	au.com.firemarklabs.nt.NoteDeserializable.deserialize(NoteDeserializable.kt:12)
	au.com.firemarklabs.nt.NoteDeserializable.deserialize(NoteDeserializable.kt:7)
	com.github.kittinunf.fuel.core.ResponseDeserializable$DefaultImpls.deserialize(Deserializable.kt:43)
	au.com.firemarklabs.nt.NoteDeserializable.deserialize(NoteDeserializable.kt:7)
	au.com.firemarklabs.nt.NoteDeserializable.deserialize(NoteDeserializable.kt:7)
	com.github.kittinunf.fuel.core.DeserializableKt.awaitResponse(Deserializable.kt:256)
	au.com.firemarklabs.nt.NTClient$asyncInsert$$inlined$awaitObjectResponse$1.invokeSuspend(Coroutines.kt:68)
	kotlin.coroutines.jvm.internal.BaseContinuationImpl.resumeWith(ContinuationImpl.kt:33)
	kotlinx.coroutines.DispatchedTask.run(DispatchedTask.kt:56)
	kotlinx.coroutines.scheduling.CoroutineScheduler.runSafely(CoroutineScheduler.kt:561)
	kotlinx.coroutines.scheduling.CoroutineScheduler$Worker.executeTask(CoroutineScheduler.kt:727)
	kotlinx.coroutines.scheduling.CoroutineScheduler$Worker.runWorker(CoroutineScheduler.kt:667)
	kotlinx.coroutines.scheduling.CoroutineScheduler$Worker.run(CoroutineScheduler.kt:655)

		... 2 more
	Caused by: com.fasterxml.jackson.module.kotlin.MissingKotlinParameterException: Instantiation of [simple type, class au.com.firemarklabs.nt.Note] value failed for JSON property content due to missing (therefore NULL) value for creator parameter content which is a non-nullable type
 at [Source: (String)&quot;{&quot;status&quot;:&quot;success&quot;,&quot;note&quot;:{&quot;tag&quot;:[&quot;performance&quot;],&quot;_id&quot;:&quot;614c1b8aceece30015ab9c53&quot;,&quot;content&quot;:&quot;Note 66&quot;,&quot;__v&quot;:0}}&quot;; line: 1, column: 112] (through reference chain: au.com.firemarklabs.nt.Note[&quot;content&quot;])
		at app//com.fasterxml.jackson.module.kotlin.KotlinValueInstantiator.createFromObjectWith(KotlinValueInstantiator.kt:107)
		at app//com.fasterxml.jackson.databind.deser.impl.PropertyBasedCreator.build(PropertyBasedCreator.java:195)
		at app//com.fasterxml.jackson.databind.deser.BeanDeserializer._deserializeUsingPropertyBased(BeanDeserializer.java:488)
		at app//com.fasterxml.jackson.databind.deser.BeanDeserializerBase.deserializeFromObjectUsingNonDefault(BeanDeserializerBase.java:1287)
		at app//com.fasterxml.jackson.databind.deser.BeanDeserializer.deserializeFromObject(BeanDeserializer.java:326)
		at app//com.fasterxml.jackson.databind.deser.BeanDeserializer.deserialize(BeanDeserializer.java:159)
		at app//com.fasterxml.jackson.databind.ObjectMapper._readMapAndClose(ObjectMapper.java:4013)
		at app//com.fasterxml.jackson.databind.ObjectMapper.readValue(ObjectMapper.java:3023)
		at app//au.com.firemarklabs.nt.NoteDeserializable.deserialize(NoteDeserializable.kt:12)
		at app//au.com.firemarklabs.nt.NoteDeserializable.deserialize(NoteDeserializable.kt:7)
		at app//com.github.kittinunf.fuel.core.ResponseDeserializable$DefaultImpls.deserialize(Deserializable.kt:43)
		at app//au.com.firemarklabs.nt.NoteDeserializable.deserialize(NoteDeserializable.kt:7)
		at app//au.com.firemarklabs.nt.NoteDeserializable.deserialize(NoteDeserializable.kt:7)
		at app//com.github.kittinunf.fuel.core.DeserializableKt.awaitResponse(Deserializable.kt:256)
		at app//au.com.firemarklabs.nt.NTClient$asyncInsert$$inlined$awaitObjectResponse$1.invokeSuspend(Coroutines.kt:68)
		at app//kotlin.coroutines.jvm.internal.BaseContinuationImpl.resumeWith(ContinuationImpl.kt:33)
		at app//kotlinx.coroutines.DispatchedTask.run(DispatchedTask.kt:56)
		at app//kotlinx.coroutines.scheduling.CoroutineScheduler.runSafely(CoroutineScheduler.kt:561)
		at app//kotlinx.coroutines.scheduling.CoroutineScheduler$Worker.executeTask(CoroutineScheduler.kt:727)
		at app//kotlinx.coroutines.scheduling.CoroutineScheduler$Worker.runWorker(CoroutineScheduler.kt:667)
		at app//kotlinx.coroutines.scheduling.CoroutineScheduler$Worker.run(CoroutineScheduler.kt:655)
	Suppressed: Instantiation of [simple type, class au.com.firemarklabs.nt.Note] value failed for JSON property content due to missing (therefore NULL) value for creator parameter content which is a non-nullable type
 at [Source: (String)&quot;{&quot;status&quot;:&quot;success&quot;,&quot;note&quot;:{&quot;tag&quot;:[&quot;performance&quot;],&quot;_id&quot;:&quot;614c1b8aceece30015ab9c55&quot;,&quot;content&quot;:&quot;Note 68&quot;,&quot;__v&quot;:0}}&quot;; line: 1, column: 112] (through reference chain: au.com.firemarklabs.nt.Note[&quot;content&quot;])
	com.github.kittinunf.fuel.core.FuelError$Companion.wrap(FuelError.kt:86)
	com.github.kittinunf.fuel.core.DeserializableKt.awaitResponse(Deserializable.kt:257)
Caused by: com.fasterxml.jackson.module.kotlin.MissingKotlinParameterException: Instantiation of [simple type, class au.com.firemarklabs.nt.Note] value failed for JSON property content due to missing (therefore NULL) value for creator parameter content which is a non-nullable type
 at [Source: (String)&quot;{&quot;status&quot;:&quot;success&quot;,&quot;note&quot;:{&quot;tag&quot;:[&quot;performance&quot;],&quot;_id&quot;:&quot;614c1b8aceece30015ab9c55&quot;,&quot;content&quot;:&quot;Note 68&quot;,&quot;__v&quot;:0}}&quot;; line: 1, column: 112] (through reference chain: au.com.firemarklabs.nt.Note[&quot;content&quot;])
	com.fasterxml.jackson.module.kotlin.KotlinValueInstantiator.createFromObjectWith(KotlinValueInstantiator.kt:107)
	com.fasterxml.jackson.databind.deser.impl.PropertyBasedCreator.build(PropertyBasedCreator.java:195)
	com.fasterxml.jackson.databind.deser.BeanDeserializer._deserializeUsingPropertyBased(BeanDeserializer.java:488)
	com.fasterxml.jackson.databind.deser.BeanDeserializerBase.deserializeFromObjectUsingNonDefault(BeanDeserializerBase.java:1287)
	com.fasterxml.jackson.databind.deser.BeanDeserializer.deserializeFromObject(BeanDeserializer.java:326)
	com.fasterxml.jackson.databind.deser.BeanDeserializer.deserialize(BeanDeserializer.java:159)
	com.fasterxml.jackson.databind.ObjectMapper._readMapAndClose(ObjectMapper.java:4013)
	com.fasterxml.jackson.databind.ObjectMapper.readValue(ObjectMapper.java:3023)
	au.com.firemarklabs.nt.NoteDeserializable.deserialize(NoteDeserializable.kt:12)
	au.com.firemarklabs.nt.NoteDeserializable.deserialize(NoteDeserializable.kt:7)
	com.github.kittinunf.fuel.core.ResponseDeserializable$DefaultImpls.deserialize(Deserializable.kt:43)
	au.com.firemarklabs.nt.NoteDeserializable.deserialize(NoteDeserializable.kt:7)
	au.com.firemarklabs.nt.NoteDeserializable.deserialize(NoteDeserializable.kt:7)
	com.github.kittinunf.fuel.core.DeserializableKt.awaitResponse(Deserializable.kt:256)
	au.com.firemarklabs.nt.NTClient$asyncInsert$$inlined$awaitObjectResponse$1.invokeSuspend(Coroutines.kt:68)
	kotlin.coroutines.jvm.internal.BaseContinuationImpl.resumeWith(ContinuationImpl.kt:33)
	kotlinx.coroutines.DispatchedTask.run(DispatchedTask.kt:56)
	kotlinx.coroutines.scheduling.CoroutineScheduler.runSafely(CoroutineScheduler.kt:561)
	kotlinx.coroutines.scheduling.CoroutineScheduler$Worker.executeTask(CoroutineScheduler.kt:727)
	kotlinx.coroutines.scheduling.CoroutineScheduler$Worker.runWorker(CoroutineScheduler.kt:667)
	kotlinx.coroutines.scheduling.CoroutineScheduler$Worker.run(CoroutineScheduler.kt:655)

		... 2 more
	Caused by: com.fasterxml.jackson.module.kotlin.MissingKotlinParameterException: Instantiation of [simple type, class au.com.firemarklabs.nt.Note] value failed for JSON property content due to missing (therefore NULL) value for creator parameter content which is a non-nullable type
 at [Source: (String)&quot;{&quot;status&quot;:&quot;success&quot;,&quot;note&quot;:{&quot;tag&quot;:[&quot;performance&quot;],&quot;_id&quot;:&quot;614c1b8aceece30015ab9c55&quot;,&quot;content&quot;:&quot;Note 68&quot;,&quot;__v&quot;:0}}&quot;; line: 1, column: 112] (through reference chain: au.com.firemarklabs.nt.Note[&quot;content&quot;])
		at app//com.fasterxml.jackson.module.kotlin.KotlinValueInstantiator.createFromObjectWith(KotlinValueInstantiator.kt:107)
		at app//com.fasterxml.jackson.databind.deser.impl.PropertyBasedCreator.build(PropertyBasedCreator.java:195)
		at app//com.fasterxml.jackson.databind.deser.BeanDeserializer._deserializeUsingPropertyBased(BeanDeserializer.java:488)
		at app//com.fasterxml.jackson.databind.deser.BeanDeserializerBase.deserializeFromObjectUsingNonDefault(BeanDeserializerBase.java:1287)
		at app//com.fasterxml.jackson.databind.deser.BeanDeserializer.deserializeFromObject(BeanDeserializer.java:326)
		at app//com.fasterxml.jackson.databind.deser.BeanDeserializer.deserialize(BeanDeserializer.java:159)
		at app//com.fasterxml.jackson.databind.ObjectMapper._readMapAndClose(ObjectMapper.java:4013)
		at app//com.fasterxml.jackson.databind.ObjectMapper.readValue(ObjectMapper.java:3023)
		at app//au.com.firemarklabs.nt.NoteDeserializable.deserialize(NoteDeserializable.kt:12)
		at app//au.com.firemarklabs.nt.NoteDeserializable.deserialize(NoteDeserializable.kt:7)
		at app//com.github.kittinunf.fuel.core.ResponseDeserializable$DefaultImpls.deserialize(Deserializable.kt:43)
		at app//au.com.firemarklabs.nt.NoteDeserializable.deserialize(NoteDeserializable.kt:7)
		at app//au.com.firemarklabs.nt.NoteDeserializable.deserialize(NoteDeserializable.kt:7)
		at app//com.github.kittinunf.fuel.core.DeserializableKt.awaitResponse(Deserializable.kt:256)
		at app//au.com.firemarklabs.nt.NTClient$asyncInsert$$inlined$awaitObjectResponse$1.invokeSuspend(Coroutines.kt:68)
		at app//kotlin.coroutines.jvm.internal.BaseContinuationImpl.resumeWith(ContinuationImpl.kt:33)
		at app//kotlinx.coroutines.DispatchedTask.run(DispatchedTask.kt:56)
		at app//kotlinx.coroutines.scheduling.CoroutineScheduler.runSafely(CoroutineScheduler.kt:561)
		at app//kotlinx.coroutines.scheduling.CoroutineScheduler$Worker.executeTask(CoroutineScheduler.kt:727)
		at app//kotlinx.coroutines.scheduling.CoroutineScheduler$Worker.runWorker(CoroutineScheduler.kt:667)
		at app//kotlinx.coroutines.scheduling.CoroutineScheduler$Worker.run(CoroutineScheduler.kt:655)
	Suppressed: Instantiation of [simple type, class au.com.firemarklabs.nt.Note] value failed for JSON property content due to missing (therefore NULL) value for creator parameter content which is a non-nullable type
 at [Source: (String)&quot;{&quot;status&quot;:&quot;success&quot;,&quot;note&quot;:{&quot;tag&quot;:[&quot;performance&quot;],&quot;_id&quot;:&quot;614c1b8aceece30015ab9c56&quot;,&quot;content&quot;:&quot;Note 69&quot;,&quot;__v&quot;:0}}&quot;; line: 1, column: 112] (through reference chain: au.com.firemarklabs.nt.Note[&quot;content&quot;])
	com.github.kittinunf.fuel.core.FuelError$Companion.wrap(FuelError.kt:86)
	com.github.kittinunf.fuel.core.DeserializableKt.awaitResponse(Deserializable.kt:257)
Caused by: com.fasterxml.jackson.module.kotlin.MissingKotlinParameterException: Instantiation of [simple type, class au.com.firemarklabs.nt.Note] value failed for JSON property content due to missing (therefore NULL) value for creator parameter content which is a non-nullable type
 at [Source: (String)&quot;{&quot;status&quot;:&quot;success&quot;,&quot;note&quot;:{&quot;tag&quot;:[&quot;performance&quot;],&quot;_id&quot;:&quot;614c1b8aceece30015ab9c56&quot;,&quot;content&quot;:&quot;Note 69&quot;,&quot;__v&quot;:0}}&quot;; line: 1, column: 112] (through reference chain: au.com.firemarklabs.nt.Note[&quot;content&quot;])
	com.fasterxml.jackson.module.kotlin.KotlinValueInstantiator.createFromObjectWith(KotlinValueInstantiator.kt:107)
	com.fasterxml.jackson.databind.deser.impl.PropertyBasedCreator.build(PropertyBasedCreator.java:195)
	com.fasterxml.jackson.databind.deser.BeanDeserializer._deserializeUsingPropertyBased(BeanDeserializer.java:488)
	com.fasterxml.jackson.databind.deser.BeanDeserializerBase.deserializeFromObjectUsingNonDefault(BeanDeserializerBase.java:1287)
	com.fasterxml.jackson.databind.deser.BeanDeserializer.deserializeFromObject(BeanDeserializer.java:326)
	com.fasterxml.jackson.databind.deser.BeanDeserializer.deserialize(BeanDeserializer.java:159)
	com.fasterxml.jackson.databind.ObjectMapper._readMapAndClose(ObjectMapper.java:4013)
	com.fasterxml.jackson.databind.ObjectMapper.readValue(ObjectMapper.java:3023)
	au.com.firemarklabs.nt.NoteDeserializable.deserialize(NoteDeserializable.kt:12)
	au.com.firemarklabs.nt.NoteDeserializable.deserialize(NoteDeserializable.kt:7)
	com.github.kittinunf.fuel.core.ResponseDeserializable$DefaultImpls.deserialize(Deserializable.kt:43)
	au.com.firemarklabs.nt.NoteDeserializable.deserialize(NoteDeserializable.kt:7)
	au.com.firemarklabs.nt.NoteDeserializable.deserialize(NoteDeserializable.kt:7)
	com.github.kittinunf.fuel.core.DeserializableKt.awaitResponse(Deserializable.kt:256)
	au.com.firemarklabs.nt.NTClient$asyncInsert$$inlined$awaitObjectResponse$1.invokeSuspend(Coroutines.kt:68)
	kotlin.coroutines.jvm.internal.BaseContinuationImpl.resumeWith(ContinuationImpl.kt:33)
	kotlinx.coroutines.DispatchedTask.run(DispatchedTask.kt:56)
	kotlinx.coroutines.scheduling.CoroutineScheduler.runSafely(CoroutineScheduler.kt:561)
	kotlinx.coroutines.scheduling.CoroutineScheduler$Worker.executeTask(CoroutineScheduler.kt:727)
	kotlinx.coroutines.scheduling.CoroutineScheduler$Worker.runWorker(CoroutineScheduler.kt:667)
	kotlinx.coroutines.scheduling.CoroutineScheduler$Worker.run(CoroutineScheduler.kt:655)

		... 2 more
	Caused by: com.fasterxml.jackson.module.kotlin.MissingKotlinParameterException: Instantiation of [simple type, class au.com.firemarklabs.nt.Note] value failed for JSON property content due to missing (therefore NULL) value for creator parameter content which is a non-nullable type
 at [Source: (String)&quot;{&quot;status&quot;:&quot;success&quot;,&quot;note&quot;:{&quot;tag&quot;:[&quot;performance&quot;],&quot;_id&quot;:&quot;614c1b8aceece30015ab9c56&quot;,&quot;content&quot;:&quot;Note 69&quot;,&quot;__v&quot;:0}}&quot;; line: 1, column: 112] (through reference chain: au.com.firemarklabs.nt.Note[&quot;content&quot;])
		at app//com.fasterxml.jackson.module.kotlin.KotlinValueInstantiator.createFromObjectWith(KotlinValueInstantiator.kt:107)
		at app//com.fasterxml.jackson.databind.deser.impl.PropertyBasedCreator.build(PropertyBasedCreator.java:195)
		at app//com.fasterxml.jackson.databind.deser.BeanDeserializer._deserializeUsingPropertyBased(BeanDeserializer.java:488)
		at app//com.fasterxml.jackson.databind.deser.BeanDeserializerBase.deserializeFromObjectUsingNonDefault(BeanDeserializerBase.java:1287)
		at app//com.fasterxml.jackson.databind.deser.BeanDeserializer.deserializeFromObject(BeanDeserializer.java:326)
		at app//com.fasterxml.jackson.databind.deser.BeanDeserializer.deserialize(BeanDeserializer.java:159)
		at app//com.fasterxml.jackson.databind.ObjectMapper._readMapAndClose(ObjectMapper.java:4013)
		at app//com.fasterxml.jackson.databind.ObjectMapper.readValue(ObjectMapper.java:3023)
		at app//au.com.firemarklabs.nt.NoteDeserializable.deserialize(NoteDeserializable.kt:12)
		at app//au.com.firemarklabs.nt.NoteDeserializable.deserialize(NoteDeserializable.kt:7)
		at app//com.github.kittinunf.fuel.core.ResponseDeserializable$DefaultImpls.deserialize(Deserializable.kt:43)
		at app//au.com.firemarklabs.nt.NoteDeserializable.deserialize(NoteDeserializable.kt:7)
		at app//au.com.firemarklabs.nt.NoteDeserializable.deserialize(NoteDeserializable.kt:7)
		at app//com.github.kittinunf.fuel.core.DeserializableKt.awaitResponse(Deserializable.kt:256)
		at app//au.com.firemarklabs.nt.NTClient$asyncInsert$$inlined$awaitObjectResponse$1.invokeSuspend(Coroutines.kt:68)
		at app//kotlin.coroutines.jvm.internal.BaseContinuationImpl.resumeWith(ContinuationImpl.kt:33)
		at app//kotlinx.coroutines.DispatchedTask.run(DispatchedTask.kt:56)
		at app//kotlinx.coroutines.scheduling.CoroutineScheduler.runSafely(CoroutineScheduler.kt:561)
		at app//kotlinx.coroutines.scheduling.CoroutineScheduler$Worker.executeTask(CoroutineScheduler.kt:727)
		at app//kotlinx.coroutines.scheduling.CoroutineScheduler$Worker.runWorker(CoroutineScheduler.kt:667)
		at app//kotlinx.coroutines.scheduling.CoroutineScheduler$Worker.run(CoroutineScheduler.kt:655)
	Suppressed: Instantiation of [simple type, class au.com.firemarklabs.nt.Note] value failed for JSON property content due to missing (therefore NULL) value for creator parameter content which is a non-nullable type
 at [Source: (String)&quot;{&quot;status&quot;:&quot;success&quot;,&quot;note&quot;:{&quot;tag&quot;:[&quot;performance&quot;],&quot;_id&quot;:&quot;614c1b8aceece30015ab9c57&quot;,&quot;content&quot;:&quot;Note 70&quot;,&quot;__v&quot;:0}}&quot;; line: 1, column: 112] (through reference chain: au.com.firemarklabs.nt.Note[&quot;content&quot;])
	com.github.kittinunf.fuel.core.FuelError$Companion.wrap(FuelError.kt:86)
	com.github.kittinunf.fuel.core.DeserializableKt.awaitResponse(Deserializable.kt:257)
Caused by: com.fasterxml.jackson.module.kotlin.MissingKotlinParameterException: Instantiation of [simple type, class au.com.firemarklabs.nt.Note] value failed for JSON property content due to missing (therefore NULL) value for creator parameter content which is a non-nullable type
 at [Source: (String)&quot;{&quot;status&quot;:&quot;success&quot;,&quot;note&quot;:{&quot;tag&quot;:[&quot;performance&quot;],&quot;_id&quot;:&quot;614c1b8aceece30015ab9c57&quot;,&quot;content&quot;:&quot;Note 70&quot;,&quot;__v&quot;:0}}&quot;; line: 1, column: 112] (through reference chain: au.com.firemarklabs.nt.Note[&quot;content&quot;])
	com.fasterxml.jackson.module.kotlin.KotlinValueInstantiator.createFromObjectWith(KotlinValueInstantiator.kt:107)
	com.fasterxml.jackson.databind.deser.impl.PropertyBasedCreator.build(PropertyBasedCreator.java:195)
	com.fasterxml.jackson.databind.deser.BeanDeserializer._deserializeUsingPropertyBased(BeanDeserializer.java:488)
	com.fasterxml.jackson.databind.deser.BeanDeserializerBase.deserializeFromObjectUsingNonDefault(BeanDeserializerBase.java:1287)
	com.fasterxml.jackson.databind.deser.BeanDeserializer.deserializeFromObject(BeanDeserializer.java:326)
	com.fasterxml.jackson.databind.deser.BeanDeserializer.deserialize(BeanDeserializer.java:159)
	com.fasterxml.jackson.databind.ObjectMapper._readMapAndClose(ObjectMapper.java:4013)
	com.fasterxml.jackson.databind.ObjectMapper.readValue(ObjectMapper.java:3023)
	au.com.firemarklabs.nt.NoteDeserializable.deserialize(NoteDeserializable.kt:12)
	au.com.firemarklabs.nt.NoteDeserializable.deserialize(NoteDeserializable.kt:7)
	com.github.kittinunf.fuel.core.ResponseDeserializable$DefaultImpls.deserialize(Deserializable.kt:43)
	au.com.firemarklabs.nt.NoteDeserializable.deserialize(NoteDeserializable.kt:7)
	au.com.firemarklabs.nt.NoteDeserializable.deserialize(NoteDeserializable.kt:7)
	com.github.kittinunf.fuel.core.DeserializableKt.awaitResponse(Deserializable.kt:256)
	au.com.firemarklabs.nt.NTClient$asyncInsert$$inlined$awaitObjectResponse$1.invokeSuspend(Coroutines.kt:68)
	kotlin.coroutines.jvm.internal.BaseContinuationImpl.resumeWith(ContinuationImpl.kt:33)
	kotlinx.coroutines.DispatchedTask.run(DispatchedTask.kt:56)
	kotlinx.coroutines.scheduling.CoroutineScheduler.runSafely(CoroutineScheduler.kt:561)
	kotlinx.coroutines.scheduling.CoroutineScheduler$Worker.executeTask(CoroutineScheduler.kt:727)
	kotlinx.coroutines.scheduling.CoroutineScheduler$Worker.runWorker(CoroutineScheduler.kt:667)
	kotlinx.coroutines.scheduling.CoroutineScheduler$Worker.run(CoroutineScheduler.kt:655)

		... 2 more
	Caused by: com.fasterxml.jackson.module.kotlin.MissingKotlinParameterException: Instantiation of [simple type, class au.com.firemarklabs.nt.Note] value failed for JSON property content due to missing (therefore NULL) value for creator parameter content which is a non-nullable type
 at [Source: (String)&quot;{&quot;status&quot;:&quot;success&quot;,&quot;note&quot;:{&quot;tag&quot;:[&quot;performance&quot;],&quot;_id&quot;:&quot;614c1b8aceece30015ab9c57&quot;,&quot;content&quot;:&quot;Note 70&quot;,&quot;__v&quot;:0}}&quot;; line: 1, column: 112] (through reference chain: au.com.firemarklabs.nt.Note[&quot;content&quot;])
		at app//com.fasterxml.jackson.module.kotlin.KotlinValueInstantiator.createFromObjectWith(KotlinValueInstantiator.kt:107)
		at app//com.fasterxml.jackson.databind.deser.impl.PropertyBasedCreator.build(PropertyBasedCreator.java:195)
		at app//com.fasterxml.jackson.databind.deser.BeanDeserializer._deserializeUsingPropertyBased(BeanDeserializer.java:488)
		at app//com.fasterxml.jackson.databind.deser.BeanDeserializerBase.deserializeFromObjectUsingNonDefault(BeanDeserializerBase.java:1287)
		at app//com.fasterxml.jackson.databind.deser.BeanDeserializer.deserializeFromObject(BeanDeserializer.java:326)
		at app//com.fasterxml.jackson.databind.deser.BeanDeserializer.deserialize(BeanDeserializer.java:159)
		at app//com.fasterxml.jackson.databind.ObjectMapper._readMapAndClose(ObjectMapper.java:4013)
		at app//com.fasterxml.jackson.databind.ObjectMapper.readValue(ObjectMapper.java:3023)
		at app//au.com.firemarklabs.nt.NoteDeserializable.deserialize(NoteDeserializable.kt:12)
		at app//au.com.firemarklabs.nt.NoteDeserializable.deserialize(NoteDeserializable.kt:7)
		at app//com.github.kittinunf.fuel.core.ResponseDeserializable$DefaultImpls.deserialize(Deserializable.kt:43)
		at app//au.com.firemarklabs.nt.NoteDeserializable.deserialize(NoteDeserializable.kt:7)
		at app//au.com.firemarklabs.nt.NoteDeserializable.deserialize(NoteDeserializable.kt:7)
		at app//com.github.kittinunf.fuel.core.DeserializableKt.awaitResponse(Deserializable.kt:256)
		at app//au.com.firemarklabs.nt.NTClient$asyncInsert$$inlined$awaitObjectResponse$1.invokeSuspend(Coroutines.kt:68)
		at app//kotlin.coroutines.jvm.internal.BaseContinuationImpl.resumeWith(ContinuationImpl.kt:33)
		at app//kotlinx.coroutines.DispatchedTask.run(DispatchedTask.kt:56)
		at app//kotlinx.coroutines.scheduling.CoroutineScheduler.runSafely(CoroutineScheduler.kt:561)
		at app//kotlinx.coroutines.scheduling.CoroutineScheduler$Worker.executeTask(CoroutineScheduler.kt:727)
		at app//kotlinx.coroutines.scheduling.CoroutineScheduler$Worker.runWorker(CoroutineScheduler.kt:667)
		at app//kotlinx.coroutines.scheduling.CoroutineScheduler$Worker.run(CoroutineScheduler.kt:655)
	Suppressed: Instantiation of [simple type, class au.com.firemarklabs.nt.Note] value failed for JSON property content due to missing (therefore NULL) value for creator parameter content which is a non-nullable type
 at [Source: (String)&quot;{&quot;status&quot;:&quot;success&quot;,&quot;note&quot;:{&quot;tag&quot;:[&quot;performance&quot;],&quot;_id&quot;:&quot;614c1b8aceece30015ab9c58&quot;,&quot;content&quot;:&quot;Note 71&quot;,&quot;__v&quot;:0}}&quot;; line: 1, column: 112] (through reference chain: au.com.firemarklabs.nt.Note[&quot;content&quot;])
	com.github.kittinunf.fuel.core.FuelError$Companion.wrap(FuelError.kt:86)
	com.github.kittinunf.fuel.core.DeserializableKt.awaitResponse(Deserializable.kt:257)
Caused by: com.fasterxml.jackson.module.kotlin.MissingKotlinParameterException: Instantiation of [simple type, class au.com.firemarklabs.nt.Note] value failed for JSON property content due to missing (therefore NULL) value for creator parameter content which is a non-nullable type
 at [Source: (String)&quot;{&quot;status&quot;:&quot;success&quot;,&quot;note&quot;:{&quot;tag&quot;:[&quot;performance&quot;],&quot;_id&quot;:&quot;614c1b8aceece30015ab9c58&quot;,&quot;content&quot;:&quot;Note 71&quot;,&quot;__v&quot;:0}}&quot;; line: 1, column: 112] (through reference chain: au.com.firemarklabs.nt.Note[&quot;content&quot;])
	com.fasterxml.jackson.module.kotlin.KotlinValueInstantiator.createFromObjectWith(KotlinValueInstantiator.kt:107)
	com.fasterxml.jackson.databind.deser.impl.PropertyBasedCreator.build(PropertyBasedCreator.java:195)
	com.fasterxml.jackson.databind.deser.BeanDeserializer._deserializeUsingPropertyBased(BeanDeserializer.java:488)
	com.fasterxml.jackson.databind.deser.BeanDeserializerBase.deserializeFromObjectUsingNonDefault(BeanDeserializerBase.java:1287)
	com.fasterxml.jackson.databind.deser.BeanDeserializer.deserializeFromObject(BeanDeserializer.java:326)
	com.fasterxml.jackson.databind.deser.BeanDeserializer.deserialize(BeanDeserializer.java:159)
	com.fasterxml.jackson.databind.ObjectMapper._readMapAndClose(ObjectMapper.java:4013)
	com.fasterxml.jackson.databind.ObjectMapper.readValue(ObjectMapper.java:3023)
	au.com.firemarklabs.nt.NoteDeserializable.deserialize(NoteDeserializable.kt:12)
	au.com.firemarklabs.nt.NoteDeserializable.deserialize(NoteDeserializable.kt:7)
	com.github.kittinunf.fuel.core.ResponseDeserializable$DefaultImpls.deserialize(Deserializable.kt:43)
	au.com.firemarklabs.nt.NoteDeserializable.deserialize(NoteDeserializable.kt:7)
	au.com.firemarklabs.nt.NoteDeserializable.deserialize(NoteDeserializable.kt:7)
	com.github.kittinunf.fuel.core.DeserializableKt.awaitResponse(Deserializable.kt:256)
	au.com.firemarklabs.nt.NTClient$asyncInsert$$inlined$awaitObjectResponse$1.invokeSuspend(Coroutines.kt:68)
	kotlin.coroutines.jvm.internal.BaseContinuationImpl.resumeWith(ContinuationImpl.kt:33)
	kotlinx.coroutines.DispatchedTask.run(DispatchedTask.kt:56)
	kotlinx.coroutines.scheduling.CoroutineScheduler.runSafely(CoroutineScheduler.kt:561)
	kotlinx.coroutines.scheduling.CoroutineScheduler$Worker.executeTask(CoroutineScheduler.kt:727)
	kotlinx.coroutines.scheduling.CoroutineScheduler$Worker.runWorker(CoroutineScheduler.kt:667)
	kotlinx.coroutines.scheduling.CoroutineScheduler$Worker.run(CoroutineScheduler.kt:655)

		... 2 more
	Caused by: com.fasterxml.jackson.module.kotlin.MissingKotlinParameterException: Instantiation of [simple type, class au.com.firemarklabs.nt.Note] value failed for JSON property content due to missing (therefore NULL) value for creator parameter content which is a non-nullable type
 at [Source: (String)&quot;{&quot;status&quot;:&quot;success&quot;,&quot;note&quot;:{&quot;tag&quot;:[&quot;performance&quot;],&quot;_id&quot;:&quot;614c1b8aceece30015ab9c58&quot;,&quot;content&quot;:&quot;Note 71&quot;,&quot;__v&quot;:0}}&quot;; line: 1, column: 112] (through reference chain: au.com.firemarklabs.nt.Note[&quot;content&quot;])
		at app//com.fasterxml.jackson.module.kotlin.KotlinValueInstantiator.createFromObjectWith(KotlinValueInstantiator.kt:107)
		at app//com.fasterxml.jackson.databind.deser.impl.PropertyBasedCreator.build(PropertyBasedCreator.java:195)
		at app//com.fasterxml.jackson.databind.deser.BeanDeserializer._deserializeUsingPropertyBased(BeanDeserializer.java:488)
		at app//com.fasterxml.jackson.databind.deser.BeanDeserializerBase.deserializeFromObjectUsingNonDefault(BeanDeserializerBase.java:1287)
		at app//com.fasterxml.jackson.databind.deser.BeanDeserializer.deserializeFromObject(BeanDeserializer.java:326)
		at app//com.fasterxml.jackson.databind.deser.BeanDeserializer.deserialize(BeanDeserializer.java:159)
		at app//com.fasterxml.jackson.databind.ObjectMapper._readMapAndClose(ObjectMapper.java:4013)
		at app//com.fasterxml.jackson.databind.ObjectMapper.readValue(ObjectMapper.java:3023)
		at app//au.com.firemarklabs.nt.NoteDeserializable.deserialize(NoteDeserializable.kt:12)
		at app//au.com.firemarklabs.nt.NoteDeserializable.deserialize(NoteDeserializable.kt:7)
		at app//com.github.kittinunf.fuel.core.ResponseDeserializable$DefaultImpls.deserialize(Deserializable.kt:43)
		at app//au.com.firemarklabs.nt.NoteDeserializable.deserialize(NoteDeserializable.kt:7)
		at app//au.com.firemarklabs.nt.NoteDeserializable.deserialize(NoteDeserializable.kt:7)
		at app//com.github.kittinunf.fuel.core.DeserializableKt.awaitResponse(Deserializable.kt:256)
		at app//au.com.firemarklabs.nt.NTClient$asyncInsert$$inlined$awaitObjectResponse$1.invokeSuspend(Coroutines.kt:68)
		at app//kotlin.coroutines.jvm.internal.BaseContinuationImpl.resumeWith(ContinuationImpl.kt:33)
		at app//kotlinx.coroutines.DispatchedTask.run(DispatchedTask.kt:56)
		at app//kotlinx.coroutines.scheduling.CoroutineScheduler.runSafely(CoroutineScheduler.kt:561)
		at app//kotlinx.coroutines.scheduling.CoroutineScheduler$Worker.executeTask(CoroutineScheduler.kt:727)
		at app//kotlinx.coroutines.scheduling.CoroutineScheduler$Worker.runWorker(CoroutineScheduler.kt:667)
		at app//kotlinx.coroutines.scheduling.CoroutineScheduler$Worker.run(CoroutineScheduler.kt:655)
	Suppressed: Instantiation of [simple type, class au.com.firemarklabs.nt.Note] value failed for JSON property content due to missing (therefore NULL) value for creator parameter content which is a non-nullable type
 at [Source: (String)&quot;{&quot;status&quot;:&quot;success&quot;,&quot;note&quot;:{&quot;tag&quot;:[&quot;performance&quot;],&quot;_id&quot;:&quot;614c1b8aceece30015ab9c59&quot;,&quot;content&quot;:&quot;Note 11&quot;,&quot;__v&quot;:0}}&quot;; line: 1, column: 112] (through reference chain: au.com.firemarklabs.nt.Note[&quot;content&quot;])
	com.github.kittinunf.fuel.core.FuelError$Companion.wrap(FuelError.kt:86)
	com.github.kittinunf.fuel.core.DeserializableKt.awaitResponse(Deserializable.kt:257)
Caused by: com.fasterxml.jackson.module.kotlin.MissingKotlinParameterException: Instantiation of [simple type, class au.com.firemarklabs.nt.Note] value failed for JSON property content due to missing (therefore NULL) value for creator parameter content which is a non-nullable type
 at [Source: (String)&quot;{&quot;status&quot;:&quot;success&quot;,&quot;note&quot;:{&quot;tag&quot;:[&quot;performance&quot;],&quot;_id&quot;:&quot;614c1b8aceece30015ab9c59&quot;,&quot;content&quot;:&quot;Note 11&quot;,&quot;__v&quot;:0}}&quot;; line: 1, column: 112] (through reference chain: au.com.firemarklabs.nt.Note[&quot;content&quot;])
	com.fasterxml.jackson.module.kotlin.KotlinValueInstantiator.createFromObjectWith(KotlinValueInstantiator.kt:107)
	com.fasterxml.jackson.databind.deser.impl.PropertyBasedCreator.build(PropertyBasedCreator.java:195)
	com.fasterxml.jackson.databind.deser.BeanDeserializer._deserializeUsingPropertyBased(BeanDeserializer.java:488)
	com.fasterxml.jackson.databind.deser.BeanDeserializerBase.deserializeFromObjectUsingNonDefault(BeanDeserializerBase.java:1287)
	com.fasterxml.jackson.databind.deser.BeanDeserializer.deserializeFromObject(BeanDeserializer.java:326)
	com.fasterxml.jackson.databind.deser.BeanDeserializer.deserialize(BeanDeserializer.java:159)
	com.fasterxml.jackson.databind.ObjectMapper._readMapAndClose(ObjectMapper.java:4013)
	com.fasterxml.jackson.databind.ObjectMapper.readValue(ObjectMapper.java:3023)
	au.com.firemarklabs.nt.NoteDeserializable.deserialize(NoteDeserializable.kt:12)
	au.com.firemarklabs.nt.NoteDeserializable.deserialize(NoteDeserializable.kt:7)
	com.github.kittinunf.fuel.core.ResponseDeserializable$DefaultImpls.deserialize(Deserializable.kt:43)
	au.com.firemarklabs.nt.NoteDeserializable.deserialize(NoteDeserializable.kt:7)
	au.com.firemarklabs.nt.NoteDeserializable.deserialize(NoteDeserializable.kt:7)
	com.github.kittinunf.fuel.core.DeserializableKt.awaitResponse(Deserializable.kt:256)
	au.com.firemarklabs.nt.NTClient$asyncInsert$$inlined$awaitObjectResponse$1.invokeSuspend(Coroutines.kt:68)
	kotlin.coroutines.jvm.internal.BaseContinuationImpl.resumeWith(ContinuationImpl.kt:33)
	kotlinx.coroutines.DispatchedTask.run(DispatchedTask.kt:56)
	kotlinx.coroutines.scheduling.CoroutineScheduler.runSafely(CoroutineScheduler.kt:561)
	kotlinx.coroutines.scheduling.CoroutineScheduler$Worker.executeTask(CoroutineScheduler.kt:727)
	kotlinx.coroutines.scheduling.CoroutineScheduler$Worker.runWorker(CoroutineScheduler.kt:667)
	kotlinx.coroutines.scheduling.CoroutineScheduler$Worker.run(CoroutineScheduler.kt:655)

		... 2 more
	Caused by: com.fasterxml.jackson.module.kotlin.MissingKotlinParameterException: Instantiation of [simple type, class au.com.firemarklabs.nt.Note] value failed for JSON property content due to missing (therefore NULL) value for creator parameter content which is a non-nullable type
 at [Source: (String)&quot;{&quot;status&quot;:&quot;success&quot;,&quot;note&quot;:{&quot;tag&quot;:[&quot;performance&quot;],&quot;_id&quot;:&quot;614c1b8aceece30015ab9c59&quot;,&quot;content&quot;:&quot;Note 11&quot;,&quot;__v&quot;:0}}&quot;; line: 1, column: 112] (through reference chain: au.com.firemarklabs.nt.Note[&quot;content&quot;])
		at app//com.fasterxml.jackson.module.kotlin.KotlinValueInstantiator.createFromObjectWith(KotlinValueInstantiator.kt:107)
		at app//com.fasterxml.jackson.databind.deser.impl.PropertyBasedCreator.build(PropertyBasedCreator.java:195)
		at app//com.fasterxml.jackson.databind.deser.BeanDeserializer._deserializeUsingPropertyBased(BeanDeserializer.java:488)
		at app//com.fasterxml.jackson.databind.deser.BeanDeserializerBase.deserializeFromObjectUsingNonDefault(BeanDeserializerBase.java:1287)
		at app//com.fasterxml.jackson.databind.deser.BeanDeserializer.deserializeFromObject(BeanDeserializer.java:326)
		at app//com.fasterxml.jackson.databind.deser.BeanDeserializer.deserialize(BeanDeserializer.java:159)
		at app//com.fasterxml.jackson.databind.ObjectMapper._readMapAndClose(ObjectMapper.java:4013)
		at app//com.fasterxml.jackson.databind.ObjectMapper.readValue(ObjectMapper.java:3023)
		at app//au.com.firemarklabs.nt.NoteDeserializable.deserialize(NoteDeserializable.kt:12)
		at app//au.com.firemarklabs.nt.NoteDeserializable.deserialize(NoteDeserializable.kt:7)
		at app//com.github.kittinunf.fuel.core.ResponseDeserializable$DefaultImpls.deserialize(Deserializable.kt:43)
		at app//au.com.firemarklabs.nt.NoteDeserializable.deserialize(NoteDeserializable.kt:7)
		at app//au.com.firemarklabs.nt.NoteDeserializable.deserialize(NoteDeserializable.kt:7)
		at app//com.github.kittinunf.fuel.core.DeserializableKt.awaitResponse(Deserializable.kt:256)
		at app//au.com.firemarklabs.nt.NTClient$asyncInsert$$inlined$awaitObjectResponse$1.invokeSuspend(Coroutines.kt:68)
		at app//kotlin.coroutines.jvm.internal.BaseContinuationImpl.resumeWith(ContinuationImpl.kt:33)
		at app//kotlinx.coroutines.DispatchedTask.run(DispatchedTask.kt:56)
		at app//kotlinx.coroutines.scheduling.CoroutineScheduler.runSafely(CoroutineScheduler.kt:561)
		at app//kotlinx.coroutines.scheduling.CoroutineScheduler$Worker.executeTask(CoroutineScheduler.kt:727)
		at app//kotlinx.coroutines.scheduling.CoroutineScheduler$Worker.runWorker(CoroutineScheduler.kt:667)
		at app//kotlinx.coroutines.scheduling.CoroutineScheduler$Worker.run(CoroutineScheduler.kt:655)
	Suppressed: Instantiation of [simple type, class au.com.firemarklabs.nt.Note] value failed for JSON property content due to missing (therefore NULL) value for creator parameter content which is a non-nullable type
 at [Source: (String)&quot;{&quot;status&quot;:&quot;success&quot;,&quot;note&quot;:{&quot;tag&quot;:[&quot;performance&quot;],&quot;_id&quot;:&quot;614c1b8aceece30015ab9c5a&quot;,&quot;content&quot;:&quot;Note 15&quot;,&quot;__v&quot;:0}}&quot;; line: 1, column: 112] (through reference chain: au.com.firemarklabs.nt.Note[&quot;content&quot;])
	com.github.kittinunf.fuel.core.FuelError$Companion.wrap(FuelError.kt:86)
	com.github.kittinunf.fuel.core.DeserializableKt.awaitResponse(Deserializable.kt:257)
Caused by: com.fasterxml.jackson.module.kotlin.MissingKotlinParameterException: Instantiation of [simple type, class au.com.firemarklabs.nt.Note] value failed for JSON property content due to missing (therefore NULL) value for creator parameter content which is a non-nullable type
 at [Source: (String)&quot;{&quot;status&quot;:&quot;success&quot;,&quot;note&quot;:{&quot;tag&quot;:[&quot;performance&quot;],&quot;_id&quot;:&quot;614c1b8aceece30015ab9c5a&quot;,&quot;content&quot;:&quot;Note 15&quot;,&quot;__v&quot;:0}}&quot;; line: 1, column: 112] (through reference chain: au.com.firemarklabs.nt.Note[&quot;content&quot;])
	com.fasterxml.jackson.module.kotlin.KotlinValueInstantiator.createFromObjectWith(KotlinValueInstantiator.kt:107)
	com.fasterxml.jackson.databind.deser.impl.PropertyBasedCreator.build(PropertyBasedCreator.java:195)
	com.fasterxml.jackson.databind.deser.BeanDeserializer._deserializeUsingPropertyBased(BeanDeserializer.java:488)
	com.fasterxml.jackson.databind.deser.BeanDeserializerBase.deserializeFromObjectUsingNonDefault(BeanDeserializerBase.java:1287)
	com.fasterxml.jackson.databind.deser.BeanDeserializer.deserializeFromObject(BeanDeserializer.java:326)
	com.fasterxml.jackson.databind.deser.BeanDeserializer.deserialize(BeanDeserializer.java:159)
	com.fasterxml.jackson.databind.ObjectMapper._readMapAndClose(ObjectMapper.java:4013)
	com.fasterxml.jackson.databind.ObjectMapper.readValue(ObjectMapper.java:3023)
	au.com.firemarklabs.nt.NoteDeserializable.deserialize(NoteDeserializable.kt:12)
	au.com.firemarklabs.nt.NoteDeserializable.deserialize(NoteDeserializable.kt:7)
	com.github.kittinunf.fuel.core.ResponseDeserializable$DefaultImpls.deserialize(Deserializable.kt:43)
	au.com.firemarklabs.nt.NoteDeserializable.deserialize(NoteDeserializable.kt:7)
	au.com.firemarklabs.nt.NoteDeserializable.deserialize(NoteDeserializable.kt:7)
	com.github.kittinunf.fuel.core.DeserializableKt.awaitResponse(Deserializable.kt:256)
	au.com.firemarklabs.nt.NTClient$asyncInsert$$inlined$awaitObjectResponse$1.invokeSuspend(Coroutines.kt:68)
	kotlin.coroutines.jvm.internal.BaseContinuationImpl.resumeWith(ContinuationImpl.kt:33)
	kotlinx.coroutines.DispatchedTask.run(DispatchedTask.kt:56)
	kotlinx.coroutines.scheduling.CoroutineScheduler.runSafely(CoroutineScheduler.kt:561)
	kotlinx.coroutines.scheduling.CoroutineScheduler$Worker.executeTask(CoroutineScheduler.kt:727)
	kotlinx.coroutines.scheduling.CoroutineScheduler$Worker.runWorker(CoroutineScheduler.kt:667)
	kotlinx.coroutines.scheduling.CoroutineScheduler$Worker.run(CoroutineScheduler.kt:655)

		... 2 more
	Caused by: com.fasterxml.jackson.module.kotlin.MissingKotlinParameterException: Instantiation of [simple type, class au.com.firemarklabs.nt.Note] value failed for JSON property content due to missing (therefore NULL) value for creator parameter content which is a non-nullable type
 at [Source: (String)&quot;{&quot;status&quot;:&quot;success&quot;,&quot;note&quot;:{&quot;tag&quot;:[&quot;performance&quot;],&quot;_id&quot;:&quot;614c1b8aceece30015ab9c5a&quot;,&quot;content&quot;:&quot;Note 15&quot;,&quot;__v&quot;:0}}&quot;; line: 1, column: 112] (through reference chain: au.com.firemarklabs.nt.Note[&quot;content&quot;])
		at app//com.fasterxml.jackson.module.kotlin.KotlinValueInstantiator.createFromObjectWith(KotlinValueInstantiator.kt:107)
		at app//com.fasterxml.jackson.databind.deser.impl.PropertyBasedCreator.build(PropertyBasedCreator.java:195)
		at app//com.fasterxml.jackson.databind.deser.BeanDeserializer._deserializeUsingPropertyBased(BeanDeserializer.java:488)
		at app//com.fasterxml.jackson.databind.deser.BeanDeserializerBase.deserializeFromObjectUsingNonDefault(BeanDeserializerBase.java:1287)
		at app//com.fasterxml.jackson.databind.deser.BeanDeserializer.deserializeFromObject(BeanDeserializer.java:326)
		at app//com.fasterxml.jackson.databind.deser.BeanDeserializer.deserialize(BeanDeserializer.java:159)
		at app//com.fasterxml.jackson.databind.ObjectMapper._readMapAndClose(ObjectMapper.java:4013)
		at app//com.fasterxml.jackson.databind.ObjectMapper.readValue(ObjectMapper.java:3023)
		at app//au.com.firemarklabs.nt.NoteDeserializable.deserialize(NoteDeserializable.kt:12)
		at app//au.com.firemarklabs.nt.NoteDeserializable.deserialize(NoteDeserializable.kt:7)
		at app//com.github.kittinunf.fuel.core.ResponseDeserializable$DefaultImpls.deserialize(Deserializable.kt:43)
		at app//au.com.firemarklabs.nt.NoteDeserializable.deserialize(NoteDeserializable.kt:7)
		at app//au.com.firemarklabs.nt.NoteDeserializable.deserialize(NoteDeserializable.kt:7)
		at app//com.github.kittinunf.fuel.core.DeserializableKt.awaitResponse(Deserializable.kt:256)
		at app//au.com.firemarklabs.nt.NTClient$asyncInsert$$inlined$awaitObjectResponse$1.invokeSuspend(Coroutines.kt:68)
		at app//kotlin.coroutines.jvm.internal.BaseContinuationImpl.resumeWith(ContinuationImpl.kt:33)
		at app//kotlinx.coroutines.DispatchedTask.run(DispatchedTask.kt:56)
		at app//kotlinx.coroutines.scheduling.CoroutineScheduler.runSafely(CoroutineScheduler.kt:561)
		at app//kotlinx.coroutines.scheduling.CoroutineScheduler$Worker.executeTask(CoroutineScheduler.kt:727)
		at app//kotlinx.coroutines.scheduling.CoroutineScheduler$Worker.runWorker(CoroutineScheduler.kt:667)
		at app//kotlinx.coroutines.scheduling.CoroutineScheduler$Worker.run(CoroutineScheduler.kt:655)
	Suppressed: Instantiation of [simple type, class au.com.firemarklabs.nt.Note] value failed for JSON property content due to missing (therefore NULL) value for creator parameter content which is a non-nullable type
 at [Source: (String)&quot;{&quot;status&quot;:&quot;success&quot;,&quot;note&quot;:{&quot;tag&quot;:[&quot;performance&quot;],&quot;_id&quot;:&quot;614c1b8aceece30015ab9c5b&quot;,&quot;content&quot;:&quot;Note 10&quot;,&quot;__v&quot;:0}}&quot;; line: 1, column: 112] (through reference chain: au.com.firemarklabs.nt.Note[&quot;content&quot;])
	com.github.kittinunf.fuel.core.FuelError$Companion.wrap(FuelError.kt:86)
	com.github.kittinunf.fuel.core.DeserializableKt.awaitResponse(Deserializable.kt:257)
Caused by: com.fasterxml.jackson.module.kotlin.MissingKotlinParameterException: Instantiation of [simple type, class au.com.firemarklabs.nt.Note] value failed for JSON property content due to missing (therefore NULL) value for creator parameter content which is a non-nullable type
 at [Source: (String)&quot;{&quot;status&quot;:&quot;success&quot;,&quot;note&quot;:{&quot;tag&quot;:[&quot;performance&quot;],&quot;_id&quot;:&quot;614c1b8aceece30015ab9c5b&quot;,&quot;content&quot;:&quot;Note 10&quot;,&quot;__v&quot;:0}}&quot;; line: 1, column: 112] (through reference chain: au.com.firemarklabs.nt.Note[&quot;content&quot;])
	com.fasterxml.jackson.module.kotlin.KotlinValueInstantiator.createFromObjectWith(KotlinValueInstantiator.kt:107)
	com.fasterxml.jackson.databind.deser.impl.PropertyBasedCreator.build(PropertyBasedCreator.java:195)
	com.fasterxml.jackson.databind.deser.BeanDeserializer._deserializeUsingPropertyBased(BeanDeserializer.java:488)
	com.fasterxml.jackson.databind.deser.BeanDeserializerBase.deserializeFromObjectUsingNonDefault(BeanDeserializerBase.java:1287)
	com.fasterxml.jackson.databind.deser.BeanDeserializer.deserializeFromObject(BeanDeserializer.java:326)
	com.fasterxml.jackson.databind.deser.BeanDeserializer.deserialize(BeanDeserializer.java:159)
	com.fasterxml.jackson.databind.ObjectMapper._readMapAndClose(ObjectMapper.java:4013)
	com.fasterxml.jackson.databind.ObjectMapper.readValue(ObjectMapper.java:3023)
	au.com.firemarklabs.nt.NoteDeserializable.deserialize(NoteDeserializable.kt:12)
	au.com.firemarklabs.nt.NoteDeserializable.deserialize(NoteDeserializable.kt:7)
	com.github.kittinunf.fuel.core.ResponseDeserializable$DefaultImpls.deserialize(Deserializable.kt:43)
	au.com.firemarklabs.nt.NoteDeserializable.deserialize(NoteDeserializable.kt:7)
	au.com.firemarklabs.nt.NoteDeserializable.deserialize(NoteDeserializable.kt:7)
	com.github.kittinunf.fuel.core.DeserializableKt.awaitResponse(Deserializable.kt:256)
	au.com.firemarklabs.nt.NTClient$asyncInsert$$inlined$awaitObjectResponse$1.invokeSuspend(Coroutines.kt:68)
	kotlin.coroutines.jvm.internal.BaseContinuationImpl.resumeWith(ContinuationImpl.kt:33)
	kotlinx.coroutines.DispatchedTask.run(DispatchedTask.kt:56)
	kotlinx.coroutines.scheduling.CoroutineScheduler.runSafely(CoroutineScheduler.kt:561)
	kotlinx.coroutines.scheduling.CoroutineScheduler$Worker.executeTask(CoroutineScheduler.kt:727)
	kotlinx.coroutines.scheduling.CoroutineScheduler$Worker.runWorker(CoroutineScheduler.kt:667)
	kotlinx.coroutines.scheduling.CoroutineScheduler$Worker.run(CoroutineScheduler.kt:655)

		... 2 more
	Caused by: com.fasterxml.jackson.module.kotlin.MissingKotlinParameterException: Instantiation of [simple type, class au.com.firemarklabs.nt.Note] value failed for JSON property content due to missing (therefore NULL) value for creator parameter content which is a non-nullable type
 at [Source: (String)&quot;{&quot;status&quot;:&quot;success&quot;,&quot;note&quot;:{&quot;tag&quot;:[&quot;performance&quot;],&quot;_id&quot;:&quot;614c1b8aceece30015ab9c5b&quot;,&quot;content&quot;:&quot;Note 10&quot;,&quot;__v&quot;:0}}&quot;; line: 1, column: 112] (through reference chain: au.com.firemarklabs.nt.Note[&quot;content&quot;])
		at app//com.fasterxml.jackson.module.kotlin.KotlinValueInstantiator.createFromObjectWith(KotlinValueInstantiator.kt:107)
		at app//com.fasterxml.jackson.databind.deser.impl.PropertyBasedCreator.build(PropertyBasedCreator.java:195)
		at app//com.fasterxml.jackson.databind.deser.BeanDeserializer._deserializeUsingPropertyBased(BeanDeserializer.java:488)
		at app//com.fasterxml.jackson.databind.deser.BeanDeserializerBase.deserializeFromObjectUsingNonDefault(BeanDeserializerBase.java:1287)
		at app//com.fasterxml.jackson.databind.deser.BeanDeserializer.deserializeFromObject(BeanDeserializer.java:326)
		at app//com.fasterxml.jackson.databind.deser.BeanDeserializer.deserialize(BeanDeserializer.java:159)
		at app//com.fasterxml.jackson.databind.ObjectMapper._readMapAndClose(ObjectMapper.java:4013)
		at app//com.fasterxml.jackson.databind.ObjectMapper.readValue(ObjectMapper.java:3023)
		at app//au.com.firemarklabs.nt.NoteDeserializable.deserialize(NoteDeserializable.kt:12)
		at app//au.com.firemarklabs.nt.NoteDeserializable.deserialize(NoteDeserializable.kt:7)
		at app//com.github.kittinunf.fuel.core.ResponseDeserializable$DefaultImpls.deserialize(Deserializable.kt:43)
		at app//au.com.firemarklabs.nt.NoteDeserializable.deserialize(NoteDeserializable.kt:7)
		at app//au.com.firemarklabs.nt.NoteDeserializable.deserialize(NoteDeserializable.kt:7)
		at app//com.github.kittinunf.fuel.core.DeserializableKt.awaitResponse(Deserializable.kt:256)
		at app//au.com.firemarklabs.nt.NTClient$asyncInsert$$inlined$awaitObjectResponse$1.invokeSuspend(Coroutines.kt:68)
		at app//kotlin.coroutines.jvm.internal.BaseContinuationImpl.resumeWith(ContinuationImpl.kt:33)
		at app//kotlinx.coroutines.DispatchedTask.run(DispatchedTask.kt:56)
		at app//kotlinx.coroutines.scheduling.CoroutineScheduler.runSafely(CoroutineScheduler.kt:561)
		at app//kotlinx.coroutines.scheduling.CoroutineScheduler$Worker.executeTask(CoroutineScheduler.kt:727)
		at app//kotlinx.coroutines.scheduling.CoroutineScheduler$Worker.runWorker(CoroutineScheduler.kt:667)
		at app//kotlinx.coroutines.scheduling.CoroutineScheduler$Worker.run(CoroutineScheduler.kt:655)
	Suppressed: Instantiation of [simple type, class au.com.firemarklabs.nt.Note] value failed for JSON property content due to missing (therefore NULL) value for creator parameter content which is a non-nullable type
 at [Source: (String)&quot;{&quot;status&quot;:&quot;success&quot;,&quot;note&quot;:{&quot;tag&quot;:[&quot;performance&quot;],&quot;_id&quot;:&quot;614c1b8aceece30015ab9c5c&quot;,&quot;content&quot;:&quot;Note 16&quot;,&quot;__v&quot;:0}}&quot;; line: 1, column: 112] (through reference chain: au.com.firemarklabs.nt.Note[&quot;content&quot;])
	com.github.kittinunf.fuel.core.FuelError$Companion.wrap(FuelError.kt:86)
	com.github.kittinunf.fuel.core.DeserializableKt.awaitResponse(Deserializable.kt:257)
Caused by: com.fasterxml.jackson.module.kotlin.MissingKotlinParameterException: Instantiation of [simple type, class au.com.firemarklabs.nt.Note] value failed for JSON property content due to missing (therefore NULL) value for creator parameter content which is a non-nullable type
 at [Source: (String)&quot;{&quot;status&quot;:&quot;success&quot;,&quot;note&quot;:{&quot;tag&quot;:[&quot;performance&quot;],&quot;_id&quot;:&quot;614c1b8aceece30015ab9c5c&quot;,&quot;content&quot;:&quot;Note 16&quot;,&quot;__v&quot;:0}}&quot;; line: 1, column: 112] (through reference chain: au.com.firemarklabs.nt.Note[&quot;content&quot;])
	com.fasterxml.jackson.module.kotlin.KotlinValueInstantiator.createFromObjectWith(KotlinValueInstantiator.kt:107)
	com.fasterxml.jackson.databind.deser.impl.PropertyBasedCreator.build(PropertyBasedCreator.java:195)
	com.fasterxml.jackson.databind.deser.BeanDeserializer._deserializeUsingPropertyBased(BeanDeserializer.java:488)
	com.fasterxml.jackson.databind.deser.BeanDeserializerBase.deserializeFromObjectUsingNonDefault(BeanDeserializerBase.java:1287)
	com.fasterxml.jackson.databind.deser.BeanDeserializer.deserializeFromObject(BeanDeserializer.java:326)
	com.fasterxml.jackson.databind.deser.BeanDeserializer.deserialize(BeanDeserializer.java:159)
	com.fasterxml.jackson.databind.ObjectMapper._readMapAndClose(ObjectMapper.java:4013)
	com.fasterxml.jackson.databind.ObjectMapper.readValue(ObjectMapper.java:3023)
	au.com.firemarklabs.nt.NoteDeserializable.deserialize(NoteDeserializable.kt:12)
	au.com.firemarklabs.nt.NoteDeserializable.deserialize(NoteDeserializable.kt:7)
	com.github.kittinunf.fuel.core.ResponseDeserializable$DefaultImpls.deserialize(Deserializable.kt:43)
	au.com.firemarklabs.nt.NoteDeserializable.deserialize(NoteDeserializable.kt:7)
	au.com.firemarklabs.nt.NoteDeserializable.deserialize(NoteDeserializable.kt:7)
	com.github.kittinunf.fuel.core.DeserializableKt.awaitResponse(Deserializable.kt:256)
	au.com.firemarklabs.nt.NTClient$asyncInsert$$inlined$awaitObjectResponse$1.invokeSuspend(Coroutines.kt:68)
	kotlin.coroutines.jvm.internal.BaseContinuationImpl.resumeWith(ContinuationImpl.kt:33)
	kotlinx.coroutines.DispatchedTask.run(DispatchedTask.kt:56)
	kotlinx.coroutines.scheduling.CoroutineScheduler.runSafely(CoroutineScheduler.kt:561)
	kotlinx.coroutines.scheduling.CoroutineScheduler$Worker.executeTask(CoroutineScheduler.kt:727)
	kotlinx.coroutines.scheduling.CoroutineScheduler$Worker.runWorker(CoroutineScheduler.kt:667)
	kotlinx.coroutines.scheduling.CoroutineScheduler$Worker.run(CoroutineScheduler.kt:655)

		... 2 more
	Caused by: com.fasterxml.jackson.module.kotlin.MissingKotlinParameterException: Instantiation of [simple type, class au.com.firemarklabs.nt.Note] value failed for JSON property content due to missing (therefore NULL) value for creator parameter content which is a non-nullable type
 at [Source: (String)&quot;{&quot;status&quot;:&quot;success&quot;,&quot;note&quot;:{&quot;tag&quot;:[&quot;performance&quot;],&quot;_id&quot;:&quot;614c1b8aceece30015ab9c5c&quot;,&quot;content&quot;:&quot;Note 16&quot;,&quot;__v&quot;:0}}&quot;; line: 1, column: 112] (through reference chain: au.com.firemarklabs.nt.Note[&quot;content&quot;])
		at app//com.fasterxml.jackson.module.kotlin.KotlinValueInstantiator.createFromObjectWith(KotlinValueInstantiator.kt:107)
		at app//com.fasterxml.jackson.databind.deser.impl.PropertyBasedCreator.build(PropertyBasedCreator.java:195)
		at app//com.fasterxml.jackson.databind.deser.BeanDeserializer._deserializeUsingPropertyBased(BeanDeserializer.java:488)
		at app//com.fasterxml.jackson.databind.deser.BeanDeserializerBase.deserializeFromObjectUsingNonDefault(BeanDeserializerBase.java:1287)
		at app//com.fasterxml.jackson.databind.deser.BeanDeserializer.deserializeFromObject(BeanDeserializer.java:326)
		at app//com.fasterxml.jackson.databind.deser.BeanDeserializer.deserialize(BeanDeserializer.java:159)
		at app//com.fasterxml.jackson.databind.ObjectMapper._readMapAndClose(ObjectMapper.java:4013)
		at app//com.fasterxml.jackson.databind.ObjectMapper.readValue(ObjectMapper.java:3023)
		at app//au.com.firemarklabs.nt.NoteDeserializable.deserialize(NoteDeserializable.kt:12)
		at app//au.com.firemarklabs.nt.NoteDeserializable.deserialize(NoteDeserializable.kt:7)
		at app//com.github.kittinunf.fuel.core.ResponseDeserializable$DefaultImpls.deserialize(Deserializable.kt:43)
		at app//au.com.firemarklabs.nt.NoteDeserializable.deserialize(NoteDeserializable.kt:7)
		at app//au.com.firemarklabs.nt.NoteDeserializable.deserialize(NoteDeserializable.kt:7)
		at app//com.github.kittinunf.fuel.core.DeserializableKt.awaitResponse(Deserializable.kt:256)
		at app//au.com.firemarklabs.nt.NTClient$asyncInsert$$inlined$awaitObjectResponse$1.invokeSuspend(Coroutines.kt:68)
		at app//kotlin.coroutines.jvm.internal.BaseContinuationImpl.resumeWith(ContinuationImpl.kt:33)
		at app//kotlinx.coroutines.DispatchedTask.run(DispatchedTask.kt:56)
		at app//kotlinx.coroutines.scheduling.CoroutineScheduler.runSafely(CoroutineScheduler.kt:561)
		at app//kotlinx.coroutines.scheduling.CoroutineScheduler$Worker.executeTask(CoroutineScheduler.kt:727)
		at app//kotlinx.coroutines.scheduling.CoroutineScheduler$Worker.runWorker(CoroutineScheduler.kt:667)
		at app//kotlinx.coroutines.scheduling.CoroutineScheduler$Worker.run(CoroutineScheduler.kt:655)
	Suppressed: Instantiation of [simple type, class au.com.firemarklabs.nt.Note] value failed for JSON property content due to missing (therefore NULL) value for creator parameter content which is a non-nullable type
 at [Source: (String)&quot;{&quot;status&quot;:&quot;success&quot;,&quot;note&quot;:{&quot;tag&quot;:[&quot;performance&quot;],&quot;_id&quot;:&quot;614c1b8aceece30015ab9c5d&quot;,&quot;content&quot;:&quot;Note 14&quot;,&quot;__v&quot;:0}}&quot;; line: 1, column: 112] (through reference chain: au.com.firemarklabs.nt.Note[&quot;content&quot;])
	com.github.kittinunf.fuel.core.FuelError$Companion.wrap(FuelError.kt:86)
	com.github.kittinunf.fuel.core.DeserializableKt.awaitResponse(Deserializable.kt:257)
Caused by: com.fasterxml.jackson.module.kotlin.MissingKotlinParameterException: Instantiation of [simple type, class au.com.firemarklabs.nt.Note] value failed for JSON property content due to missing (therefore NULL) value for creator parameter content which is a non-nullable type
 at [Source: (String)&quot;{&quot;status&quot;:&quot;success&quot;,&quot;note&quot;:{&quot;tag&quot;:[&quot;performance&quot;],&quot;_id&quot;:&quot;614c1b8aceece30015ab9c5d&quot;,&quot;content&quot;:&quot;Note 14&quot;,&quot;__v&quot;:0}}&quot;; line: 1, column: 112] (through reference chain: au.com.firemarklabs.nt.Note[&quot;content&quot;])
	com.fasterxml.jackson.module.kotlin.KotlinValueInstantiator.createFromObjectWith(KotlinValueInstantiator.kt:107)
	com.fasterxml.jackson.databind.deser.impl.PropertyBasedCreator.build(PropertyBasedCreator.java:195)
	com.fasterxml.jackson.databind.deser.BeanDeserializer._deserializeUsingPropertyBased(BeanDeserializer.java:488)
	com.fasterxml.jackson.databind.deser.BeanDeserializerBase.deserializeFromObjectUsingNonDefault(BeanDeserializerBase.java:1287)
	com.fasterxml.jackson.databind.deser.BeanDeserializer.deserializeFromObject(BeanDeserializer.java:326)
	com.fasterxml.jackson.databind.deser.BeanDeserializer.deserialize(BeanDeserializer.java:159)
	com.fasterxml.jackson.databind.ObjectMapper._readMapAndClose(ObjectMapper.java:4013)
	com.fasterxml.jackson.databind.ObjectMapper.readValue(ObjectMapper.java:3023)
	au.com.firemarklabs.nt.NoteDeserializable.deserialize(NoteDeserializable.kt:12)
	au.com.firemarklabs.nt.NoteDeserializable.deserialize(NoteDeserializable.kt:7)
	com.github.kittinunf.fuel.core.ResponseDeserializable$DefaultImpls.deserialize(Deserializable.kt:43)
	au.com.firemarklabs.nt.NoteDeserializable.deserialize(NoteDeserializable.kt:7)
	au.com.firemarklabs.nt.NoteDeserializable.deserialize(NoteDeserializable.kt:7)
	com.github.kittinunf.fuel.core.DeserializableKt.awaitResponse(Deserializable.kt:256)
	au.com.firemarklabs.nt.NTClient$asyncInsert$$inlined$awaitObjectResponse$1.invokeSuspend(Coroutines.kt:68)
	kotlin.coroutines.jvm.internal.BaseContinuationImpl.resumeWith(ContinuationImpl.kt:33)
	kotlinx.coroutines.DispatchedTask.run(DispatchedTask.kt:56)
	kotlinx.coroutines.scheduling.CoroutineScheduler.runSafely(CoroutineScheduler.kt:561)
	kotlinx.coroutines.scheduling.CoroutineScheduler$Worker.executeTask(CoroutineScheduler.kt:727)
	kotlinx.coroutines.scheduling.CoroutineScheduler$Worker.runWorker(CoroutineScheduler.kt:667)
	kotlinx.coroutines.scheduling.CoroutineScheduler$Worker.run(CoroutineScheduler.kt:655)

		... 2 more
	Caused by: com.fasterxml.jackson.module.kotlin.MissingKotlinParameterException: Instantiation of [simple type, class au.com.firemarklabs.nt.Note] value failed for JSON property content due to missing (therefore NULL) value for creator parameter content which is a non-nullable type
 at [Source: (String)&quot;{&quot;status&quot;:&quot;success&quot;,&quot;note&quot;:{&quot;tag&quot;:[&quot;performance&quot;],&quot;_id&quot;:&quot;614c1b8aceece30015ab9c5d&quot;,&quot;content&quot;:&quot;Note 14&quot;,&quot;__v&quot;:0}}&quot;; line: 1, column: 112] (through reference chain: au.com.firemarklabs.nt.Note[&quot;content&quot;])
		at app//com.fasterxml.jackson.module.kotlin.KotlinValueInstantiator.createFromObjectWith(KotlinValueInstantiator.kt:107)
		at app//com.fasterxml.jackson.databind.deser.impl.PropertyBasedCreator.build(PropertyBasedCreator.java:195)
		at app//com.fasterxml.jackson.databind.deser.BeanDeserializer._deserializeUsingPropertyBased(BeanDeserializer.java:488)
		at app//com.fasterxml.jackson.databind.deser.BeanDeserializerBase.deserializeFromObjectUsingNonDefault(BeanDeserializerBase.java:1287)
		at app//com.fasterxml.jackson.databind.deser.BeanDeserializer.deserializeFromObject(BeanDeserializer.java:326)
		at app//com.fasterxml.jackson.databind.deser.BeanDeserializer.deserialize(BeanDeserializer.java:159)
		at app//com.fasterxml.jackson.databind.ObjectMapper._readMapAndClose(ObjectMapper.java:4013)
		at app//com.fasterxml.jackson.databind.ObjectMapper.readValue(ObjectMapper.java:3023)
		at app//au.com.firemarklabs.nt.NoteDeserializable.deserialize(NoteDeserializable.kt:12)
		at app//au.com.firemarklabs.nt.NoteDeserializable.deserialize(NoteDeserializable.kt:7)
		at app//com.github.kittinunf.fuel.core.ResponseDeserializable$DefaultImpls.deserialize(Deserializable.kt:43)
		at app//au.com.firemarklabs.nt.NoteDeserializable.deserialize(NoteDeserializable.kt:7)
		at app//au.com.firemarklabs.nt.NoteDeserializable.deserialize(NoteDeserializable.kt:7)
		at app//com.github.kittinunf.fuel.core.DeserializableKt.awaitResponse(Deserializable.kt:256)
		at app//au.com.firemarklabs.nt.NTClient$asyncInsert$$inlined$awaitObjectResponse$1.invokeSuspend(Coroutines.kt:68)
		at app//kotlin.coroutines.jvm.internal.BaseContinuationImpl.resumeWith(ContinuationImpl.kt:33)
		at app//kotlinx.coroutines.DispatchedTask.run(DispatchedTask.kt:56)
		at app//kotlinx.coroutines.scheduling.CoroutineScheduler.runSafely(CoroutineScheduler.kt:561)
		at app//kotlinx.coroutines.scheduling.CoroutineScheduler$Worker.executeTask(CoroutineScheduler.kt:727)
		at app//kotlinx.coroutines.scheduling.CoroutineScheduler$Worker.runWorker(CoroutineScheduler.kt:667)
		at app//kotlinx.coroutines.scheduling.CoroutineScheduler$Worker.run(CoroutineScheduler.kt:655)
	Suppressed: Instantiation of [simple type, class au.com.firemarklabs.nt.Note] value failed for JSON property content due to missing (therefore NULL) value for creator parameter content which is a non-nullable type
 at [Source: (String)&quot;{&quot;status&quot;:&quot;success&quot;,&quot;note&quot;:{&quot;tag&quot;:[&quot;performance&quot;],&quot;_id&quot;:&quot;614c1b8aceece30015ab9c5e&quot;,&quot;content&quot;:&quot;Note 13&quot;,&quot;__v&quot;:0}}&quot;; line: 1, column: 112] (through reference chain: au.com.firemarklabs.nt.Note[&quot;content&quot;])
	com.github.kittinunf.fuel.core.FuelError$Companion.wrap(FuelError.kt:86)
	com.github.kittinunf.fuel.core.DeserializableKt.awaitResponse(Deserializable.kt:257)
Caused by: com.fasterxml.jackson.module.kotlin.MissingKotlinParameterException: Instantiation of [simple type, class au.com.firemarklabs.nt.Note] value failed for JSON property content due to missing (therefore NULL) value for creator parameter content which is a non-nullable type
 at [Source: (String)&quot;{&quot;status&quot;:&quot;success&quot;,&quot;note&quot;:{&quot;tag&quot;:[&quot;performance&quot;],&quot;_id&quot;:&quot;614c1b8aceece30015ab9c5e&quot;,&quot;content&quot;:&quot;Note 13&quot;,&quot;__v&quot;:0}}&quot;; line: 1, column: 112] (through reference chain: au.com.firemarklabs.nt.Note[&quot;content&quot;])
	com.fasterxml.jackson.module.kotlin.KotlinValueInstantiator.createFromObjectWith(KotlinValueInstantiator.kt:107)
	com.fasterxml.jackson.databind.deser.impl.PropertyBasedCreator.build(PropertyBasedCreator.java:195)
	com.fasterxml.jackson.databind.deser.BeanDeserializer._deserializeUsingPropertyBased(BeanDeserializer.java:488)
	com.fasterxml.jackson.databind.deser.BeanDeserializerBase.deserializeFromObjectUsingNonDefault(BeanDeserializerBase.java:1287)
	com.fasterxml.jackson.databind.deser.BeanDeserializer.deserializeFromObject(BeanDeserializer.java:326)
	com.fasterxml.jackson.databind.deser.BeanDeserializer.deserialize(BeanDeserializer.java:159)
	com.fasterxml.jackson.databind.ObjectMapper._readMapAndClose(ObjectMapper.java:4013)
	com.fasterxml.jackson.databind.ObjectMapper.readValue(ObjectMapper.java:3023)
	au.com.firemarklabs.nt.NoteDeserializable.deserialize(NoteDeserializable.kt:12)
	au.com.firemarklabs.nt.NoteDeserializable.deserialize(NoteDeserializable.kt:7)
	com.github.kittinunf.fuel.core.ResponseDeserializable$DefaultImpls.deserialize(Deserializable.kt:43)
	au.com.firemarklabs.nt.NoteDeserializable.deserialize(NoteDeserializable.kt:7)
	au.com.firemarklabs.nt.NoteDeserializable.deserialize(NoteDeserializable.kt:7)
	com.github.kittinunf.fuel.core.DeserializableKt.awaitResponse(Deserializable.kt:256)
	au.com.firemarklabs.nt.NTClient$asyncInsert$$inlined$awaitObjectResponse$1.invokeSuspend(Coroutines.kt:68)
	kotlin.coroutines.jvm.internal.BaseContinuationImpl.resumeWith(ContinuationImpl.kt:33)
	kotlinx.coroutines.DispatchedTask.run(DispatchedTask.kt:56)
	kotlinx.coroutines.scheduling.CoroutineScheduler.runSafely(CoroutineScheduler.kt:561)
	kotlinx.coroutines.scheduling.CoroutineScheduler$Worker.executeTask(CoroutineScheduler.kt:727)
	kotlinx.coroutines.scheduling.CoroutineScheduler$Worker.runWorker(CoroutineScheduler.kt:667)
	kotlinx.coroutines.scheduling.CoroutineScheduler$Worker.run(CoroutineScheduler.kt:655)

		... 2 more
	Caused by: com.fasterxml.jackson.module.kotlin.MissingKotlinParameterException: Instantiation of [simple type, class au.com.firemarklabs.nt.Note] value failed for JSON property content due to missing (therefore NULL) value for creator parameter content which is a non-nullable type
 at [Source: (String)&quot;{&quot;status&quot;:&quot;success&quot;,&quot;note&quot;:{&quot;tag&quot;:[&quot;performance&quot;],&quot;_id&quot;:&quot;614c1b8aceece30015ab9c5e&quot;,&quot;content&quot;:&quot;Note 13&quot;,&quot;__v&quot;:0}}&quot;; line: 1, column: 112] (through reference chain: au.com.firemarklabs.nt.Note[&quot;content&quot;])
		at app//com.fasterxml.jackson.module.kotlin.KotlinValueInstantiator.createFromObjectWith(KotlinValueInstantiator.kt:107)
		at app//com.fasterxml.jackson.databind.deser.impl.PropertyBasedCreator.build(PropertyBasedCreator.java:195)
		at app//com.fasterxml.jackson.databind.deser.BeanDeserializer._deserializeUsingPropertyBased(BeanDeserializer.java:488)
		at app//com.fasterxml.jackson.databind.deser.BeanDeserializerBase.deserializeFromObjectUsingNonDefault(BeanDeserializerBase.java:1287)
		at app//com.fasterxml.jackson.databind.deser.BeanDeserializer.deserializeFromObject(BeanDeserializer.java:326)
		at app//com.fasterxml.jackson.databind.deser.BeanDeserializer.deserialize(BeanDeserializer.java:159)
		at app//com.fasterxml.jackson.databind.ObjectMapper._readMapAndClose(ObjectMapper.java:4013)
		at app//com.fasterxml.jackson.databind.ObjectMapper.readValue(ObjectMapper.java:3023)
		at app//au.com.firemarklabs.nt.NoteDeserializable.deserialize(NoteDeserializable.kt:12)
		at app//au.com.firemarklabs.nt.NoteDeserializable.deserialize(NoteDeserializable.kt:7)
		at app//com.github.kittinunf.fuel.core.ResponseDeserializable$DefaultImpls.deserialize(Deserializable.kt:43)
		at app//au.com.firemarklabs.nt.NoteDeserializable.deserialize(NoteDeserializable.kt:7)
		at app//au.com.firemarklabs.nt.NoteDeserializable.deserialize(NoteDeserializable.kt:7)
		at app//com.github.kittinunf.fuel.core.DeserializableKt.awaitResponse(Deserializable.kt:256)
		at app//au.com.firemarklabs.nt.NTClient$asyncInsert$$inlined$awaitObjectResponse$1.invokeSuspend(Coroutines.kt:68)
		at app//kotlin.coroutines.jvm.internal.BaseContinuationImpl.resumeWith(ContinuationImpl.kt:33)
		at app//kotlinx.coroutines.DispatchedTask.run(DispatchedTask.kt:56)
		at app//kotlinx.coroutines.scheduling.CoroutineScheduler.runSafely(CoroutineScheduler.kt:561)
		at app//kotlinx.coroutines.scheduling.CoroutineScheduler$Worker.executeTask(CoroutineScheduler.kt:727)
		at app//kotlinx.coroutines.scheduling.CoroutineScheduler$Worker.runWorker(CoroutineScheduler.kt:667)
		at app//kotlinx.coroutines.scheduling.CoroutineScheduler$Worker.run(CoroutineScheduler.kt:655)
	Suppressed: Instantiation of [simple type, class au.com.firemarklabs.nt.Note] value failed for JSON property content due to missing (therefore NULL) value for creator parameter content which is a non-nullable type
 at [Source: (String)&quot;{&quot;status&quot;:&quot;success&quot;,&quot;note&quot;:{&quot;tag&quot;:[&quot;performance&quot;],&quot;_id&quot;:&quot;614c1b8aceece30015ab9c5f&quot;,&quot;content&quot;:&quot;Note 17&quot;,&quot;__v&quot;:0}}&quot;; line: 1, column: 112] (through reference chain: au.com.firemarklabs.nt.Note[&quot;content&quot;])
	com.github.kittinunf.fuel.core.FuelError$Companion.wrap(FuelError.kt:86)
	com.github.kittinunf.fuel.core.DeserializableKt.awaitResponse(Deserializable.kt:257)
Caused by: com.fasterxml.jackson.module.kotlin.MissingKotlinParameterException: Instantiation of [simple type, class au.com.firemarklabs.nt.Note] value failed for JSON property content due to missing (therefore NULL) value for creator parameter content which is a non-nullable type
 at [Source: (String)&quot;{&quot;status&quot;:&quot;success&quot;,&quot;note&quot;:{&quot;tag&quot;:[&quot;performance&quot;],&quot;_id&quot;:&quot;614c1b8aceece30015ab9c5f&quot;,&quot;content&quot;:&quot;Note 17&quot;,&quot;__v&quot;:0}}&quot;; line: 1, column: 112] (through reference chain: au.com.firemarklabs.nt.Note[&quot;content&quot;])
	com.fasterxml.jackson.module.kotlin.KotlinValueInstantiator.createFromObjectWith(KotlinValueInstantiator.kt:107)
	com.fasterxml.jackson.databind.deser.impl.PropertyBasedCreator.build(PropertyBasedCreator.java:195)
	com.fasterxml.jackson.databind.deser.BeanDeserializer._deserializeUsingPropertyBased(BeanDeserializer.java:488)
	com.fasterxml.jackson.databind.deser.BeanDeserializerBase.deserializeFromObjectUsingNonDefault(BeanDeserializerBase.java:1287)
	com.fasterxml.jackson.databind.deser.BeanDeserializer.deserializeFromObject(BeanDeserializer.java:326)
	com.fasterxml.jackson.databind.deser.BeanDeserializer.deserialize(BeanDeserializer.java:159)
	com.fasterxml.jackson.databind.ObjectMapper._readMapAndClose(ObjectMapper.java:4013)
	com.fasterxml.jackson.databind.ObjectMapper.readValue(ObjectMapper.java:3023)
	au.com.firemarklabs.nt.NoteDeserializable.deserialize(NoteDeserializable.kt:12)
	au.com.firemarklabs.nt.NoteDeserializable.deserialize(NoteDeserializable.kt:7)
	com.github.kittinunf.fuel.core.ResponseDeserializable$DefaultImpls.deserialize(Deserializable.kt:43)
	au.com.firemarklabs.nt.NoteDeserializable.deserialize(NoteDeserializable.kt:7)
	au.com.firemarklabs.nt.NoteDeserializable.deserialize(NoteDeserializable.kt:7)
	com.github.kittinunf.fuel.core.DeserializableKt.awaitResponse(Deserializable.kt:256)
	au.com.firemarklabs.nt.NTClient$asyncInsert$$inlined$awaitObjectResponse$1.invokeSuspend(Coroutines.kt:68)
	kotlin.coroutines.jvm.internal.BaseContinuationImpl.resumeWith(ContinuationImpl.kt:33)
	kotlinx.coroutines.DispatchedTask.run(DispatchedTask.kt:56)
	kotlinx.coroutines.scheduling.CoroutineScheduler.runSafely(CoroutineScheduler.kt:561)
	kotlinx.coroutines.scheduling.CoroutineScheduler$Worker.executeTask(CoroutineScheduler.kt:727)
	kotlinx.coroutines.scheduling.CoroutineScheduler$Worker.runWorker(CoroutineScheduler.kt:667)
	kotlinx.coroutines.scheduling.CoroutineScheduler$Worker.run(CoroutineScheduler.kt:655)

		... 2 more
	Caused by: com.fasterxml.jackson.module.kotlin.MissingKotlinParameterException: Instantiation of [simple type, class au.com.firemarklabs.nt.Note] value failed for JSON property content due to missing (therefore NULL) value for creator parameter content which is a non-nullable type
 at [Source: (String)&quot;{&quot;status&quot;:&quot;success&quot;,&quot;note&quot;:{&quot;tag&quot;:[&quot;performance&quot;],&quot;_id&quot;:&quot;614c1b8aceece30015ab9c5f&quot;,&quot;content&quot;:&quot;Note 17&quot;,&quot;__v&quot;:0}}&quot;; line: 1, column: 112] (through reference chain: au.com.firemarklabs.nt.Note[&quot;content&quot;])
		at app//com.fasterxml.jackson.module.kotlin.KotlinValueInstantiator.createFromObjectWith(KotlinValueInstantiator.kt:107)
		at app//com.fasterxml.jackson.databind.deser.impl.PropertyBasedCreator.build(PropertyBasedCreator.java:195)
		at app//com.fasterxml.jackson.databind.deser.BeanDeserializer._deserializeUsingPropertyBased(BeanDeserializer.java:488)
		at app//com.fasterxml.jackson.databind.deser.BeanDeserializerBase.deserializeFromObjectUsingNonDefault(BeanDeserializerBase.java:1287)
		at app//com.fasterxml.jackson.databind.deser.BeanDeserializer.deserializeFromObject(BeanDeserializer.java:326)
		at app//com.fasterxml.jackson.databind.deser.BeanDeserializer.deserialize(BeanDeserializer.java:159)
		at app//com.fasterxml.jackson.databind.ObjectMapper._readMapAndClose(ObjectMapper.java:4013)
		at app//com.fasterxml.jackson.databind.ObjectMapper.readValue(ObjectMapper.java:3023)
		at app//au.com.firemarklabs.nt.NoteDeserializable.deserialize(NoteDeserializable.kt:12)
		at app//au.com.firemarklabs.nt.NoteDeserializable.deserialize(NoteDeserializable.kt:7)
		at app//com.github.kittinunf.fuel.core.ResponseDeserializable$DefaultImpls.deserialize(Deserializable.kt:43)
		at app//au.com.firemarklabs.nt.NoteDeserializable.deserialize(NoteDeserializable.kt:7)
		at app//au.com.firemarklabs.nt.NoteDeserializable.deserialize(NoteDeserializable.kt:7)
		at app//com.github.kittinunf.fuel.core.DeserializableKt.awaitResponse(Deserializable.kt:256)
		at app//au.com.firemarklabs.nt.NTClient$asyncInsert$$inlined$awaitObjectResponse$1.invokeSuspend(Coroutines.kt:68)
		at app//kotlin.coroutines.jvm.internal.BaseContinuationImpl.resumeWith(ContinuationImpl.kt:33)
		at app//kotlinx.coroutines.DispatchedTask.run(DispatchedTask.kt:56)
		at app//kotlinx.coroutines.scheduling.CoroutineScheduler.runSafely(CoroutineScheduler.kt:561)
		at app//kotlinx.coroutines.scheduling.CoroutineScheduler$Worker.executeTask(CoroutineScheduler.kt:727)
		at app//kotlinx.coroutines.scheduling.CoroutineScheduler$Worker.runWorker(CoroutineScheduler.kt:667)
		at app//kotlinx.coroutines.scheduling.CoroutineScheduler$Worker.run(CoroutineScheduler.kt:655)
	Suppressed: Instantiation of [simple type, class au.com.firemarklabs.nt.Note] value failed for JSON property content due to missing (therefore NULL) value for creator parameter content which is a non-nullable type
 at [Source: (String)&quot;{&quot;status&quot;:&quot;success&quot;,&quot;note&quot;:{&quot;tag&quot;:[&quot;performance&quot;],&quot;_id&quot;:&quot;614c1b8aceece30015ab9c60&quot;,&quot;content&quot;:&quot;Note 18&quot;,&quot;__v&quot;:0}}&quot;; line: 1, column: 112] (through reference chain: au.com.firemarklabs.nt.Note[&quot;content&quot;])
	com.github.kittinunf.fuel.core.FuelError$Companion.wrap(FuelError.kt:86)
	com.github.kittinunf.fuel.core.DeserializableKt.awaitResponse(Deserializable.kt:257)
Caused by: com.fasterxml.jackson.module.kotlin.MissingKotlinParameterException: Instantiation of [simple type, class au.com.firemarklabs.nt.Note] value failed for JSON property content due to missing (therefore NULL) value for creator parameter content which is a non-nullable type
 at [Source: (String)&quot;{&quot;status&quot;:&quot;success&quot;,&quot;note&quot;:{&quot;tag&quot;:[&quot;performance&quot;],&quot;_id&quot;:&quot;614c1b8aceece30015ab9c60&quot;,&quot;content&quot;:&quot;Note 18&quot;,&quot;__v&quot;:0}}&quot;; line: 1, column: 112] (through reference chain: au.com.firemarklabs.nt.Note[&quot;content&quot;])
	com.fasterxml.jackson.module.kotlin.KotlinValueInstantiator.createFromObjectWith(KotlinValueInstantiator.kt:107)
	com.fasterxml.jackson.databind.deser.impl.PropertyBasedCreator.build(PropertyBasedCreator.java:195)
	com.fasterxml.jackson.databind.deser.BeanDeserializer._deserializeUsingPropertyBased(BeanDeserializer.java:488)
	com.fasterxml.jackson.databind.deser.BeanDeserializerBase.deserializeFromObjectUsingNonDefault(BeanDeserializerBase.java:1287)
	com.fasterxml.jackson.databind.deser.BeanDeserializer.deserializeFromObject(BeanDeserializer.java:326)
	com.fasterxml.jackson.databind.deser.BeanDeserializer.deserialize(BeanDeserializer.java:159)
	com.fasterxml.jackson.databind.ObjectMapper._readMapAndClose(ObjectMapper.java:4013)
	com.fasterxml.jackson.databind.ObjectMapper.readValue(ObjectMapper.java:3023)
	au.com.firemarklabs.nt.NoteDeserializable.deserialize(NoteDeserializable.kt:12)
	au.com.firemarklabs.nt.NoteDeserializable.deserialize(NoteDeserializable.kt:7)
	com.github.kittinunf.fuel.core.ResponseDeserializable$DefaultImpls.deserialize(Deserializable.kt:43)
	au.com.firemarklabs.nt.NoteDeserializable.deserialize(NoteDeserializable.kt:7)
	au.com.firemarklabs.nt.NoteDeserializable.deserialize(NoteDeserializable.kt:7)
	com.github.kittinunf.fuel.core.DeserializableKt.awaitResponse(Deserializable.kt:256)
	au.com.firemarklabs.nt.NTClient$asyncInsert$$inlined$awaitObjectResponse$1.invokeSuspend(Coroutines.kt:68)
	kotlin.coroutines.jvm.internal.BaseContinuationImpl.resumeWith(ContinuationImpl.kt:33)
	kotlinx.coroutines.DispatchedTask.run(DispatchedTask.kt:56)
	kotlinx.coroutines.scheduling.CoroutineScheduler.runSafely(CoroutineScheduler.kt:561)
	kotlinx.coroutines.scheduling.CoroutineScheduler$Worker.executeTask(CoroutineScheduler.kt:727)
	kotlinx.coroutines.scheduling.CoroutineScheduler$Worker.runWorker(CoroutineScheduler.kt:667)
	kotlinx.coroutines.scheduling.CoroutineScheduler$Worker.run(CoroutineScheduler.kt:655)

		... 2 more
	Caused by: com.fasterxml.jackson.module.kotlin.MissingKotlinParameterException: Instantiation of [simple type, class au.com.firemarklabs.nt.Note] value failed for JSON property content due to missing (therefore NULL) value for creator parameter content which is a non-nullable type
 at [Source: (String)&quot;{&quot;status&quot;:&quot;success&quot;,&quot;note&quot;:{&quot;tag&quot;:[&quot;performance&quot;],&quot;_id&quot;:&quot;614c1b8aceece30015ab9c60&quot;,&quot;content&quot;:&quot;Note 18&quot;,&quot;__v&quot;:0}}&quot;; line: 1, column: 112] (through reference chain: au.com.firemarklabs.nt.Note[&quot;content&quot;])
		at app//com.fasterxml.jackson.module.kotlin.KotlinValueInstantiator.createFromObjectWith(KotlinValueInstantiator.kt:107)
		at app//com.fasterxml.jackson.databind.deser.impl.PropertyBasedCreator.build(PropertyBasedCreator.java:195)
		at app//com.fasterxml.jackson.databind.deser.BeanDeserializer._deserializeUsingPropertyBased(BeanDeserializer.java:488)
		at app//com.fasterxml.jackson.databind.deser.BeanDeserializerBase.deserializeFromObjectUsingNonDefault(BeanDeserializerBase.java:1287)
		at app//com.fasterxml.jackson.databind.deser.BeanDeserializer.deserializeFromObject(BeanDeserializer.java:326)
		at app//com.fasterxml.jackson.databind.deser.BeanDeserializer.deserialize(BeanDeserializer.java:159)
		at app//com.fasterxml.jackson.databind.ObjectMapper._readMapAndClose(ObjectMapper.java:4013)
		at app//com.fasterxml.jackson.databind.ObjectMapper.readValue(ObjectMapper.java:3023)
		at app//au.com.firemarklabs.nt.NoteDeserializable.deserialize(NoteDeserializable.kt:12)
		at app//au.com.firemarklabs.nt.NoteDeserializable.deserialize(NoteDeserializable.kt:7)
		at app//com.github.kittinunf.fuel.core.ResponseDeserializable$DefaultImpls.deserialize(Deserializable.kt:43)
		at app//au.com.firemarklabs.nt.NoteDeserializable.deserialize(NoteDeserializable.kt:7)
		at app//au.com.firemarklabs.nt.NoteDeserializable.deserialize(NoteDeserializable.kt:7)
		at app//com.github.kittinunf.fuel.core.DeserializableKt.awaitResponse(Deserializable.kt:256)
		at app//au.com.firemarklabs.nt.NTClient$asyncInsert$$inlined$awaitObjectResponse$1.invokeSuspend(Coroutines.kt:68)
		at app//kotlin.coroutines.jvm.internal.BaseContinuationImpl.resumeWith(ContinuationImpl.kt:33)
		at app//kotlinx.coroutines.DispatchedTask.run(DispatchedTask.kt:56)
		at app//kotlinx.coroutines.scheduling.CoroutineScheduler.runSafely(CoroutineScheduler.kt:561)
		at app//kotlinx.coroutines.scheduling.CoroutineScheduler$Worker.executeTask(CoroutineScheduler.kt:727)
		at app//kotlinx.coroutines.scheduling.CoroutineScheduler$Worker.runWorker(CoroutineScheduler.kt:667)
		at app//kotlinx.coroutines.scheduling.CoroutineScheduler$Worker.run(CoroutineScheduler.kt:655)
	Suppressed: Instantiation of [simple type, class au.com.firemarklabs.nt.Note] value failed for JSON property content due to missing (therefore NULL) value for creator parameter content which is a non-nullable type
 at [Source: (String)&quot;{&quot;status&quot;:&quot;success&quot;,&quot;note&quot;:{&quot;tag&quot;:[&quot;performance&quot;],&quot;_id&quot;:&quot;614c1b8aceece30015ab9c61&quot;,&quot;content&quot;:&quot;Note 20&quot;,&quot;__v&quot;:0}}&quot;; line: 1, column: 112] (through reference chain: au.com.firemarklabs.nt.Note[&quot;content&quot;])
	com.github.kittinunf.fuel.core.FuelError$Companion.wrap(FuelError.kt:86)
	com.github.kittinunf.fuel.core.DeserializableKt.awaitResponse(Deserializable.kt:257)
Caused by: com.fasterxml.jackson.module.kotlin.MissingKotlinParameterException: Instantiation of [simple type, class au.com.firemarklabs.nt.Note] value failed for JSON property content due to missing (therefore NULL) value for creator parameter content which is a non-nullable type
 at [Source: (String)&quot;{&quot;status&quot;:&quot;success&quot;,&quot;note&quot;:{&quot;tag&quot;:[&quot;performance&quot;],&quot;_id&quot;:&quot;614c1b8aceece30015ab9c61&quot;,&quot;content&quot;:&quot;Note 20&quot;,&quot;__v&quot;:0}}&quot;; line: 1, column: 112] (through reference chain: au.com.firemarklabs.nt.Note[&quot;content&quot;])
	com.fasterxml.jackson.module.kotlin.KotlinValueInstantiator.createFromObjectWith(KotlinValueInstantiator.kt:107)
	com.fasterxml.jackson.databind.deser.impl.PropertyBasedCreator.build(PropertyBasedCreator.java:195)
	com.fasterxml.jackson.databind.deser.BeanDeserializer._deserializeUsingPropertyBased(BeanDeserializer.java:488)
	com.fasterxml.jackson.databind.deser.BeanDeserializerBase.deserializeFromObjectUsingNonDefault(BeanDeserializerBase.java:1287)
	com.fasterxml.jackson.databind.deser.BeanDeserializer.deserializeFromObject(BeanDeserializer.java:326)
	com.fasterxml.jackson.databind.deser.BeanDeserializer.deserialize(BeanDeserializer.java:159)
	com.fasterxml.jackson.databind.ObjectMapper._readMapAndClose(ObjectMapper.java:4013)
	com.fasterxml.jackson.databind.ObjectMapper.readValue(ObjectMapper.java:3023)
	au.com.firemarklabs.nt.NoteDeserializable.deserialize(NoteDeserializable.kt:12)
	au.com.firemarklabs.nt.NoteDeserializable.deserialize(NoteDeserializable.kt:7)
	com.github.kittinunf.fuel.core.ResponseDeserializable$DefaultImpls.deserialize(Deserializable.kt:43)
	au.com.firemarklabs.nt.NoteDeserializable.deserialize(NoteDeserializable.kt:7)
	au.com.firemarklabs.nt.NoteDeserializable.deserialize(NoteDeserializable.kt:7)
	com.github.kittinunf.fuel.core.DeserializableKt.awaitResponse(Deserializable.kt:256)
	au.com.firemarklabs.nt.NTClient$asyncInsert$$inlined$awaitObjectResponse$1.invokeSuspend(Coroutines.kt:68)
	kotlin.coroutines.jvm.internal.BaseContinuationImpl.resumeWith(ContinuationImpl.kt:33)
	kotlinx.coroutines.DispatchedTask.run(DispatchedTask.kt:56)
	kotlinx.coroutines.scheduling.CoroutineScheduler.runSafely(CoroutineScheduler.kt:561)
	kotlinx.coroutines.scheduling.CoroutineScheduler$Worker.executeTask(CoroutineScheduler.kt:727)
	kotlinx.coroutines.scheduling.CoroutineScheduler$Worker.runWorker(CoroutineScheduler.kt:667)
	kotlinx.coroutines.scheduling.CoroutineScheduler$Worker.run(CoroutineScheduler.kt:655)

		... 2 more
	Caused by: com.fasterxml.jackson.module.kotlin.MissingKotlinParameterException: Instantiation of [simple type, class au.com.firemarklabs.nt.Note] value failed for JSON property content due to missing (therefore NULL) value for creator parameter content which is a non-nullable type
 at [Source: (String)&quot;{&quot;status&quot;:&quot;success&quot;,&quot;note&quot;:{&quot;tag&quot;:[&quot;performance&quot;],&quot;_id&quot;:&quot;614c1b8aceece30015ab9c61&quot;,&quot;content&quot;:&quot;Note 20&quot;,&quot;__v&quot;:0}}&quot;; line: 1, column: 112] (through reference chain: au.com.firemarklabs.nt.Note[&quot;content&quot;])
		at app//com.fasterxml.jackson.module.kotlin.KotlinValueInstantiator.createFromObjectWith(KotlinValueInstantiator.kt:107)
		at app//com.fasterxml.jackson.databind.deser.impl.PropertyBasedCreator.build(PropertyBasedCreator.java:195)
		at app//com.fasterxml.jackson.databind.deser.BeanDeserializer._deserializeUsingPropertyBased(BeanDeserializer.java:488)
		at app//com.fasterxml.jackson.databind.deser.BeanDeserializerBase.deserializeFromObjectUsingNonDefault(BeanDeserializerBase.java:1287)
		at app//com.fasterxml.jackson.databind.deser.BeanDeserializer.deserializeFromObject(BeanDeserializer.java:326)
		at app//com.fasterxml.jackson.databind.deser.BeanDeserializer.deserialize(BeanDeserializer.java:159)
		at app//com.fasterxml.jackson.databind.ObjectMapper._readMapAndClose(ObjectMapper.java:4013)
		at app//com.fasterxml.jackson.databind.ObjectMapper.readValue(ObjectMapper.java:3023)
		at app//au.com.firemarklabs.nt.NoteDeserializable.deserialize(NoteDeserializable.kt:12)
		at app//au.com.firemarklabs.nt.NoteDeserializable.deserialize(NoteDeserializable.kt:7)
		at app//com.github.kittinunf.fuel.core.ResponseDeserializable$DefaultImpls.deserialize(Deserializable.kt:43)
		at app//au.com.firemarklabs.nt.NoteDeserializable.deserialize(NoteDeserializable.kt:7)
		at app//au.com.firemarklabs.nt.NoteDeserializable.deserialize(NoteDeserializable.kt:7)
		at app//com.github.kittinunf.fuel.core.DeserializableKt.awaitResponse(Deserializable.kt:256)
		at app//au.com.firemarklabs.nt.NTClient$asyncInsert$$inlined$awaitObjectResponse$1.invokeSuspend(Coroutines.kt:68)
		at app//kotlin.coroutines.jvm.internal.BaseContinuationImpl.resumeWith(ContinuationImpl.kt:33)
		at app//kotlinx.coroutines.DispatchedTask.run(DispatchedTask.kt:56)
		at app//kotlinx.coroutines.scheduling.CoroutineScheduler.runSafely(CoroutineScheduler.kt:561)
		at app//kotlinx.coroutines.scheduling.CoroutineScheduler$Worker.executeTask(CoroutineScheduler.kt:727)
		at app//kotlinx.coroutines.scheduling.CoroutineScheduler$Worker.runWorker(CoroutineScheduler.kt:667)
		at app//kotlinx.coroutines.scheduling.CoroutineScheduler$Worker.run(CoroutineScheduler.kt:655)
	Suppressed: Instantiation of [simple type, class au.com.firemarklabs.nt.Note] value failed for JSON property content due to missing (therefore NULL) value for creator parameter content which is a non-nullable type
 at [Source: (String)&quot;{&quot;status&quot;:&quot;success&quot;,&quot;note&quot;:{&quot;tag&quot;:[&quot;performance&quot;],&quot;_id&quot;:&quot;614c1b8aceece30015ab9c62&quot;,&quot;content&quot;:&quot;Note 19&quot;,&quot;__v&quot;:0}}&quot;; line: 1, column: 112] (through reference chain: au.com.firemarklabs.nt.Note[&quot;content&quot;])
	com.github.kittinunf.fuel.core.FuelError$Companion.wrap(FuelError.kt:86)
	com.github.kittinunf.fuel.core.DeserializableKt.awaitResponse(Deserializable.kt:257)
Caused by: com.fasterxml.jackson.module.kotlin.MissingKotlinParameterException: Instantiation of [simple type, class au.com.firemarklabs.nt.Note] value failed for JSON property content due to missing (therefore NULL) value for creator parameter content which is a non-nullable type
 at [Source: (String)&quot;{&quot;status&quot;:&quot;success&quot;,&quot;note&quot;:{&quot;tag&quot;:[&quot;performance&quot;],&quot;_id&quot;:&quot;614c1b8aceece30015ab9c62&quot;,&quot;content&quot;:&quot;Note 19&quot;,&quot;__v&quot;:0}}&quot;; line: 1, column: 112] (through reference chain: au.com.firemarklabs.nt.Note[&quot;content&quot;])
	com.fasterxml.jackson.module.kotlin.KotlinValueInstantiator.createFromObjectWith(KotlinValueInstantiator.kt:107)
	com.fasterxml.jackson.databind.deser.impl.PropertyBasedCreator.build(PropertyBasedCreator.java:195)
	com.fasterxml.jackson.databind.deser.BeanDeserializer._deserializeUsingPropertyBased(BeanDeserializer.java:488)
	com.fasterxml.jackson.databind.deser.BeanDeserializerBase.deserializeFromObjectUsingNonDefault(BeanDeserializerBase.java:1287)
	com.fasterxml.jackson.databind.deser.BeanDeserializer.deserializeFromObject(BeanDeserializer.java:326)
	com.fasterxml.jackson.databind.deser.BeanDeserializer.deserialize(BeanDeserializer.java:159)
	com.fasterxml.jackson.databind.ObjectMapper._readMapAndClose(ObjectMapper.java:4013)
	com.fasterxml.jackson.databind.ObjectMapper.readValue(ObjectMapper.java:3023)
	au.com.firemarklabs.nt.NoteDeserializable.deserialize(NoteDeserializable.kt:12)
	au.com.firemarklabs.nt.NoteDeserializable.deserialize(NoteDeserializable.kt:7)
	com.github.kittinunf.fuel.core.ResponseDeserializable$DefaultImpls.deserialize(Deserializable.kt:43)
	au.com.firemarklabs.nt.NoteDeserializable.deserialize(NoteDeserializable.kt:7)
	au.com.firemarklabs.nt.NoteDeserializable.deserialize(NoteDeserializable.kt:7)
	com.github.kittinunf.fuel.core.DeserializableKt.awaitResponse(Deserializable.kt:256)
	au.com.firemarklabs.nt.NTClient$asyncInsert$$inlined$awaitObjectResponse$1.invokeSuspend(Coroutines.kt:68)
	kotlin.coroutines.jvm.internal.BaseContinuationImpl.resumeWith(ContinuationImpl.kt:33)
	kotlinx.coroutines.DispatchedTask.run(DispatchedTask.kt:56)
	kotlinx.coroutines.scheduling.CoroutineScheduler.runSafely(CoroutineScheduler.kt:561)
	kotlinx.coroutines.scheduling.CoroutineScheduler$Worker.executeTask(CoroutineScheduler.kt:727)
	kotlinx.coroutines.scheduling.CoroutineScheduler$Worker.runWorker(CoroutineScheduler.kt:667)
	kotlinx.coroutines.scheduling.CoroutineScheduler$Worker.run(CoroutineScheduler.kt:655)

		... 2 more
	Caused by: com.fasterxml.jackson.module.kotlin.MissingKotlinParameterException: Instantiation of [simple type, class au.com.firemarklabs.nt.Note] value failed for JSON property content due to missing (therefore NULL) value for creator parameter content which is a non-nullable type
 at [Source: (String)&quot;{&quot;status&quot;:&quot;success&quot;,&quot;note&quot;:{&quot;tag&quot;:[&quot;performance&quot;],&quot;_id&quot;:&quot;614c1b8aceece30015ab9c62&quot;,&quot;content&quot;:&quot;Note 19&quot;,&quot;__v&quot;:0}}&quot;; line: 1, column: 112] (through reference chain: au.com.firemarklabs.nt.Note[&quot;content&quot;])
		at app//com.fasterxml.jackson.module.kotlin.KotlinValueInstantiator.createFromObjectWith(KotlinValueInstantiator.kt:107)
		at app//com.fasterxml.jackson.databind.deser.impl.PropertyBasedCreator.build(PropertyBasedCreator.java:195)
		at app//com.fasterxml.jackson.databind.deser.BeanDeserializer._deserializeUsingPropertyBased(BeanDeserializer.java:488)
		at app//com.fasterxml.jackson.databind.deser.BeanDeserializerBase.deserializeFromObjectUsingNonDefault(BeanDeserializerBase.java:1287)
		at app//com.fasterxml.jackson.databind.deser.BeanDeserializer.deserializeFromObject(BeanDeserializer.java:326)
		at app//com.fasterxml.jackson.databind.deser.BeanDeserializer.deserialize(BeanDeserializer.java:159)
		at app//com.fasterxml.jackson.databind.ObjectMapper._readMapAndClose(ObjectMapper.java:4013)
		at app//com.fasterxml.jackson.databind.ObjectMapper.readValue(ObjectMapper.java:3023)
		at app//au.com.firemarklabs.nt.NoteDeserializable.deserialize(NoteDeserializable.kt:12)
		at app//au.com.firemarklabs.nt.NoteDeserializable.deserialize(NoteDeserializable.kt:7)
		at app//com.github.kittinunf.fuel.core.ResponseDeserializable$DefaultImpls.deserialize(Deserializable.kt:43)
		at app//au.com.firemarklabs.nt.NoteDeserializable.deserialize(NoteDeserializable.kt:7)
		at app//au.com.firemarklabs.nt.NoteDeserializable.deserialize(NoteDeserializable.kt:7)
		at app//com.github.kittinunf.fuel.core.DeserializableKt.awaitResponse(Deserializable.kt:256)
		at app//au.com.firemarklabs.nt.NTClient$asyncInsert$$inlined$awaitObjectResponse$1.invokeSuspend(Coroutines.kt:68)
		at app//kotlin.coroutines.jvm.internal.BaseContinuationImpl.resumeWith(ContinuationImpl.kt:33)
		at app//kotlinx.coroutines.DispatchedTask.run(DispatchedTask.kt:56)
		at app//kotlinx.coroutines.scheduling.CoroutineScheduler.runSafely(CoroutineScheduler.kt:561)
		at app//kotlinx.coroutines.scheduling.CoroutineScheduler$Worker.executeTask(CoroutineScheduler.kt:727)
		at app//kotlinx.coroutines.scheduling.CoroutineScheduler$Worker.runWorker(CoroutineScheduler.kt:667)
		at app//kotlinx.coroutines.scheduling.CoroutineScheduler$Worker.run(CoroutineScheduler.kt:655)
	Suppressed: Instantiation of [simple type, class au.com.firemarklabs.nt.Note] value failed for JSON property content due to missing (therefore NULL) value for creator parameter content which is a non-nullable type
 at [Source: (String)&quot;{&quot;status&quot;:&quot;success&quot;,&quot;note&quot;:{&quot;tag&quot;:[&quot;performance&quot;],&quot;_id&quot;:&quot;614c1b8aceece30015ab9c63&quot;,&quot;content&quot;:&quot;Note 21&quot;,&quot;__v&quot;:0}}&quot;; line: 1, column: 112] (through reference chain: au.com.firemarklabs.nt.Note[&quot;content&quot;])
	com.github.kittinunf.fuel.core.FuelError$Companion.wrap(FuelError.kt:86)
	com.github.kittinunf.fuel.core.DeserializableKt.awaitResponse(Deserializable.kt:257)
Caused by: com.fasterxml.jackson.module.kotlin.MissingKotlinParameterException: Instantiation of [simple type, class au.com.firemarklabs.nt.Note] value failed for JSON property content due to missing (therefore NULL) value for creator parameter content which is a non-nullable type
 at [Source: (String)&quot;{&quot;status&quot;:&quot;success&quot;,&quot;note&quot;:{&quot;tag&quot;:[&quot;performance&quot;],&quot;_id&quot;:&quot;614c1b8aceece30015ab9c63&quot;,&quot;content&quot;:&quot;Note 21&quot;,&quot;__v&quot;:0}}&quot;; line: 1, column: 112] (through reference chain: au.com.firemarklabs.nt.Note[&quot;content&quot;])
	com.fasterxml.jackson.module.kotlin.KotlinValueInstantiator.createFromObjectWith(KotlinValueInstantiator.kt:107)
	com.fasterxml.jackson.databind.deser.impl.PropertyBasedCreator.build(PropertyBasedCreator.java:195)
	com.fasterxml.jackson.databind.deser.BeanDeserializer._deserializeUsingPropertyBased(BeanDeserializer.java:488)
	com.fasterxml.jackson.databind.deser.BeanDeserializerBase.deserializeFromObjectUsingNonDefault(BeanDeserializerBase.java:1287)
	com.fasterxml.jackson.databind.deser.BeanDeserializer.deserializeFromObject(BeanDeserializer.java:326)
	com.fasterxml.jackson.databind.deser.BeanDeserializer.deserialize(BeanDeserializer.java:159)
	com.fasterxml.jackson.databind.ObjectMapper._readMapAndClose(ObjectMapper.java:4013)
	com.fasterxml.jackson.databind.ObjectMapper.readValue(ObjectMapper.java:3023)
	au.com.firemarklabs.nt.NoteDeserializable.deserialize(NoteDeserializable.kt:12)
	au.com.firemarklabs.nt.NoteDeserializable.deserialize(NoteDeserializable.kt:7)
	com.github.kittinunf.fuel.core.ResponseDeserializable$DefaultImpls.deserialize(Deserializable.kt:43)
	au.com.firemarklabs.nt.NoteDeserializable.deserialize(NoteDeserializable.kt:7)
	au.com.firemarklabs.nt.NoteDeserializable.deserialize(NoteDeserializable.kt:7)
	com.github.kittinunf.fuel.core.DeserializableKt.awaitResponse(Deserializable.kt:256)
	au.com.firemarklabs.nt.NTClient$asyncInsert$$inlined$awaitObjectResponse$1.invokeSuspend(Coroutines.kt:68)
	kotlin.coroutines.jvm.internal.BaseContinuationImpl.resumeWith(ContinuationImpl.kt:33)
	kotlinx.coroutines.DispatchedTask.run(DispatchedTask.kt:56)
	kotlinx.coroutines.scheduling.CoroutineScheduler.runSafely(CoroutineScheduler.kt:561)
	kotlinx.coroutines.scheduling.CoroutineScheduler$Worker.executeTask(CoroutineScheduler.kt:727)
	kotlinx.coroutines.scheduling.CoroutineScheduler$Worker.runWorker(CoroutineScheduler.kt:667)
	kotlinx.coroutines.scheduling.CoroutineScheduler$Worker.run(CoroutineScheduler.kt:655)

		... 2 more
	Caused by: com.fasterxml.jackson.module.kotlin.MissingKotlinParameterException: Instantiation of [simple type, class au.com.firemarklabs.nt.Note] value failed for JSON property content due to missing (therefore NULL) value for creator parameter content which is a non-nullable type
 at [Source: (String)&quot;{&quot;status&quot;:&quot;success&quot;,&quot;note&quot;:{&quot;tag&quot;:[&quot;performance&quot;],&quot;_id&quot;:&quot;614c1b8aceece30015ab9c63&quot;,&quot;content&quot;:&quot;Note 21&quot;,&quot;__v&quot;:0}}&quot;; line: 1, column: 112] (through reference chain: au.com.firemarklabs.nt.Note[&quot;content&quot;])
		at app//com.fasterxml.jackson.module.kotlin.KotlinValueInstantiator.createFromObjectWith(KotlinValueInstantiator.kt:107)
		at app//com.fasterxml.jackson.databind.deser.impl.PropertyBasedCreator.build(PropertyBasedCreator.java:195)
		at app//com.fasterxml.jackson.databind.deser.BeanDeserializer._deserializeUsingPropertyBased(BeanDeserializer.java:488)
		at app//com.fasterxml.jackson.databind.deser.BeanDeserializerBase.deserializeFromObjectUsingNonDefault(BeanDeserializerBase.java:1287)
		at app//com.fasterxml.jackson.databind.deser.BeanDeserializer.deserializeFromObject(BeanDeserializer.java:326)
		at app//com.fasterxml.jackson.databind.deser.BeanDeserializer.deserialize(BeanDeserializer.java:159)
		at app//com.fasterxml.jackson.databind.ObjectMapper._readMapAndClose(ObjectMapper.java:4013)
		at app//com.fasterxml.jackson.databind.ObjectMapper.readValue(ObjectMapper.java:3023)
		at app//au.com.firemarklabs.nt.NoteDeserializable.deserialize(NoteDeserializable.kt:12)
		at app//au.com.firemarklabs.nt.NoteDeserializable.deserialize(NoteDeserializable.kt:7)
		at app//com.github.kittinunf.fuel.core.ResponseDeserializable$DefaultImpls.deserialize(Deserializable.kt:43)
		at app//au.com.firemarklabs.nt.NoteDeserializable.deserialize(NoteDeserializable.kt:7)
		at app//au.com.firemarklabs.nt.NoteDeserializable.deserialize(NoteDeserializable.kt:7)
		at app//com.github.kittinunf.fuel.core.DeserializableKt.awaitResponse(Deserializable.kt:256)
		at app//au.com.firemarklabs.nt.NTClient$asyncInsert$$inlined$awaitObjectResponse$1.invokeSuspend(Coroutines.kt:68)
		at app//kotlin.coroutines.jvm.internal.BaseContinuationImpl.resumeWith(ContinuationImpl.kt:33)
		at app//kotlinx.coroutines.DispatchedTask.run(DispatchedTask.kt:56)
		at app//kotlinx.coroutines.scheduling.CoroutineScheduler.runSafely(CoroutineScheduler.kt:561)
		at app//kotlinx.coroutines.scheduling.CoroutineScheduler$Worker.executeTask(CoroutineScheduler.kt:727)
		at app//kotlinx.coroutines.scheduling.CoroutineScheduler$Worker.runWorker(CoroutineScheduler.kt:667)
		at app//kotlinx.coroutines.scheduling.CoroutineScheduler$Worker.run(CoroutineScheduler.kt:655)
	Suppressed: Instantiation of [simple type, class au.com.firemarklabs.nt.Note] value failed for JSON property content due to missing (therefore NULL) value for creator parameter content which is a non-nullable type
 at [Source: (String)&quot;{&quot;status&quot;:&quot;success&quot;,&quot;note&quot;:{&quot;tag&quot;:[&quot;performance&quot;],&quot;_id&quot;:&quot;614c1b8aceece30015ab9c64&quot;,&quot;content&quot;:&quot;Note 25&quot;,&quot;__v&quot;:0}}&quot;; line: 1, column: 112] (through reference chain: au.com.firemarklabs.nt.Note[&quot;content&quot;])
	com.github.kittinunf.fuel.core.FuelError$Companion.wrap(FuelError.kt:86)
	com.github.kittinunf.fuel.core.DeserializableKt.awaitResponse(Deserializable.kt:257)
Caused by: com.fasterxml.jackson.module.kotlin.MissingKotlinParameterException: Instantiation of [simple type, class au.com.firemarklabs.nt.Note] value failed for JSON property content due to missing (therefore NULL) value for creator parameter content which is a non-nullable type
 at [Source: (String)&quot;{&quot;status&quot;:&quot;success&quot;,&quot;note&quot;:{&quot;tag&quot;:[&quot;performance&quot;],&quot;_id&quot;:&quot;614c1b8aceece30015ab9c64&quot;,&quot;content&quot;:&quot;Note 25&quot;,&quot;__v&quot;:0}}&quot;; line: 1, column: 112] (through reference chain: au.com.firemarklabs.nt.Note[&quot;content&quot;])
	com.fasterxml.jackson.module.kotlin.KotlinValueInstantiator.createFromObjectWith(KotlinValueInstantiator.kt:107)
	com.fasterxml.jackson.databind.deser.impl.PropertyBasedCreator.build(PropertyBasedCreator.java:195)
	com.fasterxml.jackson.databind.deser.BeanDeserializer._deserializeUsingPropertyBased(BeanDeserializer.java:488)
	com.fasterxml.jackson.databind.deser.BeanDeserializerBase.deserializeFromObjectUsingNonDefault(BeanDeserializerBase.java:1287)
	com.fasterxml.jackson.databind.deser.BeanDeserializer.deserializeFromObject(BeanDeserializer.java:326)
	com.fasterxml.jackson.databind.deser.BeanDeserializer.deserialize(BeanDeserializer.java:159)
	com.fasterxml.jackson.databind.ObjectMapper._readMapAndClose(ObjectMapper.java:4013)
	com.fasterxml.jackson.databind.ObjectMapper.readValue(ObjectMapper.java:3023)
	au.com.firemarklabs.nt.NoteDeserializable.deserialize(NoteDeserializable.kt:12)
	au.com.firemarklabs.nt.NoteDeserializable.deserialize(NoteDeserializable.kt:7)
	com.github.kittinunf.fuel.core.ResponseDeserializable$DefaultImpls.deserialize(Deserializable.kt:43)
	au.com.firemarklabs.nt.NoteDeserializable.deserialize(NoteDeserializable.kt:7)
	au.com.firemarklabs.nt.NoteDeserializable.deserialize(NoteDeserializable.kt:7)
	com.github.kittinunf.fuel.core.DeserializableKt.awaitResponse(Deserializable.kt:256)
	au.com.firemarklabs.nt.NTClient$asyncInsert$$inlined$awaitObjectResponse$1.invokeSuspend(Coroutines.kt:68)
	kotlin.coroutines.jvm.internal.BaseContinuationImpl.resumeWith(ContinuationImpl.kt:33)
	kotlinx.coroutines.DispatchedTask.run(DispatchedTask.kt:56)
	kotlinx.coroutines.scheduling.CoroutineScheduler.runSafely(CoroutineScheduler.kt:561)
	kotlinx.coroutines.scheduling.CoroutineScheduler$Worker.executeTask(CoroutineScheduler.kt:727)
	kotlinx.coroutines.scheduling.CoroutineScheduler$Worker.runWorker(CoroutineScheduler.kt:667)
	kotlinx.coroutines.scheduling.CoroutineScheduler$Worker.run(CoroutineScheduler.kt:655)

		... 2 more
	Caused by: com.fasterxml.jackson.module.kotlin.MissingKotlinParameterException: Instantiation of [simple type, class au.com.firemarklabs.nt.Note] value failed for JSON property content due to missing (therefore NULL) value for creator parameter content which is a non-nullable type
 at [Source: (String)&quot;{&quot;status&quot;:&quot;success&quot;,&quot;note&quot;:{&quot;tag&quot;:[&quot;performance&quot;],&quot;_id&quot;:&quot;614c1b8aceece30015ab9c64&quot;,&quot;content&quot;:&quot;Note 25&quot;,&quot;__v&quot;:0}}&quot;; line: 1, column: 112] (through reference chain: au.com.firemarklabs.nt.Note[&quot;content&quot;])
		at app//com.fasterxml.jackson.module.kotlin.KotlinValueInstantiator.createFromObjectWith(KotlinValueInstantiator.kt:107)
		at app//com.fasterxml.jackson.databind.deser.impl.PropertyBasedCreator.build(PropertyBasedCreator.java:195)
		at app//com.fasterxml.jackson.databind.deser.BeanDeserializer._deserializeUsingPropertyBased(BeanDeserializer.java:488)
		at app//com.fasterxml.jackson.databind.deser.BeanDeserializerBase.deserializeFromObjectUsingNonDefault(BeanDeserializerBase.java:1287)
		at app//com.fasterxml.jackson.databind.deser.BeanDeserializer.deserializeFromObject(BeanDeserializer.java:326)
		at app//com.fasterxml.jackson.databind.deser.BeanDeserializer.deserialize(BeanDeserializer.java:159)
		at app//com.fasterxml.jackson.databind.ObjectMapper._readMapAndClose(ObjectMapper.java:4013)
		at app//com.fasterxml.jackson.databind.ObjectMapper.readValue(ObjectMapper.java:3023)
		at app//au.com.firemarklabs.nt.NoteDeserializable.deserialize(NoteDeserializable.kt:12)
		at app//au.com.firemarklabs.nt.NoteDeserializable.deserialize(NoteDeserializable.kt:7)
		at app//com.github.kittinunf.fuel.core.ResponseDeserializable$DefaultImpls.deserialize(Deserializable.kt:43)
		at app//au.com.firemarklabs.nt.NoteDeserializable.deserialize(NoteDeserializable.kt:7)
		at app//au.com.firemarklabs.nt.NoteDeserializable.deserialize(NoteDeserializable.kt:7)
		at app//com.github.kittinunf.fuel.core.DeserializableKt.awaitResponse(Deserializable.kt:256)
		at app//au.com.firemarklabs.nt.NTClient$asyncInsert$$inlined$awaitObjectResponse$1.invokeSuspend(Coroutines.kt:68)
		at app//kotlin.coroutines.jvm.internal.BaseContinuationImpl.resumeWith(ContinuationImpl.kt:33)
		at app//kotlinx.coroutines.DispatchedTask.run(DispatchedTask.kt:56)
		at app//kotlinx.coroutines.scheduling.CoroutineScheduler.runSafely(CoroutineScheduler.kt:561)
		at app//kotlinx.coroutines.scheduling.CoroutineScheduler$Worker.executeTask(CoroutineScheduler.kt:727)
		at app//kotlinx.coroutines.scheduling.CoroutineScheduler$Worker.runWorker(CoroutineScheduler.kt:667)
		at app//kotlinx.coroutines.scheduling.CoroutineScheduler$Worker.run(CoroutineScheduler.kt:655)
	Suppressed: Instantiation of [simple type, class au.com.firemarklabs.nt.Note] value failed for JSON property content due to missing (therefore NULL) value for creator parameter content which is a non-nullable type
 at [Source: (String)&quot;{&quot;status&quot;:&quot;success&quot;,&quot;note&quot;:{&quot;tag&quot;:[&quot;performance&quot;],&quot;_id&quot;:&quot;614c1b8aceece30015ab9c65&quot;,&quot;content&quot;:&quot;Note 24&quot;,&quot;__v&quot;:0}}&quot;; line: 1, column: 112] (through reference chain: au.com.firemarklabs.nt.Note[&quot;content&quot;])
	com.github.kittinunf.fuel.core.FuelError$Companion.wrap(FuelError.kt:86)
	com.github.kittinunf.fuel.core.DeserializableKt.awaitResponse(Deserializable.kt:257)
Caused by: com.fasterxml.jackson.module.kotlin.MissingKotlinParameterException: Instantiation of [simple type, class au.com.firemarklabs.nt.Note] value failed for JSON property content due to missing (therefore NULL) value for creator parameter content which is a non-nullable type
 at [Source: (String)&quot;{&quot;status&quot;:&quot;success&quot;,&quot;note&quot;:{&quot;tag&quot;:[&quot;performance&quot;],&quot;_id&quot;:&quot;614c1b8aceece30015ab9c65&quot;,&quot;content&quot;:&quot;Note 24&quot;,&quot;__v&quot;:0}}&quot;; line: 1, column: 112] (through reference chain: au.com.firemarklabs.nt.Note[&quot;content&quot;])
	com.fasterxml.jackson.module.kotlin.KotlinValueInstantiator.createFromObjectWith(KotlinValueInstantiator.kt:107)
	com.fasterxml.jackson.databind.deser.impl.PropertyBasedCreator.build(PropertyBasedCreator.java:195)
	com.fasterxml.jackson.databind.deser.BeanDeserializer._deserializeUsingPropertyBased(BeanDeserializer.java:488)
	com.fasterxml.jackson.databind.deser.BeanDeserializerBase.deserializeFromObjectUsingNonDefault(BeanDeserializerBase.java:1287)
	com.fasterxml.jackson.databind.deser.BeanDeserializer.deserializeFromObject(BeanDeserializer.java:326)
	com.fasterxml.jackson.databind.deser.BeanDeserializer.deserialize(BeanDeserializer.java:159)
	com.fasterxml.jackson.databind.ObjectMapper._readMapAndClose(ObjectMapper.java:4013)
	com.fasterxml.jackson.databind.ObjectMapper.readValue(ObjectMapper.java:3023)
	au.com.firemarklabs.nt.NoteDeserializable.deserialize(NoteDeserializable.kt:12)
	au.com.firemarklabs.nt.NoteDeserializable.deserialize(NoteDeserializable.kt:7)
	com.github.kittinunf.fuel.core.ResponseDeserializable$DefaultImpls.deserialize(Deserializable.kt:43)
	au.com.firemarklabs.nt.NoteDeserializable.deserialize(NoteDeserializable.kt:7)
	au.com.firemarklabs.nt.NoteDeserializable.deserialize(NoteDeserializable.kt:7)
	com.github.kittinunf.fuel.core.DeserializableKt.awaitResponse(Deserializable.kt:256)
	au.com.firemarklabs.nt.NTClient$asyncInsert$$inlined$awaitObjectResponse$1.invokeSuspend(Coroutines.kt:68)
	kotlin.coroutines.jvm.internal.BaseContinuationImpl.resumeWith(ContinuationImpl.kt:33)
	kotlinx.coroutines.DispatchedTask.run(DispatchedTask.kt:56)
	kotlinx.coroutines.scheduling.CoroutineScheduler.runSafely(CoroutineScheduler.kt:561)
	kotlinx.coroutines.scheduling.CoroutineScheduler$Worker.executeTask(CoroutineScheduler.kt:727)
	kotlinx.coroutines.scheduling.CoroutineScheduler$Worker.runWorker(CoroutineScheduler.kt:667)
	kotlinx.coroutines.scheduling.CoroutineScheduler$Worker.run(CoroutineScheduler.kt:655)

		... 2 more
	Caused by: com.fasterxml.jackson.module.kotlin.MissingKotlinParameterException: Instantiation of [simple type, class au.com.firemarklabs.nt.Note] value failed for JSON property content due to missing (therefore NULL) value for creator parameter content which is a non-nullable type
 at [Source: (String)&quot;{&quot;status&quot;:&quot;success&quot;,&quot;note&quot;:{&quot;tag&quot;:[&quot;performance&quot;],&quot;_id&quot;:&quot;614c1b8aceece30015ab9c65&quot;,&quot;content&quot;:&quot;Note 24&quot;,&quot;__v&quot;:0}}&quot;; line: 1, column: 112] (through reference chain: au.com.firemarklabs.nt.Note[&quot;content&quot;])
		at app//com.fasterxml.jackson.module.kotlin.KotlinValueInstantiator.createFromObjectWith(KotlinValueInstantiator.kt:107)
		at app//com.fasterxml.jackson.databind.deser.impl.PropertyBasedCreator.build(PropertyBasedCreator.java:195)
		at app//com.fasterxml.jackson.databind.deser.BeanDeserializer._deserializeUsingPropertyBased(BeanDeserializer.java:488)
		at app//com.fasterxml.jackson.databind.deser.BeanDeserializerBase.deserializeFromObjectUsingNonDefault(BeanDeserializerBase.java:1287)
		at app//com.fasterxml.jackson.databind.deser.BeanDeserializer.deserializeFromObject(BeanDeserializer.java:326)
		at app//com.fasterxml.jackson.databind.deser.BeanDeserializer.deserialize(BeanDeserializer.java:159)
		at app//com.fasterxml.jackson.databind.ObjectMapper._readMapAndClose(ObjectMapper.java:4013)
		at app//com.fasterxml.jackson.databind.ObjectMapper.readValue(ObjectMapper.java:3023)
		at app//au.com.firemarklabs.nt.NoteDeserializable.deserialize(NoteDeserializable.kt:12)
		at app//au.com.firemarklabs.nt.NoteDeserializable.deserialize(NoteDeserializable.kt:7)
		at app//com.github.kittinunf.fuel.core.ResponseDeserializable$DefaultImpls.deserialize(Deserializable.kt:43)
		at app//au.com.firemarklabs.nt.NoteDeserializable.deserialize(NoteDeserializable.kt:7)
		at app//au.com.firemarklabs.nt.NoteDeserializable.deserialize(NoteDeserializable.kt:7)
		at app//com.github.kittinunf.fuel.core.DeserializableKt.awaitResponse(Deserializable.kt:256)
		at app//au.com.firemarklabs.nt.NTClient$asyncInsert$$inlined$awaitObjectResponse$1.invokeSuspend(Coroutines.kt:68)
		at app//kotlin.coroutines.jvm.internal.BaseContinuationImpl.resumeWith(ContinuationImpl.kt:33)
		at app//kotlinx.coroutines.DispatchedTask.run(DispatchedTask.kt:56)
		at app//kotlinx.coroutines.scheduling.CoroutineScheduler.runSafely(CoroutineScheduler.kt:561)
		at app//kotlinx.coroutines.scheduling.CoroutineScheduler$Worker.executeTask(CoroutineScheduler.kt:727)
		at app//kotlinx.coroutines.scheduling.CoroutineScheduler$Worker.runWorker(CoroutineScheduler.kt:667)
		at app//kotlinx.coroutines.scheduling.CoroutineScheduler$Worker.run(CoroutineScheduler.kt:655)
	Suppressed: Instantiation of [simple type, class au.com.firemarklabs.nt.Note] value failed for JSON property content due to missing (therefore NULL) value for creator parameter content which is a non-nullable type
 at [Source: (String)&quot;{&quot;status&quot;:&quot;success&quot;,&quot;note&quot;:{&quot;tag&quot;:[&quot;performance&quot;],&quot;_id&quot;:&quot;614c1b8aceece30015ab9c66&quot;,&quot;content&quot;:&quot;Note 31&quot;,&quot;__v&quot;:0}}&quot;; line: 1, column: 112] (through reference chain: au.com.firemarklabs.nt.Note[&quot;content&quot;])
	com.github.kittinunf.fuel.core.FuelError$Companion.wrap(FuelError.kt:86)
	com.github.kittinunf.fuel.core.DeserializableKt.awaitResponse(Deserializable.kt:257)
Caused by: com.fasterxml.jackson.module.kotlin.MissingKotlinParameterException: Instantiation of [simple type, class au.com.firemarklabs.nt.Note] value failed for JSON property content due to missing (therefore NULL) value for creator parameter content which is a non-nullable type
 at [Source: (String)&quot;{&quot;status&quot;:&quot;success&quot;,&quot;note&quot;:{&quot;tag&quot;:[&quot;performance&quot;],&quot;_id&quot;:&quot;614c1b8aceece30015ab9c66&quot;,&quot;content&quot;:&quot;Note 31&quot;,&quot;__v&quot;:0}}&quot;; line: 1, column: 112] (through reference chain: au.com.firemarklabs.nt.Note[&quot;content&quot;])
	com.fasterxml.jackson.module.kotlin.KotlinValueInstantiator.createFromObjectWith(KotlinValueInstantiator.kt:107)
	com.fasterxml.jackson.databind.deser.impl.PropertyBasedCreator.build(PropertyBasedCreator.java:195)
	com.fasterxml.jackson.databind.deser.BeanDeserializer._deserializeUsingPropertyBased(BeanDeserializer.java:488)
	com.fasterxml.jackson.databind.deser.BeanDeserializerBase.deserializeFromObjectUsingNonDefault(BeanDeserializerBase.java:1287)
	com.fasterxml.jackson.databind.deser.BeanDeserializer.deserializeFromObject(BeanDeserializer.java:326)
	com.fasterxml.jackson.databind.deser.BeanDeserializer.deserialize(BeanDeserializer.java:159)
	com.fasterxml.jackson.databind.ObjectMapper._readMapAndClose(ObjectMapper.java:4013)
	com.fasterxml.jackson.databind.ObjectMapper.readValue(ObjectMapper.java:3023)
	au.com.firemarklabs.nt.NoteDeserializable.deserialize(NoteDeserializable.kt:12)
	au.com.firemarklabs.nt.NoteDeserializable.deserialize(NoteDeserializable.kt:7)
	com.github.kittinunf.fuel.core.ResponseDeserializable$DefaultImpls.deserialize(Deserializable.kt:43)
	au.com.firemarklabs.nt.NoteDeserializable.deserialize(NoteDeserializable.kt:7)
	au.com.firemarklabs.nt.NoteDeserializable.deserialize(NoteDeserializable.kt:7)
	com.github.kittinunf.fuel.core.DeserializableKt.awaitResponse(Deserializable.kt:256)
	au.com.firemarklabs.nt.NTClient$asyncInsert$$inlined$awaitObjectResponse$1.invokeSuspend(Coroutines.kt:68)
	kotlin.coroutines.jvm.internal.BaseContinuationImpl.resumeWith(ContinuationImpl.kt:33)
	kotlinx.coroutines.DispatchedTask.run(DispatchedTask.kt:56)
	kotlinx.coroutines.scheduling.CoroutineScheduler.runSafely(CoroutineScheduler.kt:561)
	kotlinx.coroutines.scheduling.CoroutineScheduler$Worker.executeTask(CoroutineScheduler.kt:727)
	kotlinx.coroutines.scheduling.CoroutineScheduler$Worker.runWorker(CoroutineScheduler.kt:667)
	kotlinx.coroutines.scheduling.CoroutineScheduler$Worker.run(CoroutineScheduler.kt:655)

		... 2 more
	Caused by: com.fasterxml.jackson.module.kotlin.MissingKotlinParameterException: Instantiation of [simple type, class au.com.firemarklabs.nt.Note] value failed for JSON property content due to missing (therefore NULL) value for creator parameter content which is a non-nullable type
 at [Source: (String)&quot;{&quot;status&quot;:&quot;success&quot;,&quot;note&quot;:{&quot;tag&quot;:[&quot;performance&quot;],&quot;_id&quot;:&quot;614c1b8aceece30015ab9c66&quot;,&quot;content&quot;:&quot;Note 31&quot;,&quot;__v&quot;:0}}&quot;; line: 1, column: 112] (through reference chain: au.com.firemarklabs.nt.Note[&quot;content&quot;])
		at app//com.fasterxml.jackson.module.kotlin.KotlinValueInstantiator.createFromObjectWith(KotlinValueInstantiator.kt:107)
		at app//com.fasterxml.jackson.databind.deser.impl.PropertyBasedCreator.build(PropertyBasedCreator.java:195)
		at app//com.fasterxml.jackson.databind.deser.BeanDeserializer._deserializeUsingPropertyBased(BeanDeserializer.java:488)
		at app//com.fasterxml.jackson.databind.deser.BeanDeserializerBase.deserializeFromObjectUsingNonDefault(BeanDeserializerBase.java:1287)
		at app//com.fasterxml.jackson.databind.deser.BeanDeserializer.deserializeFromObject(BeanDeserializer.java:326)
		at app//com.fasterxml.jackson.databind.deser.BeanDeserializer.deserialize(BeanDeserializer.java:159)
		at app//com.fasterxml.jackson.databind.ObjectMapper._readMapAndClose(ObjectMapper.java:4013)
		at app//com.fasterxml.jackson.databind.ObjectMapper.readValue(ObjectMapper.java:3023)
		at app//au.com.firemarklabs.nt.NoteDeserializable.deserialize(NoteDeserializable.kt:12)
		at app//au.com.firemarklabs.nt.NoteDeserializable.deserialize(NoteDeserializable.kt:7)
		at app//com.github.kittinunf.fuel.core.ResponseDeserializable$DefaultImpls.deserialize(Deserializable.kt:43)
		at app//au.com.firemarklabs.nt.NoteDeserializable.deserialize(NoteDeserializable.kt:7)
		at app//au.com.firemarklabs.nt.NoteDeserializable.deserialize(NoteDeserializable.kt:7)
		at app//com.github.kittinunf.fuel.core.DeserializableKt.awaitResponse(Deserializable.kt:256)
		at app//au.com.firemarklabs.nt.NTClient$asyncInsert$$inlined$awaitObjectResponse$1.invokeSuspend(Coroutines.kt:68)
		at app//kotlin.coroutines.jvm.internal.BaseContinuationImpl.resumeWith(ContinuationImpl.kt:33)
		at app//kotlinx.coroutines.DispatchedTask.run(DispatchedTask.kt:56)
		at app//kotlinx.coroutines.scheduling.CoroutineScheduler.runSafely(CoroutineScheduler.kt:561)
		at app//kotlinx.coroutines.scheduling.CoroutineScheduler$Worker.executeTask(CoroutineScheduler.kt:727)
		at app//kotlinx.coroutines.scheduling.CoroutineScheduler$Worker.runWorker(CoroutineScheduler.kt:667)
		at app//kotlinx.coroutines.scheduling.CoroutineScheduler$Worker.run(CoroutineScheduler.kt:655)
	Suppressed: Instantiation of [simple type, class au.com.firemarklabs.nt.Note] value failed for JSON property content due to missing (therefore NULL) value for creator parameter content which is a non-nullable type
 at [Source: (String)&quot;{&quot;status&quot;:&quot;success&quot;,&quot;note&quot;:{&quot;tag&quot;:[&quot;performance&quot;],&quot;_id&quot;:&quot;614c1b8aceece30015ab9c67&quot;,&quot;content&quot;:&quot;Note 26&quot;,&quot;__v&quot;:0}}&quot;; line: 1, column: 112] (through reference chain: au.com.firemarklabs.nt.Note[&quot;content&quot;])
	com.github.kittinunf.fuel.core.FuelError$Companion.wrap(FuelError.kt:86)
	com.github.kittinunf.fuel.core.DeserializableKt.awaitResponse(Deserializable.kt:257)
Caused by: com.fasterxml.jackson.module.kotlin.MissingKotlinParameterException: Instantiation of [simple type, class au.com.firemarklabs.nt.Note] value failed for JSON property content due to missing (therefore NULL) value for creator parameter content which is a non-nullable type
 at [Source: (String)&quot;{&quot;status&quot;:&quot;success&quot;,&quot;note&quot;:{&quot;tag&quot;:[&quot;performance&quot;],&quot;_id&quot;:&quot;614c1b8aceece30015ab9c67&quot;,&quot;content&quot;:&quot;Note 26&quot;,&quot;__v&quot;:0}}&quot;; line: 1, column: 112] (through reference chain: au.com.firemarklabs.nt.Note[&quot;content&quot;])
	com.fasterxml.jackson.module.kotlin.KotlinValueInstantiator.createFromObjectWith(KotlinValueInstantiator.kt:107)
	com.fasterxml.jackson.databind.deser.impl.PropertyBasedCreator.build(PropertyBasedCreator.java:195)
	com.fasterxml.jackson.databind.deser.BeanDeserializer._deserializeUsingPropertyBased(BeanDeserializer.java:488)
	com.fasterxml.jackson.databind.deser.BeanDeserializerBase.deserializeFromObjectUsingNonDefault(BeanDeserializerBase.java:1287)
	com.fasterxml.jackson.databind.deser.BeanDeserializer.deserializeFromObject(BeanDeserializer.java:326)
	com.fasterxml.jackson.databind.deser.BeanDeserializer.deserialize(BeanDeserializer.java:159)
	com.fasterxml.jackson.databind.ObjectMapper._readMapAndClose(ObjectMapper.java:4013)
	com.fasterxml.jackson.databind.ObjectMapper.readValue(ObjectMapper.java:3023)
	au.com.firemarklabs.nt.NoteDeserializable.deserialize(NoteDeserializable.kt:12)
	au.com.firemarklabs.nt.NoteDeserializable.deserialize(NoteDeserializable.kt:7)
	com.github.kittinunf.fuel.core.ResponseDeserializable$DefaultImpls.deserialize(Deserializable.kt:43)
	au.com.firemarklabs.nt.NoteDeserializable.deserialize(NoteDeserializable.kt:7)
	au.com.firemarklabs.nt.NoteDeserializable.deserialize(NoteDeserializable.kt:7)
	com.github.kittinunf.fuel.core.DeserializableKt.awaitResponse(Deserializable.kt:256)
	au.com.firemarklabs.nt.NTClient$asyncInsert$$inlined$awaitObjectResponse$1.invokeSuspend(Coroutines.kt:68)
	kotlin.coroutines.jvm.internal.BaseContinuationImpl.resumeWith(ContinuationImpl.kt:33)
	kotlinx.coroutines.DispatchedTask.run(DispatchedTask.kt:56)
	kotlinx.coroutines.scheduling.CoroutineScheduler.runSafely(CoroutineScheduler.kt:561)
	kotlinx.coroutines.scheduling.CoroutineScheduler$Worker.executeTask(CoroutineScheduler.kt:727)
	kotlinx.coroutines.scheduling.CoroutineScheduler$Worker.runWorker(CoroutineScheduler.kt:667)
	kotlinx.coroutines.scheduling.CoroutineScheduler$Worker.run(CoroutineScheduler.kt:655)

		... 2 more
	Caused by: com.fasterxml.jackson.module.kotlin.MissingKotlinParameterException: Instantiation of [simple type, class au.com.firemarklabs.nt.Note] value failed for JSON property content due to missing (therefore NULL) value for creator parameter content which is a non-nullable type
 at [Source: (String)&quot;{&quot;status&quot;:&quot;success&quot;,&quot;note&quot;:{&quot;tag&quot;:[&quot;performance&quot;],&quot;_id&quot;:&quot;614c1b8aceece30015ab9c67&quot;,&quot;content&quot;:&quot;Note 26&quot;,&quot;__v&quot;:0}}&quot;; line: 1, column: 112] (through reference chain: au.com.firemarklabs.nt.Note[&quot;content&quot;])
		at app//com.fasterxml.jackson.module.kotlin.KotlinValueInstantiator.createFromObjectWith(KotlinValueInstantiator.kt:107)
		at app//com.fasterxml.jackson.databind.deser.impl.PropertyBasedCreator.build(PropertyBasedCreator.java:195)
		at app//com.fasterxml.jackson.databind.deser.BeanDeserializer._deserializeUsingPropertyBased(BeanDeserializer.java:488)
		at app//com.fasterxml.jackson.databind.deser.BeanDeserializerBase.deserializeFromObjectUsingNonDefault(BeanDeserializerBase.java:1287)
		at app//com.fasterxml.jackson.databind.deser.BeanDeserializer.deserializeFromObject(BeanDeserializer.java:326)
		at app//com.fasterxml.jackson.databind.deser.BeanDeserializer.deserialize(BeanDeserializer.java:159)
		at app//com.fasterxml.jackson.databind.ObjectMapper._readMapAndClose(ObjectMapper.java:4013)
		at app//com.fasterxml.jackson.databind.ObjectMapper.readValue(ObjectMapper.java:3023)
		at app//au.com.firemarklabs.nt.NoteDeserializable.deserialize(NoteDeserializable.kt:12)
		at app//au.com.firemarklabs.nt.NoteDeserializable.deserialize(NoteDeserializable.kt:7)
		at app//com.github.kittinunf.fuel.core.ResponseDeserializable$DefaultImpls.deserialize(Deserializable.kt:43)
		at app//au.com.firemarklabs.nt.NoteDeserializable.deserialize(NoteDeserializable.kt:7)
		at app//au.com.firemarklabs.nt.NoteDeserializable.deserialize(NoteDeserializable.kt:7)
		at app//com.github.kittinunf.fuel.core.DeserializableKt.awaitResponse(Deserializable.kt:256)
		at app//au.com.firemarklabs.nt.NTClient$asyncInsert$$inlined$awaitObjectResponse$1.invokeSuspend(Coroutines.kt:68)
		at app//kotlin.coroutines.jvm.internal.BaseContinuationImpl.resumeWith(ContinuationImpl.kt:33)
		at app//kotlinx.coroutines.DispatchedTask.run(DispatchedTask.kt:56)
		at app//kotlinx.coroutines.scheduling.CoroutineScheduler.runSafely(CoroutineScheduler.kt:561)
		at app//kotlinx.coroutines.scheduling.CoroutineScheduler$Worker.executeTask(CoroutineScheduler.kt:727)
		at app//kotlinx.coroutines.scheduling.CoroutineScheduler$Worker.runWorker(CoroutineScheduler.kt:667)
		at app//kotlinx.coroutines.scheduling.CoroutineScheduler$Worker.run(CoroutineScheduler.kt:655)
	Suppressed: Instantiation of [simple type, class au.com.firemarklabs.nt.Note] value failed for JSON property content due to missing (therefore NULL) value for creator parameter content which is a non-nullable type
 at [Source: (String)&quot;{&quot;status&quot;:&quot;success&quot;,&quot;note&quot;:{&quot;tag&quot;:[&quot;performance&quot;],&quot;_id&quot;:&quot;614c1b8aceece30015ab9c68&quot;,&quot;content&quot;:&quot;Note 28&quot;,&quot;__v&quot;:0}}&quot;; line: 1, column: 112] (through reference chain: au.com.firemarklabs.nt.Note[&quot;content&quot;])
	com.github.kittinunf.fuel.core.FuelError$Companion.wrap(FuelError.kt:86)
	com.github.kittinunf.fuel.core.DeserializableKt.awaitResponse(Deserializable.kt:257)
Caused by: com.fasterxml.jackson.module.kotlin.MissingKotlinParameterException: Instantiation of [simple type, class au.com.firemarklabs.nt.Note] value failed for JSON property content due to missing (therefore NULL) value for creator parameter content which is a non-nullable type
 at [Source: (String)&quot;{&quot;status&quot;:&quot;success&quot;,&quot;note&quot;:{&quot;tag&quot;:[&quot;performance&quot;],&quot;_id&quot;:&quot;614c1b8aceece30015ab9c68&quot;,&quot;content&quot;:&quot;Note 28&quot;,&quot;__v&quot;:0}}&quot;; line: 1, column: 112] (through reference chain: au.com.firemarklabs.nt.Note[&quot;content&quot;])
	com.fasterxml.jackson.module.kotlin.KotlinValueInstantiator.createFromObjectWith(KotlinValueInstantiator.kt:107)
	com.fasterxml.jackson.databind.deser.impl.PropertyBasedCreator.build(PropertyBasedCreator.java:195)
	com.fasterxml.jackson.databind.deser.BeanDeserializer._deserializeUsingPropertyBased(BeanDeserializer.java:488)
	com.fasterxml.jackson.databind.deser.BeanDeserializerBase.deserializeFromObjectUsingNonDefault(BeanDeserializerBase.java:1287)
	com.fasterxml.jackson.databind.deser.BeanDeserializer.deserializeFromObject(BeanDeserializer.java:326)
	com.fasterxml.jackson.databind.deser.BeanDeserializer.deserialize(BeanDeserializer.java:159)
	com.fasterxml.jackson.databind.ObjectMapper._readMapAndClose(ObjectMapper.java:4013)
	com.fasterxml.jackson.databind.ObjectMapper.readValue(ObjectMapper.java:3023)
	au.com.firemarklabs.nt.NoteDeserializable.deserialize(NoteDeserializable.kt:12)
	au.com.firemarklabs.nt.NoteDeserializable.deserialize(NoteDeserializable.kt:7)
	com.github.kittinunf.fuel.core.ResponseDeserializable$DefaultImpls.deserialize(Deserializable.kt:43)
	au.com.firemarklabs.nt.NoteDeserializable.deserialize(NoteDeserializable.kt:7)
	au.com.firemarklabs.nt.NoteDeserializable.deserialize(NoteDeserializable.kt:7)
	com.github.kittinunf.fuel.core.DeserializableKt.awaitResponse(Deserializable.kt:256)
	au.com.firemarklabs.nt.NTClient$asyncInsert$$inlined$awaitObjectResponse$1.invokeSuspend(Coroutines.kt:68)
	kotlin.coroutines.jvm.internal.BaseContinuationImpl.resumeWith(ContinuationImpl.kt:33)
	kotlinx.coroutines.DispatchedTask.run(DispatchedTask.kt:56)
	kotlinx.coroutines.scheduling.CoroutineScheduler.runSafely(CoroutineScheduler.kt:561)
	kotlinx.coroutines.scheduling.CoroutineScheduler$Worker.executeTask(CoroutineScheduler.kt:727)
	kotlinx.coroutines.scheduling.CoroutineScheduler$Worker.runWorker(CoroutineScheduler.kt:667)
	kotlinx.coroutines.scheduling.CoroutineScheduler$Worker.run(CoroutineScheduler.kt:655)

		... 2 more
	Caused by: com.fasterxml.jackson.module.kotlin.MissingKotlinParameterException: Instantiation of [simple type, class au.com.firemarklabs.nt.Note] value failed for JSON property content due to missing (therefore NULL) value for creator parameter content which is a non-nullable type
 at [Source: (String)&quot;{&quot;status&quot;:&quot;success&quot;,&quot;note&quot;:{&quot;tag&quot;:[&quot;performance&quot;],&quot;_id&quot;:&quot;614c1b8aceece30015ab9c68&quot;,&quot;content&quot;:&quot;Note 28&quot;,&quot;__v&quot;:0}}&quot;; line: 1, column: 112] (through reference chain: au.com.firemarklabs.nt.Note[&quot;content&quot;])
		at app//com.fasterxml.jackson.module.kotlin.KotlinValueInstantiator.createFromObjectWith(KotlinValueInstantiator.kt:107)
		at app//com.fasterxml.jackson.databind.deser.impl.PropertyBasedCreator.build(PropertyBasedCreator.java:195)
		at app//com.fasterxml.jackson.databind.deser.BeanDeserializer._deserializeUsingPropertyBased(BeanDeserializer.java:488)
		at app//com.fasterxml.jackson.databind.deser.BeanDeserializerBase.deserializeFromObjectUsingNonDefault(BeanDeserializerBase.java:1287)
		at app//com.fasterxml.jackson.databind.deser.BeanDeserializer.deserializeFromObject(BeanDeserializer.java:326)
		at app//com.fasterxml.jackson.databind.deser.BeanDeserializer.deserialize(BeanDeserializer.java:159)
		at app//com.fasterxml.jackson.databind.ObjectMapper._readMapAndClose(ObjectMapper.java:4013)
		at app//com.fasterxml.jackson.databind.ObjectMapper.readValue(ObjectMapper.java:3023)
		at app//au.com.firemarklabs.nt.NoteDeserializable.deserialize(NoteDeserializable.kt:12)
		at app//au.com.firemarklabs.nt.NoteDeserializable.deserialize(NoteDeserializable.kt:7)
		at app//com.github.kittinunf.fuel.core.ResponseDeserializable$DefaultImpls.deserialize(Deserializable.kt:43)
		at app//au.com.firemarklabs.nt.NoteDeserializable.deserialize(NoteDeserializable.kt:7)
		at app//au.com.firemarklabs.nt.NoteDeserializable.deserialize(NoteDeserializable.kt:7)
		at app//com.github.kittinunf.fuel.core.DeserializableKt.awaitResponse(Deserializable.kt:256)
		at app//au.com.firemarklabs.nt.NTClient$asyncInsert$$inlined$awaitObjectResponse$1.invokeSuspend(Coroutines.kt:68)
		at app//kotlin.coroutines.jvm.internal.BaseContinuationImpl.resumeWith(ContinuationImpl.kt:33)
		at app//kotlinx.coroutines.DispatchedTask.run(DispatchedTask.kt:56)
		at app//kotlinx.coroutines.scheduling.CoroutineScheduler.runSafely(CoroutineScheduler.kt:561)
		at app//kotlinx.coroutines.scheduling.CoroutineScheduler$Worker.executeTask(CoroutineScheduler.kt:727)
		at app//kotlinx.coroutines.scheduling.CoroutineScheduler$Worker.runWorker(CoroutineScheduler.kt:667)
		at app//kotlinx.coroutines.scheduling.CoroutineScheduler$Worker.run(CoroutineScheduler.kt:655)
	Suppressed: Instantiation of [simple type, class au.com.firemarklabs.nt.Note] value failed for JSON property content due to missing (therefore NULL) value for creator parameter content which is a non-nullable type
 at [Source: (String)&quot;{&quot;status&quot;:&quot;success&quot;,&quot;note&quot;:{&quot;tag&quot;:[&quot;performance&quot;],&quot;_id&quot;:&quot;614c1b8aceece30015ab9c69&quot;,&quot;content&quot;:&quot;Note 27&quot;,&quot;__v&quot;:0}}&quot;; line: 1, column: 112] (through reference chain: au.com.firemarklabs.nt.Note[&quot;content&quot;])
	com.github.kittinunf.fuel.core.FuelError$Companion.wrap(FuelError.kt:86)
	com.github.kittinunf.fuel.core.DeserializableKt.awaitResponse(Deserializable.kt:257)
Caused by: com.fasterxml.jackson.module.kotlin.MissingKotlinParameterException: Instantiation of [simple type, class au.com.firemarklabs.nt.Note] value failed for JSON property content due to missing (therefore NULL) value for creator parameter content which is a non-nullable type
 at [Source: (String)&quot;{&quot;status&quot;:&quot;success&quot;,&quot;note&quot;:{&quot;tag&quot;:[&quot;performance&quot;],&quot;_id&quot;:&quot;614c1b8aceece30015ab9c69&quot;,&quot;content&quot;:&quot;Note 27&quot;,&quot;__v&quot;:0}}&quot;; line: 1, column: 112] (through reference chain: au.com.firemarklabs.nt.Note[&quot;content&quot;])
	com.fasterxml.jackson.module.kotlin.KotlinValueInstantiator.createFromObjectWith(KotlinValueInstantiator.kt:107)
	com.fasterxml.jackson.databind.deser.impl.PropertyBasedCreator.build(PropertyBasedCreator.java:195)
	com.fasterxml.jackson.databind.deser.BeanDeserializer._deserializeUsingPropertyBased(BeanDeserializer.java:488)
	com.fasterxml.jackson.databind.deser.BeanDeserializerBase.deserializeFromObjectUsingNonDefault(BeanDeserializerBase.java:1287)
	com.fasterxml.jackson.databind.deser.BeanDeserializer.deserializeFromObject(BeanDeserializer.java:326)
	com.fasterxml.jackson.databind.deser.BeanDeserializer.deserialize(BeanDeserializer.java:159)
	com.fasterxml.jackson.databind.ObjectMapper._readMapAndClose(ObjectMapper.java:4013)
	com.fasterxml.jackson.databind.ObjectMapper.readValue(ObjectMapper.java:3023)
	au.com.firemarklabs.nt.NoteDeserializable.deserialize(NoteDeserializable.kt:12)
	au.com.firemarklabs.nt.NoteDeserializable.deserialize(NoteDeserializable.kt:7)
	com.github.kittinunf.fuel.core.ResponseDeserializable$DefaultImpls.deserialize(Deserializable.kt:43)
	au.com.firemarklabs.nt.NoteDeserializable.deserialize(NoteDeserializable.kt:7)
	au.com.firemarklabs.nt.NoteDeserializable.deserialize(NoteDeserializable.kt:7)
	com.github.kittinunf.fuel.core.DeserializableKt.awaitResponse(Deserializable.kt:256)
	au.com.firemarklabs.nt.NTClient$asyncInsert$$inlined$awaitObjectResponse$1.invokeSuspend(Coroutines.kt:68)
	kotlin.coroutines.jvm.internal.BaseContinuationImpl.resumeWith(ContinuationImpl.kt:33)
	kotlinx.coroutines.DispatchedTask.run(DispatchedTask.kt:56)
	kotlinx.coroutines.scheduling.CoroutineScheduler.runSafely(CoroutineScheduler.kt:561)
	kotlinx.coroutines.scheduling.CoroutineScheduler$Worker.executeTask(CoroutineScheduler.kt:727)
	kotlinx.coroutines.scheduling.CoroutineScheduler$Worker.runWorker(CoroutineScheduler.kt:667)
	kotlinx.coroutines.scheduling.CoroutineScheduler$Worker.run(CoroutineScheduler.kt:655)

		... 2 more
	Caused by: com.fasterxml.jackson.module.kotlin.MissingKotlinParameterException: Instantiation of [simple type, class au.com.firemarklabs.nt.Note] value failed for JSON property content due to missing (therefore NULL) value for creator parameter content which is a non-nullable type
 at [Source: (String)&quot;{&quot;status&quot;:&quot;success&quot;,&quot;note&quot;:{&quot;tag&quot;:[&quot;performance&quot;],&quot;_id&quot;:&quot;614c1b8aceece30015ab9c69&quot;,&quot;content&quot;:&quot;Note 27&quot;,&quot;__v&quot;:0}}&quot;; line: 1, column: 112] (through reference chain: au.com.firemarklabs.nt.Note[&quot;content&quot;])
		at app//com.fasterxml.jackson.module.kotlin.KotlinValueInstantiator.createFromObjectWith(KotlinValueInstantiator.kt:107)
		at app//com.fasterxml.jackson.databind.deser.impl.PropertyBasedCreator.build(PropertyBasedCreator.java:195)
		at app//com.fasterxml.jackson.databind.deser.BeanDeserializer._deserializeUsingPropertyBased(BeanDeserializer.java:488)
		at app//com.fasterxml.jackson.databind.deser.BeanDeserializerBase.deserializeFromObjectUsingNonDefault(BeanDeserializerBase.java:1287)
		at app//com.fasterxml.jackson.databind.deser.BeanDeserializer.deserializeFromObject(BeanDeserializer.java:326)
		at app//com.fasterxml.jackson.databind.deser.BeanDeserializer.deserialize(BeanDeserializer.java:159)
		at app//com.fasterxml.jackson.databind.ObjectMapper._readMapAndClose(ObjectMapper.java:4013)
		at app//com.fasterxml.jackson.databind.ObjectMapper.readValue(ObjectMapper.java:3023)
		at app//au.com.firemarklabs.nt.NoteDeserializable.deserialize(NoteDeserializable.kt:12)
		at app//au.com.firemarklabs.nt.NoteDeserializable.deserialize(NoteDeserializable.kt:7)
		at app//com.github.kittinunf.fuel.core.ResponseDeserializable$DefaultImpls.deserialize(Deserializable.kt:43)
		at app//au.com.firemarklabs.nt.NoteDeserializable.deserialize(NoteDeserializable.kt:7)
		at app//au.com.firemarklabs.nt.NoteDeserializable.deserialize(NoteDeserializable.kt:7)
		at app//com.github.kittinunf.fuel.core.DeserializableKt.awaitResponse(Deserializable.kt:256)
		at app//au.com.firemarklabs.nt.NTClient$asyncInsert$$inlined$awaitObjectResponse$1.invokeSuspend(Coroutines.kt:68)
		at app//kotlin.coroutines.jvm.internal.BaseContinuationImpl.resumeWith(ContinuationImpl.kt:33)
		at app//kotlinx.coroutines.DispatchedTask.run(DispatchedTask.kt:56)
		at app//kotlinx.coroutines.scheduling.CoroutineScheduler.runSafely(CoroutineScheduler.kt:561)
		at app//kotlinx.coroutines.scheduling.CoroutineScheduler$Worker.executeTask(CoroutineScheduler.kt:727)
		at app//kotlinx.coroutines.scheduling.CoroutineScheduler$Worker.runWorker(CoroutineScheduler.kt:667)
		at app//kotlinx.coroutines.scheduling.CoroutineScheduler$Worker.run(CoroutineScheduler.kt:655)
	Suppressed: Instantiation of [simple type, class au.com.firemarklabs.nt.Note] value failed for JSON property content due to missing (therefore NULL) value for creator parameter content which is a non-nullable type
 at [Source: (String)&quot;{&quot;status&quot;:&quot;success&quot;,&quot;note&quot;:{&quot;tag&quot;:[&quot;performance&quot;],&quot;_id&quot;:&quot;614c1b8aceece30015ab9c6a&quot;,&quot;content&quot;:&quot;Note 29&quot;,&quot;__v&quot;:0}}&quot;; line: 1, column: 112] (through reference chain: au.com.firemarklabs.nt.Note[&quot;content&quot;])
	com.github.kittinunf.fuel.core.FuelError$Companion.wrap(FuelError.kt:86)
	com.github.kittinunf.fuel.core.DeserializableKt.awaitResponse(Deserializable.kt:257)
Caused by: com.fasterxml.jackson.module.kotlin.MissingKotlinParameterException: Instantiation of [simple type, class au.com.firemarklabs.nt.Note] value failed for JSON property content due to missing (therefore NULL) value for creator parameter content which is a non-nullable type
 at [Source: (String)&quot;{&quot;status&quot;:&quot;success&quot;,&quot;note&quot;:{&quot;tag&quot;:[&quot;performance&quot;],&quot;_id&quot;:&quot;614c1b8aceece30015ab9c6a&quot;,&quot;content&quot;:&quot;Note 29&quot;,&quot;__v&quot;:0}}&quot;; line: 1, column: 112] (through reference chain: au.com.firemarklabs.nt.Note[&quot;content&quot;])
	com.fasterxml.jackson.module.kotlin.KotlinValueInstantiator.createFromObjectWith(KotlinValueInstantiator.kt:107)
	com.fasterxml.jackson.databind.deser.impl.PropertyBasedCreator.build(PropertyBasedCreator.java:195)
	com.fasterxml.jackson.databind.deser.BeanDeserializer._deserializeUsingPropertyBased(BeanDeserializer.java:488)
	com.fasterxml.jackson.databind.deser.BeanDeserializerBase.deserializeFromObjectUsingNonDefault(BeanDeserializerBase.java:1287)
	com.fasterxml.jackson.databind.deser.BeanDeserializer.deserializeFromObject(BeanDeserializer.java:326)
	com.fasterxml.jackson.databind.deser.BeanDeserializer.deserialize(BeanDeserializer.java:159)
	com.fasterxml.jackson.databind.ObjectMapper._readMapAndClose(ObjectMapper.java:4013)
	com.fasterxml.jackson.databind.ObjectMapper.readValue(ObjectMapper.java:3023)
	au.com.firemarklabs.nt.NoteDeserializable.deserialize(NoteDeserializable.kt:12)
	au.com.firemarklabs.nt.NoteDeserializable.deserialize(NoteDeserializable.kt:7)
	com.github.kittinunf.fuel.core.ResponseDeserializable$DefaultImpls.deserialize(Deserializable.kt:43)
	au.com.firemarklabs.nt.NoteDeserializable.deserialize(NoteDeserializable.kt:7)
	au.com.firemarklabs.nt.NoteDeserializable.deserialize(NoteDeserializable.kt:7)
	com.github.kittinunf.fuel.core.DeserializableKt.awaitResponse(Deserializable.kt:256)
	au.com.firemarklabs.nt.NTClient$asyncInsert$$inlined$awaitObjectResponse$1.invokeSuspend(Coroutines.kt:68)
	kotlin.coroutines.jvm.internal.BaseContinuationImpl.resumeWith(ContinuationImpl.kt:33)
	kotlinx.coroutines.DispatchedTask.run(DispatchedTask.kt:56)
	kotlinx.coroutines.scheduling.CoroutineScheduler.runSafely(CoroutineScheduler.kt:561)
	kotlinx.coroutines.scheduling.CoroutineScheduler$Worker.executeTask(CoroutineScheduler.kt:727)
	kotlinx.coroutines.scheduling.CoroutineScheduler$Worker.runWorker(CoroutineScheduler.kt:667)
	kotlinx.coroutines.scheduling.CoroutineScheduler$Worker.run(CoroutineScheduler.kt:655)

		... 2 more
	Caused by: com.fasterxml.jackson.module.kotlin.MissingKotlinParameterException: Instantiation of [simple type, class au.com.firemarklabs.nt.Note] value failed for JSON property content due to missing (therefore NULL) value for creator parameter content which is a non-nullable type
 at [Source: (String)&quot;{&quot;status&quot;:&quot;success&quot;,&quot;note&quot;:{&quot;tag&quot;:[&quot;performance&quot;],&quot;_id&quot;:&quot;614c1b8aceece30015ab9c6a&quot;,&quot;content&quot;:&quot;Note 29&quot;,&quot;__v&quot;:0}}&quot;; line: 1, column: 112] (through reference chain: au.com.firemarklabs.nt.Note[&quot;content&quot;])
		at app//com.fasterxml.jackson.module.kotlin.KotlinValueInstantiator.createFromObjectWith(KotlinValueInstantiator.kt:107)
		at app//com.fasterxml.jackson.databind.deser.impl.PropertyBasedCreator.build(PropertyBasedCreator.java:195)
		at app//com.fasterxml.jackson.databind.deser.BeanDeserializer._deserializeUsingPropertyBased(BeanDeserializer.java:488)
		at app//com.fasterxml.jackson.databind.deser.BeanDeserializerBase.deserializeFromObjectUsingNonDefault(BeanDeserializerBase.java:1287)
		at app//com.fasterxml.jackson.databind.deser.BeanDeserializer.deserializeFromObject(BeanDeserializer.java:326)
		at app//com.fasterxml.jackson.databind.deser.BeanDeserializer.deserialize(BeanDeserializer.java:159)
		at app//com.fasterxml.jackson.databind.ObjectMapper._readMapAndClose(ObjectMapper.java:4013)
		at app//com.fasterxml.jackson.databind.ObjectMapper.readValue(ObjectMapper.java:3023)
		at app//au.com.firemarklabs.nt.NoteDeserializable.deserialize(NoteDeserializable.kt:12)
		at app//au.com.firemarklabs.nt.NoteDeserializable.deserialize(NoteDeserializable.kt:7)
		at app//com.github.kittinunf.fuel.core.ResponseDeserializable$DefaultImpls.deserialize(Deserializable.kt:43)
		at app//au.com.firemarklabs.nt.NoteDeserializable.deserialize(NoteDeserializable.kt:7)
		at app//au.com.firemarklabs.nt.NoteDeserializable.deserialize(NoteDeserializable.kt:7)
		at app//com.github.kittinunf.fuel.core.DeserializableKt.awaitResponse(Deserializable.kt:256)
		at app//au.com.firemarklabs.nt.NTClient$asyncInsert$$inlined$awaitObjectResponse$1.invokeSuspend(Coroutines.kt:68)
		at app//kotlin.coroutines.jvm.internal.BaseContinuationImpl.resumeWith(ContinuationImpl.kt:33)
		at app//kotlinx.coroutines.DispatchedTask.run(DispatchedTask.kt:56)
		at app//kotlinx.coroutines.scheduling.CoroutineScheduler.runSafely(CoroutineScheduler.kt:561)
		at app//kotlinx.coroutines.scheduling.CoroutineScheduler$Worker.executeTask(CoroutineScheduler.kt:727)
		at app//kotlinx.coroutines.scheduling.CoroutineScheduler$Worker.runWorker(CoroutineScheduler.kt:667)
		at app//kotlinx.coroutines.scheduling.CoroutineScheduler$Worker.run(CoroutineScheduler.kt:655)
	Suppressed: Instantiation of [simple type, class au.com.firemarklabs.nt.Note] value failed for JSON property content due to missing (therefore NULL) value for creator parameter content which is a non-nullable type
 at [Source: (String)&quot;{&quot;status&quot;:&quot;success&quot;,&quot;note&quot;:{&quot;tag&quot;:[&quot;performance&quot;],&quot;_id&quot;:&quot;614c1b8aceece30015ab9c6b&quot;,&quot;content&quot;:&quot;Note 30&quot;,&quot;__v&quot;:0}}&quot;; line: 1, column: 112] (through reference chain: au.com.firemarklabs.nt.Note[&quot;content&quot;])
	com.github.kittinunf.fuel.core.FuelError$Companion.wrap(FuelError.kt:86)
	com.github.kittinunf.fuel.core.DeserializableKt.awaitResponse(Deserializable.kt:257)
Caused by: com.fasterxml.jackson.module.kotlin.MissingKotlinParameterException: Instantiation of [simple type, class au.com.firemarklabs.nt.Note] value failed for JSON property content due to missing (therefore NULL) value for creator parameter content which is a non-nullable type
 at [Source: (String)&quot;{&quot;status&quot;:&quot;success&quot;,&quot;note&quot;:{&quot;tag&quot;:[&quot;performance&quot;],&quot;_id&quot;:&quot;614c1b8aceece30015ab9c6b&quot;,&quot;content&quot;:&quot;Note 30&quot;,&quot;__v&quot;:0}}&quot;; line: 1, column: 112] (through reference chain: au.com.firemarklabs.nt.Note[&quot;content&quot;])
	com.fasterxml.jackson.module.kotlin.KotlinValueInstantiator.createFromObjectWith(KotlinValueInstantiator.kt:107)
	com.fasterxml.jackson.databind.deser.impl.PropertyBasedCreator.build(PropertyBasedCreator.java:195)
	com.fasterxml.jackson.databind.deser.BeanDeserializer._deserializeUsingPropertyBased(BeanDeserializer.java:488)
	com.fasterxml.jackson.databind.deser.BeanDeserializerBase.deserializeFromObjectUsingNonDefault(BeanDeserializerBase.java:1287)
	com.fasterxml.jackson.databind.deser.BeanDeserializer.deserializeFromObject(BeanDeserializer.java:326)
	com.fasterxml.jackson.databind.deser.BeanDeserializer.deserialize(BeanDeserializer.java:159)
	com.fasterxml.jackson.databind.ObjectMapper._readMapAndClose(ObjectMapper.java:4013)
	com.fasterxml.jackson.databind.ObjectMapper.readValue(ObjectMapper.java:3023)
	au.com.firemarklabs.nt.NoteDeserializable.deserialize(NoteDeserializable.kt:12)
	au.com.firemarklabs.nt.NoteDeserializable.deserialize(NoteDeserializable.kt:7)
	com.github.kittinunf.fuel.core.ResponseDeserializable$DefaultImpls.deserialize(Deserializable.kt:43)
	au.com.firemarklabs.nt.NoteDeserializable.deserialize(NoteDeserializable.kt:7)
	au.com.firemarklabs.nt.NoteDeserializable.deserialize(NoteDeserializable.kt:7)
	com.github.kittinunf.fuel.core.DeserializableKt.awaitResponse(Deserializable.kt:256)
	au.com.firemarklabs.nt.NTClient$asyncInsert$$inlined$awaitObjectResponse$1.invokeSuspend(Coroutines.kt:68)
	kotlin.coroutines.jvm.internal.BaseContinuationImpl.resumeWith(ContinuationImpl.kt:33)
	kotlinx.coroutines.DispatchedTask.run(DispatchedTask.kt:56)
	kotlinx.coroutines.scheduling.CoroutineScheduler.runSafely(CoroutineScheduler.kt:561)
	kotlinx.coroutines.scheduling.CoroutineScheduler$Worker.executeTask(CoroutineScheduler.kt:727)
	kotlinx.coroutines.scheduling.CoroutineScheduler$Worker.runWorker(CoroutineScheduler.kt:667)
	kotlinx.coroutines.scheduling.CoroutineScheduler$Worker.run(CoroutineScheduler.kt:655)

		... 2 more
	Caused by: com.fasterxml.jackson.module.kotlin.MissingKotlinParameterException: Instantiation of [simple type, class au.com.firemarklabs.nt.Note] value failed for JSON property content due to missing (therefore NULL) value for creator parameter content which is a non-nullable type
 at [Source: (String)&quot;{&quot;status&quot;:&quot;success&quot;,&quot;note&quot;:{&quot;tag&quot;:[&quot;performance&quot;],&quot;_id&quot;:&quot;614c1b8aceece30015ab9c6b&quot;,&quot;content&quot;:&quot;Note 30&quot;,&quot;__v&quot;:0}}&quot;; line: 1, column: 112] (through reference chain: au.com.firemarklabs.nt.Note[&quot;content&quot;])
		at app//com.fasterxml.jackson.module.kotlin.KotlinValueInstantiator.createFromObjectWith(KotlinValueInstantiator.kt:107)
		at app//com.fasterxml.jackson.databind.deser.impl.PropertyBasedCreator.build(PropertyBasedCreator.java:195)
		at app//com.fasterxml.jackson.databind.deser.BeanDeserializer._deserializeUsingPropertyBased(BeanDeserializer.java:488)
		at app//com.fasterxml.jackson.databind.deser.BeanDeserializerBase.deserializeFromObjectUsingNonDefault(BeanDeserializerBase.java:1287)
		at app//com.fasterxml.jackson.databind.deser.BeanDeserializer.deserializeFromObject(BeanDeserializer.java:326)
		at app//com.fasterxml.jackson.databind.deser.BeanDeserializer.deserialize(BeanDeserializer.java:159)
		at app//com.fasterxml.jackson.databind.ObjectMapper._readMapAndClose(ObjectMapper.java:4013)
		at app//com.fasterxml.jackson.databind.ObjectMapper.readValue(ObjectMapper.java:3023)
		at app//au.com.firemarklabs.nt.NoteDeserializable.deserialize(NoteDeserializable.kt:12)
		at app//au.com.firemarklabs.nt.NoteDeserializable.deserialize(NoteDeserializable.kt:7)
		at app//com.github.kittinunf.fuel.core.ResponseDeserializable$DefaultImpls.deserialize(Deserializable.kt:43)
		at app//au.com.firemarklabs.nt.NoteDeserializable.deserialize(NoteDeserializable.kt:7)
		at app//au.com.firemarklabs.nt.NoteDeserializable.deserialize(NoteDeserializable.kt:7)
		at app//com.github.kittinunf.fuel.core.DeserializableKt.awaitResponse(Deserializable.kt:256)
		at app//au.com.firemarklabs.nt.NTClient$asyncInsert$$inlined$awaitObjectResponse$1.invokeSuspend(Coroutines.kt:68)
		at app//kotlin.coroutines.jvm.internal.BaseContinuationImpl.resumeWith(ContinuationImpl.kt:33)
		at app//kotlinx.coroutines.DispatchedTask.run(DispatchedTask.kt:56)
		at app//kotlinx.coroutines.scheduling.CoroutineScheduler.runSafely(CoroutineScheduler.kt:561)
		at app//kotlinx.coroutines.scheduling.CoroutineScheduler$Worker.executeTask(CoroutineScheduler.kt:727)
		at app//kotlinx.coroutines.scheduling.CoroutineScheduler$Worker.runWorker(CoroutineScheduler.kt:667)
		at app//kotlinx.coroutines.scheduling.CoroutineScheduler$Worker.run(CoroutineScheduler.kt:655)
	Suppressed: Instantiation of [simple type, class au.com.firemarklabs.nt.Note] value failed for JSON property content due to missing (therefore NULL) value for creator parameter content which is a non-nullable type
 at [Source: (String)&quot;{&quot;status&quot;:&quot;success&quot;,&quot;note&quot;:{&quot;tag&quot;:[&quot;performance&quot;],&quot;_id&quot;:&quot;614c1b8aceece30015ab9c6c&quot;,&quot;content&quot;:&quot;Note 32&quot;,&quot;__v&quot;:0}}&quot;; line: 1, column: 112] (through reference chain: au.com.firemarklabs.nt.Note[&quot;content&quot;])
	com.github.kittinunf.fuel.core.FuelError$Companion.wrap(FuelError.kt:86)
	com.github.kittinunf.fuel.core.DeserializableKt.awaitResponse(Deserializable.kt:257)
Caused by: com.fasterxml.jackson.module.kotlin.MissingKotlinParameterException: Instantiation of [simple type, class au.com.firemarklabs.nt.Note] value failed for JSON property content due to missing (therefore NULL) value for creator parameter content which is a non-nullable type
 at [Source: (String)&quot;{&quot;status&quot;:&quot;success&quot;,&quot;note&quot;:{&quot;tag&quot;:[&quot;performance&quot;],&quot;_id&quot;:&quot;614c1b8aceece30015ab9c6c&quot;,&quot;content&quot;:&quot;Note 32&quot;,&quot;__v&quot;:0}}&quot;; line: 1, column: 112] (through reference chain: au.com.firemarklabs.nt.Note[&quot;content&quot;])
	com.fasterxml.jackson.module.kotlin.KotlinValueInstantiator.createFromObjectWith(KotlinValueInstantiator.kt:107)
	com.fasterxml.jackson.databind.deser.impl.PropertyBasedCreator.build(PropertyBasedCreator.java:195)
	com.fasterxml.jackson.databind.deser.BeanDeserializer._deserializeUsingPropertyBased(BeanDeserializer.java:488)
	com.fasterxml.jackson.databind.deser.BeanDeserializerBase.deserializeFromObjectUsingNonDefault(BeanDeserializerBase.java:1287)
	com.fasterxml.jackson.databind.deser.BeanDeserializer.deserializeFromObject(BeanDeserializer.java:326)
	com.fasterxml.jackson.databind.deser.BeanDeserializer.deserialize(BeanDeserializer.java:159)
	com.fasterxml.jackson.databind.ObjectMapper._readMapAndClose(ObjectMapper.java:4013)
	com.fasterxml.jackson.databind.ObjectMapper.readValue(ObjectMapper.java:3023)
	au.com.firemarklabs.nt.NoteDeserializable.deserialize(NoteDeserializable.kt:12)
	au.com.firemarklabs.nt.NoteDeserializable.deserialize(NoteDeserializable.kt:7)
	com.github.kittinunf.fuel.core.ResponseDeserializable$DefaultImpls.deserialize(Deserializable.kt:43)
	au.com.firemarklabs.nt.NoteDeserializable.deserialize(NoteDeserializable.kt:7)
	au.com.firemarklabs.nt.NoteDeserializable.deserialize(NoteDeserializable.kt:7)
	com.github.kittinunf.fuel.core.DeserializableKt.awaitResponse(Deserializable.kt:256)
	au.com.firemarklabs.nt.NTClient$asyncInsert$$inlined$awaitObjectResponse$1.invokeSuspend(Coroutines.kt:68)
	kotlin.coroutines.jvm.internal.BaseContinuationImpl.resumeWith(ContinuationImpl.kt:33)
	kotlinx.coroutines.DispatchedTask.run(DispatchedTask.kt:56)
	kotlinx.coroutines.scheduling.CoroutineScheduler.runSafely(CoroutineScheduler.kt:561)
	kotlinx.coroutines.scheduling.CoroutineScheduler$Worker.executeTask(CoroutineScheduler.kt:727)
	kotlinx.coroutines.scheduling.CoroutineScheduler$Worker.runWorker(CoroutineScheduler.kt:667)
	kotlinx.coroutines.scheduling.CoroutineScheduler$Worker.run(CoroutineScheduler.kt:655)

		... 2 more
	Caused by: com.fasterxml.jackson.module.kotlin.MissingKotlinParameterException: Instantiation of [simple type, class au.com.firemarklabs.nt.Note] value failed for JSON property content due to missing (therefore NULL) value for creator parameter content which is a non-nullable type
 at [Source: (String)&quot;{&quot;status&quot;:&quot;success&quot;,&quot;note&quot;:{&quot;tag&quot;:[&quot;performance&quot;],&quot;_id&quot;:&quot;614c1b8aceece30015ab9c6c&quot;,&quot;content&quot;:&quot;Note 32&quot;,&quot;__v&quot;:0}}&quot;; line: 1, column: 112] (through reference chain: au.com.firemarklabs.nt.Note[&quot;content&quot;])
		at app//com.fasterxml.jackson.module.kotlin.KotlinValueInstantiator.createFromObjectWith(KotlinValueInstantiator.kt:107)
		at app//com.fasterxml.jackson.databind.deser.impl.PropertyBasedCreator.build(PropertyBasedCreator.java:195)
		at app//com.fasterxml.jackson.databind.deser.BeanDeserializer._deserializeUsingPropertyBased(BeanDeserializer.java:488)
		at app//com.fasterxml.jackson.databind.deser.BeanDeserializerBase.deserializeFromObjectUsingNonDefault(BeanDeserializerBase.java:1287)
		at app//com.fasterxml.jackson.databind.deser.BeanDeserializer.deserializeFromObject(BeanDeserializer.java:326)
		at app//com.fasterxml.jackson.databind.deser.BeanDeserializer.deserialize(BeanDeserializer.java:159)
		at app//com.fasterxml.jackson.databind.ObjectMapper._readMapAndClose(ObjectMapper.java:4013)
		at app//com.fasterxml.jackson.databind.ObjectMapper.readValue(ObjectMapper.java:3023)
		at app//au.com.firemarklabs.nt.NoteDeserializable.deserialize(NoteDeserializable.kt:12)
		at app//au.com.firemarklabs.nt.NoteDeserializable.deserialize(NoteDeserializable.kt:7)
		at app//com.github.kittinunf.fuel.core.ResponseDeserializable$DefaultImpls.deserialize(Deserializable.kt:43)
		at app//au.com.firemarklabs.nt.NoteDeserializable.deserialize(NoteDeserializable.kt:7)
		at app//au.com.firemarklabs.nt.NoteDeserializable.deserialize(NoteDeserializable.kt:7)
		at app//com.github.kittinunf.fuel.core.DeserializableKt.awaitResponse(Deserializable.kt:256)
		at app//au.com.firemarklabs.nt.NTClient$asyncInsert$$inlined$awaitObjectResponse$1.invokeSuspend(Coroutines.kt:68)
		at app//kotlin.coroutines.jvm.internal.BaseContinuationImpl.resumeWith(ContinuationImpl.kt:33)
		at app//kotlinx.coroutines.DispatchedTask.run(DispatchedTask.kt:56)
		at app//kotlinx.coroutines.scheduling.CoroutineScheduler.runSafely(CoroutineScheduler.kt:561)
		at app//kotlinx.coroutines.scheduling.CoroutineScheduler$Worker.executeTask(CoroutineScheduler.kt:727)
		at app//kotlinx.coroutines.scheduling.CoroutineScheduler$Worker.runWorker(CoroutineScheduler.kt:667)
		at app//kotlinx.coroutines.scheduling.CoroutineScheduler$Worker.run(CoroutineScheduler.kt:655)
	Suppressed: Instantiation of [simple type, class au.com.firemarklabs.nt.Note] value failed for JSON property content due to missing (therefore NULL) value for creator parameter content which is a non-nullable type
 at [Source: (String)&quot;{&quot;status&quot;:&quot;success&quot;,&quot;note&quot;:{&quot;tag&quot;:[&quot;performance&quot;],&quot;_id&quot;:&quot;614c1b8aceece30015ab9c6d&quot;,&quot;content&quot;:&quot;Note 35&quot;,&quot;__v&quot;:0}}&quot;; line: 1, column: 112] (through reference chain: au.com.firemarklabs.nt.Note[&quot;content&quot;])
	com.github.kittinunf.fuel.core.FuelError$Companion.wrap(FuelError.kt:86)
	com.github.kittinunf.fuel.core.DeserializableKt.awaitResponse(Deserializable.kt:257)
Caused by: com.fasterxml.jackson.module.kotlin.MissingKotlinParameterException: Instantiation of [simple type, class au.com.firemarklabs.nt.Note] value failed for JSON property content due to missing (therefore NULL) value for creator parameter content which is a non-nullable type
 at [Source: (String)&quot;{&quot;status&quot;:&quot;success&quot;,&quot;note&quot;:{&quot;tag&quot;:[&quot;performance&quot;],&quot;_id&quot;:&quot;614c1b8aceece30015ab9c6d&quot;,&quot;content&quot;:&quot;Note 35&quot;,&quot;__v&quot;:0}}&quot;; line: 1, column: 112] (through reference chain: au.com.firemarklabs.nt.Note[&quot;content&quot;])
	com.fasterxml.jackson.module.kotlin.KotlinValueInstantiator.createFromObjectWith(KotlinValueInstantiator.kt:107)
	com.fasterxml.jackson.databind.deser.impl.PropertyBasedCreator.build(PropertyBasedCreator.java:195)
	com.fasterxml.jackson.databind.deser.BeanDeserializer._deserializeUsingPropertyBased(BeanDeserializer.java:488)
	com.fasterxml.jackson.databind.deser.BeanDeserializerBase.deserializeFromObjectUsingNonDefault(BeanDeserializerBase.java:1287)
	com.fasterxml.jackson.databind.deser.BeanDeserializer.deserializeFromObject(BeanDeserializer.java:326)
	com.fasterxml.jackson.databind.deser.BeanDeserializer.deserialize(BeanDeserializer.java:159)
	com.fasterxml.jackson.databind.ObjectMapper._readMapAndClose(ObjectMapper.java:4013)
	com.fasterxml.jackson.databind.ObjectMapper.readValue(ObjectMapper.java:3023)
	au.com.firemarklabs.nt.NoteDeserializable.deserialize(NoteDeserializable.kt:12)
	au.com.firemarklabs.nt.NoteDeserializable.deserialize(NoteDeserializable.kt:7)
	com.github.kittinunf.fuel.core.ResponseDeserializable$DefaultImpls.deserialize(Deserializable.kt:43)
	au.com.firemarklabs.nt.NoteDeserializable.deserialize(NoteDeserializable.kt:7)
	au.com.firemarklabs.nt.NoteDeserializable.deserialize(NoteDeserializable.kt:7)
	com.github.kittinunf.fuel.core.DeserializableKt.awaitResponse(Deserializable.kt:256)
	au.com.firemarklabs.nt.NTClient$asyncInsert$$inlined$awaitObjectResponse$1.invokeSuspend(Coroutines.kt:68)
	kotlin.coroutines.jvm.internal.BaseContinuationImpl.resumeWith(ContinuationImpl.kt:33)
	kotlinx.coroutines.DispatchedTask.run(DispatchedTask.kt:56)
	kotlinx.coroutines.scheduling.CoroutineScheduler.runSafely(CoroutineScheduler.kt:561)
	kotlinx.coroutines.scheduling.CoroutineScheduler$Worker.executeTask(CoroutineScheduler.kt:727)
	kotlinx.coroutines.scheduling.CoroutineScheduler$Worker.runWorker(CoroutineScheduler.kt:667)
	kotlinx.coroutines.scheduling.CoroutineScheduler$Worker.run(CoroutineScheduler.kt:655)

		... 2 more
	Caused by: com.fasterxml.jackson.module.kotlin.MissingKotlinParameterException: Instantiation of [simple type, class au.com.firemarklabs.nt.Note] value failed for JSON property content due to missing (therefore NULL) value for creator parameter content which is a non-nullable type
 at [Source: (String)&quot;{&quot;status&quot;:&quot;success&quot;,&quot;note&quot;:{&quot;tag&quot;:[&quot;performance&quot;],&quot;_id&quot;:&quot;614c1b8aceece30015ab9c6d&quot;,&quot;content&quot;:&quot;Note 35&quot;,&quot;__v&quot;:0}}&quot;; line: 1, column: 112] (through reference chain: au.com.firemarklabs.nt.Note[&quot;content&quot;])
		at app//com.fasterxml.jackson.module.kotlin.KotlinValueInstantiator.createFromObjectWith(KotlinValueInstantiator.kt:107)
		at app//com.fasterxml.jackson.databind.deser.impl.PropertyBasedCreator.build(PropertyBasedCreator.java:195)
		at app//com.fasterxml.jackson.databind.deser.BeanDeserializer._deserializeUsingPropertyBased(BeanDeserializer.java:488)
		at app//com.fasterxml.jackson.databind.deser.BeanDeserializerBase.deserializeFromObjectUsingNonDefault(BeanDeserializerBase.java:1287)
		at app//com.fasterxml.jackson.databind.deser.BeanDeserializer.deserializeFromObject(BeanDeserializer.java:326)
		at app//com.fasterxml.jackson.databind.deser.BeanDeserializer.deserialize(BeanDeserializer.java:159)
		at app//com.fasterxml.jackson.databind.ObjectMapper._readMapAndClose(ObjectMapper.java:4013)
		at app//com.fasterxml.jackson.databind.ObjectMapper.readValue(ObjectMapper.java:3023)
		at app//au.com.firemarklabs.nt.NoteDeserializable.deserialize(NoteDeserializable.kt:12)
		at app//au.com.firemarklabs.nt.NoteDeserializable.deserialize(NoteDeserializable.kt:7)
		at app//com.github.kittinunf.fuel.core.ResponseDeserializable$DefaultImpls.deserialize(Deserializable.kt:43)
		at app//au.com.firemarklabs.nt.NoteDeserializable.deserialize(NoteDeserializable.kt:7)
		at app//au.com.firemarklabs.nt.NoteDeserializable.deserialize(NoteDeserializable.kt:7)
		at app//com.github.kittinunf.fuel.core.DeserializableKt.awaitResponse(Deserializable.kt:256)
		at app//au.com.firemarklabs.nt.NTClient$asyncInsert$$inlined$awaitObjectResponse$1.invokeSuspend(Coroutines.kt:68)
		at app//kotlin.coroutines.jvm.internal.BaseContinuationImpl.resumeWith(ContinuationImpl.kt:33)
		at app//kotlinx.coroutines.DispatchedTask.run(DispatchedTask.kt:56)
		at app//kotlinx.coroutines.scheduling.CoroutineScheduler.runSafely(CoroutineScheduler.kt:561)
		at app//kotlinx.coroutines.scheduling.CoroutineScheduler$Worker.executeTask(CoroutineScheduler.kt:727)
		at app//kotlinx.coroutines.scheduling.CoroutineScheduler$Worker.runWorker(CoroutineScheduler.kt:667)
		at app//kotlinx.coroutines.scheduling.CoroutineScheduler$Worker.run(CoroutineScheduler.kt:655)
	Suppressed: Instantiation of [simple type, class au.com.firemarklabs.nt.Note] value failed for JSON property content due to missing (therefore NULL) value for creator parameter content which is a non-nullable type
 at [Source: (String)&quot;{&quot;status&quot;:&quot;success&quot;,&quot;note&quot;:{&quot;tag&quot;:[&quot;performance&quot;],&quot;_id&quot;:&quot;614c1b8aceece30015ab9c6e&quot;,&quot;content&quot;:&quot;Note 33&quot;,&quot;__v&quot;:0}}&quot;; line: 1, column: 112] (through reference chain: au.com.firemarklabs.nt.Note[&quot;content&quot;])
	com.github.kittinunf.fuel.core.FuelError$Companion.wrap(FuelError.kt:86)
	com.github.kittinunf.fuel.core.DeserializableKt.awaitResponse(Deserializable.kt:257)
Caused by: com.fasterxml.jackson.module.kotlin.MissingKotlinParameterException: Instantiation of [simple type, class au.com.firemarklabs.nt.Note] value failed for JSON property content due to missing (therefore NULL) value for creator parameter content which is a non-nullable type
 at [Source: (String)&quot;{&quot;status&quot;:&quot;success&quot;,&quot;note&quot;:{&quot;tag&quot;:[&quot;performance&quot;],&quot;_id&quot;:&quot;614c1b8aceece30015ab9c6e&quot;,&quot;content&quot;:&quot;Note 33&quot;,&quot;__v&quot;:0}}&quot;; line: 1, column: 112] (through reference chain: au.com.firemarklabs.nt.Note[&quot;content&quot;])
	com.fasterxml.jackson.module.kotlin.KotlinValueInstantiator.createFromObjectWith(KotlinValueInstantiator.kt:107)
	com.fasterxml.jackson.databind.deser.impl.PropertyBasedCreator.build(PropertyBasedCreator.java:195)
	com.fasterxml.jackson.databind.deser.BeanDeserializer._deserializeUsingPropertyBased(BeanDeserializer.java:488)
	com.fasterxml.jackson.databind.deser.BeanDeserializerBase.deserializeFromObjectUsingNonDefault(BeanDeserializerBase.java:1287)
	com.fasterxml.jackson.databind.deser.BeanDeserializer.deserializeFromObject(BeanDeserializer.java:326)
	com.fasterxml.jackson.databind.deser.BeanDeserializer.deserialize(BeanDeserializer.java:159)
	com.fasterxml.jackson.databind.ObjectMapper._readMapAndClose(ObjectMapper.java:4013)
	com.fasterxml.jackson.databind.ObjectMapper.readValue(ObjectMapper.java:3023)
	au.com.firemarklabs.nt.NoteDeserializable.deserialize(NoteDeserializable.kt:12)
	au.com.firemarklabs.nt.NoteDeserializable.deserialize(NoteDeserializable.kt:7)
	com.github.kittinunf.fuel.core.ResponseDeserializable$DefaultImpls.deserialize(Deserializable.kt:43)
	au.com.firemarklabs.nt.NoteDeserializable.deserialize(NoteDeserializable.kt:7)
	au.com.firemarklabs.nt.NoteDeserializable.deserialize(NoteDeserializable.kt:7)
	com.github.kittinunf.fuel.core.DeserializableKt.awaitResponse(Deserializable.kt:256)
	au.com.firemarklabs.nt.NTClient$asyncInsert$$inlined$awaitObjectResponse$1.invokeSuspend(Coroutines.kt:68)
	kotlin.coroutines.jvm.internal.BaseContinuationImpl.resumeWith(ContinuationImpl.kt:33)
	kotlinx.coroutines.DispatchedTask.run(DispatchedTask.kt:56)
	kotlinx.coroutines.scheduling.CoroutineScheduler.runSafely(CoroutineScheduler.kt:561)
	kotlinx.coroutines.scheduling.CoroutineScheduler$Worker.executeTask(CoroutineScheduler.kt:727)
	kotlinx.coroutines.scheduling.CoroutineScheduler$Worker.runWorker(CoroutineScheduler.kt:667)
	kotlinx.coroutines.scheduling.CoroutineScheduler$Worker.run(CoroutineScheduler.kt:655)

		... 2 more
	Caused by: com.fasterxml.jackson.module.kotlin.MissingKotlinParameterException: Instantiation of [simple type, class au.com.firemarklabs.nt.Note] value failed for JSON property content due to missing (therefore NULL) value for creator parameter content which is a non-nullable type
 at [Source: (String)&quot;{&quot;status&quot;:&quot;success&quot;,&quot;note&quot;:{&quot;tag&quot;:[&quot;performance&quot;],&quot;_id&quot;:&quot;614c1b8aceece30015ab9c6e&quot;,&quot;content&quot;:&quot;Note 33&quot;,&quot;__v&quot;:0}}&quot;; line: 1, column: 112] (through reference chain: au.com.firemarklabs.nt.Note[&quot;content&quot;])
		at app//com.fasterxml.jackson.module.kotlin.KotlinValueInstantiator.createFromObjectWith(KotlinValueInstantiator.kt:107)
		at app//com.fasterxml.jackson.databind.deser.impl.PropertyBasedCreator.build(PropertyBasedCreator.java:195)
		at app//com.fasterxml.jackson.databind.deser.BeanDeserializer._deserializeUsingPropertyBased(BeanDeserializer.java:488)
		at app//com.fasterxml.jackson.databind.deser.BeanDeserializerBase.deserializeFromObjectUsingNonDefault(BeanDeserializerBase.java:1287)
		at app//com.fasterxml.jackson.databind.deser.BeanDeserializer.deserializeFromObject(BeanDeserializer.java:326)
		at app//com.fasterxml.jackson.databind.deser.BeanDeserializer.deserialize(BeanDeserializer.java:159)
		at app//com.fasterxml.jackson.databind.ObjectMapper._readMapAndClose(ObjectMapper.java:4013)
		at app//com.fasterxml.jackson.databind.ObjectMapper.readValue(ObjectMapper.java:3023)
		at app//au.com.firemarklabs.nt.NoteDeserializable.deserialize(NoteDeserializable.kt:12)
		at app//au.com.firemarklabs.nt.NoteDeserializable.deserialize(NoteDeserializable.kt:7)
		at app//com.github.kittinunf.fuel.core.ResponseDeserializable$DefaultImpls.deserialize(Deserializable.kt:43)
		at app//au.com.firemarklabs.nt.NoteDeserializable.deserialize(NoteDeserializable.kt:7)
		at app//au.com.firemarklabs.nt.NoteDeserializable.deserialize(NoteDeserializable.kt:7)
		at app//com.github.kittinunf.fuel.core.DeserializableKt.awaitResponse(Deserializable.kt:256)
		at app//au.com.firemarklabs.nt.NTClient$asyncInsert$$inlined$awaitObjectResponse$1.invokeSuspend(Coroutines.kt:68)
		at app//kotlin.coroutines.jvm.internal.BaseContinuationImpl.resumeWith(ContinuationImpl.kt:33)
		at app//kotlinx.coroutines.DispatchedTask.run(DispatchedTask.kt:56)
		at app//kotlinx.coroutines.scheduling.CoroutineScheduler.runSafely(CoroutineScheduler.kt:561)
		at app//kotlinx.coroutines.scheduling.CoroutineScheduler$Worker.executeTask(CoroutineScheduler.kt:727)
		at app//kotlinx.coroutines.scheduling.CoroutineScheduler$Worker.runWorker(CoroutineScheduler.kt:667)
		at app//kotlinx.coroutines.scheduling.CoroutineScheduler$Worker.run(CoroutineScheduler.kt:655)
	Suppressed: Instantiation of [simple type, class au.com.firemarklabs.nt.Note] value failed for JSON property content due to missing (therefore NULL) value for creator parameter content which is a non-nullable type
 at [Source: (String)&quot;{&quot;status&quot;:&quot;success&quot;,&quot;note&quot;:{&quot;tag&quot;:[&quot;performance&quot;],&quot;_id&quot;:&quot;614c1b8aceece30015ab9c6f&quot;,&quot;content&quot;:&quot;Note 34&quot;,&quot;__v&quot;:0}}&quot;; line: 1, column: 112] (through reference chain: au.com.firemarklabs.nt.Note[&quot;content&quot;])
	com.github.kittinunf.fuel.core.FuelError$Companion.wrap(FuelError.kt:86)
	com.github.kittinunf.fuel.core.DeserializableKt.awaitResponse(Deserializable.kt:257)
Caused by: com.fasterxml.jackson.module.kotlin.MissingKotlinParameterException: Instantiation of [simple type, class au.com.firemarklabs.nt.Note] value failed for JSON property content due to missing (therefore NULL) value for creator parameter content which is a non-nullable type
 at [Source: (String)&quot;{&quot;status&quot;:&quot;success&quot;,&quot;note&quot;:{&quot;tag&quot;:[&quot;performance&quot;],&quot;_id&quot;:&quot;614c1b8aceece30015ab9c6f&quot;,&quot;content&quot;:&quot;Note 34&quot;,&quot;__v&quot;:0}}&quot;; line: 1, column: 112] (through reference chain: au.com.firemarklabs.nt.Note[&quot;content&quot;])
	com.fasterxml.jackson.module.kotlin.KotlinValueInstantiator.createFromObjectWith(KotlinValueInstantiator.kt:107)
	com.fasterxml.jackson.databind.deser.impl.PropertyBasedCreator.build(PropertyBasedCreator.java:195)
	com.fasterxml.jackson.databind.deser.BeanDeserializer._deserializeUsingPropertyBased(BeanDeserializer.java:488)
	com.fasterxml.jackson.databind.deser.BeanDeserializerBase.deserializeFromObjectUsingNonDefault(BeanDeserializerBase.java:1287)
	com.fasterxml.jackson.databind.deser.BeanDeserializer.deserializeFromObject(BeanDeserializer.java:326)
	com.fasterxml.jackson.databind.deser.BeanDeserializer.deserialize(BeanDeserializer.java:159)
	com.fasterxml.jackson.databind.ObjectMapper._readMapAndClose(ObjectMapper.java:4013)
	com.fasterxml.jackson.databind.ObjectMapper.readValue(ObjectMapper.java:3023)
	au.com.firemarklabs.nt.NoteDeserializable.deserialize(NoteDeserializable.kt:12)
	au.com.firemarklabs.nt.NoteDeserializable.deserialize(NoteDeserializable.kt:7)
	com.github.kittinunf.fuel.core.ResponseDeserializable$DefaultImpls.deserialize(Deserializable.kt:43)
	au.com.firemarklabs.nt.NoteDeserializable.deserialize(NoteDeserializable.kt:7)
	au.com.firemarklabs.nt.NoteDeserializable.deserialize(NoteDeserializable.kt:7)
	com.github.kittinunf.fuel.core.DeserializableKt.awaitResponse(Deserializable.kt:256)
	au.com.firemarklabs.nt.NTClient$asyncInsert$$inlined$awaitObjectResponse$1.invokeSuspend(Coroutines.kt:68)
	kotlin.coroutines.jvm.internal.BaseContinuationImpl.resumeWith(ContinuationImpl.kt:33)
	kotlinx.coroutines.DispatchedTask.run(DispatchedTask.kt:56)
	kotlinx.coroutines.scheduling.CoroutineScheduler.runSafely(CoroutineScheduler.kt:561)
	kotlinx.coroutines.scheduling.CoroutineScheduler$Worker.executeTask(CoroutineScheduler.kt:727)
	kotlinx.coroutines.scheduling.CoroutineScheduler$Worker.runWorker(CoroutineScheduler.kt:667)
	kotlinx.coroutines.scheduling.CoroutineScheduler$Worker.run(CoroutineScheduler.kt:655)

		... 2 more
	Caused by: com.fasterxml.jackson.module.kotlin.MissingKotlinParameterException: Instantiation of [simple type, class au.com.firemarklabs.nt.Note] value failed for JSON property content due to missing (therefore NULL) value for creator parameter content which is a non-nullable type
 at [Source: (String)&quot;{&quot;status&quot;:&quot;success&quot;,&quot;note&quot;:{&quot;tag&quot;:[&quot;performance&quot;],&quot;_id&quot;:&quot;614c1b8aceece30015ab9c6f&quot;,&quot;content&quot;:&quot;Note 34&quot;,&quot;__v&quot;:0}}&quot;; line: 1, column: 112] (through reference chain: au.com.firemarklabs.nt.Note[&quot;content&quot;])
		at app//com.fasterxml.jackson.module.kotlin.KotlinValueInstantiator.createFromObjectWith(KotlinValueInstantiator.kt:107)
		at app//com.fasterxml.jackson.databind.deser.impl.PropertyBasedCreator.build(PropertyBasedCreator.java:195)
		at app//com.fasterxml.jackson.databind.deser.BeanDeserializer._deserializeUsingPropertyBased(BeanDeserializer.java:488)
		at app//com.fasterxml.jackson.databind.deser.BeanDeserializerBase.deserializeFromObjectUsingNonDefault(BeanDeserializerBase.java:1287)
		at app//com.fasterxml.jackson.databind.deser.BeanDeserializer.deserializeFromObject(BeanDeserializer.java:326)
		at app//com.fasterxml.jackson.databind.deser.BeanDeserializer.deserialize(BeanDeserializer.java:159)
		at app//com.fasterxml.jackson.databind.ObjectMapper._readMapAndClose(ObjectMapper.java:4013)
		at app//com.fasterxml.jackson.databind.ObjectMapper.readValue(ObjectMapper.java:3023)
		at app//au.com.firemarklabs.nt.NoteDeserializable.deserialize(NoteDeserializable.kt:12)
		at app//au.com.firemarklabs.nt.NoteDeserializable.deserialize(NoteDeserializable.kt:7)
		at app//com.github.kittinunf.fuel.core.ResponseDeserializable$DefaultImpls.deserialize(Deserializable.kt:43)
		at app//au.com.firemarklabs.nt.NoteDeserializable.deserialize(NoteDeserializable.kt:7)
		at app//au.com.firemarklabs.nt.NoteDeserializable.deserialize(NoteDeserializable.kt:7)
		at app//com.github.kittinunf.fuel.core.DeserializableKt.awaitResponse(Deserializable.kt:256)
		at app//au.com.firemarklabs.nt.NTClient$asyncInsert$$inlined$awaitObjectResponse$1.invokeSuspend(Coroutines.kt:68)
		at app//kotlin.coroutines.jvm.internal.BaseContinuationImpl.resumeWith(ContinuationImpl.kt:33)
		at app//kotlinx.coroutines.DispatchedTask.run(DispatchedTask.kt:56)
		at app//kotlinx.coroutines.scheduling.CoroutineScheduler.runSafely(CoroutineScheduler.kt:561)
		at app//kotlinx.coroutines.scheduling.CoroutineScheduler$Worker.executeTask(CoroutineScheduler.kt:727)
		at app//kotlinx.coroutines.scheduling.CoroutineScheduler$Worker.runWorker(CoroutineScheduler.kt:667)
		at app//kotlinx.coroutines.scheduling.CoroutineScheduler$Worker.run(CoroutineScheduler.kt:655)
	Suppressed: Instantiation of [simple type, class au.com.firemarklabs.nt.Note] value failed for JSON property content due to missing (therefore NULL) value for creator parameter content which is a non-nullable type
 at [Source: (String)&quot;{&quot;status&quot;:&quot;success&quot;,&quot;note&quot;:{&quot;tag&quot;:[&quot;performance&quot;],&quot;_id&quot;:&quot;614c1b8aceece30015ab9c70&quot;,&quot;content&quot;:&quot;Note 37&quot;,&quot;__v&quot;:0}}&quot;; line: 1, column: 112] (through reference chain: au.com.firemarklabs.nt.Note[&quot;content&quot;])
	com.github.kittinunf.fuel.core.FuelError$Companion.wrap(FuelError.kt:86)
	com.github.kittinunf.fuel.core.DeserializableKt.awaitResponse(Deserializable.kt:257)
Caused by: com.fasterxml.jackson.module.kotlin.MissingKotlinParameterException: Instantiation of [simple type, class au.com.firemarklabs.nt.Note] value failed for JSON property content due to missing (therefore NULL) value for creator parameter content which is a non-nullable type
 at [Source: (String)&quot;{&quot;status&quot;:&quot;success&quot;,&quot;note&quot;:{&quot;tag&quot;:[&quot;performance&quot;],&quot;_id&quot;:&quot;614c1b8aceece30015ab9c70&quot;,&quot;content&quot;:&quot;Note 37&quot;,&quot;__v&quot;:0}}&quot;; line: 1, column: 112] (through reference chain: au.com.firemarklabs.nt.Note[&quot;content&quot;])
	com.fasterxml.jackson.module.kotlin.KotlinValueInstantiator.createFromObjectWith(KotlinValueInstantiator.kt:107)
	com.fasterxml.jackson.databind.deser.impl.PropertyBasedCreator.build(PropertyBasedCreator.java:195)
	com.fasterxml.jackson.databind.deser.BeanDeserializer._deserializeUsingPropertyBased(BeanDeserializer.java:488)
	com.fasterxml.jackson.databind.deser.BeanDeserializerBase.deserializeFromObjectUsingNonDefault(BeanDeserializerBase.java:1287)
	com.fasterxml.jackson.databind.deser.BeanDeserializer.deserializeFromObject(BeanDeserializer.java:326)
	com.fasterxml.jackson.databind.deser.BeanDeserializer.deserialize(BeanDeserializer.java:159)
	com.fasterxml.jackson.databind.ObjectMapper._readMapAndClose(ObjectMapper.java:4013)
	com.fasterxml.jackson.databind.ObjectMapper.readValue(ObjectMapper.java:3023)
	au.com.firemarklabs.nt.NoteDeserializable.deserialize(NoteDeserializable.kt:12)
	au.com.firemarklabs.nt.NoteDeserializable.deserialize(NoteDeserializable.kt:7)
	com.github.kittinunf.fuel.core.ResponseDeserializable$DefaultImpls.deserialize(Deserializable.kt:43)
	au.com.firemarklabs.nt.NoteDeserializable.deserialize(NoteDeserializable.kt:7)
	au.com.firemarklabs.nt.NoteDeserializable.deserialize(NoteDeserializable.kt:7)
	com.github.kittinunf.fuel.core.DeserializableKt.awaitResponse(Deserializable.kt:256)
	au.com.firemarklabs.nt.NTClient$asyncInsert$$inlined$awaitObjectResponse$1.invokeSuspend(Coroutines.kt:68)
	kotlin.coroutines.jvm.internal.BaseContinuationImpl.resumeWith(ContinuationImpl.kt:33)
	kotlinx.coroutines.DispatchedTask.run(DispatchedTask.kt:56)
	kotlinx.coroutines.scheduling.CoroutineScheduler.runSafely(CoroutineScheduler.kt:561)
	kotlinx.coroutines.scheduling.CoroutineScheduler$Worker.executeTask(CoroutineScheduler.kt:727)
	kotlinx.coroutines.scheduling.CoroutineScheduler$Worker.runWorker(CoroutineScheduler.kt:667)
	kotlinx.coroutines.scheduling.CoroutineScheduler$Worker.run(CoroutineScheduler.kt:655)

		... 2 more
	Caused by: com.fasterxml.jackson.module.kotlin.MissingKotlinParameterException: Instantiation of [simple type, class au.com.firemarklabs.nt.Note] value failed for JSON property content due to missing (therefore NULL) value for creator parameter content which is a non-nullable type
 at [Source: (String)&quot;{&quot;status&quot;:&quot;success&quot;,&quot;note&quot;:{&quot;tag&quot;:[&quot;performance&quot;],&quot;_id&quot;:&quot;614c1b8aceece30015ab9c70&quot;,&quot;content&quot;:&quot;Note 37&quot;,&quot;__v&quot;:0}}&quot;; line: 1, column: 112] (through reference chain: au.com.firemarklabs.nt.Note[&quot;content&quot;])
		at app//com.fasterxml.jackson.module.kotlin.KotlinValueInstantiator.createFromObjectWith(KotlinValueInstantiator.kt:107)
		at app//com.fasterxml.jackson.databind.deser.impl.PropertyBasedCreator.build(PropertyBasedCreator.java:195)
		at app//com.fasterxml.jackson.databind.deser.BeanDeserializer._deserializeUsingPropertyBased(BeanDeserializer.java:488)
		at app//com.fasterxml.jackson.databind.deser.BeanDeserializerBase.deserializeFromObjectUsingNonDefault(BeanDeserializerBase.java:1287)
		at app//com.fasterxml.jackson.databind.deser.BeanDeserializer.deserializeFromObject(BeanDeserializer.java:326)
		at app//com.fasterxml.jackson.databind.deser.BeanDeserializer.deserialize(BeanDeserializer.java:159)
		at app//com.fasterxml.jackson.databind.ObjectMapper._readMapAndClose(ObjectMapper.java:4013)
		at app//com.fasterxml.jackson.databind.ObjectMapper.readValue(ObjectMapper.java:3023)
		at app//au.com.firemarklabs.nt.NoteDeserializable.deserialize(NoteDeserializable.kt:12)
		at app//au.com.firemarklabs.nt.NoteDeserializable.deserialize(NoteDeserializable.kt:7)
		at app//com.github.kittinunf.fuel.core.ResponseDeserializable$DefaultImpls.deserialize(Deserializable.kt:43)
		at app//au.com.firemarklabs.nt.NoteDeserializable.deserialize(NoteDeserializable.kt:7)
		at app//au.com.firemarklabs.nt.NoteDeserializable.deserialize(NoteDeserializable.kt:7)
		at app//com.github.kittinunf.fuel.core.DeserializableKt.awaitResponse(Deserializable.kt:256)
		at app//au.com.firemarklabs.nt.NTClient$asyncInsert$$inlined$awaitObjectResponse$1.invokeSuspend(Coroutines.kt:68)
		at app//kotlin.coroutines.jvm.internal.BaseContinuationImpl.resumeWith(ContinuationImpl.kt:33)
		at app//kotlinx.coroutines.DispatchedTask.run(DispatchedTask.kt:56)
		at app//kotlinx.coroutines.scheduling.CoroutineScheduler.runSafely(CoroutineScheduler.kt:561)
		at app//kotlinx.coroutines.scheduling.CoroutineScheduler$Worker.executeTask(CoroutineScheduler.kt:727)
		at app//kotlinx.coroutines.scheduling.CoroutineScheduler$Worker.runWorker(CoroutineScheduler.kt:667)
		at app//kotlinx.coroutines.scheduling.CoroutineScheduler$Worker.run(CoroutineScheduler.kt:655)
	Suppressed: Instantiation of [simple type, class au.com.firemarklabs.nt.Note] value failed for JSON property content due to missing (therefore NULL) value for creator parameter content which is a non-nullable type
 at [Source: (String)&quot;{&quot;status&quot;:&quot;success&quot;,&quot;note&quot;:{&quot;tag&quot;:[&quot;performance&quot;],&quot;_id&quot;:&quot;614c1b8aceece30015ab9c71&quot;,&quot;content&quot;:&quot;Note 36&quot;,&quot;__v&quot;:0}}&quot;; line: 1, column: 112] (through reference chain: au.com.firemarklabs.nt.Note[&quot;content&quot;])
	com.github.kittinunf.fuel.core.FuelError$Companion.wrap(FuelError.kt:86)
	com.github.kittinunf.fuel.core.DeserializableKt.awaitResponse(Deserializable.kt:257)
Caused by: com.fasterxml.jackson.module.kotlin.MissingKotlinParameterException: Instantiation of [simple type, class au.com.firemarklabs.nt.Note] value failed for JSON property content due to missing (therefore NULL) value for creator parameter content which is a non-nullable type
 at [Source: (String)&quot;{&quot;status&quot;:&quot;success&quot;,&quot;note&quot;:{&quot;tag&quot;:[&quot;performance&quot;],&quot;_id&quot;:&quot;614c1b8aceece30015ab9c71&quot;,&quot;content&quot;:&quot;Note 36&quot;,&quot;__v&quot;:0}}&quot;; line: 1, column: 112] (through reference chain: au.com.firemarklabs.nt.Note[&quot;content&quot;])
	com.fasterxml.jackson.module.kotlin.KotlinValueInstantiator.createFromObjectWith(KotlinValueInstantiator.kt:107)
	com.fasterxml.jackson.databind.deser.impl.PropertyBasedCreator.build(PropertyBasedCreator.java:195)
	com.fasterxml.jackson.databind.deser.BeanDeserializer._deserializeUsingPropertyBased(BeanDeserializer.java:488)
	com.fasterxml.jackson.databind.deser.BeanDeserializerBase.deserializeFromObjectUsingNonDefault(BeanDeserializerBase.java:1287)
	com.fasterxml.jackson.databind.deser.BeanDeserializer.deserializeFromObject(BeanDeserializer.java:326)
	com.fasterxml.jackson.databind.deser.BeanDeserializer.deserialize(BeanDeserializer.java:159)
	com.fasterxml.jackson.databind.ObjectMapper._readMapAndClose(ObjectMapper.java:4013)
	com.fasterxml.jackson.databind.ObjectMapper.readValue(ObjectMapper.java:3023)
	au.com.firemarklabs.nt.NoteDeserializable.deserialize(NoteDeserializable.kt:12)
	au.com.firemarklabs.nt.NoteDeserializable.deserialize(NoteDeserializable.kt:7)
	com.github.kittinunf.fuel.core.ResponseDeserializable$DefaultImpls.deserialize(Deserializable.kt:43)
	au.com.firemarklabs.nt.NoteDeserializable.deserialize(NoteDeserializable.kt:7)
	au.com.firemarklabs.nt.NoteDeserializable.deserialize(NoteDeserializable.kt:7)
	com.github.kittinunf.fuel.core.DeserializableKt.awaitResponse(Deserializable.kt:256)
	au.com.firemarklabs.nt.NTClient$asyncInsert$$inlined$awaitObjectResponse$1.invokeSuspend(Coroutines.kt:68)
	kotlin.coroutines.jvm.internal.BaseContinuationImpl.resumeWith(ContinuationImpl.kt:33)
	kotlinx.coroutines.DispatchedTask.run(DispatchedTask.kt:56)
	kotlinx.coroutines.scheduling.CoroutineScheduler.runSafely(CoroutineScheduler.kt:561)
	kotlinx.coroutines.scheduling.CoroutineScheduler$Worker.executeTask(CoroutineScheduler.kt:727)
	kotlinx.coroutines.scheduling.CoroutineScheduler$Worker.runWorker(CoroutineScheduler.kt:667)
	kotlinx.coroutines.scheduling.CoroutineScheduler$Worker.run(CoroutineScheduler.kt:655)

		... 2 more
	Caused by: com.fasterxml.jackson.module.kotlin.MissingKotlinParameterException: Instantiation of [simple type, class au.com.firemarklabs.nt.Note] value failed for JSON property content due to missing (therefore NULL) value for creator parameter content which is a non-nullable type
 at [Source: (String)&quot;{&quot;status&quot;:&quot;success&quot;,&quot;note&quot;:{&quot;tag&quot;:[&quot;performance&quot;],&quot;_id&quot;:&quot;614c1b8aceece30015ab9c71&quot;,&quot;content&quot;:&quot;Note 36&quot;,&quot;__v&quot;:0}}&quot;; line: 1, column: 112] (through reference chain: au.com.firemarklabs.nt.Note[&quot;content&quot;])
		at app//com.fasterxml.jackson.module.kotlin.KotlinValueInstantiator.createFromObjectWith(KotlinValueInstantiator.kt:107)
		at app//com.fasterxml.jackson.databind.deser.impl.PropertyBasedCreator.build(PropertyBasedCreator.java:195)
		at app//com.fasterxml.jackson.databind.deser.BeanDeserializer._deserializeUsingPropertyBased(BeanDeserializer.java:488)
		at app//com.fasterxml.jackson.databind.deser.BeanDeserializerBase.deserializeFromObjectUsingNonDefault(BeanDeserializerBase.java:1287)
		at app//com.fasterxml.jackson.databind.deser.BeanDeserializer.deserializeFromObject(BeanDeserializer.java:326)
		at app//com.fasterxml.jackson.databind.deser.BeanDeserializer.deserialize(BeanDeserializer.java:159)
		at app//com.fasterxml.jackson.databind.ObjectMapper._readMapAndClose(ObjectMapper.java:4013)
		at app//com.fasterxml.jackson.databind.ObjectMapper.readValue(ObjectMapper.java:3023)
		at app//au.com.firemarklabs.nt.NoteDeserializable.deserialize(NoteDeserializable.kt:12)
		at app//au.com.firemarklabs.nt.NoteDeserializable.deserialize(NoteDeserializable.kt:7)
		at app//com.github.kittinunf.fuel.core.ResponseDeserializable$DefaultImpls.deserialize(Deserializable.kt:43)
		at app//au.com.firemarklabs.nt.NoteDeserializable.deserialize(NoteDeserializable.kt:7)
		at app//au.com.firemarklabs.nt.NoteDeserializable.deserialize(NoteDeserializable.kt:7)
		at app//com.github.kittinunf.fuel.core.DeserializableKt.awaitResponse(Deserializable.kt:256)
		at app//au.com.firemarklabs.nt.NTClient$asyncInsert$$inlined$awaitObjectResponse$1.invokeSuspend(Coroutines.kt:68)
		at app//kotlin.coroutines.jvm.internal.BaseContinuationImpl.resumeWith(ContinuationImpl.kt:33)
		at app//kotlinx.coroutines.DispatchedTask.run(DispatchedTask.kt:56)
		at app//kotlinx.coroutines.scheduling.CoroutineScheduler.runSafely(CoroutineScheduler.kt:561)
		at app//kotlinx.coroutines.scheduling.CoroutineScheduler$Worker.executeTask(CoroutineScheduler.kt:727)
		at app//kotlinx.coroutines.scheduling.CoroutineScheduler$Worker.runWorker(CoroutineScheduler.kt:667)
		at app//kotlinx.coroutines.scheduling.CoroutineScheduler$Worker.run(CoroutineScheduler.kt:655)
	Suppressed: Instantiation of [simple type, class au.com.firemarklabs.nt.Note] value failed for JSON property content due to missing (therefore NULL) value for creator parameter content which is a non-nullable type
 at [Source: (String)&quot;{&quot;status&quot;:&quot;success&quot;,&quot;note&quot;:{&quot;tag&quot;:[&quot;performance&quot;],&quot;_id&quot;:&quot;614c1b8aceece30015ab9c72&quot;,&quot;content&quot;:&quot;Note 39&quot;,&quot;__v&quot;:0}}&quot;; line: 1, column: 112] (through reference chain: au.com.firemarklabs.nt.Note[&quot;content&quot;])
	com.github.kittinunf.fuel.core.FuelError$Companion.wrap(FuelError.kt:86)
	com.github.kittinunf.fuel.core.DeserializableKt.awaitResponse(Deserializable.kt:257)
Caused by: com.fasterxml.jackson.module.kotlin.MissingKotlinParameterException: Instantiation of [simple type, class au.com.firemarklabs.nt.Note] value failed for JSON property content due to missing (therefore NULL) value for creator parameter content which is a non-nullable type
 at [Source: (String)&quot;{&quot;status&quot;:&quot;success&quot;,&quot;note&quot;:{&quot;tag&quot;:[&quot;performance&quot;],&quot;_id&quot;:&quot;614c1b8aceece30015ab9c72&quot;,&quot;content&quot;:&quot;Note 39&quot;,&quot;__v&quot;:0}}&quot;; line: 1, column: 112] (through reference chain: au.com.firemarklabs.nt.Note[&quot;content&quot;])
	com.fasterxml.jackson.module.kotlin.KotlinValueInstantiator.createFromObjectWith(KotlinValueInstantiator.kt:107)
	com.fasterxml.jackson.databind.deser.impl.PropertyBasedCreator.build(PropertyBasedCreator.java:195)
	com.fasterxml.jackson.databind.deser.BeanDeserializer._deserializeUsingPropertyBased(BeanDeserializer.java:488)
	com.fasterxml.jackson.databind.deser.BeanDeserializerBase.deserializeFromObjectUsingNonDefault(BeanDeserializerBase.java:1287)
	com.fasterxml.jackson.databind.deser.BeanDeserializer.deserializeFromObject(BeanDeserializer.java:326)
	com.fasterxml.jackson.databind.deser.BeanDeserializer.deserialize(BeanDeserializer.java:159)
	com.fasterxml.jackson.databind.ObjectMapper._readMapAndClose(ObjectMapper.java:4013)
	com.fasterxml.jackson.databind.ObjectMapper.readValue(ObjectMapper.java:3023)
	au.com.firemarklabs.nt.NoteDeserializable.deserialize(NoteDeserializable.kt:12)
	au.com.firemarklabs.nt.NoteDeserializable.deserialize(NoteDeserializable.kt:7)
	com.github.kittinunf.fuel.core.ResponseDeserializable$DefaultImpls.deserialize(Deserializable.kt:43)
	au.com.firemarklabs.nt.NoteDeserializable.deserialize(NoteDeserializable.kt:7)
	au.com.firemarklabs.nt.NoteDeserializable.deserialize(NoteDeserializable.kt:7)
	com.github.kittinunf.fuel.core.DeserializableKt.awaitResponse(Deserializable.kt:256)
	au.com.firemarklabs.nt.NTClient$asyncInsert$$inlined$awaitObjectResponse$1.invokeSuspend(Coroutines.kt:68)
	kotlin.coroutines.jvm.internal.BaseContinuationImpl.resumeWith(ContinuationImpl.kt:33)
	kotlinx.coroutines.DispatchedTask.run(DispatchedTask.kt:56)
	kotlinx.coroutines.scheduling.CoroutineScheduler.runSafely(CoroutineScheduler.kt:561)
	kotlinx.coroutines.scheduling.CoroutineScheduler$Worker.executeTask(CoroutineScheduler.kt:727)
	kotlinx.coroutines.scheduling.CoroutineScheduler$Worker.runWorker(CoroutineScheduler.kt:667)
	kotlinx.coroutines.scheduling.CoroutineScheduler$Worker.run(CoroutineScheduler.kt:655)

		... 2 more
	Caused by: com.fasterxml.jackson.module.kotlin.MissingKotlinParameterException: Instantiation of [simple type, class au.com.firemarklabs.nt.Note] value failed for JSON property content due to missing (therefore NULL) value for creator parameter content which is a non-nullable type
 at [Source: (String)&quot;{&quot;status&quot;:&quot;success&quot;,&quot;note&quot;:{&quot;tag&quot;:[&quot;performance&quot;],&quot;_id&quot;:&quot;614c1b8aceece30015ab9c72&quot;,&quot;content&quot;:&quot;Note 39&quot;,&quot;__v&quot;:0}}&quot;; line: 1, column: 112] (through reference chain: au.com.firemarklabs.nt.Note[&quot;content&quot;])
		at app//com.fasterxml.jackson.module.kotlin.KotlinValueInstantiator.createFromObjectWith(KotlinValueInstantiator.kt:107)
		at app//com.fasterxml.jackson.databind.deser.impl.PropertyBasedCreator.build(PropertyBasedCreator.java:195)
		at app//com.fasterxml.jackson.databind.deser.BeanDeserializer._deserializeUsingPropertyBased(BeanDeserializer.java:488)
		at app//com.fasterxml.jackson.databind.deser.BeanDeserializerBase.deserializeFromObjectUsingNonDefault(BeanDeserializerBase.java:1287)
		at app//com.fasterxml.jackson.databind.deser.BeanDeserializer.deserializeFromObject(BeanDeserializer.java:326)
		at app//com.fasterxml.jackson.databind.deser.BeanDeserializer.deserialize(BeanDeserializer.java:159)
		at app//com.fasterxml.jackson.databind.ObjectMapper._readMapAndClose(ObjectMapper.java:4013)
		at app//com.fasterxml.jackson.databind.ObjectMapper.readValue(ObjectMapper.java:3023)
		at app//au.com.firemarklabs.nt.NoteDeserializable.deserialize(NoteDeserializable.kt:12)
		at app//au.com.firemarklabs.nt.NoteDeserializable.deserialize(NoteDeserializable.kt:7)
		at app//com.github.kittinunf.fuel.core.ResponseDeserializable$DefaultImpls.deserialize(Deserializable.kt:43)
		at app//au.com.firemarklabs.nt.NoteDeserializable.deserialize(NoteDeserializable.kt:7)
		at app//au.com.firemarklabs.nt.NoteDeserializable.deserialize(NoteDeserializable.kt:7)
		at app//com.github.kittinunf.fuel.core.DeserializableKt.awaitResponse(Deserializable.kt:256)
		at app//au.com.firemarklabs.nt.NTClient$asyncInsert$$inlined$awaitObjectResponse$1.invokeSuspend(Coroutines.kt:68)
		at app//kotlin.coroutines.jvm.internal.BaseContinuationImpl.resumeWith(ContinuationImpl.kt:33)
		at app//kotlinx.coroutines.DispatchedTask.run(DispatchedTask.kt:56)
		at app//kotlinx.coroutines.scheduling.CoroutineScheduler.runSafely(CoroutineScheduler.kt:561)
		at app//kotlinx.coroutines.scheduling.CoroutineScheduler$Worker.executeTask(CoroutineScheduler.kt:727)
		at app//kotlinx.coroutines.scheduling.CoroutineScheduler$Worker.runWorker(CoroutineScheduler.kt:667)
		at app//kotlinx.coroutines.scheduling.CoroutineScheduler$Worker.run(CoroutineScheduler.kt:655)
	Suppressed: Instantiation of [simple type, class au.com.firemarklabs.nt.Note] value failed for JSON property content due to missing (therefore NULL) value for creator parameter content which is a non-nullable type
 at [Source: (String)&quot;{&quot;status&quot;:&quot;success&quot;,&quot;note&quot;:{&quot;tag&quot;:[&quot;performance&quot;],&quot;_id&quot;:&quot;614c1b8aceece30015ab9c73&quot;,&quot;content&quot;:&quot;Note 38&quot;,&quot;__v&quot;:0}}&quot;; line: 1, column: 112] (through reference chain: au.com.firemarklabs.nt.Note[&quot;content&quot;])
	com.github.kittinunf.fuel.core.FuelError$Companion.wrap(FuelError.kt:86)
	com.github.kittinunf.fuel.core.DeserializableKt.awaitResponse(Deserializable.kt:257)
Caused by: com.fasterxml.jackson.module.kotlin.MissingKotlinParameterException: Instantiation of [simple type, class au.com.firemarklabs.nt.Note] value failed for JSON property content due to missing (therefore NULL) value for creator parameter content which is a non-nullable type
 at [Source: (String)&quot;{&quot;status&quot;:&quot;success&quot;,&quot;note&quot;:{&quot;tag&quot;:[&quot;performance&quot;],&quot;_id&quot;:&quot;614c1b8aceece30015ab9c73&quot;,&quot;content&quot;:&quot;Note 38&quot;,&quot;__v&quot;:0}}&quot;; line: 1, column: 112] (through reference chain: au.com.firemarklabs.nt.Note[&quot;content&quot;])
	com.fasterxml.jackson.module.kotlin.KotlinValueInstantiator.createFromObjectWith(KotlinValueInstantiator.kt:107)
	com.fasterxml.jackson.databind.deser.impl.PropertyBasedCreator.build(PropertyBasedCreator.java:195)
	com.fasterxml.jackson.databind.deser.BeanDeserializer._deserializeUsingPropertyBased(BeanDeserializer.java:488)
	com.fasterxml.jackson.databind.deser.BeanDeserializerBase.deserializeFromObjectUsingNonDefault(BeanDeserializerBase.java:1287)
	com.fasterxml.jackson.databind.deser.BeanDeserializer.deserializeFromObject(BeanDeserializer.java:326)
	com.fasterxml.jackson.databind.deser.BeanDeserializer.deserialize(BeanDeserializer.java:159)
	com.fasterxml.jackson.databind.ObjectMapper._readMapAndClose(ObjectMapper.java:4013)
	com.fasterxml.jackson.databind.ObjectMapper.readValue(ObjectMapper.java:3023)
	au.com.firemarklabs.nt.NoteDeserializable.deserialize(NoteDeserializable.kt:12)
	au.com.firemarklabs.nt.NoteDeserializable.deserialize(NoteDeserializable.kt:7)
	com.github.kittinunf.fuel.core.ResponseDeserializable$DefaultImpls.deserialize(Deserializable.kt:43)
	au.com.firemarklabs.nt.NoteDeserializable.deserialize(NoteDeserializable.kt:7)
	au.com.firemarklabs.nt.NoteDeserializable.deserialize(NoteDeserializable.kt:7)
	com.github.kittinunf.fuel.core.DeserializableKt.awaitResponse(Deserializable.kt:256)
	au.com.firemarklabs.nt.NTClient$asyncInsert$$inlined$awaitObjectResponse$1.invokeSuspend(Coroutines.kt:68)
	kotlin.coroutines.jvm.internal.BaseContinuationImpl.resumeWith(ContinuationImpl.kt:33)
	kotlinx.coroutines.DispatchedTask.run(DispatchedTask.kt:56)
	kotlinx.coroutines.scheduling.CoroutineScheduler.runSafely(CoroutineScheduler.kt:561)
	kotlinx.coroutines.scheduling.CoroutineScheduler$Worker.executeTask(CoroutineScheduler.kt:727)
	kotlinx.coroutines.scheduling.CoroutineScheduler$Worker.runWorker(CoroutineScheduler.kt:667)
	kotlinx.coroutines.scheduling.CoroutineScheduler$Worker.run(CoroutineScheduler.kt:655)

		... 2 more
	Caused by: com.fasterxml.jackson.module.kotlin.MissingKotlinParameterException: Instantiation of [simple type, class au.com.firemarklabs.nt.Note] value failed for JSON property content due to missing (therefore NULL) value for creator parameter content which is a non-nullable type
 at [Source: (String)&quot;{&quot;status&quot;:&quot;success&quot;,&quot;note&quot;:{&quot;tag&quot;:[&quot;performance&quot;],&quot;_id&quot;:&quot;614c1b8aceece30015ab9c73&quot;,&quot;content&quot;:&quot;Note 38&quot;,&quot;__v&quot;:0}}&quot;; line: 1, column: 112] (through reference chain: au.com.firemarklabs.nt.Note[&quot;content&quot;])
		at app//com.fasterxml.jackson.module.kotlin.KotlinValueInstantiator.createFromObjectWith(KotlinValueInstantiator.kt:107)
		at app//com.fasterxml.jackson.databind.deser.impl.PropertyBasedCreator.build(PropertyBasedCreator.java:195)
		at app//com.fasterxml.jackson.databind.deser.BeanDeserializer._deserializeUsingPropertyBased(BeanDeserializer.java:488)
		at app//com.fasterxml.jackson.databind.deser.BeanDeserializerBase.deserializeFromObjectUsingNonDefault(BeanDeserializerBase.java:1287)
		at app//com.fasterxml.jackson.databind.deser.BeanDeserializer.deserializeFromObject(BeanDeserializer.java:326)
		at app//com.fasterxml.jackson.databind.deser.BeanDeserializer.deserialize(BeanDeserializer.java:159)
		at app//com.fasterxml.jackson.databind.ObjectMapper._readMapAndClose(ObjectMapper.java:4013)
		at app//com.fasterxml.jackson.databind.ObjectMapper.readValue(ObjectMapper.java:3023)
		at app//au.com.firemarklabs.nt.NoteDeserializable.deserialize(NoteDeserializable.kt:12)
		at app//au.com.firemarklabs.nt.NoteDeserializable.deserialize(NoteDeserializable.kt:7)
		at app//com.github.kittinunf.fuel.core.ResponseDeserializable$DefaultImpls.deserialize(Deserializable.kt:43)
		at app//au.com.firemarklabs.nt.NoteDeserializable.deserialize(NoteDeserializable.kt:7)
		at app//au.com.firemarklabs.nt.NoteDeserializable.deserialize(NoteDeserializable.kt:7)
		at app//com.github.kittinunf.fuel.core.DeserializableKt.awaitResponse(Deserializable.kt:256)
		at app//au.com.firemarklabs.nt.NTClient$asyncInsert$$inlined$awaitObjectResponse$1.invokeSuspend(Coroutines.kt:68)
		at app//kotlin.coroutines.jvm.internal.BaseContinuationImpl.resumeWith(ContinuationImpl.kt:33)
		at app//kotlinx.coroutines.DispatchedTask.run(DispatchedTask.kt:56)
		at app//kotlinx.coroutines.scheduling.CoroutineScheduler.runSafely(CoroutineScheduler.kt:561)
		at app//kotlinx.coroutines.scheduling.CoroutineScheduler$Worker.executeTask(CoroutineScheduler.kt:727)
		at app//kotlinx.coroutines.scheduling.CoroutineScheduler$Worker.runWorker(CoroutineScheduler.kt:667)
		at app//kotlinx.coroutines.scheduling.CoroutineScheduler$Worker.run(CoroutineScheduler.kt:655)
	Suppressed: Instantiation of [simple type, class au.com.firemarklabs.nt.Note] value failed for JSON property content due to missing (therefore NULL) value for creator parameter content which is a non-nullable type
 at [Source: (String)&quot;{&quot;status&quot;:&quot;success&quot;,&quot;note&quot;:{&quot;tag&quot;:[&quot;performance&quot;],&quot;_id&quot;:&quot;614c1b8aceece30015ab9c74&quot;,&quot;content&quot;:&quot;Note 40&quot;,&quot;__v&quot;:0}}&quot;; line: 1, column: 112] (through reference chain: au.com.firemarklabs.nt.Note[&quot;content&quot;])
	com.github.kittinunf.fuel.core.FuelError$Companion.wrap(FuelError.kt:86)
	com.github.kittinunf.fuel.core.DeserializableKt.awaitResponse(Deserializable.kt:257)
Caused by: com.fasterxml.jackson.module.kotlin.MissingKotlinParameterException: Instantiation of [simple type, class au.com.firemarklabs.nt.Note] value failed for JSON property content due to missing (therefore NULL) value for creator parameter content which is a non-nullable type
 at [Source: (String)&quot;{&quot;status&quot;:&quot;success&quot;,&quot;note&quot;:{&quot;tag&quot;:[&quot;performance&quot;],&quot;_id&quot;:&quot;614c1b8aceece30015ab9c74&quot;,&quot;content&quot;:&quot;Note 40&quot;,&quot;__v&quot;:0}}&quot;; line: 1, column: 112] (through reference chain: au.com.firemarklabs.nt.Note[&quot;content&quot;])
	com.fasterxml.jackson.module.kotlin.KotlinValueInstantiator.createFromObjectWith(KotlinValueInstantiator.kt:107)
	com.fasterxml.jackson.databind.deser.impl.PropertyBasedCreator.build(PropertyBasedCreator.java:195)
	com.fasterxml.jackson.databind.deser.BeanDeserializer._deserializeUsingPropertyBased(BeanDeserializer.java:488)
	com.fasterxml.jackson.databind.deser.BeanDeserializerBase.deserializeFromObjectUsingNonDefault(BeanDeserializerBase.java:1287)
	com.fasterxml.jackson.databind.deser.BeanDeserializer.deserializeFromObject(BeanDeserializer.java:326)
	com.fasterxml.jackson.databind.deser.BeanDeserializer.deserialize(BeanDeserializer.java:159)
	com.fasterxml.jackson.databind.ObjectMapper._readMapAndClose(ObjectMapper.java:4013)
	com.fasterxml.jackson.databind.ObjectMapper.readValue(ObjectMapper.java:3023)
	au.com.firemarklabs.nt.NoteDeserializable.deserialize(NoteDeserializable.kt:12)
	au.com.firemarklabs.nt.NoteDeserializable.deserialize(NoteDeserializable.kt:7)
	com.github.kittinunf.fuel.core.ResponseDeserializable$DefaultImpls.deserialize(Deserializable.kt:43)
	au.com.firemarklabs.nt.NoteDeserializable.deserialize(NoteDeserializable.kt:7)
	au.com.firemarklabs.nt.NoteDeserializable.deserialize(NoteDeserializable.kt:7)
	com.github.kittinunf.fuel.core.DeserializableKt.awaitResponse(Deserializable.kt:256)
	au.com.firemarklabs.nt.NTClient$asyncInsert$$inlined$awaitObjectResponse$1.invokeSuspend(Coroutines.kt:68)
	kotlin.coroutines.jvm.internal.BaseContinuationImpl.resumeWith(ContinuationImpl.kt:33)
	kotlinx.coroutines.DispatchedTask.run(DispatchedTask.kt:56)
	kotlinx.coroutines.scheduling.CoroutineScheduler.runSafely(CoroutineScheduler.kt:561)
	kotlinx.coroutines.scheduling.CoroutineScheduler$Worker.executeTask(CoroutineScheduler.kt:727)
	kotlinx.coroutines.scheduling.CoroutineScheduler$Worker.runWorker(CoroutineScheduler.kt:667)
	kotlinx.coroutines.scheduling.CoroutineScheduler$Worker.run(CoroutineScheduler.kt:655)

		... 2 more
	Caused by: com.fasterxml.jackson.module.kotlin.MissingKotlinParameterException: Instantiation of [simple type, class au.com.firemarklabs.nt.Note] value failed for JSON property content due to missing (therefore NULL) value for creator parameter content which is a non-nullable type
 at [Source: (String)&quot;{&quot;status&quot;:&quot;success&quot;,&quot;note&quot;:{&quot;tag&quot;:[&quot;performance&quot;],&quot;_id&quot;:&quot;614c1b8aceece30015ab9c74&quot;,&quot;content&quot;:&quot;Note 40&quot;,&quot;__v&quot;:0}}&quot;; line: 1, column: 112] (through reference chain: au.com.firemarklabs.nt.Note[&quot;content&quot;])
		at app//com.fasterxml.jackson.module.kotlin.KotlinValueInstantiator.createFromObjectWith(KotlinValueInstantiator.kt:107)
		at app//com.fasterxml.jackson.databind.deser.impl.PropertyBasedCreator.build(PropertyBasedCreator.java:195)
		at app//com.fasterxml.jackson.databind.deser.BeanDeserializer._deserializeUsingPropertyBased(BeanDeserializer.java:488)
		at app//com.fasterxml.jackson.databind.deser.BeanDeserializerBase.deserializeFromObjectUsingNonDefault(BeanDeserializerBase.java:1287)
		at app//com.fasterxml.jackson.databind.deser.BeanDeserializer.deserializeFromObject(BeanDeserializer.java:326)
		at app//com.fasterxml.jackson.databind.deser.BeanDeserializer.deserialize(BeanDeserializer.java:159)
		at app//com.fasterxml.jackson.databind.ObjectMapper._readMapAndClose(ObjectMapper.java:4013)
		at app//com.fasterxml.jackson.databind.ObjectMapper.readValue(ObjectMapper.java:3023)
		at app//au.com.firemarklabs.nt.NoteDeserializable.deserialize(NoteDeserializable.kt:12)
		at app//au.com.firemarklabs.nt.NoteDeserializable.deserialize(NoteDeserializable.kt:7)
		at app//com.github.kittinunf.fuel.core.ResponseDeserializable$DefaultImpls.deserialize(Deserializable.kt:43)
		at app//au.com.firemarklabs.nt.NoteDeserializable.deserialize(NoteDeserializable.kt:7)
		at app//au.com.firemarklabs.nt.NoteDeserializable.deserialize(NoteDeserializable.kt:7)
		at app//com.github.kittinunf.fuel.core.DeserializableKt.awaitResponse(Deserializable.kt:256)
		at app//au.com.firemarklabs.nt.NTClient$asyncInsert$$inlined$awaitObjectResponse$1.invokeSuspend(Coroutines.kt:68)
		at app//kotlin.coroutines.jvm.internal.BaseContinuationImpl.resumeWith(ContinuationImpl.kt:33)
		at app//kotlinx.coroutines.DispatchedTask.run(DispatchedTask.kt:56)
		at app//kotlinx.coroutines.scheduling.CoroutineScheduler.runSafely(CoroutineScheduler.kt:561)
		at app//kotlinx.coroutines.scheduling.CoroutineScheduler$Worker.executeTask(CoroutineScheduler.kt:727)
		at app//kotlinx.coroutines.scheduling.CoroutineScheduler$Worker.runWorker(CoroutineScheduler.kt:667)
		at app//kotlinx.coroutines.scheduling.CoroutineScheduler$Worker.run(CoroutineScheduler.kt:655)
	Suppressed: Instantiation of [simple type, class au.com.firemarklabs.nt.Note] value failed for JSON property content due to missing (therefore NULL) value for creator parameter content which is a non-nullable type
 at [Source: (String)&quot;{&quot;status&quot;:&quot;success&quot;,&quot;note&quot;:{&quot;tag&quot;:[&quot;performance&quot;],&quot;_id&quot;:&quot;614c1b8aceece30015ab9c75&quot;,&quot;content&quot;:&quot;Note 41&quot;,&quot;__v&quot;:0}}&quot;; line: 1, column: 112] (through reference chain: au.com.firemarklabs.nt.Note[&quot;content&quot;])
	com.github.kittinunf.fuel.core.FuelError$Companion.wrap(FuelError.kt:86)
	com.github.kittinunf.fuel.core.DeserializableKt.awaitResponse(Deserializable.kt:257)
Caused by: com.fasterxml.jackson.module.kotlin.MissingKotlinParameterException: Instantiation of [simple type, class au.com.firemarklabs.nt.Note] value failed for JSON property content due to missing (therefore NULL) value for creator parameter content which is a non-nullable type
 at [Source: (String)&quot;{&quot;status&quot;:&quot;success&quot;,&quot;note&quot;:{&quot;tag&quot;:[&quot;performance&quot;],&quot;_id&quot;:&quot;614c1b8aceece30015ab9c75&quot;,&quot;content&quot;:&quot;Note 41&quot;,&quot;__v&quot;:0}}&quot;; line: 1, column: 112] (through reference chain: au.com.firemarklabs.nt.Note[&quot;content&quot;])
	com.fasterxml.jackson.module.kotlin.KotlinValueInstantiator.createFromObjectWith(KotlinValueInstantiator.kt:107)
	com.fasterxml.jackson.databind.deser.impl.PropertyBasedCreator.build(PropertyBasedCreator.java:195)
	com.fasterxml.jackson.databind.deser.BeanDeserializer._deserializeUsingPropertyBased(BeanDeserializer.java:488)
	com.fasterxml.jackson.databind.deser.BeanDeserializerBase.deserializeFromObjectUsingNonDefault(BeanDeserializerBase.java:1287)
	com.fasterxml.jackson.databind.deser.BeanDeserializer.deserializeFromObject(BeanDeserializer.java:326)
	com.fasterxml.jackson.databind.deser.BeanDeserializer.deserialize(BeanDeserializer.java:159)
	com.fasterxml.jackson.databind.ObjectMapper._readMapAndClose(ObjectMapper.java:4013)
	com.fasterxml.jackson.databind.ObjectMapper.readValue(ObjectMapper.java:3023)
	au.com.firemarklabs.nt.NoteDeserializable.deserialize(NoteDeserializable.kt:12)
	au.com.firemarklabs.nt.NoteDeserializable.deserialize(NoteDeserializable.kt:7)
	com.github.kittinunf.fuel.core.ResponseDeserializable$DefaultImpls.deserialize(Deserializable.kt:43)
	au.com.firemarklabs.nt.NoteDeserializable.deserialize(NoteDeserializable.kt:7)
	au.com.firemarklabs.nt.NoteDeserializable.deserialize(NoteDeserializable.kt:7)
	com.github.kittinunf.fuel.core.DeserializableKt.awaitResponse(Deserializable.kt:256)
	au.com.firemarklabs.nt.NTClient$asyncInsert$$inlined$awaitObjectResponse$1.invokeSuspend(Coroutines.kt:68)
	kotlin.coroutines.jvm.internal.BaseContinuationImpl.resumeWith(ContinuationImpl.kt:33)
	kotlinx.coroutines.DispatchedTask.run(DispatchedTask.kt:56)
	kotlinx.coroutines.scheduling.CoroutineScheduler.runSafely(CoroutineScheduler.kt:561)
	kotlinx.coroutines.scheduling.CoroutineScheduler$Worker.executeTask(CoroutineScheduler.kt:727)
	kotlinx.coroutines.scheduling.CoroutineScheduler$Worker.runWorker(CoroutineScheduler.kt:667)
	kotlinx.coroutines.scheduling.CoroutineScheduler$Worker.run(CoroutineScheduler.kt:655)

		... 2 more
	Caused by: com.fasterxml.jackson.module.kotlin.MissingKotlinParameterException: Instantiation of [simple type, class au.com.firemarklabs.nt.Note] value failed for JSON property content due to missing (therefore NULL) value for creator parameter content which is a non-nullable type
 at [Source: (String)&quot;{&quot;status&quot;:&quot;success&quot;,&quot;note&quot;:{&quot;tag&quot;:[&quot;performance&quot;],&quot;_id&quot;:&quot;614c1b8aceece30015ab9c75&quot;,&quot;content&quot;:&quot;Note 41&quot;,&quot;__v&quot;:0}}&quot;; line: 1, column: 112] (through reference chain: au.com.firemarklabs.nt.Note[&quot;content&quot;])
		at app//com.fasterxml.jackson.module.kotlin.KotlinValueInstantiator.createFromObjectWith(KotlinValueInstantiator.kt:107)
		at app//com.fasterxml.jackson.databind.deser.impl.PropertyBasedCreator.build(PropertyBasedCreator.java:195)
		at app//com.fasterxml.jackson.databind.deser.BeanDeserializer._deserializeUsingPropertyBased(BeanDeserializer.java:488)
		at app//com.fasterxml.jackson.databind.deser.BeanDeserializerBase.deserializeFromObjectUsingNonDefault(BeanDeserializerBase.java:1287)
		at app//com.fasterxml.jackson.databind.deser.BeanDeserializer.deserializeFromObject(BeanDeserializer.java:326)
		at app//com.fasterxml.jackson.databind.deser.BeanDeserializer.deserialize(BeanDeserializer.java:159)
		at app//com.fasterxml.jackson.databind.ObjectMapper._readMapAndClose(ObjectMapper.java:4013)
		at app//com.fasterxml.jackson.databind.ObjectMapper.readValue(ObjectMapper.java:3023)
		at app//au.com.firemarklabs.nt.NoteDeserializable.deserialize(NoteDeserializable.kt:12)
		at app//au.com.firemarklabs.nt.NoteDeserializable.deserialize(NoteDeserializable.kt:7)
		at app//com.github.kittinunf.fuel.core.ResponseDeserializable$DefaultImpls.deserialize(Deserializable.kt:43)
		at app//au.com.firemarklabs.nt.NoteDeserializable.deserialize(NoteDeserializable.kt:7)
		at app//au.com.firemarklabs.nt.NoteDeserializable.deserialize(NoteDeserializable.kt:7)
		at app//com.github.kittinunf.fuel.core.DeserializableKt.awaitResponse(Deserializable.kt:256)
		at app//au.com.firemarklabs.nt.NTClient$asyncInsert$$inlined$awaitObjectResponse$1.invokeSuspend(Coroutines.kt:68)
		at app//kotlin.coroutines.jvm.internal.BaseContinuationImpl.resumeWith(ContinuationImpl.kt:33)
		at app//kotlinx.coroutines.DispatchedTask.run(DispatchedTask.kt:56)
		at app//kotlinx.coroutines.scheduling.CoroutineScheduler.runSafely(CoroutineScheduler.kt:561)
		at app//kotlinx.coroutines.scheduling.CoroutineScheduler$Worker.executeTask(CoroutineScheduler.kt:727)
		at app//kotlinx.coroutines.scheduling.CoroutineScheduler$Worker.runWorker(CoroutineScheduler.kt:667)
		at app//kotlinx.coroutines.scheduling.CoroutineScheduler$Worker.run(CoroutineScheduler.kt:655)
	Suppressed: Instantiation of [simple type, class au.com.firemarklabs.nt.Note] value failed for JSON property content due to missing (therefore NULL) value for creator parameter content which is a non-nullable type
 at [Source: (String)&quot;{&quot;status&quot;:&quot;success&quot;,&quot;note&quot;:{&quot;tag&quot;:[&quot;performance&quot;],&quot;_id&quot;:&quot;614c1b8aceece30015ab9c76&quot;,&quot;content&quot;:&quot;Note 43&quot;,&quot;__v&quot;:0}}&quot;; line: 1, column: 112] (through reference chain: au.com.firemarklabs.nt.Note[&quot;content&quot;])
	com.github.kittinunf.fuel.core.FuelError$Companion.wrap(FuelError.kt:86)
	com.github.kittinunf.fuel.core.DeserializableKt.awaitResponse(Deserializable.kt:257)
Caused by: com.fasterxml.jackson.module.kotlin.MissingKotlinParameterException: Instantiation of [simple type, class au.com.firemarklabs.nt.Note] value failed for JSON property content due to missing (therefore NULL) value for creator parameter content which is a non-nullable type
 at [Source: (String)&quot;{&quot;status&quot;:&quot;success&quot;,&quot;note&quot;:{&quot;tag&quot;:[&quot;performance&quot;],&quot;_id&quot;:&quot;614c1b8aceece30015ab9c76&quot;,&quot;content&quot;:&quot;Note 43&quot;,&quot;__v&quot;:0}}&quot;; line: 1, column: 112] (through reference chain: au.com.firemarklabs.nt.Note[&quot;content&quot;])
	com.fasterxml.jackson.module.kotlin.KotlinValueInstantiator.createFromObjectWith(KotlinValueInstantiator.kt:107)
	com.fasterxml.jackson.databind.deser.impl.PropertyBasedCreator.build(PropertyBasedCreator.java:195)
	com.fasterxml.jackson.databind.deser.BeanDeserializer._deserializeUsingPropertyBased(BeanDeserializer.java:488)
	com.fasterxml.jackson.databind.deser.BeanDeserializerBase.deserializeFromObjectUsingNonDefault(BeanDeserializerBase.java:1287)
	com.fasterxml.jackson.databind.deser.BeanDeserializer.deserializeFromObject(BeanDeserializer.java:326)
	com.fasterxml.jackson.databind.deser.BeanDeserializer.deserialize(BeanDeserializer.java:159)
	com.fasterxml.jackson.databind.ObjectMapper._readMapAndClose(ObjectMapper.java:4013)
	com.fasterxml.jackson.databind.ObjectMapper.readValue(ObjectMapper.java:3023)
	au.com.firemarklabs.nt.NoteDeserializable.deserialize(NoteDeserializable.kt:12)
	au.com.firemarklabs.nt.NoteDeserializable.deserialize(NoteDeserializable.kt:7)
	com.github.kittinunf.fuel.core.ResponseDeserializable$DefaultImpls.deserialize(Deserializable.kt:43)
	au.com.firemarklabs.nt.NoteDeserializable.deserialize(NoteDeserializable.kt:7)
	au.com.firemarklabs.nt.NoteDeserializable.deserialize(NoteDeserializable.kt:7)
	com.github.kittinunf.fuel.core.DeserializableKt.awaitResponse(Deserializable.kt:256)
	au.com.firemarklabs.nt.NTClient$asyncInsert$$inlined$awaitObjectResponse$1.invokeSuspend(Coroutines.kt:68)
	kotlin.coroutines.jvm.internal.BaseContinuationImpl.resumeWith(ContinuationImpl.kt:33)
	kotlinx.coroutines.DispatchedTask.run(DispatchedTask.kt:56)
	kotlinx.coroutines.scheduling.CoroutineScheduler.runSafely(CoroutineScheduler.kt:561)
	kotlinx.coroutines.scheduling.CoroutineScheduler$Worker.executeTask(CoroutineScheduler.kt:727)
	kotlinx.coroutines.scheduling.CoroutineScheduler$Worker.runWorker(CoroutineScheduler.kt:667)
	kotlinx.coroutines.scheduling.CoroutineScheduler$Worker.run(CoroutineScheduler.kt:655)

		... 2 more
	Caused by: com.fasterxml.jackson.module.kotlin.MissingKotlinParameterException: Instantiation of [simple type, class au.com.firemarklabs.nt.Note] value failed for JSON property content due to missing (therefore NULL) value for creator parameter content which is a non-nullable type
 at [Source: (String)&quot;{&quot;status&quot;:&quot;success&quot;,&quot;note&quot;:{&quot;tag&quot;:[&quot;performance&quot;],&quot;_id&quot;:&quot;614c1b8aceece30015ab9c76&quot;,&quot;content&quot;:&quot;Note 43&quot;,&quot;__v&quot;:0}}&quot;; line: 1, column: 112] (through reference chain: au.com.firemarklabs.nt.Note[&quot;content&quot;])
		at app//com.fasterxml.jackson.module.kotlin.KotlinValueInstantiator.createFromObjectWith(KotlinValueInstantiator.kt:107)
		at app//com.fasterxml.jackson.databind.deser.impl.PropertyBasedCreator.build(PropertyBasedCreator.java:195)
		at app//com.fasterxml.jackson.databind.deser.BeanDeserializer._deserializeUsingPropertyBased(BeanDeserializer.java:488)
		at app//com.fasterxml.jackson.databind.deser.BeanDeserializerBase.deserializeFromObjectUsingNonDefault(BeanDeserializerBase.java:1287)
		at app//com.fasterxml.jackson.databind.deser.BeanDeserializer.deserializeFromObject(BeanDeserializer.java:326)
		at app//com.fasterxml.jackson.databind.deser.BeanDeserializer.deserialize(BeanDeserializer.java:159)
		at app//com.fasterxml.jackson.databind.ObjectMapper._readMapAndClose(ObjectMapper.java:4013)
		at app//com.fasterxml.jackson.databind.ObjectMapper.readValue(ObjectMapper.java:3023)
		at app//au.com.firemarklabs.nt.NoteDeserializable.deserialize(NoteDeserializable.kt:12)
		at app//au.com.firemarklabs.nt.NoteDeserializable.deserialize(NoteDeserializable.kt:7)
		at app//com.github.kittinunf.fuel.core.ResponseDeserializable$DefaultImpls.deserialize(Deserializable.kt:43)
		at app//au.com.firemarklabs.nt.NoteDeserializable.deserialize(NoteDeserializable.kt:7)
		at app//au.com.firemarklabs.nt.NoteDeserializable.deserialize(NoteDeserializable.kt:7)
		at app//com.github.kittinunf.fuel.core.DeserializableKt.awaitResponse(Deserializable.kt:256)
		at app//au.com.firemarklabs.nt.NTClient$asyncInsert$$inlined$awaitObjectResponse$1.invokeSuspend(Coroutines.kt:68)
		at app//kotlin.coroutines.jvm.internal.BaseContinuationImpl.resumeWith(ContinuationImpl.kt:33)
		at app//kotlinx.coroutines.DispatchedTask.run(DispatchedTask.kt:56)
		at app//kotlinx.coroutines.scheduling.CoroutineScheduler.runSafely(CoroutineScheduler.kt:561)
		at app//kotlinx.coroutines.scheduling.CoroutineScheduler$Worker.executeTask(CoroutineScheduler.kt:727)
		at app//kotlinx.coroutines.scheduling.CoroutineScheduler$Worker.runWorker(CoroutineScheduler.kt:667)
		at app//kotlinx.coroutines.scheduling.CoroutineScheduler$Worker.run(CoroutineScheduler.kt:655)
	Suppressed: Instantiation of [simple type, class au.com.firemarklabs.nt.Note] value failed for JSON property content due to missing (therefore NULL) value for creator parameter content which is a non-nullable type
 at [Source: (String)&quot;{&quot;status&quot;:&quot;success&quot;,&quot;note&quot;:{&quot;tag&quot;:[&quot;performance&quot;],&quot;_id&quot;:&quot;614c1b8aceece30015ab9c77&quot;,&quot;content&quot;:&quot;Note 42&quot;,&quot;__v&quot;:0}}&quot;; line: 1, column: 112] (through reference chain: au.com.firemarklabs.nt.Note[&quot;content&quot;])
	com.github.kittinunf.fuel.core.FuelError$Companion.wrap(FuelError.kt:86)
	com.github.kittinunf.fuel.core.DeserializableKt.awaitResponse(Deserializable.kt:257)
Caused by: com.fasterxml.jackson.module.kotlin.MissingKotlinParameterException: Instantiation of [simple type, class au.com.firemarklabs.nt.Note] value failed for JSON property content due to missing (therefore NULL) value for creator parameter content which is a non-nullable type
 at [Source: (String)&quot;{&quot;status&quot;:&quot;success&quot;,&quot;note&quot;:{&quot;tag&quot;:[&quot;performance&quot;],&quot;_id&quot;:&quot;614c1b8aceece30015ab9c77&quot;,&quot;content&quot;:&quot;Note 42&quot;,&quot;__v&quot;:0}}&quot;; line: 1, column: 112] (through reference chain: au.com.firemarklabs.nt.Note[&quot;content&quot;])
	com.fasterxml.jackson.module.kotlin.KotlinValueInstantiator.createFromObjectWith(KotlinValueInstantiator.kt:107)
	com.fasterxml.jackson.databind.deser.impl.PropertyBasedCreator.build(PropertyBasedCreator.java:195)
	com.fasterxml.jackson.databind.deser.BeanDeserializer._deserializeUsingPropertyBased(BeanDeserializer.java:488)
	com.fasterxml.jackson.databind.deser.BeanDeserializerBase.deserializeFromObjectUsingNonDefault(BeanDeserializerBase.java:1287)
	com.fasterxml.jackson.databind.deser.BeanDeserializer.deserializeFromObject(BeanDeserializer.java:326)
	com.fasterxml.jackson.databind.deser.BeanDeserializer.deserialize(BeanDeserializer.java:159)
	com.fasterxml.jackson.databind.ObjectMapper._readMapAndClose(ObjectMapper.java:4013)
	com.fasterxml.jackson.databind.ObjectMapper.readValue(ObjectMapper.java:3023)
	au.com.firemarklabs.nt.NoteDeserializable.deserialize(NoteDeserializable.kt:12)
	au.com.firemarklabs.nt.NoteDeserializable.deserialize(NoteDeserializable.kt:7)
	com.github.kittinunf.fuel.core.ResponseDeserializable$DefaultImpls.deserialize(Deserializable.kt:43)
	au.com.firemarklabs.nt.NoteDeserializable.deserialize(NoteDeserializable.kt:7)
	au.com.firemarklabs.nt.NoteDeserializable.deserialize(NoteDeserializable.kt:7)
	com.github.kittinunf.fuel.core.DeserializableKt.awaitResponse(Deserializable.kt:256)
	au.com.firemarklabs.nt.NTClient$asyncInsert$$inlined$awaitObjectResponse$1.invokeSuspend(Coroutines.kt:68)
	kotlin.coroutines.jvm.internal.BaseContinuationImpl.resumeWith(ContinuationImpl.kt:33)
	kotlinx.coroutines.DispatchedTask.run(DispatchedTask.kt:56)
	kotlinx.coroutines.scheduling.CoroutineScheduler.runSafely(CoroutineScheduler.kt:561)
	kotlinx.coroutines.scheduling.CoroutineScheduler$Worker.executeTask(CoroutineScheduler.kt:727)
	kotlinx.coroutines.scheduling.CoroutineScheduler$Worker.runWorker(CoroutineScheduler.kt:667)
	kotlinx.coroutines.scheduling.CoroutineScheduler$Worker.run(CoroutineScheduler.kt:655)

		... 2 more
	Caused by: com.fasterxml.jackson.module.kotlin.MissingKotlinParameterException: Instantiation of [simple type, class au.com.firemarklabs.nt.Note] value failed for JSON property content due to missing (therefore NULL) value for creator parameter content which is a non-nullable type
 at [Source: (String)&quot;{&quot;status&quot;:&quot;success&quot;,&quot;note&quot;:{&quot;tag&quot;:[&quot;performance&quot;],&quot;_id&quot;:&quot;614c1b8aceece30015ab9c77&quot;,&quot;content&quot;:&quot;Note 42&quot;,&quot;__v&quot;:0}}&quot;; line: 1, column: 112] (through reference chain: au.com.firemarklabs.nt.Note[&quot;content&quot;])
		at app//com.fasterxml.jackson.module.kotlin.KotlinValueInstantiator.createFromObjectWith(KotlinValueInstantiator.kt:107)
		at app//com.fasterxml.jackson.databind.deser.impl.PropertyBasedCreator.build(PropertyBasedCreator.java:195)
		at app//com.fasterxml.jackson.databind.deser.BeanDeserializer._deserializeUsingPropertyBased(BeanDeserializer.java:488)
		at app//com.fasterxml.jackson.databind.deser.BeanDeserializerBase.deserializeFromObjectUsingNonDefault(BeanDeserializerBase.java:1287)
		at app//com.fasterxml.jackson.databind.deser.BeanDeserializer.deserializeFromObject(BeanDeserializer.java:326)
		at app//com.fasterxml.jackson.databind.deser.BeanDeserializer.deserialize(BeanDeserializer.java:159)
		at app//com.fasterxml.jackson.databind.ObjectMapper._readMapAndClose(ObjectMapper.java:4013)
		at app//com.fasterxml.jackson.databind.ObjectMapper.readValue(ObjectMapper.java:3023)
		at app//au.com.firemarklabs.nt.NoteDeserializable.deserialize(NoteDeserializable.kt:12)
		at app//au.com.firemarklabs.nt.NoteDeserializable.deserialize(NoteDeserializable.kt:7)
		at app//com.github.kittinunf.fuel.core.ResponseDeserializable$DefaultImpls.deserialize(Deserializable.kt:43)
		at app//au.com.firemarklabs.nt.NoteDeserializable.deserialize(NoteDeserializable.kt:7)
		at app//au.com.firemarklabs.nt.NoteDeserializable.deserialize(NoteDeserializable.kt:7)
		at app//com.github.kittinunf.fuel.core.DeserializableKt.awaitResponse(Deserializable.kt:256)
		at app//au.com.firemarklabs.nt.NTClient$asyncInsert$$inlined$awaitObjectResponse$1.invokeSuspend(Coroutines.kt:68)
		at app//kotlin.coroutines.jvm.internal.BaseContinuationImpl.resumeWith(ContinuationImpl.kt:33)
		at app//kotlinx.coroutines.DispatchedTask.run(DispatchedTask.kt:56)
		at app//kotlinx.coroutines.scheduling.CoroutineScheduler.runSafely(CoroutineScheduler.kt:561)
		at app//kotlinx.coroutines.scheduling.CoroutineScheduler$Worker.executeTask(CoroutineScheduler.kt:727)
		at app//kotlinx.coroutines.scheduling.CoroutineScheduler$Worker.runWorker(CoroutineScheduler.kt:667)
		at app//kotlinx.coroutines.scheduling.CoroutineScheduler$Worker.run(CoroutineScheduler.kt:655)
	Suppressed: Instantiation of [simple type, class au.com.firemarklabs.nt.Note] value failed for JSON property content due to missing (therefore NULL) value for creator parameter content which is a non-nullable type
 at [Source: (String)&quot;{&quot;status&quot;:&quot;success&quot;,&quot;note&quot;:{&quot;tag&quot;:[&quot;performance&quot;],&quot;_id&quot;:&quot;614c1b8aceece30015ab9c78&quot;,&quot;content&quot;:&quot;Note 44&quot;,&quot;__v&quot;:0}}&quot;; line: 1, column: 112] (through reference chain: au.com.firemarklabs.nt.Note[&quot;content&quot;])
	com.github.kittinunf.fuel.core.FuelError$Companion.wrap(FuelError.kt:86)
	com.github.kittinunf.fuel.core.DeserializableKt.awaitResponse(Deserializable.kt:257)
Caused by: com.fasterxml.jackson.module.kotlin.MissingKotlinParameterException: Instantiation of [simple type, class au.com.firemarklabs.nt.Note] value failed for JSON property content due to missing (therefore NULL) value for creator parameter content which is a non-nullable type
 at [Source: (String)&quot;{&quot;status&quot;:&quot;success&quot;,&quot;note&quot;:{&quot;tag&quot;:[&quot;performance&quot;],&quot;_id&quot;:&quot;614c1b8aceece30015ab9c78&quot;,&quot;content&quot;:&quot;Note 44&quot;,&quot;__v&quot;:0}}&quot;; line: 1, column: 112] (through reference chain: au.com.firemarklabs.nt.Note[&quot;content&quot;])
	com.fasterxml.jackson.module.kotlin.KotlinValueInstantiator.createFromObjectWith(KotlinValueInstantiator.kt:107)
	com.fasterxml.jackson.databind.deser.impl.PropertyBasedCreator.build(PropertyBasedCreator.java:195)
	com.fasterxml.jackson.databind.deser.BeanDeserializer._deserializeUsingPropertyBased(BeanDeserializer.java:488)
	com.fasterxml.jackson.databind.deser.BeanDeserializerBase.deserializeFromObjectUsingNonDefault(BeanDeserializerBase.java:1287)
	com.fasterxml.jackson.databind.deser.BeanDeserializer.deserializeFromObject(BeanDeserializer.java:326)
	com.fasterxml.jackson.databind.deser.BeanDeserializer.deserialize(BeanDeserializer.java:159)
	com.fasterxml.jackson.databind.ObjectMapper._readMapAndClose(ObjectMapper.java:4013)
	com.fasterxml.jackson.databind.ObjectMapper.readValue(ObjectMapper.java:3023)
	au.com.firemarklabs.nt.NoteDeserializable.deserialize(NoteDeserializable.kt:12)
	au.com.firemarklabs.nt.NoteDeserializable.deserialize(NoteDeserializable.kt:7)
	com.github.kittinunf.fuel.core.ResponseDeserializable$DefaultImpls.deserialize(Deserializable.kt:43)
	au.com.firemarklabs.nt.NoteDeserializable.deserialize(NoteDeserializable.kt:7)
	au.com.firemarklabs.nt.NoteDeserializable.deserialize(NoteDeserializable.kt:7)
	com.github.kittinunf.fuel.core.DeserializableKt.awaitResponse(Deserializable.kt:256)
	au.com.firemarklabs.nt.NTClient$asyncInsert$$inlined$awaitObjectResponse$1.invokeSuspend(Coroutines.kt:68)
	kotlin.coroutines.jvm.internal.BaseContinuationImpl.resumeWith(ContinuationImpl.kt:33)
	kotlinx.coroutines.DispatchedTask.run(DispatchedTask.kt:56)
	kotlinx.coroutines.scheduling.CoroutineScheduler.runSafely(CoroutineScheduler.kt:561)
	kotlinx.coroutines.scheduling.CoroutineScheduler$Worker.executeTask(CoroutineScheduler.kt:727)
	kotlinx.coroutines.scheduling.CoroutineScheduler$Worker.runWorker(CoroutineScheduler.kt:667)
	kotlinx.coroutines.scheduling.CoroutineScheduler$Worker.run(CoroutineScheduler.kt:655)

		... 2 more
	Caused by: com.fasterxml.jackson.module.kotlin.MissingKotlinParameterException: Instantiation of [simple type, class au.com.firemarklabs.nt.Note] value failed for JSON property content due to missing (therefore NULL) value for creator parameter content which is a non-nullable type
 at [Source: (String)&quot;{&quot;status&quot;:&quot;success&quot;,&quot;note&quot;:{&quot;tag&quot;:[&quot;performance&quot;],&quot;_id&quot;:&quot;614c1b8aceece30015ab9c78&quot;,&quot;content&quot;:&quot;Note 44&quot;,&quot;__v&quot;:0}}&quot;; line: 1, column: 112] (through reference chain: au.com.firemarklabs.nt.Note[&quot;content&quot;])
		at app//com.fasterxml.jackson.module.kotlin.KotlinValueInstantiator.createFromObjectWith(KotlinValueInstantiator.kt:107)
		at app//com.fasterxml.jackson.databind.deser.impl.PropertyBasedCreator.build(PropertyBasedCreator.java:195)
		at app//com.fasterxml.jackson.databind.deser.BeanDeserializer._deserializeUsingPropertyBased(BeanDeserializer.java:488)
		at app//com.fasterxml.jackson.databind.deser.BeanDeserializerBase.deserializeFromObjectUsingNonDefault(BeanDeserializerBase.java:1287)
		at app//com.fasterxml.jackson.databind.deser.BeanDeserializer.deserializeFromObject(BeanDeserializer.java:326)
		at app//com.fasterxml.jackson.databind.deser.BeanDeserializer.deserialize(BeanDeserializer.java:159)
		at app//com.fasterxml.jackson.databind.ObjectMapper._readMapAndClose(ObjectMapper.java:4013)
		at app//com.fasterxml.jackson.databind.ObjectMapper.readValue(ObjectMapper.java:3023)
		at app//au.com.firemarklabs.nt.NoteDeserializable.deserialize(NoteDeserializable.kt:12)
		at app//au.com.firemarklabs.nt.NoteDeserializable.deserialize(NoteDeserializable.kt:7)
		at app//com.github.kittinunf.fuel.core.ResponseDeserializable$DefaultImpls.deserialize(Deserializable.kt:43)
		at app//au.com.firemarklabs.nt.NoteDeserializable.deserialize(NoteDeserializable.kt:7)
		at app//au.com.firemarklabs.nt.NoteDeserializable.deserialize(NoteDeserializable.kt:7)
		at app//com.github.kittinunf.fuel.core.DeserializableKt.awaitResponse(Deserializable.kt:256)
		at app//au.com.firemarklabs.nt.NTClient$asyncInsert$$inlined$awaitObjectResponse$1.invokeSuspend(Coroutines.kt:68)
		at app//kotlin.coroutines.jvm.internal.BaseContinuationImpl.resumeWith(ContinuationImpl.kt:33)
		at app//kotlinx.coroutines.DispatchedTask.run(DispatchedTask.kt:56)
		at app//kotlinx.coroutines.scheduling.CoroutineScheduler.runSafely(CoroutineScheduler.kt:561)
		at app//kotlinx.coroutines.scheduling.CoroutineScheduler$Worker.executeTask(CoroutineScheduler.kt:727)
		at app//kotlinx.coroutines.scheduling.CoroutineScheduler$Worker.runWorker(CoroutineScheduler.kt:667)
		at app//kotlinx.coroutines.scheduling.CoroutineScheduler$Worker.run(CoroutineScheduler.kt:655)
	Suppressed: Instantiation of [simple type, class au.com.firemarklabs.nt.Note] value failed for JSON property content due to missing (therefore NULL) value for creator parameter content which is a non-nullable type
 at [Source: (String)&quot;{&quot;status&quot;:&quot;success&quot;,&quot;note&quot;:{&quot;tag&quot;:[&quot;performance&quot;],&quot;_id&quot;:&quot;614c1b8aceece30015ab9c79&quot;,&quot;content&quot;:&quot;Note 50&quot;,&quot;__v&quot;:0}}&quot;; line: 1, column: 112] (through reference chain: au.com.firemarklabs.nt.Note[&quot;content&quot;])
	com.github.kittinunf.fuel.core.FuelError$Companion.wrap(FuelError.kt:86)
	com.github.kittinunf.fuel.core.DeserializableKt.awaitResponse(Deserializable.kt:257)
Caused by: com.fasterxml.jackson.module.kotlin.MissingKotlinParameterException: Instantiation of [simple type, class au.com.firemarklabs.nt.Note] value failed for JSON property content due to missing (therefore NULL) value for creator parameter content which is a non-nullable type
 at [Source: (String)&quot;{&quot;status&quot;:&quot;success&quot;,&quot;note&quot;:{&quot;tag&quot;:[&quot;performance&quot;],&quot;_id&quot;:&quot;614c1b8aceece30015ab9c79&quot;,&quot;content&quot;:&quot;Note 50&quot;,&quot;__v&quot;:0}}&quot;; line: 1, column: 112] (through reference chain: au.com.firemarklabs.nt.Note[&quot;content&quot;])
	com.fasterxml.jackson.module.kotlin.KotlinValueInstantiator.createFromObjectWith(KotlinValueInstantiator.kt:107)
	com.fasterxml.jackson.databind.deser.impl.PropertyBasedCreator.build(PropertyBasedCreator.java:195)
	com.fasterxml.jackson.databind.deser.BeanDeserializer._deserializeUsingPropertyBased(BeanDeserializer.java:488)
	com.fasterxml.jackson.databind.deser.BeanDeserializerBase.deserializeFromObjectUsingNonDefault(BeanDeserializerBase.java:1287)
	com.fasterxml.jackson.databind.deser.BeanDeserializer.deserializeFromObject(BeanDeserializer.java:326)
	com.fasterxml.jackson.databind.deser.BeanDeserializer.deserialize(BeanDeserializer.java:159)
	com.fasterxml.jackson.databind.ObjectMapper._readMapAndClose(ObjectMapper.java:4013)
	com.fasterxml.jackson.databind.ObjectMapper.readValue(ObjectMapper.java:3023)
	au.com.firemarklabs.nt.NoteDeserializable.deserialize(NoteDeserializable.kt:12)
	au.com.firemarklabs.nt.NoteDeserializable.deserialize(NoteDeserializable.kt:7)
	com.github.kittinunf.fuel.core.ResponseDeserializable$DefaultImpls.deserialize(Deserializable.kt:43)
	au.com.firemarklabs.nt.NoteDeserializable.deserialize(NoteDeserializable.kt:7)
	au.com.firemarklabs.nt.NoteDeserializable.deserialize(NoteDeserializable.kt:7)
	com.github.kittinunf.fuel.core.DeserializableKt.awaitResponse(Deserializable.kt:256)
	au.com.firemarklabs.nt.NTClient$asyncInsert$$inlined$awaitObjectResponse$1.invokeSuspend(Coroutines.kt:68)
	kotlin.coroutines.jvm.internal.BaseContinuationImpl.resumeWith(ContinuationImpl.kt:33)
	kotlinx.coroutines.DispatchedTask.run(DispatchedTask.kt:56)
	kotlinx.coroutines.scheduling.CoroutineScheduler.runSafely(CoroutineScheduler.kt:561)
	kotlinx.coroutines.scheduling.CoroutineScheduler$Worker.executeTask(CoroutineScheduler.kt:727)
	kotlinx.coroutines.scheduling.CoroutineScheduler$Worker.runWorker(CoroutineScheduler.kt:667)
	kotlinx.coroutines.scheduling.CoroutineScheduler$Worker.run(CoroutineScheduler.kt:655)

		... 2 more
	Caused by: com.fasterxml.jackson.module.kotlin.MissingKotlinParameterException: Instantiation of [simple type, class au.com.firemarklabs.nt.Note] value failed for JSON property content due to missing (therefore NULL) value for creator parameter content which is a non-nullable type
 at [Source: (String)&quot;{&quot;status&quot;:&quot;success&quot;,&quot;note&quot;:{&quot;tag&quot;:[&quot;performance&quot;],&quot;_id&quot;:&quot;614c1b8aceece30015ab9c79&quot;,&quot;content&quot;:&quot;Note 50&quot;,&quot;__v&quot;:0}}&quot;; line: 1, column: 112] (through reference chain: au.com.firemarklabs.nt.Note[&quot;content&quot;])
		at app//com.fasterxml.jackson.module.kotlin.KotlinValueInstantiator.createFromObjectWith(KotlinValueInstantiator.kt:107)
		at app//com.fasterxml.jackson.databind.deser.impl.PropertyBasedCreator.build(PropertyBasedCreator.java:195)
		at app//com.fasterxml.jackson.databind.deser.BeanDeserializer._deserializeUsingPropertyBased(BeanDeserializer.java:488)
		at app//com.fasterxml.jackson.databind.deser.BeanDeserializerBase.deserializeFromObjectUsingNonDefault(BeanDeserializerBase.java:1287)
		at app//com.fasterxml.jackson.databind.deser.BeanDeserializer.deserializeFromObject(BeanDeserializer.java:326)
		at app//com.fasterxml.jackson.databind.deser.BeanDeserializer.deserialize(BeanDeserializer.java:159)
		at app//com.fasterxml.jackson.databind.ObjectMapper._readMapAndClose(ObjectMapper.java:4013)
		at app//com.fasterxml.jackson.databind.ObjectMapper.readValue(ObjectMapper.java:3023)
		at app//au.com.firemarklabs.nt.NoteDeserializable.deserialize(NoteDeserializable.kt:12)
		at app//au.com.firemarklabs.nt.NoteDeserializable.deserialize(NoteDeserializable.kt:7)
		at app//com.github.kittinunf.fuel.core.ResponseDeserializable$DefaultImpls.deserialize(Deserializable.kt:43)
		at app//au.com.firemarklabs.nt.NoteDeserializable.deserialize(NoteDeserializable.kt:7)
		at app//au.com.firemarklabs.nt.NoteDeserializable.deserialize(NoteDeserializable.kt:7)
		at app//com.github.kittinunf.fuel.core.DeserializableKt.awaitResponse(Deserializable.kt:256)
		at app//au.com.firemarklabs.nt.NTClient$asyncInsert$$inlined$awaitObjectResponse$1.invokeSuspend(Coroutines.kt:68)
		at app//kotlin.coroutines.jvm.internal.BaseContinuationImpl.resumeWith(ContinuationImpl.kt:33)
		at app//kotlinx.coroutines.DispatchedTask.run(DispatchedTask.kt:56)
		at app//kotlinx.coroutines.scheduling.CoroutineScheduler.runSafely(CoroutineScheduler.kt:561)
		at app//kotlinx.coroutines.scheduling.CoroutineScheduler$Worker.executeTask(CoroutineScheduler.kt:727)
		at app//kotlinx.coroutines.scheduling.CoroutineScheduler$Worker.runWorker(CoroutineScheduler.kt:667)
		at app//kotlinx.coroutines.scheduling.CoroutineScheduler$Worker.run(CoroutineScheduler.kt:655)
	Suppressed: Instantiation of [simple type, class au.com.firemarklabs.nt.Note] value failed for JSON property content due to missing (therefore NULL) value for creator parameter content which is a non-nullable type
 at [Source: (String)&quot;{&quot;status&quot;:&quot;success&quot;,&quot;note&quot;:{&quot;tag&quot;:[&quot;performance&quot;],&quot;_id&quot;:&quot;614c1b8aceece30015ab9c7a&quot;,&quot;content&quot;:&quot;Note 63&quot;,&quot;__v&quot;:0}}&quot;; line: 1, column: 112] (through reference chain: au.com.firemarklabs.nt.Note[&quot;content&quot;])
	com.github.kittinunf.fuel.core.FuelError$Companion.wrap(FuelError.kt:86)
	com.github.kittinunf.fuel.core.DeserializableKt.awaitResponse(Deserializable.kt:257)
Caused by: com.fasterxml.jackson.module.kotlin.MissingKotlinParameterException: Instantiation of [simple type, class au.com.firemarklabs.nt.Note] value failed for JSON property content due to missing (therefore NULL) value for creator parameter content which is a non-nullable type
 at [Source: (String)&quot;{&quot;status&quot;:&quot;success&quot;,&quot;note&quot;:{&quot;tag&quot;:[&quot;performance&quot;],&quot;_id&quot;:&quot;614c1b8aceece30015ab9c7a&quot;,&quot;content&quot;:&quot;Note 63&quot;,&quot;__v&quot;:0}}&quot;; line: 1, column: 112] (through reference chain: au.com.firemarklabs.nt.Note[&quot;content&quot;])
	com.fasterxml.jackson.module.kotlin.KotlinValueInstantiator.createFromObjectWith(KotlinValueInstantiator.kt:107)
	com.fasterxml.jackson.databind.deser.impl.PropertyBasedCreator.build(PropertyBasedCreator.java:195)
	com.fasterxml.jackson.databind.deser.BeanDeserializer._deserializeUsingPropertyBased(BeanDeserializer.java:488)
	com.fasterxml.jackson.databind.deser.BeanDeserializerBase.deserializeFromObjectUsingNonDefault(BeanDeserializerBase.java:1287)
	com.fasterxml.jackson.databind.deser.BeanDeserializer.deserializeFromObject(BeanDeserializer.java:326)
	com.fasterxml.jackson.databind.deser.BeanDeserializer.deserialize(BeanDeserializer.java:159)
	com.fasterxml.jackson.databind.ObjectMapper._readMapAndClose(ObjectMapper.java:4013)
	com.fasterxml.jackson.databind.ObjectMapper.readValue(ObjectMapper.java:3023)
	au.com.firemarklabs.nt.NoteDeserializable.deserialize(NoteDeserializable.kt:12)
	au.com.firemarklabs.nt.NoteDeserializable.deserialize(NoteDeserializable.kt:7)
	com.github.kittinunf.fuel.core.ResponseDeserializable$DefaultImpls.deserialize(Deserializable.kt:43)
	au.com.firemarklabs.nt.NoteDeserializable.deserialize(NoteDeserializable.kt:7)
	au.com.firemarklabs.nt.NoteDeserializable.deserialize(NoteDeserializable.kt:7)
	com.github.kittinunf.fuel.core.DeserializableKt.awaitResponse(Deserializable.kt:256)
	au.com.firemarklabs.nt.NTClient$asyncInsert$$inlined$awaitObjectResponse$1.invokeSuspend(Coroutines.kt:68)
	kotlin.coroutines.jvm.internal.BaseContinuationImpl.resumeWith(ContinuationImpl.kt:33)
	kotlinx.coroutines.DispatchedTask.run(DispatchedTask.kt:56)
	kotlinx.coroutines.scheduling.CoroutineScheduler.runSafely(CoroutineScheduler.kt:561)
	kotlinx.coroutines.scheduling.CoroutineScheduler$Worker.executeTask(CoroutineScheduler.kt:727)
	kotlinx.coroutines.scheduling.CoroutineScheduler$Worker.runWorker(CoroutineScheduler.kt:667)
	kotlinx.coroutines.scheduling.CoroutineScheduler$Worker.run(CoroutineScheduler.kt:655)

		... 2 more
	Caused by: com.fasterxml.jackson.module.kotlin.MissingKotlinParameterException: Instantiation of [simple type, class au.com.firemarklabs.nt.Note] value failed for JSON property content due to missing (therefore NULL) value for creator parameter content which is a non-nullable type
 at [Source: (String)&quot;{&quot;status&quot;:&quot;success&quot;,&quot;note&quot;:{&quot;tag&quot;:[&quot;performance&quot;],&quot;_id&quot;:&quot;614c1b8aceece30015ab9c7a&quot;,&quot;content&quot;:&quot;Note 63&quot;,&quot;__v&quot;:0}}&quot;; line: 1, column: 112] (through reference chain: au.com.firemarklabs.nt.Note[&quot;content&quot;])
		at app//com.fasterxml.jackson.module.kotlin.KotlinValueInstantiator.createFromObjectWith(KotlinValueInstantiator.kt:107)
		at app//com.fasterxml.jackson.databind.deser.impl.PropertyBasedCreator.build(PropertyBasedCreator.java:195)
		at app//com.fasterxml.jackson.databind.deser.BeanDeserializer._deserializeUsingPropertyBased(BeanDeserializer.java:488)
		at app//com.fasterxml.jackson.databind.deser.BeanDeserializerBase.deserializeFromObjectUsingNonDefault(BeanDeserializerBase.java:1287)
		at app//com.fasterxml.jackson.databind.deser.BeanDeserializer.deserializeFromObject(BeanDeserializer.java:326)
		at app//com.fasterxml.jackson.databind.deser.BeanDeserializer.deserialize(BeanDeserializer.java:159)
		at app//com.fasterxml.jackson.databind.ObjectMapper._readMapAndClose(ObjectMapper.java:4013)
		at app//com.fasterxml.jackson.databind.ObjectMapper.readValue(ObjectMapper.java:3023)
		at app//au.com.firemarklabs.nt.NoteDeserializable.deserialize(NoteDeserializable.kt:12)
		at app//au.com.firemarklabs.nt.NoteDeserializable.deserialize(NoteDeserializable.kt:7)
		at app//com.github.kittinunf.fuel.core.ResponseDeserializable$DefaultImpls.deserialize(Deserializable.kt:43)
		at app//au.com.firemarklabs.nt.NoteDeserializable.deserialize(NoteDeserializable.kt:7)
		at app//au.com.firemarklabs.nt.NoteDeserializable.deserialize(NoteDeserializable.kt:7)
		at app//com.github.kittinunf.fuel.core.DeserializableKt.awaitResponse(Deserializable.kt:256)
		at app//au.com.firemarklabs.nt.NTClient$asyncInsert$$inlined$awaitObjectResponse$1.invokeSuspend(Coroutines.kt:68)
		at app//kotlin.coroutines.jvm.internal.BaseContinuationImpl.resumeWith(ContinuationImpl.kt:33)
		at app//kotlinx.coroutines.DispatchedTask.run(DispatchedTask.kt:56)
		at app//kotlinx.coroutines.scheduling.CoroutineScheduler.runSafely(CoroutineScheduler.kt:561)
		at app//kotlinx.coroutines.scheduling.CoroutineScheduler$Worker.executeTask(CoroutineScheduler.kt:727)
		at app//kotlinx.coroutines.scheduling.CoroutineScheduler$Worker.runWorker(CoroutineScheduler.kt:667)
		at app//kotlinx.coroutines.scheduling.CoroutineScheduler$Worker.run(CoroutineScheduler.kt:655)
	Suppressed: Instantiation of [simple type, class au.com.firemarklabs.nt.Note] value failed for JSON property content due to missing (therefore NULL) value for creator parameter content which is a non-nullable type
 at [Source: (String)&quot;{&quot;status&quot;:&quot;success&quot;,&quot;note&quot;:{&quot;tag&quot;:[&quot;performance&quot;],&quot;_id&quot;:&quot;614c1b8aceece30015ab9c7b&quot;,&quot;content&quot;:&quot;Note 65&quot;,&quot;__v&quot;:0}}&quot;; line: 1, column: 112] (through reference chain: au.com.firemarklabs.nt.Note[&quot;content&quot;])
	com.github.kittinunf.fuel.core.FuelError$Companion.wrap(FuelError.kt:86)
	com.github.kittinunf.fuel.core.DeserializableKt.awaitResponse(Deserializable.kt:257)
Caused by: com.fasterxml.jackson.module.kotlin.MissingKotlinParameterException: Instantiation of [simple type, class au.com.firemarklabs.nt.Note] value failed for JSON property content due to missing (therefore NULL) value for creator parameter content which is a non-nullable type
 at [Source: (String)&quot;{&quot;status&quot;:&quot;success&quot;,&quot;note&quot;:{&quot;tag&quot;:[&quot;performance&quot;],&quot;_id&quot;:&quot;614c1b8aceece30015ab9c7b&quot;,&quot;content&quot;:&quot;Note 65&quot;,&quot;__v&quot;:0}}&quot;; line: 1, column: 112] (through reference chain: au.com.firemarklabs.nt.Note[&quot;content&quot;])
	com.fasterxml.jackson.module.kotlin.KotlinValueInstantiator.createFromObjectWith(KotlinValueInstantiator.kt:107)
	com.fasterxml.jackson.databind.deser.impl.PropertyBasedCreator.build(PropertyBasedCreator.java:195)
	com.fasterxml.jackson.databind.deser.BeanDeserializer._deserializeUsingPropertyBased(BeanDeserializer.java:488)
	com.fasterxml.jackson.databind.deser.BeanDeserializerBase.deserializeFromObjectUsingNonDefault(BeanDeserializerBase.java:1287)
	com.fasterxml.jackson.databind.deser.BeanDeserializer.deserializeFromObject(BeanDeserializer.java:326)
	com.fasterxml.jackson.databind.deser.BeanDeserializer.deserialize(BeanDeserializer.java:159)
	com.fasterxml.jackson.databind.ObjectMapper._readMapAndClose(ObjectMapper.java:4013)
	com.fasterxml.jackson.databind.ObjectMapper.readValue(ObjectMapper.java:3023)
	au.com.firemarklabs.nt.NoteDeserializable.deserialize(NoteDeserializable.kt:12)
	au.com.firemarklabs.nt.NoteDeserializable.deserialize(NoteDeserializable.kt:7)
	com.github.kittinunf.fuel.core.ResponseDeserializable$DefaultImpls.deserialize(Deserializable.kt:43)
	au.com.firemarklabs.nt.NoteDeserializable.deserialize(NoteDeserializable.kt:7)
	au.com.firemarklabs.nt.NoteDeserializable.deserialize(NoteDeserializable.kt:7)
	com.github.kittinunf.fuel.core.DeserializableKt.awaitResponse(Deserializable.kt:256)
	au.com.firemarklabs.nt.NTClient$asyncInsert$$inlined$awaitObjectResponse$1.invokeSuspend(Coroutines.kt:68)
	kotlin.coroutines.jvm.internal.BaseContinuationImpl.resumeWith(ContinuationImpl.kt:33)
	kotlinx.coroutines.DispatchedTask.run(DispatchedTask.kt:56)
	kotlinx.coroutines.scheduling.CoroutineScheduler.runSafely(CoroutineScheduler.kt:561)
	kotlinx.coroutines.scheduling.CoroutineScheduler$Worker.executeTask(CoroutineScheduler.kt:727)
	kotlinx.coroutines.scheduling.CoroutineScheduler$Worker.runWorker(CoroutineScheduler.kt:667)
	kotlinx.coroutines.scheduling.CoroutineScheduler$Worker.run(CoroutineScheduler.kt:655)

		... 2 more
	Caused by: com.fasterxml.jackson.module.kotlin.MissingKotlinParameterException: Instantiation of [simple type, class au.com.firemarklabs.nt.Note] value failed for JSON property content due to missing (therefore NULL) value for creator parameter content which is a non-nullable type
 at [Source: (String)&quot;{&quot;status&quot;:&quot;success&quot;,&quot;note&quot;:{&quot;tag&quot;:[&quot;performance&quot;],&quot;_id&quot;:&quot;614c1b8aceece30015ab9c7b&quot;,&quot;content&quot;:&quot;Note 65&quot;,&quot;__v&quot;:0}}&quot;; line: 1, column: 112] (through reference chain: au.com.firemarklabs.nt.Note[&quot;content&quot;])
		at app//com.fasterxml.jackson.module.kotlin.KotlinValueInstantiator.createFromObjectWith(KotlinValueInstantiator.kt:107)
		at app//com.fasterxml.jackson.databind.deser.impl.PropertyBasedCreator.build(PropertyBasedCreator.java:195)
		at app//com.fasterxml.jackson.databind.deser.BeanDeserializer._deserializeUsingPropertyBased(BeanDeserializer.java:488)
		at app//com.fasterxml.jackson.databind.deser.BeanDeserializerBase.deserializeFromObjectUsingNonDefault(BeanDeserializerBase.java:1287)
		at app//com.fasterxml.jackson.databind.deser.BeanDeserializer.deserializeFromObject(BeanDeserializer.java:326)
		at app//com.fasterxml.jackson.databind.deser.BeanDeserializer.deserialize(BeanDeserializer.java:159)
		at app//com.fasterxml.jackson.databind.ObjectMapper._readMapAndClose(ObjectMapper.java:4013)
		at app//com.fasterxml.jackson.databind.ObjectMapper.readValue(ObjectMapper.java:3023)
		at app//au.com.firemarklabs.nt.NoteDeserializable.deserialize(NoteDeserializable.kt:12)
		at app//au.com.firemarklabs.nt.NoteDeserializable.deserialize(NoteDeserializable.kt:7)
		at app//com.github.kittinunf.fuel.core.ResponseDeserializable$DefaultImpls.deserialize(Deserializable.kt:43)
		at app//au.com.firemarklabs.nt.NoteDeserializable.deserialize(NoteDeserializable.kt:7)
		at app//au.com.firemarklabs.nt.NoteDeserializable.deserialize(NoteDeserializable.kt:7)
		at app//com.github.kittinunf.fuel.core.DeserializableKt.awaitResponse(Deserializable.kt:256)
		at app//au.com.firemarklabs.nt.NTClient$asyncInsert$$inlined$awaitObjectResponse$1.invokeSuspend(Coroutines.kt:68)
		at app//kotlin.coroutines.jvm.internal.BaseContinuationImpl.resumeWith(ContinuationImpl.kt:33)
		at app//kotlinx.coroutines.DispatchedTask.run(DispatchedTask.kt:56)
		at app//kotlinx.coroutines.scheduling.CoroutineScheduler.runSafely(CoroutineScheduler.kt:561)
		at app//kotlinx.coroutines.scheduling.CoroutineScheduler$Worker.executeTask(CoroutineScheduler.kt:727)
		at app//kotlinx.coroutines.scheduling.CoroutineScheduler$Worker.runWorker(CoroutineScheduler.kt:667)
		at app//kotlinx.coroutines.scheduling.CoroutineScheduler$Worker.run(CoroutineScheduler.kt:655)
	Suppressed: Instantiation of [simple type, class au.com.firemarklabs.nt.Note] value failed for JSON property content due to missing (therefore NULL) value for creator parameter content which is a non-nullable type
 at [Source: (String)&quot;{&quot;status&quot;:&quot;success&quot;,&quot;note&quot;:{&quot;tag&quot;:[&quot;performance&quot;],&quot;_id&quot;:&quot;614c1b8aceece30015ab9c7c&quot;,&quot;content&quot;:&quot;Note 45&quot;,&quot;__v&quot;:0}}&quot;; line: 1, column: 112] (through reference chain: au.com.firemarklabs.nt.Note[&quot;content&quot;])
	com.github.kittinunf.fuel.core.FuelError$Companion.wrap(FuelError.kt:86)
	com.github.kittinunf.fuel.core.DeserializableKt.awaitResponse(Deserializable.kt:257)
Caused by: com.fasterxml.jackson.module.kotlin.MissingKotlinParameterException: Instantiation of [simple type, class au.com.firemarklabs.nt.Note] value failed for JSON property content due to missing (therefore NULL) value for creator parameter content which is a non-nullable type
 at [Source: (String)&quot;{&quot;status&quot;:&quot;success&quot;,&quot;note&quot;:{&quot;tag&quot;:[&quot;performance&quot;],&quot;_id&quot;:&quot;614c1b8aceece30015ab9c7c&quot;,&quot;content&quot;:&quot;Note 45&quot;,&quot;__v&quot;:0}}&quot;; line: 1, column: 112] (through reference chain: au.com.firemarklabs.nt.Note[&quot;content&quot;])
	com.fasterxml.jackson.module.kotlin.KotlinValueInstantiator.createFromObjectWith(KotlinValueInstantiator.kt:107)
	com.fasterxml.jackson.databind.deser.impl.PropertyBasedCreator.build(PropertyBasedCreator.java:195)
	com.fasterxml.jackson.databind.deser.BeanDeserializer._deserializeUsingPropertyBased(BeanDeserializer.java:488)
	com.fasterxml.jackson.databind.deser.BeanDeserializerBase.deserializeFromObjectUsingNonDefault(BeanDeserializerBase.java:1287)
	com.fasterxml.jackson.databind.deser.BeanDeserializer.deserializeFromObject(BeanDeserializer.java:326)
	com.fasterxml.jackson.databind.deser.BeanDeserializer.deserialize(BeanDeserializer.java:159)
	com.fasterxml.jackson.databind.ObjectMapper._readMapAndClose(ObjectMapper.java:4013)
	com.fasterxml.jackson.databind.ObjectMapper.readValue(ObjectMapper.java:3023)
	au.com.firemarklabs.nt.NoteDeserializable.deserialize(NoteDeserializable.kt:12)
	au.com.firemarklabs.nt.NoteDeserializable.deserialize(NoteDeserializable.kt:7)
	com.github.kittinunf.fuel.core.ResponseDeserializable$DefaultImpls.deserialize(Deserializable.kt:43)
	au.com.firemarklabs.nt.NoteDeserializable.deserialize(NoteDeserializable.kt:7)
	au.com.firemarklabs.nt.NoteDeserializable.deserialize(NoteDeserializable.kt:7)
	com.github.kittinunf.fuel.core.DeserializableKt.awaitResponse(Deserializable.kt:256)
	au.com.firemarklabs.nt.NTClient$asyncInsert$$inlined$awaitObjectResponse$1.invokeSuspend(Coroutines.kt:68)
	kotlin.coroutines.jvm.internal.BaseContinuationImpl.resumeWith(ContinuationImpl.kt:33)
	kotlinx.coroutines.DispatchedTask.run(DispatchedTask.kt:56)
	kotlinx.coroutines.scheduling.CoroutineScheduler.runSafely(CoroutineScheduler.kt:561)
	kotlinx.coroutines.scheduling.CoroutineScheduler$Worker.executeTask(CoroutineScheduler.kt:727)
	kotlinx.coroutines.scheduling.CoroutineScheduler$Worker.runWorker(CoroutineScheduler.kt:667)
	kotlinx.coroutines.scheduling.CoroutineScheduler$Worker.run(CoroutineScheduler.kt:655)

		... 2 more
	Caused by: com.fasterxml.jackson.module.kotlin.MissingKotlinParameterException: Instantiation of [simple type, class au.com.firemarklabs.nt.Note] value failed for JSON property content due to missing (therefore NULL) value for creator parameter content which is a non-nullable type
 at [Source: (String)&quot;{&quot;status&quot;:&quot;success&quot;,&quot;note&quot;:{&quot;tag&quot;:[&quot;performance&quot;],&quot;_id&quot;:&quot;614c1b8aceece30015ab9c7c&quot;,&quot;content&quot;:&quot;Note 45&quot;,&quot;__v&quot;:0}}&quot;; line: 1, column: 112] (through reference chain: au.com.firemarklabs.nt.Note[&quot;content&quot;])
		at app//com.fasterxml.jackson.module.kotlin.KotlinValueInstantiator.createFromObjectWith(KotlinValueInstantiator.kt:107)
		at app//com.fasterxml.jackson.databind.deser.impl.PropertyBasedCreator.build(PropertyBasedCreator.java:195)
		at app//com.fasterxml.jackson.databind.deser.BeanDeserializer._deserializeUsingPropertyBased(BeanDeserializer.java:488)
		at app//com.fasterxml.jackson.databind.deser.BeanDeserializerBase.deserializeFromObjectUsingNonDefault(BeanDeserializerBase.java:1287)
		at app//com.fasterxml.jackson.databind.deser.BeanDeserializer.deserializeFromObject(BeanDeserializer.java:326)
		at app//com.fasterxml.jackson.databind.deser.BeanDeserializer.deserialize(BeanDeserializer.java:159)
		at app//com.fasterxml.jackson.databind.ObjectMapper._readMapAndClose(ObjectMapper.java:4013)
		at app//com.fasterxml.jackson.databind.ObjectMapper.readValue(ObjectMapper.java:3023)
		at app//au.com.firemarklabs.nt.NoteDeserializable.deserialize(NoteDeserializable.kt:12)
		at app//au.com.firemarklabs.nt.NoteDeserializable.deserialize(NoteDeserializable.kt:7)
		at app//com.github.kittinunf.fuel.core.ResponseDeserializable$DefaultImpls.deserialize(Deserializable.kt:43)
		at app//au.com.firemarklabs.nt.NoteDeserializable.deserialize(NoteDeserializable.kt:7)
		at app//au.com.firemarklabs.nt.NoteDeserializable.deserialize(NoteDeserializable.kt:7)
		at app//com.github.kittinunf.fuel.core.DeserializableKt.awaitResponse(Deserializable.kt:256)
		at app//au.com.firemarklabs.nt.NTClient$asyncInsert$$inlined$awaitObjectResponse$1.invokeSuspend(Coroutines.kt:68)
		at app//kotlin.coroutines.jvm.internal.BaseContinuationImpl.resumeWith(ContinuationImpl.kt:33)
		at app//kotlinx.coroutines.DispatchedTask.run(DispatchedTask.kt:56)
		at app//kotlinx.coroutines.scheduling.CoroutineScheduler.runSafely(CoroutineScheduler.kt:561)
		at app//kotlinx.coroutines.scheduling.CoroutineScheduler$Worker.executeTask(CoroutineScheduler.kt:727)
		at app//kotlinx.coroutines.scheduling.CoroutineScheduler$Worker.runWorker(CoroutineScheduler.kt:667)
		at app//kotlinx.coroutines.scheduling.CoroutineScheduler$Worker.run(CoroutineScheduler.kt:655)
	Suppressed: Instantiation of [simple type, class au.com.firemarklabs.nt.Note] value failed for JSON property content due to missing (therefore NULL) value for creator parameter content which is a non-nullable type
 at [Source: (String)&quot;{&quot;status&quot;:&quot;success&quot;,&quot;note&quot;:{&quot;tag&quot;:[&quot;performance&quot;],&quot;_id&quot;:&quot;614c1b8aceece30015ab9c7d&quot;,&quot;content&quot;:&quot;Note 51&quot;,&quot;__v&quot;:0}}&quot;; line: 1, column: 112] (through reference chain: au.com.firemarklabs.nt.Note[&quot;content&quot;])
	com.github.kittinunf.fuel.core.FuelError$Companion.wrap(FuelError.kt:86)
	com.github.kittinunf.fuel.core.DeserializableKt.awaitResponse(Deserializable.kt:257)
Caused by: com.fasterxml.jackson.module.kotlin.MissingKotlinParameterException: Instantiation of [simple type, class au.com.firemarklabs.nt.Note] value failed for JSON property content due to missing (therefore NULL) value for creator parameter content which is a non-nullable type
 at [Source: (String)&quot;{&quot;status&quot;:&quot;success&quot;,&quot;note&quot;:{&quot;tag&quot;:[&quot;performance&quot;],&quot;_id&quot;:&quot;614c1b8aceece30015ab9c7d&quot;,&quot;content&quot;:&quot;Note 51&quot;,&quot;__v&quot;:0}}&quot;; line: 1, column: 112] (through reference chain: au.com.firemarklabs.nt.Note[&quot;content&quot;])
	com.fasterxml.jackson.module.kotlin.KotlinValueInstantiator.createFromObjectWith(KotlinValueInstantiator.kt:107)
	com.fasterxml.jackson.databind.deser.impl.PropertyBasedCreator.build(PropertyBasedCreator.java:195)
	com.fasterxml.jackson.databind.deser.BeanDeserializer._deserializeUsingPropertyBased(BeanDeserializer.java:488)
	com.fasterxml.jackson.databind.deser.BeanDeserializerBase.deserializeFromObjectUsingNonDefault(BeanDeserializerBase.java:1287)
	com.fasterxml.jackson.databind.deser.BeanDeserializer.deserializeFromObject(BeanDeserializer.java:326)
	com.fasterxml.jackson.databind.deser.BeanDeserializer.deserialize(BeanDeserializer.java:159)
	com.fasterxml.jackson.databind.ObjectMapper._readMapAndClose(ObjectMapper.java:4013)
	com.fasterxml.jackson.databind.ObjectMapper.readValue(ObjectMapper.java:3023)
	au.com.firemarklabs.nt.NoteDeserializable.deserialize(NoteDeserializable.kt:12)
	au.com.firemarklabs.nt.NoteDeserializable.deserialize(NoteDeserializable.kt:7)
	com.github.kittinunf.fuel.core.ResponseDeserializable$DefaultImpls.deserialize(Deserializable.kt:43)
	au.com.firemarklabs.nt.NoteDeserializable.deserialize(NoteDeserializable.kt:7)
	au.com.firemarklabs.nt.NoteDeserializable.deserialize(NoteDeserializable.kt:7)
	com.github.kittinunf.fuel.core.DeserializableKt.awaitResponse(Deserializable.kt:256)
	au.com.firemarklabs.nt.NTClient$asyncInsert$$inlined$awaitObjectResponse$1.invokeSuspend(Coroutines.kt:68)
	kotlin.coroutines.jvm.internal.BaseContinuationImpl.resumeWith(ContinuationImpl.kt:33)
	kotlinx.coroutines.DispatchedTask.run(DispatchedTask.kt:56)
	kotlinx.coroutines.scheduling.CoroutineScheduler.runSafely(CoroutineScheduler.kt:561)
	kotlinx.coroutines.scheduling.CoroutineScheduler$Worker.executeTask(CoroutineScheduler.kt:727)
	kotlinx.coroutines.scheduling.CoroutineScheduler$Worker.runWorker(CoroutineScheduler.kt:667)
	kotlinx.coroutines.scheduling.CoroutineScheduler$Worker.run(CoroutineScheduler.kt:655)

		... 2 more
	Caused by: com.fasterxml.jackson.module.kotlin.MissingKotlinParameterException: Instantiation of [simple type, class au.com.firemarklabs.nt.Note] value failed for JSON property content due to missing (therefore NULL) value for creator parameter content which is a non-nullable type
 at [Source: (String)&quot;{&quot;status&quot;:&quot;success&quot;,&quot;note&quot;:{&quot;tag&quot;:[&quot;performance&quot;],&quot;_id&quot;:&quot;614c1b8aceece30015ab9c7d&quot;,&quot;content&quot;:&quot;Note 51&quot;,&quot;__v&quot;:0}}&quot;; line: 1, column: 112] (through reference chain: au.com.firemarklabs.nt.Note[&quot;content&quot;])
		at app//com.fasterxml.jackson.module.kotlin.KotlinValueInstantiator.createFromObjectWith(KotlinValueInstantiator.kt:107)
		at app//com.fasterxml.jackson.databind.deser.impl.PropertyBasedCreator.build(PropertyBasedCreator.java:195)
		at app//com.fasterxml.jackson.databind.deser.BeanDeserializer._deserializeUsingPropertyBased(BeanDeserializer.java:488)
		at app//com.fasterxml.jackson.databind.deser.BeanDeserializerBase.deserializeFromObjectUsingNonDefault(BeanDeserializerBase.java:1287)
		at app//com.fasterxml.jackson.databind.deser.BeanDeserializer.deserializeFromObject(BeanDeserializer.java:326)
		at app//com.fasterxml.jackson.databind.deser.BeanDeserializer.deserialize(BeanDeserializer.java:159)
		at app//com.fasterxml.jackson.databind.ObjectMapper._readMapAndClose(ObjectMapper.java:4013)
		at app//com.fasterxml.jackson.databind.ObjectMapper.readValue(ObjectMapper.java:3023)
		at app//au.com.firemarklabs.nt.NoteDeserializable.deserialize(NoteDeserializable.kt:12)
		at app//au.com.firemarklabs.nt.NoteDeserializable.deserialize(NoteDeserializable.kt:7)
		at app//com.github.kittinunf.fuel.core.ResponseDeserializable$DefaultImpls.deserialize(Deserializable.kt:43)
		at app//au.com.firemarklabs.nt.NoteDeserializable.deserialize(NoteDeserializable.kt:7)
		at app//au.com.firemarklabs.nt.NoteDeserializable.deserialize(NoteDeserializable.kt:7)
		at app//com.github.kittinunf.fuel.core.DeserializableKt.awaitResponse(Deserializable.kt:256)
		at app//au.com.firemarklabs.nt.NTClient$asyncInsert$$inlined$awaitObjectResponse$1.invokeSuspend(Coroutines.kt:68)
		at app//kotlin.coroutines.jvm.internal.BaseContinuationImpl.resumeWith(ContinuationImpl.kt:33)
		at app//kotlinx.coroutines.DispatchedTask.run(DispatchedTask.kt:56)
		at app//kotlinx.coroutines.scheduling.CoroutineScheduler.runSafely(CoroutineScheduler.kt:561)
		at app//kotlinx.coroutines.scheduling.CoroutineScheduler$Worker.executeTask(CoroutineScheduler.kt:727)
		at app//kotlinx.coroutines.scheduling.CoroutineScheduler$Worker.runWorker(CoroutineScheduler.kt:667)
		at app//kotlinx.coroutines.scheduling.CoroutineScheduler$Worker.run(CoroutineScheduler.kt:655)
	Suppressed: Instantiation of [simple type, class au.com.firemarklabs.nt.Note] value failed for JSON property content due to missing (therefore NULL) value for creator parameter content which is a non-nullable type
 at [Source: (String)&quot;{&quot;status&quot;:&quot;success&quot;,&quot;note&quot;:{&quot;tag&quot;:[&quot;performance&quot;],&quot;_id&quot;:&quot;614c1b8aceece30015ab9c7e&quot;,&quot;content&quot;:&quot;Note 46&quot;,&quot;__v&quot;:0}}&quot;; line: 1, column: 112] (through reference chain: au.com.firemarklabs.nt.Note[&quot;content&quot;])
	com.github.kittinunf.fuel.core.FuelError$Companion.wrap(FuelError.kt:86)
	com.github.kittinunf.fuel.core.DeserializableKt.awaitResponse(Deserializable.kt:257)
Caused by: com.fasterxml.jackson.module.kotlin.MissingKotlinParameterException: Instantiation of [simple type, class au.com.firemarklabs.nt.Note] value failed for JSON property content due to missing (therefore NULL) value for creator parameter content which is a non-nullable type
 at [Source: (String)&quot;{&quot;status&quot;:&quot;success&quot;,&quot;note&quot;:{&quot;tag&quot;:[&quot;performance&quot;],&quot;_id&quot;:&quot;614c1b8aceece30015ab9c7e&quot;,&quot;content&quot;:&quot;Note 46&quot;,&quot;__v&quot;:0}}&quot;; line: 1, column: 112] (through reference chain: au.com.firemarklabs.nt.Note[&quot;content&quot;])
	com.fasterxml.jackson.module.kotlin.KotlinValueInstantiator.createFromObjectWith(KotlinValueInstantiator.kt:107)
	com.fasterxml.jackson.databind.deser.impl.PropertyBasedCreator.build(PropertyBasedCreator.java:195)
	com.fasterxml.jackson.databind.deser.BeanDeserializer._deserializeUsingPropertyBased(BeanDeserializer.java:488)
	com.fasterxml.jackson.databind.deser.BeanDeserializerBase.deserializeFromObjectUsingNonDefault(BeanDeserializerBase.java:1287)
	com.fasterxml.jackson.databind.deser.BeanDeserializer.deserializeFromObject(BeanDeserializer.java:326)
	com.fasterxml.jackson.databind.deser.BeanDeserializer.deserialize(BeanDeserializer.java:159)
	com.fasterxml.jackson.databind.ObjectMapper._readMapAndClose(ObjectMapper.java:4013)
	com.fasterxml.jackson.databind.ObjectMapper.readValue(ObjectMapper.java:3023)
	au.com.firemarklabs.nt.NoteDeserializable.deserialize(NoteDeserializable.kt:12)
	au.com.firemarklabs.nt.NoteDeserializable.deserialize(NoteDeserializable.kt:7)
	com.github.kittinunf.fuel.core.ResponseDeserializable$DefaultImpls.deserialize(Deserializable.kt:43)
	au.com.firemarklabs.nt.NoteDeserializable.deserialize(NoteDeserializable.kt:7)
	au.com.firemarklabs.nt.NoteDeserializable.deserialize(NoteDeserializable.kt:7)
	com.github.kittinunf.fuel.core.DeserializableKt.awaitResponse(Deserializable.kt:256)
	au.com.firemarklabs.nt.NTClient$asyncInsert$$inlined$awaitObjectResponse$1.invokeSuspend(Coroutines.kt:68)
	kotlin.coroutines.jvm.internal.BaseContinuationImpl.resumeWith(ContinuationImpl.kt:33)
	kotlinx.coroutines.DispatchedTask.run(DispatchedTask.kt:56)
	kotlinx.coroutines.scheduling.CoroutineScheduler.runSafely(CoroutineScheduler.kt:561)
	kotlinx.coroutines.scheduling.CoroutineScheduler$Worker.executeTask(CoroutineScheduler.kt:727)
	kotlinx.coroutines.scheduling.CoroutineScheduler$Worker.runWorker(CoroutineScheduler.kt:667)
	kotlinx.coroutines.scheduling.CoroutineScheduler$Worker.run(CoroutineScheduler.kt:655)

		... 2 more
	Caused by: com.fasterxml.jackson.module.kotlin.MissingKotlinParameterException: Instantiation of [simple type, class au.com.firemarklabs.nt.Note] value failed for JSON property content due to missing (therefore NULL) value for creator parameter content which is a non-nullable type
 at [Source: (String)&quot;{&quot;status&quot;:&quot;success&quot;,&quot;note&quot;:{&quot;tag&quot;:[&quot;performance&quot;],&quot;_id&quot;:&quot;614c1b8aceece30015ab9c7e&quot;,&quot;content&quot;:&quot;Note 46&quot;,&quot;__v&quot;:0}}&quot;; line: 1, column: 112] (through reference chain: au.com.firemarklabs.nt.Note[&quot;content&quot;])
		at app//com.fasterxml.jackson.module.kotlin.KotlinValueInstantiator.createFromObjectWith(KotlinValueInstantiator.kt:107)
		at app//com.fasterxml.jackson.databind.deser.impl.PropertyBasedCreator.build(PropertyBasedCreator.java:195)
		at app//com.fasterxml.jackson.databind.deser.BeanDeserializer._deserializeUsingPropertyBased(BeanDeserializer.java:488)
		at app//com.fasterxml.jackson.databind.deser.BeanDeserializerBase.deserializeFromObjectUsingNonDefault(BeanDeserializerBase.java:1287)
		at app//com.fasterxml.jackson.databind.deser.BeanDeserializer.deserializeFromObject(BeanDeserializer.java:326)
		at app//com.fasterxml.jackson.databind.deser.BeanDeserializer.deserialize(BeanDeserializer.java:159)
		at app//com.fasterxml.jackson.databind.ObjectMapper._readMapAndClose(ObjectMapper.java:4013)
		at app//com.fasterxml.jackson.databind.ObjectMapper.readValue(ObjectMapper.java:3023)
		at app//au.com.firemarklabs.nt.NoteDeserializable.deserialize(NoteDeserializable.kt:12)
		at app//au.com.firemarklabs.nt.NoteDeserializable.deserialize(NoteDeserializable.kt:7)
		at app//com.github.kittinunf.fuel.core.ResponseDeserializable$DefaultImpls.deserialize(Deserializable.kt:43)
		at app//au.com.firemarklabs.nt.NoteDeserializable.deserialize(NoteDeserializable.kt:7)
		at app//au.com.firemarklabs.nt.NoteDeserializable.deserialize(NoteDeserializable.kt:7)
		at app//com.github.kittinunf.fuel.core.DeserializableKt.awaitResponse(Deserializable.kt:256)
		at app//au.com.firemarklabs.nt.NTClient$asyncInsert$$inlined$awaitObjectResponse$1.invokeSuspend(Coroutines.kt:68)
		at app//kotlin.coroutines.jvm.internal.BaseContinuationImpl.resumeWith(ContinuationImpl.kt:33)
		at app//kotlinx.coroutines.DispatchedTask.run(DispatchedTask.kt:56)
		at app//kotlinx.coroutines.scheduling.CoroutineScheduler.runSafely(CoroutineScheduler.kt:561)
		at app//kotlinx.coroutines.scheduling.CoroutineScheduler$Worker.executeTask(CoroutineScheduler.kt:727)
		at app//kotlinx.coroutines.scheduling.CoroutineScheduler$Worker.runWorker(CoroutineScheduler.kt:667)
		at app//kotlinx.coroutines.scheduling.CoroutineScheduler$Worker.run(CoroutineScheduler.kt:655)
	Suppressed: Instantiation of [simple type, class au.com.firemarklabs.nt.Note] value failed for JSON property content due to missing (therefore NULL) value for creator parameter content which is a non-nullable type
 at [Source: (String)&quot;{&quot;status&quot;:&quot;success&quot;,&quot;note&quot;:{&quot;tag&quot;:[&quot;performance&quot;],&quot;_id&quot;:&quot;614c1b8aceece30015ab9c7f&quot;,&quot;content&quot;:&quot;Note 47&quot;,&quot;__v&quot;:0}}&quot;; line: 1, column: 112] (through reference chain: au.com.firemarklabs.nt.Note[&quot;content&quot;])
	com.github.kittinunf.fuel.core.FuelError$Companion.wrap(FuelError.kt:86)
	com.github.kittinunf.fuel.core.DeserializableKt.awaitResponse(Deserializable.kt:257)
Caused by: com.fasterxml.jackson.module.kotlin.MissingKotlinParameterException: Instantiation of [simple type, class au.com.firemarklabs.nt.Note] value failed for JSON property content due to missing (therefore NULL) value for creator parameter content which is a non-nullable type
 at [Source: (String)&quot;{&quot;status&quot;:&quot;success&quot;,&quot;note&quot;:{&quot;tag&quot;:[&quot;performance&quot;],&quot;_id&quot;:&quot;614c1b8aceece30015ab9c7f&quot;,&quot;content&quot;:&quot;Note 47&quot;,&quot;__v&quot;:0}}&quot;; line: 1, column: 112] (through reference chain: au.com.firemarklabs.nt.Note[&quot;content&quot;])
	com.fasterxml.jackson.module.kotlin.KotlinValueInstantiator.createFromObjectWith(KotlinValueInstantiator.kt:107)
	com.fasterxml.jackson.databind.deser.impl.PropertyBasedCreator.build(PropertyBasedCreator.java:195)
	com.fasterxml.jackson.databind.deser.BeanDeserializer._deserializeUsingPropertyBased(BeanDeserializer.java:488)
	com.fasterxml.jackson.databind.deser.BeanDeserializerBase.deserializeFromObjectUsingNonDefault(BeanDeserializerBase.java:1287)
	com.fasterxml.jackson.databind.deser.BeanDeserializer.deserializeFromObject(BeanDeserializer.java:326)
	com.fasterxml.jackson.databind.deser.BeanDeserializer.deserialize(BeanDeserializer.java:159)
	com.fasterxml.jackson.databind.ObjectMapper._readMapAndClose(ObjectMapper.java:4013)
	com.fasterxml.jackson.databind.ObjectMapper.readValue(ObjectMapper.java:3023)
	au.com.firemarklabs.nt.NoteDeserializable.deserialize(NoteDeserializable.kt:12)
	au.com.firemarklabs.nt.NoteDeserializable.deserialize(NoteDeserializable.kt:7)
	com.github.kittinunf.fuel.core.ResponseDeserializable$DefaultImpls.deserialize(Deserializable.kt:43)
	au.com.firemarklabs.nt.NoteDeserializable.deserialize(NoteDeserializable.kt:7)
	au.com.firemarklabs.nt.NoteDeserializable.deserialize(NoteDeserializable.kt:7)
	com.github.kittinunf.fuel.core.DeserializableKt.awaitResponse(Deserializable.kt:256)
	au.com.firemarklabs.nt.NTClient$asyncInsert$$inlined$awaitObjectResponse$1.invokeSuspend(Coroutines.kt:68)
	kotlin.coroutines.jvm.internal.BaseContinuationImpl.resumeWith(ContinuationImpl.kt:33)
	kotlinx.coroutines.DispatchedTask.run(DispatchedTask.kt:56)
	kotlinx.coroutines.scheduling.CoroutineScheduler.runSafely(CoroutineScheduler.kt:561)
	kotlinx.coroutines.scheduling.CoroutineScheduler$Worker.executeTask(CoroutineScheduler.kt:727)
	kotlinx.coroutines.scheduling.CoroutineScheduler$Worker.runWorker(CoroutineScheduler.kt:667)
	kotlinx.coroutines.scheduling.CoroutineScheduler$Worker.run(CoroutineScheduler.kt:655)

		... 2 more
	Caused by: com.fasterxml.jackson.module.kotlin.MissingKotlinParameterException: Instantiation of [simple type, class au.com.firemarklabs.nt.Note] value failed for JSON property content due to missing (therefore NULL) value for creator parameter content which is a non-nullable type
 at [Source: (String)&quot;{&quot;status&quot;:&quot;success&quot;,&quot;note&quot;:{&quot;tag&quot;:[&quot;performance&quot;],&quot;_id&quot;:&quot;614c1b8aceece30015ab9c7f&quot;,&quot;content&quot;:&quot;Note 47&quot;,&quot;__v&quot;:0}}&quot;; line: 1, column: 112] (through reference chain: au.com.firemarklabs.nt.Note[&quot;content&quot;])
		at app//com.fasterxml.jackson.module.kotlin.KotlinValueInstantiator.createFromObjectWith(KotlinValueInstantiator.kt:107)
		at app//com.fasterxml.jackson.databind.deser.impl.PropertyBasedCreator.build(PropertyBasedCreator.java:195)
		at app//com.fasterxml.jackson.databind.deser.BeanDeserializer._deserializeUsingPropertyBased(BeanDeserializer.java:488)
		at app//com.fasterxml.jackson.databind.deser.BeanDeserializerBase.deserializeFromObjectUsingNonDefault(BeanDeserializerBase.java:1287)
		at app//com.fasterxml.jackson.databind.deser.BeanDeserializer.deserializeFromObject(BeanDeserializer.java:326)
		at app//com.fasterxml.jackson.databind.deser.BeanDeserializer.deserialize(BeanDeserializer.java:159)
		at app//com.fasterxml.jackson.databind.ObjectMapper._readMapAndClose(ObjectMapper.java:4013)
		at app//com.fasterxml.jackson.databind.ObjectMapper.readValue(ObjectMapper.java:3023)
		at app//au.com.firemarklabs.nt.NoteDeserializable.deserialize(NoteDeserializable.kt:12)
		at app//au.com.firemarklabs.nt.NoteDeserializable.deserialize(NoteDeserializable.kt:7)
		at app//com.github.kittinunf.fuel.core.ResponseDeserializable$DefaultImpls.deserialize(Deserializable.kt:43)
		at app//au.com.firemarklabs.nt.NoteDeserializable.deserialize(NoteDeserializable.kt:7)
		at app//au.com.firemarklabs.nt.NoteDeserializable.deserialize(NoteDeserializable.kt:7)
		at app//com.github.kittinunf.fuel.core.DeserializableKt.awaitResponse(Deserializable.kt:256)
		at app//au.com.firemarklabs.nt.NTClient$asyncInsert$$inlined$awaitObjectResponse$1.invokeSuspend(Coroutines.kt:68)
		at app//kotlin.coroutines.jvm.internal.BaseContinuationImpl.resumeWith(ContinuationImpl.kt:33)
		at app//kotlinx.coroutines.DispatchedTask.run(DispatchedTask.kt:56)
		at app//kotlinx.coroutines.scheduling.CoroutineScheduler.runSafely(CoroutineScheduler.kt:561)
		at app//kotlinx.coroutines.scheduling.CoroutineScheduler$Worker.executeTask(CoroutineScheduler.kt:727)
		at app//kotlinx.coroutines.scheduling.CoroutineScheduler$Worker.runWorker(CoroutineScheduler.kt:667)
		at app//kotlinx.coroutines.scheduling.CoroutineScheduler$Worker.run(CoroutineScheduler.kt:655)
	Suppressed: Instantiation of [simple type, class au.com.firemarklabs.nt.Note] value failed for JSON property content due to missing (therefore NULL) value for creator parameter content which is a non-nullable type
 at [Source: (String)&quot;{&quot;status&quot;:&quot;success&quot;,&quot;note&quot;:{&quot;tag&quot;:[&quot;performance&quot;],&quot;_id&quot;:&quot;614c1b8aceece30015ab9c80&quot;,&quot;content&quot;:&quot;Note 52&quot;,&quot;__v&quot;:0}}&quot;; line: 1, column: 112] (through reference chain: au.com.firemarklabs.nt.Note[&quot;content&quot;])
	com.github.kittinunf.fuel.core.FuelError$Companion.wrap(FuelError.kt:86)
	com.github.kittinunf.fuel.core.DeserializableKt.awaitResponse(Deserializable.kt:257)
Caused by: com.fasterxml.jackson.module.kotlin.MissingKotlinParameterException: Instantiation of [simple type, class au.com.firemarklabs.nt.Note] value failed for JSON property content due to missing (therefore NULL) value for creator parameter content which is a non-nullable type
 at [Source: (String)&quot;{&quot;status&quot;:&quot;success&quot;,&quot;note&quot;:{&quot;tag&quot;:[&quot;performance&quot;],&quot;_id&quot;:&quot;614c1b8aceece30015ab9c80&quot;,&quot;content&quot;:&quot;Note 52&quot;,&quot;__v&quot;:0}}&quot;; line: 1, column: 112] (through reference chain: au.com.firemarklabs.nt.Note[&quot;content&quot;])
	com.fasterxml.jackson.module.kotlin.KotlinValueInstantiator.createFromObjectWith(KotlinValueInstantiator.kt:107)
	com.fasterxml.jackson.databind.deser.impl.PropertyBasedCreator.build(PropertyBasedCreator.java:195)
	com.fasterxml.jackson.databind.deser.BeanDeserializer._deserializeUsingPropertyBased(BeanDeserializer.java:488)
	com.fasterxml.jackson.databind.deser.BeanDeserializerBase.deserializeFromObjectUsingNonDefault(BeanDeserializerBase.java:1287)
	com.fasterxml.jackson.databind.deser.BeanDeserializer.deserializeFromObject(BeanDeserializer.java:326)
	com.fasterxml.jackson.databind.deser.BeanDeserializer.deserialize(BeanDeserializer.java:159)
	com.fasterxml.jackson.databind.ObjectMapper._readMapAndClose(ObjectMapper.java:4013)
	com.fasterxml.jackson.databind.ObjectMapper.readValue(ObjectMapper.java:3023)
	au.com.firemarklabs.nt.NoteDeserializable.deserialize(NoteDeserializable.kt:12)
	au.com.firemarklabs.nt.NoteDeserializable.deserialize(NoteDeserializable.kt:7)
	com.github.kittinunf.fuel.core.ResponseDeserializable$DefaultImpls.deserialize(Deserializable.kt:43)
	au.com.firemarklabs.nt.NoteDeserializable.deserialize(NoteDeserializable.kt:7)
	au.com.firemarklabs.nt.NoteDeserializable.deserialize(NoteDeserializable.kt:7)
	com.github.kittinunf.fuel.core.DeserializableKt.awaitResponse(Deserializable.kt:256)
	au.com.firemarklabs.nt.NTClient$asyncInsert$$inlined$awaitObjectResponse$1.invokeSuspend(Coroutines.kt:68)
	kotlin.coroutines.jvm.internal.BaseContinuationImpl.resumeWith(ContinuationImpl.kt:33)
	kotlinx.coroutines.DispatchedTask.run(DispatchedTask.kt:56)
	kotlinx.coroutines.scheduling.CoroutineScheduler.runSafely(CoroutineScheduler.kt:561)
	kotlinx.coroutines.scheduling.CoroutineScheduler$Worker.executeTask(CoroutineScheduler.kt:727)
	kotlinx.coroutines.scheduling.CoroutineScheduler$Worker.runWorker(CoroutineScheduler.kt:667)
	kotlinx.coroutines.scheduling.CoroutineScheduler$Worker.run(CoroutineScheduler.kt:655)

		... 2 more
	Caused by: com.fasterxml.jackson.module.kotlin.MissingKotlinParameterException: Instantiation of [simple type, class au.com.firemarklabs.nt.Note] value failed for JSON property content due to missing (therefore NULL) value for creator parameter content which is a non-nullable type
 at [Source: (String)&quot;{&quot;status&quot;:&quot;success&quot;,&quot;note&quot;:{&quot;tag&quot;:[&quot;performance&quot;],&quot;_id&quot;:&quot;614c1b8aceece30015ab9c80&quot;,&quot;content&quot;:&quot;Note 52&quot;,&quot;__v&quot;:0}}&quot;; line: 1, column: 112] (through reference chain: au.com.firemarklabs.nt.Note[&quot;content&quot;])
		at app//com.fasterxml.jackson.module.kotlin.KotlinValueInstantiator.createFromObjectWith(KotlinValueInstantiator.kt:107)
		at app//com.fasterxml.jackson.databind.deser.impl.PropertyBasedCreator.build(PropertyBasedCreator.java:195)
		at app//com.fasterxml.jackson.databind.deser.BeanDeserializer._deserializeUsingPropertyBased(BeanDeserializer.java:488)
		at app//com.fasterxml.jackson.databind.deser.BeanDeserializerBase.deserializeFromObjectUsingNonDefault(BeanDeserializerBase.java:1287)
		at app//com.fasterxml.jackson.databind.deser.BeanDeserializer.deserializeFromObject(BeanDeserializer.java:326)
		at app//com.fasterxml.jackson.databind.deser.BeanDeserializer.deserialize(BeanDeserializer.java:159)
		at app//com.fasterxml.jackson.databind.ObjectMapper._readMapAndClose(ObjectMapper.java:4013)
		at app//com.fasterxml.jackson.databind.ObjectMapper.readValue(ObjectMapper.java:3023)
		at app//au.com.firemarklabs.nt.NoteDeserializable.deserialize(NoteDeserializable.kt:12)
		at app//au.com.firemarklabs.nt.NoteDeserializable.deserialize(NoteDeserializable.kt:7)
		at app//com.github.kittinunf.fuel.core.ResponseDeserializable$DefaultImpls.deserialize(Deserializable.kt:43)
		at app//au.com.firemarklabs.nt.NoteDeserializable.deserialize(NoteDeserializable.kt:7)
		at app//au.com.firemarklabs.nt.NoteDeserializable.deserialize(NoteDeserializable.kt:7)
		at app//com.github.kittinunf.fuel.core.DeserializableKt.awaitResponse(Deserializable.kt:256)
		at app//au.com.firemarklabs.nt.NTClient$asyncInsert$$inlined$awaitObjectResponse$1.invokeSuspend(Coroutines.kt:68)
		at app//kotlin.coroutines.jvm.internal.BaseContinuationImpl.resumeWith(ContinuationImpl.kt:33)
		at app//kotlinx.coroutines.DispatchedTask.run(DispatchedTask.kt:56)
		at app//kotlinx.coroutines.scheduling.CoroutineScheduler.runSafely(CoroutineScheduler.kt:561)
		at app//kotlinx.coroutines.scheduling.CoroutineScheduler$Worker.executeTask(CoroutineScheduler.kt:727)
		at app//kotlinx.coroutines.scheduling.CoroutineScheduler$Worker.runWorker(CoroutineScheduler.kt:667)
		at app//kotlinx.coroutines.scheduling.CoroutineScheduler$Worker.run(CoroutineScheduler.kt:655)
	Suppressed: Instantiation of [simple type, class au.com.firemarklabs.nt.Note] value failed for JSON property content due to missing (therefore NULL) value for creator parameter content which is a non-nullable type
 at [Source: (String)&quot;{&quot;status&quot;:&quot;success&quot;,&quot;note&quot;:{&quot;tag&quot;:[&quot;performance&quot;],&quot;_id&quot;:&quot;614c1b8aceece30015ab9c81&quot;,&quot;content&quot;:&quot;Note 48&quot;,&quot;__v&quot;:0}}&quot;; line: 1, column: 112] (through reference chain: au.com.firemarklabs.nt.Note[&quot;content&quot;])
	com.github.kittinunf.fuel.core.FuelError$Companion.wrap(FuelError.kt:86)
	com.github.kittinunf.fuel.core.DeserializableKt.awaitResponse(Deserializable.kt:257)
Caused by: com.fasterxml.jackson.module.kotlin.MissingKotlinParameterException: Instantiation of [simple type, class au.com.firemarklabs.nt.Note] value failed for JSON property content due to missing (therefore NULL) value for creator parameter content which is a non-nullable type
 at [Source: (String)&quot;{&quot;status&quot;:&quot;success&quot;,&quot;note&quot;:{&quot;tag&quot;:[&quot;performance&quot;],&quot;_id&quot;:&quot;614c1b8aceece30015ab9c81&quot;,&quot;content&quot;:&quot;Note 48&quot;,&quot;__v&quot;:0}}&quot;; line: 1, column: 112] (through reference chain: au.com.firemarklabs.nt.Note[&quot;content&quot;])
	com.fasterxml.jackson.module.kotlin.KotlinValueInstantiator.createFromObjectWith(KotlinValueInstantiator.kt:107)
	com.fasterxml.jackson.databind.deser.impl.PropertyBasedCreator.build(PropertyBasedCreator.java:195)
	com.fasterxml.jackson.databind.deser.BeanDeserializer._deserializeUsingPropertyBased(BeanDeserializer.java:488)
	com.fasterxml.jackson.databind.deser.BeanDeserializerBase.deserializeFromObjectUsingNonDefault(BeanDeserializerBase.java:1287)
	com.fasterxml.jackson.databind.deser.BeanDeserializer.deserializeFromObject(BeanDeserializer.java:326)
	com.fasterxml.jackson.databind.deser.BeanDeserializer.deserialize(BeanDeserializer.java:159)
	com.fasterxml.jackson.databind.ObjectMapper._readMapAndClose(ObjectMapper.java:4013)
	com.fasterxml.jackson.databind.ObjectMapper.readValue(ObjectMapper.java:3023)
	au.com.firemarklabs.nt.NoteDeserializable.deserialize(NoteDeserializable.kt:12)
	au.com.firemarklabs.nt.NoteDeserializable.deserialize(NoteDeserializable.kt:7)
	com.github.kittinunf.fuel.core.ResponseDeserializable$DefaultImpls.deserialize(Deserializable.kt:43)
	au.com.firemarklabs.nt.NoteDeserializable.deserialize(NoteDeserializable.kt:7)
	au.com.firemarklabs.nt.NoteDeserializable.deserialize(NoteDeserializable.kt:7)
	com.github.kittinunf.fuel.core.DeserializableKt.awaitResponse(Deserializable.kt:256)
	au.com.firemarklabs.nt.NTClient$asyncInsert$$inlined$awaitObjectResponse$1.invokeSuspend(Coroutines.kt:68)
	kotlin.coroutines.jvm.internal.BaseContinuationImpl.resumeWith(ContinuationImpl.kt:33)
	kotlinx.coroutines.DispatchedTask.run(DispatchedTask.kt:56)
	kotlinx.coroutines.scheduling.CoroutineScheduler.runSafely(CoroutineScheduler.kt:561)
	kotlinx.coroutines.scheduling.CoroutineScheduler$Worker.executeTask(CoroutineScheduler.kt:727)
	kotlinx.coroutines.scheduling.CoroutineScheduler$Worker.runWorker(CoroutineScheduler.kt:667)
	kotlinx.coroutines.scheduling.CoroutineScheduler$Worker.run(CoroutineScheduler.kt:655)

		... 2 more
	Caused by: com.fasterxml.jackson.module.kotlin.MissingKotlinParameterException: Instantiation of [simple type, class au.com.firemarklabs.nt.Note] value failed for JSON property content due to missing (therefore NULL) value for creator parameter content which is a non-nullable type
 at [Source: (String)&quot;{&quot;status&quot;:&quot;success&quot;,&quot;note&quot;:{&quot;tag&quot;:[&quot;performance&quot;],&quot;_id&quot;:&quot;614c1b8aceece30015ab9c81&quot;,&quot;content&quot;:&quot;Note 48&quot;,&quot;__v&quot;:0}}&quot;; line: 1, column: 112] (through reference chain: au.com.firemarklabs.nt.Note[&quot;content&quot;])
		at app//com.fasterxml.jackson.module.kotlin.KotlinValueInstantiator.createFromObjectWith(KotlinValueInstantiator.kt:107)
		at app//com.fasterxml.jackson.databind.deser.impl.PropertyBasedCreator.build(PropertyBasedCreator.java:195)
		at app//com.fasterxml.jackson.databind.deser.BeanDeserializer._deserializeUsingPropertyBased(BeanDeserializer.java:488)
		at app//com.fasterxml.jackson.databind.deser.BeanDeserializerBase.deserializeFromObjectUsingNonDefault(BeanDeserializerBase.java:1287)
		at app//com.fasterxml.jackson.databind.deser.BeanDeserializer.deserializeFromObject(BeanDeserializer.java:326)
		at app//com.fasterxml.jackson.databind.deser.BeanDeserializer.deserialize(BeanDeserializer.java:159)
		at app//com.fasterxml.jackson.databind.ObjectMapper._readMapAndClose(ObjectMapper.java:4013)
		at app//com.fasterxml.jackson.databind.ObjectMapper.readValue(ObjectMapper.java:3023)
		at app//au.com.firemarklabs.nt.NoteDeserializable.deserialize(NoteDeserializable.kt:12)
		at app//au.com.firemarklabs.nt.NoteDeserializable.deserialize(NoteDeserializable.kt:7)
		at app//com.github.kittinunf.fuel.core.ResponseDeserializable$DefaultImpls.deserialize(Deserializable.kt:43)
		at app//au.com.firemarklabs.nt.NoteDeserializable.deserialize(NoteDeserializable.kt:7)
		at app//au.com.firemarklabs.nt.NoteDeserializable.deserialize(NoteDeserializable.kt:7)
		at app//com.github.kittinunf.fuel.core.DeserializableKt.awaitResponse(Deserializable.kt:256)
		at app//au.com.firemarklabs.nt.NTClient$asyncInsert$$inlined$awaitObjectResponse$1.invokeSuspend(Coroutines.kt:68)
		at app//kotlin.coroutines.jvm.internal.BaseContinuationImpl.resumeWith(ContinuationImpl.kt:33)
		at app//kotlinx.coroutines.DispatchedTask.run(DispatchedTask.kt:56)
		at app//kotlinx.coroutines.scheduling.CoroutineScheduler.runSafely(CoroutineScheduler.kt:561)
		at app//kotlinx.coroutines.scheduling.CoroutineScheduler$Worker.executeTask(CoroutineScheduler.kt:727)
		at app//kotlinx.coroutines.scheduling.CoroutineScheduler$Worker.runWorker(CoroutineScheduler.kt:667)
		at app//kotlinx.coroutines.scheduling.CoroutineScheduler$Worker.run(CoroutineScheduler.kt:655)
	Suppressed: Instantiation of [simple type, class au.com.firemarklabs.nt.Note] value failed for JSON property content due to missing (therefore NULL) value for creator parameter content which is a non-nullable type
 at [Source: (String)&quot;{&quot;status&quot;:&quot;success&quot;,&quot;note&quot;:{&quot;tag&quot;:[&quot;performance&quot;],&quot;_id&quot;:&quot;614c1b8aceece30015ab9c82&quot;,&quot;content&quot;:&quot;Note 53&quot;,&quot;__v&quot;:0}}&quot;; line: 1, column: 112] (through reference chain: au.com.firemarklabs.nt.Note[&quot;content&quot;])
	com.github.kittinunf.fuel.core.FuelError$Companion.wrap(FuelError.kt:86)
	com.github.kittinunf.fuel.core.DeserializableKt.awaitResponse(Deserializable.kt:257)
Caused by: com.fasterxml.jackson.module.kotlin.MissingKotlinParameterException: Instantiation of [simple type, class au.com.firemarklabs.nt.Note] value failed for JSON property content due to missing (therefore NULL) value for creator parameter content which is a non-nullable type
 at [Source: (String)&quot;{&quot;status&quot;:&quot;success&quot;,&quot;note&quot;:{&quot;tag&quot;:[&quot;performance&quot;],&quot;_id&quot;:&quot;614c1b8aceece30015ab9c82&quot;,&quot;content&quot;:&quot;Note 53&quot;,&quot;__v&quot;:0}}&quot;; line: 1, column: 112] (through reference chain: au.com.firemarklabs.nt.Note[&quot;content&quot;])
	com.fasterxml.jackson.module.kotlin.KotlinValueInstantiator.createFromObjectWith(KotlinValueInstantiator.kt:107)
	com.fasterxml.jackson.databind.deser.impl.PropertyBasedCreator.build(PropertyBasedCreator.java:195)
	com.fasterxml.jackson.databind.deser.BeanDeserializer._deserializeUsingPropertyBased(BeanDeserializer.java:488)
	com.fasterxml.jackson.databind.deser.BeanDeserializerBase.deserializeFromObjectUsingNonDefault(BeanDeserializerBase.java:1287)
	com.fasterxml.jackson.databind.deser.BeanDeserializer.deserializeFromObject(BeanDeserializer.java:326)
	com.fasterxml.jackson.databind.deser.BeanDeserializer.deserialize(BeanDeserializer.java:159)
	com.fasterxml.jackson.databind.ObjectMapper._readMapAndClose(ObjectMapper.java:4013)
	com.fasterxml.jackson.databind.ObjectMapper.readValue(ObjectMapper.java:3023)
	au.com.firemarklabs.nt.NoteDeserializable.deserialize(NoteDeserializable.kt:12)
	au.com.firemarklabs.nt.NoteDeserializable.deserialize(NoteDeserializable.kt:7)
	com.github.kittinunf.fuel.core.ResponseDeserializable$DefaultImpls.deserialize(Deserializable.kt:43)
	au.com.firemarklabs.nt.NoteDeserializable.deserialize(NoteDeserializable.kt:7)
	au.com.firemarklabs.nt.NoteDeserializable.deserialize(NoteDeserializable.kt:7)
	com.github.kittinunf.fuel.core.DeserializableKt.awaitResponse(Deserializable.kt:256)
	au.com.firemarklabs.nt.NTClient$asyncInsert$$inlined$awaitObjectResponse$1.invokeSuspend(Coroutines.kt:68)
	kotlin.coroutines.jvm.internal.BaseContinuationImpl.resumeWith(ContinuationImpl.kt:33)
	kotlinx.coroutines.DispatchedTask.run(DispatchedTask.kt:56)
	kotlinx.coroutines.scheduling.CoroutineScheduler.runSafely(CoroutineScheduler.kt:561)
	kotlinx.coroutines.scheduling.CoroutineScheduler$Worker.executeTask(CoroutineScheduler.kt:727)
	kotlinx.coroutines.scheduling.CoroutineScheduler$Worker.runWorker(CoroutineScheduler.kt:667)
	kotlinx.coroutines.scheduling.CoroutineScheduler$Worker.run(CoroutineScheduler.kt:655)

		... 2 more
	Caused by: com.fasterxml.jackson.module.kotlin.MissingKotlinParameterException: Instantiation of [simple type, class au.com.firemarklabs.nt.Note] value failed for JSON property content due to missing (therefore NULL) value for creator parameter content which is a non-nullable type
 at [Source: (String)&quot;{&quot;status&quot;:&quot;success&quot;,&quot;note&quot;:{&quot;tag&quot;:[&quot;performance&quot;],&quot;_id&quot;:&quot;614c1b8aceece30015ab9c82&quot;,&quot;content&quot;:&quot;Note 53&quot;,&quot;__v&quot;:0}}&quot;; line: 1, column: 112] (through reference chain: au.com.firemarklabs.nt.Note[&quot;content&quot;])
		at app//com.fasterxml.jackson.module.kotlin.KotlinValueInstantiator.createFromObjectWith(KotlinValueInstantiator.kt:107)
		at app//com.fasterxml.jackson.databind.deser.impl.PropertyBasedCreator.build(PropertyBasedCreator.java:195)
		at app//com.fasterxml.jackson.databind.deser.BeanDeserializer._deserializeUsingPropertyBased(BeanDeserializer.java:488)
		at app//com.fasterxml.jackson.databind.deser.BeanDeserializerBase.deserializeFromObjectUsingNonDefault(BeanDeserializerBase.java:1287)
		at app//com.fasterxml.jackson.databind.deser.BeanDeserializer.deserializeFromObject(BeanDeserializer.java:326)
		at app//com.fasterxml.jackson.databind.deser.BeanDeserializer.deserialize(BeanDeserializer.java:159)
		at app//com.fasterxml.jackson.databind.ObjectMapper._readMapAndClose(ObjectMapper.java:4013)
		at app//com.fasterxml.jackson.databind.ObjectMapper.readValue(ObjectMapper.java:3023)
		at app//au.com.firemarklabs.nt.NoteDeserializable.deserialize(NoteDeserializable.kt:12)
		at app//au.com.firemarklabs.nt.NoteDeserializable.deserialize(NoteDeserializable.kt:7)
		at app//com.github.kittinunf.fuel.core.ResponseDeserializable$DefaultImpls.deserialize(Deserializable.kt:43)
		at app//au.com.firemarklabs.nt.NoteDeserializable.deserialize(NoteDeserializable.kt:7)
		at app//au.com.firemarklabs.nt.NoteDeserializable.deserialize(NoteDeserializable.kt:7)
		at app//com.github.kittinunf.fuel.core.DeserializableKt.awaitResponse(Deserializable.kt:256)
		at app//au.com.firemarklabs.nt.NTClient$asyncInsert$$inlined$awaitObjectResponse$1.invokeSuspend(Coroutines.kt:68)
		at app//kotlin.coroutines.jvm.internal.BaseContinuationImpl.resumeWith(ContinuationImpl.kt:33)
		at app//kotlinx.coroutines.DispatchedTask.run(DispatchedTask.kt:56)
		at app//kotlinx.coroutines.scheduling.CoroutineScheduler.runSafely(CoroutineScheduler.kt:561)
		at app//kotlinx.coroutines.scheduling.CoroutineScheduler$Worker.executeTask(CoroutineScheduler.kt:727)
		at app//kotlinx.coroutines.scheduling.CoroutineScheduler$Worker.runWorker(CoroutineScheduler.kt:667)
		at app//kotlinx.coroutines.scheduling.CoroutineScheduler$Worker.run(CoroutineScheduler.kt:655)
	Suppressed: Instantiation of [simple type, class au.com.firemarklabs.nt.Note] value failed for JSON property content due to missing (therefore NULL) value for creator parameter content which is a non-nullable type
 at [Source: (String)&quot;{&quot;status&quot;:&quot;success&quot;,&quot;note&quot;:{&quot;tag&quot;:[&quot;performance&quot;],&quot;_id&quot;:&quot;614c1b8aceece30015ab9c83&quot;,&quot;content&quot;:&quot;Note 49&quot;,&quot;__v&quot;:0}}&quot;; line: 1, column: 112] (through reference chain: au.com.firemarklabs.nt.Note[&quot;content&quot;])
	com.github.kittinunf.fuel.core.FuelError$Companion.wrap(FuelError.kt:86)
	com.github.kittinunf.fuel.core.DeserializableKt.awaitResponse(Deserializable.kt:257)
Caused by: com.fasterxml.jackson.module.kotlin.MissingKotlinParameterException: Instantiation of [simple type, class au.com.firemarklabs.nt.Note] value failed for JSON property content due to missing (therefore NULL) value for creator parameter content which is a non-nullable type
 at [Source: (String)&quot;{&quot;status&quot;:&quot;success&quot;,&quot;note&quot;:{&quot;tag&quot;:[&quot;performance&quot;],&quot;_id&quot;:&quot;614c1b8aceece30015ab9c83&quot;,&quot;content&quot;:&quot;Note 49&quot;,&quot;__v&quot;:0}}&quot;; line: 1, column: 112] (through reference chain: au.com.firemarklabs.nt.Note[&quot;content&quot;])
	com.fasterxml.jackson.module.kotlin.KotlinValueInstantiator.createFromObjectWith(KotlinValueInstantiator.kt:107)
	com.fasterxml.jackson.databind.deser.impl.PropertyBasedCreator.build(PropertyBasedCreator.java:195)
	com.fasterxml.jackson.databind.deser.BeanDeserializer._deserializeUsingPropertyBased(BeanDeserializer.java:488)
	com.fasterxml.jackson.databind.deser.BeanDeserializerBase.deserializeFromObjectUsingNonDefault(BeanDeserializerBase.java:1287)
	com.fasterxml.jackson.databind.deser.BeanDeserializer.deserializeFromObject(BeanDeserializer.java:326)
	com.fasterxml.jackson.databind.deser.BeanDeserializer.deserialize(BeanDeserializer.java:159)
	com.fasterxml.jackson.databind.ObjectMapper._readMapAndClose(ObjectMapper.java:4013)
	com.fasterxml.jackson.databind.ObjectMapper.readValue(ObjectMapper.java:3023)
	au.com.firemarklabs.nt.NoteDeserializable.deserialize(NoteDeserializable.kt:12)
	au.com.firemarklabs.nt.NoteDeserializable.deserialize(NoteDeserializable.kt:7)
	com.github.kittinunf.fuel.core.ResponseDeserializable$DefaultImpls.deserialize(Deserializable.kt:43)
	au.com.firemarklabs.nt.NoteDeserializable.deserialize(NoteDeserializable.kt:7)
	au.com.firemarklabs.nt.NoteDeserializable.deserialize(NoteDeserializable.kt:7)
	com.github.kittinunf.fuel.core.DeserializableKt.awaitResponse(Deserializable.kt:256)
	au.com.firemarklabs.nt.NTClient$asyncInsert$$inlined$awaitObjectResponse$1.invokeSuspend(Coroutines.kt:68)
	kotlin.coroutines.jvm.internal.BaseContinuationImpl.resumeWith(ContinuationImpl.kt:33)
	kotlinx.coroutines.DispatchedTask.run(DispatchedTask.kt:56)
	kotlinx.coroutines.scheduling.CoroutineScheduler.runSafely(CoroutineScheduler.kt:561)
	kotlinx.coroutines.scheduling.CoroutineScheduler$Worker.executeTask(CoroutineScheduler.kt:727)
	kotlinx.coroutines.scheduling.CoroutineScheduler$Worker.runWorker(CoroutineScheduler.kt:667)
	kotlinx.coroutines.scheduling.CoroutineScheduler$Worker.run(CoroutineScheduler.kt:655)

		... 2 more
	Caused by: com.fasterxml.jackson.module.kotlin.MissingKotlinParameterException: Instantiation of [simple type, class au.com.firemarklabs.nt.Note] value failed for JSON property content due to missing (therefore NULL) value for creator parameter content which is a non-nullable type
 at [Source: (String)&quot;{&quot;status&quot;:&quot;success&quot;,&quot;note&quot;:{&quot;tag&quot;:[&quot;performance&quot;],&quot;_id&quot;:&quot;614c1b8aceece30015ab9c83&quot;,&quot;content&quot;:&quot;Note 49&quot;,&quot;__v&quot;:0}}&quot;; line: 1, column: 112] (through reference chain: au.com.firemarklabs.nt.Note[&quot;content&quot;])
		at app//com.fasterxml.jackson.module.kotlin.KotlinValueInstantiator.createFromObjectWith(KotlinValueInstantiator.kt:107)
		at app//com.fasterxml.jackson.databind.deser.impl.PropertyBasedCreator.build(PropertyBasedCreator.java:195)
		at app//com.fasterxml.jackson.databind.deser.BeanDeserializer._deserializeUsingPropertyBased(BeanDeserializer.java:488)
		at app//com.fasterxml.jackson.databind.deser.BeanDeserializerBase.deserializeFromObjectUsingNonDefault(BeanDeserializerBase.java:1287)
		at app//com.fasterxml.jackson.databind.deser.BeanDeserializer.deserializeFromObject(BeanDeserializer.java:326)
		at app//com.fasterxml.jackson.databind.deser.BeanDeserializer.deserialize(BeanDeserializer.java:159)
		at app//com.fasterxml.jackson.databind.ObjectMapper._readMapAndClose(ObjectMapper.java:4013)
		at app//com.fasterxml.jackson.databind.ObjectMapper.readValue(ObjectMapper.java:3023)
		at app//au.com.firemarklabs.nt.NoteDeserializable.deserialize(NoteDeserializable.kt:12)
		at app//au.com.firemarklabs.nt.NoteDeserializable.deserialize(NoteDeserializable.kt:7)
		at app//com.github.kittinunf.fuel.core.ResponseDeserializable$DefaultImpls.deserialize(Deserializable.kt:43)
		at app//au.com.firemarklabs.nt.NoteDeserializable.deserialize(NoteDeserializable.kt:7)
		at app//au.com.firemarklabs.nt.NoteDeserializable.deserialize(NoteDeserializable.kt:7)
		at app//com.github.kittinunf.fuel.core.DeserializableKt.awaitResponse(Deserializable.kt:256)
		at app//au.com.firemarklabs.nt.NTClient$asyncInsert$$inlined$awaitObjectResponse$1.invokeSuspend(Coroutines.kt:68)
		at app//kotlin.coroutines.jvm.internal.BaseContinuationImpl.resumeWith(ContinuationImpl.kt:33)
		at app//kotlinx.coroutines.DispatchedTask.run(DispatchedTask.kt:56)
		at app//kotlinx.coroutines.scheduling.CoroutineScheduler.runSafely(CoroutineScheduler.kt:561)
		at app//kotlinx.coroutines.scheduling.CoroutineScheduler$Worker.executeTask(CoroutineScheduler.kt:727)
		at app//kotlinx.coroutines.scheduling.CoroutineScheduler$Worker.runWorker(CoroutineScheduler.kt:667)
		at app//kotlinx.coroutines.scheduling.CoroutineScheduler$Worker.run(CoroutineScheduler.kt:655)
	Suppressed: Instantiation of [simple type, class au.com.firemarklabs.nt.Note] value failed for JSON property content due to missing (therefore NULL) value for creator parameter content which is a non-nullable type
 at [Source: (String)&quot;{&quot;status&quot;:&quot;success&quot;,&quot;note&quot;:{&quot;tag&quot;:[&quot;performance&quot;],&quot;_id&quot;:&quot;614c1b8aceece30015ab9c84&quot;,&quot;content&quot;:&quot;Note 54&quot;,&quot;__v&quot;:0}}&quot;; line: 1, column: 112] (through reference chain: au.com.firemarklabs.nt.Note[&quot;content&quot;])
	com.github.kittinunf.fuel.core.FuelError$Companion.wrap(FuelError.kt:86)
	com.github.kittinunf.fuel.core.DeserializableKt.awaitResponse(Deserializable.kt:257)
Caused by: com.fasterxml.jackson.module.kotlin.MissingKotlinParameterException: Instantiation of [simple type, class au.com.firemarklabs.nt.Note] value failed for JSON property content due to missing (therefore NULL) value for creator parameter content which is a non-nullable type
 at [Source: (String)&quot;{&quot;status&quot;:&quot;success&quot;,&quot;note&quot;:{&quot;tag&quot;:[&quot;performance&quot;],&quot;_id&quot;:&quot;614c1b8aceece30015ab9c84&quot;,&quot;content&quot;:&quot;Note 54&quot;,&quot;__v&quot;:0}}&quot;; line: 1, column: 112] (through reference chain: au.com.firemarklabs.nt.Note[&quot;content&quot;])
	com.fasterxml.jackson.module.kotlin.KotlinValueInstantiator.createFromObjectWith(KotlinValueInstantiator.kt:107)
	com.fasterxml.jackson.databind.deser.impl.PropertyBasedCreator.build(PropertyBasedCreator.java:195)
	com.fasterxml.jackson.databind.deser.BeanDeserializer._deserializeUsingPropertyBased(BeanDeserializer.java:488)
	com.fasterxml.jackson.databind.deser.BeanDeserializerBase.deserializeFromObjectUsingNonDefault(BeanDeserializerBase.java:1287)
	com.fasterxml.jackson.databind.deser.BeanDeserializer.deserializeFromObject(BeanDeserializer.java:326)
	com.fasterxml.jackson.databind.deser.BeanDeserializer.deserialize(BeanDeserializer.java:159)
	com.fasterxml.jackson.databind.ObjectMapper._readMapAndClose(ObjectMapper.java:4013)
	com.fasterxml.jackson.databind.ObjectMapper.readValue(ObjectMapper.java:3023)
	au.com.firemarklabs.nt.NoteDeserializable.deserialize(NoteDeserializable.kt:12)
	au.com.firemarklabs.nt.NoteDeserializable.deserialize(NoteDeserializable.kt:7)
	com.github.kittinunf.fuel.core.ResponseDeserializable$DefaultImpls.deserialize(Deserializable.kt:43)
	au.com.firemarklabs.nt.NoteDeserializable.deserialize(NoteDeserializable.kt:7)
	au.com.firemarklabs.nt.NoteDeserializable.deserialize(NoteDeserializable.kt:7)
	com.github.kittinunf.fuel.core.DeserializableKt.awaitResponse(Deserializable.kt:256)
	au.com.firemarklabs.nt.NTClient$asyncInsert$$inlined$awaitObjectResponse$1.invokeSuspend(Coroutines.kt:68)
	kotlin.coroutines.jvm.internal.BaseContinuationImpl.resumeWith(ContinuationImpl.kt:33)
	kotlinx.coroutines.DispatchedTask.run(DispatchedTask.kt:56)
	kotlinx.coroutines.scheduling.CoroutineScheduler.runSafely(CoroutineScheduler.kt:561)
	kotlinx.coroutines.scheduling.CoroutineScheduler$Worker.executeTask(CoroutineScheduler.kt:727)
	kotlinx.coroutines.scheduling.CoroutineScheduler$Worker.runWorker(CoroutineScheduler.kt:667)
	kotlinx.coroutines.scheduling.CoroutineScheduler$Worker.run(CoroutineScheduler.kt:655)

		... 2 more
	Caused by: com.fasterxml.jackson.module.kotlin.MissingKotlinParameterException: Instantiation of [simple type, class au.com.firemarklabs.nt.Note] value failed for JSON property content due to missing (therefore NULL) value for creator parameter content which is a non-nullable type
 at [Source: (String)&quot;{&quot;status&quot;:&quot;success&quot;,&quot;note&quot;:{&quot;tag&quot;:[&quot;performance&quot;],&quot;_id&quot;:&quot;614c1b8aceece30015ab9c84&quot;,&quot;content&quot;:&quot;Note 54&quot;,&quot;__v&quot;:0}}&quot;; line: 1, column: 112] (through reference chain: au.com.firemarklabs.nt.Note[&quot;content&quot;])
		at app//com.fasterxml.jackson.module.kotlin.KotlinValueInstantiator.createFromObjectWith(KotlinValueInstantiator.kt:107)
		at app//com.fasterxml.jackson.databind.deser.impl.PropertyBasedCreator.build(PropertyBasedCreator.java:195)
		at app//com.fasterxml.jackson.databind.deser.BeanDeserializer._deserializeUsingPropertyBased(BeanDeserializer.java:488)
		at app//com.fasterxml.jackson.databind.deser.BeanDeserializerBase.deserializeFromObjectUsingNonDefault(BeanDeserializerBase.java:1287)
		at app//com.fasterxml.jackson.databind.deser.BeanDeserializer.deserializeFromObject(BeanDeserializer.java:326)
		at app//com.fasterxml.jackson.databind.deser.BeanDeserializer.deserialize(BeanDeserializer.java:159)
		at app//com.fasterxml.jackson.databind.ObjectMapper._readMapAndClose(ObjectMapper.java:4013)
		at app//com.fasterxml.jackson.databind.ObjectMapper.readValue(ObjectMapper.java:3023)
		at app//au.com.firemarklabs.nt.NoteDeserializable.deserialize(NoteDeserializable.kt:12)
		at app//au.com.firemarklabs.nt.NoteDeserializable.deserialize(NoteDeserializable.kt:7)
		at app//com.github.kittinunf.fuel.core.ResponseDeserializable$DefaultImpls.deserialize(Deserializable.kt:43)
		at app//au.com.firemarklabs.nt.NoteDeserializable.deserialize(NoteDeserializable.kt:7)
		at app//au.com.firemarklabs.nt.NoteDeserializable.deserialize(NoteDeserializable.kt:7)
		at app//com.github.kittinunf.fuel.core.DeserializableKt.awaitResponse(Deserializable.kt:256)
		at app//au.com.firemarklabs.nt.NTClient$asyncInsert$$inlined$awaitObjectResponse$1.invokeSuspend(Coroutines.kt:68)
		at app//kotlin.coroutines.jvm.internal.BaseContinuationImpl.resumeWith(ContinuationImpl.kt:33)
		at app//kotlinx.coroutines.DispatchedTask.run(DispatchedTask.kt:56)
		at app//kotlinx.coroutines.scheduling.CoroutineScheduler.runSafely(CoroutineScheduler.kt:561)
		at app//kotlinx.coroutines.scheduling.CoroutineScheduler$Worker.executeTask(CoroutineScheduler.kt:727)
		at app//kotlinx.coroutines.scheduling.CoroutineScheduler$Worker.runWorker(CoroutineScheduler.kt:667)
		at app//kotlinx.coroutines.scheduling.CoroutineScheduler$Worker.run(CoroutineScheduler.kt:655)
	Suppressed: Instantiation of [simple type, class au.com.firemarklabs.nt.Note] value failed for JSON property content due to missing (therefore NULL) value for creator parameter content which is a non-nullable type
 at [Source: (String)&quot;{&quot;status&quot;:&quot;success&quot;,&quot;note&quot;:{&quot;tag&quot;:[&quot;performance&quot;],&quot;_id&quot;:&quot;614c1b8aceece30015ab9c85&quot;,&quot;content&quot;:&quot;Note 55&quot;,&quot;__v&quot;:0}}&quot;; line: 1, column: 112] (through reference chain: au.com.firemarklabs.nt.Note[&quot;content&quot;])
	com.github.kittinunf.fuel.core.FuelError$Companion.wrap(FuelError.kt:86)
	com.github.kittinunf.fuel.core.DeserializableKt.awaitResponse(Deserializable.kt:257)
Caused by: com.fasterxml.jackson.module.kotlin.MissingKotlinParameterException: Instantiation of [simple type, class au.com.firemarklabs.nt.Note] value failed for JSON property content due to missing (therefore NULL) value for creator parameter content which is a non-nullable type
 at [Source: (String)&quot;{&quot;status&quot;:&quot;success&quot;,&quot;note&quot;:{&quot;tag&quot;:[&quot;performance&quot;],&quot;_id&quot;:&quot;614c1b8aceece30015ab9c85&quot;,&quot;content&quot;:&quot;Note 55&quot;,&quot;__v&quot;:0}}&quot;; line: 1, column: 112] (through reference chain: au.com.firemarklabs.nt.Note[&quot;content&quot;])
	com.fasterxml.jackson.module.kotlin.KotlinValueInstantiator.createFromObjectWith(KotlinValueInstantiator.kt:107)
	com.fasterxml.jackson.databind.deser.impl.PropertyBasedCreator.build(PropertyBasedCreator.java:195)
	com.fasterxml.jackson.databind.deser.BeanDeserializer._deserializeUsingPropertyBased(BeanDeserializer.java:488)
	com.fasterxml.jackson.databind.deser.BeanDeserializerBase.deserializeFromObjectUsingNonDefault(BeanDeserializerBase.java:1287)
	com.fasterxml.jackson.databind.deser.BeanDeserializer.deserializeFromObject(BeanDeserializer.java:326)
	com.fasterxml.jackson.databind.deser.BeanDeserializer.deserialize(BeanDeserializer.java:159)
	com.fasterxml.jackson.databind.ObjectMapper._readMapAndClose(ObjectMapper.java:4013)
	com.fasterxml.jackson.databind.ObjectMapper.readValue(ObjectMapper.java:3023)
	au.com.firemarklabs.nt.NoteDeserializable.deserialize(NoteDeserializable.kt:12)
	au.com.firemarklabs.nt.NoteDeserializable.deserialize(NoteDeserializable.kt:7)
	com.github.kittinunf.fuel.core.ResponseDeserializable$DefaultImpls.deserialize(Deserializable.kt:43)
	au.com.firemarklabs.nt.NoteDeserializable.deserialize(NoteDeserializable.kt:7)
	au.com.firemarklabs.nt.NoteDeserializable.deserialize(NoteDeserializable.kt:7)
	com.github.kittinunf.fuel.core.DeserializableKt.awaitResponse(Deserializable.kt:256)
	au.com.firemarklabs.nt.NTClient$asyncInsert$$inlined$awaitObjectResponse$1.invokeSuspend(Coroutines.kt:68)
	kotlin.coroutines.jvm.internal.BaseContinuationImpl.resumeWith(ContinuationImpl.kt:33)
	kotlinx.coroutines.DispatchedTask.run(DispatchedTask.kt:56)
	kotlinx.coroutines.scheduling.CoroutineScheduler.runSafely(CoroutineScheduler.kt:561)
	kotlinx.coroutines.scheduling.CoroutineScheduler$Worker.executeTask(CoroutineScheduler.kt:727)
	kotlinx.coroutines.scheduling.CoroutineScheduler$Worker.runWorker(CoroutineScheduler.kt:667)
	kotlinx.coroutines.scheduling.CoroutineScheduler$Worker.run(CoroutineScheduler.kt:655)

		... 2 more
	Caused by: com.fasterxml.jackson.module.kotlin.MissingKotlinParameterException: Instantiation of [simple type, class au.com.firemarklabs.nt.Note] value failed for JSON property content due to missing (therefore NULL) value for creator parameter content which is a non-nullable type
 at [Source: (String)&quot;{&quot;status&quot;:&quot;success&quot;,&quot;note&quot;:{&quot;tag&quot;:[&quot;performance&quot;],&quot;_id&quot;:&quot;614c1b8aceece30015ab9c85&quot;,&quot;content&quot;:&quot;Note 55&quot;,&quot;__v&quot;:0}}&quot;; line: 1, column: 112] (through reference chain: au.com.firemarklabs.nt.Note[&quot;content&quot;])
		at app//com.fasterxml.jackson.module.kotlin.KotlinValueInstantiator.createFromObjectWith(KotlinValueInstantiator.kt:107)
		at app//com.fasterxml.jackson.databind.deser.impl.PropertyBasedCreator.build(PropertyBasedCreator.java:195)
		at app//com.fasterxml.jackson.databind.deser.BeanDeserializer._deserializeUsingPropertyBased(BeanDeserializer.java:488)
		at app//com.fasterxml.jackson.databind.deser.BeanDeserializerBase.deserializeFromObjectUsingNonDefault(BeanDeserializerBase.java:1287)
		at app//com.fasterxml.jackson.databind.deser.BeanDeserializer.deserializeFromObject(BeanDeserializer.java:326)
		at app//com.fasterxml.jackson.databind.deser.BeanDeserializer.deserialize(BeanDeserializer.java:159)
		at app//com.fasterxml.jackson.databind.ObjectMapper._readMapAndClose(ObjectMapper.java:4013)
		at app//com.fasterxml.jackson.databind.ObjectMapper.readValue(ObjectMapper.java:3023)
		at app//au.com.firemarklabs.nt.NoteDeserializable.deserialize(NoteDeserializable.kt:12)
		at app//au.com.firemarklabs.nt.NoteDeserializable.deserialize(NoteDeserializable.kt:7)
		at app//com.github.kittinunf.fuel.core.ResponseDeserializable$DefaultImpls.deserialize(Deserializable.kt:43)
		at app//au.com.firemarklabs.nt.NoteDeserializable.deserialize(NoteDeserializable.kt:7)
		at app//au.com.firemarklabs.nt.NoteDeserializable.deserialize(NoteDeserializable.kt:7)
		at app//com.github.kittinunf.fuel.core.DeserializableKt.awaitResponse(Deserializable.kt:256)
		at app//au.com.firemarklabs.nt.NTClient$asyncInsert$$inlined$awaitObjectResponse$1.invokeSuspend(Coroutines.kt:68)
		at app//kotlin.coroutines.jvm.internal.BaseContinuationImpl.resumeWith(ContinuationImpl.kt:33)
		at app//kotlinx.coroutines.DispatchedTask.run(DispatchedTask.kt:56)
		at app//kotlinx.coroutines.scheduling.CoroutineScheduler.runSafely(CoroutineScheduler.kt:561)
		at app//kotlinx.coroutines.scheduling.CoroutineScheduler$Worker.executeTask(CoroutineScheduler.kt:727)
		at app//kotlinx.coroutines.scheduling.CoroutineScheduler$Worker.runWorker(CoroutineScheduler.kt:667)
		at app//kotlinx.coroutines.scheduling.CoroutineScheduler$Worker.run(CoroutineScheduler.kt:655)
	Suppressed: Instantiation of [simple type, class au.com.firemarklabs.nt.Note] value failed for JSON property content due to missing (therefore NULL) value for creator parameter content which is a non-nullable type
 at [Source: (String)&quot;{&quot;status&quot;:&quot;success&quot;,&quot;note&quot;:{&quot;tag&quot;:[&quot;performance&quot;],&quot;_id&quot;:&quot;614c1b8aceece30015ab9c86&quot;,&quot;content&quot;:&quot;Note 56&quot;,&quot;__v&quot;:0}}&quot;; line: 1, column: 112] (through reference chain: au.com.firemarklabs.nt.Note[&quot;content&quot;])
	com.github.kittinunf.fuel.core.FuelError$Companion.wrap(FuelError.kt:86)
	com.github.kittinunf.fuel.core.DeserializableKt.awaitResponse(Deserializable.kt:257)
Caused by: com.fasterxml.jackson.module.kotlin.MissingKotlinParameterException: Instantiation of [simple type, class au.com.firemarklabs.nt.Note] value failed for JSON property content due to missing (therefore NULL) value for creator parameter content which is a non-nullable type
 at [Source: (String)&quot;{&quot;status&quot;:&quot;success&quot;,&quot;note&quot;:{&quot;tag&quot;:[&quot;performance&quot;],&quot;_id&quot;:&quot;614c1b8aceece30015ab9c86&quot;,&quot;content&quot;:&quot;Note 56&quot;,&quot;__v&quot;:0}}&quot;; line: 1, column: 112] (through reference chain: au.com.firemarklabs.nt.Note[&quot;content&quot;])
	com.fasterxml.jackson.module.kotlin.KotlinValueInstantiator.createFromObjectWith(KotlinValueInstantiator.kt:107)
	com.fasterxml.jackson.databind.deser.impl.PropertyBasedCreator.build(PropertyBasedCreator.java:195)
	com.fasterxml.jackson.databind.deser.BeanDeserializer._deserializeUsingPropertyBased(BeanDeserializer.java:488)
	com.fasterxml.jackson.databind.deser.BeanDeserializerBase.deserializeFromObjectUsingNonDefault(BeanDeserializerBase.java:1287)
	com.fasterxml.jackson.databind.deser.BeanDeserializer.deserializeFromObject(BeanDeserializer.java:326)
	com.fasterxml.jackson.databind.deser.BeanDeserializer.deserialize(BeanDeserializer.java:159)
	com.fasterxml.jackson.databind.ObjectMapper._readMapAndClose(ObjectMapper.java:4013)
	com.fasterxml.jackson.databind.ObjectMapper.readValue(ObjectMapper.java:3023)
	au.com.firemarklabs.nt.NoteDeserializable.deserialize(NoteDeserializable.kt:12)
	au.com.firemarklabs.nt.NoteDeserializable.deserialize(NoteDeserializable.kt:7)
	com.github.kittinunf.fuel.core.ResponseDeserializable$DefaultImpls.deserialize(Deserializable.kt:43)
	au.com.firemarklabs.nt.NoteDeserializable.deserialize(NoteDeserializable.kt:7)
	au.com.firemarklabs.nt.NoteDeserializable.deserialize(NoteDeserializable.kt:7)
	com.github.kittinunf.fuel.core.DeserializableKt.awaitResponse(Deserializable.kt:256)
	au.com.firemarklabs.nt.NTClient$asyncInsert$$inlined$awaitObjectResponse$1.invokeSuspend(Coroutines.kt:68)
	kotlin.coroutines.jvm.internal.BaseContinuationImpl.resumeWith(ContinuationImpl.kt:33)
	kotlinx.coroutines.DispatchedTask.run(DispatchedTask.kt:56)
	kotlinx.coroutines.scheduling.CoroutineScheduler.runSafely(CoroutineScheduler.kt:561)
	kotlinx.coroutines.scheduling.CoroutineScheduler$Worker.executeTask(CoroutineScheduler.kt:727)
	kotlinx.coroutines.scheduling.CoroutineScheduler$Worker.runWorker(CoroutineScheduler.kt:667)
	kotlinx.coroutines.scheduling.CoroutineScheduler$Worker.run(CoroutineScheduler.kt:655)

		... 2 more
	Caused by: com.fasterxml.jackson.module.kotlin.MissingKotlinParameterException: Instantiation of [simple type, class au.com.firemarklabs.nt.Note] value failed for JSON property content due to missing (therefore NULL) value for creator parameter content which is a non-nullable type
 at [Source: (String)&quot;{&quot;status&quot;:&quot;success&quot;,&quot;note&quot;:{&quot;tag&quot;:[&quot;performance&quot;],&quot;_id&quot;:&quot;614c1b8aceece30015ab9c86&quot;,&quot;content&quot;:&quot;Note 56&quot;,&quot;__v&quot;:0}}&quot;; line: 1, column: 112] (through reference chain: au.com.firemarklabs.nt.Note[&quot;content&quot;])
		at app//com.fasterxml.jackson.module.kotlin.KotlinValueInstantiator.createFromObjectWith(KotlinValueInstantiator.kt:107)
		at app//com.fasterxml.jackson.databind.deser.impl.PropertyBasedCreator.build(PropertyBasedCreator.java:195)
		at app//com.fasterxml.jackson.databind.deser.BeanDeserializer._deserializeUsingPropertyBased(BeanDeserializer.java:488)
		at app//com.fasterxml.jackson.databind.deser.BeanDeserializerBase.deserializeFromObjectUsingNonDefault(BeanDeserializerBase.java:1287)
		at app//com.fasterxml.jackson.databind.deser.BeanDeserializer.deserializeFromObject(BeanDeserializer.java:326)
		at app//com.fasterxml.jackson.databind.deser.BeanDeserializer.deserialize(BeanDeserializer.java:159)
		at app//com.fasterxml.jackson.databind.ObjectMapper._readMapAndClose(ObjectMapper.java:4013)
		at app//com.fasterxml.jackson.databind.ObjectMapper.readValue(ObjectMapper.java:3023)
		at app//au.com.firemarklabs.nt.NoteDeserializable.deserialize(NoteDeserializable.kt:12)
		at app//au.com.firemarklabs.nt.NoteDeserializable.deserialize(NoteDeserializable.kt:7)
		at app//com.github.kittinunf.fuel.core.ResponseDeserializable$DefaultImpls.deserialize(Deserializable.kt:43)
		at app//au.com.firemarklabs.nt.NoteDeserializable.deserialize(NoteDeserializable.kt:7)
		at app//au.com.firemarklabs.nt.NoteDeserializable.deserialize(NoteDeserializable.kt:7)
		at app//com.github.kittinunf.fuel.core.DeserializableKt.awaitResponse(Deserializable.kt:256)
		at app//au.com.firemarklabs.nt.NTClient$asyncInsert$$inlined$awaitObjectResponse$1.invokeSuspend(Coroutines.kt:68)
		at app//kotlin.coroutines.jvm.internal.BaseContinuationImpl.resumeWith(ContinuationImpl.kt:33)
		at app//kotlinx.coroutines.DispatchedTask.run(DispatchedTask.kt:56)
		at app//kotlinx.coroutines.scheduling.CoroutineScheduler.runSafely(CoroutineScheduler.kt:561)
		at app//kotlinx.coroutines.scheduling.CoroutineScheduler$Worker.executeTask(CoroutineScheduler.kt:727)
		at app//kotlinx.coroutines.scheduling.CoroutineScheduler$Worker.runWorker(CoroutineScheduler.kt:667)
		at app//kotlinx.coroutines.scheduling.CoroutineScheduler$Worker.run(CoroutineScheduler.kt:655)
	Suppressed: Instantiation of [simple type, class au.com.firemarklabs.nt.Note] value failed for JSON property content due to missing (therefore NULL) value for creator parameter content which is a non-nullable type
 at [Source: (String)&quot;{&quot;status&quot;:&quot;success&quot;,&quot;note&quot;:{&quot;tag&quot;:[&quot;performance&quot;],&quot;_id&quot;:&quot;614c1b8aceece30015ab9c87&quot;,&quot;content&quot;:&quot;Note 57&quot;,&quot;__v&quot;:0}}&quot;; line: 1, column: 112] (through reference chain: au.com.firemarklabs.nt.Note[&quot;content&quot;])
	com.github.kittinunf.fuel.core.FuelError$Companion.wrap(FuelError.kt:86)
	com.github.kittinunf.fuel.core.DeserializableKt.awaitResponse(Deserializable.kt:257)
Caused by: com.fasterxml.jackson.module.kotlin.MissingKotlinParameterException: Instantiation of [simple type, class au.com.firemarklabs.nt.Note] value failed for JSON property content due to missing (therefore NULL) value for creator parameter content which is a non-nullable type
 at [Source: (String)&quot;{&quot;status&quot;:&quot;success&quot;,&quot;note&quot;:{&quot;tag&quot;:[&quot;performance&quot;],&quot;_id&quot;:&quot;614c1b8aceece30015ab9c87&quot;,&quot;content&quot;:&quot;Note 57&quot;,&quot;__v&quot;:0}}&quot;; line: 1, column: 112] (through reference chain: au.com.firemarklabs.nt.Note[&quot;content&quot;])
	com.fasterxml.jackson.module.kotlin.KotlinValueInstantiator.createFromObjectWith(KotlinValueInstantiator.kt:107)
	com.fasterxml.jackson.databind.deser.impl.PropertyBasedCreator.build(PropertyBasedCreator.java:195)
	com.fasterxml.jackson.databind.deser.BeanDeserializer._deserializeUsingPropertyBased(BeanDeserializer.java:488)
	com.fasterxml.jackson.databind.deser.BeanDeserializerBase.deserializeFromObjectUsingNonDefault(BeanDeserializerBase.java:1287)
	com.fasterxml.jackson.databind.deser.BeanDeserializer.deserializeFromObject(BeanDeserializer.java:326)
	com.fasterxml.jackson.databind.deser.BeanDeserializer.deserialize(BeanDeserializer.java:159)
	com.fasterxml.jackson.databind.ObjectMapper._readMapAndClose(ObjectMapper.java:4013)
	com.fasterxml.jackson.databind.ObjectMapper.readValue(ObjectMapper.java:3023)
	au.com.firemarklabs.nt.NoteDeserializable.deserialize(NoteDeserializable.kt:12)
	au.com.firemarklabs.nt.NoteDeserializable.deserialize(NoteDeserializable.kt:7)
	com.github.kittinunf.fuel.core.ResponseDeserializable$DefaultImpls.deserialize(Deserializable.kt:43)
	au.com.firemarklabs.nt.NoteDeserializable.deserialize(NoteDeserializable.kt:7)
	au.com.firemarklabs.nt.NoteDeserializable.deserialize(NoteDeserializable.kt:7)
	com.github.kittinunf.fuel.core.DeserializableKt.awaitResponse(Deserializable.kt:256)
	au.com.firemarklabs.nt.NTClient$asyncInsert$$inlined$awaitObjectResponse$1.invokeSuspend(Coroutines.kt:68)
	kotlin.coroutines.jvm.internal.BaseContinuationImpl.resumeWith(ContinuationImpl.kt:33)
	kotlinx.coroutines.DispatchedTask.run(DispatchedTask.kt:56)
	kotlinx.coroutines.scheduling.CoroutineScheduler.runSafely(CoroutineScheduler.kt:561)
	kotlinx.coroutines.scheduling.CoroutineScheduler$Worker.executeTask(CoroutineScheduler.kt:727)
	kotlinx.coroutines.scheduling.CoroutineScheduler$Worker.runWorker(CoroutineScheduler.kt:667)
	kotlinx.coroutines.scheduling.CoroutineScheduler$Worker.run(CoroutineScheduler.kt:655)

		... 2 more
	Caused by: com.fasterxml.jackson.module.kotlin.MissingKotlinParameterException: Instantiation of [simple type, class au.com.firemarklabs.nt.Note] value failed for JSON property content due to missing (therefore NULL) value for creator parameter content which is a non-nullable type
 at [Source: (String)&quot;{&quot;status&quot;:&quot;success&quot;,&quot;note&quot;:{&quot;tag&quot;:[&quot;performance&quot;],&quot;_id&quot;:&quot;614c1b8aceece30015ab9c87&quot;,&quot;content&quot;:&quot;Note 57&quot;,&quot;__v&quot;:0}}&quot;; line: 1, column: 112] (through reference chain: au.com.firemarklabs.nt.Note[&quot;content&quot;])
		at app//com.fasterxml.jackson.module.kotlin.KotlinValueInstantiator.createFromObjectWith(KotlinValueInstantiator.kt:107)
		at app//com.fasterxml.jackson.databind.deser.impl.PropertyBasedCreator.build(PropertyBasedCreator.java:195)
		at app//com.fasterxml.jackson.databind.deser.BeanDeserializer._deserializeUsingPropertyBased(BeanDeserializer.java:488)
		at app//com.fasterxml.jackson.databind.deser.BeanDeserializerBase.deserializeFromObjectUsingNonDefault(BeanDeserializerBase.java:1287)
		at app//com.fasterxml.jackson.databind.deser.BeanDeserializer.deserializeFromObject(BeanDeserializer.java:326)
		at app//com.fasterxml.jackson.databind.deser.BeanDeserializer.deserialize(BeanDeserializer.java:159)
		at app//com.fasterxml.jackson.databind.ObjectMapper._readMapAndClose(ObjectMapper.java:4013)
		at app//com.fasterxml.jackson.databind.ObjectMapper.readValue(ObjectMapper.java:3023)
		at app//au.com.firemarklabs.nt.NoteDeserializable.deserialize(NoteDeserializable.kt:12)
		at app//au.com.firemarklabs.nt.NoteDeserializable.deserialize(NoteDeserializable.kt:7)
		at app//com.github.kittinunf.fuel.core.ResponseDeserializable$DefaultImpls.deserialize(Deserializable.kt:43)
		at app//au.com.firemarklabs.nt.NoteDeserializable.deserialize(NoteDeserializable.kt:7)
		at app//au.com.firemarklabs.nt.NoteDeserializable.deserialize(NoteDeserializable.kt:7)
		at app//com.github.kittinunf.fuel.core.DeserializableKt.awaitResponse(Deserializable.kt:256)
		at app//au.com.firemarklabs.nt.NTClient$asyncInsert$$inlined$awaitObjectResponse$1.invokeSuspend(Coroutines.kt:68)
		at app//kotlin.coroutines.jvm.internal.BaseContinuationImpl.resumeWith(ContinuationImpl.kt:33)
		at app//kotlinx.coroutines.DispatchedTask.run(DispatchedTask.kt:56)
		at app//kotlinx.coroutines.scheduling.CoroutineScheduler.runSafely(CoroutineScheduler.kt:561)
		at app//kotlinx.coroutines.scheduling.CoroutineScheduler$Worker.executeTask(CoroutineScheduler.kt:727)
		at app//kotlinx.coroutines.scheduling.CoroutineScheduler$Worker.runWorker(CoroutineScheduler.kt:667)
		at app//kotlinx.coroutines.scheduling.CoroutineScheduler$Worker.run(CoroutineScheduler.kt:655)
	Suppressed: Instantiation of [simple type, class au.com.firemarklabs.nt.Note] value failed for JSON property content due to missing (therefore NULL) value for creator parameter content which is a non-nullable type
 at [Source: (String)&quot;{&quot;status&quot;:&quot;success&quot;,&quot;note&quot;:{&quot;tag&quot;:[&quot;performance&quot;],&quot;_id&quot;:&quot;614c1b8aceece30015ab9c88&quot;,&quot;content&quot;:&quot;Note 58&quot;,&quot;__v&quot;:0}}&quot;; line: 1, column: 112] (through reference chain: au.com.firemarklabs.nt.Note[&quot;content&quot;])
	com.github.kittinunf.fuel.core.FuelError$Companion.wrap(FuelError.kt:86)
	com.github.kittinunf.fuel.core.DeserializableKt.awaitResponse(Deserializable.kt:257)
Caused by: com.fasterxml.jackson.module.kotlin.MissingKotlinParameterException: Instantiation of [simple type, class au.com.firemarklabs.nt.Note] value failed for JSON property content due to missing (therefore NULL) value for creator parameter content which is a non-nullable type
 at [Source: (String)&quot;{&quot;status&quot;:&quot;success&quot;,&quot;note&quot;:{&quot;tag&quot;:[&quot;performance&quot;],&quot;_id&quot;:&quot;614c1b8aceece30015ab9c88&quot;,&quot;content&quot;:&quot;Note 58&quot;,&quot;__v&quot;:0}}&quot;; line: 1, column: 112] (through reference chain: au.com.firemarklabs.nt.Note[&quot;content&quot;])
	com.fasterxml.jackson.module.kotlin.KotlinValueInstantiator.createFromObjectWith(KotlinValueInstantiator.kt:107)
	com.fasterxml.jackson.databind.deser.impl.PropertyBasedCreator.build(PropertyBasedCreator.java:195)
	com.fasterxml.jackson.databind.deser.BeanDeserializer._deserializeUsingPropertyBased(BeanDeserializer.java:488)
	com.fasterxml.jackson.databind.deser.BeanDeserializerBase.deserializeFromObjectUsingNonDefault(BeanDeserializerBase.java:1287)
	com.fasterxml.jackson.databind.deser.BeanDeserializer.deserializeFromObject(BeanDeserializer.java:326)
	com.fasterxml.jackson.databind.deser.BeanDeserializer.deserialize(BeanDeserializer.java:159)
	com.fasterxml.jackson.databind.ObjectMapper._readMapAndClose(ObjectMapper.java:4013)
	com.fasterxml.jackson.databind.ObjectMapper.readValue(ObjectMapper.java:3023)
	au.com.firemarklabs.nt.NoteDeserializable.deserialize(NoteDeserializable.kt:12)
	au.com.firemarklabs.nt.NoteDeserializable.deserialize(NoteDeserializable.kt:7)
	com.github.kittinunf.fuel.core.ResponseDeserializable$DefaultImpls.deserialize(Deserializable.kt:43)
	au.com.firemarklabs.nt.NoteDeserializable.deserialize(NoteDeserializable.kt:7)
	au.com.firemarklabs.nt.NoteDeserializable.deserialize(NoteDeserializable.kt:7)
	com.github.kittinunf.fuel.core.DeserializableKt.awaitResponse(Deserializable.kt:256)
	au.com.firemarklabs.nt.NTClient$asyncInsert$$inlined$awaitObjectResponse$1.invokeSuspend(Coroutines.kt:68)
	kotlin.coroutines.jvm.internal.BaseContinuationImpl.resumeWith(ContinuationImpl.kt:33)
	kotlinx.coroutines.DispatchedTask.run(DispatchedTask.kt:56)
	kotlinx.coroutines.scheduling.CoroutineScheduler.runSafely(CoroutineScheduler.kt:561)
	kotlinx.coroutines.scheduling.CoroutineScheduler$Worker.executeTask(CoroutineScheduler.kt:727)
	kotlinx.coroutines.scheduling.CoroutineScheduler$Worker.runWorker(CoroutineScheduler.kt:667)
	kotlinx.coroutines.scheduling.CoroutineScheduler$Worker.run(CoroutineScheduler.kt:655)

		... 2 more
	Caused by: com.fasterxml.jackson.module.kotlin.MissingKotlinParameterException: Instantiation of [simple type, class au.com.firemarklabs.nt.Note] value failed for JSON property content due to missing (therefore NULL) value for creator parameter content which is a non-nullable type
 at [Source: (String)&quot;{&quot;status&quot;:&quot;success&quot;,&quot;note&quot;:{&quot;tag&quot;:[&quot;performance&quot;],&quot;_id&quot;:&quot;614c1b8aceece30015ab9c88&quot;,&quot;content&quot;:&quot;Note 58&quot;,&quot;__v&quot;:0}}&quot;; line: 1, column: 112] (through reference chain: au.com.firemarklabs.nt.Note[&quot;content&quot;])
		at app//com.fasterxml.jackson.module.kotlin.KotlinValueInstantiator.createFromObjectWith(KotlinValueInstantiator.kt:107)
		at app//com.fasterxml.jackson.databind.deser.impl.PropertyBasedCreator.build(PropertyBasedCreator.java:195)
		at app//com.fasterxml.jackson.databind.deser.BeanDeserializer._deserializeUsingPropertyBased(BeanDeserializer.java:488)
		at app//com.fasterxml.jackson.databind.deser.BeanDeserializerBase.deserializeFromObjectUsingNonDefault(BeanDeserializerBase.java:1287)
		at app//com.fasterxml.jackson.databind.deser.BeanDeserializer.deserializeFromObject(BeanDeserializer.java:326)
		at app//com.fasterxml.jackson.databind.deser.BeanDeserializer.deserialize(BeanDeserializer.java:159)
		at app//com.fasterxml.jackson.databind.ObjectMapper._readMapAndClose(ObjectMapper.java:4013)
		at app//com.fasterxml.jackson.databind.ObjectMapper.readValue(ObjectMapper.java:3023)
		at app//au.com.firemarklabs.nt.NoteDeserializable.deserialize(NoteDeserializable.kt:12)
		at app//au.com.firemarklabs.nt.NoteDeserializable.deserialize(NoteDeserializable.kt:7)
		at app//com.github.kittinunf.fuel.core.ResponseDeserializable$DefaultImpls.deserialize(Deserializable.kt:43)
		at app//au.com.firemarklabs.nt.NoteDeserializable.deserialize(NoteDeserializable.kt:7)
		at app//au.com.firemarklabs.nt.NoteDeserializable.deserialize(NoteDeserializable.kt:7)
		at app//com.github.kittinunf.fuel.core.DeserializableKt.awaitResponse(Deserializable.kt:256)
		at app//au.com.firemarklabs.nt.NTClient$asyncInsert$$inlined$awaitObjectResponse$1.invokeSuspend(Coroutines.kt:68)
		at app//kotlin.coroutines.jvm.internal.BaseContinuationImpl.resumeWith(ContinuationImpl.kt:33)
		at app//kotlinx.coroutines.DispatchedTask.run(DispatchedTask.kt:56)
		at app//kotlinx.coroutines.scheduling.CoroutineScheduler.runSafely(CoroutineScheduler.kt:561)
		at app//kotlinx.coroutines.scheduling.CoroutineScheduler$Worker.executeTask(CoroutineScheduler.kt:727)
		at app//kotlinx.coroutines.scheduling.CoroutineScheduler$Worker.runWorker(CoroutineScheduler.kt:667)
		at app//kotlinx.coroutines.scheduling.CoroutineScheduler$Worker.run(CoroutineScheduler.kt:655)
	Suppressed: Instantiation of [simple type, class au.com.firemarklabs.nt.Note] value failed for JSON property content due to missing (therefore NULL) value for creator parameter content which is a non-nullable type
 at [Source: (String)&quot;{&quot;status&quot;:&quot;success&quot;,&quot;note&quot;:{&quot;tag&quot;:[&quot;performance&quot;],&quot;_id&quot;:&quot;614c1b8aceece30015ab9c89&quot;,&quot;content&quot;:&quot;Note 60&quot;,&quot;__v&quot;:0}}&quot;; line: 1, column: 112] (through reference chain: au.com.firemarklabs.nt.Note[&quot;content&quot;])
	com.github.kittinunf.fuel.core.FuelError$Companion.wrap(FuelError.kt:86)
	com.github.kittinunf.fuel.core.DeserializableKt.awaitResponse(Deserializable.kt:257)
Caused by: com.fasterxml.jackson.module.kotlin.MissingKotlinParameterException: Instantiation of [simple type, class au.com.firemarklabs.nt.Note] value failed for JSON property content due to missing (therefore NULL) value for creator parameter content which is a non-nullable type
 at [Source: (String)&quot;{&quot;status&quot;:&quot;success&quot;,&quot;note&quot;:{&quot;tag&quot;:[&quot;performance&quot;],&quot;_id&quot;:&quot;614c1b8aceece30015ab9c89&quot;,&quot;content&quot;:&quot;Note 60&quot;,&quot;__v&quot;:0}}&quot;; line: 1, column: 112] (through reference chain: au.com.firemarklabs.nt.Note[&quot;content&quot;])
	com.fasterxml.jackson.module.kotlin.KotlinValueInstantiator.createFromObjectWith(KotlinValueInstantiator.kt:107)
	com.fasterxml.jackson.databind.deser.impl.PropertyBasedCreator.build(PropertyBasedCreator.java:195)
	com.fasterxml.jackson.databind.deser.BeanDeserializer._deserializeUsingPropertyBased(BeanDeserializer.java:488)
	com.fasterxml.jackson.databind.deser.BeanDeserializerBase.deserializeFromObjectUsingNonDefault(BeanDeserializerBase.java:1287)
	com.fasterxml.jackson.databind.deser.BeanDeserializer.deserializeFromObject(BeanDeserializer.java:326)
	com.fasterxml.jackson.databind.deser.BeanDeserializer.deserialize(BeanDeserializer.java:159)
	com.fasterxml.jackson.databind.ObjectMapper._readMapAndClose(ObjectMapper.java:4013)
	com.fasterxml.jackson.databind.ObjectMapper.readValue(ObjectMapper.java:3023)
	au.com.firemarklabs.nt.NoteDeserializable.deserialize(NoteDeserializable.kt:12)
	au.com.firemarklabs.nt.NoteDeserializable.deserialize(NoteDeserializable.kt:7)
	com.github.kittinunf.fuel.core.ResponseDeserializable$DefaultImpls.deserialize(Deserializable.kt:43)
	au.com.firemarklabs.nt.NoteDeserializable.deserialize(NoteDeserializable.kt:7)
	au.com.firemarklabs.nt.NoteDeserializable.deserialize(NoteDeserializable.kt:7)
	com.github.kittinunf.fuel.core.DeserializableKt.awaitResponse(Deserializable.kt:256)
	au.com.firemarklabs.nt.NTClient$asyncInsert$$inlined$awaitObjectResponse$1.invokeSuspend(Coroutines.kt:68)
	kotlin.coroutines.jvm.internal.BaseContinuationImpl.resumeWith(ContinuationImpl.kt:33)
	kotlinx.coroutines.DispatchedTask.run(DispatchedTask.kt:56)
	kotlinx.coroutines.scheduling.CoroutineScheduler.runSafely(CoroutineScheduler.kt:561)
	kotlinx.coroutines.scheduling.CoroutineScheduler$Worker.executeTask(CoroutineScheduler.kt:727)
	kotlinx.coroutines.scheduling.CoroutineScheduler$Worker.runWorker(CoroutineScheduler.kt:667)
	kotlinx.coroutines.scheduling.CoroutineScheduler$Worker.run(CoroutineScheduler.kt:655)

		... 2 more
	Caused by: com.fasterxml.jackson.module.kotlin.MissingKotlinParameterException: Instantiation of [simple type, class au.com.firemarklabs.nt.Note] value failed for JSON property content due to missing (therefore NULL) value for creator parameter content which is a non-nullable type
 at [Source: (String)&quot;{&quot;status&quot;:&quot;success&quot;,&quot;note&quot;:{&quot;tag&quot;:[&quot;performance&quot;],&quot;_id&quot;:&quot;614c1b8aceece30015ab9c89&quot;,&quot;content&quot;:&quot;Note 60&quot;,&quot;__v&quot;:0}}&quot;; line: 1, column: 112] (through reference chain: au.com.firemarklabs.nt.Note[&quot;content&quot;])
		at app//com.fasterxml.jackson.module.kotlin.KotlinValueInstantiator.createFromObjectWith(KotlinValueInstantiator.kt:107)
		at app//com.fasterxml.jackson.databind.deser.impl.PropertyBasedCreator.build(PropertyBasedCreator.java:195)
		at app//com.fasterxml.jackson.databind.deser.BeanDeserializer._deserializeUsingPropertyBased(BeanDeserializer.java:488)
		at app//com.fasterxml.jackson.databind.deser.BeanDeserializerBase.deserializeFromObjectUsingNonDefault(BeanDeserializerBase.java:1287)
		at app//com.fasterxml.jackson.databind.deser.BeanDeserializer.deserializeFromObject(BeanDeserializer.java:326)
		at app//com.fasterxml.jackson.databind.deser.BeanDeserializer.deserialize(BeanDeserializer.java:159)
		at app//com.fasterxml.jackson.databind.ObjectMapper._readMapAndClose(ObjectMapper.java:4013)
		at app//com.fasterxml.jackson.databind.ObjectMapper.readValue(ObjectMapper.java:3023)
		at app//au.com.firemarklabs.nt.NoteDeserializable.deserialize(NoteDeserializable.kt:12)
		at app//au.com.firemarklabs.nt.NoteDeserializable.deserialize(NoteDeserializable.kt:7)
		at app//com.github.kittinunf.fuel.core.ResponseDeserializable$DefaultImpls.deserialize(Deserializable.kt:43)
		at app//au.com.firemarklabs.nt.NoteDeserializable.deserialize(NoteDeserializable.kt:7)
		at app//au.com.firemarklabs.nt.NoteDeserializable.deserialize(NoteDeserializable.kt:7)
		at app//com.github.kittinunf.fuel.core.DeserializableKt.awaitResponse(Deserializable.kt:256)
		at app//au.com.firemarklabs.nt.NTClient$asyncInsert$$inlined$awaitObjectResponse$1.invokeSuspend(Coroutines.kt:68)
		at app//kotlin.coroutines.jvm.internal.BaseContinuationImpl.resumeWith(ContinuationImpl.kt:33)
		at app//kotlinx.coroutines.DispatchedTask.run(DispatchedTask.kt:56)
		at app//kotlinx.coroutines.scheduling.CoroutineScheduler.runSafely(CoroutineScheduler.kt:561)
		at app//kotlinx.coroutines.scheduling.CoroutineScheduler$Worker.executeTask(CoroutineScheduler.kt:727)
		at app//kotlinx.coroutines.scheduling.CoroutineScheduler$Worker.runWorker(CoroutineScheduler.kt:667)
		at app//kotlinx.coroutines.scheduling.CoroutineScheduler$Worker.run(CoroutineScheduler.kt:655)
	Suppressed: Instantiation of [simple type, class au.com.firemarklabs.nt.Note] value failed for JSON property content due to missing (therefore NULL) value for creator parameter content which is a non-nullable type
 at [Source: (String)&quot;{&quot;status&quot;:&quot;success&quot;,&quot;note&quot;:{&quot;tag&quot;:[&quot;performance&quot;],&quot;_id&quot;:&quot;614c1b8aceece30015ab9c8a&quot;,&quot;content&quot;:&quot;Note 61&quot;,&quot;__v&quot;:0}}&quot;; line: 1, column: 112] (through reference chain: au.com.firemarklabs.nt.Note[&quot;content&quot;])
	com.github.kittinunf.fuel.core.FuelError$Companion.wrap(FuelError.kt:86)
	com.github.kittinunf.fuel.core.DeserializableKt.awaitResponse(Deserializable.kt:257)
Caused by: com.fasterxml.jackson.module.kotlin.MissingKotlinParameterException: Instantiation of [simple type, class au.com.firemarklabs.nt.Note] value failed for JSON property content due to missing (therefore NULL) value for creator parameter content which is a non-nullable type
 at [Source: (String)&quot;{&quot;status&quot;:&quot;success&quot;,&quot;note&quot;:{&quot;tag&quot;:[&quot;performance&quot;],&quot;_id&quot;:&quot;614c1b8aceece30015ab9c8a&quot;,&quot;content&quot;:&quot;Note 61&quot;,&quot;__v&quot;:0}}&quot;; line: 1, column: 112] (through reference chain: au.com.firemarklabs.nt.Note[&quot;content&quot;])
	com.fasterxml.jackson.module.kotlin.KotlinValueInstantiator.createFromObjectWith(KotlinValueInstantiator.kt:107)
	com.fasterxml.jackson.databind.deser.impl.PropertyBasedCreator.build(PropertyBasedCreator.java:195)
	com.fasterxml.jackson.databind.deser.BeanDeserializer._deserializeUsingPropertyBased(BeanDeserializer.java:488)
	com.fasterxml.jackson.databind.deser.BeanDeserializerBase.deserializeFromObjectUsingNonDefault(BeanDeserializerBase.java:1287)
	com.fasterxml.jackson.databind.deser.BeanDeserializer.deserializeFromObject(BeanDeserializer.java:326)
	com.fasterxml.jackson.databind.deser.BeanDeserializer.deserialize(BeanDeserializer.java:159)
	com.fasterxml.jackson.databind.ObjectMapper._readMapAndClose(ObjectMapper.java:4013)
	com.fasterxml.jackson.databind.ObjectMapper.readValue(ObjectMapper.java:3023)
	au.com.firemarklabs.nt.NoteDeserializable.deserialize(NoteDeserializable.kt:12)
	au.com.firemarklabs.nt.NoteDeserializable.deserialize(NoteDeserializable.kt:7)
	com.github.kittinunf.fuel.core.ResponseDeserializable$DefaultImpls.deserialize(Deserializable.kt:43)
	au.com.firemarklabs.nt.NoteDeserializable.deserialize(NoteDeserializable.kt:7)
	au.com.firemarklabs.nt.NoteDeserializable.deserialize(NoteDeserializable.kt:7)
	com.github.kittinunf.fuel.core.DeserializableKt.awaitResponse(Deserializable.kt:256)
	au.com.firemarklabs.nt.NTClient$asyncInsert$$inlined$awaitObjectResponse$1.invokeSuspend(Coroutines.kt:68)
	kotlin.coroutines.jvm.internal.BaseContinuationImpl.resumeWith(ContinuationImpl.kt:33)
	kotlinx.coroutines.DispatchedTask.run(DispatchedTask.kt:56)
	kotlinx.coroutines.scheduling.CoroutineScheduler.runSafely(CoroutineScheduler.kt:561)
	kotlinx.coroutines.scheduling.CoroutineScheduler$Worker.executeTask(CoroutineScheduler.kt:727)
	kotlinx.coroutines.scheduling.CoroutineScheduler$Worker.runWorker(CoroutineScheduler.kt:667)
	kotlinx.coroutines.scheduling.CoroutineScheduler$Worker.run(CoroutineScheduler.kt:655)

		... 2 more
	Caused by: com.fasterxml.jackson.module.kotlin.MissingKotlinParameterException: Instantiation of [simple type, class au.com.firemarklabs.nt.Note] value failed for JSON property content due to missing (therefore NULL) value for creator parameter content which is a non-nullable type
 at [Source: (String)&quot;{&quot;status&quot;:&quot;success&quot;,&quot;note&quot;:{&quot;tag&quot;:[&quot;performance&quot;],&quot;_id&quot;:&quot;614c1b8aceece30015ab9c8a&quot;,&quot;content&quot;:&quot;Note 61&quot;,&quot;__v&quot;:0}}&quot;; line: 1, column: 112] (through reference chain: au.com.firemarklabs.nt.Note[&quot;content&quot;])
		at app//com.fasterxml.jackson.module.kotlin.KotlinValueInstantiator.createFromObjectWith(KotlinValueInstantiator.kt:107)
		at app//com.fasterxml.jackson.databind.deser.impl.PropertyBasedCreator.build(PropertyBasedCreator.java:195)
		at app//com.fasterxml.jackson.databind.deser.BeanDeserializer._deserializeUsingPropertyBased(BeanDeserializer.java:488)
		at app//com.fasterxml.jackson.databind.deser.BeanDeserializerBase.deserializeFromObjectUsingNonDefault(BeanDeserializerBase.java:1287)
		at app//com.fasterxml.jackson.databind.deser.BeanDeserializer.deserializeFromObject(BeanDeserializer.java:326)
		at app//com.fasterxml.jackson.databind.deser.BeanDeserializer.deserialize(BeanDeserializer.java:159)
		at app//com.fasterxml.jackson.databind.ObjectMapper._readMapAndClose(ObjectMapper.java:4013)
		at app//com.fasterxml.jackson.databind.ObjectMapper.readValue(ObjectMapper.java:3023)
		at app//au.com.firemarklabs.nt.NoteDeserializable.deserialize(NoteDeserializable.kt:12)
		at app//au.com.firemarklabs.nt.NoteDeserializable.deserialize(NoteDeserializable.kt:7)
		at app//com.github.kittinunf.fuel.core.ResponseDeserializable$DefaultImpls.deserialize(Deserializable.kt:43)
		at app//au.com.firemarklabs.nt.NoteDeserializable.deserialize(NoteDeserializable.kt:7)
		at app//au.com.firemarklabs.nt.NoteDeserializable.deserialize(NoteDeserializable.kt:7)
		at app//com.github.kittinunf.fuel.core.DeserializableKt.awaitResponse(Deserializable.kt:256)
		at app//au.com.firemarklabs.nt.NTClient$asyncInsert$$inlined$awaitObjectResponse$1.invokeSuspend(Coroutines.kt:68)
		at app//kotlin.coroutines.jvm.internal.BaseContinuationImpl.resumeWith(ContinuationImpl.kt:33)
		at app//kotlinx.coroutines.DispatchedTask.run(DispatchedTask.kt:56)
		at app//kotlinx.coroutines.scheduling.CoroutineScheduler.runSafely(CoroutineScheduler.kt:561)
		at app//kotlinx.coroutines.scheduling.CoroutineScheduler$Worker.executeTask(CoroutineScheduler.kt:727)
		at app//kotlinx.coroutines.scheduling.CoroutineScheduler$Worker.runWorker(CoroutineScheduler.kt:667)
		at app//kotlinx.coroutines.scheduling.CoroutineScheduler$Worker.run(CoroutineScheduler.kt:655)
	Suppressed: Instantiation of [simple type, class au.com.firemarklabs.nt.Note] value failed for JSON property content due to missing (therefore NULL) value for creator parameter content which is a non-nullable type
 at [Source: (String)&quot;{&quot;status&quot;:&quot;success&quot;,&quot;note&quot;:{&quot;tag&quot;:[&quot;performance&quot;],&quot;_id&quot;:&quot;614c1b8aceece30015ab9c8b&quot;,&quot;content&quot;:&quot;Note 59&quot;,&quot;__v&quot;:0}}&quot;; line: 1, column: 112] (through reference chain: au.com.firemarklabs.nt.Note[&quot;content&quot;])
	com.github.kittinunf.fuel.core.FuelError$Companion.wrap(FuelError.kt:86)
	com.github.kittinunf.fuel.core.DeserializableKt.awaitResponse(Deserializable.kt:257)
Caused by: com.fasterxml.jackson.module.kotlin.MissingKotlinParameterException: Instantiation of [simple type, class au.com.firemarklabs.nt.Note] value failed for JSON property content due to missing (therefore NULL) value for creator parameter content which is a non-nullable type
 at [Source: (String)&quot;{&quot;status&quot;:&quot;success&quot;,&quot;note&quot;:{&quot;tag&quot;:[&quot;performance&quot;],&quot;_id&quot;:&quot;614c1b8aceece30015ab9c8b&quot;,&quot;content&quot;:&quot;Note 59&quot;,&quot;__v&quot;:0}}&quot;; line: 1, column: 112] (through reference chain: au.com.firemarklabs.nt.Note[&quot;content&quot;])
	com.fasterxml.jackson.module.kotlin.KotlinValueInstantiator.createFromObjectWith(KotlinValueInstantiator.kt:107)
	com.fasterxml.jackson.databind.deser.impl.PropertyBasedCreator.build(PropertyBasedCreator.java:195)
	com.fasterxml.jackson.databind.deser.BeanDeserializer._deserializeUsingPropertyBased(BeanDeserializer.java:488)
	com.fasterxml.jackson.databind.deser.BeanDeserializerBase.deserializeFromObjectUsingNonDefault(BeanDeserializerBase.java:1287)
	com.fasterxml.jackson.databind.deser.BeanDeserializer.deserializeFromObject(BeanDeserializer.java:326)
	com.fasterxml.jackson.databind.deser.BeanDeserializer.deserialize(BeanDeserializer.java:159)
	com.fasterxml.jackson.databind.ObjectMapper._readMapAndClose(ObjectMapper.java:4013)
	com.fasterxml.jackson.databind.ObjectMapper.readValue(ObjectMapper.java:3023)
	au.com.firemarklabs.nt.NoteDeserializable.deserialize(NoteDeserializable.kt:12)
	au.com.firemarklabs.nt.NoteDeserializable.deserialize(NoteDeserializable.kt:7)
	com.github.kittinunf.fuel.core.ResponseDeserializable$DefaultImpls.deserialize(Deserializable.kt:43)
	au.com.firemarklabs.nt.NoteDeserializable.deserialize(NoteDeserializable.kt:7)
	au.com.firemarklabs.nt.NoteDeserializable.deserialize(NoteDeserializable.kt:7)
	com.github.kittinunf.fuel.core.DeserializableKt.awaitResponse(Deserializable.kt:256)
	au.com.firemarklabs.nt.NTClient$asyncInsert$$inlined$awaitObjectResponse$1.invokeSuspend(Coroutines.kt:68)
	kotlin.coroutines.jvm.internal.BaseContinuationImpl.resumeWith(ContinuationImpl.kt:33)
	kotlinx.coroutines.DispatchedTask.run(DispatchedTask.kt:56)
	kotlinx.coroutines.scheduling.CoroutineScheduler.runSafely(CoroutineScheduler.kt:561)
	kotlinx.coroutines.scheduling.CoroutineScheduler$Worker.executeTask(CoroutineScheduler.kt:727)
	kotlinx.coroutines.scheduling.CoroutineScheduler$Worker.runWorker(CoroutineScheduler.kt:667)
	kotlinx.coroutines.scheduling.CoroutineScheduler$Worker.run(CoroutineScheduler.kt:655)

		... 2 more
	Caused by: com.fasterxml.jackson.module.kotlin.MissingKotlinParameterException: Instantiation of [simple type, class au.com.firemarklabs.nt.Note] value failed for JSON property content due to missing (therefore NULL) value for creator parameter content which is a non-nullable type
 at [Source: (String)&quot;{&quot;status&quot;:&quot;success&quot;,&quot;note&quot;:{&quot;tag&quot;:[&quot;performance&quot;],&quot;_id&quot;:&quot;614c1b8aceece30015ab9c8b&quot;,&quot;content&quot;:&quot;Note 59&quot;,&quot;__v&quot;:0}}&quot;; line: 1, column: 112] (through reference chain: au.com.firemarklabs.nt.Note[&quot;content&quot;])
		at app//com.fasterxml.jackson.module.kotlin.KotlinValueInstantiator.createFromObjectWith(KotlinValueInstantiator.kt:107)
		at app//com.fasterxml.jackson.databind.deser.impl.PropertyBasedCreator.build(PropertyBasedCreator.java:195)
		at app//com.fasterxml.jackson.databind.deser.BeanDeserializer._deserializeUsingPropertyBased(BeanDeserializer.java:488)
		at app//com.fasterxml.jackson.databind.deser.BeanDeserializerBase.deserializeFromObjectUsingNonDefault(BeanDeserializerBase.java:1287)
		at app//com.fasterxml.jackson.databind.deser.BeanDeserializer.deserializeFromObject(BeanDeserializer.java:326)
		at app//com.fasterxml.jackson.databind.deser.BeanDeserializer.deserialize(BeanDeserializer.java:159)
		at app//com.fasterxml.jackson.databind.ObjectMapper._readMapAndClose(ObjectMapper.java:4013)
		at app//com.fasterxml.jackson.databind.ObjectMapper.readValue(ObjectMapper.java:3023)
		at app//au.com.firemarklabs.nt.NoteDeserializable.deserialize(NoteDeserializable.kt:12)
		at app//au.com.firemarklabs.nt.NoteDeserializable.deserialize(NoteDeserializable.kt:7)
		at app//com.github.kittinunf.fuel.core.ResponseDeserializable$DefaultImpls.deserialize(Deserializable.kt:43)
		at app//au.com.firemarklabs.nt.NoteDeserializable.deserialize(NoteDeserializable.kt:7)
		at app//au.com.firemarklabs.nt.NoteDeserializable.deserialize(NoteDeserializable.kt:7)
		at app//com.github.kittinunf.fuel.core.DeserializableKt.awaitResponse(Deserializable.kt:256)
		at app//au.com.firemarklabs.nt.NTClient$asyncInsert$$inlined$awaitObjectResponse$1.invokeSuspend(Coroutines.kt:68)
		at app//kotlin.coroutines.jvm.internal.BaseContinuationImpl.resumeWith(ContinuationImpl.kt:33)
		at app//kotlinx.coroutines.DispatchedTask.run(DispatchedTask.kt:56)
		at app//kotlinx.coroutines.scheduling.CoroutineScheduler.runSafely(CoroutineScheduler.kt:561)
		at app//kotlinx.coroutines.scheduling.CoroutineScheduler$Worker.executeTask(CoroutineScheduler.kt:727)
		at app//kotlinx.coroutines.scheduling.CoroutineScheduler$Worker.runWorker(CoroutineScheduler.kt:667)
		at app//kotlinx.coroutines.scheduling.CoroutineScheduler$Worker.run(CoroutineScheduler.kt:655)
	Suppressed: Instantiation of [simple type, class au.com.firemarklabs.nt.Note] value failed for JSON property content due to missing (therefore NULL) value for creator parameter content which is a non-nullable type
 at [Source: (String)&quot;{&quot;status&quot;:&quot;success&quot;,&quot;note&quot;:{&quot;tag&quot;:[&quot;performance&quot;],&quot;_id&quot;:&quot;614c1b8aceece30015ab9c8c&quot;,&quot;content&quot;:&quot;Note 62&quot;,&quot;__v&quot;:0}}&quot;; line: 1, column: 112] (through reference chain: au.com.firemarklabs.nt.Note[&quot;content&quot;])
	com.github.kittinunf.fuel.core.FuelError$Companion.wrap(FuelError.kt:86)
	com.github.kittinunf.fuel.core.DeserializableKt.awaitResponse(Deserializable.kt:257)
Caused by: com.fasterxml.jackson.module.kotlin.MissingKotlinParameterException: Instantiation of [simple type, class au.com.firemarklabs.nt.Note] value failed for JSON property content due to missing (therefore NULL) value for creator parameter content which is a non-nullable type
 at [Source: (String)&quot;{&quot;status&quot;:&quot;success&quot;,&quot;note&quot;:{&quot;tag&quot;:[&quot;performance&quot;],&quot;_id&quot;:&quot;614c1b8aceece30015ab9c8c&quot;,&quot;content&quot;:&quot;Note 62&quot;,&quot;__v&quot;:0}}&quot;; line: 1, column: 112] (through reference chain: au.com.firemarklabs.nt.Note[&quot;content&quot;])
	com.fasterxml.jackson.module.kotlin.KotlinValueInstantiator.createFromObjectWith(KotlinValueInstantiator.kt:107)
	com.fasterxml.jackson.databind.deser.impl.PropertyBasedCreator.build(PropertyBasedCreator.java:195)
	com.fasterxml.jackson.databind.deser.BeanDeserializer._deserializeUsingPropertyBased(BeanDeserializer.java:488)
	com.fasterxml.jackson.databind.deser.BeanDeserializerBase.deserializeFromObjectUsingNonDefault(BeanDeserializerBase.java:1287)
	com.fasterxml.jackson.databind.deser.BeanDeserializer.deserializeFromObject(BeanDeserializer.java:326)
	com.fasterxml.jackson.databind.deser.BeanDeserializer.deserialize(BeanDeserializer.java:159)
	com.fasterxml.jackson.databind.ObjectMapper._readMapAndClose(ObjectMapper.java:4013)
	com.fasterxml.jackson.databind.ObjectMapper.readValue(ObjectMapper.java:3023)
	au.com.firemarklabs.nt.NoteDeserializable.deserialize(NoteDeserializable.kt:12)
	au.com.firemarklabs.nt.NoteDeserializable.deserialize(NoteDeserializable.kt:7)
	com.github.kittinunf.fuel.core.ResponseDeserializable$DefaultImpls.deserialize(Deserializable.kt:43)
	au.com.firemarklabs.nt.NoteDeserializable.deserialize(NoteDeserializable.kt:7)
	au.com.firemarklabs.nt.NoteDeserializable.deserialize(NoteDeserializable.kt:7)
	com.github.kittinunf.fuel.core.DeserializableKt.awaitResponse(Deserializable.kt:256)
	au.com.firemarklabs.nt.NTClient$asyncInsert$$inlined$awaitObjectResponse$1.invokeSuspend(Coroutines.kt:68)
	kotlin.coroutines.jvm.internal.BaseContinuationImpl.resumeWith(ContinuationImpl.kt:33)
	kotlinx.coroutines.DispatchedTask.run(DispatchedTask.kt:56)
	kotlinx.coroutines.scheduling.CoroutineScheduler.runSafely(CoroutineScheduler.kt:561)
	kotlinx.coroutines.scheduling.CoroutineScheduler$Worker.executeTask(CoroutineScheduler.kt:727)
	kotlinx.coroutines.scheduling.CoroutineScheduler$Worker.runWorker(CoroutineScheduler.kt:667)
	kotlinx.coroutines.scheduling.CoroutineScheduler$Worker.run(CoroutineScheduler.kt:655)

		... 2 more
	Caused by: com.fasterxml.jackson.module.kotlin.MissingKotlinParameterException: Instantiation of [simple type, class au.com.firemarklabs.nt.Note] value failed for JSON property content due to missing (therefore NULL) value for creator parameter content which is a non-nullable type
 at [Source: (String)&quot;{&quot;status&quot;:&quot;success&quot;,&quot;note&quot;:{&quot;tag&quot;:[&quot;performance&quot;],&quot;_id&quot;:&quot;614c1b8aceece30015ab9c8c&quot;,&quot;content&quot;:&quot;Note 62&quot;,&quot;__v&quot;:0}}&quot;; line: 1, column: 112] (through reference chain: au.com.firemarklabs.nt.Note[&quot;content&quot;])
		at app//com.fasterxml.jackson.module.kotlin.KotlinValueInstantiator.createFromObjectWith(KotlinValueInstantiator.kt:107)
		at app//com.fasterxml.jackson.databind.deser.impl.PropertyBasedCreator.build(PropertyBasedCreator.java:195)
		at app//com.fasterxml.jackson.databind.deser.BeanDeserializer._deserializeUsingPropertyBased(BeanDeserializer.java:488)
		at app//com.fasterxml.jackson.databind.deser.BeanDeserializerBase.deserializeFromObjectUsingNonDefault(BeanDeserializerBase.java:1287)
		at app//com.fasterxml.jackson.databind.deser.BeanDeserializer.deserializeFromObject(BeanDeserializer.java:326)
		at app//com.fasterxml.jackson.databind.deser.BeanDeserializer.deserialize(BeanDeserializer.java:159)
		at app//com.fasterxml.jackson.databind.ObjectMapper._readMapAndClose(ObjectMapper.java:4013)
		at app//com.fasterxml.jackson.databind.ObjectMapper.readValue(ObjectMapper.java:3023)
		at app//au.com.firemarklabs.nt.NoteDeserializable.deserialize(NoteDeserializable.kt:12)
		at app//au.com.firemarklabs.nt.NoteDeserializable.deserialize(NoteDeserializable.kt:7)
		at app//com.github.kittinunf.fuel.core.ResponseDeserializable$DefaultImpls.deserialize(Deserializable.kt:43)
		at app//au.com.firemarklabs.nt.NoteDeserializable.deserialize(NoteDeserializable.kt:7)
		at app//au.com.firemarklabs.nt.NoteDeserializable.deserialize(NoteDeserializable.kt:7)
		at app//com.github.kittinunf.fuel.core.DeserializableKt.awaitResponse(Deserializable.kt:256)
		at app//au.com.firemarklabs.nt.NTClient$asyncInsert$$inlined$awaitObjectResponse$1.invokeSuspend(Coroutines.kt:68)
		at app//kotlin.coroutines.jvm.internal.BaseContinuationImpl.resumeWith(ContinuationImpl.kt:33)
		at app//kotlinx.coroutines.DispatchedTask.run(DispatchedTask.kt:56)
		at app//kotlinx.coroutines.scheduling.CoroutineScheduler.runSafely(CoroutineScheduler.kt:561)
		at app//kotlinx.coroutines.scheduling.CoroutineScheduler$Worker.executeTask(CoroutineScheduler.kt:727)
		at app//kotlinx.coroutines.scheduling.CoroutineScheduler$Worker.runWorker(CoroutineScheduler.kt:667)
		at app//kotlinx.coroutines.scheduling.CoroutineScheduler$Worker.run(CoroutineScheduler.kt:655)
	Suppressed: Instantiation of [simple type, class au.com.firemarklabs.nt.Note] value failed for JSON property content due to missing (therefore NULL) value for creator parameter content which is a non-nullable type
 at [Source: (String)&quot;{&quot;status&quot;:&quot;success&quot;,&quot;note&quot;:{&quot;tag&quot;:[&quot;performance&quot;],&quot;_id&quot;:&quot;614c1b8aceece30015ab9c8d&quot;,&quot;content&quot;:&quot;Note 64&quot;,&quot;__v&quot;:0}}&quot;; line: 1, column: 112] (through reference chain: au.com.firemarklabs.nt.Note[&quot;content&quot;])
	com.github.kittinunf.fuel.core.FuelError$Companion.wrap(FuelError.kt:86)
	com.github.kittinunf.fuel.core.DeserializableKt.awaitResponse(Deserializable.kt:257)
Caused by: com.fasterxml.jackson.module.kotlin.MissingKotlinParameterException: Instantiation of [simple type, class au.com.firemarklabs.nt.Note] value failed for JSON property content due to missing (therefore NULL) value for creator parameter content which is a non-nullable type
 at [Source: (String)&quot;{&quot;status&quot;:&quot;success&quot;,&quot;note&quot;:{&quot;tag&quot;:[&quot;performance&quot;],&quot;_id&quot;:&quot;614c1b8aceece30015ab9c8d&quot;,&quot;content&quot;:&quot;Note 64&quot;,&quot;__v&quot;:0}}&quot;; line: 1, column: 112] (through reference chain: au.com.firemarklabs.nt.Note[&quot;content&quot;])
	com.fasterxml.jackson.module.kotlin.KotlinValueInstantiator.createFromObjectWith(KotlinValueInstantiator.kt:107)
	com.fasterxml.jackson.databind.deser.impl.PropertyBasedCreator.build(PropertyBasedCreator.java:195)
	com.fasterxml.jackson.databind.deser.BeanDeserializer._deserializeUsingPropertyBased(BeanDeserializer.java:488)
	com.fasterxml.jackson.databind.deser.BeanDeserializerBase.deserializeFromObjectUsingNonDefault(BeanDeserializerBase.java:1287)
	com.fasterxml.jackson.databind.deser.BeanDeserializer.deserializeFromObject(BeanDeserializer.java:326)
	com.fasterxml.jackson.databind.deser.BeanDeserializer.deserialize(BeanDeserializer.java:159)
	com.fasterxml.jackson.databind.ObjectMapper._readMapAndClose(ObjectMapper.java:4013)
	com.fasterxml.jackson.databind.ObjectMapper.readValue(ObjectMapper.java:3023)
	au.com.firemarklabs.nt.NoteDeserializable.deserialize(NoteDeserializable.kt:12)
	au.com.firemarklabs.nt.NoteDeserializable.deserialize(NoteDeserializable.kt:7)
	com.github.kittinunf.fuel.core.ResponseDeserializable$DefaultImpls.deserialize(Deserializable.kt:43)
	au.com.firemarklabs.nt.NoteDeserializable.deserialize(NoteDeserializable.kt:7)
	au.com.firemarklabs.nt.NoteDeserializable.deserialize(NoteDeserializable.kt:7)
	com.github.kittinunf.fuel.core.DeserializableKt.awaitResponse(Deserializable.kt:256)
	au.com.firemarklabs.nt.NTClient$asyncInsert$$inlined$awaitObjectResponse$1.invokeSuspend(Coroutines.kt:68)
	kotlin.coroutines.jvm.internal.BaseContinuationImpl.resumeWith(ContinuationImpl.kt:33)
	kotlinx.coroutines.DispatchedTask.run(DispatchedTask.kt:56)
	kotlinx.coroutines.scheduling.CoroutineScheduler.runSafely(CoroutineScheduler.kt:561)
	kotlinx.coroutines.scheduling.CoroutineScheduler$Worker.executeTask(CoroutineScheduler.kt:727)
	kotlinx.coroutines.scheduling.CoroutineScheduler$Worker.runWorker(CoroutineScheduler.kt:667)
	kotlinx.coroutines.scheduling.CoroutineScheduler$Worker.run(CoroutineScheduler.kt:655)

		... 2 more
	Caused by: com.fasterxml.jackson.module.kotlin.MissingKotlinParameterException: Instantiation of [simple type, class au.com.firemarklabs.nt.Note] value failed for JSON property content due to missing (therefore NULL) value for creator parameter content which is a non-nullable type
 at [Source: (String)&quot;{&quot;status&quot;:&quot;success&quot;,&quot;note&quot;:{&quot;tag&quot;:[&quot;performance&quot;],&quot;_id&quot;:&quot;614c1b8aceece30015ab9c8d&quot;,&quot;content&quot;:&quot;Note 64&quot;,&quot;__v&quot;:0}}&quot;; line: 1, column: 112] (through reference chain: au.com.firemarklabs.nt.Note[&quot;content&quot;])
		at app//com.fasterxml.jackson.module.kotlin.KotlinValueInstantiator.createFromObjectWith(KotlinValueInstantiator.kt:107)
		at app//com.fasterxml.jackson.databind.deser.impl.PropertyBasedCreator.build(PropertyBasedCreator.java:195)
		at app//com.fasterxml.jackson.databind.deser.BeanDeserializer._deserializeUsingPropertyBased(BeanDeserializer.java:488)
		at app//com.fasterxml.jackson.databind.deser.BeanDeserializerBase.deserializeFromObjectUsingNonDefault(BeanDeserializerBase.java:1287)
		at app//com.fasterxml.jackson.databind.deser.BeanDeserializer.deserializeFromObject(BeanDeserializer.java:326)
		at app//com.fasterxml.jackson.databind.deser.BeanDeserializer.deserialize(BeanDeserializer.java:159)
		at app//com.fasterxml.jackson.databind.ObjectMapper._readMapAndClose(ObjectMapper.java:4013)
		at app//com.fasterxml.jackson.databind.ObjectMapper.readValue(ObjectMapper.java:3023)
		at app//au.com.firemarklabs.nt.NoteDeserializable.deserialize(NoteDeserializable.kt:12)
		at app//au.com.firemarklabs.nt.NoteDeserializable.deserialize(NoteDeserializable.kt:7)
		at app//com.github.kittinunf.fuel.core.ResponseDeserializable$DefaultImpls.deserialize(Deserializable.kt:43)
		at app//au.com.firemarklabs.nt.NoteDeserializable.deserialize(NoteDeserializable.kt:7)
		at app//au.com.firemarklabs.nt.NoteDeserializable.deserialize(NoteDeserializable.kt:7)
		at app//com.github.kittinunf.fuel.core.DeserializableKt.awaitResponse(Deserializable.kt:256)
		at app//au.com.firemarklabs.nt.NTClient$asyncInsert$$inlined$awaitObjectResponse$1.invokeSuspend(Coroutines.kt:68)
		at app//kotlin.coroutines.jvm.internal.BaseContinuationImpl.resumeWith(ContinuationImpl.kt:33)
		at app//kotlinx.coroutines.DispatchedTask.run(DispatchedTask.kt:56)
		at app//kotlinx.coroutines.scheduling.CoroutineScheduler.runSafely(CoroutineScheduler.kt:561)
		at app//kotlinx.coroutines.scheduling.CoroutineScheduler$Worker.executeTask(CoroutineScheduler.kt:727)
		at app//kotlinx.coroutines.scheduling.CoroutineScheduler$Worker.runWorker(CoroutineScheduler.kt:667)
		at app//kotlinx.coroutines.scheduling.CoroutineScheduler$Worker.run(CoroutineScheduler.kt:655)
	Suppressed: Instantiation of [simple type, class au.com.firemarklabs.nt.Note] value failed for JSON property content due to missing (therefore NULL) value for creator parameter content which is a non-nullable type
 at [Source: (String)&quot;{&quot;status&quot;:&quot;success&quot;,&quot;note&quot;:{&quot;tag&quot;:[&quot;performance&quot;],&quot;_id&quot;:&quot;614c1b8aceece30015ab9c93&quot;,&quot;content&quot;:&quot;Note 72&quot;,&quot;__v&quot;:0}}&quot;; line: 1, column: 112] (through reference chain: au.com.firemarklabs.nt.Note[&quot;content&quot;])
	com.github.kittinunf.fuel.core.FuelError$Companion.wrap(FuelError.kt:86)
	com.github.kittinunf.fuel.core.DeserializableKt.awaitResponse(Deserializable.kt:257)
Caused by: com.fasterxml.jackson.module.kotlin.MissingKotlinParameterException: Instantiation of [simple type, class au.com.firemarklabs.nt.Note] value failed for JSON property content due to missing (therefore NULL) value for creator parameter content which is a non-nullable type
 at [Source: (String)&quot;{&quot;status&quot;:&quot;success&quot;,&quot;note&quot;:{&quot;tag&quot;:[&quot;performance&quot;],&quot;_id&quot;:&quot;614c1b8aceece30015ab9c93&quot;,&quot;content&quot;:&quot;Note 72&quot;,&quot;__v&quot;:0}}&quot;; line: 1, column: 112] (through reference chain: au.com.firemarklabs.nt.Note[&quot;content&quot;])
	com.fasterxml.jackson.module.kotlin.KotlinValueInstantiator.createFromObjectWith(KotlinValueInstantiator.kt:107)
	com.fasterxml.jackson.databind.deser.impl.PropertyBasedCreator.build(PropertyBasedCreator.java:195)
	com.fasterxml.jackson.databind.deser.BeanDeserializer._deserializeUsingPropertyBased(BeanDeserializer.java:488)
	com.fasterxml.jackson.databind.deser.BeanDeserializerBase.deserializeFromObjectUsingNonDefault(BeanDeserializerBase.java:1287)
	com.fasterxml.jackson.databind.deser.BeanDeserializer.deserializeFromObject(BeanDeserializer.java:326)
	com.fasterxml.jackson.databind.deser.BeanDeserializer.deserialize(BeanDeserializer.java:159)
	com.fasterxml.jackson.databind.ObjectMapper._readMapAndClose(ObjectMapper.java:4013)
	com.fasterxml.jackson.databind.ObjectMapper.readValue(ObjectMapper.java:3023)
	au.com.firemarklabs.nt.NoteDeserializable.deserialize(NoteDeserializable.kt:12)
	au.com.firemarklabs.nt.NoteDeserializable.deserialize(NoteDeserializable.kt:7)
	com.github.kittinunf.fuel.core.ResponseDeserializable$DefaultImpls.deserialize(Deserializable.kt:43)
	au.com.firemarklabs.nt.NoteDeserializable.deserialize(NoteDeserializable.kt:7)
	au.com.firemarklabs.nt.NoteDeserializable.deserialize(NoteDeserializable.kt:7)
	com.github.kittinunf.fuel.core.DeserializableKt.awaitResponse(Deserializable.kt:256)
	au.com.firemarklabs.nt.NTClient$asyncInsert$$inlined$awaitObjectResponse$1.invokeSuspend(Coroutines.kt:68)
	kotlin.coroutines.jvm.internal.BaseContinuationImpl.resumeWith(ContinuationImpl.kt:33)
	kotlinx.coroutines.DispatchedTask.run(DispatchedTask.kt:56)
	kotlinx.coroutines.scheduling.CoroutineScheduler.runSafely(CoroutineScheduler.kt:561)
	kotlinx.coroutines.scheduling.CoroutineScheduler$Worker.executeTask(CoroutineScheduler.kt:727)
	kotlinx.coroutines.scheduling.CoroutineScheduler$Worker.runWorker(CoroutineScheduler.kt:667)
	kotlinx.coroutines.scheduling.CoroutineScheduler$Worker.run(CoroutineScheduler.kt:655)

		... 2 more
	Caused by: com.fasterxml.jackson.module.kotlin.MissingKotlinParameterException: Instantiation of [simple type, class au.com.firemarklabs.nt.Note] value failed for JSON property content due to missing (therefore NULL) value for creator parameter content which is a non-nullable type
 at [Source: (String)&quot;{&quot;status&quot;:&quot;success&quot;,&quot;note&quot;:{&quot;tag&quot;:[&quot;performance&quot;],&quot;_id&quot;:&quot;614c1b8aceece30015ab9c93&quot;,&quot;content&quot;:&quot;Note 72&quot;,&quot;__v&quot;:0}}&quot;; line: 1, column: 112] (through reference chain: au.com.firemarklabs.nt.Note[&quot;content&quot;])
		at app//com.fasterxml.jackson.module.kotlin.KotlinValueInstantiator.createFromObjectWith(KotlinValueInstantiator.kt:107)
		at app//com.fasterxml.jackson.databind.deser.impl.PropertyBasedCreator.build(PropertyBasedCreator.java:195)
		at app//com.fasterxml.jackson.databind.deser.BeanDeserializer._deserializeUsingPropertyBased(BeanDeserializer.java:488)
		at app//com.fasterxml.jackson.databind.deser.BeanDeserializerBase.deserializeFromObjectUsingNonDefault(BeanDeserializerBase.java:1287)
		at app//com.fasterxml.jackson.databind.deser.BeanDeserializer.deserializeFromObject(BeanDeserializer.java:326)
		at app//com.fasterxml.jackson.databind.deser.BeanDeserializer.deserialize(BeanDeserializer.java:159)
		at app//com.fasterxml.jackson.databind.ObjectMapper._readMapAndClose(ObjectMapper.java:4013)
		at app//com.fasterxml.jackson.databind.ObjectMapper.readValue(ObjectMapper.java:3023)
		at app//au.com.firemarklabs.nt.NoteDeserializable.deserialize(NoteDeserializable.kt:12)
		at app//au.com.firemarklabs.nt.NoteDeserializable.deserialize(NoteDeserializable.kt:7)
		at app//com.github.kittinunf.fuel.core.ResponseDeserializable$DefaultImpls.deserialize(Deserializable.kt:43)
		at app//au.com.firemarklabs.nt.NoteDeserializable.deserialize(NoteDeserializable.kt:7)
		at app//au.com.firemarklabs.nt.NoteDeserializable.deserialize(NoteDeserializable.kt:7)
		at app//com.github.kittinunf.fuel.core.DeserializableKt.awaitResponse(Deserializable.kt:256)
		at app//au.com.firemarklabs.nt.NTClient$asyncInsert$$inlined$awaitObjectResponse$1.invokeSuspend(Coroutines.kt:68)
		at app//kotlin.coroutines.jvm.internal.BaseContinuationImpl.resumeWith(ContinuationImpl.kt:33)
		at app//kotlinx.coroutines.DispatchedTask.run(DispatchedTask.kt:56)
		at app//kotlinx.coroutines.scheduling.CoroutineScheduler.runSafely(CoroutineScheduler.kt:561)
		at app//kotlinx.coroutines.scheduling.CoroutineScheduler$Worker.executeTask(CoroutineScheduler.kt:727)
		at app//kotlinx.coroutines.scheduling.CoroutineScheduler$Worker.runWorker(CoroutineScheduler.kt:667)
		at app//kotlinx.coroutines.scheduling.CoroutineScheduler$Worker.run(CoroutineScheduler.kt:655)
	Suppressed: Instantiation of [simple type, class au.com.firemarklabs.nt.Note] value failed for JSON property content due to missing (therefore NULL) value for creator parameter content which is a non-nullable type
 at [Source: (String)&quot;{&quot;status&quot;:&quot;success&quot;,&quot;note&quot;:{&quot;tag&quot;:[&quot;performance&quot;],&quot;_id&quot;:&quot;614c1b8aceece30015ab9c94&quot;,&quot;content&quot;:&quot;Note 73&quot;,&quot;__v&quot;:0}}&quot;; line: 1, column: 112] (through reference chain: au.com.firemarklabs.nt.Note[&quot;content&quot;])
	com.github.kittinunf.fuel.core.FuelError$Companion.wrap(FuelError.kt:86)
	com.github.kittinunf.fuel.core.DeserializableKt.awaitResponse(Deserializable.kt:257)
Caused by: com.fasterxml.jackson.module.kotlin.MissingKotlinParameterException: Instantiation of [simple type, class au.com.firemarklabs.nt.Note] value failed for JSON property content due to missing (therefore NULL) value for creator parameter content which is a non-nullable type
 at [Source: (String)&quot;{&quot;status&quot;:&quot;success&quot;,&quot;note&quot;:{&quot;tag&quot;:[&quot;performance&quot;],&quot;_id&quot;:&quot;614c1b8aceece30015ab9c94&quot;,&quot;content&quot;:&quot;Note 73&quot;,&quot;__v&quot;:0}}&quot;; line: 1, column: 112] (through reference chain: au.com.firemarklabs.nt.Note[&quot;content&quot;])
	com.fasterxml.jackson.module.kotlin.KotlinValueInstantiator.createFromObjectWith(KotlinValueInstantiator.kt:107)
	com.fasterxml.jackson.databind.deser.impl.PropertyBasedCreator.build(PropertyBasedCreator.java:195)
	com.fasterxml.jackson.databind.deser.BeanDeserializer._deserializeUsingPropertyBased(BeanDeserializer.java:488)
	com.fasterxml.jackson.databind.deser.BeanDeserializerBase.deserializeFromObjectUsingNonDefault(BeanDeserializerBase.java:1287)
	com.fasterxml.jackson.databind.deser.BeanDeserializer.deserializeFromObject(BeanDeserializer.java:326)
	com.fasterxml.jackson.databind.deser.BeanDeserializer.deserialize(BeanDeserializer.java:159)
	com.fasterxml.jackson.databind.ObjectMapper._readMapAndClose(ObjectMapper.java:4013)
	com.fasterxml.jackson.databind.ObjectMapper.readValue(ObjectMapper.java:3023)
	au.com.firemarklabs.nt.NoteDeserializable.deserialize(NoteDeserializable.kt:12)
	au.com.firemarklabs.nt.NoteDeserializable.deserialize(NoteDeserializable.kt:7)
	com.github.kittinunf.fuel.core.ResponseDeserializable$DefaultImpls.deserialize(Deserializable.kt:43)
	au.com.firemarklabs.nt.NoteDeserializable.deserialize(NoteDeserializable.kt:7)
	au.com.firemarklabs.nt.NoteDeserializable.deserialize(NoteDeserializable.kt:7)
	com.github.kittinunf.fuel.core.DeserializableKt.awaitResponse(Deserializable.kt:256)
	au.com.firemarklabs.nt.NTClient$asyncInsert$$inlined$awaitObjectResponse$1.invokeSuspend(Coroutines.kt:68)
	kotlin.coroutines.jvm.internal.BaseContinuationImpl.resumeWith(ContinuationImpl.kt:33)
	kotlinx.coroutines.DispatchedTask.run(DispatchedTask.kt:56)
	kotlinx.coroutines.scheduling.CoroutineScheduler.runSafely(CoroutineScheduler.kt:561)
	kotlinx.coroutines.scheduling.CoroutineScheduler$Worker.executeTask(CoroutineScheduler.kt:727)
	kotlinx.coroutines.scheduling.CoroutineScheduler$Worker.runWorker(CoroutineScheduler.kt:667)
	kotlinx.coroutines.scheduling.CoroutineScheduler$Worker.run(CoroutineScheduler.kt:655)

		... 2 more
	Caused by: com.fasterxml.jackson.module.kotlin.MissingKotlinParameterException: Instantiation of [simple type, class au.com.firemarklabs.nt.Note] value failed for JSON property content due to missing (therefore NULL) value for creator parameter content which is a non-nullable type
 at [Source: (String)&quot;{&quot;status&quot;:&quot;success&quot;,&quot;note&quot;:{&quot;tag&quot;:[&quot;performance&quot;],&quot;_id&quot;:&quot;614c1b8aceece30015ab9c94&quot;,&quot;content&quot;:&quot;Note 73&quot;,&quot;__v&quot;:0}}&quot;; line: 1, column: 112] (through reference chain: au.com.firemarklabs.nt.Note[&quot;content&quot;])
		at app//com.fasterxml.jackson.module.kotlin.KotlinValueInstantiator.createFromObjectWith(KotlinValueInstantiator.kt:107)
		at app//com.fasterxml.jackson.databind.deser.impl.PropertyBasedCreator.build(PropertyBasedCreator.java:195)
		at app//com.fasterxml.jackson.databind.deser.BeanDeserializer._deserializeUsingPropertyBased(BeanDeserializer.java:488)
		at app//com.fasterxml.jackson.databind.deser.BeanDeserializerBase.deserializeFromObjectUsingNonDefault(BeanDeserializerBase.java:1287)
		at app//com.fasterxml.jackson.databind.deser.BeanDeserializer.deserializeFromObject(BeanDeserializer.java:326)
		at app//com.fasterxml.jackson.databind.deser.BeanDeserializer.deserialize(BeanDeserializer.java:159)
		at app//com.fasterxml.jackson.databind.ObjectMapper._readMapAndClose(ObjectMapper.java:4013)
		at app//com.fasterxml.jackson.databind.ObjectMapper.readValue(ObjectMapper.java:3023)
		at app//au.com.firemarklabs.nt.NoteDeserializable.deserialize(NoteDeserializable.kt:12)
		at app//au.com.firemarklabs.nt.NoteDeserializable.deserialize(NoteDeserializable.kt:7)
		at app//com.github.kittinunf.fuel.core.ResponseDeserializable$DefaultImpls.deserialize(Deserializable.kt:43)
		at app//au.com.firemarklabs.nt.NoteDeserializable.deserialize(NoteDeserializable.kt:7)
		at app//au.com.firemarklabs.nt.NoteDeserializable.deserialize(NoteDeserializable.kt:7)
		at app//com.github.kittinunf.fuel.core.DeserializableKt.awaitResponse(Deserializable.kt:256)
		at app//au.com.firemarklabs.nt.NTClient$asyncInsert$$inlined$awaitObjectResponse$1.invokeSuspend(Coroutines.kt:68)
		at app//kotlin.coroutines.jvm.internal.BaseContinuationImpl.resumeWith(ContinuationImpl.kt:33)
		at app//kotlinx.coroutines.DispatchedTask.run(DispatchedTask.kt:56)
		at app//kotlinx.coroutines.scheduling.CoroutineScheduler.runSafely(CoroutineScheduler.kt:561)
		at app//kotlinx.coroutines.scheduling.CoroutineScheduler$Worker.executeTask(CoroutineScheduler.kt:727)
		at app//kotlinx.coroutines.scheduling.CoroutineScheduler$Worker.runWorker(CoroutineScheduler.kt:667)
		at app//kotlinx.coroutines.scheduling.CoroutineScheduler$Worker.run(CoroutineScheduler.kt:655)
	Suppressed: Instantiation of [simple type, class au.com.firemarklabs.nt.Note] value failed for JSON property content due to missing (therefore NULL) value for creator parameter content which is a non-nullable type
 at [Source: (String)&quot;{&quot;status&quot;:&quot;success&quot;,&quot;note&quot;:{&quot;tag&quot;:[&quot;performance&quot;],&quot;_id&quot;:&quot;614c1b8aceece30015ab9c95&quot;,&quot;content&quot;:&quot;Note 74&quot;,&quot;__v&quot;:0}}&quot;; line: 1, column: 112] (through reference chain: au.com.firemarklabs.nt.Note[&quot;content&quot;])
	com.github.kittinunf.fuel.core.FuelError$Companion.wrap(FuelError.kt:86)
	com.github.kittinunf.fuel.core.DeserializableKt.awaitResponse(Deserializable.kt:257)
Caused by: com.fasterxml.jackson.module.kotlin.MissingKotlinParameterException: Instantiation of [simple type, class au.com.firemarklabs.nt.Note] value failed for JSON property content due to missing (therefore NULL) value for creator parameter content which is a non-nullable type
 at [Source: (String)&quot;{&quot;status&quot;:&quot;success&quot;,&quot;note&quot;:{&quot;tag&quot;:[&quot;performance&quot;],&quot;_id&quot;:&quot;614c1b8aceece30015ab9c95&quot;,&quot;content&quot;:&quot;Note 74&quot;,&quot;__v&quot;:0}}&quot;; line: 1, column: 112] (through reference chain: au.com.firemarklabs.nt.Note[&quot;content&quot;])
	com.fasterxml.jackson.module.kotlin.KotlinValueInstantiator.createFromObjectWith(KotlinValueInstantiator.kt:107)
	com.fasterxml.jackson.databind.deser.impl.PropertyBasedCreator.build(PropertyBasedCreator.java:195)
	com.fasterxml.jackson.databind.deser.BeanDeserializer._deserializeUsingPropertyBased(BeanDeserializer.java:488)
	com.fasterxml.jackson.databind.deser.BeanDeserializerBase.deserializeFromObjectUsingNonDefault(BeanDeserializerBase.java:1287)
	com.fasterxml.jackson.databind.deser.BeanDeserializer.deserializeFromObject(BeanDeserializer.java:326)
	com.fasterxml.jackson.databind.deser.BeanDeserializer.deserialize(BeanDeserializer.java:159)
	com.fasterxml.jackson.databind.ObjectMapper._readMapAndClose(ObjectMapper.java:4013)
	com.fasterxml.jackson.databind.ObjectMapper.readValue(ObjectMapper.java:3023)
	au.com.firemarklabs.nt.NoteDeserializable.deserialize(NoteDeserializable.kt:12)
	au.com.firemarklabs.nt.NoteDeserializable.deserialize(NoteDeserializable.kt:7)
	com.github.kittinunf.fuel.core.ResponseDeserializable$DefaultImpls.deserialize(Deserializable.kt:43)
	au.com.firemarklabs.nt.NoteDeserializable.deserialize(NoteDeserializable.kt:7)
	au.com.firemarklabs.nt.NoteDeserializable.deserialize(NoteDeserializable.kt:7)
	com.github.kittinunf.fuel.core.DeserializableKt.awaitResponse(Deserializable.kt:256)
	au.com.firemarklabs.nt.NTClient$asyncInsert$$inlined$awaitObjectResponse$1.invokeSuspend(Coroutines.kt:68)
	kotlin.coroutines.jvm.internal.BaseContinuationImpl.resumeWith(ContinuationImpl.kt:33)
	kotlinx.coroutines.DispatchedTask.run(DispatchedTask.kt:56)
	kotlinx.coroutines.scheduling.CoroutineScheduler.runSafely(CoroutineScheduler.kt:561)
	kotlinx.coroutines.scheduling.CoroutineScheduler$Worker.executeTask(CoroutineScheduler.kt:727)
	kotlinx.coroutines.scheduling.CoroutineScheduler$Worker.runWorker(CoroutineScheduler.kt:667)
	kotlinx.coroutines.scheduling.CoroutineScheduler$Worker.run(CoroutineScheduler.kt:655)

		... 2 more
	Caused by: com.fasterxml.jackson.module.kotlin.MissingKotlinParameterException: Instantiation of [simple type, class au.com.firemarklabs.nt.Note] value failed for JSON property content due to missing (therefore NULL) value for creator parameter content which is a non-nullable type
 at [Source: (String)&quot;{&quot;status&quot;:&quot;success&quot;,&quot;note&quot;:{&quot;tag&quot;:[&quot;performance&quot;],&quot;_id&quot;:&quot;614c1b8aceece30015ab9c95&quot;,&quot;content&quot;:&quot;Note 74&quot;,&quot;__v&quot;:0}}&quot;; line: 1, column: 112] (through reference chain: au.com.firemarklabs.nt.Note[&quot;content&quot;])
		at app//com.fasterxml.jackson.module.kotlin.KotlinValueInstantiator.createFromObjectWith(KotlinValueInstantiator.kt:107)
		at app//com.fasterxml.jackson.databind.deser.impl.PropertyBasedCreator.build(PropertyBasedCreator.java:195)
		at app//com.fasterxml.jackson.databind.deser.BeanDeserializer._deserializeUsingPropertyBased(BeanDeserializer.java:488)
		at app//com.fasterxml.jackson.databind.deser.BeanDeserializerBase.deserializeFromObjectUsingNonDefault(BeanDeserializerBase.java:1287)
		at app//com.fasterxml.jackson.databind.deser.BeanDeserializer.deserializeFromObject(BeanDeserializer.java:326)
		at app//com.fasterxml.jackson.databind.deser.BeanDeserializer.deserialize(BeanDeserializer.java:159)
		at app//com.fasterxml.jackson.databind.ObjectMapper._readMapAndClose(ObjectMapper.java:4013)
		at app//com.fasterxml.jackson.databind.ObjectMapper.readValue(ObjectMapper.java:3023)
		at app//au.com.firemarklabs.nt.NoteDeserializable.deserialize(NoteDeserializable.kt:12)
		at app//au.com.firemarklabs.nt.NoteDeserializable.deserialize(NoteDeserializable.kt:7)
		at app//com.github.kittinunf.fuel.core.ResponseDeserializable$DefaultImpls.deserialize(Deserializable.kt:43)
		at app//au.com.firemarklabs.nt.NoteDeserializable.deserialize(NoteDeserializable.kt:7)
		at app//au.com.firemarklabs.nt.NoteDeserializable.deserialize(NoteDeserializable.kt:7)
		at app//com.github.kittinunf.fuel.core.DeserializableKt.awaitResponse(Deserializable.kt:256)
		at app//au.com.firemarklabs.nt.NTClient$asyncInsert$$inlined$awaitObjectResponse$1.invokeSuspend(Coroutines.kt:68)
		at app//kotlin.coroutines.jvm.internal.BaseContinuationImpl.resumeWith(ContinuationImpl.kt:33)
		at app//kotlinx.coroutines.DispatchedTask.run(DispatchedTask.kt:56)
		at app//kotlinx.coroutines.scheduling.CoroutineScheduler.runSafely(CoroutineScheduler.kt:561)
		at app//kotlinx.coroutines.scheduling.CoroutineScheduler$Worker.executeTask(CoroutineScheduler.kt:727)
		at app//kotlinx.coroutines.scheduling.CoroutineScheduler$Worker.runWorker(CoroutineScheduler.kt:667)
		at app//kotlinx.coroutines.scheduling.CoroutineScheduler$Worker.run(CoroutineScheduler.kt:655)
	Suppressed: Instantiation of [simple type, class au.com.firemarklabs.nt.Note] value failed for JSON property content due to missing (therefore NULL) value for creator parameter content which is a non-nullable type
 at [Source: (String)&quot;{&quot;status&quot;:&quot;success&quot;,&quot;note&quot;:{&quot;tag&quot;:[&quot;performance&quot;],&quot;_id&quot;:&quot;614c1b8aceece30015ab9c96&quot;,&quot;content&quot;:&quot;Note 75&quot;,&quot;__v&quot;:0}}&quot;; line: 1, column: 112] (through reference chain: au.com.firemarklabs.nt.Note[&quot;content&quot;])
	com.github.kittinunf.fuel.core.FuelError$Companion.wrap(FuelError.kt:86)
	com.github.kittinunf.fuel.core.DeserializableKt.awaitResponse(Deserializable.kt:257)
Caused by: com.fasterxml.jackson.module.kotlin.MissingKotlinParameterException: Instantiation of [simple type, class au.com.firemarklabs.nt.Note] value failed for JSON property content due to missing (therefore NULL) value for creator parameter content which is a non-nullable type
 at [Source: (String)&quot;{&quot;status&quot;:&quot;success&quot;,&quot;note&quot;:{&quot;tag&quot;:[&quot;performance&quot;],&quot;_id&quot;:&quot;614c1b8aceece30015ab9c96&quot;,&quot;content&quot;:&quot;Note 75&quot;,&quot;__v&quot;:0}}&quot;; line: 1, column: 112] (through reference chain: au.com.firemarklabs.nt.Note[&quot;content&quot;])
	com.fasterxml.jackson.module.kotlin.KotlinValueInstantiator.createFromObjectWith(KotlinValueInstantiator.kt:107)
	com.fasterxml.jackson.databind.deser.impl.PropertyBasedCreator.build(PropertyBasedCreator.java:195)
	com.fasterxml.jackson.databind.deser.BeanDeserializer._deserializeUsingPropertyBased(BeanDeserializer.java:488)
	com.fasterxml.jackson.databind.deser.BeanDeserializerBase.deserializeFromObjectUsingNonDefault(BeanDeserializerBase.java:1287)
	com.fasterxml.jackson.databind.deser.BeanDeserializer.deserializeFromObject(BeanDeserializer.java:326)
	com.fasterxml.jackson.databind.deser.BeanDeserializer.deserialize(BeanDeserializer.java:159)
	com.fasterxml.jackson.databind.ObjectMapper._readMapAndClose(ObjectMapper.java:4013)
	com.fasterxml.jackson.databind.ObjectMapper.readValue(ObjectMapper.java:3023)
	au.com.firemarklabs.nt.NoteDeserializable.deserialize(NoteDeserializable.kt:12)
	au.com.firemarklabs.nt.NoteDeserializable.deserialize(NoteDeserializable.kt:7)
	com.github.kittinunf.fuel.core.ResponseDeserializable$DefaultImpls.deserialize(Deserializable.kt:43)
	au.com.firemarklabs.nt.NoteDeserializable.deserialize(NoteDeserializable.kt:7)
	au.com.firemarklabs.nt.NoteDeserializable.deserialize(NoteDeserializable.kt:7)
	com.github.kittinunf.fuel.core.DeserializableKt.awaitResponse(Deserializable.kt:256)
	au.com.firemarklabs.nt.NTClient$asyncInsert$$inlined$awaitObjectResponse$1.invokeSuspend(Coroutines.kt:68)
	kotlin.coroutines.jvm.internal.BaseContinuationImpl.resumeWith(ContinuationImpl.kt:33)
	kotlinx.coroutines.DispatchedTask.run(DispatchedTask.kt:56)
	kotlinx.coroutines.scheduling.CoroutineScheduler.runSafely(CoroutineScheduler.kt:561)
	kotlinx.coroutines.scheduling.CoroutineScheduler$Worker.executeTask(CoroutineScheduler.kt:727)
	kotlinx.coroutines.scheduling.CoroutineScheduler$Worker.runWorker(CoroutineScheduler.kt:667)
	kotlinx.coroutines.scheduling.CoroutineScheduler$Worker.run(CoroutineScheduler.kt:655)

		... 2 more
	Caused by: com.fasterxml.jackson.module.kotlin.MissingKotlinParameterException: Instantiation of [simple type, class au.com.firemarklabs.nt.Note] value failed for JSON property content due to missing (therefore NULL) value for creator parameter content which is a non-nullable type
 at [Source: (String)&quot;{&quot;status&quot;:&quot;success&quot;,&quot;note&quot;:{&quot;tag&quot;:[&quot;performance&quot;],&quot;_id&quot;:&quot;614c1b8aceece30015ab9c96&quot;,&quot;content&quot;:&quot;Note 75&quot;,&quot;__v&quot;:0}}&quot;; line: 1, column: 112] (through reference chain: au.com.firemarklabs.nt.Note[&quot;content&quot;])
		at app//com.fasterxml.jackson.module.kotlin.KotlinValueInstantiator.createFromObjectWith(KotlinValueInstantiator.kt:107)
		at app//com.fasterxml.jackson.databind.deser.impl.PropertyBasedCreator.build(PropertyBasedCreator.java:195)
		at app//com.fasterxml.jackson.databind.deser.BeanDeserializer._deserializeUsingPropertyBased(BeanDeserializer.java:488)
		at app//com.fasterxml.jackson.databind.deser.BeanDeserializerBase.deserializeFromObjectUsingNonDefault(BeanDeserializerBase.java:1287)
		at app//com.fasterxml.jackson.databind.deser.BeanDeserializer.deserializeFromObject(BeanDeserializer.java:326)
		at app//com.fasterxml.jackson.databind.deser.BeanDeserializer.deserialize(BeanDeserializer.java:159)
		at app//com.fasterxml.jackson.databind.ObjectMapper._readMapAndClose(ObjectMapper.java:4013)
		at app//com.fasterxml.jackson.databind.ObjectMapper.readValue(ObjectMapper.java:3023)
		at app//au.com.firemarklabs.nt.NoteDeserializable.deserialize(NoteDeserializable.kt:12)
		at app//au.com.firemarklabs.nt.NoteDeserializable.deserialize(NoteDeserializable.kt:7)
		at app//com.github.kittinunf.fuel.core.ResponseDeserializable$DefaultImpls.deserialize(Deserializable.kt:43)
		at app//au.com.firemarklabs.nt.NoteDeserializable.deserialize(NoteDeserializable.kt:7)
		at app//au.com.firemarklabs.nt.NoteDeserializable.deserialize(NoteDeserializable.kt:7)
		at app//com.github.kittinunf.fuel.core.DeserializableKt.awaitResponse(Deserializable.kt:256)
		at app//au.com.firemarklabs.nt.NTClient$asyncInsert$$inlined$awaitObjectResponse$1.invokeSuspend(Coroutines.kt:68)
		at app//kotlin.coroutines.jvm.internal.BaseContinuationImpl.resumeWith(ContinuationImpl.kt:33)
		at app//kotlinx.coroutines.DispatchedTask.run(DispatchedTask.kt:56)
		at app//kotlinx.coroutines.scheduling.CoroutineScheduler.runSafely(CoroutineScheduler.kt:561)
		at app//kotlinx.coroutines.scheduling.CoroutineScheduler$Worker.executeTask(CoroutineScheduler.kt:727)
		at app//kotlinx.coroutines.scheduling.CoroutineScheduler$Worker.runWorker(CoroutineScheduler.kt:667)
		at app//kotlinx.coroutines.scheduling.CoroutineScheduler$Worker.run(CoroutineScheduler.kt:655)
	Suppressed: Instantiation of [simple type, class au.com.firemarklabs.nt.Note] value failed for JSON property content due to missing (therefore NULL) value for creator parameter content which is a non-nullable type
 at [Source: (String)&quot;{&quot;status&quot;:&quot;success&quot;,&quot;note&quot;:{&quot;tag&quot;:[&quot;performance&quot;],&quot;_id&quot;:&quot;614c1b8aceece30015ab9c97&quot;,&quot;content&quot;:&quot;Note 76&quot;,&quot;__v&quot;:0}}&quot;; line: 1, column: 112] (through reference chain: au.com.firemarklabs.nt.Note[&quot;content&quot;])
	com.github.kittinunf.fuel.core.FuelError$Companion.wrap(FuelError.kt:86)
	com.github.kittinunf.fuel.core.DeserializableKt.awaitResponse(Deserializable.kt:257)
Caused by: com.fasterxml.jackson.module.kotlin.MissingKotlinParameterException: Instantiation of [simple type, class au.com.firemarklabs.nt.Note] value failed for JSON property content due to missing (therefore NULL) value for creator parameter content which is a non-nullable type
 at [Source: (String)&quot;{&quot;status&quot;:&quot;success&quot;,&quot;note&quot;:{&quot;tag&quot;:[&quot;performance&quot;],&quot;_id&quot;:&quot;614c1b8aceece30015ab9c97&quot;,&quot;content&quot;:&quot;Note 76&quot;,&quot;__v&quot;:0}}&quot;; line: 1, column: 112] (through reference chain: au.com.firemarklabs.nt.Note[&quot;content&quot;])
	com.fasterxml.jackson.module.kotlin.KotlinValueInstantiator.createFromObjectWith(KotlinValueInstantiator.kt:107)
	com.fasterxml.jackson.databind.deser.impl.PropertyBasedCreator.build(PropertyBasedCreator.java:195)
	com.fasterxml.jackson.databind.deser.BeanDeserializer._deserializeUsingPropertyBased(BeanDeserializer.java:488)
	com.fasterxml.jackson.databind.deser.BeanDeserializerBase.deserializeFromObjectUsingNonDefault(BeanDeserializerBase.java:1287)
	com.fasterxml.jackson.databind.deser.BeanDeserializer.deserializeFromObject(BeanDeserializer.java:326)
	com.fasterxml.jackson.databind.deser.BeanDeserializer.deserialize(BeanDeserializer.java:159)
	com.fasterxml.jackson.databind.ObjectMapper._readMapAndClose(ObjectMapper.java:4013)
	com.fasterxml.jackson.databind.ObjectMapper.readValue(ObjectMapper.java:3023)
	au.com.firemarklabs.nt.NoteDeserializable.deserialize(NoteDeserializable.kt:12)
	au.com.firemarklabs.nt.NoteDeserializable.deserialize(NoteDeserializable.kt:7)
	com.github.kittinunf.fuel.core.ResponseDeserializable$DefaultImpls.deserialize(Deserializable.kt:43)
	au.com.firemarklabs.nt.NoteDeserializable.deserialize(NoteDeserializable.kt:7)
	au.com.firemarklabs.nt.NoteDeserializable.deserialize(NoteDeserializable.kt:7)
	com.github.kittinunf.fuel.core.DeserializableKt.awaitResponse(Deserializable.kt:256)
	au.com.firemarklabs.nt.NTClient$asyncInsert$$inlined$awaitObjectResponse$1.invokeSuspend(Coroutines.kt:68)
	kotlin.coroutines.jvm.internal.BaseContinuationImpl.resumeWith(ContinuationImpl.kt:33)
	kotlinx.coroutines.DispatchedTask.run(DispatchedTask.kt:56)
	kotlinx.coroutines.scheduling.CoroutineScheduler.runSafely(CoroutineScheduler.kt:561)
	kotlinx.coroutines.scheduling.CoroutineScheduler$Worker.executeTask(CoroutineScheduler.kt:727)
	kotlinx.coroutines.scheduling.CoroutineScheduler$Worker.runWorker(CoroutineScheduler.kt:667)
	kotlinx.coroutines.scheduling.CoroutineScheduler$Worker.run(CoroutineScheduler.kt:655)

		... 2 more
	Caused by: com.fasterxml.jackson.module.kotlin.MissingKotlinParameterException: Instantiation of [simple type, class au.com.firemarklabs.nt.Note] value failed for JSON property content due to missing (therefore NULL) value for creator parameter content which is a non-nullable type
 at [Source: (String)&quot;{&quot;status&quot;:&quot;success&quot;,&quot;note&quot;:{&quot;tag&quot;:[&quot;performance&quot;],&quot;_id&quot;:&quot;614c1b8aceece30015ab9c97&quot;,&quot;content&quot;:&quot;Note 76&quot;,&quot;__v&quot;:0}}&quot;; line: 1, column: 112] (through reference chain: au.com.firemarklabs.nt.Note[&quot;content&quot;])
		at app//com.fasterxml.jackson.module.kotlin.KotlinValueInstantiator.createFromObjectWith(KotlinValueInstantiator.kt:107)
		at app//com.fasterxml.jackson.databind.deser.impl.PropertyBasedCreator.build(PropertyBasedCreator.java:195)
		at app//com.fasterxml.jackson.databind.deser.BeanDeserializer._deserializeUsingPropertyBased(BeanDeserializer.java:488)
		at app//com.fasterxml.jackson.databind.deser.BeanDeserializerBase.deserializeFromObjectUsingNonDefault(BeanDeserializerBase.java:1287)
		at app//com.fasterxml.jackson.databind.deser.BeanDeserializer.deserializeFromObject(BeanDeserializer.java:326)
		at app//com.fasterxml.jackson.databind.deser.BeanDeserializer.deserialize(BeanDeserializer.java:159)
		at app//com.fasterxml.jackson.databind.ObjectMapper._readMapAndClose(ObjectMapper.java:4013)
		at app//com.fasterxml.jackson.databind.ObjectMapper.readValue(ObjectMapper.java:3023)
		at app//au.com.firemarklabs.nt.NoteDeserializable.deserialize(NoteDeserializable.kt:12)
		at app//au.com.firemarklabs.nt.NoteDeserializable.deserialize(NoteDeserializable.kt:7)
		at app//com.github.kittinunf.fuel.core.ResponseDeserializable$DefaultImpls.deserialize(Deserializable.kt:43)
		at app//au.com.firemarklabs.nt.NoteDeserializable.deserialize(NoteDeserializable.kt:7)
		at app//au.com.firemarklabs.nt.NoteDeserializable.deserialize(NoteDeserializable.kt:7)
		at app//com.github.kittinunf.fuel.core.DeserializableKt.awaitResponse(Deserializable.kt:256)
		at app//au.com.firemarklabs.nt.NTClient$asyncInsert$$inlined$awaitObjectResponse$1.invokeSuspend(Coroutines.kt:68)
		at app//kotlin.coroutines.jvm.internal.BaseContinuationImpl.resumeWith(ContinuationImpl.kt:33)
		at app//kotlinx.coroutines.DispatchedTask.run(DispatchedTask.kt:56)
		at app//kotlinx.coroutines.scheduling.CoroutineScheduler.runSafely(CoroutineScheduler.kt:561)
		at app//kotlinx.coroutines.scheduling.CoroutineScheduler$Worker.executeTask(CoroutineScheduler.kt:727)
		at app//kotlinx.coroutines.scheduling.CoroutineScheduler$Worker.runWorker(CoroutineScheduler.kt:667)
		at app//kotlinx.coroutines.scheduling.CoroutineScheduler$Worker.run(CoroutineScheduler.kt:655)
	Suppressed: Instantiation of [simple type, class au.com.firemarklabs.nt.Note] value failed for JSON property content due to missing (therefore NULL) value for creator parameter content which is a non-nullable type
 at [Source: (String)&quot;{&quot;status&quot;:&quot;success&quot;,&quot;note&quot;:{&quot;tag&quot;:[&quot;performance&quot;],&quot;_id&quot;:&quot;614c1b8aceece30015ab9ca2&quot;,&quot;content&quot;:&quot;Note 77&quot;,&quot;__v&quot;:0}}&quot;; line: 1, column: 112] (through reference chain: au.com.firemarklabs.nt.Note[&quot;content&quot;])
	com.github.kittinunf.fuel.core.FuelError$Companion.wrap(FuelError.kt:86)
	com.github.kittinunf.fuel.core.DeserializableKt.awaitResponse(Deserializable.kt:257)
Caused by: com.fasterxml.jackson.module.kotlin.MissingKotlinParameterException: Instantiation of [simple type, class au.com.firemarklabs.nt.Note] value failed for JSON property content due to missing (therefore NULL) value for creator parameter content which is a non-nullable type
 at [Source: (String)&quot;{&quot;status&quot;:&quot;success&quot;,&quot;note&quot;:{&quot;tag&quot;:[&quot;performance&quot;],&quot;_id&quot;:&quot;614c1b8aceece30015ab9ca2&quot;,&quot;content&quot;:&quot;Note 77&quot;,&quot;__v&quot;:0}}&quot;; line: 1, column: 112] (through reference chain: au.com.firemarklabs.nt.Note[&quot;content&quot;])
	com.fasterxml.jackson.module.kotlin.KotlinValueInstantiator.createFromObjectWith(KotlinValueInstantiator.kt:107)
	com.fasterxml.jackson.databind.deser.impl.PropertyBasedCreator.build(PropertyBasedCreator.java:195)
	com.fasterxml.jackson.databind.deser.BeanDeserializer._deserializeUsingPropertyBased(BeanDeserializer.java:488)
	com.fasterxml.jackson.databind.deser.BeanDeserializerBase.deserializeFromObjectUsingNonDefault(BeanDeserializerBase.java:1287)
	com.fasterxml.jackson.databind.deser.BeanDeserializer.deserializeFromObject(BeanDeserializer.java:326)
	com.fasterxml.jackson.databind.deser.BeanDeserializer.deserialize(BeanDeserializer.java:159)
	com.fasterxml.jackson.databind.ObjectMapper._readMapAndClose(ObjectMapper.java:4013)
	com.fasterxml.jackson.databind.ObjectMapper.readValue(ObjectMapper.java:3023)
	au.com.firemarklabs.nt.NoteDeserializable.deserialize(NoteDeserializable.kt:12)
	au.com.firemarklabs.nt.NoteDeserializable.deserialize(NoteDeserializable.kt:7)
	com.github.kittinunf.fuel.core.ResponseDeserializable$DefaultImpls.deserialize(Deserializable.kt:43)
	au.com.firemarklabs.nt.NoteDeserializable.deserialize(NoteDeserializable.kt:7)
	au.com.firemarklabs.nt.NoteDeserializable.deserialize(NoteDeserializable.kt:7)
	com.github.kittinunf.fuel.core.DeserializableKt.awaitResponse(Deserializable.kt:256)
	au.com.firemarklabs.nt.NTClient$asyncInsert$$inlined$awaitObjectResponse$1.invokeSuspend(Coroutines.kt:68)
	kotlin.coroutines.jvm.internal.BaseContinuationImpl.resumeWith(ContinuationImpl.kt:33)
	kotlinx.coroutines.DispatchedTask.run(DispatchedTask.kt:56)
	kotlinx.coroutines.scheduling.CoroutineScheduler.runSafely(CoroutineScheduler.kt:561)
	kotlinx.coroutines.scheduling.CoroutineScheduler$Worker.executeTask(CoroutineScheduler.kt:727)
	kotlinx.coroutines.scheduling.CoroutineScheduler$Worker.runWorker(CoroutineScheduler.kt:667)
	kotlinx.coroutines.scheduling.CoroutineScheduler$Worker.run(CoroutineScheduler.kt:655)

		... 2 more
	Caused by: com.fasterxml.jackson.module.kotlin.MissingKotlinParameterException: Instantiation of [simple type, class au.com.firemarklabs.nt.Note] value failed for JSON property content due to missing (therefore NULL) value for creator parameter content which is a non-nullable type
 at [Source: (String)&quot;{&quot;status&quot;:&quot;success&quot;,&quot;note&quot;:{&quot;tag&quot;:[&quot;performance&quot;],&quot;_id&quot;:&quot;614c1b8aceece30015ab9ca2&quot;,&quot;content&quot;:&quot;Note 77&quot;,&quot;__v&quot;:0}}&quot;; line: 1, column: 112] (through reference chain: au.com.firemarklabs.nt.Note[&quot;content&quot;])
		at app//com.fasterxml.jackson.module.kotlin.KotlinValueInstantiator.createFromObjectWith(KotlinValueInstantiator.kt:107)
		at app//com.fasterxml.jackson.databind.deser.impl.PropertyBasedCreator.build(PropertyBasedCreator.java:195)
		at app//com.fasterxml.jackson.databind.deser.BeanDeserializer._deserializeUsingPropertyBased(BeanDeserializer.java:488)
		at app//com.fasterxml.jackson.databind.deser.BeanDeserializerBase.deserializeFromObjectUsingNonDefault(BeanDeserializerBase.java:1287)
		at app//com.fasterxml.jackson.databind.deser.BeanDeserializer.deserializeFromObject(BeanDeserializer.java:326)
		at app//com.fasterxml.jackson.databind.deser.BeanDeserializer.deserialize(BeanDeserializer.java:159)
		at app//com.fasterxml.jackson.databind.ObjectMapper._readMapAndClose(ObjectMapper.java:4013)
		at app//com.fasterxml.jackson.databind.ObjectMapper.readValue(ObjectMapper.java:3023)
		at app//au.com.firemarklabs.nt.NoteDeserializable.deserialize(NoteDeserializable.kt:12)
		at app//au.com.firemarklabs.nt.NoteDeserializable.deserialize(NoteDeserializable.kt:7)
		at app//com.github.kittinunf.fuel.core.ResponseDeserializable$DefaultImpls.deserialize(Deserializable.kt:43)
		at app//au.com.firemarklabs.nt.NoteDeserializable.deserialize(NoteDeserializable.kt:7)
		at app//au.com.firemarklabs.nt.NoteDeserializable.deserialize(NoteDeserializable.kt:7)
		at app//com.github.kittinunf.fuel.core.DeserializableKt.awaitResponse(Deserializable.kt:256)
		at app//au.com.firemarklabs.nt.NTClient$asyncInsert$$inlined$awaitObjectResponse$1.invokeSuspend(Coroutines.kt:68)
		at app//kotlin.coroutines.jvm.internal.BaseContinuationImpl.resumeWith(ContinuationImpl.kt:33)
		at app//kotlinx.coroutines.DispatchedTask.run(DispatchedTask.kt:56)
		at app//kotlinx.coroutines.scheduling.CoroutineScheduler.runSafely(CoroutineScheduler.kt:561)
		at app//kotlinx.coroutines.scheduling.CoroutineScheduler$Worker.executeTask(CoroutineScheduler.kt:727)
		at app//kotlinx.coroutines.scheduling.CoroutineScheduler$Worker.runWorker(CoroutineScheduler.kt:667)
		at app//kotlinx.coroutines.scheduling.CoroutineScheduler$Worker.run(CoroutineScheduler.kt:655)
	Suppressed: Instantiation of [simple type, class au.com.firemarklabs.nt.Note] value failed for JSON property content due to missing (therefore NULL) value for creator parameter content which is a non-nullable type
 at [Source: (String)&quot;{&quot;status&quot;:&quot;success&quot;,&quot;note&quot;:{&quot;tag&quot;:[&quot;performance&quot;],&quot;_id&quot;:&quot;614c1b8aceece30015ab9ca3&quot;,&quot;content&quot;:&quot;Note 80&quot;,&quot;__v&quot;:0}}&quot;; line: 1, column: 112] (through reference chain: au.com.firemarklabs.nt.Note[&quot;content&quot;])
	com.github.kittinunf.fuel.core.FuelError$Companion.wrap(FuelError.kt:86)
	com.github.kittinunf.fuel.core.DeserializableKt.awaitResponse(Deserializable.kt:257)
Caused by: com.fasterxml.jackson.module.kotlin.MissingKotlinParameterException: Instantiation of [simple type, class au.com.firemarklabs.nt.Note] value failed for JSON property content due to missing (therefore NULL) value for creator parameter content which is a non-nullable type
 at [Source: (String)&quot;{&quot;status&quot;:&quot;success&quot;,&quot;note&quot;:{&quot;tag&quot;:[&quot;performance&quot;],&quot;_id&quot;:&quot;614c1b8aceece30015ab9ca3&quot;,&quot;content&quot;:&quot;Note 80&quot;,&quot;__v&quot;:0}}&quot;; line: 1, column: 112] (through reference chain: au.com.firemarklabs.nt.Note[&quot;content&quot;])
	com.fasterxml.jackson.module.kotlin.KotlinValueInstantiator.createFromObjectWith(KotlinValueInstantiator.kt:107)
	com.fasterxml.jackson.databind.deser.impl.PropertyBasedCreator.build(PropertyBasedCreator.java:195)
	com.fasterxml.jackson.databind.deser.BeanDeserializer._deserializeUsingPropertyBased(BeanDeserializer.java:488)
	com.fasterxml.jackson.databind.deser.BeanDeserializerBase.deserializeFromObjectUsingNonDefault(BeanDeserializerBase.java:1287)
	com.fasterxml.jackson.databind.deser.BeanDeserializer.deserializeFromObject(BeanDeserializer.java:326)
	com.fasterxml.jackson.databind.deser.BeanDeserializer.deserialize(BeanDeserializer.java:159)
	com.fasterxml.jackson.databind.ObjectMapper._readMapAndClose(ObjectMapper.java:4013)
	com.fasterxml.jackson.databind.ObjectMapper.readValue(ObjectMapper.java:3023)
	au.com.firemarklabs.nt.NoteDeserializable.deserialize(NoteDeserializable.kt:12)
	au.com.firemarklabs.nt.NoteDeserializable.deserialize(NoteDeserializable.kt:7)
	com.github.kittinunf.fuel.core.ResponseDeserializable$DefaultImpls.deserialize(Deserializable.kt:43)
	au.com.firemarklabs.nt.NoteDeserializable.deserialize(NoteDeserializable.kt:7)
	au.com.firemarklabs.nt.NoteDeserializable.deserialize(NoteDeserializable.kt:7)
	com.github.kittinunf.fuel.core.DeserializableKt.awaitResponse(Deserializable.kt:256)
	au.com.firemarklabs.nt.NTClient$asyncInsert$$inlined$awaitObjectResponse$1.invokeSuspend(Coroutines.kt:68)
	kotlin.coroutines.jvm.internal.BaseContinuationImpl.resumeWith(ContinuationImpl.kt:33)
	kotlinx.coroutines.DispatchedTask.run(DispatchedTask.kt:56)
	kotlinx.coroutines.scheduling.CoroutineScheduler.runSafely(CoroutineScheduler.kt:561)
	kotlinx.coroutines.scheduling.CoroutineScheduler$Worker.executeTask(CoroutineScheduler.kt:727)
	kotlinx.coroutines.scheduling.CoroutineScheduler$Worker.runWorker(CoroutineScheduler.kt:667)
	kotlinx.coroutines.scheduling.CoroutineScheduler$Worker.run(CoroutineScheduler.kt:655)

		... 2 more
	Caused by: com.fasterxml.jackson.module.kotlin.MissingKotlinParameterException: Instantiation of [simple type, class au.com.firemarklabs.nt.Note] value failed for JSON property content due to missing (therefore NULL) value for creator parameter content which is a non-nullable type
 at [Source: (String)&quot;{&quot;status&quot;:&quot;success&quot;,&quot;note&quot;:{&quot;tag&quot;:[&quot;performance&quot;],&quot;_id&quot;:&quot;614c1b8aceece30015ab9ca3&quot;,&quot;content&quot;:&quot;Note 80&quot;,&quot;__v&quot;:0}}&quot;; line: 1, column: 112] (through reference chain: au.com.firemarklabs.nt.Note[&quot;content&quot;])
		at app//com.fasterxml.jackson.module.kotlin.KotlinValueInstantiator.createFromObjectWith(KotlinValueInstantiator.kt:107)
		at app//com.fasterxml.jackson.databind.deser.impl.PropertyBasedCreator.build(PropertyBasedCreator.java:195)
		at app//com.fasterxml.jackson.databind.deser.BeanDeserializer._deserializeUsingPropertyBased(BeanDeserializer.java:488)
		at app//com.fasterxml.jackson.databind.deser.BeanDeserializerBase.deserializeFromObjectUsingNonDefault(BeanDeserializerBase.java:1287)
		at app//com.fasterxml.jackson.databind.deser.BeanDeserializer.deserializeFromObject(BeanDeserializer.java:326)
		at app//com.fasterxml.jackson.databind.deser.BeanDeserializer.deserialize(BeanDeserializer.java:159)
		at app//com.fasterxml.jackson.databind.ObjectMapper._readMapAndClose(ObjectMapper.java:4013)
		at app//com.fasterxml.jackson.databind.ObjectMapper.readValue(ObjectMapper.java:3023)
		at app//au.com.firemarklabs.nt.NoteDeserializable.deserialize(NoteDeserializable.kt:12)
		at app//au.com.firemarklabs.nt.NoteDeserializable.deserialize(NoteDeserializable.kt:7)
		at app//com.github.kittinunf.fuel.core.ResponseDeserializable$DefaultImpls.deserialize(Deserializable.kt:43)
		at app//au.com.firemarklabs.nt.NoteDeserializable.deserialize(NoteDeserializable.kt:7)
		at app//au.com.firemarklabs.nt.NoteDeserializable.deserialize(NoteDeserializable.kt:7)
		at app//com.github.kittinunf.fuel.core.DeserializableKt.awaitResponse(Deserializable.kt:256)
		at app//au.com.firemarklabs.nt.NTClient$asyncInsert$$inlined$awaitObjectResponse$1.invokeSuspend(Coroutines.kt:68)
		at app//kotlin.coroutines.jvm.internal.BaseContinuationImpl.resumeWith(ContinuationImpl.kt:33)
		at app//kotlinx.coroutines.DispatchedTask.run(DispatchedTask.kt:56)
		at app//kotlinx.coroutines.scheduling.CoroutineScheduler.runSafely(CoroutineScheduler.kt:561)
		at app//kotlinx.coroutines.scheduling.CoroutineScheduler$Worker.executeTask(CoroutineScheduler.kt:727)
		at app//kotlinx.coroutines.scheduling.CoroutineScheduler$Worker.runWorker(CoroutineScheduler.kt:667)
		at app//kotlinx.coroutines.scheduling.CoroutineScheduler$Worker.run(CoroutineScheduler.kt:655)
	Suppressed: Instantiation of [simple type, class au.com.firemarklabs.nt.Note] value failed for JSON property content due to missing (therefore NULL) value for creator parameter content which is a non-nullable type
 at [Source: (String)&quot;{&quot;status&quot;:&quot;success&quot;,&quot;note&quot;:{&quot;tag&quot;:[&quot;performance&quot;],&quot;_id&quot;:&quot;614c1b8aceece30015ab9ca4&quot;,&quot;content&quot;:&quot;Note 78&quot;,&quot;__v&quot;:0}}&quot;; line: 1, column: 112] (through reference chain: au.com.firemarklabs.nt.Note[&quot;content&quot;])
	com.github.kittinunf.fuel.core.FuelError$Companion.wrap(FuelError.kt:86)
	com.github.kittinunf.fuel.core.DeserializableKt.awaitResponse(Deserializable.kt:257)
Caused by: com.fasterxml.jackson.module.kotlin.MissingKotlinParameterException: Instantiation of [simple type, class au.com.firemarklabs.nt.Note] value failed for JSON property content due to missing (therefore NULL) value for creator parameter content which is a non-nullable type
 at [Source: (String)&quot;{&quot;status&quot;:&quot;success&quot;,&quot;note&quot;:{&quot;tag&quot;:[&quot;performance&quot;],&quot;_id&quot;:&quot;614c1b8aceece30015ab9ca4&quot;,&quot;content&quot;:&quot;Note 78&quot;,&quot;__v&quot;:0}}&quot;; line: 1, column: 112] (through reference chain: au.com.firemarklabs.nt.Note[&quot;content&quot;])
	com.fasterxml.jackson.module.kotlin.KotlinValueInstantiator.createFromObjectWith(KotlinValueInstantiator.kt:107)
	com.fasterxml.jackson.databind.deser.impl.PropertyBasedCreator.build(PropertyBasedCreator.java:195)
	com.fasterxml.jackson.databind.deser.BeanDeserializer._deserializeUsingPropertyBased(BeanDeserializer.java:488)
	com.fasterxml.jackson.databind.deser.BeanDeserializerBase.deserializeFromObjectUsingNonDefault(BeanDeserializerBase.java:1287)
	com.fasterxml.jackson.databind.deser.BeanDeserializer.deserializeFromObject(BeanDeserializer.java:326)
	com.fasterxml.jackson.databind.deser.BeanDeserializer.deserialize(BeanDeserializer.java:159)
	com.fasterxml.jackson.databind.ObjectMapper._readMapAndClose(ObjectMapper.java:4013)
	com.fasterxml.jackson.databind.ObjectMapper.readValue(ObjectMapper.java:3023)
	au.com.firemarklabs.nt.NoteDeserializable.deserialize(NoteDeserializable.kt:12)
	au.com.firemarklabs.nt.NoteDeserializable.deserialize(NoteDeserializable.kt:7)
	com.github.kittinunf.fuel.core.ResponseDeserializable$DefaultImpls.deserialize(Deserializable.kt:43)
	au.com.firemarklabs.nt.NoteDeserializable.deserialize(NoteDeserializable.kt:7)
	au.com.firemarklabs.nt.NoteDeserializable.deserialize(NoteDeserializable.kt:7)
	com.github.kittinunf.fuel.core.DeserializableKt.awaitResponse(Deserializable.kt:256)
	au.com.firemarklabs.nt.NTClient$asyncInsert$$inlined$awaitObjectResponse$1.invokeSuspend(Coroutines.kt:68)
	kotlin.coroutines.jvm.internal.BaseContinuationImpl.resumeWith(ContinuationImpl.kt:33)
	kotlinx.coroutines.DispatchedTask.run(DispatchedTask.kt:56)
	kotlinx.coroutines.scheduling.CoroutineScheduler.runSafely(CoroutineScheduler.kt:561)
	kotlinx.coroutines.scheduling.CoroutineScheduler$Worker.executeTask(CoroutineScheduler.kt:727)
	kotlinx.coroutines.scheduling.CoroutineScheduler$Worker.runWorker(CoroutineScheduler.kt:667)
	kotlinx.coroutines.scheduling.CoroutineScheduler$Worker.run(CoroutineScheduler.kt:655)

		... 2 more
	Caused by: com.fasterxml.jackson.module.kotlin.MissingKotlinParameterException: Instantiation of [simple type, class au.com.firemarklabs.nt.Note] value failed for JSON property content due to missing (therefore NULL) value for creator parameter content which is a non-nullable type
 at [Source: (String)&quot;{&quot;status&quot;:&quot;success&quot;,&quot;note&quot;:{&quot;tag&quot;:[&quot;performance&quot;],&quot;_id&quot;:&quot;614c1b8aceece30015ab9ca4&quot;,&quot;content&quot;:&quot;Note 78&quot;,&quot;__v&quot;:0}}&quot;; line: 1, column: 112] (through reference chain: au.com.firemarklabs.nt.Note[&quot;content&quot;])
		at app//com.fasterxml.jackson.module.kotlin.KotlinValueInstantiator.createFromObjectWith(KotlinValueInstantiator.kt:107)
		at app//com.fasterxml.jackson.databind.deser.impl.PropertyBasedCreator.build(PropertyBasedCreator.java:195)
		at app//com.fasterxml.jackson.databind.deser.BeanDeserializer._deserializeUsingPropertyBased(BeanDeserializer.java:488)
		at app//com.fasterxml.jackson.databind.deser.BeanDeserializerBase.deserializeFromObjectUsingNonDefault(BeanDeserializerBase.java:1287)
		at app//com.fasterxml.jackson.databind.deser.BeanDeserializer.deserializeFromObject(BeanDeserializer.java:326)
		at app//com.fasterxml.jackson.databind.deser.BeanDeserializer.deserialize(BeanDeserializer.java:159)
		at app//com.fasterxml.jackson.databind.ObjectMapper._readMapAndClose(ObjectMapper.java:4013)
		at app//com.fasterxml.jackson.databind.ObjectMapper.readValue(ObjectMapper.java:3023)
		at app//au.com.firemarklabs.nt.NoteDeserializable.deserialize(NoteDeserializable.kt:12)
		at app//au.com.firemarklabs.nt.NoteDeserializable.deserialize(NoteDeserializable.kt:7)
		at app//com.github.kittinunf.fuel.core.ResponseDeserializable$DefaultImpls.deserialize(Deserializable.kt:43)
		at app//au.com.firemarklabs.nt.NoteDeserializable.deserialize(NoteDeserializable.kt:7)
		at app//au.com.firemarklabs.nt.NoteDeserializable.deserialize(NoteDeserializable.kt:7)
		at app//com.github.kittinunf.fuel.core.DeserializableKt.awaitResponse(Deserializable.kt:256)
		at app//au.com.firemarklabs.nt.NTClient$asyncInsert$$inlined$awaitObjectResponse$1.invokeSuspend(Coroutines.kt:68)
		at app//kotlin.coroutines.jvm.internal.BaseContinuationImpl.resumeWith(ContinuationImpl.kt:33)
		at app//kotlinx.coroutines.DispatchedTask.run(DispatchedTask.kt:56)
		at app//kotlinx.coroutines.scheduling.CoroutineScheduler.runSafely(CoroutineScheduler.kt:561)
		at app//kotlinx.coroutines.scheduling.CoroutineScheduler$Worker.executeTask(CoroutineScheduler.kt:727)
		at app//kotlinx.coroutines.scheduling.CoroutineScheduler$Worker.runWorker(CoroutineScheduler.kt:667)
		at app//kotlinx.coroutines.scheduling.CoroutineScheduler$Worker.run(CoroutineScheduler.kt:655)
	Suppressed: Instantiation of [simple type, class au.com.firemarklabs.nt.Note] value failed for JSON property content due to missing (therefore NULL) value for creator parameter content which is a non-nullable type
 at [Source: (String)&quot;{&quot;status&quot;:&quot;success&quot;,&quot;note&quot;:{&quot;tag&quot;:[&quot;performance&quot;],&quot;_id&quot;:&quot;614c1b8aceece30015ab9ca5&quot;,&quot;content&quot;:&quot;Note 79&quot;,&quot;__v&quot;:0}}&quot;; line: 1, column: 112] (through reference chain: au.com.firemarklabs.nt.Note[&quot;content&quot;])
	com.github.kittinunf.fuel.core.FuelError$Companion.wrap(FuelError.kt:86)
	com.github.kittinunf.fuel.core.DeserializableKt.awaitResponse(Deserializable.kt:257)
Caused by: com.fasterxml.jackson.module.kotlin.MissingKotlinParameterException: Instantiation of [simple type, class au.com.firemarklabs.nt.Note] value failed for JSON property content due to missing (therefore NULL) value for creator parameter content which is a non-nullable type
 at [Source: (String)&quot;{&quot;status&quot;:&quot;success&quot;,&quot;note&quot;:{&quot;tag&quot;:[&quot;performance&quot;],&quot;_id&quot;:&quot;614c1b8aceece30015ab9ca5&quot;,&quot;content&quot;:&quot;Note 79&quot;,&quot;__v&quot;:0}}&quot;; line: 1, column: 112] (through reference chain: au.com.firemarklabs.nt.Note[&quot;content&quot;])
	com.fasterxml.jackson.module.kotlin.KotlinValueInstantiator.createFromObjectWith(KotlinValueInstantiator.kt:107)
	com.fasterxml.jackson.databind.deser.impl.PropertyBasedCreator.build(PropertyBasedCreator.java:195)
	com.fasterxml.jackson.databind.deser.BeanDeserializer._deserializeUsingPropertyBased(BeanDeserializer.java:488)
	com.fasterxml.jackson.databind.deser.BeanDeserializerBase.deserializeFromObjectUsingNonDefault(BeanDeserializerBase.java:1287)
	com.fasterxml.jackson.databind.deser.BeanDeserializer.deserializeFromObject(BeanDeserializer.java:326)
	com.fasterxml.jackson.databind.deser.BeanDeserializer.deserialize(BeanDeserializer.java:159)
	com.fasterxml.jackson.databind.ObjectMapper._readMapAndClose(ObjectMapper.java:4013)
	com.fasterxml.jackson.databind.ObjectMapper.readValue(ObjectMapper.java:3023)
	au.com.firemarklabs.nt.NoteDeserializable.deserialize(NoteDeserializable.kt:12)
	au.com.firemarklabs.nt.NoteDeserializable.deserialize(NoteDeserializable.kt:7)
	com.github.kittinunf.fuel.core.ResponseDeserializable$DefaultImpls.deserialize(Deserializable.kt:43)
	au.com.firemarklabs.nt.NoteDeserializable.deserialize(NoteDeserializable.kt:7)
	au.com.firemarklabs.nt.NoteDeserializable.deserialize(NoteDeserializable.kt:7)
	com.github.kittinunf.fuel.core.DeserializableKt.awaitResponse(Deserializable.kt:256)
	au.com.firemarklabs.nt.NTClient$asyncInsert$$inlined$awaitObjectResponse$1.invokeSuspend(Coroutines.kt:68)
	kotlin.coroutines.jvm.internal.BaseContinuationImpl.resumeWith(ContinuationImpl.kt:33)
	kotlinx.coroutines.DispatchedTask.run(DispatchedTask.kt:56)
	kotlinx.coroutines.scheduling.CoroutineScheduler.runSafely(CoroutineScheduler.kt:561)
	kotlinx.coroutines.scheduling.CoroutineScheduler$Worker.executeTask(CoroutineScheduler.kt:727)
	kotlinx.coroutines.scheduling.CoroutineScheduler$Worker.runWorker(CoroutineScheduler.kt:667)
	kotlinx.coroutines.scheduling.CoroutineScheduler$Worker.run(CoroutineScheduler.kt:655)

		... 2 more
	Caused by: com.fasterxml.jackson.module.kotlin.MissingKotlinParameterException: Instantiation of [simple type, class au.com.firemarklabs.nt.Note] value failed for JSON property content due to missing (therefore NULL) value for creator parameter content which is a non-nullable type
 at [Source: (String)&quot;{&quot;status&quot;:&quot;success&quot;,&quot;note&quot;:{&quot;tag&quot;:[&quot;performance&quot;],&quot;_id&quot;:&quot;614c1b8aceece30015ab9ca5&quot;,&quot;content&quot;:&quot;Note 79&quot;,&quot;__v&quot;:0}}&quot;; line: 1, column: 112] (through reference chain: au.com.firemarklabs.nt.Note[&quot;content&quot;])
		at app//com.fasterxml.jackson.module.kotlin.KotlinValueInstantiator.createFromObjectWith(KotlinValueInstantiator.kt:107)
		at app//com.fasterxml.jackson.databind.deser.impl.PropertyBasedCreator.build(PropertyBasedCreator.java:195)
		at app//com.fasterxml.jackson.databind.deser.BeanDeserializer._deserializeUsingPropertyBased(BeanDeserializer.java:488)
		at app//com.fasterxml.jackson.databind.deser.BeanDeserializerBase.deserializeFromObjectUsingNonDefault(BeanDeserializerBase.java:1287)
		at app//com.fasterxml.jackson.databind.deser.BeanDeserializer.deserializeFromObject(BeanDeserializer.java:326)
		at app//com.fasterxml.jackson.databind.deser.BeanDeserializer.deserialize(BeanDeserializer.java:159)
		at app//com.fasterxml.jackson.databind.ObjectMapper._readMapAndClose(ObjectMapper.java:4013)
		at app//com.fasterxml.jackson.databind.ObjectMapper.readValue(ObjectMapper.java:3023)
		at app//au.com.firemarklabs.nt.NoteDeserializable.deserialize(NoteDeserializable.kt:12)
		at app//au.com.firemarklabs.nt.NoteDeserializable.deserialize(NoteDeserializable.kt:7)
		at app//com.github.kittinunf.fuel.core.ResponseDeserializable$DefaultImpls.deserialize(Deserializable.kt:43)
		at app//au.com.firemarklabs.nt.NoteDeserializable.deserialize(NoteDeserializable.kt:7)
		at app//au.com.firemarklabs.nt.NoteDeserializable.deserialize(NoteDeserializable.kt:7)
		at app//com.github.kittinunf.fuel.core.DeserializableKt.awaitResponse(Deserializable.kt:256)
		at app//au.com.firemarklabs.nt.NTClient$asyncInsert$$inlined$awaitObjectResponse$1.invokeSuspend(Coroutines.kt:68)
		at app//kotlin.coroutines.jvm.internal.BaseContinuationImpl.resumeWith(ContinuationImpl.kt:33)
		at app//kotlinx.coroutines.DispatchedTask.run(DispatchedTask.kt:56)
		at app//kotlinx.coroutines.scheduling.CoroutineScheduler.runSafely(CoroutineScheduler.kt:561)
		at app//kotlinx.coroutines.scheduling.CoroutineScheduler$Worker.executeTask(CoroutineScheduler.kt:727)
		at app//kotlinx.coroutines.scheduling.CoroutineScheduler$Worker.runWorker(CoroutineScheduler.kt:667)
		at app//kotlinx.coroutines.scheduling.CoroutineScheduler$Worker.run(CoroutineScheduler.kt:655)
	Suppressed: Instantiation of [simple type, class au.com.firemarklabs.nt.Note] value failed for JSON property content due to missing (therefore NULL) value for creator parameter content which is a non-nullable type
 at [Source: (String)&quot;{&quot;status&quot;:&quot;success&quot;,&quot;note&quot;:{&quot;tag&quot;:[&quot;performance&quot;],&quot;_id&quot;:&quot;614c1b8aceece30015ab9cb0&quot;,&quot;content&quot;:&quot;Note 82&quot;,&quot;__v&quot;:0}}&quot;; line: 1, column: 112] (through reference chain: au.com.firemarklabs.nt.Note[&quot;content&quot;])
	com.github.kittinunf.fuel.core.FuelError$Companion.wrap(FuelError.kt:86)
	com.github.kittinunf.fuel.core.DeserializableKt.awaitResponse(Deserializable.kt:257)
Caused by: com.fasterxml.jackson.module.kotlin.MissingKotlinParameterException: Instantiation of [simple type, class au.com.firemarklabs.nt.Note] value failed for JSON property content due to missing (therefore NULL) value for creator parameter content which is a non-nullable type
 at [Source: (String)&quot;{&quot;status&quot;:&quot;success&quot;,&quot;note&quot;:{&quot;tag&quot;:[&quot;performance&quot;],&quot;_id&quot;:&quot;614c1b8aceece30015ab9cb0&quot;,&quot;content&quot;:&quot;Note 82&quot;,&quot;__v&quot;:0}}&quot;; line: 1, column: 112] (through reference chain: au.com.firemarklabs.nt.Note[&quot;content&quot;])
	com.fasterxml.jackson.module.kotlin.KotlinValueInstantiator.createFromObjectWith(KotlinValueInstantiator.kt:107)
	com.fasterxml.jackson.databind.deser.impl.PropertyBasedCreator.build(PropertyBasedCreator.java:195)
	com.fasterxml.jackson.databind.deser.BeanDeserializer._deserializeUsingPropertyBased(BeanDeserializer.java:488)
	com.fasterxml.jackson.databind.deser.BeanDeserializerBase.deserializeFromObjectUsingNonDefault(BeanDeserializerBase.java:1287)
	com.fasterxml.jackson.databind.deser.BeanDeserializer.deserializeFromObject(BeanDeserializer.java:326)
	com.fasterxml.jackson.databind.deser.BeanDeserializer.deserialize(BeanDeserializer.java:159)
	com.fasterxml.jackson.databind.ObjectMapper._readMapAndClose(ObjectMapper.java:4013)
	com.fasterxml.jackson.databind.ObjectMapper.readValue(ObjectMapper.java:3023)
	au.com.firemarklabs.nt.NoteDeserializable.deserialize(NoteDeserializable.kt:12)
	au.com.firemarklabs.nt.NoteDeserializable.deserialize(NoteDeserializable.kt:7)
	com.github.kittinunf.fuel.core.ResponseDeserializable$DefaultImpls.deserialize(Deserializable.kt:43)
	au.com.firemarklabs.nt.NoteDeserializable.deserialize(NoteDeserializable.kt:7)
	au.com.firemarklabs.nt.NoteDeserializable.deserialize(NoteDeserializable.kt:7)
	com.github.kittinunf.fuel.core.DeserializableKt.awaitResponse(Deserializable.kt:256)
	au.com.firemarklabs.nt.NTClient$asyncInsert$$inlined$awaitObjectResponse$1.invokeSuspend(Coroutines.kt:68)
	kotlin.coroutines.jvm.internal.BaseContinuationImpl.resumeWith(ContinuationImpl.kt:33)
	kotlinx.coroutines.DispatchedTask.run(DispatchedTask.kt:56)
	kotlinx.coroutines.scheduling.CoroutineScheduler.runSafely(CoroutineScheduler.kt:561)
	kotlinx.coroutines.scheduling.CoroutineScheduler$Worker.executeTask(CoroutineScheduler.kt:727)
	kotlinx.coroutines.scheduling.CoroutineScheduler$Worker.runWorker(CoroutineScheduler.kt:667)
	kotlinx.coroutines.scheduling.CoroutineScheduler$Worker.run(CoroutineScheduler.kt:655)

		... 2 more
	Caused by: com.fasterxml.jackson.module.kotlin.MissingKotlinParameterException: Instantiation of [simple type, class au.com.firemarklabs.nt.Note] value failed for JSON property content due to missing (therefore NULL) value for creator parameter content which is a non-nullable type
 at [Source: (String)&quot;{&quot;status&quot;:&quot;success&quot;,&quot;note&quot;:{&quot;tag&quot;:[&quot;performance&quot;],&quot;_id&quot;:&quot;614c1b8aceece30015ab9cb0&quot;,&quot;content&quot;:&quot;Note 82&quot;,&quot;__v&quot;:0}}&quot;; line: 1, column: 112] (through reference chain: au.com.firemarklabs.nt.Note[&quot;content&quot;])
		at app//com.fasterxml.jackson.module.kotlin.KotlinValueInstantiator.createFromObjectWith(KotlinValueInstantiator.kt:107)
		at app//com.fasterxml.jackson.databind.deser.impl.PropertyBasedCreator.build(PropertyBasedCreator.java:195)
		at app//com.fasterxml.jackson.databind.deser.BeanDeserializer._deserializeUsingPropertyBased(BeanDeserializer.java:488)
		at app//com.fasterxml.jackson.databind.deser.BeanDeserializerBase.deserializeFromObjectUsingNonDefault(BeanDeserializerBase.java:1287)
		at app//com.fasterxml.jackson.databind.deser.BeanDeserializer.deserializeFromObject(BeanDeserializer.java:326)
		at app//com.fasterxml.jackson.databind.deser.BeanDeserializer.deserialize(BeanDeserializer.java:159)
		at app//com.fasterxml.jackson.databind.ObjectMapper._readMapAndClose(ObjectMapper.java:4013)
		at app//com.fasterxml.jackson.databind.ObjectMapper.readValue(ObjectMapper.java:3023)
		at app//au.com.firemarklabs.nt.NoteDeserializable.deserialize(NoteDeserializable.kt:12)
		at app//au.com.firemarklabs.nt.NoteDeserializable.deserialize(NoteDeserializable.kt:7)
		at app//com.github.kittinunf.fuel.core.ResponseDeserializable$DefaultImpls.deserialize(Deserializable.kt:43)
		at app//au.com.firemarklabs.nt.NoteDeserializable.deserialize(NoteDeserializable.kt:7)
		at app//au.com.firemarklabs.nt.NoteDeserializable.deserialize(NoteDeserializable.kt:7)
		at app//com.github.kittinunf.fuel.core.DeserializableKt.awaitResponse(Deserializable.kt:256)
		at app//au.com.firemarklabs.nt.NTClient$asyncInsert$$inlined$awaitObjectResponse$1.invokeSuspend(Coroutines.kt:68)
		at app//kotlin.coroutines.jvm.internal.BaseContinuationImpl.resumeWith(ContinuationImpl.kt:33)
		at app//kotlinx.coroutines.DispatchedTask.run(DispatchedTask.kt:56)
		at app//kotlinx.coroutines.scheduling.CoroutineScheduler.runSafely(CoroutineScheduler.kt:561)
		at app//kotlinx.coroutines.scheduling.CoroutineScheduler$Worker.executeTask(CoroutineScheduler.kt:727)
		at app//kotlinx.coroutines.scheduling.CoroutineScheduler$Worker.runWorker(CoroutineScheduler.kt:667)
		at app//kotlinx.coroutines.scheduling.CoroutineScheduler$Worker.run(CoroutineScheduler.kt:655)
	Suppressed: Instantiation of [simple type, class au.com.firemarklabs.nt.Note] value failed for JSON property content due to missing (therefore NULL) value for creator parameter content which is a non-nullable type
 at [Source: (String)&quot;{&quot;status&quot;:&quot;success&quot;,&quot;note&quot;:{&quot;tag&quot;:[&quot;performance&quot;],&quot;_id&quot;:&quot;614c1b8aceece30015ab9cb1&quot;,&quot;content&quot;:&quot;Note 81&quot;,&quot;__v&quot;:0}}&quot;; line: 1, column: 112] (through reference chain: au.com.firemarklabs.nt.Note[&quot;content&quot;])
	com.github.kittinunf.fuel.core.FuelError$Companion.wrap(FuelError.kt:86)
	com.github.kittinunf.fuel.core.DeserializableKt.awaitResponse(Deserializable.kt:257)
Caused by: com.fasterxml.jackson.module.kotlin.MissingKotlinParameterException: Instantiation of [simple type, class au.com.firemarklabs.nt.Note] value failed for JSON property content due to missing (therefore NULL) value for creator parameter content which is a non-nullable type
 at [Source: (String)&quot;{&quot;status&quot;:&quot;success&quot;,&quot;note&quot;:{&quot;tag&quot;:[&quot;performance&quot;],&quot;_id&quot;:&quot;614c1b8aceece30015ab9cb1&quot;,&quot;content&quot;:&quot;Note 81&quot;,&quot;__v&quot;:0}}&quot;; line: 1, column: 112] (through reference chain: au.com.firemarklabs.nt.Note[&quot;content&quot;])
	com.fasterxml.jackson.module.kotlin.KotlinValueInstantiator.createFromObjectWith(KotlinValueInstantiator.kt:107)
	com.fasterxml.jackson.databind.deser.impl.PropertyBasedCreator.build(PropertyBasedCreator.java:195)
	com.fasterxml.jackson.databind.deser.BeanDeserializer._deserializeUsingPropertyBased(BeanDeserializer.java:488)
	com.fasterxml.jackson.databind.deser.BeanDeserializerBase.deserializeFromObjectUsingNonDefault(BeanDeserializerBase.java:1287)
	com.fasterxml.jackson.databind.deser.BeanDeserializer.deserializeFromObject(BeanDeserializer.java:326)
	com.fasterxml.jackson.databind.deser.BeanDeserializer.deserialize(BeanDeserializer.java:159)
	com.fasterxml.jackson.databind.ObjectMapper._readMapAndClose(ObjectMapper.java:4013)
	com.fasterxml.jackson.databind.ObjectMapper.readValue(ObjectMapper.java:3023)
	au.com.firemarklabs.nt.NoteDeserializable.deserialize(NoteDeserializable.kt:12)
	au.com.firemarklabs.nt.NoteDeserializable.deserialize(NoteDeserializable.kt:7)
	com.github.kittinunf.fuel.core.ResponseDeserializable$DefaultImpls.deserialize(Deserializable.kt:43)
	au.com.firemarklabs.nt.NoteDeserializable.deserialize(NoteDeserializable.kt:7)
	au.com.firemarklabs.nt.NoteDeserializable.deserialize(NoteDeserializable.kt:7)
	com.github.kittinunf.fuel.core.DeserializableKt.awaitResponse(Deserializable.kt:256)
	au.com.firemarklabs.nt.NTClient$asyncInsert$$inlined$awaitObjectResponse$1.invokeSuspend(Coroutines.kt:68)
	kotlin.coroutines.jvm.internal.BaseContinuationImpl.resumeWith(ContinuationImpl.kt:33)
	kotlinx.coroutines.DispatchedTask.run(DispatchedTask.kt:56)
	kotlinx.coroutines.scheduling.CoroutineScheduler.runSafely(CoroutineScheduler.kt:561)
	kotlinx.coroutines.scheduling.CoroutineScheduler$Worker.executeTask(CoroutineScheduler.kt:727)
	kotlinx.coroutines.scheduling.CoroutineScheduler$Worker.runWorker(CoroutineScheduler.kt:667)
	kotlinx.coroutines.scheduling.CoroutineScheduler$Worker.run(CoroutineScheduler.kt:655)

		... 2 more
	Caused by: com.fasterxml.jackson.module.kotlin.MissingKotlinParameterException: Instantiation of [simple type, class au.com.firemarklabs.nt.Note] value failed for JSON property content due to missing (therefore NULL) value for creator parameter content which is a non-nullable type
 at [Source: (String)&quot;{&quot;status&quot;:&quot;success&quot;,&quot;note&quot;:{&quot;tag&quot;:[&quot;performance&quot;],&quot;_id&quot;:&quot;614c1b8aceece30015ab9cb1&quot;,&quot;content&quot;:&quot;Note 81&quot;,&quot;__v&quot;:0}}&quot;; line: 1, column: 112] (through reference chain: au.com.firemarklabs.nt.Note[&quot;content&quot;])
		at app//com.fasterxml.jackson.module.kotlin.KotlinValueInstantiator.createFromObjectWith(KotlinValueInstantiator.kt:107)
		at app//com.fasterxml.jackson.databind.deser.impl.PropertyBasedCreator.build(PropertyBasedCreator.java:195)
		at app//com.fasterxml.jackson.databind.deser.BeanDeserializer._deserializeUsingPropertyBased(BeanDeserializer.java:488)
		at app//com.fasterxml.jackson.databind.deser.BeanDeserializerBase.deserializeFromObjectUsingNonDefault(BeanDeserializerBase.java:1287)
		at app//com.fasterxml.jackson.databind.deser.BeanDeserializer.deserializeFromObject(BeanDeserializer.java:326)
		at app//com.fasterxml.jackson.databind.deser.BeanDeserializer.deserialize(BeanDeserializer.java:159)
		at app//com.fasterxml.jackson.databind.ObjectMapper._readMapAndClose(ObjectMapper.java:4013)
		at app//com.fasterxml.jackson.databind.ObjectMapper.readValue(ObjectMapper.java:3023)
		at app//au.com.firemarklabs.nt.NoteDeserializable.deserialize(NoteDeserializable.kt:12)
		at app//au.com.firemarklabs.nt.NoteDeserializable.deserialize(NoteDeserializable.kt:7)
		at app//com.github.kittinunf.fuel.core.ResponseDeserializable$DefaultImpls.deserialize(Deserializable.kt:43)
		at app//au.com.firemarklabs.nt.NoteDeserializable.deserialize(NoteDeserializable.kt:7)
		at app//au.com.firemarklabs.nt.NoteDeserializable.deserialize(NoteDeserializable.kt:7)
		at app//com.github.kittinunf.fuel.core.DeserializableKt.awaitResponse(Deserializable.kt:256)
		at app//au.com.firemarklabs.nt.NTClient$asyncInsert$$inlined$awaitObjectResponse$1.invokeSuspend(Coroutines.kt:68)
		at app//kotlin.coroutines.jvm.internal.BaseContinuationImpl.resumeWith(ContinuationImpl.kt:33)
		at app//kotlinx.coroutines.DispatchedTask.run(DispatchedTask.kt:56)
		at app//kotlinx.coroutines.scheduling.CoroutineScheduler.runSafely(CoroutineScheduler.kt:561)
		at app//kotlinx.coroutines.scheduling.CoroutineScheduler$Worker.executeTask(CoroutineScheduler.kt:727)
		at app//kotlinx.coroutines.scheduling.CoroutineScheduler$Worker.runWorker(CoroutineScheduler.kt:667)
		at app//kotlinx.coroutines.scheduling.CoroutineScheduler$Worker.run(CoroutineScheduler.kt:655)
	Suppressed: Instantiation of [simple type, class au.com.firemarklabs.nt.Note] value failed for JSON property content due to missing (therefore NULL) value for creator parameter content which is a non-nullable type
 at [Source: (String)&quot;{&quot;status&quot;:&quot;success&quot;,&quot;note&quot;:{&quot;tag&quot;:[&quot;performance&quot;],&quot;_id&quot;:&quot;614c1b8aceece30015ab9cb2&quot;,&quot;content&quot;:&quot;Note 83&quot;,&quot;__v&quot;:0}}&quot;; line: 1, column: 112] (through reference chain: au.com.firemarklabs.nt.Note[&quot;content&quot;])
	com.github.kittinunf.fuel.core.FuelError$Companion.wrap(FuelError.kt:86)
	com.github.kittinunf.fuel.core.DeserializableKt.awaitResponse(Deserializable.kt:257)
Caused by: com.fasterxml.jackson.module.kotlin.MissingKotlinParameterException: Instantiation of [simple type, class au.com.firemarklabs.nt.Note] value failed for JSON property content due to missing (therefore NULL) value for creator parameter content which is a non-nullable type
 at [Source: (String)&quot;{&quot;status&quot;:&quot;success&quot;,&quot;note&quot;:{&quot;tag&quot;:[&quot;performance&quot;],&quot;_id&quot;:&quot;614c1b8aceece30015ab9cb2&quot;,&quot;content&quot;:&quot;Note 83&quot;,&quot;__v&quot;:0}}&quot;; line: 1, column: 112] (through reference chain: au.com.firemarklabs.nt.Note[&quot;content&quot;])
	com.fasterxml.jackson.module.kotlin.KotlinValueInstantiator.createFromObjectWith(KotlinValueInstantiator.kt:107)
	com.fasterxml.jackson.databind.deser.impl.PropertyBasedCreator.build(PropertyBasedCreator.java:195)
	com.fasterxml.jackson.databind.deser.BeanDeserializer._deserializeUsingPropertyBased(BeanDeserializer.java:488)
	com.fasterxml.jackson.databind.deser.BeanDeserializerBase.deserializeFromObjectUsingNonDefault(BeanDeserializerBase.java:1287)
	com.fasterxml.jackson.databind.deser.BeanDeserializer.deserializeFromObject(BeanDeserializer.java:326)
	com.fasterxml.jackson.databind.deser.BeanDeserializer.deserialize(BeanDeserializer.java:159)
	com.fasterxml.jackson.databind.ObjectMapper._readMapAndClose(ObjectMapper.java:4013)
	com.fasterxml.jackson.databind.ObjectMapper.readValue(ObjectMapper.java:3023)
	au.com.firemarklabs.nt.NoteDeserializable.deserialize(NoteDeserializable.kt:12)
	au.com.firemarklabs.nt.NoteDeserializable.deserialize(NoteDeserializable.kt:7)
	com.github.kittinunf.fuel.core.ResponseDeserializable$DefaultImpls.deserialize(Deserializable.kt:43)
	au.com.firemarklabs.nt.NoteDeserializable.deserialize(NoteDeserializable.kt:7)
	au.com.firemarklabs.nt.NoteDeserializable.deserialize(NoteDeserializable.kt:7)
	com.github.kittinunf.fuel.core.DeserializableKt.awaitResponse(Deserializable.kt:256)
	au.com.firemarklabs.nt.NTClient$asyncInsert$$inlined$awaitObjectResponse$1.invokeSuspend(Coroutines.kt:68)
	kotlin.coroutines.jvm.internal.BaseContinuationImpl.resumeWith(ContinuationImpl.kt:33)
	kotlinx.coroutines.DispatchedTask.run(DispatchedTask.kt:56)
	kotlinx.coroutines.scheduling.CoroutineScheduler.runSafely(CoroutineScheduler.kt:561)
	kotlinx.coroutines.scheduling.CoroutineScheduler$Worker.executeTask(CoroutineScheduler.kt:727)
	kotlinx.coroutines.scheduling.CoroutineScheduler$Worker.runWorker(CoroutineScheduler.kt:667)
	kotlinx.coroutines.scheduling.CoroutineScheduler$Worker.run(CoroutineScheduler.kt:655)

		... 2 more
	Caused by: com.fasterxml.jackson.module.kotlin.MissingKotlinParameterException: Instantiation of [simple type, class au.com.firemarklabs.nt.Note] value failed for JSON property content due to missing (therefore NULL) value for creator parameter content which is a non-nullable type
 at [Source: (String)&quot;{&quot;status&quot;:&quot;success&quot;,&quot;note&quot;:{&quot;tag&quot;:[&quot;performance&quot;],&quot;_id&quot;:&quot;614c1b8aceece30015ab9cb2&quot;,&quot;content&quot;:&quot;Note 83&quot;,&quot;__v&quot;:0}}&quot;; line: 1, column: 112] (through reference chain: au.com.firemarklabs.nt.Note[&quot;content&quot;])
		at app//com.fasterxml.jackson.module.kotlin.KotlinValueInstantiator.createFromObjectWith(KotlinValueInstantiator.kt:107)
		at app//com.fasterxml.jackson.databind.deser.impl.PropertyBasedCreator.build(PropertyBasedCreator.java:195)
		at app//com.fasterxml.jackson.databind.deser.BeanDeserializer._deserializeUsingPropertyBased(BeanDeserializer.java:488)
		at app//com.fasterxml.jackson.databind.deser.BeanDeserializerBase.deserializeFromObjectUsingNonDefault(BeanDeserializerBase.java:1287)
		at app//com.fasterxml.jackson.databind.deser.BeanDeserializer.deserializeFromObject(BeanDeserializer.java:326)
		at app//com.fasterxml.jackson.databind.deser.BeanDeserializer.deserialize(BeanDeserializer.java:159)
		at app//com.fasterxml.jackson.databind.ObjectMapper._readMapAndClose(ObjectMapper.java:4013)
		at app//com.fasterxml.jackson.databind.ObjectMapper.readValue(ObjectMapper.java:3023)
		at app//au.com.firemarklabs.nt.NoteDeserializable.deserialize(NoteDeserializable.kt:12)
		at app//au.com.firemarklabs.nt.NoteDeserializable.deserialize(NoteDeserializable.kt:7)
		at app//com.github.kittinunf.fuel.core.ResponseDeserializable$DefaultImpls.deserialize(Deserializable.kt:43)
		at app//au.com.firemarklabs.nt.NoteDeserializable.deserialize(NoteDeserializable.kt:7)
		at app//au.com.firemarklabs.nt.NoteDeserializable.deserialize(NoteDeserializable.kt:7)
		at app//com.github.kittinunf.fuel.core.DeserializableKt.awaitResponse(Deserializable.kt:256)
		at app//au.com.firemarklabs.nt.NTClient$asyncInsert$$inlined$awaitObjectResponse$1.invokeSuspend(Coroutines.kt:68)
		at app//kotlin.coroutines.jvm.internal.BaseContinuationImpl.resumeWith(ContinuationImpl.kt:33)
		at app//kotlinx.coroutines.DispatchedTask.run(DispatchedTask.kt:56)
		at app//kotlinx.coroutines.scheduling.CoroutineScheduler.runSafely(CoroutineScheduler.kt:561)
		at app//kotlinx.coroutines.scheduling.CoroutineScheduler$Worker.executeTask(CoroutineScheduler.kt:727)
		at app//kotlinx.coroutines.scheduling.CoroutineScheduler$Worker.runWorker(CoroutineScheduler.kt:667)
		at app//kotlinx.coroutines.scheduling.CoroutineScheduler$Worker.run(CoroutineScheduler.kt:655)
	Suppressed: Instantiation of [simple type, class au.com.firemarklabs.nt.Note] value failed for JSON property content due to missing (therefore NULL) value for creator parameter content which is a non-nullable type
 at [Source: (String)&quot;{&quot;status&quot;:&quot;success&quot;,&quot;note&quot;:{&quot;tag&quot;:[&quot;performance&quot;],&quot;_id&quot;:&quot;614c1b8aceece30015ab9cb3&quot;,&quot;content&quot;:&quot;Note 84&quot;,&quot;__v&quot;:0}}&quot;; line: 1, column: 112] (through reference chain: au.com.firemarklabs.nt.Note[&quot;content&quot;])
	com.github.kittinunf.fuel.core.FuelError$Companion.wrap(FuelError.kt:86)
	com.github.kittinunf.fuel.core.DeserializableKt.awaitResponse(Deserializable.kt:257)
Caused by: com.fasterxml.jackson.module.kotlin.MissingKotlinParameterException: Instantiation of [simple type, class au.com.firemarklabs.nt.Note] value failed for JSON property content due to missing (therefore NULL) value for creator parameter content which is a non-nullable type
 at [Source: (String)&quot;{&quot;status&quot;:&quot;success&quot;,&quot;note&quot;:{&quot;tag&quot;:[&quot;performance&quot;],&quot;_id&quot;:&quot;614c1b8aceece30015ab9cb3&quot;,&quot;content&quot;:&quot;Note 84&quot;,&quot;__v&quot;:0}}&quot;; line: 1, column: 112] (through reference chain: au.com.firemarklabs.nt.Note[&quot;content&quot;])
	com.fasterxml.jackson.module.kotlin.KotlinValueInstantiator.createFromObjectWith(KotlinValueInstantiator.kt:107)
	com.fasterxml.jackson.databind.deser.impl.PropertyBasedCreator.build(PropertyBasedCreator.java:195)
	com.fasterxml.jackson.databind.deser.BeanDeserializer._deserializeUsingPropertyBased(BeanDeserializer.java:488)
	com.fasterxml.jackson.databind.deser.BeanDeserializerBase.deserializeFromObjectUsingNonDefault(BeanDeserializerBase.java:1287)
	com.fasterxml.jackson.databind.deser.BeanDeserializer.deserializeFromObject(BeanDeserializer.java:326)
	com.fasterxml.jackson.databind.deser.BeanDeserializer.deserialize(BeanDeserializer.java:159)
	com.fasterxml.jackson.databind.ObjectMapper._readMapAndClose(ObjectMapper.java:4013)
	com.fasterxml.jackson.databind.ObjectMapper.readValue(ObjectMapper.java:3023)
	au.com.firemarklabs.nt.NoteDeserializable.deserialize(NoteDeserializable.kt:12)
	au.com.firemarklabs.nt.NoteDeserializable.deserialize(NoteDeserializable.kt:7)
	com.github.kittinunf.fuel.core.ResponseDeserializable$DefaultImpls.deserialize(Deserializable.kt:43)
	au.com.firemarklabs.nt.NoteDeserializable.deserialize(NoteDeserializable.kt:7)
	au.com.firemarklabs.nt.NoteDeserializable.deserialize(NoteDeserializable.kt:7)
	com.github.kittinunf.fuel.core.DeserializableKt.awaitResponse(Deserializable.kt:256)
	au.com.firemarklabs.nt.NTClient$asyncInsert$$inlined$awaitObjectResponse$1.invokeSuspend(Coroutines.kt:68)
	kotlin.coroutines.jvm.internal.BaseContinuationImpl.resumeWith(ContinuationImpl.kt:33)
	kotlinx.coroutines.DispatchedTask.run(DispatchedTask.kt:56)
	kotlinx.coroutines.scheduling.CoroutineScheduler.runSafely(CoroutineScheduler.kt:561)
	kotlinx.coroutines.scheduling.CoroutineScheduler$Worker.executeTask(CoroutineScheduler.kt:727)
	kotlinx.coroutines.scheduling.CoroutineScheduler$Worker.runWorker(CoroutineScheduler.kt:667)
	kotlinx.coroutines.scheduling.CoroutineScheduler$Worker.run(CoroutineScheduler.kt:655)

		... 2 more
	Caused by: com.fasterxml.jackson.module.kotlin.MissingKotlinParameterException: Instantiation of [simple type, class au.com.firemarklabs.nt.Note] value failed for JSON property content due to missing (therefore NULL) value for creator parameter content which is a non-nullable type
 at [Source: (String)&quot;{&quot;status&quot;:&quot;success&quot;,&quot;note&quot;:{&quot;tag&quot;:[&quot;performance&quot;],&quot;_id&quot;:&quot;614c1b8aceece30015ab9cb3&quot;,&quot;content&quot;:&quot;Note 84&quot;,&quot;__v&quot;:0}}&quot;; line: 1, column: 112] (through reference chain: au.com.firemarklabs.nt.Note[&quot;content&quot;])
		at app//com.fasterxml.jackson.module.kotlin.KotlinValueInstantiator.createFromObjectWith(KotlinValueInstantiator.kt:107)
		at app//com.fasterxml.jackson.databind.deser.impl.PropertyBasedCreator.build(PropertyBasedCreator.java:195)
		at app//com.fasterxml.jackson.databind.deser.BeanDeserializer._deserializeUsingPropertyBased(BeanDeserializer.java:488)
		at app//com.fasterxml.jackson.databind.deser.BeanDeserializerBase.deserializeFromObjectUsingNonDefault(BeanDeserializerBase.java:1287)
		at app//com.fasterxml.jackson.databind.deser.BeanDeserializer.deserializeFromObject(BeanDeserializer.java:326)
		at app//com.fasterxml.jackson.databind.deser.BeanDeserializer.deserialize(BeanDeserializer.java:159)
		at app//com.fasterxml.jackson.databind.ObjectMapper._readMapAndClose(ObjectMapper.java:4013)
		at app//com.fasterxml.jackson.databind.ObjectMapper.readValue(ObjectMapper.java:3023)
		at app//au.com.firemarklabs.nt.NoteDeserializable.deserialize(NoteDeserializable.kt:12)
		at app//au.com.firemarklabs.nt.NoteDeserializable.deserialize(NoteDeserializable.kt:7)
		at app//com.github.kittinunf.fuel.core.ResponseDeserializable$DefaultImpls.deserialize(Deserializable.kt:43)
		at app//au.com.firemarklabs.nt.NoteDeserializable.deserialize(NoteDeserializable.kt:7)
		at app//au.com.firemarklabs.nt.NoteDeserializable.deserialize(NoteDeserializable.kt:7)
		at app//com.github.kittinunf.fuel.core.DeserializableKt.awaitResponse(Deserializable.kt:256)
		at app//au.com.firemarklabs.nt.NTClient$asyncInsert$$inlined$awaitObjectResponse$1.invokeSuspend(Coroutines.kt:68)
		at app//kotlin.coroutines.jvm.internal.BaseContinuationImpl.resumeWith(ContinuationImpl.kt:33)
		at app//kotlinx.coroutines.DispatchedTask.run(DispatchedTask.kt:56)
		at app//kotlinx.coroutines.scheduling.CoroutineScheduler.runSafely(CoroutineScheduler.kt:561)
		at app//kotlinx.coroutines.scheduling.CoroutineScheduler$Worker.executeTask(CoroutineScheduler.kt:727)
		at app//kotlinx.coroutines.scheduling.CoroutineScheduler$Worker.runWorker(CoroutineScheduler.kt:667)
		at app//kotlinx.coroutines.scheduling.CoroutineScheduler$Worker.run(CoroutineScheduler.kt:655)
	Suppressed: Instantiation of [simple type, class au.com.firemarklabs.nt.Note] value failed for JSON property content due to missing (therefore NULL) value for creator parameter content which is a non-nullable type
 at [Source: (String)&quot;{&quot;status&quot;:&quot;success&quot;,&quot;note&quot;:{&quot;tag&quot;:[&quot;performance&quot;],&quot;_id&quot;:&quot;614c1b8aceece30015ab9cb4&quot;,&quot;content&quot;:&quot;Note 85&quot;,&quot;__v&quot;:0}}&quot;; line: 1, column: 112] (through reference chain: au.com.firemarklabs.nt.Note[&quot;content&quot;])
	com.github.kittinunf.fuel.core.FuelError$Companion.wrap(FuelError.kt:86)
	com.github.kittinunf.fuel.core.DeserializableKt.awaitResponse(Deserializable.kt:257)
Caused by: com.fasterxml.jackson.module.kotlin.MissingKotlinParameterException: Instantiation of [simple type, class au.com.firemarklabs.nt.Note] value failed for JSON property content due to missing (therefore NULL) value for creator parameter content which is a non-nullable type
 at [Source: (String)&quot;{&quot;status&quot;:&quot;success&quot;,&quot;note&quot;:{&quot;tag&quot;:[&quot;performance&quot;],&quot;_id&quot;:&quot;614c1b8aceece30015ab9cb4&quot;,&quot;content&quot;:&quot;Note 85&quot;,&quot;__v&quot;:0}}&quot;; line: 1, column: 112] (through reference chain: au.com.firemarklabs.nt.Note[&quot;content&quot;])
	com.fasterxml.jackson.module.kotlin.KotlinValueInstantiator.createFromObjectWith(KotlinValueInstantiator.kt:107)
	com.fasterxml.jackson.databind.deser.impl.PropertyBasedCreator.build(PropertyBasedCreator.java:195)
	com.fasterxml.jackson.databind.deser.BeanDeserializer._deserializeUsingPropertyBased(BeanDeserializer.java:488)
	com.fasterxml.jackson.databind.deser.BeanDeserializerBase.deserializeFromObjectUsingNonDefault(BeanDeserializerBase.java:1287)
	com.fasterxml.jackson.databind.deser.BeanDeserializer.deserializeFromObject(BeanDeserializer.java:326)
	com.fasterxml.jackson.databind.deser.BeanDeserializer.deserialize(BeanDeserializer.java:159)
	com.fasterxml.jackson.databind.ObjectMapper._readMapAndClose(ObjectMapper.java:4013)
	com.fasterxml.jackson.databind.ObjectMapper.readValue(ObjectMapper.java:3023)
	au.com.firemarklabs.nt.NoteDeserializable.deserialize(NoteDeserializable.kt:12)
	au.com.firemarklabs.nt.NoteDeserializable.deserialize(NoteDeserializable.kt:7)
	com.github.kittinunf.fuel.core.ResponseDeserializable$DefaultImpls.deserialize(Deserializable.kt:43)
	au.com.firemarklabs.nt.NoteDeserializable.deserialize(NoteDeserializable.kt:7)
	au.com.firemarklabs.nt.NoteDeserializable.deserialize(NoteDeserializable.kt:7)
	com.github.kittinunf.fuel.core.DeserializableKt.awaitResponse(Deserializable.kt:256)
	au.com.firemarklabs.nt.NTClient$asyncInsert$$inlined$awaitObjectResponse$1.invokeSuspend(Coroutines.kt:68)
	kotlin.coroutines.jvm.internal.BaseContinuationImpl.resumeWith(ContinuationImpl.kt:33)
	kotlinx.coroutines.DispatchedTask.run(DispatchedTask.kt:56)
	kotlinx.coroutines.scheduling.CoroutineScheduler.runSafely(CoroutineScheduler.kt:561)
	kotlinx.coroutines.scheduling.CoroutineScheduler$Worker.executeTask(CoroutineScheduler.kt:727)
	kotlinx.coroutines.scheduling.CoroutineScheduler$Worker.runWorker(CoroutineScheduler.kt:667)
	kotlinx.coroutines.scheduling.CoroutineScheduler$Worker.run(CoroutineScheduler.kt:655)

		... 2 more
	Caused by: com.fasterxml.jackson.module.kotlin.MissingKotlinParameterException: Instantiation of [simple type, class au.com.firemarklabs.nt.Note] value failed for JSON property content due to missing (therefore NULL) value for creator parameter content which is a non-nullable type
 at [Source: (String)&quot;{&quot;status&quot;:&quot;success&quot;,&quot;note&quot;:{&quot;tag&quot;:[&quot;performance&quot;],&quot;_id&quot;:&quot;614c1b8aceece30015ab9cb4&quot;,&quot;content&quot;:&quot;Note 85&quot;,&quot;__v&quot;:0}}&quot;; line: 1, column: 112] (through reference chain: au.com.firemarklabs.nt.Note[&quot;content&quot;])
		at app//com.fasterxml.jackson.module.kotlin.KotlinValueInstantiator.createFromObjectWith(KotlinValueInstantiator.kt:107)
		at app//com.fasterxml.jackson.databind.deser.impl.PropertyBasedCreator.build(PropertyBasedCreator.java:195)
		at app//com.fasterxml.jackson.databind.deser.BeanDeserializer._deserializeUsingPropertyBased(BeanDeserializer.java:488)
		at app//com.fasterxml.jackson.databind.deser.BeanDeserializerBase.deserializeFromObjectUsingNonDefault(BeanDeserializerBase.java:1287)
		at app//com.fasterxml.jackson.databind.deser.BeanDeserializer.deserializeFromObject(BeanDeserializer.java:326)
		at app//com.fasterxml.jackson.databind.deser.BeanDeserializer.deserialize(BeanDeserializer.java:159)
		at app//com.fasterxml.jackson.databind.ObjectMapper._readMapAndClose(ObjectMapper.java:4013)
		at app//com.fasterxml.jackson.databind.ObjectMapper.readValue(ObjectMapper.java:3023)
		at app//au.com.firemarklabs.nt.NoteDeserializable.deserialize(NoteDeserializable.kt:12)
		at app//au.com.firemarklabs.nt.NoteDeserializable.deserialize(NoteDeserializable.kt:7)
		at app//com.github.kittinunf.fuel.core.ResponseDeserializable$DefaultImpls.deserialize(Deserializable.kt:43)
		at app//au.com.firemarklabs.nt.NoteDeserializable.deserialize(NoteDeserializable.kt:7)
		at app//au.com.firemarklabs.nt.NoteDeserializable.deserialize(NoteDeserializable.kt:7)
		at app//com.github.kittinunf.fuel.core.DeserializableKt.awaitResponse(Deserializable.kt:256)
		at app//au.com.firemarklabs.nt.NTClient$asyncInsert$$inlined$awaitObjectResponse$1.invokeSuspend(Coroutines.kt:68)
		at app//kotlin.coroutines.jvm.internal.BaseContinuationImpl.resumeWith(ContinuationImpl.kt:33)
		at app//kotlinx.coroutines.DispatchedTask.run(DispatchedTask.kt:56)
		at app//kotlinx.coroutines.scheduling.CoroutineScheduler.runSafely(CoroutineScheduler.kt:561)
		at app//kotlinx.coroutines.scheduling.CoroutineScheduler$Worker.executeTask(CoroutineScheduler.kt:727)
		at app//kotlinx.coroutines.scheduling.CoroutineScheduler$Worker.runWorker(CoroutineScheduler.kt:667)
		at app//kotlinx.coroutines.scheduling.CoroutineScheduler$Worker.run(CoroutineScheduler.kt:655)
	Suppressed: Instantiation of [simple type, class au.com.firemarklabs.nt.Note] value failed for JSON property content due to missing (therefore NULL) value for creator parameter content which is a non-nullable type
 at [Source: (String)&quot;{&quot;status&quot;:&quot;success&quot;,&quot;note&quot;:{&quot;tag&quot;:[&quot;performance&quot;],&quot;_id&quot;:&quot;614c1b8aceece30015ab9cb5&quot;,&quot;content&quot;:&quot;Note 86&quot;,&quot;__v&quot;:0}}&quot;; line: 1, column: 112] (through reference chain: au.com.firemarklabs.nt.Note[&quot;content&quot;])
	com.github.kittinunf.fuel.core.FuelError$Companion.wrap(FuelError.kt:86)
	com.github.kittinunf.fuel.core.DeserializableKt.awaitResponse(Deserializable.kt:257)
Caused by: com.fasterxml.jackson.module.kotlin.MissingKotlinParameterException: Instantiation of [simple type, class au.com.firemarklabs.nt.Note] value failed for JSON property content due to missing (therefore NULL) value for creator parameter content which is a non-nullable type
 at [Source: (String)&quot;{&quot;status&quot;:&quot;success&quot;,&quot;note&quot;:{&quot;tag&quot;:[&quot;performance&quot;],&quot;_id&quot;:&quot;614c1b8aceece30015ab9cb5&quot;,&quot;content&quot;:&quot;Note 86&quot;,&quot;__v&quot;:0}}&quot;; line: 1, column: 112] (through reference chain: au.com.firemarklabs.nt.Note[&quot;content&quot;])
	com.fasterxml.jackson.module.kotlin.KotlinValueInstantiator.createFromObjectWith(KotlinValueInstantiator.kt:107)
	com.fasterxml.jackson.databind.deser.impl.PropertyBasedCreator.build(PropertyBasedCreator.java:195)
	com.fasterxml.jackson.databind.deser.BeanDeserializer._deserializeUsingPropertyBased(BeanDeserializer.java:488)
	com.fasterxml.jackson.databind.deser.BeanDeserializerBase.deserializeFromObjectUsingNonDefault(BeanDeserializerBase.java:1287)
	com.fasterxml.jackson.databind.deser.BeanDeserializer.deserializeFromObject(BeanDeserializer.java:326)
	com.fasterxml.jackson.databind.deser.BeanDeserializer.deserialize(BeanDeserializer.java:159)
	com.fasterxml.jackson.databind.ObjectMapper._readMapAndClose(ObjectMapper.java:4013)
	com.fasterxml.jackson.databind.ObjectMapper.readValue(ObjectMapper.java:3023)
	au.com.firemarklabs.nt.NoteDeserializable.deserialize(NoteDeserializable.kt:12)
	au.com.firemarklabs.nt.NoteDeserializable.deserialize(NoteDeserializable.kt:7)
	com.github.kittinunf.fuel.core.ResponseDeserializable$DefaultImpls.deserialize(Deserializable.kt:43)
	au.com.firemarklabs.nt.NoteDeserializable.deserialize(NoteDeserializable.kt:7)
	au.com.firemarklabs.nt.NoteDeserializable.deserialize(NoteDeserializable.kt:7)
	com.github.kittinunf.fuel.core.DeserializableKt.awaitResponse(Deserializable.kt:256)
	au.com.firemarklabs.nt.NTClient$asyncInsert$$inlined$awaitObjectResponse$1.invokeSuspend(Coroutines.kt:68)
	kotlin.coroutines.jvm.internal.BaseContinuationImpl.resumeWith(ContinuationImpl.kt:33)
	kotlinx.coroutines.DispatchedTask.run(DispatchedTask.kt:56)
	kotlinx.coroutines.scheduling.CoroutineScheduler.runSafely(CoroutineScheduler.kt:561)
	kotlinx.coroutines.scheduling.CoroutineScheduler$Worker.executeTask(CoroutineScheduler.kt:727)
	kotlinx.coroutines.scheduling.CoroutineScheduler$Worker.runWorker(CoroutineScheduler.kt:667)
	kotlinx.coroutines.scheduling.CoroutineScheduler$Worker.run(CoroutineScheduler.kt:655)

		... 2 more
	Caused by: com.fasterxml.jackson.module.kotlin.MissingKotlinParameterException: Instantiation of [simple type, class au.com.firemarklabs.nt.Note] value failed for JSON property content due to missing (therefore NULL) value for creator parameter content which is a non-nullable type
 at [Source: (String)&quot;{&quot;status&quot;:&quot;success&quot;,&quot;note&quot;:{&quot;tag&quot;:[&quot;performance&quot;],&quot;_id&quot;:&quot;614c1b8aceece30015ab9cb5&quot;,&quot;content&quot;:&quot;Note 86&quot;,&quot;__v&quot;:0}}&quot;; line: 1, column: 112] (through reference chain: au.com.firemarklabs.nt.Note[&quot;content&quot;])
		at app//com.fasterxml.jackson.module.kotlin.KotlinValueInstantiator.createFromObjectWith(KotlinValueInstantiator.kt:107)
		at app//com.fasterxml.jackson.databind.deser.impl.PropertyBasedCreator.build(PropertyBasedCreator.java:195)
		at app//com.fasterxml.jackson.databind.deser.BeanDeserializer._deserializeUsingPropertyBased(BeanDeserializer.java:488)
		at app//com.fasterxml.jackson.databind.deser.BeanDeserializerBase.deserializeFromObjectUsingNonDefault(BeanDeserializerBase.java:1287)
		at app//com.fasterxml.jackson.databind.deser.BeanDeserializer.deserializeFromObject(BeanDeserializer.java:326)
		at app//com.fasterxml.jackson.databind.deser.BeanDeserializer.deserialize(BeanDeserializer.java:159)
		at app//com.fasterxml.jackson.databind.ObjectMapper._readMapAndClose(ObjectMapper.java:4013)
		at app//com.fasterxml.jackson.databind.ObjectMapper.readValue(ObjectMapper.java:3023)
		at app//au.com.firemarklabs.nt.NoteDeserializable.deserialize(NoteDeserializable.kt:12)
		at app//au.com.firemarklabs.nt.NoteDeserializable.deserialize(NoteDeserializable.kt:7)
		at app//com.github.kittinunf.fuel.core.ResponseDeserializable$DefaultImpls.deserialize(Deserializable.kt:43)
		at app//au.com.firemarklabs.nt.NoteDeserializable.deserialize(NoteDeserializable.kt:7)
		at app//au.com.firemarklabs.nt.NoteDeserializable.deserialize(NoteDeserializable.kt:7)
		at app//com.github.kittinunf.fuel.core.DeserializableKt.awaitResponse(Deserializable.kt:256)
		at app//au.com.firemarklabs.nt.NTClient$asyncInsert$$inlined$awaitObjectResponse$1.invokeSuspend(Coroutines.kt:68)
		at app//kotlin.coroutines.jvm.internal.BaseContinuationImpl.resumeWith(ContinuationImpl.kt:33)
		at app//kotlinx.coroutines.DispatchedTask.run(DispatchedTask.kt:56)
		at app//kotlinx.coroutines.scheduling.CoroutineScheduler.runSafely(CoroutineScheduler.kt:561)
		at app//kotlinx.coroutines.scheduling.CoroutineScheduler$Worker.executeTask(CoroutineScheduler.kt:727)
		at app//kotlinx.coroutines.scheduling.CoroutineScheduler$Worker.runWorker(CoroutineScheduler.kt:667)
		at app//kotlinx.coroutines.scheduling.CoroutineScheduler$Worker.run(CoroutineScheduler.kt:655)
	Suppressed: Instantiation of [simple type, class au.com.firemarklabs.nt.Note] value failed for JSON property content due to missing (therefore NULL) value for creator parameter content which is a non-nullable type
 at [Source: (String)&quot;{&quot;status&quot;:&quot;success&quot;,&quot;note&quot;:{&quot;tag&quot;:[&quot;performance&quot;],&quot;_id&quot;:&quot;614c1b8aceece30015ab9cb7&quot;,&quot;content&quot;:&quot;Note 88&quot;,&quot;__v&quot;:0}}&quot;; line: 1, column: 112] (through reference chain: au.com.firemarklabs.nt.Note[&quot;content&quot;])
	com.github.kittinunf.fuel.core.FuelError$Companion.wrap(FuelError.kt:86)
	com.github.kittinunf.fuel.core.DeserializableKt.awaitResponse(Deserializable.kt:257)
Caused by: com.fasterxml.jackson.module.kotlin.MissingKotlinParameterException: Instantiation of [simple type, class au.com.firemarklabs.nt.Note] value failed for JSON property content due to missing (therefore NULL) value for creator parameter content which is a non-nullable type
 at [Source: (String)&quot;{&quot;status&quot;:&quot;success&quot;,&quot;note&quot;:{&quot;tag&quot;:[&quot;performance&quot;],&quot;_id&quot;:&quot;614c1b8aceece30015ab9cb7&quot;,&quot;content&quot;:&quot;Note 88&quot;,&quot;__v&quot;:0}}&quot;; line: 1, column: 112] (through reference chain: au.com.firemarklabs.nt.Note[&quot;content&quot;])
	com.fasterxml.jackson.module.kotlin.KotlinValueInstantiator.createFromObjectWith(KotlinValueInstantiator.kt:107)
	com.fasterxml.jackson.databind.deser.impl.PropertyBasedCreator.build(PropertyBasedCreator.java:195)
	com.fasterxml.jackson.databind.deser.BeanDeserializer._deserializeUsingPropertyBased(BeanDeserializer.java:488)
	com.fasterxml.jackson.databind.deser.BeanDeserializerBase.deserializeFromObjectUsingNonDefault(BeanDeserializerBase.java:1287)
	com.fasterxml.jackson.databind.deser.BeanDeserializer.deserializeFromObject(BeanDeserializer.java:326)
	com.fasterxml.jackson.databind.deser.BeanDeserializer.deserialize(BeanDeserializer.java:159)
	com.fasterxml.jackson.databind.ObjectMapper._readMapAndClose(ObjectMapper.java:4013)
	com.fasterxml.jackson.databind.ObjectMapper.readValue(ObjectMapper.java:3023)
	au.com.firemarklabs.nt.NoteDeserializable.deserialize(NoteDeserializable.kt:12)
	au.com.firemarklabs.nt.NoteDeserializable.deserialize(NoteDeserializable.kt:7)
	com.github.kittinunf.fuel.core.ResponseDeserializable$DefaultImpls.deserialize(Deserializable.kt:43)
	au.com.firemarklabs.nt.NoteDeserializable.deserialize(NoteDeserializable.kt:7)
	au.com.firemarklabs.nt.NoteDeserializable.deserialize(NoteDeserializable.kt:7)
	com.github.kittinunf.fuel.core.DeserializableKt.awaitResponse(Deserializable.kt:256)
	au.com.firemarklabs.nt.NTClient$asyncInsert$$inlined$awaitObjectResponse$1.invokeSuspend(Coroutines.kt:68)
	kotlin.coroutines.jvm.internal.BaseContinuationImpl.resumeWith(ContinuationImpl.kt:33)
	kotlinx.coroutines.DispatchedTask.run(DispatchedTask.kt:56)
	kotlinx.coroutines.scheduling.CoroutineScheduler.runSafely(CoroutineScheduler.kt:561)
	kotlinx.coroutines.scheduling.CoroutineScheduler$Worker.executeTask(CoroutineScheduler.kt:727)
	kotlinx.coroutines.scheduling.CoroutineScheduler$Worker.runWorker(CoroutineScheduler.kt:667)
	kotlinx.coroutines.scheduling.CoroutineScheduler$Worker.run(CoroutineScheduler.kt:655)

		... 2 more
	Caused by: com.fasterxml.jackson.module.kotlin.MissingKotlinParameterException: Instantiation of [simple type, class au.com.firemarklabs.nt.Note] value failed for JSON property content due to missing (therefore NULL) value for creator parameter content which is a non-nullable type
 at [Source: (String)&quot;{&quot;status&quot;:&quot;success&quot;,&quot;note&quot;:{&quot;tag&quot;:[&quot;performance&quot;],&quot;_id&quot;:&quot;614c1b8aceece30015ab9cb7&quot;,&quot;content&quot;:&quot;Note 88&quot;,&quot;__v&quot;:0}}&quot;; line: 1, column: 112] (through reference chain: au.com.firemarklabs.nt.Note[&quot;content&quot;])
		at app//com.fasterxml.jackson.module.kotlin.KotlinValueInstantiator.createFromObjectWith(KotlinValueInstantiator.kt:107)
		at app//com.fasterxml.jackson.databind.deser.impl.PropertyBasedCreator.build(PropertyBasedCreator.java:195)
		at app//com.fasterxml.jackson.databind.deser.BeanDeserializer._deserializeUsingPropertyBased(BeanDeserializer.java:488)
		at app//com.fasterxml.jackson.databind.deser.BeanDeserializerBase.deserializeFromObjectUsingNonDefault(BeanDeserializerBase.java:1287)
		at app//com.fasterxml.jackson.databind.deser.BeanDeserializer.deserializeFromObject(BeanDeserializer.java:326)
		at app//com.fasterxml.jackson.databind.deser.BeanDeserializer.deserialize(BeanDeserializer.java:159)
		at app//com.fasterxml.jackson.databind.ObjectMapper._readMapAndClose(ObjectMapper.java:4013)
		at app//com.fasterxml.jackson.databind.ObjectMapper.readValue(ObjectMapper.java:3023)
		at app//au.com.firemarklabs.nt.NoteDeserializable.deserialize(NoteDeserializable.kt:12)
		at app//au.com.firemarklabs.nt.NoteDeserializable.deserialize(NoteDeserializable.kt:7)
		at app//com.github.kittinunf.fuel.core.ResponseDeserializable$DefaultImpls.deserialize(Deserializable.kt:43)
		at app//au.com.firemarklabs.nt.NoteDeserializable.deserialize(NoteDeserializable.kt:7)
		at app//au.com.firemarklabs.nt.NoteDeserializable.deserialize(NoteDeserializable.kt:7)
		at app//com.github.kittinunf.fuel.core.DeserializableKt.awaitResponse(Deserializable.kt:256)
		at app//au.com.firemarklabs.nt.NTClient$asyncInsert$$inlined$awaitObjectResponse$1.invokeSuspend(Coroutines.kt:68)
		at app//kotlin.coroutines.jvm.internal.BaseContinuationImpl.resumeWith(ContinuationImpl.kt:33)
		at app//kotlinx.coroutines.DispatchedTask.run(DispatchedTask.kt:56)
		at app//kotlinx.coroutines.scheduling.CoroutineScheduler.runSafely(CoroutineScheduler.kt:561)
		at app//kotlinx.coroutines.scheduling.CoroutineScheduler$Worker.executeTask(CoroutineScheduler.kt:727)
		at app//kotlinx.coroutines.scheduling.CoroutineScheduler$Worker.runWorker(CoroutineScheduler.kt:667)
		at app//kotlinx.coroutines.scheduling.CoroutineScheduler$Worker.run(CoroutineScheduler.kt:655)
	Suppressed: Instantiation of [simple type, class au.com.firemarklabs.nt.Note] value failed for JSON property content due to missing (therefore NULL) value for creator parameter content which is a non-nullable type
 at [Source: (String)&quot;{&quot;status&quot;:&quot;success&quot;,&quot;note&quot;:{&quot;tag&quot;:[&quot;performance&quot;],&quot;_id&quot;:&quot;614c1b8aceece30015ab9cb6&quot;,&quot;content&quot;:&quot;Note 87&quot;,&quot;__v&quot;:0}}&quot;; line: 1, column: 112] (through reference chain: au.com.firemarklabs.nt.Note[&quot;content&quot;])
	com.github.kittinunf.fuel.core.FuelError$Companion.wrap(FuelError.kt:86)
	com.github.kittinunf.fuel.core.DeserializableKt.awaitResponse(Deserializable.kt:257)
Caused by: com.fasterxml.jackson.module.kotlin.MissingKotlinParameterException: Instantiation of [simple type, class au.com.firemarklabs.nt.Note] value failed for JSON property content due to missing (therefore NULL) value for creator parameter content which is a non-nullable type
 at [Source: (String)&quot;{&quot;status&quot;:&quot;success&quot;,&quot;note&quot;:{&quot;tag&quot;:[&quot;performance&quot;],&quot;_id&quot;:&quot;614c1b8aceece30015ab9cb6&quot;,&quot;content&quot;:&quot;Note 87&quot;,&quot;__v&quot;:0}}&quot;; line: 1, column: 112] (through reference chain: au.com.firemarklabs.nt.Note[&quot;content&quot;])
	com.fasterxml.jackson.module.kotlin.KotlinValueInstantiator.createFromObjectWith(KotlinValueInstantiator.kt:107)
	com.fasterxml.jackson.databind.deser.impl.PropertyBasedCreator.build(PropertyBasedCreator.java:195)
	com.fasterxml.jackson.databind.deser.BeanDeserializer._deserializeUsingPropertyBased(BeanDeserializer.java:488)
	com.fasterxml.jackson.databind.deser.BeanDeserializerBase.deserializeFromObjectUsingNonDefault(BeanDeserializerBase.java:1287)
	com.fasterxml.jackson.databind.deser.BeanDeserializer.deserializeFromObject(BeanDeserializer.java:326)
	com.fasterxml.jackson.databind.deser.BeanDeserializer.deserialize(BeanDeserializer.java:159)
	com.fasterxml.jackson.databind.ObjectMapper._readMapAndClose(ObjectMapper.java:4013)
	com.fasterxml.jackson.databind.ObjectMapper.readValue(ObjectMapper.java:3023)
	au.com.firemarklabs.nt.NoteDeserializable.deserialize(NoteDeserializable.kt:12)
	au.com.firemarklabs.nt.NoteDeserializable.deserialize(NoteDeserializable.kt:7)
	com.github.kittinunf.fuel.core.ResponseDeserializable$DefaultImpls.deserialize(Deserializable.kt:43)
	au.com.firemarklabs.nt.NoteDeserializable.deserialize(NoteDeserializable.kt:7)
	au.com.firemarklabs.nt.NoteDeserializable.deserialize(NoteDeserializable.kt:7)
	com.github.kittinunf.fuel.core.DeserializableKt.awaitResponse(Deserializable.kt:256)
	au.com.firemarklabs.nt.NTClient$asyncInsert$$inlined$awaitObjectResponse$1.invokeSuspend(Coroutines.kt:68)
	kotlin.coroutines.jvm.internal.BaseContinuationImpl.resumeWith(ContinuationImpl.kt:33)
	kotlinx.coroutines.DispatchedTask.run(DispatchedTask.kt:56)
	kotlinx.coroutines.scheduling.CoroutineScheduler.runSafely(CoroutineScheduler.kt:561)
	kotlinx.coroutines.scheduling.CoroutineScheduler$Worker.executeTask(CoroutineScheduler.kt:727)
	kotlinx.coroutines.scheduling.CoroutineScheduler$Worker.runWorker(CoroutineScheduler.kt:667)
	kotlinx.coroutines.scheduling.CoroutineScheduler$Worker.run(CoroutineScheduler.kt:655)

		... 2 more
	Caused by: com.fasterxml.jackson.module.kotlin.MissingKotlinParameterException: Instantiation of [simple type, class au.com.firemarklabs.nt.Note] value failed for JSON property content due to missing (therefore NULL) value for creator parameter content which is a non-nullable type
 at [Source: (String)&quot;{&quot;status&quot;:&quot;success&quot;,&quot;note&quot;:{&quot;tag&quot;:[&quot;performance&quot;],&quot;_id&quot;:&quot;614c1b8aceece30015ab9cb6&quot;,&quot;content&quot;:&quot;Note 87&quot;,&quot;__v&quot;:0}}&quot;; line: 1, column: 112] (through reference chain: au.com.firemarklabs.nt.Note[&quot;content&quot;])
		at app//com.fasterxml.jackson.module.kotlin.KotlinValueInstantiator.createFromObjectWith(KotlinValueInstantiator.kt:107)
		at app//com.fasterxml.jackson.databind.deser.impl.PropertyBasedCreator.build(PropertyBasedCreator.java:195)
		at app//com.fasterxml.jackson.databind.deser.BeanDeserializer._deserializeUsingPropertyBased(BeanDeserializer.java:488)
		at app//com.fasterxml.jackson.databind.deser.BeanDeserializerBase.deserializeFromObjectUsingNonDefault(BeanDeserializerBase.java:1287)
		at app//com.fasterxml.jackson.databind.deser.BeanDeserializer.deserializeFromObject(BeanDeserializer.java:326)
		at app//com.fasterxml.jackson.databind.deser.BeanDeserializer.deserialize(BeanDeserializer.java:159)
		at app//com.fasterxml.jackson.databind.ObjectMapper._readMapAndClose(ObjectMapper.java:4013)
		at app//com.fasterxml.jackson.databind.ObjectMapper.readValue(ObjectMapper.java:3023)
		at app//au.com.firemarklabs.nt.NoteDeserializable.deserialize(NoteDeserializable.kt:12)
		at app//au.com.firemarklabs.nt.NoteDeserializable.deserialize(NoteDeserializable.kt:7)
		at app//com.github.kittinunf.fuel.core.ResponseDeserializable$DefaultImpls.deserialize(Deserializable.kt:43)
		at app//au.com.firemarklabs.nt.NoteDeserializable.deserialize(NoteDeserializable.kt:7)
		at app//au.com.firemarklabs.nt.NoteDeserializable.deserialize(NoteDeserializable.kt:7)
		at app//com.github.kittinunf.fuel.core.DeserializableKt.awaitResponse(Deserializable.kt:256)
		at app//au.com.firemarklabs.nt.NTClient$asyncInsert$$inlined$awaitObjectResponse$1.invokeSuspend(Coroutines.kt:68)
		at app//kotlin.coroutines.jvm.internal.BaseContinuationImpl.resumeWith(ContinuationImpl.kt:33)
		at app//kotlinx.coroutines.DispatchedTask.run(DispatchedTask.kt:56)
		at app//kotlinx.coroutines.scheduling.CoroutineScheduler.runSafely(CoroutineScheduler.kt:561)
		at app//kotlinx.coroutines.scheduling.CoroutineScheduler$Worker.executeTask(CoroutineScheduler.kt:727)
		at app//kotlinx.coroutines.scheduling.CoroutineScheduler$Worker.runWorker(CoroutineScheduler.kt:667)
		at app//kotlinx.coroutines.scheduling.CoroutineScheduler$Worker.run(CoroutineScheduler.kt:655)
	Suppressed: Instantiation of [simple type, class au.com.firemarklabs.nt.Note] value failed for JSON property content due to missing (therefore NULL) value for creator parameter content which is a non-nullable type
 at [Source: (String)&quot;{&quot;status&quot;:&quot;success&quot;,&quot;note&quot;:{&quot;tag&quot;:[&quot;performance&quot;],&quot;_id&quot;:&quot;614c1b8aceece30015ab9cba&quot;,&quot;content&quot;:&quot;Note 91&quot;,&quot;__v&quot;:0}}&quot;; line: 1, column: 112] (through reference chain: au.com.firemarklabs.nt.Note[&quot;content&quot;])
	com.github.kittinunf.fuel.core.FuelError$Companion.wrap(FuelError.kt:86)
	com.github.kittinunf.fuel.core.DeserializableKt.awaitResponse(Deserializable.kt:257)
Caused by: com.fasterxml.jackson.module.kotlin.MissingKotlinParameterException: Instantiation of [simple type, class au.com.firemarklabs.nt.Note] value failed for JSON property content due to missing (therefore NULL) value for creator parameter content which is a non-nullable type
 at [Source: (String)&quot;{&quot;status&quot;:&quot;success&quot;,&quot;note&quot;:{&quot;tag&quot;:[&quot;performance&quot;],&quot;_id&quot;:&quot;614c1b8aceece30015ab9cba&quot;,&quot;content&quot;:&quot;Note 91&quot;,&quot;__v&quot;:0}}&quot;; line: 1, column: 112] (through reference chain: au.com.firemarklabs.nt.Note[&quot;content&quot;])
	com.fasterxml.jackson.module.kotlin.KotlinValueInstantiator.createFromObjectWith(KotlinValueInstantiator.kt:107)
	com.fasterxml.jackson.databind.deser.impl.PropertyBasedCreator.build(PropertyBasedCreator.java:195)
	com.fasterxml.jackson.databind.deser.BeanDeserializer._deserializeUsingPropertyBased(BeanDeserializer.java:488)
	com.fasterxml.jackson.databind.deser.BeanDeserializerBase.deserializeFromObjectUsingNonDefault(BeanDeserializerBase.java:1287)
	com.fasterxml.jackson.databind.deser.BeanDeserializer.deserializeFromObject(BeanDeserializer.java:326)
	com.fasterxml.jackson.databind.deser.BeanDeserializer.deserialize(BeanDeserializer.java:159)
	com.fasterxml.jackson.databind.ObjectMapper._readMapAndClose(ObjectMapper.java:4013)
	com.fasterxml.jackson.databind.ObjectMapper.readValue(ObjectMapper.java:3023)
	au.com.firemarklabs.nt.NoteDeserializable.deserialize(NoteDeserializable.kt:12)
	au.com.firemarklabs.nt.NoteDeserializable.deserialize(NoteDeserializable.kt:7)
	com.github.kittinunf.fuel.core.ResponseDeserializable$DefaultImpls.deserialize(Deserializable.kt:43)
	au.com.firemarklabs.nt.NoteDeserializable.deserialize(NoteDeserializable.kt:7)
	au.com.firemarklabs.nt.NoteDeserializable.deserialize(NoteDeserializable.kt:7)
	com.github.kittinunf.fuel.core.DeserializableKt.awaitResponse(Deserializable.kt:256)
	au.com.firemarklabs.nt.NTClient$asyncInsert$$inlined$awaitObjectResponse$1.invokeSuspend(Coroutines.kt:68)
	kotlin.coroutines.jvm.internal.BaseContinuationImpl.resumeWith(ContinuationImpl.kt:33)
	kotlinx.coroutines.DispatchedTask.run(DispatchedTask.kt:56)
	kotlinx.coroutines.scheduling.CoroutineScheduler.runSafely(CoroutineScheduler.kt:561)
	kotlinx.coroutines.scheduling.CoroutineScheduler$Worker.executeTask(CoroutineScheduler.kt:727)
	kotlinx.coroutines.scheduling.CoroutineScheduler$Worker.runWorker(CoroutineScheduler.kt:667)
	kotlinx.coroutines.scheduling.CoroutineScheduler$Worker.run(CoroutineScheduler.kt:655)

		... 2 more
	Caused by: com.fasterxml.jackson.module.kotlin.MissingKotlinParameterException: Instantiation of [simple type, class au.com.firemarklabs.nt.Note] value failed for JSON property content due to missing (therefore NULL) value for creator parameter content which is a non-nullable type
 at [Source: (String)&quot;{&quot;status&quot;:&quot;success&quot;,&quot;note&quot;:{&quot;tag&quot;:[&quot;performance&quot;],&quot;_id&quot;:&quot;614c1b8aceece30015ab9cba&quot;,&quot;content&quot;:&quot;Note 91&quot;,&quot;__v&quot;:0}}&quot;; line: 1, column: 112] (through reference chain: au.com.firemarklabs.nt.Note[&quot;content&quot;])
		at app//com.fasterxml.jackson.module.kotlin.KotlinValueInstantiator.createFromObjectWith(KotlinValueInstantiator.kt:107)
		at app//com.fasterxml.jackson.databind.deser.impl.PropertyBasedCreator.build(PropertyBasedCreator.java:195)
		at app//com.fasterxml.jackson.databind.deser.BeanDeserializer._deserializeUsingPropertyBased(BeanDeserializer.java:488)
		at app//com.fasterxml.jackson.databind.deser.BeanDeserializerBase.deserializeFromObjectUsingNonDefault(BeanDeserializerBase.java:1287)
		at app//com.fasterxml.jackson.databind.deser.BeanDeserializer.deserializeFromObject(BeanDeserializer.java:326)
		at app//com.fasterxml.jackson.databind.deser.BeanDeserializer.deserialize(BeanDeserializer.java:159)
		at app//com.fasterxml.jackson.databind.ObjectMapper._readMapAndClose(ObjectMapper.java:4013)
		at app//com.fasterxml.jackson.databind.ObjectMapper.readValue(ObjectMapper.java:3023)
		at app//au.com.firemarklabs.nt.NoteDeserializable.deserialize(NoteDeserializable.kt:12)
		at app//au.com.firemarklabs.nt.NoteDeserializable.deserialize(NoteDeserializable.kt:7)
		at app//com.github.kittinunf.fuel.core.ResponseDeserializable$DefaultImpls.deserialize(Deserializable.kt:43)
		at app//au.com.firemarklabs.nt.NoteDeserializable.deserialize(NoteDeserializable.kt:7)
		at app//au.com.firemarklabs.nt.NoteDeserializable.deserialize(NoteDeserializable.kt:7)
		at app//com.github.kittinunf.fuel.core.DeserializableKt.awaitResponse(Deserializable.kt:256)
		at app//au.com.firemarklabs.nt.NTClient$asyncInsert$$inlined$awaitObjectResponse$1.invokeSuspend(Coroutines.kt:68)
		at app//kotlin.coroutines.jvm.internal.BaseContinuationImpl.resumeWith(ContinuationImpl.kt:33)
		at app//kotlinx.coroutines.DispatchedTask.run(DispatchedTask.kt:56)
		at app//kotlinx.coroutines.scheduling.CoroutineScheduler.runSafely(CoroutineScheduler.kt:561)
		at app//kotlinx.coroutines.scheduling.CoroutineScheduler$Worker.executeTask(CoroutineScheduler.kt:727)
		at app//kotlinx.coroutines.scheduling.CoroutineScheduler$Worker.runWorker(CoroutineScheduler.kt:667)
		at app//kotlinx.coroutines.scheduling.CoroutineScheduler$Worker.run(CoroutineScheduler.kt:655)
	Suppressed: Instantiation of [simple type, class au.com.firemarklabs.nt.Note] value failed for JSON property content due to missing (therefore NULL) value for creator parameter content which is a non-nullable type
 at [Source: (String)&quot;{&quot;status&quot;:&quot;success&quot;,&quot;note&quot;:{&quot;tag&quot;:[&quot;performance&quot;],&quot;_id&quot;:&quot;614c1b8aceece30015ab9cb9&quot;,&quot;content&quot;:&quot;Note 90&quot;,&quot;__v&quot;:0}}&quot;; line: 1, column: 112] (through reference chain: au.com.firemarklabs.nt.Note[&quot;content&quot;])
	com.github.kittinunf.fuel.core.FuelError$Companion.wrap(FuelError.kt:86)
	com.github.kittinunf.fuel.core.DeserializableKt.awaitResponse(Deserializable.kt:257)
Caused by: com.fasterxml.jackson.module.kotlin.MissingKotlinParameterException: Instantiation of [simple type, class au.com.firemarklabs.nt.Note] value failed for JSON property content due to missing (therefore NULL) value for creator parameter content which is a non-nullable type
 at [Source: (String)&quot;{&quot;status&quot;:&quot;success&quot;,&quot;note&quot;:{&quot;tag&quot;:[&quot;performance&quot;],&quot;_id&quot;:&quot;614c1b8aceece30015ab9cb9&quot;,&quot;content&quot;:&quot;Note 90&quot;,&quot;__v&quot;:0}}&quot;; line: 1, column: 112] (through reference chain: au.com.firemarklabs.nt.Note[&quot;content&quot;])
	com.fasterxml.jackson.module.kotlin.KotlinValueInstantiator.createFromObjectWith(KotlinValueInstantiator.kt:107)
	com.fasterxml.jackson.databind.deser.impl.PropertyBasedCreator.build(PropertyBasedCreator.java:195)
	com.fasterxml.jackson.databind.deser.BeanDeserializer._deserializeUsingPropertyBased(BeanDeserializer.java:488)
	com.fasterxml.jackson.databind.deser.BeanDeserializerBase.deserializeFromObjectUsingNonDefault(BeanDeserializerBase.java:1287)
	com.fasterxml.jackson.databind.deser.BeanDeserializer.deserializeFromObject(BeanDeserializer.java:326)
	com.fasterxml.jackson.databind.deser.BeanDeserializer.deserialize(BeanDeserializer.java:159)
	com.fasterxml.jackson.databind.ObjectMapper._readMapAndClose(ObjectMapper.java:4013)
	com.fasterxml.jackson.databind.ObjectMapper.readValue(ObjectMapper.java:3023)
	au.com.firemarklabs.nt.NoteDeserializable.deserialize(NoteDeserializable.kt:12)
	au.com.firemarklabs.nt.NoteDeserializable.deserialize(NoteDeserializable.kt:7)
	com.github.kittinunf.fuel.core.ResponseDeserializable$DefaultImpls.deserialize(Deserializable.kt:43)
	au.com.firemarklabs.nt.NoteDeserializable.deserialize(NoteDeserializable.kt:7)
	au.com.firemarklabs.nt.NoteDeserializable.deserialize(NoteDeserializable.kt:7)
	com.github.kittinunf.fuel.core.DeserializableKt.awaitResponse(Deserializable.kt:256)
	au.com.firemarklabs.nt.NTClient$asyncInsert$$inlined$awaitObjectResponse$1.invokeSuspend(Coroutines.kt:68)
	kotlin.coroutines.jvm.internal.BaseContinuationImpl.resumeWith(ContinuationImpl.kt:33)
	kotlinx.coroutines.DispatchedTask.run(DispatchedTask.kt:56)
	kotlinx.coroutines.scheduling.CoroutineScheduler.runSafely(CoroutineScheduler.kt:561)
	kotlinx.coroutines.scheduling.CoroutineScheduler$Worker.executeTask(CoroutineScheduler.kt:727)
	kotlinx.coroutines.scheduling.CoroutineScheduler$Worker.runWorker(CoroutineScheduler.kt:667)
	kotlinx.coroutines.scheduling.CoroutineScheduler$Worker.run(CoroutineScheduler.kt:655)

		... 2 more
	Caused by: com.fasterxml.jackson.module.kotlin.MissingKotlinParameterException: Instantiation of [simple type, class au.com.firemarklabs.nt.Note] value failed for JSON property content due to missing (therefore NULL) value for creator parameter content which is a non-nullable type
 at [Source: (String)&quot;{&quot;status&quot;:&quot;success&quot;,&quot;note&quot;:{&quot;tag&quot;:[&quot;performance&quot;],&quot;_id&quot;:&quot;614c1b8aceece30015ab9cb9&quot;,&quot;content&quot;:&quot;Note 90&quot;,&quot;__v&quot;:0}}&quot;; line: 1, column: 112] (through reference chain: au.com.firemarklabs.nt.Note[&quot;content&quot;])
		at app//com.fasterxml.jackson.module.kotlin.KotlinValueInstantiator.createFromObjectWith(KotlinValueInstantiator.kt:107)
		at app//com.fasterxml.jackson.databind.deser.impl.PropertyBasedCreator.build(PropertyBasedCreator.java:195)
		at app//com.fasterxml.jackson.databind.deser.BeanDeserializer._deserializeUsingPropertyBased(BeanDeserializer.java:488)
		at app//com.fasterxml.jackson.databind.deser.BeanDeserializerBase.deserializeFromObjectUsingNonDefault(BeanDeserializerBase.java:1287)
		at app//com.fasterxml.jackson.databind.deser.BeanDeserializer.deserializeFromObject(BeanDeserializer.java:326)
		at app//com.fasterxml.jackson.databind.deser.BeanDeserializer.deserialize(BeanDeserializer.java:159)
		at app//com.fasterxml.jackson.databind.ObjectMapper._readMapAndClose(ObjectMapper.java:4013)
		at app//com.fasterxml.jackson.databind.ObjectMapper.readValue(ObjectMapper.java:3023)
		at app//au.com.firemarklabs.nt.NoteDeserializable.deserialize(NoteDeserializable.kt:12)
		at app//au.com.firemarklabs.nt.NoteDeserializable.deserialize(NoteDeserializable.kt:7)
		at app//com.github.kittinunf.fuel.core.ResponseDeserializable$DefaultImpls.deserialize(Deserializable.kt:43)
		at app//au.com.firemarklabs.nt.NoteDeserializable.deserialize(NoteDeserializable.kt:7)
		at app//au.com.firemarklabs.nt.NoteDeserializable.deserialize(NoteDeserializable.kt:7)
		at app//com.github.kittinunf.fuel.core.DeserializableKt.awaitResponse(Deserializable.kt:256)
		at app//au.com.firemarklabs.nt.NTClient$asyncInsert$$inlined$awaitObjectResponse$1.invokeSuspend(Coroutines.kt:68)
		at app//kotlin.coroutines.jvm.internal.BaseContinuationImpl.resumeWith(ContinuationImpl.kt:33)
		at app//kotlinx.coroutines.DispatchedTask.run(DispatchedTask.kt:56)
		at app//kotlinx.coroutines.scheduling.CoroutineScheduler.runSafely(CoroutineScheduler.kt:561)
		at app//kotlinx.coroutines.scheduling.CoroutineScheduler$Worker.executeTask(CoroutineScheduler.kt:727)
		at app//kotlinx.coroutines.scheduling.CoroutineScheduler$Worker.runWorker(CoroutineScheduler.kt:667)
		at app//kotlinx.coroutines.scheduling.CoroutineScheduler$Worker.run(CoroutineScheduler.kt:655)
	Suppressed: Instantiation of [simple type, class au.com.firemarklabs.nt.Note] value failed for JSON property content due to missing (therefore NULL) value for creator parameter content which is a non-nullable type
 at [Source: (String)&quot;{&quot;status&quot;:&quot;success&quot;,&quot;note&quot;:{&quot;tag&quot;:[&quot;performance&quot;],&quot;_id&quot;:&quot;614c1b8aceece30015ab9cb8&quot;,&quot;content&quot;:&quot;Note 89&quot;,&quot;__v&quot;:0}}&quot;; line: 1, column: 112] (through reference chain: au.com.firemarklabs.nt.Note[&quot;content&quot;])
	com.github.kittinunf.fuel.core.FuelError$Companion.wrap(FuelError.kt:86)
	com.github.kittinunf.fuel.core.DeserializableKt.awaitResponse(Deserializable.kt:257)
Caused by: com.fasterxml.jackson.module.kotlin.MissingKotlinParameterException: Instantiation of [simple type, class au.com.firemarklabs.nt.Note] value failed for JSON property content due to missing (therefore NULL) value for creator parameter content which is a non-nullable type
 at [Source: (String)&quot;{&quot;status&quot;:&quot;success&quot;,&quot;note&quot;:{&quot;tag&quot;:[&quot;performance&quot;],&quot;_id&quot;:&quot;614c1b8aceece30015ab9cb8&quot;,&quot;content&quot;:&quot;Note 89&quot;,&quot;__v&quot;:0}}&quot;; line: 1, column: 112] (through reference chain: au.com.firemarklabs.nt.Note[&quot;content&quot;])
	com.fasterxml.jackson.module.kotlin.KotlinValueInstantiator.createFromObjectWith(KotlinValueInstantiator.kt:107)
	com.fasterxml.jackson.databind.deser.impl.PropertyBasedCreator.build(PropertyBasedCreator.java:195)
	com.fasterxml.jackson.databind.deser.BeanDeserializer._deserializeUsingPropertyBased(BeanDeserializer.java:488)
	com.fasterxml.jackson.databind.deser.BeanDeserializerBase.deserializeFromObjectUsingNonDefault(BeanDeserializerBase.java:1287)
	com.fasterxml.jackson.databind.deser.BeanDeserializer.deserializeFromObject(BeanDeserializer.java:326)
	com.fasterxml.jackson.databind.deser.BeanDeserializer.deserialize(BeanDeserializer.java:159)
	com.fasterxml.jackson.databind.ObjectMapper._readMapAndClose(ObjectMapper.java:4013)
	com.fasterxml.jackson.databind.ObjectMapper.readValue(ObjectMapper.java:3023)
	au.com.firemarklabs.nt.NoteDeserializable.deserialize(NoteDeserializable.kt:12)
	au.com.firemarklabs.nt.NoteDeserializable.deserialize(NoteDeserializable.kt:7)
	com.github.kittinunf.fuel.core.ResponseDeserializable$DefaultImpls.deserialize(Deserializable.kt:43)
	au.com.firemarklabs.nt.NoteDeserializable.deserialize(NoteDeserializable.kt:7)
	au.com.firemarklabs.nt.NoteDeserializable.deserialize(NoteDeserializable.kt:7)
	com.github.kittinunf.fuel.core.DeserializableKt.awaitResponse(Deserializable.kt:256)
	au.com.firemarklabs.nt.NTClient$asyncInsert$$inlined$awaitObjectResponse$1.invokeSuspend(Coroutines.kt:68)
	kotlin.coroutines.jvm.internal.BaseContinuationImpl.resumeWith(ContinuationImpl.kt:33)
	kotlinx.coroutines.DispatchedTask.run(DispatchedTask.kt:56)
	kotlinx.coroutines.scheduling.CoroutineScheduler.runSafely(CoroutineScheduler.kt:561)
	kotlinx.coroutines.scheduling.CoroutineScheduler$Worker.executeTask(CoroutineScheduler.kt:727)
	kotlinx.coroutines.scheduling.CoroutineScheduler$Worker.runWorker(CoroutineScheduler.kt:667)
	kotlinx.coroutines.scheduling.CoroutineScheduler$Worker.run(CoroutineScheduler.kt:655)

		... 2 more
	Caused by: com.fasterxml.jackson.module.kotlin.MissingKotlinParameterException: Instantiation of [simple type, class au.com.firemarklabs.nt.Note] value failed for JSON property content due to missing (therefore NULL) value for creator parameter content which is a non-nullable type
 at [Source: (String)&quot;{&quot;status&quot;:&quot;success&quot;,&quot;note&quot;:{&quot;tag&quot;:[&quot;performance&quot;],&quot;_id&quot;:&quot;614c1b8aceece30015ab9cb8&quot;,&quot;content&quot;:&quot;Note 89&quot;,&quot;__v&quot;:0}}&quot;; line: 1, column: 112] (through reference chain: au.com.firemarklabs.nt.Note[&quot;content&quot;])
		at app//com.fasterxml.jackson.module.kotlin.KotlinValueInstantiator.createFromObjectWith(KotlinValueInstantiator.kt:107)
		at app//com.fasterxml.jackson.databind.deser.impl.PropertyBasedCreator.build(PropertyBasedCreator.java:195)
		at app//com.fasterxml.jackson.databind.deser.BeanDeserializer._deserializeUsingPropertyBased(BeanDeserializer.java:488)
		at app//com.fasterxml.jackson.databind.deser.BeanDeserializerBase.deserializeFromObjectUsingNonDefault(BeanDeserializerBase.java:1287)
		at app//com.fasterxml.jackson.databind.deser.BeanDeserializer.deserializeFromObject(BeanDeserializer.java:326)
		at app//com.fasterxml.jackson.databind.deser.BeanDeserializer.deserialize(BeanDeserializer.java:159)
		at app//com.fasterxml.jackson.databind.ObjectMapper._readMapAndClose(ObjectMapper.java:4013)
		at app//com.fasterxml.jackson.databind.ObjectMapper.readValue(ObjectMapper.java:3023)
		at app//au.com.firemarklabs.nt.NoteDeserializable.deserialize(NoteDeserializable.kt:12)
		at app//au.com.firemarklabs.nt.NoteDeserializable.deserialize(NoteDeserializable.kt:7)
		at app//com.github.kittinunf.fuel.core.ResponseDeserializable$DefaultImpls.deserialize(Deserializable.kt:43)
		at app//au.com.firemarklabs.nt.NoteDeserializable.deserialize(NoteDeserializable.kt:7)
		at app//au.com.firemarklabs.nt.NoteDeserializable.deserialize(NoteDeserializable.kt:7)
		at app//com.github.kittinunf.fuel.core.DeserializableKt.awaitResponse(Deserializable.kt:256)
		at app//au.com.firemarklabs.nt.NTClient$asyncInsert$$inlined$awaitObjectResponse$1.invokeSuspend(Coroutines.kt:68)
		at app//kotlin.coroutines.jvm.internal.BaseContinuationImpl.resumeWith(ContinuationImpl.kt:33)
		at app//kotlinx.coroutines.DispatchedTask.run(DispatchedTask.kt:56)
		at app//kotlinx.coroutines.scheduling.CoroutineScheduler.runSafely(CoroutineScheduler.kt:561)
		at app//kotlinx.coroutines.scheduling.CoroutineScheduler$Worker.executeTask(CoroutineScheduler.kt:727)
		at app//kotlinx.coroutines.scheduling.CoroutineScheduler$Worker.runWorker(CoroutineScheduler.kt:667)
		at app//kotlinx.coroutines.scheduling.CoroutineScheduler$Worker.run(CoroutineScheduler.kt:655)
	Suppressed: Instantiation of [simple type, class au.com.firemarklabs.nt.Note] value failed for JSON property content due to missing (therefore NULL) value for creator parameter content which is a non-nullable type
 at [Source: (String)&quot;{&quot;status&quot;:&quot;success&quot;,&quot;note&quot;:{&quot;tag&quot;:[&quot;performance&quot;],&quot;_id&quot;:&quot;614c1b8bceece30015ab9cc5&quot;,&quot;content&quot;:&quot;Note 92&quot;,&quot;__v&quot;:0}}&quot;; line: 1, column: 112] (through reference chain: au.com.firemarklabs.nt.Note[&quot;content&quot;])
	com.github.kittinunf.fuel.core.FuelError$Companion.wrap(FuelError.kt:86)
	com.github.kittinunf.fuel.core.DeserializableKt.awaitResponse(Deserializable.kt:257)
Caused by: com.fasterxml.jackson.module.kotlin.MissingKotlinParameterException: Instantiation of [simple type, class au.com.firemarklabs.nt.Note] value failed for JSON property content due to missing (therefore NULL) value for creator parameter content which is a non-nullable type
 at [Source: (String)&quot;{&quot;status&quot;:&quot;success&quot;,&quot;note&quot;:{&quot;tag&quot;:[&quot;performance&quot;],&quot;_id&quot;:&quot;614c1b8bceece30015ab9cc5&quot;,&quot;content&quot;:&quot;Note 92&quot;,&quot;__v&quot;:0}}&quot;; line: 1, column: 112] (through reference chain: au.com.firemarklabs.nt.Note[&quot;content&quot;])
	com.fasterxml.jackson.module.kotlin.KotlinValueInstantiator.createFromObjectWith(KotlinValueInstantiator.kt:107)
	com.fasterxml.jackson.databind.deser.impl.PropertyBasedCreator.build(PropertyBasedCreator.java:195)
	com.fasterxml.jackson.databind.deser.BeanDeserializer._deserializeUsingPropertyBased(BeanDeserializer.java:488)
	com.fasterxml.jackson.databind.deser.BeanDeserializerBase.deserializeFromObjectUsingNonDefault(BeanDeserializerBase.java:1287)
	com.fasterxml.jackson.databind.deser.BeanDeserializer.deserializeFromObject(BeanDeserializer.java:326)
	com.fasterxml.jackson.databind.deser.BeanDeserializer.deserialize(BeanDeserializer.java:159)
	com.fasterxml.jackson.databind.ObjectMapper._readMapAndClose(ObjectMapper.java:4013)
	com.fasterxml.jackson.databind.ObjectMapper.readValue(ObjectMapper.java:3023)
	au.com.firemarklabs.nt.NoteDeserializable.deserialize(NoteDeserializable.kt:12)
	au.com.firemarklabs.nt.NoteDeserializable.deserialize(NoteDeserializable.kt:7)
	com.github.kittinunf.fuel.core.ResponseDeserializable$DefaultImpls.deserialize(Deserializable.kt:43)
	au.com.firemarklabs.nt.NoteDeserializable.deserialize(NoteDeserializable.kt:7)
	au.com.firemarklabs.nt.NoteDeserializable.deserialize(NoteDeserializable.kt:7)
	com.github.kittinunf.fuel.core.DeserializableKt.awaitResponse(Deserializable.kt:256)
	au.com.firemarklabs.nt.NTClient$asyncInsert$$inlined$awaitObjectResponse$1.invokeSuspend(Coroutines.kt:68)
	kotlin.coroutines.jvm.internal.BaseContinuationImpl.resumeWith(ContinuationImpl.kt:33)
	kotlinx.coroutines.DispatchedTask.run(DispatchedTask.kt:56)
	kotlinx.coroutines.scheduling.CoroutineScheduler.runSafely(CoroutineScheduler.kt:561)
	kotlinx.coroutines.scheduling.CoroutineScheduler$Worker.executeTask(CoroutineScheduler.kt:727)
	kotlinx.coroutines.scheduling.CoroutineScheduler$Worker.runWorker(CoroutineScheduler.kt:667)
	kotlinx.coroutines.scheduling.CoroutineScheduler$Worker.run(CoroutineScheduler.kt:655)

		... 2 more
	Caused by: com.fasterxml.jackson.module.kotlin.MissingKotlinParameterException: Instantiation of [simple type, class au.com.firemarklabs.nt.Note] value failed for JSON property content due to missing (therefore NULL) value for creator parameter content which is a non-nullable type
 at [Source: (String)&quot;{&quot;status&quot;:&quot;success&quot;,&quot;note&quot;:{&quot;tag&quot;:[&quot;performance&quot;],&quot;_id&quot;:&quot;614c1b8bceece30015ab9cc5&quot;,&quot;content&quot;:&quot;Note 92&quot;,&quot;__v&quot;:0}}&quot;; line: 1, column: 112] (through reference chain: au.com.firemarklabs.nt.Note[&quot;content&quot;])
		at app//com.fasterxml.jackson.module.kotlin.KotlinValueInstantiator.createFromObjectWith(KotlinValueInstantiator.kt:107)
		at app//com.fasterxml.jackson.databind.deser.impl.PropertyBasedCreator.build(PropertyBasedCreator.java:195)
		at app//com.fasterxml.jackson.databind.deser.BeanDeserializer._deserializeUsingPropertyBased(BeanDeserializer.java:488)
		at app//com.fasterxml.jackson.databind.deser.BeanDeserializerBase.deserializeFromObjectUsingNonDefault(BeanDeserializerBase.java:1287)
		at app//com.fasterxml.jackson.databind.deser.BeanDeserializer.deserializeFromObject(BeanDeserializer.java:326)
		at app//com.fasterxml.jackson.databind.deser.BeanDeserializer.deserialize(BeanDeserializer.java:159)
		at app//com.fasterxml.jackson.databind.ObjectMapper._readMapAndClose(ObjectMapper.java:4013)
		at app//com.fasterxml.jackson.databind.ObjectMapper.readValue(ObjectMapper.java:3023)
		at app//au.com.firemarklabs.nt.NoteDeserializable.deserialize(NoteDeserializable.kt:12)
		at app//au.com.firemarklabs.nt.NoteDeserializable.deserialize(NoteDeserializable.kt:7)
		at app//com.github.kittinunf.fuel.core.ResponseDeserializable$DefaultImpls.deserialize(Deserializable.kt:43)
		at app//au.com.firemarklabs.nt.NoteDeserializable.deserialize(NoteDeserializable.kt:7)
		at app//au.com.firemarklabs.nt.NoteDeserializable.deserialize(NoteDeserializable.kt:7)
		at app//com.github.kittinunf.fuel.core.DeserializableKt.awaitResponse(Deserializable.kt:256)
		at app//au.com.firemarklabs.nt.NTClient$asyncInsert$$inlined$awaitObjectResponse$1.invokeSuspend(Coroutines.kt:68)
		at app//kotlin.coroutines.jvm.internal.BaseContinuationImpl.resumeWith(ContinuationImpl.kt:33)
		at app//kotlinx.coroutines.DispatchedTask.run(DispatchedTask.kt:56)
		at app//kotlinx.coroutines.scheduling.CoroutineScheduler.runSafely(CoroutineScheduler.kt:561)
		at app//kotlinx.coroutines.scheduling.CoroutineScheduler$Worker.executeTask(CoroutineScheduler.kt:727)
		at app//kotlinx.coroutines.scheduling.CoroutineScheduler$Worker.runWorker(CoroutineScheduler.kt:667)
		at app//kotlinx.coroutines.scheduling.CoroutineScheduler$Worker.run(CoroutineScheduler.kt:655)
	Suppressed: Instantiation of [simple type, class au.com.firemarklabs.nt.Note] value failed for JSON property content due to missing (therefore NULL) value for creator parameter content which is a non-nullable type
 at [Source: (String)&quot;{&quot;status&quot;:&quot;success&quot;,&quot;note&quot;:{&quot;tag&quot;:[&quot;performance&quot;],&quot;_id&quot;:&quot;614c1b8bceece30015ab9cc6&quot;,&quot;content&quot;:&quot;Note 93&quot;,&quot;__v&quot;:0}}&quot;; line: 1, column: 112] (through reference chain: au.com.firemarklabs.nt.Note[&quot;content&quot;])
	com.github.kittinunf.fuel.core.FuelError$Companion.wrap(FuelError.kt:86)
	com.github.kittinunf.fuel.core.DeserializableKt.awaitResponse(Deserializable.kt:257)
Caused by: com.fasterxml.jackson.module.kotlin.MissingKotlinParameterException: Instantiation of [simple type, class au.com.firemarklabs.nt.Note] value failed for JSON property content due to missing (therefore NULL) value for creator parameter content which is a non-nullable type
 at [Source: (String)&quot;{&quot;status&quot;:&quot;success&quot;,&quot;note&quot;:{&quot;tag&quot;:[&quot;performance&quot;],&quot;_id&quot;:&quot;614c1b8bceece30015ab9cc6&quot;,&quot;content&quot;:&quot;Note 93&quot;,&quot;__v&quot;:0}}&quot;; line: 1, column: 112] (through reference chain: au.com.firemarklabs.nt.Note[&quot;content&quot;])
	com.fasterxml.jackson.module.kotlin.KotlinValueInstantiator.createFromObjectWith(KotlinValueInstantiator.kt:107)
	com.fasterxml.jackson.databind.deser.impl.PropertyBasedCreator.build(PropertyBasedCreator.java:195)
	com.fasterxml.jackson.databind.deser.BeanDeserializer._deserializeUsingPropertyBased(BeanDeserializer.java:488)
	com.fasterxml.jackson.databind.deser.BeanDeserializerBase.deserializeFromObjectUsingNonDefault(BeanDeserializerBase.java:1287)
	com.fasterxml.jackson.databind.deser.BeanDeserializer.deserializeFromObject(BeanDeserializer.java:326)
	com.fasterxml.jackson.databind.deser.BeanDeserializer.deserialize(BeanDeserializer.java:159)
	com.fasterxml.jackson.databind.ObjectMapper._readMapAndClose(ObjectMapper.java:4013)
	com.fasterxml.jackson.databind.ObjectMapper.readValue(ObjectMapper.java:3023)
	au.com.firemarklabs.nt.NoteDeserializable.deserialize(NoteDeserializable.kt:12)
	au.com.firemarklabs.nt.NoteDeserializable.deserialize(NoteDeserializable.kt:7)
	com.github.kittinunf.fuel.core.ResponseDeserializable$DefaultImpls.deserialize(Deserializable.kt:43)
	au.com.firemarklabs.nt.NoteDeserializable.deserialize(NoteDeserializable.kt:7)
	au.com.firemarklabs.nt.NoteDeserializable.deserialize(NoteDeserializable.kt:7)
	com.github.kittinunf.fuel.core.DeserializableKt.awaitResponse(Deserializable.kt:256)
	au.com.firemarklabs.nt.NTClient$asyncInsert$$inlined$awaitObjectResponse$1.invokeSuspend(Coroutines.kt:68)
	kotlin.coroutines.jvm.internal.BaseContinuationImpl.resumeWith(ContinuationImpl.kt:33)
	kotlinx.coroutines.DispatchedTask.run(DispatchedTask.kt:56)
	kotlinx.coroutines.scheduling.CoroutineScheduler.runSafely(CoroutineScheduler.kt:561)
	kotlinx.coroutines.scheduling.CoroutineScheduler$Worker.executeTask(CoroutineScheduler.kt:727)
	kotlinx.coroutines.scheduling.CoroutineScheduler$Worker.runWorker(CoroutineScheduler.kt:667)
	kotlinx.coroutines.scheduling.CoroutineScheduler$Worker.run(CoroutineScheduler.kt:655)

		... 2 more
	Caused by: com.fasterxml.jackson.module.kotlin.MissingKotlinParameterException: Instantiation of [simple type, class au.com.firemarklabs.nt.Note] value failed for JSON property content due to missing (therefore NULL) value for creator parameter content which is a non-nullable type
 at [Source: (String)&quot;{&quot;status&quot;:&quot;success&quot;,&quot;note&quot;:{&quot;tag&quot;:[&quot;performance&quot;],&quot;_id&quot;:&quot;614c1b8bceece30015ab9cc6&quot;,&quot;content&quot;:&quot;Note 93&quot;,&quot;__v&quot;:0}}&quot;; line: 1, column: 112] (through reference chain: au.com.firemarklabs.nt.Note[&quot;content&quot;])
		at app//com.fasterxml.jackson.module.kotlin.KotlinValueInstantiator.createFromObjectWith(KotlinValueInstantiator.kt:107)
		at app//com.fasterxml.jackson.databind.deser.impl.PropertyBasedCreator.build(PropertyBasedCreator.java:195)
		at app//com.fasterxml.jackson.databind.deser.BeanDeserializer._deserializeUsingPropertyBased(BeanDeserializer.java:488)
		at app//com.fasterxml.jackson.databind.deser.BeanDeserializerBase.deserializeFromObjectUsingNonDefault(BeanDeserializerBase.java:1287)
		at app//com.fasterxml.jackson.databind.deser.BeanDeserializer.deserializeFromObject(BeanDeserializer.java:326)
		at app//com.fasterxml.jackson.databind.deser.BeanDeserializer.deserialize(BeanDeserializer.java:159)
		at app//com.fasterxml.jackson.databind.ObjectMapper._readMapAndClose(ObjectMapper.java:4013)
		at app//com.fasterxml.jackson.databind.ObjectMapper.readValue(ObjectMapper.java:3023)
		at app//au.com.firemarklabs.nt.NoteDeserializable.deserialize(NoteDeserializable.kt:12)
		at app//au.com.firemarklabs.nt.NoteDeserializable.deserialize(NoteDeserializable.kt:7)
		at app//com.github.kittinunf.fuel.core.ResponseDeserializable$DefaultImpls.deserialize(Deserializable.kt:43)
		at app//au.com.firemarklabs.nt.NoteDeserializable.deserialize(NoteDeserializable.kt:7)
		at app//au.com.firemarklabs.nt.NoteDeserializable.deserialize(NoteDeserializable.kt:7)
		at app//com.github.kittinunf.fuel.core.DeserializableKt.awaitResponse(Deserializable.kt:256)
		at app//au.com.firemarklabs.nt.NTClient$asyncInsert$$inlined$awaitObjectResponse$1.invokeSuspend(Coroutines.kt:68)
		at app//kotlin.coroutines.jvm.internal.BaseContinuationImpl.resumeWith(ContinuationImpl.kt:33)
		at app//kotlinx.coroutines.DispatchedTask.run(DispatchedTask.kt:56)
		at app//kotlinx.coroutines.scheduling.CoroutineScheduler.runSafely(CoroutineScheduler.kt:561)
		at app//kotlinx.coroutines.scheduling.CoroutineScheduler$Worker.executeTask(CoroutineScheduler.kt:727)
		at app//kotlinx.coroutines.scheduling.CoroutineScheduler$Worker.runWorker(CoroutineScheduler.kt:667)
		at app//kotlinx.coroutines.scheduling.CoroutineScheduler$Worker.run(CoroutineScheduler.kt:655)
	Suppressed: Instantiation of [simple type, class au.com.firemarklabs.nt.Note] value failed for JSON property content due to missing (therefore NULL) value for creator parameter content which is a non-nullable type
 at [Source: (String)&quot;{&quot;status&quot;:&quot;success&quot;,&quot;note&quot;:{&quot;tag&quot;:[&quot;performance&quot;],&quot;_id&quot;:&quot;614c1b8bceece30015ab9cc7&quot;,&quot;content&quot;:&quot;Note 94&quot;,&quot;__v&quot;:0}}&quot;; line: 1, column: 112] (through reference chain: au.com.firemarklabs.nt.Note[&quot;content&quot;])
	com.github.kittinunf.fuel.core.FuelError$Companion.wrap(FuelError.kt:86)
	com.github.kittinunf.fuel.core.DeserializableKt.awaitResponse(Deserializable.kt:257)
Caused by: com.fasterxml.jackson.module.kotlin.MissingKotlinParameterException: Instantiation of [simple type, class au.com.firemarklabs.nt.Note] value failed for JSON property content due to missing (therefore NULL) value for creator parameter content which is a non-nullable type
 at [Source: (String)&quot;{&quot;status&quot;:&quot;success&quot;,&quot;note&quot;:{&quot;tag&quot;:[&quot;performance&quot;],&quot;_id&quot;:&quot;614c1b8bceece30015ab9cc7&quot;,&quot;content&quot;:&quot;Note 94&quot;,&quot;__v&quot;:0}}&quot;; line: 1, column: 112] (through reference chain: au.com.firemarklabs.nt.Note[&quot;content&quot;])
	com.fasterxml.jackson.module.kotlin.KotlinValueInstantiator.createFromObjectWith(KotlinValueInstantiator.kt:107)
	com.fasterxml.jackson.databind.deser.impl.PropertyBasedCreator.build(PropertyBasedCreator.java:195)
	com.fasterxml.jackson.databind.deser.BeanDeserializer._deserializeUsingPropertyBased(BeanDeserializer.java:488)
	com.fasterxml.jackson.databind.deser.BeanDeserializerBase.deserializeFromObjectUsingNonDefault(BeanDeserializerBase.java:1287)
	com.fasterxml.jackson.databind.deser.BeanDeserializer.deserializeFromObject(BeanDeserializer.java:326)
	com.fasterxml.jackson.databind.deser.BeanDeserializer.deserialize(BeanDeserializer.java:159)
	com.fasterxml.jackson.databind.ObjectMapper._readMapAndClose(ObjectMapper.java:4013)
	com.fasterxml.jackson.databind.ObjectMapper.readValue(ObjectMapper.java:3023)
	au.com.firemarklabs.nt.NoteDeserializable.deserialize(NoteDeserializable.kt:12)
	au.com.firemarklabs.nt.NoteDeserializable.deserialize(NoteDeserializable.kt:7)
	com.github.kittinunf.fuel.core.ResponseDeserializable$DefaultImpls.deserialize(Deserializable.kt:43)
	au.com.firemarklabs.nt.NoteDeserializable.deserialize(NoteDeserializable.kt:7)
	au.com.firemarklabs.nt.NoteDeserializable.deserialize(NoteDeserializable.kt:7)
	com.github.kittinunf.fuel.core.DeserializableKt.awaitResponse(Deserializable.kt:256)
	au.com.firemarklabs.nt.NTClient$asyncInsert$$inlined$awaitObjectResponse$1.invokeSuspend(Coroutines.kt:68)
	kotlin.coroutines.jvm.internal.BaseContinuationImpl.resumeWith(ContinuationImpl.kt:33)
	kotlinx.coroutines.DispatchedTask.run(DispatchedTask.kt:56)
	kotlinx.coroutines.scheduling.CoroutineScheduler.runSafely(CoroutineScheduler.kt:561)
	kotlinx.coroutines.scheduling.CoroutineScheduler$Worker.executeTask(CoroutineScheduler.kt:727)
	kotlinx.coroutines.scheduling.CoroutineScheduler$Worker.runWorker(CoroutineScheduler.kt:667)
	kotlinx.coroutines.scheduling.CoroutineScheduler$Worker.run(CoroutineScheduler.kt:655)

		... 2 more
	Caused by: com.fasterxml.jackson.module.kotlin.MissingKotlinParameterException: Instantiation of [simple type, class au.com.firemarklabs.nt.Note] value failed for JSON property content due to missing (therefore NULL) value for creator parameter content which is a non-nullable type
 at [Source: (String)&quot;{&quot;status&quot;:&quot;success&quot;,&quot;note&quot;:{&quot;tag&quot;:[&quot;performance&quot;],&quot;_id&quot;:&quot;614c1b8bceece30015ab9cc7&quot;,&quot;content&quot;:&quot;Note 94&quot;,&quot;__v&quot;:0}}&quot;; line: 1, column: 112] (through reference chain: au.com.firemarklabs.nt.Note[&quot;content&quot;])
		at app//com.fasterxml.jackson.module.kotlin.KotlinValueInstantiator.createFromObjectWith(KotlinValueInstantiator.kt:107)
		at app//com.fasterxml.jackson.databind.deser.impl.PropertyBasedCreator.build(PropertyBasedCreator.java:195)
		at app//com.fasterxml.jackson.databind.deser.BeanDeserializer._deserializeUsingPropertyBased(BeanDeserializer.java:488)
		at app//com.fasterxml.jackson.databind.deser.BeanDeserializerBase.deserializeFromObjectUsingNonDefault(BeanDeserializerBase.java:1287)
		at app//com.fasterxml.jackson.databind.deser.BeanDeserializer.deserializeFromObject(BeanDeserializer.java:326)
		at app//com.fasterxml.jackson.databind.deser.BeanDeserializer.deserialize(BeanDeserializer.java:159)
		at app//com.fasterxml.jackson.databind.ObjectMapper._readMapAndClose(ObjectMapper.java:4013)
		at app//com.fasterxml.jackson.databind.ObjectMapper.readValue(ObjectMapper.java:3023)
		at app//au.com.firemarklabs.nt.NoteDeserializable.deserialize(NoteDeserializable.kt:12)
		at app//au.com.firemarklabs.nt.NoteDeserializable.deserialize(NoteDeserializable.kt:7)
		at app//com.github.kittinunf.fuel.core.ResponseDeserializable$DefaultImpls.deserialize(Deserializable.kt:43)
		at app//au.com.firemarklabs.nt.NoteDeserializable.deserialize(NoteDeserializable.kt:7)
		at app//au.com.firemarklabs.nt.NoteDeserializable.deserialize(NoteDeserializable.kt:7)
		at app//com.github.kittinunf.fuel.core.DeserializableKt.awaitResponse(Deserializable.kt:256)
		at app//au.com.firemarklabs.nt.NTClient$asyncInsert$$inlined$awaitObjectResponse$1.invokeSuspend(Coroutines.kt:68)
		at app//kotlin.coroutines.jvm.internal.BaseContinuationImpl.resumeWith(ContinuationImpl.kt:33)
		at app//kotlinx.coroutines.DispatchedTask.run(DispatchedTask.kt:56)
		at app//kotlinx.coroutines.scheduling.CoroutineScheduler.runSafely(CoroutineScheduler.kt:561)
		at app//kotlinx.coroutines.scheduling.CoroutineScheduler$Worker.executeTask(CoroutineScheduler.kt:727)
		at app//kotlinx.coroutines.scheduling.CoroutineScheduler$Worker.runWorker(CoroutineScheduler.kt:667)
		at app//kotlinx.coroutines.scheduling.CoroutineScheduler$Worker.run(CoroutineScheduler.kt:655)
	Suppressed: Instantiation of [simple type, class au.com.firemarklabs.nt.Note] value failed for JSON property content due to missing (therefore NULL) value for creator parameter content which is a non-nullable type
 at [Source: (String)&quot;{&quot;status&quot;:&quot;success&quot;,&quot;note&quot;:{&quot;tag&quot;:[&quot;performance&quot;],&quot;_id&quot;:&quot;614c1b8bceece30015ab9cc8&quot;,&quot;content&quot;:&quot;Note 95&quot;,&quot;__v&quot;:0}}&quot;; line: 1, column: 112] (through reference chain: au.com.firemarklabs.nt.Note[&quot;content&quot;])
	com.github.kittinunf.fuel.core.FuelError$Companion.wrap(FuelError.kt:86)
	com.github.kittinunf.fuel.core.DeserializableKt.awaitResponse(Deserializable.kt:257)
Caused by: com.fasterxml.jackson.module.kotlin.MissingKotlinParameterException: Instantiation of [simple type, class au.com.firemarklabs.nt.Note] value failed for JSON property content due to missing (therefore NULL) value for creator parameter content which is a non-nullable type
 at [Source: (String)&quot;{&quot;status&quot;:&quot;success&quot;,&quot;note&quot;:{&quot;tag&quot;:[&quot;performance&quot;],&quot;_id&quot;:&quot;614c1b8bceece30015ab9cc8&quot;,&quot;content&quot;:&quot;Note 95&quot;,&quot;__v&quot;:0}}&quot;; line: 1, column: 112] (through reference chain: au.com.firemarklabs.nt.Note[&quot;content&quot;])
	com.fasterxml.jackson.module.kotlin.KotlinValueInstantiator.createFromObjectWith(KotlinValueInstantiator.kt:107)
	com.fasterxml.jackson.databind.deser.impl.PropertyBasedCreator.build(PropertyBasedCreator.java:195)
	com.fasterxml.jackson.databind.deser.BeanDeserializer._deserializeUsingPropertyBased(BeanDeserializer.java:488)
	com.fasterxml.jackson.databind.deser.BeanDeserializerBase.deserializeFromObjectUsingNonDefault(BeanDeserializerBase.java:1287)
	com.fasterxml.jackson.databind.deser.BeanDeserializer.deserializeFromObject(BeanDeserializer.java:326)
	com.fasterxml.jackson.databind.deser.BeanDeserializer.deserialize(BeanDeserializer.java:159)
	com.fasterxml.jackson.databind.ObjectMapper._readMapAndClose(ObjectMapper.java:4013)
	com.fasterxml.jackson.databind.ObjectMapper.readValue(ObjectMapper.java:3023)
	au.com.firemarklabs.nt.NoteDeserializable.deserialize(NoteDeserializable.kt:12)
	au.com.firemarklabs.nt.NoteDeserializable.deserialize(NoteDeserializable.kt:7)
	com.github.kittinunf.fuel.core.ResponseDeserializable$DefaultImpls.deserialize(Deserializable.kt:43)
	au.com.firemarklabs.nt.NoteDeserializable.deserialize(NoteDeserializable.kt:7)
	au.com.firemarklabs.nt.NoteDeserializable.deserialize(NoteDeserializable.kt:7)
	com.github.kittinunf.fuel.core.DeserializableKt.awaitResponse(Deserializable.kt:256)
	au.com.firemarklabs.nt.NTClient$asyncInsert$$inlined$awaitObjectResponse$1.invokeSuspend(Coroutines.kt:68)
	kotlin.coroutines.jvm.internal.BaseContinuationImpl.resumeWith(ContinuationImpl.kt:33)
	kotlinx.coroutines.DispatchedTask.run(DispatchedTask.kt:56)
	kotlinx.coroutines.scheduling.CoroutineScheduler.runSafely(CoroutineScheduler.kt:561)
	kotlinx.coroutines.scheduling.CoroutineScheduler$Worker.executeTask(CoroutineScheduler.kt:727)
	kotlinx.coroutines.scheduling.CoroutineScheduler$Worker.runWorker(CoroutineScheduler.kt:667)
	kotlinx.coroutines.scheduling.CoroutineScheduler$Worker.run(CoroutineScheduler.kt:655)

		... 2 more
	Caused by: com.fasterxml.jackson.module.kotlin.MissingKotlinParameterException: Instantiation of [simple type, class au.com.firemarklabs.nt.Note] value failed for JSON property content due to missing (therefore NULL) value for creator parameter content which is a non-nullable type
 at [Source: (String)&quot;{&quot;status&quot;:&quot;success&quot;,&quot;note&quot;:{&quot;tag&quot;:[&quot;performance&quot;],&quot;_id&quot;:&quot;614c1b8bceece30015ab9cc8&quot;,&quot;content&quot;:&quot;Note 95&quot;,&quot;__v&quot;:0}}&quot;; line: 1, column: 112] (through reference chain: au.com.firemarklabs.nt.Note[&quot;content&quot;])
		at app//com.fasterxml.jackson.module.kotlin.KotlinValueInstantiator.createFromObjectWith(KotlinValueInstantiator.kt:107)
		at app//com.fasterxml.jackson.databind.deser.impl.PropertyBasedCreator.build(PropertyBasedCreator.java:195)
		at app//com.fasterxml.jackson.databind.deser.BeanDeserializer._deserializeUsingPropertyBased(BeanDeserializer.java:488)
		at app//com.fasterxml.jackson.databind.deser.BeanDeserializerBase.deserializeFromObjectUsingNonDefault(BeanDeserializerBase.java:1287)
		at app//com.fasterxml.jackson.databind.deser.BeanDeserializer.deserializeFromObject(BeanDeserializer.java:326)
		at app//com.fasterxml.jackson.databind.deser.BeanDeserializer.deserialize(BeanDeserializer.java:159)
		at app//com.fasterxml.jackson.databind.ObjectMapper._readMapAndClose(ObjectMapper.java:4013)
		at app//com.fasterxml.jackson.databind.ObjectMapper.readValue(ObjectMapper.java:3023)
		at app//au.com.firemarklabs.nt.NoteDeserializable.deserialize(NoteDeserializable.kt:12)
		at app//au.com.firemarklabs.nt.NoteDeserializable.deserialize(NoteDeserializable.kt:7)
		at app//com.github.kittinunf.fuel.core.ResponseDeserializable$DefaultImpls.deserialize(Deserializable.kt:43)
		at app//au.com.firemarklabs.nt.NoteDeserializable.deserialize(NoteDeserializable.kt:7)
		at app//au.com.firemarklabs.nt.NoteDeserializable.deserialize(NoteDeserializable.kt:7)
		at app//com.github.kittinunf.fuel.core.DeserializableKt.awaitResponse(Deserializable.kt:256)
		at app//au.com.firemarklabs.nt.NTClient$asyncInsert$$inlined$awaitObjectResponse$1.invokeSuspend(Coroutines.kt:68)
		at app//kotlin.coroutines.jvm.internal.BaseContinuationImpl.resumeWith(ContinuationImpl.kt:33)
		at app//kotlinx.coroutines.DispatchedTask.run(DispatchedTask.kt:56)
		at app//kotlinx.coroutines.scheduling.CoroutineScheduler.runSafely(CoroutineScheduler.kt:561)
		at app//kotlinx.coroutines.scheduling.CoroutineScheduler$Worker.executeTask(CoroutineScheduler.kt:727)
		at app//kotlinx.coroutines.scheduling.CoroutineScheduler$Worker.runWorker(CoroutineScheduler.kt:667)
		at app//kotlinx.coroutines.scheduling.CoroutineScheduler$Worker.run(CoroutineScheduler.kt:655)
	Suppressed: Instantiation of [simple type, class au.com.firemarklabs.nt.Note] value failed for JSON property content due to missing (therefore NULL) value for creator parameter content which is a non-nullable type
 at [Source: (String)&quot;{&quot;status&quot;:&quot;success&quot;,&quot;note&quot;:{&quot;tag&quot;:[&quot;performance&quot;],&quot;_id&quot;:&quot;614c1b8bceece30015ab9cc9&quot;,&quot;content&quot;:&quot;Note 96&quot;,&quot;__v&quot;:0}}&quot;; line: 1, column: 112] (through reference chain: au.com.firemarklabs.nt.Note[&quot;content&quot;])
	com.github.kittinunf.fuel.core.FuelError$Companion.wrap(FuelError.kt:86)
	com.github.kittinunf.fuel.core.DeserializableKt.awaitResponse(Deserializable.kt:257)
Caused by: com.fasterxml.jackson.module.kotlin.MissingKotlinParameterException: Instantiation of [simple type, class au.com.firemarklabs.nt.Note] value failed for JSON property content due to missing (therefore NULL) value for creator parameter content which is a non-nullable type
 at [Source: (String)&quot;{&quot;status&quot;:&quot;success&quot;,&quot;note&quot;:{&quot;tag&quot;:[&quot;performance&quot;],&quot;_id&quot;:&quot;614c1b8bceece30015ab9cc9&quot;,&quot;content&quot;:&quot;Note 96&quot;,&quot;__v&quot;:0}}&quot;; line: 1, column: 112] (through reference chain: au.com.firemarklabs.nt.Note[&quot;content&quot;])
	com.fasterxml.jackson.module.kotlin.KotlinValueInstantiator.createFromObjectWith(KotlinValueInstantiator.kt:107)
	com.fasterxml.jackson.databind.deser.impl.PropertyBasedCreator.build(PropertyBasedCreator.java:195)
	com.fasterxml.jackson.databind.deser.BeanDeserializer._deserializeUsingPropertyBased(BeanDeserializer.java:488)
	com.fasterxml.jackson.databind.deser.BeanDeserializerBase.deserializeFromObjectUsingNonDefault(BeanDeserializerBase.java:1287)
	com.fasterxml.jackson.databind.deser.BeanDeserializer.deserializeFromObject(BeanDeserializer.java:326)
	com.fasterxml.jackson.databind.deser.BeanDeserializer.deserialize(BeanDeserializer.java:159)
	com.fasterxml.jackson.databind.ObjectMapper._readMapAndClose(ObjectMapper.java:4013)
	com.fasterxml.jackson.databind.ObjectMapper.readValue(ObjectMapper.java:3023)
	au.com.firemarklabs.nt.NoteDeserializable.deserialize(NoteDeserializable.kt:12)
	au.com.firemarklabs.nt.NoteDeserializable.deserialize(NoteDeserializable.kt:7)
	com.github.kittinunf.fuel.core.ResponseDeserializable$DefaultImpls.deserialize(Deserializable.kt:43)
	au.com.firemarklabs.nt.NoteDeserializable.deserialize(NoteDeserializable.kt:7)
	au.com.firemarklabs.nt.NoteDeserializable.deserialize(NoteDeserializable.kt:7)
	com.github.kittinunf.fuel.core.DeserializableKt.awaitResponse(Deserializable.kt:256)
	au.com.firemarklabs.nt.NTClient$asyncInsert$$inlined$awaitObjectResponse$1.invokeSuspend(Coroutines.kt:68)
	kotlin.coroutines.jvm.internal.BaseContinuationImpl.resumeWith(ContinuationImpl.kt:33)
	kotlinx.coroutines.DispatchedTask.run(DispatchedTask.kt:56)
	kotlinx.coroutines.scheduling.CoroutineScheduler.runSafely(CoroutineScheduler.kt:561)
	kotlinx.coroutines.scheduling.CoroutineScheduler$Worker.executeTask(CoroutineScheduler.kt:727)
	kotlinx.coroutines.scheduling.CoroutineScheduler$Worker.runWorker(CoroutineScheduler.kt:667)
	kotlinx.coroutines.scheduling.CoroutineScheduler$Worker.run(CoroutineScheduler.kt:655)

		... 2 more
	Caused by: com.fasterxml.jackson.module.kotlin.MissingKotlinParameterException: Instantiation of [simple type, class au.com.firemarklabs.nt.Note] value failed for JSON property content due to missing (therefore NULL) value for creator parameter content which is a non-nullable type
 at [Source: (String)&quot;{&quot;status&quot;:&quot;success&quot;,&quot;note&quot;:{&quot;tag&quot;:[&quot;performance&quot;],&quot;_id&quot;:&quot;614c1b8bceece30015ab9cc9&quot;,&quot;content&quot;:&quot;Note 96&quot;,&quot;__v&quot;:0}}&quot;; line: 1, column: 112] (through reference chain: au.com.firemarklabs.nt.Note[&quot;content&quot;])
		at app//com.fasterxml.jackson.module.kotlin.KotlinValueInstantiator.createFromObjectWith(KotlinValueInstantiator.kt:107)
		at app//com.fasterxml.jackson.databind.deser.impl.PropertyBasedCreator.build(PropertyBasedCreator.java:195)
		at app//com.fasterxml.jackson.databind.deser.BeanDeserializer._deserializeUsingPropertyBased(BeanDeserializer.java:488)
		at app//com.fasterxml.jackson.databind.deser.BeanDeserializerBase.deserializeFromObjectUsingNonDefault(BeanDeserializerBase.java:1287)
		at app//com.fasterxml.jackson.databind.deser.BeanDeserializer.deserializeFromObject(BeanDeserializer.java:326)
		at app//com.fasterxml.jackson.databind.deser.BeanDeserializer.deserialize(BeanDeserializer.java:159)
		at app//com.fasterxml.jackson.databind.ObjectMapper._readMapAndClose(ObjectMapper.java:4013)
		at app//com.fasterxml.jackson.databind.ObjectMapper.readValue(ObjectMapper.java:3023)
		at app//au.com.firemarklabs.nt.NoteDeserializable.deserialize(NoteDeserializable.kt:12)
		at app//au.com.firemarklabs.nt.NoteDeserializable.deserialize(NoteDeserializable.kt:7)
		at app//com.github.kittinunf.fuel.core.ResponseDeserializable$DefaultImpls.deserialize(Deserializable.kt:43)
		at app//au.com.firemarklabs.nt.NoteDeserializable.deserialize(NoteDeserializable.kt:7)
		at app//au.com.firemarklabs.nt.NoteDeserializable.deserialize(NoteDeserializable.kt:7)
		at app//com.github.kittinunf.fuel.core.DeserializableKt.awaitResponse(Deserializable.kt:256)
		at app//au.com.firemarklabs.nt.NTClient$asyncInsert$$inlined$awaitObjectResponse$1.invokeSuspend(Coroutines.kt:68)
		at app//kotlin.coroutines.jvm.internal.BaseContinuationImpl.resumeWith(ContinuationImpl.kt:33)
		at app//kotlinx.coroutines.DispatchedTask.run(DispatchedTask.kt:56)
		at app//kotlinx.coroutines.scheduling.CoroutineScheduler.runSafely(CoroutineScheduler.kt:561)
		at app//kotlinx.coroutines.scheduling.CoroutineScheduler$Worker.executeTask(CoroutineScheduler.kt:727)
		at app//kotlinx.coroutines.scheduling.CoroutineScheduler$Worker.runWorker(CoroutineScheduler.kt:667)
		at app//kotlinx.coroutines.scheduling.CoroutineScheduler$Worker.run(CoroutineScheduler.kt:655)
	Suppressed: Instantiation of [simple type, class au.com.firemarklabs.nt.Note] value failed for JSON property content due to missing (therefore NULL) value for creator parameter content which is a non-nullable type
 at [Source: (String)&quot;{&quot;status&quot;:&quot;success&quot;,&quot;note&quot;:{&quot;tag&quot;:[&quot;performance&quot;],&quot;_id&quot;:&quot;614c1b8bceece30015ab9cca&quot;,&quot;content&quot;:&quot;Note 97&quot;,&quot;__v&quot;:0}}&quot;; line: 1, column: 112] (through reference chain: au.com.firemarklabs.nt.Note[&quot;content&quot;])
	com.github.kittinunf.fuel.core.FuelError$Companion.wrap(FuelError.kt:86)
	com.github.kittinunf.fuel.core.DeserializableKt.awaitResponse(Deserializable.kt:257)
Caused by: com.fasterxml.jackson.module.kotlin.MissingKotlinParameterException: Instantiation of [simple type, class au.com.firemarklabs.nt.Note] value failed for JSON property content due to missing (therefore NULL) value for creator parameter content which is a non-nullable type
 at [Source: (String)&quot;{&quot;status&quot;:&quot;success&quot;,&quot;note&quot;:{&quot;tag&quot;:[&quot;performance&quot;],&quot;_id&quot;:&quot;614c1b8bceece30015ab9cca&quot;,&quot;content&quot;:&quot;Note 97&quot;,&quot;__v&quot;:0}}&quot;; line: 1, column: 112] (through reference chain: au.com.firemarklabs.nt.Note[&quot;content&quot;])
	com.fasterxml.jackson.module.kotlin.KotlinValueInstantiator.createFromObjectWith(KotlinValueInstantiator.kt:107)
	com.fasterxml.jackson.databind.deser.impl.PropertyBasedCreator.build(PropertyBasedCreator.java:195)
	com.fasterxml.jackson.databind.deser.BeanDeserializer._deserializeUsingPropertyBased(BeanDeserializer.java:488)
	com.fasterxml.jackson.databind.deser.BeanDeserializerBase.deserializeFromObjectUsingNonDefault(BeanDeserializerBase.java:1287)
	com.fasterxml.jackson.databind.deser.BeanDeserializer.deserializeFromObject(BeanDeserializer.java:326)
	com.fasterxml.jackson.databind.deser.BeanDeserializer.deserialize(BeanDeserializer.java:159)
	com.fasterxml.jackson.databind.ObjectMapper._readMapAndClose(ObjectMapper.java:4013)
	com.fasterxml.jackson.databind.ObjectMapper.readValue(ObjectMapper.java:3023)
	au.com.firemarklabs.nt.NoteDeserializable.deserialize(NoteDeserializable.kt:12)
	au.com.firemarklabs.nt.NoteDeserializable.deserialize(NoteDeserializable.kt:7)
	com.github.kittinunf.fuel.core.ResponseDeserializable$DefaultImpls.deserialize(Deserializable.kt:43)
	au.com.firemarklabs.nt.NoteDeserializable.deserialize(NoteDeserializable.kt:7)
	au.com.firemarklabs.nt.NoteDeserializable.deserialize(NoteDeserializable.kt:7)
	com.github.kittinunf.fuel.core.DeserializableKt.awaitResponse(Deserializable.kt:256)
	au.com.firemarklabs.nt.NTClient$asyncInsert$$inlined$awaitObjectResponse$1.invokeSuspend(Coroutines.kt:68)
	kotlin.coroutines.jvm.internal.BaseContinuationImpl.resumeWith(ContinuationImpl.kt:33)
	kotlinx.coroutines.DispatchedTask.run(DispatchedTask.kt:56)
	kotlinx.coroutines.scheduling.CoroutineScheduler.runSafely(CoroutineScheduler.kt:561)
	kotlinx.coroutines.scheduling.CoroutineScheduler$Worker.executeTask(CoroutineScheduler.kt:727)
	kotlinx.coroutines.scheduling.CoroutineScheduler$Worker.runWorker(CoroutineScheduler.kt:667)
	kotlinx.coroutines.scheduling.CoroutineScheduler$Worker.run(CoroutineScheduler.kt:655)

		... 2 more
	Caused by: com.fasterxml.jackson.module.kotlin.MissingKotlinParameterException: Instantiation of [simple type, class au.com.firemarklabs.nt.Note] value failed for JSON property content due to missing (therefore NULL) value for creator parameter content which is a non-nullable type
 at [Source: (String)&quot;{&quot;status&quot;:&quot;success&quot;,&quot;note&quot;:{&quot;tag&quot;:[&quot;performance&quot;],&quot;_id&quot;:&quot;614c1b8bceece30015ab9cca&quot;,&quot;content&quot;:&quot;Note 97&quot;,&quot;__v&quot;:0}}&quot;; line: 1, column: 112] (through reference chain: au.com.firemarklabs.nt.Note[&quot;content&quot;])
		at app//com.fasterxml.jackson.module.kotlin.KotlinValueInstantiator.createFromObjectWith(KotlinValueInstantiator.kt:107)
		at app//com.fasterxml.jackson.databind.deser.impl.PropertyBasedCreator.build(PropertyBasedCreator.java:195)
		at app//com.fasterxml.jackson.databind.deser.BeanDeserializer._deserializeUsingPropertyBased(BeanDeserializer.java:488)
		at app//com.fasterxml.jackson.databind.deser.BeanDeserializerBase.deserializeFromObjectUsingNonDefault(BeanDeserializerBase.java:1287)
		at app//com.fasterxml.jackson.databind.deser.BeanDeserializer.deserializeFromObject(BeanDeserializer.java:326)
		at app//com.fasterxml.jackson.databind.deser.BeanDeserializer.deserialize(BeanDeserializer.java:159)
		at app//com.fasterxml.jackson.databind.ObjectMapper._readMapAndClose(ObjectMapper.java:4013)
		at app//com.fasterxml.jackson.databind.ObjectMapper.readValue(ObjectMapper.java:3023)
		at app//au.com.firemarklabs.nt.NoteDeserializable.deserialize(NoteDeserializable.kt:12)
		at app//au.com.firemarklabs.nt.NoteDeserializable.deserialize(NoteDeserializable.kt:7)
		at app//com.github.kittinunf.fuel.core.ResponseDeserializable$DefaultImpls.deserialize(Deserializable.kt:43)
		at app//au.com.firemarklabs.nt.NoteDeserializable.deserialize(NoteDeserializable.kt:7)
		at app//au.com.firemarklabs.nt.NoteDeserializable.deserialize(NoteDeserializable.kt:7)
		at app//com.github.kittinunf.fuel.core.DeserializableKt.awaitResponse(Deserializable.kt:256)
		at app//au.com.firemarklabs.nt.NTClient$asyncInsert$$inlined$awaitObjectResponse$1.invokeSuspend(Coroutines.kt:68)
		at app//kotlin.coroutines.jvm.internal.BaseContinuationImpl.resumeWith(ContinuationImpl.kt:33)
		at app//kotlinx.coroutines.DispatchedTask.run(DispatchedTask.kt:56)
		at app//kotlinx.coroutines.scheduling.CoroutineScheduler.runSafely(CoroutineScheduler.kt:561)
		at app//kotlinx.coroutines.scheduling.CoroutineScheduler$Worker.executeTask(CoroutineScheduler.kt:727)
		at app//kotlinx.coroutines.scheduling.CoroutineScheduler$Worker.runWorker(CoroutineScheduler.kt:667)
		at app//kotlinx.coroutines.scheduling.CoroutineScheduler$Worker.run(CoroutineScheduler.kt:655)
	Suppressed: Instantiation of [simple type, class au.com.firemarklabs.nt.Note] value failed for JSON property content due to missing (therefore NULL) value for creator parameter content which is a non-nullable type
 at [Source: (String)&quot;{&quot;status&quot;:&quot;success&quot;,&quot;note&quot;:{&quot;tag&quot;:[&quot;performance&quot;],&quot;_id&quot;:&quot;614c1b8bceece30015ab9ccb&quot;,&quot;content&quot;:&quot;Note 98&quot;,&quot;__v&quot;:0}}&quot;; line: 1, column: 112] (through reference chain: au.com.firemarklabs.nt.Note[&quot;content&quot;])
	com.github.kittinunf.fuel.core.FuelError$Companion.wrap(FuelError.kt:86)
	com.github.kittinunf.fuel.core.DeserializableKt.awaitResponse(Deserializable.kt:257)
Caused by: com.fasterxml.jackson.module.kotlin.MissingKotlinParameterException: Instantiation of [simple type, class au.com.firemarklabs.nt.Note] value failed for JSON property content due to missing (therefore NULL) value for creator parameter content which is a non-nullable type
 at [Source: (String)&quot;{&quot;status&quot;:&quot;success&quot;,&quot;note&quot;:{&quot;tag&quot;:[&quot;performance&quot;],&quot;_id&quot;:&quot;614c1b8bceece30015ab9ccb&quot;,&quot;content&quot;:&quot;Note 98&quot;,&quot;__v&quot;:0}}&quot;; line: 1, column: 112] (through reference chain: au.com.firemarklabs.nt.Note[&quot;content&quot;])
	com.fasterxml.jackson.module.kotlin.KotlinValueInstantiator.createFromObjectWith(KotlinValueInstantiator.kt:107)
	com.fasterxml.jackson.databind.deser.impl.PropertyBasedCreator.build(PropertyBasedCreator.java:195)
	com.fasterxml.jackson.databind.deser.BeanDeserializer._deserializeUsingPropertyBased(BeanDeserializer.java:488)
	com.fasterxml.jackson.databind.deser.BeanDeserializerBase.deserializeFromObjectUsingNonDefault(BeanDeserializerBase.java:1287)
	com.fasterxml.jackson.databind.deser.BeanDeserializer.deserializeFromObject(BeanDeserializer.java:326)
	com.fasterxml.jackson.databind.deser.BeanDeserializer.deserialize(BeanDeserializer.java:159)
	com.fasterxml.jackson.databind.ObjectMapper._readMapAndClose(ObjectMapper.java:4013)
	com.fasterxml.jackson.databind.ObjectMapper.readValue(ObjectMapper.java:3023)
	au.com.firemarklabs.nt.NoteDeserializable.deserialize(NoteDeserializable.kt:12)
	au.com.firemarklabs.nt.NoteDeserializable.deserialize(NoteDeserializable.kt:7)
	com.github.kittinunf.fuel.core.ResponseDeserializable$DefaultImpls.deserialize(Deserializable.kt:43)
	au.com.firemarklabs.nt.NoteDeserializable.deserialize(NoteDeserializable.kt:7)
	au.com.firemarklabs.nt.NoteDeserializable.deserialize(NoteDeserializable.kt:7)
	com.github.kittinunf.fuel.core.DeserializableKt.awaitResponse(Deserializable.kt:256)
	au.com.firemarklabs.nt.NTClient$asyncInsert$$inlined$awaitObjectResponse$1.invokeSuspend(Coroutines.kt:68)
	kotlin.coroutines.jvm.internal.BaseContinuationImpl.resumeWith(ContinuationImpl.kt:33)
	kotlinx.coroutines.DispatchedTask.run(DispatchedTask.kt:56)
	kotlinx.coroutines.scheduling.CoroutineScheduler.runSafely(CoroutineScheduler.kt:561)
	kotlinx.coroutines.scheduling.CoroutineScheduler$Worker.executeTask(CoroutineScheduler.kt:727)
	kotlinx.coroutines.scheduling.CoroutineScheduler$Worker.runWorker(CoroutineScheduler.kt:667)
	kotlinx.coroutines.scheduling.CoroutineScheduler$Worker.run(CoroutineScheduler.kt:655)

		... 2 more
	Caused by: com.fasterxml.jackson.module.kotlin.MissingKotlinParameterException: Instantiation of [simple type, class au.com.firemarklabs.nt.Note] value failed for JSON property content due to missing (therefore NULL) value for creator parameter content which is a non-nullable type
 at [Source: (String)&quot;{&quot;status&quot;:&quot;success&quot;,&quot;note&quot;:{&quot;tag&quot;:[&quot;performance&quot;],&quot;_id&quot;:&quot;614c1b8bceece30015ab9ccb&quot;,&quot;content&quot;:&quot;Note 98&quot;,&quot;__v&quot;:0}}&quot;; line: 1, column: 112] (through reference chain: au.com.firemarklabs.nt.Note[&quot;content&quot;])
		at app//com.fasterxml.jackson.module.kotlin.KotlinValueInstantiator.createFromObjectWith(KotlinValueInstantiator.kt:107)
		at app//com.fasterxml.jackson.databind.deser.impl.PropertyBasedCreator.build(PropertyBasedCreator.java:195)
		at app//com.fasterxml.jackson.databind.deser.BeanDeserializer._deserializeUsingPropertyBased(BeanDeserializer.java:488)
		at app//com.fasterxml.jackson.databind.deser.BeanDeserializerBase.deserializeFromObjectUsingNonDefault(BeanDeserializerBase.java:1287)
		at app//com.fasterxml.jackson.databind.deser.BeanDeserializer.deserializeFromObject(BeanDeserializer.java:326)
		at app//com.fasterxml.jackson.databind.deser.BeanDeserializer.deserialize(BeanDeserializer.java:159)
		at app//com.fasterxml.jackson.databind.ObjectMapper._readMapAndClose(ObjectMapper.java:4013)
		at app//com.fasterxml.jackson.databind.ObjectMapper.readValue(ObjectMapper.java:3023)
		at app//au.com.firemarklabs.nt.NoteDeserializable.deserialize(NoteDeserializable.kt:12)
		at app//au.com.firemarklabs.nt.NoteDeserializable.deserialize(NoteDeserializable.kt:7)
		at app//com.github.kittinunf.fuel.core.ResponseDeserializable$DefaultImpls.deserialize(Deserializable.kt:43)
		at app//au.com.firemarklabs.nt.NoteDeserializable.deserialize(NoteDeserializable.kt:7)
		at app//au.com.firemarklabs.nt.NoteDeserializable.deserialize(NoteDeserializable.kt:7)
		at app//com.github.kittinunf.fuel.core.DeserializableKt.awaitResponse(Deserializable.kt:256)
		at app//au.com.firemarklabs.nt.NTClient$asyncInsert$$inlined$awaitObjectResponse$1.invokeSuspend(Coroutines.kt:68)
		at app//kotlin.coroutines.jvm.internal.BaseContinuationImpl.resumeWith(ContinuationImpl.kt:33)
		at app//kotlinx.coroutines.DispatchedTask.run(DispatchedTask.kt:56)
		at app//kotlinx.coroutines.scheduling.CoroutineScheduler.runSafely(CoroutineScheduler.kt:561)
		at app//kotlinx.coroutines.scheduling.CoroutineScheduler$Worker.executeTask(CoroutineScheduler.kt:727)
		at app//kotlinx.coroutines.scheduling.CoroutineScheduler$Worker.runWorker(CoroutineScheduler.kt:667)
		at app//kotlinx.coroutines.scheduling.CoroutineScheduler$Worker.run(CoroutineScheduler.kt:655)
	Suppressed: Instantiation of [simple type, class au.com.firemarklabs.nt.Note] value failed for JSON property content due to missing (therefore NULL) value for creator parameter content which is a non-nullable type
 at [Source: (String)&quot;{&quot;status&quot;:&quot;success&quot;,&quot;note&quot;:{&quot;tag&quot;:[&quot;performance&quot;],&quot;_id&quot;:&quot;614c1b8bceece30015ab9ccc&quot;,&quot;content&quot;:&quot;Note 99&quot;,&quot;__v&quot;:0}}&quot;; line: 1, column: 112] (through reference chain: au.com.firemarklabs.nt.Note[&quot;content&quot;])
	com.github.kittinunf.fuel.core.FuelError$Companion.wrap(FuelError.kt:86)
	com.github.kittinunf.fuel.core.DeserializableKt.awaitResponse(Deserializable.kt:257)
Caused by: com.fasterxml.jackson.module.kotlin.MissingKotlinParameterException: Instantiation of [simple type, class au.com.firemarklabs.nt.Note] value failed for JSON property content due to missing (therefore NULL) value for creator parameter content which is a non-nullable type
 at [Source: (String)&quot;{&quot;status&quot;:&quot;success&quot;,&quot;note&quot;:{&quot;tag&quot;:[&quot;performance&quot;],&quot;_id&quot;:&quot;614c1b8bceece30015ab9ccc&quot;,&quot;content&quot;:&quot;Note 99&quot;,&quot;__v&quot;:0}}&quot;; line: 1, column: 112] (through reference chain: au.com.firemarklabs.nt.Note[&quot;content&quot;])
	com.fasterxml.jackson.module.kotlin.KotlinValueInstantiator.createFromObjectWith(KotlinValueInstantiator.kt:107)
	com.fasterxml.jackson.databind.deser.impl.PropertyBasedCreator.build(PropertyBasedCreator.java:195)
	com.fasterxml.jackson.databind.deser.BeanDeserializer._deserializeUsingPropertyBased(BeanDeserializer.java:488)
	com.fasterxml.jackson.databind.deser.BeanDeserializerBase.deserializeFromObjectUsingNonDefault(BeanDeserializerBase.java:1287)
	com.fasterxml.jackson.databind.deser.BeanDeserializer.deserializeFromObject(BeanDeserializer.java:326)
	com.fasterxml.jackson.databind.deser.BeanDeserializer.deserialize(BeanDeserializer.java:159)
	com.fasterxml.jackson.databind.ObjectMapper._readMapAndClose(ObjectMapper.java:4013)
	com.fasterxml.jackson.databind.ObjectMapper.readValue(ObjectMapper.java:3023)
	au.com.firemarklabs.nt.NoteDeserializable.deserialize(NoteDeserializable.kt:12)
	au.com.firemarklabs.nt.NoteDeserializable.deserialize(NoteDeserializable.kt:7)
	com.github.kittinunf.fuel.core.ResponseDeserializable$DefaultImpls.deserialize(Deserializable.kt:43)
	au.com.firemarklabs.nt.NoteDeserializable.deserialize(NoteDeserializable.kt:7)
	au.com.firemarklabs.nt.NoteDeserializable.deserialize(NoteDeserializable.kt:7)
	com.github.kittinunf.fuel.core.DeserializableKt.awaitResponse(Deserializable.kt:256)
	au.com.firemarklabs.nt.NTClient$asyncInsert$$inlined$awaitObjectResponse$1.invokeSuspend(Coroutines.kt:68)
	kotlin.coroutines.jvm.internal.BaseContinuationImpl.resumeWith(ContinuationImpl.kt:33)
	kotlinx.coroutines.DispatchedTask.run(DispatchedTask.kt:56)
	kotlinx.coroutines.scheduling.CoroutineScheduler.runSafely(CoroutineScheduler.kt:561)
	kotlinx.coroutines.scheduling.CoroutineScheduler$Worker.executeTask(CoroutineScheduler.kt:727)
	kotlinx.coroutines.scheduling.CoroutineScheduler$Worker.runWorker(CoroutineScheduler.kt:667)
	kotlinx.coroutines.scheduling.CoroutineScheduler$Worker.run(CoroutineScheduler.kt:655)

		... 2 more
	Caused by: com.fasterxml.jackson.module.kotlin.MissingKotlinParameterException: Instantiation of [simple type, class au.com.firemarklabs.nt.Note] value failed for JSON property content due to missing (therefore NULL) value for creator parameter content which is a non-nullable type
 at [Source: (String)&quot;{&quot;status&quot;:&quot;success&quot;,&quot;note&quot;:{&quot;tag&quot;:[&quot;performance&quot;],&quot;_id&quot;:&quot;614c1b8bceece30015ab9ccc&quot;,&quot;content&quot;:&quot;Note 99&quot;,&quot;__v&quot;:0}}&quot;; line: 1, column: 112] (through reference chain: au.com.firemarklabs.nt.Note[&quot;content&quot;])
		at app//com.fasterxml.jackson.module.kotlin.KotlinValueInstantiator.createFromObjectWith(KotlinValueInstantiator.kt:107)
		at app//com.fasterxml.jackson.databind.deser.impl.PropertyBasedCreator.build(PropertyBasedCreator.java:195)
		at app//com.fasterxml.jackson.databind.deser.BeanDeserializer._deserializeUsingPropertyBased(BeanDeserializer.java:488)
		at app//com.fasterxml.jackson.databind.deser.BeanDeserializerBase.deserializeFromObjectUsingNonDefault(BeanDeserializerBase.java:1287)
		at app//com.fasterxml.jackson.databind.deser.BeanDeserializer.deserializeFromObject(BeanDeserializer.java:326)
		at app//com.fasterxml.jackson.databind.deser.BeanDeserializer.deserialize(BeanDeserializer.java:159)
		at app//com.fasterxml.jackson.databind.ObjectMapper._readMapAndClose(ObjectMapper.java:4013)
		at app//com.fasterxml.jackson.databind.ObjectMapper.readValue(ObjectMapper.java:3023)
		at app//au.com.firemarklabs.nt.NoteDeserializable.deserialize(NoteDeserializable.kt:12)
		at app//au.com.firemarklabs.nt.NoteDeserializable.deserialize(NoteDeserializable.kt:7)
		at app//com.github.kittinunf.fuel.core.ResponseDeserializable$DefaultImpls.deserialize(Deserializable.kt:43)
		at app//au.com.firemarklabs.nt.NoteDeserializable.deserialize(NoteDeserializable.kt:7)
		at app//au.com.firemarklabs.nt.NoteDeserializable.deserialize(NoteDeserializable.kt:7)
		at app//com.github.kittinunf.fuel.core.DeserializableKt.awaitResponse(Deserializable.kt:256)
		at app//au.com.firemarklabs.nt.NTClient$asyncInsert$$inlined$awaitObjectResponse$1.invokeSuspend(Coroutines.kt:68)
		at app//kotlin.coroutines.jvm.internal.BaseContinuationImpl.resumeWith(ContinuationImpl.kt:33)
		at app//kotlinx.coroutines.DispatchedTask.run(DispatchedTask.kt:56)
		at app//kotlinx.coroutines.scheduling.CoroutineScheduler.runSafely(CoroutineScheduler.kt:561)
		at app//kotlinx.coroutines.scheduling.CoroutineScheduler$Worker.executeTask(CoroutineScheduler.kt:727)
		at app//kotlinx.coroutines.scheduling.CoroutineScheduler$Worker.runWorker(CoroutineScheduler.kt:667)
		at app//kotlinx.coroutines.scheduling.CoroutineScheduler$Worker.run(CoroutineScheduler.kt:655)
	Suppressed: Instantiation of [simple type, class au.com.firemarklabs.nt.Note] value failed for JSON property content due to missing (therefore NULL) value for creator parameter content which is a non-nullable type
 at [Source: (String)&quot;{&quot;status&quot;:&quot;success&quot;,&quot;note&quot;:{&quot;tag&quot;:[&quot;performance&quot;],&quot;_id&quot;:&quot;614c1b8bceece30015ab9ccd&quot;,&quot;content&quot;:&quot;Note 100&quot;,&quot;__v&quot;:0}}&quot;; line: 1, column: 113] (through reference chain: au.com.firemarklabs.nt.Note[&quot;content&quot;])
	com.github.kittinunf.fuel.core.FuelError$Companion.wrap(FuelError.kt:86)
	com.github.kittinunf.fuel.core.DeserializableKt.awaitResponse(Deserializable.kt:257)
Caused by: com.fasterxml.jackson.module.kotlin.MissingKotlinParameterException: Instantiation of [simple type, class au.com.firemarklabs.nt.Note] value failed for JSON property content due to missing (therefore NULL) value for creator parameter content which is a non-nullable type
 at [Source: (String)&quot;{&quot;status&quot;:&quot;success&quot;,&quot;note&quot;:{&quot;tag&quot;:[&quot;performance&quot;],&quot;_id&quot;:&quot;614c1b8bceece30015ab9ccd&quot;,&quot;content&quot;:&quot;Note 100&quot;,&quot;__v&quot;:0}}&quot;; line: 1, column: 113] (through reference chain: au.com.firemarklabs.nt.Note[&quot;content&quot;])
	com.fasterxml.jackson.module.kotlin.KotlinValueInstantiator.createFromObjectWith(KotlinValueInstantiator.kt:107)
	com.fasterxml.jackson.databind.deser.impl.PropertyBasedCreator.build(PropertyBasedCreator.java:195)
	com.fasterxml.jackson.databind.deser.BeanDeserializer._deserializeUsingPropertyBased(BeanDeserializer.java:488)
	com.fasterxml.jackson.databind.deser.BeanDeserializerBase.deserializeFromObjectUsingNonDefault(BeanDeserializerBase.java:1287)
	com.fasterxml.jackson.databind.deser.BeanDeserializer.deserializeFromObject(BeanDeserializer.java:326)
	com.fasterxml.jackson.databind.deser.BeanDeserializer.deserialize(BeanDeserializer.java:159)
	com.fasterxml.jackson.databind.ObjectMapper._readMapAndClose(ObjectMapper.java:4013)
	com.fasterxml.jackson.databind.ObjectMapper.readValue(ObjectMapper.java:3023)
	au.com.firemarklabs.nt.NoteDeserializable.deserialize(NoteDeserializable.kt:12)
	au.com.firemarklabs.nt.NoteDeserializable.deserialize(NoteDeserializable.kt:7)
	com.github.kittinunf.fuel.core.ResponseDeserializable$DefaultImpls.deserialize(Deserializable.kt:43)
	au.com.firemarklabs.nt.NoteDeserializable.deserialize(NoteDeserializable.kt:7)
	au.com.firemarklabs.nt.NoteDeserializable.deserialize(NoteDeserializable.kt:7)
	com.github.kittinunf.fuel.core.DeserializableKt.awaitResponse(Deserializable.kt:256)
	au.com.firemarklabs.nt.NTClient$asyncInsert$$inlined$awaitObjectResponse$1.invokeSuspend(Coroutines.kt:68)
	kotlin.coroutines.jvm.internal.BaseContinuationImpl.resumeWith(ContinuationImpl.kt:33)
	kotlinx.coroutines.DispatchedTask.run(DispatchedTask.kt:56)
	kotlinx.coroutines.scheduling.CoroutineScheduler.runSafely(CoroutineScheduler.kt:561)
	kotlinx.coroutines.scheduling.CoroutineScheduler$Worker.executeTask(CoroutineScheduler.kt:727)
	kotlinx.coroutines.scheduling.CoroutineScheduler$Worker.runWorker(CoroutineScheduler.kt:667)
	kotlinx.coroutines.scheduling.CoroutineScheduler$Worker.run(CoroutineScheduler.kt:655)

		... 2 more
	Caused by: com.fasterxml.jackson.module.kotlin.MissingKotlinParameterException: Instantiation of [simple type, class au.com.firemarklabs.nt.Note] value failed for JSON property content due to missing (therefore NULL) value for creator parameter content which is a non-nullable type
 at [Source: (String)&quot;{&quot;status&quot;:&quot;success&quot;,&quot;note&quot;:{&quot;tag&quot;:[&quot;performance&quot;],&quot;_id&quot;:&quot;614c1b8bceece30015ab9ccd&quot;,&quot;content&quot;:&quot;Note 100&quot;,&quot;__v&quot;:0}}&quot;; line: 1, column: 113] (through reference chain: au.com.firemarklabs.nt.Note[&quot;content&quot;])
		at app//com.fasterxml.jackson.module.kotlin.KotlinValueInstantiator.createFromObjectWith(KotlinValueInstantiator.kt:107)
		at app//com.fasterxml.jackson.databind.deser.impl.PropertyBasedCreator.build(PropertyBasedCreator.java:195)
		at app//com.fasterxml.jackson.databind.deser.BeanDeserializer._deserializeUsingPropertyBased(BeanDeserializer.java:488)
		at app//com.fasterxml.jackson.databind.deser.BeanDeserializerBase.deserializeFromObjectUsingNonDefault(BeanDeserializerBase.java:1287)
		at app//com.fasterxml.jackson.databind.deser.BeanDeserializer.deserializeFromObject(BeanDeserializer.java:326)
		at app//com.fasterxml.jackson.databind.deser.BeanDeserializer.deserialize(BeanDeserializer.java:159)
		at app//com.fasterxml.jackson.databind.ObjectMapper._readMapAndClose(ObjectMapper.java:4013)
		at app//com.fasterxml.jackson.databind.ObjectMapper.readValue(ObjectMapper.java:3023)
		at app//au.com.firemarklabs.nt.NoteDeserializable.deserialize(NoteDeserializable.kt:12)
		at app//au.com.firemarklabs.nt.NoteDeserializable.deserialize(NoteDeserializable.kt:7)
		at app//com.github.kittinunf.fuel.core.ResponseDeserializable$DefaultImpls.deserialize(Deserializable.kt:43)
		at app//au.com.firemarklabs.nt.NoteDeserializable.deserialize(NoteDeserializable.kt:7)
		at app//au.com.firemarklabs.nt.NoteDeserializable.deserialize(NoteDeserializable.kt:7)
		at app//com.github.kittinunf.fuel.core.DeserializableKt.awaitResponse(Deserializable.kt:256)
		at app//au.com.firemarklabs.nt.NTClient$asyncInsert$$inlined$awaitObjectResponse$1.invokeSuspend(Coroutines.kt:68)
		at app//kotlin.coroutines.jvm.internal.BaseContinuationImpl.resumeWith(ContinuationImpl.kt:33)
		at app//kotlinx.coroutines.DispatchedTask.run(DispatchedTask.kt:56)
		at app//kotlinx.coroutines.scheduling.CoroutineScheduler.runSafely(CoroutineScheduler.kt:561)
		at app//kotlinx.coroutines.scheduling.CoroutineScheduler$Worker.executeTask(CoroutineScheduler.kt:727)
		at app//kotlinx.coroutines.scheduling.CoroutineScheduler$Worker.runWorker(CoroutineScheduler.kt:667)
		at app//kotlinx.coroutines.scheduling.CoroutineScheduler$Worker.run(CoroutineScheduler.kt:655)
	Suppressed: Instantiation of [simple type, class au.com.firemarklabs.nt.Note] value failed for JSON property content due to missing (therefore NULL) value for creator parameter content which is a non-nullable type
 at [Source: (String)&quot;{&quot;status&quot;:&quot;success&quot;,&quot;note&quot;:{&quot;tag&quot;:[&quot;performance&quot;],&quot;_id&quot;:&quot;614c1b8bceece30015ab9cce&quot;,&quot;content&quot;:&quot;Note 101&quot;,&quot;__v&quot;:0}}&quot;; line: 1, column: 113] (through reference chain: au.com.firemarklabs.nt.Note[&quot;content&quot;])
	com.github.kittinunf.fuel.core.FuelError$Companion.wrap(FuelError.kt:86)
	com.github.kittinunf.fuel.core.DeserializableKt.awaitResponse(Deserializable.kt:257)
Caused by: com.fasterxml.jackson.module.kotlin.MissingKotlinParameterException: Instantiation of [simple type, class au.com.firemarklabs.nt.Note] value failed for JSON property content due to missing (therefore NULL) value for creator parameter content which is a non-nullable type
 at [Source: (String)&quot;{&quot;status&quot;:&quot;success&quot;,&quot;note&quot;:{&quot;tag&quot;:[&quot;performance&quot;],&quot;_id&quot;:&quot;614c1b8bceece30015ab9cce&quot;,&quot;content&quot;:&quot;Note 101&quot;,&quot;__v&quot;:0}}&quot;; line: 1, column: 113] (through reference chain: au.com.firemarklabs.nt.Note[&quot;content&quot;])
	com.fasterxml.jackson.module.kotlin.KotlinValueInstantiator.createFromObjectWith(KotlinValueInstantiator.kt:107)
	com.fasterxml.jackson.databind.deser.impl.PropertyBasedCreator.build(PropertyBasedCreator.java:195)
	com.fasterxml.jackson.databind.deser.BeanDeserializer._deserializeUsingPropertyBased(BeanDeserializer.java:488)
	com.fasterxml.jackson.databind.deser.BeanDeserializerBase.deserializeFromObjectUsingNonDefault(BeanDeserializerBase.java:1287)
	com.fasterxml.jackson.databind.deser.BeanDeserializer.deserializeFromObject(BeanDeserializer.java:326)
	com.fasterxml.jackson.databind.deser.BeanDeserializer.deserialize(BeanDeserializer.java:159)
	com.fasterxml.jackson.databind.ObjectMapper._readMapAndClose(ObjectMapper.java:4013)
	com.fasterxml.jackson.databind.ObjectMapper.readValue(ObjectMapper.java:3023)
	au.com.firemarklabs.nt.NoteDeserializable.deserialize(NoteDeserializable.kt:12)
	au.com.firemarklabs.nt.NoteDeserializable.deserialize(NoteDeserializable.kt:7)
	com.github.kittinunf.fuel.core.ResponseDeserializable$DefaultImpls.deserialize(Deserializable.kt:43)
	au.com.firemarklabs.nt.NoteDeserializable.deserialize(NoteDeserializable.kt:7)
	au.com.firemarklabs.nt.NoteDeserializable.deserialize(NoteDeserializable.kt:7)
	com.github.kittinunf.fuel.core.DeserializableKt.awaitResponse(Deserializable.kt:256)
	au.com.firemarklabs.nt.NTClient$asyncInsert$$inlined$awaitObjectResponse$1.invokeSuspend(Coroutines.kt:68)
	kotlin.coroutines.jvm.internal.BaseContinuationImpl.resumeWith(ContinuationImpl.kt:33)
	kotlinx.coroutines.DispatchedTask.run(DispatchedTask.kt:56)
	kotlinx.coroutines.scheduling.CoroutineScheduler.runSafely(CoroutineScheduler.kt:561)
	kotlinx.coroutines.scheduling.CoroutineScheduler$Worker.executeTask(CoroutineScheduler.kt:727)
	kotlinx.coroutines.scheduling.CoroutineScheduler$Worker.runWorker(CoroutineScheduler.kt:667)
	kotlinx.coroutines.scheduling.CoroutineScheduler$Worker.run(CoroutineScheduler.kt:655)

		... 2 more
	Caused by: com.fasterxml.jackson.module.kotlin.MissingKotlinParameterException: Instantiation of [simple type, class au.com.firemarklabs.nt.Note] value failed for JSON property content due to missing (therefore NULL) value for creator parameter content which is a non-nullable type
 at [Source: (String)&quot;{&quot;status&quot;:&quot;success&quot;,&quot;note&quot;:{&quot;tag&quot;:[&quot;performance&quot;],&quot;_id&quot;:&quot;614c1b8bceece30015ab9cce&quot;,&quot;content&quot;:&quot;Note 101&quot;,&quot;__v&quot;:0}}&quot;; line: 1, column: 113] (through reference chain: au.com.firemarklabs.nt.Note[&quot;content&quot;])
		at app//com.fasterxml.jackson.module.kotlin.KotlinValueInstantiator.createFromObjectWith(KotlinValueInstantiator.kt:107)
		at app//com.fasterxml.jackson.databind.deser.impl.PropertyBasedCreator.build(PropertyBasedCreator.java:195)
		at app//com.fasterxml.jackson.databind.deser.BeanDeserializer._deserializeUsingPropertyBased(BeanDeserializer.java:488)
		at app//com.fasterxml.jackson.databind.deser.BeanDeserializerBase.deserializeFromObjectUsingNonDefault(BeanDeserializerBase.java:1287)
		at app//com.fasterxml.jackson.databind.deser.BeanDeserializer.deserializeFromObject(BeanDeserializer.java:326)
		at app//com.fasterxml.jackson.databind.deser.BeanDeserializer.deserialize(BeanDeserializer.java:159)
		at app//com.fasterxml.jackson.databind.ObjectMapper._readMapAndClose(ObjectMapper.java:4013)
		at app//com.fasterxml.jackson.databind.ObjectMapper.readValue(ObjectMapper.java:3023)
		at app//au.com.firemarklabs.nt.NoteDeserializable.deserialize(NoteDeserializable.kt:12)
		at app//au.com.firemarklabs.nt.NoteDeserializable.deserialize(NoteDeserializable.kt:7)
		at app//com.github.kittinunf.fuel.core.ResponseDeserializable$DefaultImpls.deserialize(Deserializable.kt:43)
		at app//au.com.firemarklabs.nt.NoteDeserializable.deserialize(NoteDeserializable.kt:7)
		at app//au.com.firemarklabs.nt.NoteDeserializable.deserialize(NoteDeserializable.kt:7)
		at app//com.github.kittinunf.fuel.core.DeserializableKt.awaitResponse(Deserializable.kt:256)
		at app//au.com.firemarklabs.nt.NTClient$asyncInsert$$inlined$awaitObjectResponse$1.invokeSuspend(Coroutines.kt:68)
		at app//kotlin.coroutines.jvm.internal.BaseContinuationImpl.resumeWith(ContinuationImpl.kt:33)
		at app//kotlinx.coroutines.DispatchedTask.run(DispatchedTask.kt:56)
		at app//kotlinx.coroutines.scheduling.CoroutineScheduler.runSafely(CoroutineScheduler.kt:561)
		at app//kotlinx.coroutines.scheduling.CoroutineScheduler$Worker.executeTask(CoroutineScheduler.kt:727)
		at app//kotlinx.coroutines.scheduling.CoroutineScheduler$Worker.runWorker(CoroutineScheduler.kt:667)
		at app//kotlinx.coroutines.scheduling.CoroutineScheduler$Worker.run(CoroutineScheduler.kt:655)
	Suppressed: Instantiation of [simple type, class au.com.firemarklabs.nt.Note] value failed for JSON property content due to missing (therefore NULL) value for creator parameter content which is a non-nullable type
 at [Source: (String)&quot;{&quot;status&quot;:&quot;success&quot;,&quot;note&quot;:{&quot;tag&quot;:[&quot;performance&quot;],&quot;_id&quot;:&quot;614c1b8bceece30015ab9cd9&quot;,&quot;content&quot;:&quot;Note 102&quot;,&quot;__v&quot;:0}}&quot;; line: 1, column: 113] (through reference chain: au.com.firemarklabs.nt.Note[&quot;content&quot;])
	com.github.kittinunf.fuel.core.FuelError$Companion.wrap(FuelError.kt:86)
	com.github.kittinunf.fuel.core.DeserializableKt.awaitResponse(Deserializable.kt:257)
Caused by: com.fasterxml.jackson.module.kotlin.MissingKotlinParameterException: Instantiation of [simple type, class au.com.firemarklabs.nt.Note] value failed for JSON property content due to missing (therefore NULL) value for creator parameter content which is a non-nullable type
 at [Source: (String)&quot;{&quot;status&quot;:&quot;success&quot;,&quot;note&quot;:{&quot;tag&quot;:[&quot;performance&quot;],&quot;_id&quot;:&quot;614c1b8bceece30015ab9cd9&quot;,&quot;content&quot;:&quot;Note 102&quot;,&quot;__v&quot;:0}}&quot;; line: 1, column: 113] (through reference chain: au.com.firemarklabs.nt.Note[&quot;content&quot;])
	com.fasterxml.jackson.module.kotlin.KotlinValueInstantiator.createFromObjectWith(KotlinValueInstantiator.kt:107)
	com.fasterxml.jackson.databind.deser.impl.PropertyBasedCreator.build(PropertyBasedCreator.java:195)
	com.fasterxml.jackson.databind.deser.BeanDeserializer._deserializeUsingPropertyBased(BeanDeserializer.java:488)
	com.fasterxml.jackson.databind.deser.BeanDeserializerBase.deserializeFromObjectUsingNonDefault(BeanDeserializerBase.java:1287)
	com.fasterxml.jackson.databind.deser.BeanDeserializer.deserializeFromObject(BeanDeserializer.java:326)
	com.fasterxml.jackson.databind.deser.BeanDeserializer.deserialize(BeanDeserializer.java:159)
	com.fasterxml.jackson.databind.ObjectMapper._readMapAndClose(ObjectMapper.java:4013)
	com.fasterxml.jackson.databind.ObjectMapper.readValue(ObjectMapper.java:3023)
	au.com.firemarklabs.nt.NoteDeserializable.deserialize(NoteDeserializable.kt:12)
	au.com.firemarklabs.nt.NoteDeserializable.deserialize(NoteDeserializable.kt:7)
	com.github.kittinunf.fuel.core.ResponseDeserializable$DefaultImpls.deserialize(Deserializable.kt:43)
	au.com.firemarklabs.nt.NoteDeserializable.deserialize(NoteDeserializable.kt:7)
	au.com.firemarklabs.nt.NoteDeserializable.deserialize(NoteDeserializable.kt:7)
	com.github.kittinunf.fuel.core.DeserializableKt.awaitResponse(Deserializable.kt:256)
	au.com.firemarklabs.nt.NTClient$asyncInsert$$inlined$awaitObjectResponse$1.invokeSuspend(Coroutines.kt:68)
	kotlin.coroutines.jvm.internal.BaseContinuationImpl.resumeWith(ContinuationImpl.kt:33)
	kotlinx.coroutines.DispatchedTask.run(DispatchedTask.kt:56)
	kotlinx.coroutines.scheduling.CoroutineScheduler.runSafely(CoroutineScheduler.kt:561)
	kotlinx.coroutines.scheduling.CoroutineScheduler$Worker.executeTask(CoroutineScheduler.kt:727)
	kotlinx.coroutines.scheduling.CoroutineScheduler$Worker.runWorker(CoroutineScheduler.kt:667)
	kotlinx.coroutines.scheduling.CoroutineScheduler$Worker.run(CoroutineScheduler.kt:655)

		... 2 more
	Caused by: com.fasterxml.jackson.module.kotlin.MissingKotlinParameterException: Instantiation of [simple type, class au.com.firemarklabs.nt.Note] value failed for JSON property content due to missing (therefore NULL) value for creator parameter content which is a non-nullable type
 at [Source: (String)&quot;{&quot;status&quot;:&quot;success&quot;,&quot;note&quot;:{&quot;tag&quot;:[&quot;performance&quot;],&quot;_id&quot;:&quot;614c1b8bceece30015ab9cd9&quot;,&quot;content&quot;:&quot;Note 102&quot;,&quot;__v&quot;:0}}&quot;; line: 1, column: 113] (through reference chain: au.com.firemarklabs.nt.Note[&quot;content&quot;])
		at app//com.fasterxml.jackson.module.kotlin.KotlinValueInstantiator.createFromObjectWith(KotlinValueInstantiator.kt:107)
		at app//com.fasterxml.jackson.databind.deser.impl.PropertyBasedCreator.build(PropertyBasedCreator.java:195)
		at app//com.fasterxml.jackson.databind.deser.BeanDeserializer._deserializeUsingPropertyBased(BeanDeserializer.java:488)
		at app//com.fasterxml.jackson.databind.deser.BeanDeserializerBase.deserializeFromObjectUsingNonDefault(BeanDeserializerBase.java:1287)
		at app//com.fasterxml.jackson.databind.deser.BeanDeserializer.deserializeFromObject(BeanDeserializer.java:326)
		at app//com.fasterxml.jackson.databind.deser.BeanDeserializer.deserialize(BeanDeserializer.java:159)
		at app//com.fasterxml.jackson.databind.ObjectMapper._readMapAndClose(ObjectMapper.java:4013)
		at app//com.fasterxml.jackson.databind.ObjectMapper.readValue(ObjectMapper.java:3023)
		at app//au.com.firemarklabs.nt.NoteDeserializable.deserialize(NoteDeserializable.kt:12)
		at app//au.com.firemarklabs.nt.NoteDeserializable.deserialize(NoteDeserializable.kt:7)
		at app//com.github.kittinunf.fuel.core.ResponseDeserializable$DefaultImpls.deserialize(Deserializable.kt:43)
		at app//au.com.firemarklabs.nt.NoteDeserializable.deserialize(NoteDeserializable.kt:7)
		at app//au.com.firemarklabs.nt.NoteDeserializable.deserialize(NoteDeserializable.kt:7)
		at app//com.github.kittinunf.fuel.core.DeserializableKt.awaitResponse(Deserializable.kt:256)
		at app//au.com.firemarklabs.nt.NTClient$asyncInsert$$inlined$awaitObjectResponse$1.invokeSuspend(Coroutines.kt:68)
		at app//kotlin.coroutines.jvm.internal.BaseContinuationImpl.resumeWith(ContinuationImpl.kt:33)
		at app//kotlinx.coroutines.DispatchedTask.run(DispatchedTask.kt:56)
		at app//kotlinx.coroutines.scheduling.CoroutineScheduler.runSafely(CoroutineScheduler.kt:561)
		at app//kotlinx.coroutines.scheduling.CoroutineScheduler$Worker.executeTask(CoroutineScheduler.kt:727)
		at app//kotlinx.coroutines.scheduling.CoroutineScheduler$Worker.runWorker(CoroutineScheduler.kt:667)
		at app//kotlinx.coroutines.scheduling.CoroutineScheduler$Worker.run(CoroutineScheduler.kt:655)
	Suppressed: Instantiation of [simple type, class au.com.firemarklabs.nt.Note] value failed for JSON property content due to missing (therefore NULL) value for creator parameter content which is a non-nullable type
 at [Source: (String)&quot;{&quot;status&quot;:&quot;success&quot;,&quot;note&quot;:{&quot;tag&quot;:[&quot;performance&quot;],&quot;_id&quot;:&quot;614c1b8bceece30015ab9cda&quot;,&quot;content&quot;:&quot;Note 103&quot;,&quot;__v&quot;:0}}&quot;; line: 1, column: 113] (through reference chain: au.com.firemarklabs.nt.Note[&quot;content&quot;])
	com.github.kittinunf.fuel.core.FuelError$Companion.wrap(FuelError.kt:86)
	com.github.kittinunf.fuel.core.DeserializableKt.awaitResponse(Deserializable.kt:257)
Caused by: com.fasterxml.jackson.module.kotlin.MissingKotlinParameterException: Instantiation of [simple type, class au.com.firemarklabs.nt.Note] value failed for JSON property content due to missing (therefore NULL) value for creator parameter content which is a non-nullable type
 at [Source: (String)&quot;{&quot;status&quot;:&quot;success&quot;,&quot;note&quot;:{&quot;tag&quot;:[&quot;performance&quot;],&quot;_id&quot;:&quot;614c1b8bceece30015ab9cda&quot;,&quot;content&quot;:&quot;Note 103&quot;,&quot;__v&quot;:0}}&quot;; line: 1, column: 113] (through reference chain: au.com.firemarklabs.nt.Note[&quot;content&quot;])
	com.fasterxml.jackson.module.kotlin.KotlinValueInstantiator.createFromObjectWith(KotlinValueInstantiator.kt:107)
	com.fasterxml.jackson.databind.deser.impl.PropertyBasedCreator.build(PropertyBasedCreator.java:195)
	com.fasterxml.jackson.databind.deser.BeanDeserializer._deserializeUsingPropertyBased(BeanDeserializer.java:488)
	com.fasterxml.jackson.databind.deser.BeanDeserializerBase.deserializeFromObjectUsingNonDefault(BeanDeserializerBase.java:1287)
	com.fasterxml.jackson.databind.deser.BeanDeserializer.deserializeFromObject(BeanDeserializer.java:326)
	com.fasterxml.jackson.databind.deser.BeanDeserializer.deserialize(BeanDeserializer.java:159)
	com.fasterxml.jackson.databind.ObjectMapper._readMapAndClose(ObjectMapper.java:4013)
	com.fasterxml.jackson.databind.ObjectMapper.readValue(ObjectMapper.java:3023)
	au.com.firemarklabs.nt.NoteDeserializable.deserialize(NoteDeserializable.kt:12)
	au.com.firemarklabs.nt.NoteDeserializable.deserialize(NoteDeserializable.kt:7)
	com.github.kittinunf.fuel.core.ResponseDeserializable$DefaultImpls.deserialize(Deserializable.kt:43)
	au.com.firemarklabs.nt.NoteDeserializable.deserialize(NoteDeserializable.kt:7)
	au.com.firemarklabs.nt.NoteDeserializable.deserialize(NoteDeserializable.kt:7)
	com.github.kittinunf.fuel.core.DeserializableKt.awaitResponse(Deserializable.kt:256)
	au.com.firemarklabs.nt.NTClient$asyncInsert$$inlined$awaitObjectResponse$1.invokeSuspend(Coroutines.kt:68)
	kotlin.coroutines.jvm.internal.BaseContinuationImpl.resumeWith(ContinuationImpl.kt:33)
	kotlinx.coroutines.DispatchedTask.run(DispatchedTask.kt:56)
	kotlinx.coroutines.scheduling.CoroutineScheduler.runSafely(CoroutineScheduler.kt:561)
	kotlinx.coroutines.scheduling.CoroutineScheduler$Worker.executeTask(CoroutineScheduler.kt:727)
	kotlinx.coroutines.scheduling.CoroutineScheduler$Worker.runWorker(CoroutineScheduler.kt:667)
	kotlinx.coroutines.scheduling.CoroutineScheduler$Worker.run(CoroutineScheduler.kt:655)

		... 2 more
	Caused by: com.fasterxml.jackson.module.kotlin.MissingKotlinParameterException: Instantiation of [simple type, class au.com.firemarklabs.nt.Note] value failed for JSON property content due to missing (therefore NULL) value for creator parameter content which is a non-nullable type
 at [Source: (String)&quot;{&quot;status&quot;:&quot;success&quot;,&quot;note&quot;:{&quot;tag&quot;:[&quot;performance&quot;],&quot;_id&quot;:&quot;614c1b8bceece30015ab9cda&quot;,&quot;content&quot;:&quot;Note 103&quot;,&quot;__v&quot;:0}}&quot;; line: 1, column: 113] (through reference chain: au.com.firemarklabs.nt.Note[&quot;content&quot;])
		at app//com.fasterxml.jackson.module.kotlin.KotlinValueInstantiator.createFromObjectWith(KotlinValueInstantiator.kt:107)
		at app//com.fasterxml.jackson.databind.deser.impl.PropertyBasedCreator.build(PropertyBasedCreator.java:195)
		at app//com.fasterxml.jackson.databind.deser.BeanDeserializer._deserializeUsingPropertyBased(BeanDeserializer.java:488)
		at app//com.fasterxml.jackson.databind.deser.BeanDeserializerBase.deserializeFromObjectUsingNonDefault(BeanDeserializerBase.java:1287)
		at app//com.fasterxml.jackson.databind.deser.BeanDeserializer.deserializeFromObject(BeanDeserializer.java:326)
		at app//com.fasterxml.jackson.databind.deser.BeanDeserializer.deserialize(BeanDeserializer.java:159)
		at app//com.fasterxml.jackson.databind.ObjectMapper._readMapAndClose(ObjectMapper.java:4013)
		at app//com.fasterxml.jackson.databind.ObjectMapper.readValue(ObjectMapper.java:3023)
		at app//au.com.firemarklabs.nt.NoteDeserializable.deserialize(NoteDeserializable.kt:12)
		at app//au.com.firemarklabs.nt.NoteDeserializable.deserialize(NoteDeserializable.kt:7)
		at app//com.github.kittinunf.fuel.core.ResponseDeserializable$DefaultImpls.deserialize(Deserializable.kt:43)
		at app//au.com.firemarklabs.nt.NoteDeserializable.deserialize(NoteDeserializable.kt:7)
		at app//au.com.firemarklabs.nt.NoteDeserializable.deserialize(NoteDeserializable.kt:7)
		at app//com.github.kittinunf.fuel.core.DeserializableKt.awaitResponse(Deserializable.kt:256)
		at app//au.com.firemarklabs.nt.NTClient$asyncInsert$$inlined$awaitObjectResponse$1.invokeSuspend(Coroutines.kt:68)
		at app//kotlin.coroutines.jvm.internal.BaseContinuationImpl.resumeWith(ContinuationImpl.kt:33)
		at app//kotlinx.coroutines.DispatchedTask.run(DispatchedTask.kt:56)
		at app//kotlinx.coroutines.scheduling.CoroutineScheduler.runSafely(CoroutineScheduler.kt:561)
		at app//kotlinx.coroutines.scheduling.CoroutineScheduler$Worker.executeTask(CoroutineScheduler.kt:727)
		at app//kotlinx.coroutines.scheduling.CoroutineScheduler$Worker.runWorker(CoroutineScheduler.kt:667)
		at app//kotlinx.coroutines.scheduling.CoroutineScheduler$Worker.run(CoroutineScheduler.kt:655)
	Suppressed: Instantiation of [simple type, class au.com.firemarklabs.nt.Note] value failed for JSON property content due to missing (therefore NULL) value for creator parameter content which is a non-nullable type
 at [Source: (String)&quot;{&quot;status&quot;:&quot;success&quot;,&quot;note&quot;:{&quot;tag&quot;:[&quot;performance&quot;],&quot;_id&quot;:&quot;614c1b8bceece30015ab9cdb&quot;,&quot;content&quot;:&quot;Note 104&quot;,&quot;__v&quot;:0}}&quot;; line: 1, column: 113] (through reference chain: au.com.firemarklabs.nt.Note[&quot;content&quot;])
	com.github.kittinunf.fuel.core.FuelError$Companion.wrap(FuelError.kt:86)
	com.github.kittinunf.fuel.core.DeserializableKt.awaitResponse(Deserializable.kt:257)
Caused by: com.fasterxml.jackson.module.kotlin.MissingKotlinParameterException: Instantiation of [simple type, class au.com.firemarklabs.nt.Note] value failed for JSON property content due to missing (therefore NULL) value for creator parameter content which is a non-nullable type
 at [Source: (String)&quot;{&quot;status&quot;:&quot;success&quot;,&quot;note&quot;:{&quot;tag&quot;:[&quot;performance&quot;],&quot;_id&quot;:&quot;614c1b8bceece30015ab9cdb&quot;,&quot;content&quot;:&quot;Note 104&quot;,&quot;__v&quot;:0}}&quot;; line: 1, column: 113] (through reference chain: au.com.firemarklabs.nt.Note[&quot;content&quot;])
	com.fasterxml.jackson.module.kotlin.KotlinValueInstantiator.createFromObjectWith(KotlinValueInstantiator.kt:107)
	com.fasterxml.jackson.databind.deser.impl.PropertyBasedCreator.build(PropertyBasedCreator.java:195)
	com.fasterxml.jackson.databind.deser.BeanDeserializer._deserializeUsingPropertyBased(BeanDeserializer.java:488)
	com.fasterxml.jackson.databind.deser.BeanDeserializerBase.deserializeFromObjectUsingNonDefault(BeanDeserializerBase.java:1287)
	com.fasterxml.jackson.databind.deser.BeanDeserializer.deserializeFromObject(BeanDeserializer.java:326)
	com.fasterxml.jackson.databind.deser.BeanDeserializer.deserialize(BeanDeserializer.java:159)
	com.fasterxml.jackson.databind.ObjectMapper._readMapAndClose(ObjectMapper.java:4013)
	com.fasterxml.jackson.databind.ObjectMapper.readValue(ObjectMapper.java:3023)
	au.com.firemarklabs.nt.NoteDeserializable.deserialize(NoteDeserializable.kt:12)
	au.com.firemarklabs.nt.NoteDeserializable.deserialize(NoteDeserializable.kt:7)
	com.github.kittinunf.fuel.core.ResponseDeserializable$DefaultImpls.deserialize(Deserializable.kt:43)
	au.com.firemarklabs.nt.NoteDeserializable.deserialize(NoteDeserializable.kt:7)
	au.com.firemarklabs.nt.NoteDeserializable.deserialize(NoteDeserializable.kt:7)
	com.github.kittinunf.fuel.core.DeserializableKt.awaitResponse(Deserializable.kt:256)
	au.com.firemarklabs.nt.NTClient$asyncInsert$$inlined$awaitObjectResponse$1.invokeSuspend(Coroutines.kt:68)
	kotlin.coroutines.jvm.internal.BaseContinuationImpl.resumeWith(ContinuationImpl.kt:33)
	kotlinx.coroutines.DispatchedTask.run(DispatchedTask.kt:56)
	kotlinx.coroutines.scheduling.CoroutineScheduler.runSafely(CoroutineScheduler.kt:561)
	kotlinx.coroutines.scheduling.CoroutineScheduler$Worker.executeTask(CoroutineScheduler.kt:727)
	kotlinx.coroutines.scheduling.CoroutineScheduler$Worker.runWorker(CoroutineScheduler.kt:667)
	kotlinx.coroutines.scheduling.CoroutineScheduler$Worker.run(CoroutineScheduler.kt:655)

		... 2 more
	Caused by: com.fasterxml.jackson.module.kotlin.MissingKotlinParameterException: Instantiation of [simple type, class au.com.firemarklabs.nt.Note] value failed for JSON property content due to missing (therefore NULL) value for creator parameter content which is a non-nullable type
 at [Source: (String)&quot;{&quot;status&quot;:&quot;success&quot;,&quot;note&quot;:{&quot;tag&quot;:[&quot;performance&quot;],&quot;_id&quot;:&quot;614c1b8bceece30015ab9cdb&quot;,&quot;content&quot;:&quot;Note 104&quot;,&quot;__v&quot;:0}}&quot;; line: 1, column: 113] (through reference chain: au.com.firemarklabs.nt.Note[&quot;content&quot;])
		at app//com.fasterxml.jackson.module.kotlin.KotlinValueInstantiator.createFromObjectWith(KotlinValueInstantiator.kt:107)
		at app//com.fasterxml.jackson.databind.deser.impl.PropertyBasedCreator.build(PropertyBasedCreator.java:195)
		at app//com.fasterxml.jackson.databind.deser.BeanDeserializer._deserializeUsingPropertyBased(BeanDeserializer.java:488)
		at app//com.fasterxml.jackson.databind.deser.BeanDeserializerBase.deserializeFromObjectUsingNonDefault(BeanDeserializerBase.java:1287)
		at app//com.fasterxml.jackson.databind.deser.BeanDeserializer.deserializeFromObject(BeanDeserializer.java:326)
		at app//com.fasterxml.jackson.databind.deser.BeanDeserializer.deserialize(BeanDeserializer.java:159)
		at app//com.fasterxml.jackson.databind.ObjectMapper._readMapAndClose(ObjectMapper.java:4013)
		at app//com.fasterxml.jackson.databind.ObjectMapper.readValue(ObjectMapper.java:3023)
		at app//au.com.firemarklabs.nt.NoteDeserializable.deserialize(NoteDeserializable.kt:12)
		at app//au.com.firemarklabs.nt.NoteDeserializable.deserialize(NoteDeserializable.kt:7)
		at app//com.github.kittinunf.fuel.core.ResponseDeserializable$DefaultImpls.deserialize(Deserializable.kt:43)
		at app//au.com.firemarklabs.nt.NoteDeserializable.deserialize(NoteDeserializable.kt:7)
		at app//au.com.firemarklabs.nt.NoteDeserializable.deserialize(NoteDeserializable.kt:7)
		at app//com.github.kittinunf.fuel.core.DeserializableKt.awaitResponse(Deserializable.kt:256)
		at app//au.com.firemarklabs.nt.NTClient$asyncInsert$$inlined$awaitObjectResponse$1.invokeSuspend(Coroutines.kt:68)
		at app//kotlin.coroutines.jvm.internal.BaseContinuationImpl.resumeWith(ContinuationImpl.kt:33)
		at app//kotlinx.coroutines.DispatchedTask.run(DispatchedTask.kt:56)
		at app//kotlinx.coroutines.scheduling.CoroutineScheduler.runSafely(CoroutineScheduler.kt:561)
		at app//kotlinx.coroutines.scheduling.CoroutineScheduler$Worker.executeTask(CoroutineScheduler.kt:727)
		at app//kotlinx.coroutines.scheduling.CoroutineScheduler$Worker.runWorker(CoroutineScheduler.kt:667)
		at app//kotlinx.coroutines.scheduling.CoroutineScheduler$Worker.run(CoroutineScheduler.kt:655)
	Suppressed: Instantiation of [simple type, class au.com.firemarklabs.nt.Note] value failed for JSON property content due to missing (therefore NULL) value for creator parameter content which is a non-nullable type
 at [Source: (String)&quot;{&quot;status&quot;:&quot;success&quot;,&quot;note&quot;:{&quot;tag&quot;:[&quot;performance&quot;],&quot;_id&quot;:&quot;614c1b8bceece30015ab9cdc&quot;,&quot;content&quot;:&quot;Note 105&quot;,&quot;__v&quot;:0}}&quot;; line: 1, column: 113] (through reference chain: au.com.firemarklabs.nt.Note[&quot;content&quot;])
	com.github.kittinunf.fuel.core.FuelError$Companion.wrap(FuelError.kt:86)
	com.github.kittinunf.fuel.core.DeserializableKt.awaitResponse(Deserializable.kt:257)
Caused by: com.fasterxml.jackson.module.kotlin.MissingKotlinParameterException: Instantiation of [simple type, class au.com.firemarklabs.nt.Note] value failed for JSON property content due to missing (therefore NULL) value for creator parameter content which is a non-nullable type
 at [Source: (String)&quot;{&quot;status&quot;:&quot;success&quot;,&quot;note&quot;:{&quot;tag&quot;:[&quot;performance&quot;],&quot;_id&quot;:&quot;614c1b8bceece30015ab9cdc&quot;,&quot;content&quot;:&quot;Note 105&quot;,&quot;__v&quot;:0}}&quot;; line: 1, column: 113] (through reference chain: au.com.firemarklabs.nt.Note[&quot;content&quot;])
	com.fasterxml.jackson.module.kotlin.KotlinValueInstantiator.createFromObjectWith(KotlinValueInstantiator.kt:107)
	com.fasterxml.jackson.databind.deser.impl.PropertyBasedCreator.build(PropertyBasedCreator.java:195)
	com.fasterxml.jackson.databind.deser.BeanDeserializer._deserializeUsingPropertyBased(BeanDeserializer.java:488)
	com.fasterxml.jackson.databind.deser.BeanDeserializerBase.deserializeFromObjectUsingNonDefault(BeanDeserializerBase.java:1287)
	com.fasterxml.jackson.databind.deser.BeanDeserializer.deserializeFromObject(BeanDeserializer.java:326)
	com.fasterxml.jackson.databind.deser.BeanDeserializer.deserialize(BeanDeserializer.java:159)
	com.fasterxml.jackson.databind.ObjectMapper._readMapAndClose(ObjectMapper.java:4013)
	com.fasterxml.jackson.databind.ObjectMapper.readValue(ObjectMapper.java:3023)
	au.com.firemarklabs.nt.NoteDeserializable.deserialize(NoteDeserializable.kt:12)
	au.com.firemarklabs.nt.NoteDeserializable.deserialize(NoteDeserializable.kt:7)
	com.github.kittinunf.fuel.core.ResponseDeserializable$DefaultImpls.deserialize(Deserializable.kt:43)
	au.com.firemarklabs.nt.NoteDeserializable.deserialize(NoteDeserializable.kt:7)
	au.com.firemarklabs.nt.NoteDeserializable.deserialize(NoteDeserializable.kt:7)
	com.github.kittinunf.fuel.core.DeserializableKt.awaitResponse(Deserializable.kt:256)
	au.com.firemarklabs.nt.NTClient$asyncInsert$$inlined$awaitObjectResponse$1.invokeSuspend(Coroutines.kt:68)
	kotlin.coroutines.jvm.internal.BaseContinuationImpl.resumeWith(ContinuationImpl.kt:33)
	kotlinx.coroutines.DispatchedTask.run(DispatchedTask.kt:56)
	kotlinx.coroutines.scheduling.CoroutineScheduler.runSafely(CoroutineScheduler.kt:561)
	kotlinx.coroutines.scheduling.CoroutineScheduler$Worker.executeTask(CoroutineScheduler.kt:727)
	kotlinx.coroutines.scheduling.CoroutineScheduler$Worker.runWorker(CoroutineScheduler.kt:667)
	kotlinx.coroutines.scheduling.CoroutineScheduler$Worker.run(CoroutineScheduler.kt:655)

		... 2 more
	Caused by: com.fasterxml.jackson.module.kotlin.MissingKotlinParameterException: Instantiation of [simple type, class au.com.firemarklabs.nt.Note] value failed for JSON property content due to missing (therefore NULL) value for creator parameter content which is a non-nullable type
 at [Source: (String)&quot;{&quot;status&quot;:&quot;success&quot;,&quot;note&quot;:{&quot;tag&quot;:[&quot;performance&quot;],&quot;_id&quot;:&quot;614c1b8bceece30015ab9cdc&quot;,&quot;content&quot;:&quot;Note 105&quot;,&quot;__v&quot;:0}}&quot;; line: 1, column: 113] (through reference chain: au.com.firemarklabs.nt.Note[&quot;content&quot;])
		at app//com.fasterxml.jackson.module.kotlin.KotlinValueInstantiator.createFromObjectWith(KotlinValueInstantiator.kt:107)
		at app//com.fasterxml.jackson.databind.deser.impl.PropertyBasedCreator.build(PropertyBasedCreator.java:195)
		at app//com.fasterxml.jackson.databind.deser.BeanDeserializer._deserializeUsingPropertyBased(BeanDeserializer.java:488)
		at app//com.fasterxml.jackson.databind.deser.BeanDeserializerBase.deserializeFromObjectUsingNonDefault(BeanDeserializerBase.java:1287)
		at app//com.fasterxml.jackson.databind.deser.BeanDeserializer.deserializeFromObject(BeanDeserializer.java:326)
		at app//com.fasterxml.jackson.databind.deser.BeanDeserializer.deserialize(BeanDeserializer.java:159)
		at app//com.fasterxml.jackson.databind.ObjectMapper._readMapAndClose(ObjectMapper.java:4013)
		at app//com.fasterxml.jackson.databind.ObjectMapper.readValue(ObjectMapper.java:3023)
		at app//au.com.firemarklabs.nt.NoteDeserializable.deserialize(NoteDeserializable.kt:12)
		at app//au.com.firemarklabs.nt.NoteDeserializable.deserialize(NoteDeserializable.kt:7)
		at app//com.github.kittinunf.fuel.core.ResponseDeserializable$DefaultImpls.deserialize(Deserializable.kt:43)
		at app//au.com.firemarklabs.nt.NoteDeserializable.deserialize(NoteDeserializable.kt:7)
		at app//au.com.firemarklabs.nt.NoteDeserializable.deserialize(NoteDeserializable.kt:7)
		at app//com.github.kittinunf.fuel.core.DeserializableKt.awaitResponse(Deserializable.kt:256)
		at app//au.com.firemarklabs.nt.NTClient$asyncInsert$$inlined$awaitObjectResponse$1.invokeSuspend(Coroutines.kt:68)
		at app//kotlin.coroutines.jvm.internal.BaseContinuationImpl.resumeWith(ContinuationImpl.kt:33)
		at app//kotlinx.coroutines.DispatchedTask.run(DispatchedTask.kt:56)
		at app//kotlinx.coroutines.scheduling.CoroutineScheduler.runSafely(CoroutineScheduler.kt:561)
		at app//kotlinx.coroutines.scheduling.CoroutineScheduler$Worker.executeTask(CoroutineScheduler.kt:727)
		at app//kotlinx.coroutines.scheduling.CoroutineScheduler$Worker.runWorker(CoroutineScheduler.kt:667)
		at app//kotlinx.coroutines.scheduling.CoroutineScheduler$Worker.run(CoroutineScheduler.kt:655)
	Suppressed: Instantiation of [simple type, class au.com.firemarklabs.nt.Note] value failed for JSON property content due to missing (therefore NULL) value for creator parameter content which is a non-nullable type
 at [Source: (String)&quot;{&quot;status&quot;:&quot;success&quot;,&quot;note&quot;:{&quot;tag&quot;:[&quot;performance&quot;],&quot;_id&quot;:&quot;614c1b8bceece30015ab9cdd&quot;,&quot;content&quot;:&quot;Note 106&quot;,&quot;__v&quot;:0}}&quot;; line: 1, column: 113] (through reference chain: au.com.firemarklabs.nt.Note[&quot;content&quot;])
	com.github.kittinunf.fuel.core.FuelError$Companion.wrap(FuelError.kt:86)
	com.github.kittinunf.fuel.core.DeserializableKt.awaitResponse(Deserializable.kt:257)
Caused by: com.fasterxml.jackson.module.kotlin.MissingKotlinParameterException: Instantiation of [simple type, class au.com.firemarklabs.nt.Note] value failed for JSON property content due to missing (therefore NULL) value for creator parameter content which is a non-nullable type
 at [Source: (String)&quot;{&quot;status&quot;:&quot;success&quot;,&quot;note&quot;:{&quot;tag&quot;:[&quot;performance&quot;],&quot;_id&quot;:&quot;614c1b8bceece30015ab9cdd&quot;,&quot;content&quot;:&quot;Note 106&quot;,&quot;__v&quot;:0}}&quot;; line: 1, column: 113] (through reference chain: au.com.firemarklabs.nt.Note[&quot;content&quot;])
	com.fasterxml.jackson.module.kotlin.KotlinValueInstantiator.createFromObjectWith(KotlinValueInstantiator.kt:107)
	com.fasterxml.jackson.databind.deser.impl.PropertyBasedCreator.build(PropertyBasedCreator.java:195)
	com.fasterxml.jackson.databind.deser.BeanDeserializer._deserializeUsingPropertyBased(BeanDeserializer.java:488)
	com.fasterxml.jackson.databind.deser.BeanDeserializerBase.deserializeFromObjectUsingNonDefault(BeanDeserializerBase.java:1287)
	com.fasterxml.jackson.databind.deser.BeanDeserializer.deserializeFromObject(BeanDeserializer.java:326)
	com.fasterxml.jackson.databind.deser.BeanDeserializer.deserialize(BeanDeserializer.java:159)
	com.fasterxml.jackson.databind.ObjectMapper._readMapAndClose(ObjectMapper.java:4013)
	com.fasterxml.jackson.databind.ObjectMapper.readValue(ObjectMapper.java:3023)
	au.com.firemarklabs.nt.NoteDeserializable.deserialize(NoteDeserializable.kt:12)
	au.com.firemarklabs.nt.NoteDeserializable.deserialize(NoteDeserializable.kt:7)
	com.github.kittinunf.fuel.core.ResponseDeserializable$DefaultImpls.deserialize(Deserializable.kt:43)
	au.com.firemarklabs.nt.NoteDeserializable.deserialize(NoteDeserializable.kt:7)
	au.com.firemarklabs.nt.NoteDeserializable.deserialize(NoteDeserializable.kt:7)
	com.github.kittinunf.fuel.core.DeserializableKt.awaitResponse(Deserializable.kt:256)
	au.com.firemarklabs.nt.NTClient$asyncInsert$$inlined$awaitObjectResponse$1.invokeSuspend(Coroutines.kt:68)
	kotlin.coroutines.jvm.internal.BaseContinuationImpl.resumeWith(ContinuationImpl.kt:33)
	kotlinx.coroutines.DispatchedTask.run(DispatchedTask.kt:56)
	kotlinx.coroutines.scheduling.CoroutineScheduler.runSafely(CoroutineScheduler.kt:561)
	kotlinx.coroutines.scheduling.CoroutineScheduler$Worker.executeTask(CoroutineScheduler.kt:727)
	kotlinx.coroutines.scheduling.CoroutineScheduler$Worker.runWorker(CoroutineScheduler.kt:667)
	kotlinx.coroutines.scheduling.CoroutineScheduler$Worker.run(CoroutineScheduler.kt:655)

		... 2 more
	Caused by: com.fasterxml.jackson.module.kotlin.MissingKotlinParameterException: Instantiation of [simple type, class au.com.firemarklabs.nt.Note] value failed for JSON property content due to missing (therefore NULL) value for creator parameter content which is a non-nullable type
 at [Source: (String)&quot;{&quot;status&quot;:&quot;success&quot;,&quot;note&quot;:{&quot;tag&quot;:[&quot;performance&quot;],&quot;_id&quot;:&quot;614c1b8bceece30015ab9cdd&quot;,&quot;content&quot;:&quot;Note 106&quot;,&quot;__v&quot;:0}}&quot;; line: 1, column: 113] (through reference chain: au.com.firemarklabs.nt.Note[&quot;content&quot;])
		at app//com.fasterxml.jackson.module.kotlin.KotlinValueInstantiator.createFromObjectWith(KotlinValueInstantiator.kt:107)
		at app//com.fasterxml.jackson.databind.deser.impl.PropertyBasedCreator.build(PropertyBasedCreator.java:195)
		at app//com.fasterxml.jackson.databind.deser.BeanDeserializer._deserializeUsingPropertyBased(BeanDeserializer.java:488)
		at app//com.fasterxml.jackson.databind.deser.BeanDeserializerBase.deserializeFromObjectUsingNonDefault(BeanDeserializerBase.java:1287)
		at app//com.fasterxml.jackson.databind.deser.BeanDeserializer.deserializeFromObject(BeanDeserializer.java:326)
		at app//com.fasterxml.jackson.databind.deser.BeanDeserializer.deserialize(BeanDeserializer.java:159)
		at app//com.fasterxml.jackson.databind.ObjectMapper._readMapAndClose(ObjectMapper.java:4013)
		at app//com.fasterxml.jackson.databind.ObjectMapper.readValue(ObjectMapper.java:3023)
		at app//au.com.firemarklabs.nt.NoteDeserializable.deserialize(NoteDeserializable.kt:12)
		at app//au.com.firemarklabs.nt.NoteDeserializable.deserialize(NoteDeserializable.kt:7)
		at app//com.github.kittinunf.fuel.core.ResponseDeserializable$DefaultImpls.deserialize(Deserializable.kt:43)
		at app//au.com.firemarklabs.nt.NoteDeserializable.deserialize(NoteDeserializable.kt:7)
		at app//au.com.firemarklabs.nt.NoteDeserializable.deserialize(NoteDeserializable.kt:7)
		at app//com.github.kittinunf.fuel.core.DeserializableKt.awaitResponse(Deserializable.kt:256)
		at app//au.com.firemarklabs.nt.NTClient$asyncInsert$$inlined$awaitObjectResponse$1.invokeSuspend(Coroutines.kt:68)
		at app//kotlin.coroutines.jvm.internal.BaseContinuationImpl.resumeWith(ContinuationImpl.kt:33)
		at app//kotlinx.coroutines.DispatchedTask.run(DispatchedTask.kt:56)
		at app//kotlinx.coroutines.scheduling.CoroutineScheduler.runSafely(CoroutineScheduler.kt:561)
		at app//kotlinx.coroutines.scheduling.CoroutineScheduler$Worker.executeTask(CoroutineScheduler.kt:727)
		at app//kotlinx.coroutines.scheduling.CoroutineScheduler$Worker.runWorker(CoroutineScheduler.kt:667)
		at app//kotlinx.coroutines.scheduling.CoroutineScheduler$Worker.run(CoroutineScheduler.kt:655)
	Suppressed: Instantiation of [simple type, class au.com.firemarklabs.nt.Note] value failed for JSON property content due to missing (therefore NULL) value for creator parameter content which is a non-nullable type
 at [Source: (String)&quot;{&quot;status&quot;:&quot;success&quot;,&quot;note&quot;:{&quot;tag&quot;:[&quot;performance&quot;],&quot;_id&quot;:&quot;614c1b8bceece30015ab9cde&quot;,&quot;content&quot;:&quot;Note 107&quot;,&quot;__v&quot;:0}}&quot;; line: 1, column: 113] (through reference chain: au.com.firemarklabs.nt.Note[&quot;content&quot;])
	com.github.kittinunf.fuel.core.FuelError$Companion.wrap(FuelError.kt:86)
	com.github.kittinunf.fuel.core.DeserializableKt.awaitResponse(Deserializable.kt:257)
Caused by: com.fasterxml.jackson.module.kotlin.MissingKotlinParameterException: Instantiation of [simple type, class au.com.firemarklabs.nt.Note] value failed for JSON property content due to missing (therefore NULL) value for creator parameter content which is a non-nullable type
 at [Source: (String)&quot;{&quot;status&quot;:&quot;success&quot;,&quot;note&quot;:{&quot;tag&quot;:[&quot;performance&quot;],&quot;_id&quot;:&quot;614c1b8bceece30015ab9cde&quot;,&quot;content&quot;:&quot;Note 107&quot;,&quot;__v&quot;:0}}&quot;; line: 1, column: 113] (through reference chain: au.com.firemarklabs.nt.Note[&quot;content&quot;])
	com.fasterxml.jackson.module.kotlin.KotlinValueInstantiator.createFromObjectWith(KotlinValueInstantiator.kt:107)
	com.fasterxml.jackson.databind.deser.impl.PropertyBasedCreator.build(PropertyBasedCreator.java:195)
	com.fasterxml.jackson.databind.deser.BeanDeserializer._deserializeUsingPropertyBased(BeanDeserializer.java:488)
	com.fasterxml.jackson.databind.deser.BeanDeserializerBase.deserializeFromObjectUsingNonDefault(BeanDeserializerBase.java:1287)
	com.fasterxml.jackson.databind.deser.BeanDeserializer.deserializeFromObject(BeanDeserializer.java:326)
	com.fasterxml.jackson.databind.deser.BeanDeserializer.deserialize(BeanDeserializer.java:159)
	com.fasterxml.jackson.databind.ObjectMapper._readMapAndClose(ObjectMapper.java:4013)
	com.fasterxml.jackson.databind.ObjectMapper.readValue(ObjectMapper.java:3023)
	au.com.firemarklabs.nt.NoteDeserializable.deserialize(NoteDeserializable.kt:12)
	au.com.firemarklabs.nt.NoteDeserializable.deserialize(NoteDeserializable.kt:7)
	com.github.kittinunf.fuel.core.ResponseDeserializable$DefaultImpls.deserialize(Deserializable.kt:43)
	au.com.firemarklabs.nt.NoteDeserializable.deserialize(NoteDeserializable.kt:7)
	au.com.firemarklabs.nt.NoteDeserializable.deserialize(NoteDeserializable.kt:7)
	com.github.kittinunf.fuel.core.DeserializableKt.awaitResponse(Deserializable.kt:256)
	au.com.firemarklabs.nt.NTClient$asyncInsert$$inlined$awaitObjectResponse$1.invokeSuspend(Coroutines.kt:68)
	kotlin.coroutines.jvm.internal.BaseContinuationImpl.resumeWith(ContinuationImpl.kt:33)
	kotlinx.coroutines.DispatchedTask.run(DispatchedTask.kt:56)
	kotlinx.coroutines.scheduling.CoroutineScheduler.runSafely(CoroutineScheduler.kt:561)
	kotlinx.coroutines.scheduling.CoroutineScheduler$Worker.executeTask(CoroutineScheduler.kt:727)
	kotlinx.coroutines.scheduling.CoroutineScheduler$Worker.runWorker(CoroutineScheduler.kt:667)
	kotlinx.coroutines.scheduling.CoroutineScheduler$Worker.run(CoroutineScheduler.kt:655)

		... 2 more
	Caused by: com.fasterxml.jackson.module.kotlin.MissingKotlinParameterException: Instantiation of [simple type, class au.com.firemarklabs.nt.Note] value failed for JSON property content due to missing (therefore NULL) value for creator parameter content which is a non-nullable type
 at [Source: (String)&quot;{&quot;status&quot;:&quot;success&quot;,&quot;note&quot;:{&quot;tag&quot;:[&quot;performance&quot;],&quot;_id&quot;:&quot;614c1b8bceece30015ab9cde&quot;,&quot;content&quot;:&quot;Note 107&quot;,&quot;__v&quot;:0}}&quot;; line: 1, column: 113] (through reference chain: au.com.firemarklabs.nt.Note[&quot;content&quot;])
		at app//com.fasterxml.jackson.module.kotlin.KotlinValueInstantiator.createFromObjectWith(KotlinValueInstantiator.kt:107)
		at app//com.fasterxml.jackson.databind.deser.impl.PropertyBasedCreator.build(PropertyBasedCreator.java:195)
		at app//com.fasterxml.jackson.databind.deser.BeanDeserializer._deserializeUsingPropertyBased(BeanDeserializer.java:488)
		at app//com.fasterxml.jackson.databind.deser.BeanDeserializerBase.deserializeFromObjectUsingNonDefault(BeanDeserializerBase.java:1287)
		at app//com.fasterxml.jackson.databind.deser.BeanDeserializer.deserializeFromObject(BeanDeserializer.java:326)
		at app//com.fasterxml.jackson.databind.deser.BeanDeserializer.deserialize(BeanDeserializer.java:159)
		at app//com.fasterxml.jackson.databind.ObjectMapper._readMapAndClose(ObjectMapper.java:4013)
		at app//com.fasterxml.jackson.databind.ObjectMapper.readValue(ObjectMapper.java:3023)
		at app//au.com.firemarklabs.nt.NoteDeserializable.deserialize(NoteDeserializable.kt:12)
		at app//au.com.firemarklabs.nt.NoteDeserializable.deserialize(NoteDeserializable.kt:7)
		at app//com.github.kittinunf.fuel.core.ResponseDeserializable$DefaultImpls.deserialize(Deserializable.kt:43)
		at app//au.com.firemarklabs.nt.NoteDeserializable.deserialize(NoteDeserializable.kt:7)
		at app//au.com.firemarklabs.nt.NoteDeserializable.deserialize(NoteDeserializable.kt:7)
		at app//com.github.kittinunf.fuel.core.DeserializableKt.awaitResponse(Deserializable.kt:256)
		at app//au.com.firemarklabs.nt.NTClient$asyncInsert$$inlined$awaitObjectResponse$1.invokeSuspend(Coroutines.kt:68)
		at app//kotlin.coroutines.jvm.internal.BaseContinuationImpl.resumeWith(ContinuationImpl.kt:33)
		at app//kotlinx.coroutines.DispatchedTask.run(DispatchedTask.kt:56)
		at app//kotlinx.coroutines.scheduling.CoroutineScheduler.runSafely(CoroutineScheduler.kt:561)
		at app//kotlinx.coroutines.scheduling.CoroutineScheduler$Worker.executeTask(CoroutineScheduler.kt:727)
		at app//kotlinx.coroutines.scheduling.CoroutineScheduler$Worker.runWorker(CoroutineScheduler.kt:667)
		at app//kotlinx.coroutines.scheduling.CoroutineScheduler$Worker.run(CoroutineScheduler.kt:655)
	Suppressed: Instantiation of [simple type, class au.com.firemarklabs.nt.Note] value failed for JSON property content due to missing (therefore NULL) value for creator parameter content which is a non-nullable type
 at [Source: (String)&quot;{&quot;status&quot;:&quot;success&quot;,&quot;note&quot;:{&quot;tag&quot;:[&quot;performance&quot;],&quot;_id&quot;:&quot;614c1b8bceece30015ab9cdf&quot;,&quot;content&quot;:&quot;Note 108&quot;,&quot;__v&quot;:0}}&quot;; line: 1, column: 113] (through reference chain: au.com.firemarklabs.nt.Note[&quot;content&quot;])
	com.github.kittinunf.fuel.core.FuelError$Companion.wrap(FuelError.kt:86)
	com.github.kittinunf.fuel.core.DeserializableKt.awaitResponse(Deserializable.kt:257)
Caused by: com.fasterxml.jackson.module.kotlin.MissingKotlinParameterException: Instantiation of [simple type, class au.com.firemarklabs.nt.Note] value failed for JSON property content due to missing (therefore NULL) value for creator parameter content which is a non-nullable type
 at [Source: (String)&quot;{&quot;status&quot;:&quot;success&quot;,&quot;note&quot;:{&quot;tag&quot;:[&quot;performance&quot;],&quot;_id&quot;:&quot;614c1b8bceece30015ab9cdf&quot;,&quot;content&quot;:&quot;Note 108&quot;,&quot;__v&quot;:0}}&quot;; line: 1, column: 113] (through reference chain: au.com.firemarklabs.nt.Note[&quot;content&quot;])
	com.fasterxml.jackson.module.kotlin.KotlinValueInstantiator.createFromObjectWith(KotlinValueInstantiator.kt:107)
	com.fasterxml.jackson.databind.deser.impl.PropertyBasedCreator.build(PropertyBasedCreator.java:195)
	com.fasterxml.jackson.databind.deser.BeanDeserializer._deserializeUsingPropertyBased(BeanDeserializer.java:488)
	com.fasterxml.jackson.databind.deser.BeanDeserializerBase.deserializeFromObjectUsingNonDefault(BeanDeserializerBase.java:1287)
	com.fasterxml.jackson.databind.deser.BeanDeserializer.deserializeFromObject(BeanDeserializer.java:326)
	com.fasterxml.jackson.databind.deser.BeanDeserializer.deserialize(BeanDeserializer.java:159)
	com.fasterxml.jackson.databind.ObjectMapper._readMapAndClose(ObjectMapper.java:4013)
	com.fasterxml.jackson.databind.ObjectMapper.readValue(ObjectMapper.java:3023)
	au.com.firemarklabs.nt.NoteDeserializable.deserialize(NoteDeserializable.kt:12)
	au.com.firemarklabs.nt.NoteDeserializable.deserialize(NoteDeserializable.kt:7)
	com.github.kittinunf.fuel.core.ResponseDeserializable$DefaultImpls.deserialize(Deserializable.kt:43)
	au.com.firemarklabs.nt.NoteDeserializable.deserialize(NoteDeserializable.kt:7)
	au.com.firemarklabs.nt.NoteDeserializable.deserialize(NoteDeserializable.kt:7)
	com.github.kittinunf.fuel.core.DeserializableKt.awaitResponse(Deserializable.kt:256)
	au.com.firemarklabs.nt.NTClient$asyncInsert$$inlined$awaitObjectResponse$1.invokeSuspend(Coroutines.kt:68)
	kotlin.coroutines.jvm.internal.BaseContinuationImpl.resumeWith(ContinuationImpl.kt:33)
	kotlinx.coroutines.DispatchedTask.run(DispatchedTask.kt:56)
	kotlinx.coroutines.scheduling.CoroutineScheduler.runSafely(CoroutineScheduler.kt:561)
	kotlinx.coroutines.scheduling.CoroutineScheduler$Worker.executeTask(CoroutineScheduler.kt:727)
	kotlinx.coroutines.scheduling.CoroutineScheduler$Worker.runWorker(CoroutineScheduler.kt:667)
	kotlinx.coroutines.scheduling.CoroutineScheduler$Worker.run(CoroutineScheduler.kt:655)

		... 2 more
	Caused by: com.fasterxml.jackson.module.kotlin.MissingKotlinParameterException: Instantiation of [simple type, class au.com.firemarklabs.nt.Note] value failed for JSON property content due to missing (therefore NULL) value for creator parameter content which is a non-nullable type
 at [Source: (String)&quot;{&quot;status&quot;:&quot;success&quot;,&quot;note&quot;:{&quot;tag&quot;:[&quot;performance&quot;],&quot;_id&quot;:&quot;614c1b8bceece30015ab9cdf&quot;,&quot;content&quot;:&quot;Note 108&quot;,&quot;__v&quot;:0}}&quot;; line: 1, column: 113] (through reference chain: au.com.firemarklabs.nt.Note[&quot;content&quot;])
		at app//com.fasterxml.jackson.module.kotlin.KotlinValueInstantiator.createFromObjectWith(KotlinValueInstantiator.kt:107)
		at app//com.fasterxml.jackson.databind.deser.impl.PropertyBasedCreator.build(PropertyBasedCreator.java:195)
		at app//com.fasterxml.jackson.databind.deser.BeanDeserializer._deserializeUsingPropertyBased(BeanDeserializer.java:488)
		at app//com.fasterxml.jackson.databind.deser.BeanDeserializerBase.deserializeFromObjectUsingNonDefault(BeanDeserializerBase.java:1287)
		at app//com.fasterxml.jackson.databind.deser.BeanDeserializer.deserializeFromObject(BeanDeserializer.java:326)
		at app//com.fasterxml.jackson.databind.deser.BeanDeserializer.deserialize(BeanDeserializer.java:159)
		at app//com.fasterxml.jackson.databind.ObjectMapper._readMapAndClose(ObjectMapper.java:4013)
		at app//com.fasterxml.jackson.databind.ObjectMapper.readValue(ObjectMapper.java:3023)
		at app//au.com.firemarklabs.nt.NoteDeserializable.deserialize(NoteDeserializable.kt:12)
		at app//au.com.firemarklabs.nt.NoteDeserializable.deserialize(NoteDeserializable.kt:7)
		at app//com.github.kittinunf.fuel.core.ResponseDeserializable$DefaultImpls.deserialize(Deserializable.kt:43)
		at app//au.com.firemarklabs.nt.NoteDeserializable.deserialize(NoteDeserializable.kt:7)
		at app//au.com.firemarklabs.nt.NoteDeserializable.deserialize(NoteDeserializable.kt:7)
		at app//com.github.kittinunf.fuel.core.DeserializableKt.awaitResponse(Deserializable.kt:256)
		at app//au.com.firemarklabs.nt.NTClient$asyncInsert$$inlined$awaitObjectResponse$1.invokeSuspend(Coroutines.kt:68)
		at app//kotlin.coroutines.jvm.internal.BaseContinuationImpl.resumeWith(ContinuationImpl.kt:33)
		at app//kotlinx.coroutines.DispatchedTask.run(DispatchedTask.kt:56)
		at app//kotlinx.coroutines.scheduling.CoroutineScheduler.runSafely(CoroutineScheduler.kt:561)
		at app//kotlinx.coroutines.scheduling.CoroutineScheduler$Worker.executeTask(CoroutineScheduler.kt:727)
		at app//kotlinx.coroutines.scheduling.CoroutineScheduler$Worker.runWorker(CoroutineScheduler.kt:667)
		at app//kotlinx.coroutines.scheduling.CoroutineScheduler$Worker.run(CoroutineScheduler.kt:655)
	Suppressed: Instantiation of [simple type, class au.com.firemarklabs.nt.Note] value failed for JSON property content due to missing (therefore NULL) value for creator parameter content which is a non-nullable type
 at [Source: (String)&quot;{&quot;status&quot;:&quot;success&quot;,&quot;note&quot;:{&quot;tag&quot;:[&quot;performance&quot;],&quot;_id&quot;:&quot;614c1b8bceece30015ab9ce0&quot;,&quot;content&quot;:&quot;Note 109&quot;,&quot;__v&quot;:0}}&quot;; line: 1, column: 113] (through reference chain: au.com.firemarklabs.nt.Note[&quot;content&quot;])
	com.github.kittinunf.fuel.core.FuelError$Companion.wrap(FuelError.kt:86)
	com.github.kittinunf.fuel.core.DeserializableKt.awaitResponse(Deserializable.kt:257)
Caused by: com.fasterxml.jackson.module.kotlin.MissingKotlinParameterException: Instantiation of [simple type, class au.com.firemarklabs.nt.Note] value failed for JSON property content due to missing (therefore NULL) value for creator parameter content which is a non-nullable type
 at [Source: (String)&quot;{&quot;status&quot;:&quot;success&quot;,&quot;note&quot;:{&quot;tag&quot;:[&quot;performance&quot;],&quot;_id&quot;:&quot;614c1b8bceece30015ab9ce0&quot;,&quot;content&quot;:&quot;Note 109&quot;,&quot;__v&quot;:0}}&quot;; line: 1, column: 113] (through reference chain: au.com.firemarklabs.nt.Note[&quot;content&quot;])
	com.fasterxml.jackson.module.kotlin.KotlinValueInstantiator.createFromObjectWith(KotlinValueInstantiator.kt:107)
	com.fasterxml.jackson.databind.deser.impl.PropertyBasedCreator.build(PropertyBasedCreator.java:195)
	com.fasterxml.jackson.databind.deser.BeanDeserializer._deserializeUsingPropertyBased(BeanDeserializer.java:488)
	com.fasterxml.jackson.databind.deser.BeanDeserializerBase.deserializeFromObjectUsingNonDefault(BeanDeserializerBase.java:1287)
	com.fasterxml.jackson.databind.deser.BeanDeserializer.deserializeFromObject(BeanDeserializer.java:326)
	com.fasterxml.jackson.databind.deser.BeanDeserializer.deserialize(BeanDeserializer.java:159)
	com.fasterxml.jackson.databind.ObjectMapper._readMapAndClose(ObjectMapper.java:4013)
	com.fasterxml.jackson.databind.ObjectMapper.readValue(ObjectMapper.java:3023)
	au.com.firemarklabs.nt.NoteDeserializable.deserialize(NoteDeserializable.kt:12)
	au.com.firemarklabs.nt.NoteDeserializable.deserialize(NoteDeserializable.kt:7)
	com.github.kittinunf.fuel.core.ResponseDeserializable$DefaultImpls.deserialize(Deserializable.kt:43)
	au.com.firemarklabs.nt.NoteDeserializable.deserialize(NoteDeserializable.kt:7)
	au.com.firemarklabs.nt.NoteDeserializable.deserialize(NoteDeserializable.kt:7)
	com.github.kittinunf.fuel.core.DeserializableKt.awaitResponse(Deserializable.kt:256)
	au.com.firemarklabs.nt.NTClient$asyncInsert$$inlined$awaitObjectResponse$1.invokeSuspend(Coroutines.kt:68)
	kotlin.coroutines.jvm.internal.BaseContinuationImpl.resumeWith(ContinuationImpl.kt:33)
	kotlinx.coroutines.DispatchedTask.run(DispatchedTask.kt:56)
	kotlinx.coroutines.scheduling.CoroutineScheduler.runSafely(CoroutineScheduler.kt:561)
	kotlinx.coroutines.scheduling.CoroutineScheduler$Worker.executeTask(CoroutineScheduler.kt:727)
	kotlinx.coroutines.scheduling.CoroutineScheduler$Worker.runWorker(CoroutineScheduler.kt:667)
	kotlinx.coroutines.scheduling.CoroutineScheduler$Worker.run(CoroutineScheduler.kt:655)

		... 2 more
	Caused by: com.fasterxml.jackson.module.kotlin.MissingKotlinParameterException: Instantiation of [simple type, class au.com.firemarklabs.nt.Note] value failed for JSON property content due to missing (therefore NULL) value for creator parameter content which is a non-nullable type
 at [Source: (String)&quot;{&quot;status&quot;:&quot;success&quot;,&quot;note&quot;:{&quot;tag&quot;:[&quot;performance&quot;],&quot;_id&quot;:&quot;614c1b8bceece30015ab9ce0&quot;,&quot;content&quot;:&quot;Note 109&quot;,&quot;__v&quot;:0}}&quot;; line: 1, column: 113] (through reference chain: au.com.firemarklabs.nt.Note[&quot;content&quot;])
		at app//com.fasterxml.jackson.module.kotlin.KotlinValueInstantiator.createFromObjectWith(KotlinValueInstantiator.kt:107)
		at app//com.fasterxml.jackson.databind.deser.impl.PropertyBasedCreator.build(PropertyBasedCreator.java:195)
		at app//com.fasterxml.jackson.databind.deser.BeanDeserializer._deserializeUsingPropertyBased(BeanDeserializer.java:488)
		at app//com.fasterxml.jackson.databind.deser.BeanDeserializerBase.deserializeFromObjectUsingNonDefault(BeanDeserializerBase.java:1287)
		at app//com.fasterxml.jackson.databind.deser.BeanDeserializer.deserializeFromObject(BeanDeserializer.java:326)
		at app//com.fasterxml.jackson.databind.deser.BeanDeserializer.deserialize(BeanDeserializer.java:159)
		at app//com.fasterxml.jackson.databind.ObjectMapper._readMapAndClose(ObjectMapper.java:4013)
		at app//com.fasterxml.jackson.databind.ObjectMapper.readValue(ObjectMapper.java:3023)
		at app//au.com.firemarklabs.nt.NoteDeserializable.deserialize(NoteDeserializable.kt:12)
		at app//au.com.firemarklabs.nt.NoteDeserializable.deserialize(NoteDeserializable.kt:7)
		at app//com.github.kittinunf.fuel.core.ResponseDeserializable$DefaultImpls.deserialize(Deserializable.kt:43)
		at app//au.com.firemarklabs.nt.NoteDeserializable.deserialize(NoteDeserializable.kt:7)
		at app//au.com.firemarklabs.nt.NoteDeserializable.deserialize(NoteDeserializable.kt:7)
		at app//com.github.kittinunf.fuel.core.DeserializableKt.awaitResponse(Deserializable.kt:256)
		at app//au.com.firemarklabs.nt.NTClient$asyncInsert$$inlined$awaitObjectResponse$1.invokeSuspend(Coroutines.kt:68)
		at app//kotlin.coroutines.jvm.internal.BaseContinuationImpl.resumeWith(ContinuationImpl.kt:33)
		at app//kotlinx.coroutines.DispatchedTask.run(DispatchedTask.kt:56)
		at app//kotlinx.coroutines.scheduling.CoroutineScheduler.runSafely(CoroutineScheduler.kt:561)
		at app//kotlinx.coroutines.scheduling.CoroutineScheduler$Worker.executeTask(CoroutineScheduler.kt:727)
		at app//kotlinx.coroutines.scheduling.CoroutineScheduler$Worker.runWorker(CoroutineScheduler.kt:667)
		at app//kotlinx.coroutines.scheduling.CoroutineScheduler$Worker.run(CoroutineScheduler.kt:655)
	Suppressed: Instantiation of [simple type, class au.com.firemarklabs.nt.Note] value failed for JSON property content due to missing (therefore NULL) value for creator parameter content which is a non-nullable type
 at [Source: (String)&quot;{&quot;status&quot;:&quot;success&quot;,&quot;note&quot;:{&quot;tag&quot;:[&quot;performance&quot;],&quot;_id&quot;:&quot;614c1b8bceece30015ab9ce1&quot;,&quot;content&quot;:&quot;Note 110&quot;,&quot;__v&quot;:0}}&quot;; line: 1, column: 113] (through reference chain: au.com.firemarklabs.nt.Note[&quot;content&quot;])
	com.github.kittinunf.fuel.core.FuelError$Companion.wrap(FuelError.kt:86)
	com.github.kittinunf.fuel.core.DeserializableKt.awaitResponse(Deserializable.kt:257)
Caused by: com.fasterxml.jackson.module.kotlin.MissingKotlinParameterException: Instantiation of [simple type, class au.com.firemarklabs.nt.Note] value failed for JSON property content due to missing (therefore NULL) value for creator parameter content which is a non-nullable type
 at [Source: (String)&quot;{&quot;status&quot;:&quot;success&quot;,&quot;note&quot;:{&quot;tag&quot;:[&quot;performance&quot;],&quot;_id&quot;:&quot;614c1b8bceece30015ab9ce1&quot;,&quot;content&quot;:&quot;Note 110&quot;,&quot;__v&quot;:0}}&quot;; line: 1, column: 113] (through reference chain: au.com.firemarklabs.nt.Note[&quot;content&quot;])
	com.fasterxml.jackson.module.kotlin.KotlinValueInstantiator.createFromObjectWith(KotlinValueInstantiator.kt:107)
	com.fasterxml.jackson.databind.deser.impl.PropertyBasedCreator.build(PropertyBasedCreator.java:195)
	com.fasterxml.jackson.databind.deser.BeanDeserializer._deserializeUsingPropertyBased(BeanDeserializer.java:488)
	com.fasterxml.jackson.databind.deser.BeanDeserializerBase.deserializeFromObjectUsingNonDefault(BeanDeserializerBase.java:1287)
	com.fasterxml.jackson.databind.deser.BeanDeserializer.deserializeFromObject(BeanDeserializer.java:326)
	com.fasterxml.jackson.databind.deser.BeanDeserializer.deserialize(BeanDeserializer.java:159)
	com.fasterxml.jackson.databind.ObjectMapper._readMapAndClose(ObjectMapper.java:4013)
	com.fasterxml.jackson.databind.ObjectMapper.readValue(ObjectMapper.java:3023)
	au.com.firemarklabs.nt.NoteDeserializable.deserialize(NoteDeserializable.kt:12)
	au.com.firemarklabs.nt.NoteDeserializable.deserialize(NoteDeserializable.kt:7)
	com.github.kittinunf.fuel.core.ResponseDeserializable$DefaultImpls.deserialize(Deserializable.kt:43)
	au.com.firemarklabs.nt.NoteDeserializable.deserialize(NoteDeserializable.kt:7)
	au.com.firemarklabs.nt.NoteDeserializable.deserialize(NoteDeserializable.kt:7)
	com.github.kittinunf.fuel.core.DeserializableKt.awaitResponse(Deserializable.kt:256)
	au.com.firemarklabs.nt.NTClient$asyncInsert$$inlined$awaitObjectResponse$1.invokeSuspend(Coroutines.kt:68)
	kotlin.coroutines.jvm.internal.BaseContinuationImpl.resumeWith(ContinuationImpl.kt:33)
	kotlinx.coroutines.DispatchedTask.run(DispatchedTask.kt:56)
	kotlinx.coroutines.scheduling.CoroutineScheduler.runSafely(CoroutineScheduler.kt:561)
	kotlinx.coroutines.scheduling.CoroutineScheduler$Worker.executeTask(CoroutineScheduler.kt:727)
	kotlinx.coroutines.scheduling.CoroutineScheduler$Worker.runWorker(CoroutineScheduler.kt:667)
	kotlinx.coroutines.scheduling.CoroutineScheduler$Worker.run(CoroutineScheduler.kt:655)

		... 2 more
	Caused by: com.fasterxml.jackson.module.kotlin.MissingKotlinParameterException: Instantiation of [simple type, class au.com.firemarklabs.nt.Note] value failed for JSON property content due to missing (therefore NULL) value for creator parameter content which is a non-nullable type
 at [Source: (String)&quot;{&quot;status&quot;:&quot;success&quot;,&quot;note&quot;:{&quot;tag&quot;:[&quot;performance&quot;],&quot;_id&quot;:&quot;614c1b8bceece30015ab9ce1&quot;,&quot;content&quot;:&quot;Note 110&quot;,&quot;__v&quot;:0}}&quot;; line: 1, column: 113] (through reference chain: au.com.firemarklabs.nt.Note[&quot;content&quot;])
		at app//com.fasterxml.jackson.module.kotlin.KotlinValueInstantiator.createFromObjectWith(KotlinValueInstantiator.kt:107)
		at app//com.fasterxml.jackson.databind.deser.impl.PropertyBasedCreator.build(PropertyBasedCreator.java:195)
		at app//com.fasterxml.jackson.databind.deser.BeanDeserializer._deserializeUsingPropertyBased(BeanDeserializer.java:488)
		at app//com.fasterxml.jackson.databind.deser.BeanDeserializerBase.deserializeFromObjectUsingNonDefault(BeanDeserializerBase.java:1287)
		at app//com.fasterxml.jackson.databind.deser.BeanDeserializer.deserializeFromObject(BeanDeserializer.java:326)
		at app//com.fasterxml.jackson.databind.deser.BeanDeserializer.deserialize(BeanDeserializer.java:159)
		at app//com.fasterxml.jackson.databind.ObjectMapper._readMapAndClose(ObjectMapper.java:4013)
		at app//com.fasterxml.jackson.databind.ObjectMapper.readValue(ObjectMapper.java:3023)
		at app//au.com.firemarklabs.nt.NoteDeserializable.deserialize(NoteDeserializable.kt:12)
		at app//au.com.firemarklabs.nt.NoteDeserializable.deserialize(NoteDeserializable.kt:7)
		at app//com.github.kittinunf.fuel.core.ResponseDeserializable$DefaultImpls.deserialize(Deserializable.kt:43)
		at app//au.com.firemarklabs.nt.NoteDeserializable.deserialize(NoteDeserializable.kt:7)
		at app//au.com.firemarklabs.nt.NoteDeserializable.deserialize(NoteDeserializable.kt:7)
		at app//com.github.kittinunf.fuel.core.DeserializableKt.awaitResponse(Deserializable.kt:256)
		at app//au.com.firemarklabs.nt.NTClient$asyncInsert$$inlined$awaitObjectResponse$1.invokeSuspend(Coroutines.kt:68)
		at app//kotlin.coroutines.jvm.internal.BaseContinuationImpl.resumeWith(ContinuationImpl.kt:33)
		at app//kotlinx.coroutines.DispatchedTask.run(DispatchedTask.kt:56)
		at app//kotlinx.coroutines.scheduling.CoroutineScheduler.runSafely(CoroutineScheduler.kt:561)
		at app//kotlinx.coroutines.scheduling.CoroutineScheduler$Worker.executeTask(CoroutineScheduler.kt:727)
		at app//kotlinx.coroutines.scheduling.CoroutineScheduler$Worker.runWorker(CoroutineScheduler.kt:667)
		at app//kotlinx.coroutines.scheduling.CoroutineScheduler$Worker.run(CoroutineScheduler.kt:655)
	Suppressed: Instantiation of [simple type, class au.com.firemarklabs.nt.Note] value failed for JSON property content due to missing (therefore NULL) value for creator parameter content which is a non-nullable type
 at [Source: (String)&quot;{&quot;status&quot;:&quot;success&quot;,&quot;note&quot;:{&quot;tag&quot;:[&quot;performance&quot;],&quot;_id&quot;:&quot;614c1b8bceece30015ab9ce2&quot;,&quot;content&quot;:&quot;Note 111&quot;,&quot;__v&quot;:0}}&quot;; line: 1, column: 113] (through reference chain: au.com.firemarklabs.nt.Note[&quot;content&quot;])
	com.github.kittinunf.fuel.core.FuelError$Companion.wrap(FuelError.kt:86)
	com.github.kittinunf.fuel.core.DeserializableKt.awaitResponse(Deserializable.kt:257)
Caused by: com.fasterxml.jackson.module.kotlin.MissingKotlinParameterException: Instantiation of [simple type, class au.com.firemarklabs.nt.Note] value failed for JSON property content due to missing (therefore NULL) value for creator parameter content which is a non-nullable type
 at [Source: (String)&quot;{&quot;status&quot;:&quot;success&quot;,&quot;note&quot;:{&quot;tag&quot;:[&quot;performance&quot;],&quot;_id&quot;:&quot;614c1b8bceece30015ab9ce2&quot;,&quot;content&quot;:&quot;Note 111&quot;,&quot;__v&quot;:0}}&quot;; line: 1, column: 113] (through reference chain: au.com.firemarklabs.nt.Note[&quot;content&quot;])
	com.fasterxml.jackson.module.kotlin.KotlinValueInstantiator.createFromObjectWith(KotlinValueInstantiator.kt:107)
	com.fasterxml.jackson.databind.deser.impl.PropertyBasedCreator.build(PropertyBasedCreator.java:195)
	com.fasterxml.jackson.databind.deser.BeanDeserializer._deserializeUsingPropertyBased(BeanDeserializer.java:488)
	com.fasterxml.jackson.databind.deser.BeanDeserializerBase.deserializeFromObjectUsingNonDefault(BeanDeserializerBase.java:1287)
	com.fasterxml.jackson.databind.deser.BeanDeserializer.deserializeFromObject(BeanDeserializer.java:326)
	com.fasterxml.jackson.databind.deser.BeanDeserializer.deserialize(BeanDeserializer.java:159)
	com.fasterxml.jackson.databind.ObjectMapper._readMapAndClose(ObjectMapper.java:4013)
	com.fasterxml.jackson.databind.ObjectMapper.readValue(ObjectMapper.java:3023)
	au.com.firemarklabs.nt.NoteDeserializable.deserialize(NoteDeserializable.kt:12)
	au.com.firemarklabs.nt.NoteDeserializable.deserialize(NoteDeserializable.kt:7)
	com.github.kittinunf.fuel.core.ResponseDeserializable$DefaultImpls.deserialize(Deserializable.kt:43)
	au.com.firemarklabs.nt.NoteDeserializable.deserialize(NoteDeserializable.kt:7)
	au.com.firemarklabs.nt.NoteDeserializable.deserialize(NoteDeserializable.kt:7)
	com.github.kittinunf.fuel.core.DeserializableKt.awaitResponse(Deserializable.kt:256)
	au.com.firemarklabs.nt.NTClient$asyncInsert$$inlined$awaitObjectResponse$1.invokeSuspend(Coroutines.kt:68)
	kotlin.coroutines.jvm.internal.BaseContinuationImpl.resumeWith(ContinuationImpl.kt:33)
	kotlinx.coroutines.DispatchedTask.run(DispatchedTask.kt:56)
	kotlinx.coroutines.scheduling.CoroutineScheduler.runSafely(CoroutineScheduler.kt:561)
	kotlinx.coroutines.scheduling.CoroutineScheduler$Worker.executeTask(CoroutineScheduler.kt:727)
	kotlinx.coroutines.scheduling.CoroutineScheduler$Worker.runWorker(CoroutineScheduler.kt:667)
	kotlinx.coroutines.scheduling.CoroutineScheduler$Worker.run(CoroutineScheduler.kt:655)

		... 2 more
	Caused by: com.fasterxml.jackson.module.kotlin.MissingKotlinParameterException: Instantiation of [simple type, class au.com.firemarklabs.nt.Note] value failed for JSON property content due to missing (therefore NULL) value for creator parameter content which is a non-nullable type
 at [Source: (String)&quot;{&quot;status&quot;:&quot;success&quot;,&quot;note&quot;:{&quot;tag&quot;:[&quot;performance&quot;],&quot;_id&quot;:&quot;614c1b8bceece30015ab9ce2&quot;,&quot;content&quot;:&quot;Note 111&quot;,&quot;__v&quot;:0}}&quot;; line: 1, column: 113] (through reference chain: au.com.firemarklabs.nt.Note[&quot;content&quot;])
		at app//com.fasterxml.jackson.module.kotlin.KotlinValueInstantiator.createFromObjectWith(KotlinValueInstantiator.kt:107)
		at app//com.fasterxml.jackson.databind.deser.impl.PropertyBasedCreator.build(PropertyBasedCreator.java:195)
		at app//com.fasterxml.jackson.databind.deser.BeanDeserializer._deserializeUsingPropertyBased(BeanDeserializer.java:488)
		at app//com.fasterxml.jackson.databind.deser.BeanDeserializerBase.deserializeFromObjectUsingNonDefault(BeanDeserializerBase.java:1287)
		at app//com.fasterxml.jackson.databind.deser.BeanDeserializer.deserializeFromObject(BeanDeserializer.java:326)
		at app//com.fasterxml.jackson.databind.deser.BeanDeserializer.deserialize(BeanDeserializer.java:159)
		at app//com.fasterxml.jackson.databind.ObjectMapper._readMapAndClose(ObjectMapper.java:4013)
		at app//com.fasterxml.jackson.databind.ObjectMapper.readValue(ObjectMapper.java:3023)
		at app//au.com.firemarklabs.nt.NoteDeserializable.deserialize(NoteDeserializable.kt:12)
		at app//au.com.firemarklabs.nt.NoteDeserializable.deserialize(NoteDeserializable.kt:7)
		at app//com.github.kittinunf.fuel.core.ResponseDeserializable$DefaultImpls.deserialize(Deserializable.kt:43)
		at app//au.com.firemarklabs.nt.NoteDeserializable.deserialize(NoteDeserializable.kt:7)
		at app//au.com.firemarklabs.nt.NoteDeserializable.deserialize(NoteDeserializable.kt:7)
		at app//com.github.kittinunf.fuel.core.DeserializableKt.awaitResponse(Deserializable.kt:256)
		at app//au.com.firemarklabs.nt.NTClient$asyncInsert$$inlined$awaitObjectResponse$1.invokeSuspend(Coroutines.kt:68)
		at app//kotlin.coroutines.jvm.internal.BaseContinuationImpl.resumeWith(ContinuationImpl.kt:33)
		at app//kotlinx.coroutines.DispatchedTask.run(DispatchedTask.kt:56)
		at app//kotlinx.coroutines.scheduling.CoroutineScheduler.runSafely(CoroutineScheduler.kt:561)
		at app//kotlinx.coroutines.scheduling.CoroutineScheduler$Worker.executeTask(CoroutineScheduler.kt:727)
		at app//kotlinx.coroutines.scheduling.CoroutineScheduler$Worker.runWorker(CoroutineScheduler.kt:667)
		at app//kotlinx.coroutines.scheduling.CoroutineScheduler$Worker.run(CoroutineScheduler.kt:655)
	Suppressed: Instantiation of [simple type, class au.com.firemarklabs.nt.Note] value failed for JSON property content due to missing (therefore NULL) value for creator parameter content which is a non-nullable type
 at [Source: (String)&quot;{&quot;status&quot;:&quot;success&quot;,&quot;note&quot;:{&quot;tag&quot;:[&quot;performance&quot;],&quot;_id&quot;:&quot;614c1b8bceece30015ab9cee&quot;,&quot;content&quot;:&quot;Note 113&quot;,&quot;__v&quot;:0}}&quot;; line: 1, column: 113] (through reference chain: au.com.firemarklabs.nt.Note[&quot;content&quot;])
	com.github.kittinunf.fuel.core.FuelError$Companion.wrap(FuelError.kt:86)
	com.github.kittinunf.fuel.core.DeserializableKt.awaitResponse(Deserializable.kt:257)
Caused by: com.fasterxml.jackson.module.kotlin.MissingKotlinParameterException: Instantiation of [simple type, class au.com.firemarklabs.nt.Note] value failed for JSON property content due to missing (therefore NULL) value for creator parameter content which is a non-nullable type
 at [Source: (String)&quot;{&quot;status&quot;:&quot;success&quot;,&quot;note&quot;:{&quot;tag&quot;:[&quot;performance&quot;],&quot;_id&quot;:&quot;614c1b8bceece30015ab9cee&quot;,&quot;content&quot;:&quot;Note 113&quot;,&quot;__v&quot;:0}}&quot;; line: 1, column: 113] (through reference chain: au.com.firemarklabs.nt.Note[&quot;content&quot;])
	com.fasterxml.jackson.module.kotlin.KotlinValueInstantiator.createFromObjectWith(KotlinValueInstantiator.kt:107)
	com.fasterxml.jackson.databind.deser.impl.PropertyBasedCreator.build(PropertyBasedCreator.java:195)
	com.fasterxml.jackson.databind.deser.BeanDeserializer._deserializeUsingPropertyBased(BeanDeserializer.java:488)
	com.fasterxml.jackson.databind.deser.BeanDeserializerBase.deserializeFromObjectUsingNonDefault(BeanDeserializerBase.java:1287)
	com.fasterxml.jackson.databind.deser.BeanDeserializer.deserializeFromObject(BeanDeserializer.java:326)
	com.fasterxml.jackson.databind.deser.BeanDeserializer.deserialize(BeanDeserializer.java:159)
	com.fasterxml.jackson.databind.ObjectMapper._readMapAndClose(ObjectMapper.java:4013)
	com.fasterxml.jackson.databind.ObjectMapper.readValue(ObjectMapper.java:3023)
	au.com.firemarklabs.nt.NoteDeserializable.deserialize(NoteDeserializable.kt:12)
	au.com.firemarklabs.nt.NoteDeserializable.deserialize(NoteDeserializable.kt:7)
	com.github.kittinunf.fuel.core.ResponseDeserializable$DefaultImpls.deserialize(Deserializable.kt:43)
	au.com.firemarklabs.nt.NoteDeserializable.deserialize(NoteDeserializable.kt:7)
	au.com.firemarklabs.nt.NoteDeserializable.deserialize(NoteDeserializable.kt:7)
	com.github.kittinunf.fuel.core.DeserializableKt.awaitResponse(Deserializable.kt:256)
	au.com.firemarklabs.nt.NTClient$asyncInsert$$inlined$awaitObjectResponse$1.invokeSuspend(Coroutines.kt:68)
	kotlin.coroutines.jvm.internal.BaseContinuationImpl.resumeWith(ContinuationImpl.kt:33)
	kotlinx.coroutines.DispatchedTask.run(DispatchedTask.kt:56)
	kotlinx.coroutines.scheduling.CoroutineScheduler.runSafely(CoroutineScheduler.kt:561)
	kotlinx.coroutines.scheduling.CoroutineScheduler$Worker.executeTask(CoroutineScheduler.kt:727)
	kotlinx.coroutines.scheduling.CoroutineScheduler$Worker.runWorker(CoroutineScheduler.kt:667)
	kotlinx.coroutines.scheduling.CoroutineScheduler$Worker.run(CoroutineScheduler.kt:655)

		... 2 more
	Caused by: com.fasterxml.jackson.module.kotlin.MissingKotlinParameterException: Instantiation of [simple type, class au.com.firemarklabs.nt.Note] value failed for JSON property content due to missing (therefore NULL) value for creator parameter content which is a non-nullable type
 at [Source: (String)&quot;{&quot;status&quot;:&quot;success&quot;,&quot;note&quot;:{&quot;tag&quot;:[&quot;performance&quot;],&quot;_id&quot;:&quot;614c1b8bceece30015ab9cee&quot;,&quot;content&quot;:&quot;Note 113&quot;,&quot;__v&quot;:0}}&quot;; line: 1, column: 113] (through reference chain: au.com.firemarklabs.nt.Note[&quot;content&quot;])
		at app//com.fasterxml.jackson.module.kotlin.KotlinValueInstantiator.createFromObjectWith(KotlinValueInstantiator.kt:107)
		at app//com.fasterxml.jackson.databind.deser.impl.PropertyBasedCreator.build(PropertyBasedCreator.java:195)
		at app//com.fasterxml.jackson.databind.deser.BeanDeserializer._deserializeUsingPropertyBased(BeanDeserializer.java:488)
		at app//com.fasterxml.jackson.databind.deser.BeanDeserializerBase.deserializeFromObjectUsingNonDefault(BeanDeserializerBase.java:1287)
		at app//com.fasterxml.jackson.databind.deser.BeanDeserializer.deserializeFromObject(BeanDeserializer.java:326)
		at app//com.fasterxml.jackson.databind.deser.BeanDeserializer.deserialize(BeanDeserializer.java:159)
		at app//com.fasterxml.jackson.databind.ObjectMapper._readMapAndClose(ObjectMapper.java:4013)
		at app//com.fasterxml.jackson.databind.ObjectMapper.readValue(ObjectMapper.java:3023)
		at app//au.com.firemarklabs.nt.NoteDeserializable.deserialize(NoteDeserializable.kt:12)
		at app//au.com.firemarklabs.nt.NoteDeserializable.deserialize(NoteDeserializable.kt:7)
		at app//com.github.kittinunf.fuel.core.ResponseDeserializable$DefaultImpls.deserialize(Deserializable.kt:43)
		at app//au.com.firemarklabs.nt.NoteDeserializable.deserialize(NoteDeserializable.kt:7)
		at app//au.com.firemarklabs.nt.NoteDeserializable.deserialize(NoteDeserializable.kt:7)
		at app//com.github.kittinunf.fuel.core.DeserializableKt.awaitResponse(Deserializable.kt:256)
		at app//au.com.firemarklabs.nt.NTClient$asyncInsert$$inlined$awaitObjectResponse$1.invokeSuspend(Coroutines.kt:68)
		at app//kotlin.coroutines.jvm.internal.BaseContinuationImpl.resumeWith(ContinuationImpl.kt:33)
		at app//kotlinx.coroutines.DispatchedTask.run(DispatchedTask.kt:56)
		at app//kotlinx.coroutines.scheduling.CoroutineScheduler.runSafely(CoroutineScheduler.kt:561)
		at app//kotlinx.coroutines.scheduling.CoroutineScheduler$Worker.executeTask(CoroutineScheduler.kt:727)
		at app//kotlinx.coroutines.scheduling.CoroutineScheduler$Worker.runWorker(CoroutineScheduler.kt:667)
		at app//kotlinx.coroutines.scheduling.CoroutineScheduler$Worker.run(CoroutineScheduler.kt:655)
	Suppressed: Instantiation of [simple type, class au.com.firemarklabs.nt.Note] value failed for JSON property content due to missing (therefore NULL) value for creator parameter content which is a non-nullable type
 at [Source: (String)&quot;{&quot;status&quot;:&quot;success&quot;,&quot;note&quot;:{&quot;tag&quot;:[&quot;performance&quot;],&quot;_id&quot;:&quot;614c1b8bceece30015ab9cef&quot;,&quot;content&quot;:&quot;Note 114&quot;,&quot;__v&quot;:0}}&quot;; line: 1, column: 113] (through reference chain: au.com.firemarklabs.nt.Note[&quot;content&quot;])
	com.github.kittinunf.fuel.core.FuelError$Companion.wrap(FuelError.kt:86)
	com.github.kittinunf.fuel.core.DeserializableKt.awaitResponse(Deserializable.kt:257)
Caused by: com.fasterxml.jackson.module.kotlin.MissingKotlinParameterException: Instantiation of [simple type, class au.com.firemarklabs.nt.Note] value failed for JSON property content due to missing (therefore NULL) value for creator parameter content which is a non-nullable type
 at [Source: (String)&quot;{&quot;status&quot;:&quot;success&quot;,&quot;note&quot;:{&quot;tag&quot;:[&quot;performance&quot;],&quot;_id&quot;:&quot;614c1b8bceece30015ab9cef&quot;,&quot;content&quot;:&quot;Note 114&quot;,&quot;__v&quot;:0}}&quot;; line: 1, column: 113] (through reference chain: au.com.firemarklabs.nt.Note[&quot;content&quot;])
	com.fasterxml.jackson.module.kotlin.KotlinValueInstantiator.createFromObjectWith(KotlinValueInstantiator.kt:107)
	com.fasterxml.jackson.databind.deser.impl.PropertyBasedCreator.build(PropertyBasedCreator.java:195)
	com.fasterxml.jackson.databind.deser.BeanDeserializer._deserializeUsingPropertyBased(BeanDeserializer.java:488)
	com.fasterxml.jackson.databind.deser.BeanDeserializerBase.deserializeFromObjectUsingNonDefault(BeanDeserializerBase.java:1287)
	com.fasterxml.jackson.databind.deser.BeanDeserializer.deserializeFromObject(BeanDeserializer.java:326)
	com.fasterxml.jackson.databind.deser.BeanDeserializer.deserialize(BeanDeserializer.java:159)
	com.fasterxml.jackson.databind.ObjectMapper._readMapAndClose(ObjectMapper.java:4013)
	com.fasterxml.jackson.databind.ObjectMapper.readValue(ObjectMapper.java:3023)
	au.com.firemarklabs.nt.NoteDeserializable.deserialize(NoteDeserializable.kt:12)
	au.com.firemarklabs.nt.NoteDeserializable.deserialize(NoteDeserializable.kt:7)
	com.github.kittinunf.fuel.core.ResponseDeserializable$DefaultImpls.deserialize(Deserializable.kt:43)
	au.com.firemarklabs.nt.NoteDeserializable.deserialize(NoteDeserializable.kt:7)
	au.com.firemarklabs.nt.NoteDeserializable.deserialize(NoteDeserializable.kt:7)
	com.github.kittinunf.fuel.core.DeserializableKt.awaitResponse(Deserializable.kt:256)
	au.com.firemarklabs.nt.NTClient$asyncInsert$$inlined$awaitObjectResponse$1.invokeSuspend(Coroutines.kt:68)
	kotlin.coroutines.jvm.internal.BaseContinuationImpl.resumeWith(ContinuationImpl.kt:33)
	kotlinx.coroutines.DispatchedTask.run(DispatchedTask.kt:56)
	kotlinx.coroutines.scheduling.CoroutineScheduler.runSafely(CoroutineScheduler.kt:561)
	kotlinx.coroutines.scheduling.CoroutineScheduler$Worker.executeTask(CoroutineScheduler.kt:727)
	kotlinx.coroutines.scheduling.CoroutineScheduler$Worker.runWorker(CoroutineScheduler.kt:667)
	kotlinx.coroutines.scheduling.CoroutineScheduler$Worker.run(CoroutineScheduler.kt:655)

		... 2 more
	Caused by: com.fasterxml.jackson.module.kotlin.MissingKotlinParameterException: Instantiation of [simple type, class au.com.firemarklabs.nt.Note] value failed for JSON property content due to missing (therefore NULL) value for creator parameter content which is a non-nullable type
 at [Source: (String)&quot;{&quot;status&quot;:&quot;success&quot;,&quot;note&quot;:{&quot;tag&quot;:[&quot;performance&quot;],&quot;_id&quot;:&quot;614c1b8bceece30015ab9cef&quot;,&quot;content&quot;:&quot;Note 114&quot;,&quot;__v&quot;:0}}&quot;; line: 1, column: 113] (through reference chain: au.com.firemarklabs.nt.Note[&quot;content&quot;])
		at app//com.fasterxml.jackson.module.kotlin.KotlinValueInstantiator.createFromObjectWith(KotlinValueInstantiator.kt:107)
		at app//com.fasterxml.jackson.databind.deser.impl.PropertyBasedCreator.build(PropertyBasedCreator.java:195)
		at app//com.fasterxml.jackson.databind.deser.BeanDeserializer._deserializeUsingPropertyBased(BeanDeserializer.java:488)
		at app//com.fasterxml.jackson.databind.deser.BeanDeserializerBase.deserializeFromObjectUsingNonDefault(BeanDeserializerBase.java:1287)
		at app//com.fasterxml.jackson.databind.deser.BeanDeserializer.deserializeFromObject(BeanDeserializer.java:326)
		at app//com.fasterxml.jackson.databind.deser.BeanDeserializer.deserialize(BeanDeserializer.java:159)
		at app//com.fasterxml.jackson.databind.ObjectMapper._readMapAndClose(ObjectMapper.java:4013)
		at app//com.fasterxml.jackson.databind.ObjectMapper.readValue(ObjectMapper.java:3023)
		at app//au.com.firemarklabs.nt.NoteDeserializable.deserialize(NoteDeserializable.kt:12)
		at app//au.com.firemarklabs.nt.NoteDeserializable.deserialize(NoteDeserializable.kt:7)
		at app//com.github.kittinunf.fuel.core.ResponseDeserializable$DefaultImpls.deserialize(Deserializable.kt:43)
		at app//au.com.firemarklabs.nt.NoteDeserializable.deserialize(NoteDeserializable.kt:7)
		at app//au.com.firemarklabs.nt.NoteDeserializable.deserialize(NoteDeserializable.kt:7)
		at app//com.github.kittinunf.fuel.core.DeserializableKt.awaitResponse(Deserializable.kt:256)
		at app//au.com.firemarklabs.nt.NTClient$asyncInsert$$inlined$awaitObjectResponse$1.invokeSuspend(Coroutines.kt:68)
		at app//kotlin.coroutines.jvm.internal.BaseContinuationImpl.resumeWith(ContinuationImpl.kt:33)
		at app//kotlinx.coroutines.DispatchedTask.run(DispatchedTask.kt:56)
		at app//kotlinx.coroutines.scheduling.CoroutineScheduler.runSafely(CoroutineScheduler.kt:561)
		at app//kotlinx.coroutines.scheduling.CoroutineScheduler$Worker.executeTask(CoroutineScheduler.kt:727)
		at app//kotlinx.coroutines.scheduling.CoroutineScheduler$Worker.runWorker(CoroutineScheduler.kt:667)
		at app//kotlinx.coroutines.scheduling.CoroutineScheduler$Worker.run(CoroutineScheduler.kt:655)
	Suppressed: Instantiation of [simple type, class au.com.firemarklabs.nt.Note] value failed for JSON property content due to missing (therefore NULL) value for creator parameter content which is a non-nullable type
 at [Source: (String)&quot;{&quot;status&quot;:&quot;success&quot;,&quot;note&quot;:{&quot;tag&quot;:[&quot;performance&quot;],&quot;_id&quot;:&quot;614c1b8bceece30015ab9cf0&quot;,&quot;content&quot;:&quot;Note 115&quot;,&quot;__v&quot;:0}}&quot;; line: 1, column: 113] (through reference chain: au.com.firemarklabs.nt.Note[&quot;content&quot;])
	com.github.kittinunf.fuel.core.FuelError$Companion.wrap(FuelError.kt:86)
	com.github.kittinunf.fuel.core.DeserializableKt.awaitResponse(Deserializable.kt:257)
Caused by: com.fasterxml.jackson.module.kotlin.MissingKotlinParameterException: Instantiation of [simple type, class au.com.firemarklabs.nt.Note] value failed for JSON property content due to missing (therefore NULL) value for creator parameter content which is a non-nullable type
 at [Source: (String)&quot;{&quot;status&quot;:&quot;success&quot;,&quot;note&quot;:{&quot;tag&quot;:[&quot;performance&quot;],&quot;_id&quot;:&quot;614c1b8bceece30015ab9cf0&quot;,&quot;content&quot;:&quot;Note 115&quot;,&quot;__v&quot;:0}}&quot;; line: 1, column: 113] (through reference chain: au.com.firemarklabs.nt.Note[&quot;content&quot;])
	com.fasterxml.jackson.module.kotlin.KotlinValueInstantiator.createFromObjectWith(KotlinValueInstantiator.kt:107)
	com.fasterxml.jackson.databind.deser.impl.PropertyBasedCreator.build(PropertyBasedCreator.java:195)
	com.fasterxml.jackson.databind.deser.BeanDeserializer._deserializeUsingPropertyBased(BeanDeserializer.java:488)
	com.fasterxml.jackson.databind.deser.BeanDeserializerBase.deserializeFromObjectUsingNonDefault(BeanDeserializerBase.java:1287)
	com.fasterxml.jackson.databind.deser.BeanDeserializer.deserializeFromObject(BeanDeserializer.java:326)
	com.fasterxml.jackson.databind.deser.BeanDeserializer.deserialize(BeanDeserializer.java:159)
	com.fasterxml.jackson.databind.ObjectMapper._readMapAndClose(ObjectMapper.java:4013)
	com.fasterxml.jackson.databind.ObjectMapper.readValue(ObjectMapper.java:3023)
	au.com.firemarklabs.nt.NoteDeserializable.deserialize(NoteDeserializable.kt:12)
	au.com.firemarklabs.nt.NoteDeserializable.deserialize(NoteDeserializable.kt:7)
	com.github.kittinunf.fuel.core.ResponseDeserializable$DefaultImpls.deserialize(Deserializable.kt:43)
	au.com.firemarklabs.nt.NoteDeserializable.deserialize(NoteDeserializable.kt:7)
	au.com.firemarklabs.nt.NoteDeserializable.deserialize(NoteDeserializable.kt:7)
	com.github.kittinunf.fuel.core.DeserializableKt.awaitResponse(Deserializable.kt:256)
	au.com.firemarklabs.nt.NTClient$asyncInsert$$inlined$awaitObjectResponse$1.invokeSuspend(Coroutines.kt:68)
	kotlin.coroutines.jvm.internal.BaseContinuationImpl.resumeWith(ContinuationImpl.kt:33)
	kotlinx.coroutines.DispatchedTask.run(DispatchedTask.kt:56)
	kotlinx.coroutines.scheduling.CoroutineScheduler.runSafely(CoroutineScheduler.kt:561)
	kotlinx.coroutines.scheduling.CoroutineScheduler$Worker.executeTask(CoroutineScheduler.kt:727)
	kotlinx.coroutines.scheduling.CoroutineScheduler$Worker.runWorker(CoroutineScheduler.kt:667)
	kotlinx.coroutines.scheduling.CoroutineScheduler$Worker.run(CoroutineScheduler.kt:655)

		... 2 more
	Caused by: com.fasterxml.jackson.module.kotlin.MissingKotlinParameterException: Instantiation of [simple type, class au.com.firemarklabs.nt.Note] value failed for JSON property content due to missing (therefore NULL) value for creator parameter content which is a non-nullable type
 at [Source: (String)&quot;{&quot;status&quot;:&quot;success&quot;,&quot;note&quot;:{&quot;tag&quot;:[&quot;performance&quot;],&quot;_id&quot;:&quot;614c1b8bceece30015ab9cf0&quot;,&quot;content&quot;:&quot;Note 115&quot;,&quot;__v&quot;:0}}&quot;; line: 1, column: 113] (through reference chain: au.com.firemarklabs.nt.Note[&quot;content&quot;])
		at app//com.fasterxml.jackson.module.kotlin.KotlinValueInstantiator.createFromObjectWith(KotlinValueInstantiator.kt:107)
		at app//com.fasterxml.jackson.databind.deser.impl.PropertyBasedCreator.build(PropertyBasedCreator.java:195)
		at app//com.fasterxml.jackson.databind.deser.BeanDeserializer._deserializeUsingPropertyBased(BeanDeserializer.java:488)
		at app//com.fasterxml.jackson.databind.deser.BeanDeserializerBase.deserializeFromObjectUsingNonDefault(BeanDeserializerBase.java:1287)
		at app//com.fasterxml.jackson.databind.deser.BeanDeserializer.deserializeFromObject(BeanDeserializer.java:326)
		at app//com.fasterxml.jackson.databind.deser.BeanDeserializer.deserialize(BeanDeserializer.java:159)
		at app//com.fasterxml.jackson.databind.ObjectMapper._readMapAndClose(ObjectMapper.java:4013)
		at app//com.fasterxml.jackson.databind.ObjectMapper.readValue(ObjectMapper.java:3023)
		at app//au.com.firemarklabs.nt.NoteDeserializable.deserialize(NoteDeserializable.kt:12)
		at app//au.com.firemarklabs.nt.NoteDeserializable.deserialize(NoteDeserializable.kt:7)
		at app//com.github.kittinunf.fuel.core.ResponseDeserializable$DefaultImpls.deserialize(Deserializable.kt:43)
		at app//au.com.firemarklabs.nt.NoteDeserializable.deserialize(NoteDeserializable.kt:7)
		at app//au.com.firemarklabs.nt.NoteDeserializable.deserialize(NoteDeserializable.kt:7)
		at app//com.github.kittinunf.fuel.core.DeserializableKt.awaitResponse(Deserializable.kt:256)
		at app//au.com.firemarklabs.nt.NTClient$asyncInsert$$inlined$awaitObjectResponse$1.invokeSuspend(Coroutines.kt:68)
		at app//kotlin.coroutines.jvm.internal.BaseContinuationImpl.resumeWith(ContinuationImpl.kt:33)
		at app//kotlinx.coroutines.DispatchedTask.run(DispatchedTask.kt:56)
		at app//kotlinx.coroutines.scheduling.CoroutineScheduler.runSafely(CoroutineScheduler.kt:561)
		at app//kotlinx.coroutines.scheduling.CoroutineScheduler$Worker.executeTask(CoroutineScheduler.kt:727)
		at app//kotlinx.coroutines.scheduling.CoroutineScheduler$Worker.runWorker(CoroutineScheduler.kt:667)
		at app//kotlinx.coroutines.scheduling.CoroutineScheduler$Worker.run(CoroutineScheduler.kt:655)
	Suppressed: Instantiation of [simple type, class au.com.firemarklabs.nt.Note] value failed for JSON property content due to missing (therefore NULL) value for creator parameter content which is a non-nullable type
 at [Source: (String)&quot;{&quot;status&quot;:&quot;success&quot;,&quot;note&quot;:{&quot;tag&quot;:[&quot;performance&quot;],&quot;_id&quot;:&quot;614c1b8bceece30015ab9cf1&quot;,&quot;content&quot;:&quot;Note 116&quot;,&quot;__v&quot;:0}}&quot;; line: 1, column: 113] (through reference chain: au.com.firemarklabs.nt.Note[&quot;content&quot;])
	com.github.kittinunf.fuel.core.FuelError$Companion.wrap(FuelError.kt:86)
	com.github.kittinunf.fuel.core.DeserializableKt.awaitResponse(Deserializable.kt:257)
Caused by: com.fasterxml.jackson.module.kotlin.MissingKotlinParameterException: Instantiation of [simple type, class au.com.firemarklabs.nt.Note] value failed for JSON property content due to missing (therefore NULL) value for creator parameter content which is a non-nullable type
 at [Source: (String)&quot;{&quot;status&quot;:&quot;success&quot;,&quot;note&quot;:{&quot;tag&quot;:[&quot;performance&quot;],&quot;_id&quot;:&quot;614c1b8bceece30015ab9cf1&quot;,&quot;content&quot;:&quot;Note 116&quot;,&quot;__v&quot;:0}}&quot;; line: 1, column: 113] (through reference chain: au.com.firemarklabs.nt.Note[&quot;content&quot;])
	com.fasterxml.jackson.module.kotlin.KotlinValueInstantiator.createFromObjectWith(KotlinValueInstantiator.kt:107)
	com.fasterxml.jackson.databind.deser.impl.PropertyBasedCreator.build(PropertyBasedCreator.java:195)
	com.fasterxml.jackson.databind.deser.BeanDeserializer._deserializeUsingPropertyBased(BeanDeserializer.java:488)
	com.fasterxml.jackson.databind.deser.BeanDeserializerBase.deserializeFromObjectUsingNonDefault(BeanDeserializerBase.java:1287)
	com.fasterxml.jackson.databind.deser.BeanDeserializer.deserializeFromObject(BeanDeserializer.java:326)
	com.fasterxml.jackson.databind.deser.BeanDeserializer.deserialize(BeanDeserializer.java:159)
	com.fasterxml.jackson.databind.ObjectMapper._readMapAndClose(ObjectMapper.java:4013)
	com.fasterxml.jackson.databind.ObjectMapper.readValue(ObjectMapper.java:3023)
	au.com.firemarklabs.nt.NoteDeserializable.deserialize(NoteDeserializable.kt:12)
	au.com.firemarklabs.nt.NoteDeserializable.deserialize(NoteDeserializable.kt:7)
	com.github.kittinunf.fuel.core.ResponseDeserializable$DefaultImpls.deserialize(Deserializable.kt:43)
	au.com.firemarklabs.nt.NoteDeserializable.deserialize(NoteDeserializable.kt:7)
	au.com.firemarklabs.nt.NoteDeserializable.deserialize(NoteDeserializable.kt:7)
	com.github.kittinunf.fuel.core.DeserializableKt.awaitResponse(Deserializable.kt:256)
	au.com.firemarklabs.nt.NTClient$asyncInsert$$inlined$awaitObjectResponse$1.invokeSuspend(Coroutines.kt:68)
	kotlin.coroutines.jvm.internal.BaseContinuationImpl.resumeWith(ContinuationImpl.kt:33)
	kotlinx.coroutines.DispatchedTask.run(DispatchedTask.kt:56)
	kotlinx.coroutines.scheduling.CoroutineScheduler.runSafely(CoroutineScheduler.kt:561)
	kotlinx.coroutines.scheduling.CoroutineScheduler$Worker.executeTask(CoroutineScheduler.kt:727)
	kotlinx.coroutines.scheduling.CoroutineScheduler$Worker.runWorker(CoroutineScheduler.kt:667)
	kotlinx.coroutines.scheduling.CoroutineScheduler$Worker.run(CoroutineScheduler.kt:655)

		... 2 more
	Caused by: com.fasterxml.jackson.module.kotlin.MissingKotlinParameterException: Instantiation of [simple type, class au.com.firemarklabs.nt.Note] value failed for JSON property content due to missing (therefore NULL) value for creator parameter content which is a non-nullable type
 at [Source: (String)&quot;{&quot;status&quot;:&quot;success&quot;,&quot;note&quot;:{&quot;tag&quot;:[&quot;performance&quot;],&quot;_id&quot;:&quot;614c1b8bceece30015ab9cf1&quot;,&quot;content&quot;:&quot;Note 116&quot;,&quot;__v&quot;:0}}&quot;; line: 1, column: 113] (through reference chain: au.com.firemarklabs.nt.Note[&quot;content&quot;])
		at app//com.fasterxml.jackson.module.kotlin.KotlinValueInstantiator.createFromObjectWith(KotlinValueInstantiator.kt:107)
		at app//com.fasterxml.jackson.databind.deser.impl.PropertyBasedCreator.build(PropertyBasedCreator.java:195)
		at app//com.fasterxml.jackson.databind.deser.BeanDeserializer._deserializeUsingPropertyBased(BeanDeserializer.java:488)
		at app//com.fasterxml.jackson.databind.deser.BeanDeserializerBase.deserializeFromObjectUsingNonDefault(BeanDeserializerBase.java:1287)
		at app//com.fasterxml.jackson.databind.deser.BeanDeserializer.deserializeFromObject(BeanDeserializer.java:326)
		at app//com.fasterxml.jackson.databind.deser.BeanDeserializer.deserialize(BeanDeserializer.java:159)
		at app//com.fasterxml.jackson.databind.ObjectMapper._readMapAndClose(ObjectMapper.java:4013)
		at app//com.fasterxml.jackson.databind.ObjectMapper.readValue(ObjectMapper.java:3023)
		at app//au.com.firemarklabs.nt.NoteDeserializable.deserialize(NoteDeserializable.kt:12)
		at app//au.com.firemarklabs.nt.NoteDeserializable.deserialize(NoteDeserializable.kt:7)
		at app//com.github.kittinunf.fuel.core.ResponseDeserializable$DefaultImpls.deserialize(Deserializable.kt:43)
		at app//au.com.firemarklabs.nt.NoteDeserializable.deserialize(NoteDeserializable.kt:7)
		at app//au.com.firemarklabs.nt.NoteDeserializable.deserialize(NoteDeserializable.kt:7)
		at app//com.github.kittinunf.fuel.core.DeserializableKt.awaitResponse(Deserializable.kt:256)
		at app//au.com.firemarklabs.nt.NTClient$asyncInsert$$inlined$awaitObjectResponse$1.invokeSuspend(Coroutines.kt:68)
		at app//kotlin.coroutines.jvm.internal.BaseContinuationImpl.resumeWith(ContinuationImpl.kt:33)
		at app//kotlinx.coroutines.DispatchedTask.run(DispatchedTask.kt:56)
		at app//kotlinx.coroutines.scheduling.CoroutineScheduler.runSafely(CoroutineScheduler.kt:561)
		at app//kotlinx.coroutines.scheduling.CoroutineScheduler$Worker.executeTask(CoroutineScheduler.kt:727)
		at app//kotlinx.coroutines.scheduling.CoroutineScheduler$Worker.runWorker(CoroutineScheduler.kt:667)
		at app//kotlinx.coroutines.scheduling.CoroutineScheduler$Worker.run(CoroutineScheduler.kt:655)
	Suppressed: Instantiation of [simple type, class au.com.firemarklabs.nt.Note] value failed for JSON property content due to missing (therefore NULL) value for creator parameter content which is a non-nullable type
 at [Source: (String)&quot;{&quot;status&quot;:&quot;success&quot;,&quot;note&quot;:{&quot;tag&quot;:[&quot;performance&quot;],&quot;_id&quot;:&quot;614c1b8bceece30015ab9cf2&quot;,&quot;content&quot;:&quot;Note 117&quot;,&quot;__v&quot;:0}}&quot;; line: 1, column: 113] (through reference chain: au.com.firemarklabs.nt.Note[&quot;content&quot;])
	com.github.kittinunf.fuel.core.FuelError$Companion.wrap(FuelError.kt:86)
	com.github.kittinunf.fuel.core.DeserializableKt.awaitResponse(Deserializable.kt:257)
Caused by: com.fasterxml.jackson.module.kotlin.MissingKotlinParameterException: Instantiation of [simple type, class au.com.firemarklabs.nt.Note] value failed for JSON property content due to missing (therefore NULL) value for creator parameter content which is a non-nullable type
 at [Source: (String)&quot;{&quot;status&quot;:&quot;success&quot;,&quot;note&quot;:{&quot;tag&quot;:[&quot;performance&quot;],&quot;_id&quot;:&quot;614c1b8bceece30015ab9cf2&quot;,&quot;content&quot;:&quot;Note 117&quot;,&quot;__v&quot;:0}}&quot;; line: 1, column: 113] (through reference chain: au.com.firemarklabs.nt.Note[&quot;content&quot;])
	com.fasterxml.jackson.module.kotlin.KotlinValueInstantiator.createFromObjectWith(KotlinValueInstantiator.kt:107)
	com.fasterxml.jackson.databind.deser.impl.PropertyBasedCreator.build(PropertyBasedCreator.java:195)
	com.fasterxml.jackson.databind.deser.BeanDeserializer._deserializeUsingPropertyBased(BeanDeserializer.java:488)
	com.fasterxml.jackson.databind.deser.BeanDeserializerBase.deserializeFromObjectUsingNonDefault(BeanDeserializerBase.java:1287)
	com.fasterxml.jackson.databind.deser.BeanDeserializer.deserializeFromObject(BeanDeserializer.java:326)
	com.fasterxml.jackson.databind.deser.BeanDeserializer.deserialize(BeanDeserializer.java:159)
	com.fasterxml.jackson.databind.ObjectMapper._readMapAndClose(ObjectMapper.java:4013)
	com.fasterxml.jackson.databind.ObjectMapper.readValue(ObjectMapper.java:3023)
	au.com.firemarklabs.nt.NoteDeserializable.deserialize(NoteDeserializable.kt:12)
	au.com.firemarklabs.nt.NoteDeserializable.deserialize(NoteDeserializable.kt:7)
	com.github.kittinunf.fuel.core.ResponseDeserializable$DefaultImpls.deserialize(Deserializable.kt:43)
	au.com.firemarklabs.nt.NoteDeserializable.deserialize(NoteDeserializable.kt:7)
	au.com.firemarklabs.nt.NoteDeserializable.deserialize(NoteDeserializable.kt:7)
	com.github.kittinunf.fuel.core.DeserializableKt.awaitResponse(Deserializable.kt:256)
	au.com.firemarklabs.nt.NTClient$asyncInsert$$inlined$awaitObjectResponse$1.invokeSuspend(Coroutines.kt:68)
	kotlin.coroutines.jvm.internal.BaseContinuationImpl.resumeWith(ContinuationImpl.kt:33)
	kotlinx.coroutines.DispatchedTask.run(DispatchedTask.kt:56)
	kotlinx.coroutines.scheduling.CoroutineScheduler.runSafely(CoroutineScheduler.kt:561)
	kotlinx.coroutines.scheduling.CoroutineScheduler$Worker.executeTask(CoroutineScheduler.kt:727)
	kotlinx.coroutines.scheduling.CoroutineScheduler$Worker.runWorker(CoroutineScheduler.kt:667)
	kotlinx.coroutines.scheduling.CoroutineScheduler$Worker.run(CoroutineScheduler.kt:655)

		... 2 more
	Caused by: com.fasterxml.jackson.module.kotlin.MissingKotlinParameterException: Instantiation of [simple type, class au.com.firemarklabs.nt.Note] value failed for JSON property content due to missing (therefore NULL) value for creator parameter content which is a non-nullable type
 at [Source: (String)&quot;{&quot;status&quot;:&quot;success&quot;,&quot;note&quot;:{&quot;tag&quot;:[&quot;performance&quot;],&quot;_id&quot;:&quot;614c1b8bceece30015ab9cf2&quot;,&quot;content&quot;:&quot;Note 117&quot;,&quot;__v&quot;:0}}&quot;; line: 1, column: 113] (through reference chain: au.com.firemarklabs.nt.Note[&quot;content&quot;])
		at app//com.fasterxml.jackson.module.kotlin.KotlinValueInstantiator.createFromObjectWith(KotlinValueInstantiator.kt:107)
		at app//com.fasterxml.jackson.databind.deser.impl.PropertyBasedCreator.build(PropertyBasedCreator.java:195)
		at app//com.fasterxml.jackson.databind.deser.BeanDeserializer._deserializeUsingPropertyBased(BeanDeserializer.java:488)
		at app//com.fasterxml.jackson.databind.deser.BeanDeserializerBase.deserializeFromObjectUsingNonDefault(BeanDeserializerBase.java:1287)
		at app//com.fasterxml.jackson.databind.deser.BeanDeserializer.deserializeFromObject(BeanDeserializer.java:326)
		at app//com.fasterxml.jackson.databind.deser.BeanDeserializer.deserialize(BeanDeserializer.java:159)
		at app//com.fasterxml.jackson.databind.ObjectMapper._readMapAndClose(ObjectMapper.java:4013)
		at app//com.fasterxml.jackson.databind.ObjectMapper.readValue(ObjectMapper.java:3023)
		at app//au.com.firemarklabs.nt.NoteDeserializable.deserialize(NoteDeserializable.kt:12)
		at app//au.com.firemarklabs.nt.NoteDeserializable.deserialize(NoteDeserializable.kt:7)
		at app//com.github.kittinunf.fuel.core.ResponseDeserializable$DefaultImpls.deserialize(Deserializable.kt:43)
		at app//au.com.firemarklabs.nt.NoteDeserializable.deserialize(NoteDeserializable.kt:7)
		at app//au.com.firemarklabs.nt.NoteDeserializable.deserialize(NoteDeserializable.kt:7)
		at app//com.github.kittinunf.fuel.core.DeserializableKt.awaitResponse(Deserializable.kt:256)
		at app//au.com.firemarklabs.nt.NTClient$asyncInsert$$inlined$awaitObjectResponse$1.invokeSuspend(Coroutines.kt:68)
		at app//kotlin.coroutines.jvm.internal.BaseContinuationImpl.resumeWith(ContinuationImpl.kt:33)
		at app//kotlinx.coroutines.DispatchedTask.run(DispatchedTask.kt:56)
		at app//kotlinx.coroutines.scheduling.CoroutineScheduler.runSafely(CoroutineScheduler.kt:561)
		at app//kotlinx.coroutines.scheduling.CoroutineScheduler$Worker.executeTask(CoroutineScheduler.kt:727)
		at app//kotlinx.coroutines.scheduling.CoroutineScheduler$Worker.runWorker(CoroutineScheduler.kt:667)
		at app//kotlinx.coroutines.scheduling.CoroutineScheduler$Worker.run(CoroutineScheduler.kt:655)
	Suppressed: Instantiation of [simple type, class au.com.firemarklabs.nt.Note] value failed for JSON property content due to missing (therefore NULL) value for creator parameter content which is a non-nullable type
 at [Source: (String)&quot;{&quot;status&quot;:&quot;success&quot;,&quot;note&quot;:{&quot;tag&quot;:[&quot;performance&quot;],&quot;_id&quot;:&quot;614c1b8bceece30015ab9cf3&quot;,&quot;content&quot;:&quot;Note 118&quot;,&quot;__v&quot;:0}}&quot;; line: 1, column: 113] (through reference chain: au.com.firemarklabs.nt.Note[&quot;content&quot;])
	com.github.kittinunf.fuel.core.FuelError$Companion.wrap(FuelError.kt:86)
	com.github.kittinunf.fuel.core.DeserializableKt.awaitResponse(Deserializable.kt:257)
Caused by: com.fasterxml.jackson.module.kotlin.MissingKotlinParameterException: Instantiation of [simple type, class au.com.firemarklabs.nt.Note] value failed for JSON property content due to missing (therefore NULL) value for creator parameter content which is a non-nullable type
 at [Source: (String)&quot;{&quot;status&quot;:&quot;success&quot;,&quot;note&quot;:{&quot;tag&quot;:[&quot;performance&quot;],&quot;_id&quot;:&quot;614c1b8bceece30015ab9cf3&quot;,&quot;content&quot;:&quot;Note 118&quot;,&quot;__v&quot;:0}}&quot;; line: 1, column: 113] (through reference chain: au.com.firemarklabs.nt.Note[&quot;content&quot;])
	com.fasterxml.jackson.module.kotlin.KotlinValueInstantiator.createFromObjectWith(KotlinValueInstantiator.kt:107)
	com.fasterxml.jackson.databind.deser.impl.PropertyBasedCreator.build(PropertyBasedCreator.java:195)
	com.fasterxml.jackson.databind.deser.BeanDeserializer._deserializeUsingPropertyBased(BeanDeserializer.java:488)
	com.fasterxml.jackson.databind.deser.BeanDeserializerBase.deserializeFromObjectUsingNonDefault(BeanDeserializerBase.java:1287)
	com.fasterxml.jackson.databind.deser.BeanDeserializer.deserializeFromObject(BeanDeserializer.java:326)
	com.fasterxml.jackson.databind.deser.BeanDeserializer.deserialize(BeanDeserializer.java:159)
	com.fasterxml.jackson.databind.ObjectMapper._readMapAndClose(ObjectMapper.java:4013)
	com.fasterxml.jackson.databind.ObjectMapper.readValue(ObjectMapper.java:3023)
	au.com.firemarklabs.nt.NoteDeserializable.deserialize(NoteDeserializable.kt:12)
	au.com.firemarklabs.nt.NoteDeserializable.deserialize(NoteDeserializable.kt:7)
	com.github.kittinunf.fuel.core.ResponseDeserializable$DefaultImpls.deserialize(Deserializable.kt:43)
	au.com.firemarklabs.nt.NoteDeserializable.deserialize(NoteDeserializable.kt:7)
	au.com.firemarklabs.nt.NoteDeserializable.deserialize(NoteDeserializable.kt:7)
	com.github.kittinunf.fuel.core.DeserializableKt.awaitResponse(Deserializable.kt:256)
	au.com.firemarklabs.nt.NTClient$asyncInsert$$inlined$awaitObjectResponse$1.invokeSuspend(Coroutines.kt:68)
	kotlin.coroutines.jvm.internal.BaseContinuationImpl.resumeWith(ContinuationImpl.kt:33)
	kotlinx.coroutines.DispatchedTask.run(DispatchedTask.kt:56)
	kotlinx.coroutines.scheduling.CoroutineScheduler.runSafely(CoroutineScheduler.kt:561)
	kotlinx.coroutines.scheduling.CoroutineScheduler$Worker.executeTask(CoroutineScheduler.kt:727)
	kotlinx.coroutines.scheduling.CoroutineScheduler$Worker.runWorker(CoroutineScheduler.kt:667)
	kotlinx.coroutines.scheduling.CoroutineScheduler$Worker.run(CoroutineScheduler.kt:655)

		... 2 more
	Caused by: com.fasterxml.jackson.module.kotlin.MissingKotlinParameterException: Instantiation of [simple type, class au.com.firemarklabs.nt.Note] value failed for JSON property content due to missing (therefore NULL) value for creator parameter content which is a non-nullable type
 at [Source: (String)&quot;{&quot;status&quot;:&quot;success&quot;,&quot;note&quot;:{&quot;tag&quot;:[&quot;performance&quot;],&quot;_id&quot;:&quot;614c1b8bceece30015ab9cf3&quot;,&quot;content&quot;:&quot;Note 118&quot;,&quot;__v&quot;:0}}&quot;; line: 1, column: 113] (through reference chain: au.com.firemarklabs.nt.Note[&quot;content&quot;])
		at app//com.fasterxml.jackson.module.kotlin.KotlinValueInstantiator.createFromObjectWith(KotlinValueInstantiator.kt:107)
		at app//com.fasterxml.jackson.databind.deser.impl.PropertyBasedCreator.build(PropertyBasedCreator.java:195)
		at app//com.fasterxml.jackson.databind.deser.BeanDeserializer._deserializeUsingPropertyBased(BeanDeserializer.java:488)
		at app//com.fasterxml.jackson.databind.deser.BeanDeserializerBase.deserializeFromObjectUsingNonDefault(BeanDeserializerBase.java:1287)
		at app//com.fasterxml.jackson.databind.deser.BeanDeserializer.deserializeFromObject(BeanDeserializer.java:326)
		at app//com.fasterxml.jackson.databind.deser.BeanDeserializer.deserialize(BeanDeserializer.java:159)
		at app//com.fasterxml.jackson.databind.ObjectMapper._readMapAndClose(ObjectMapper.java:4013)
		at app//com.fasterxml.jackson.databind.ObjectMapper.readValue(ObjectMapper.java:3023)
		at app//au.com.firemarklabs.nt.NoteDeserializable.deserialize(NoteDeserializable.kt:12)
		at app//au.com.firemarklabs.nt.NoteDeserializable.deserialize(NoteDeserializable.kt:7)
		at app//com.github.kittinunf.fuel.core.ResponseDeserializable$DefaultImpls.deserialize(Deserializable.kt:43)
		at app//au.com.firemarklabs.nt.NoteDeserializable.deserialize(NoteDeserializable.kt:7)
		at app//au.com.firemarklabs.nt.NoteDeserializable.deserialize(NoteDeserializable.kt:7)
		at app//com.github.kittinunf.fuel.core.DeserializableKt.awaitResponse(Deserializable.kt:256)
		at app//au.com.firemarklabs.nt.NTClient$asyncInsert$$inlined$awaitObjectResponse$1.invokeSuspend(Coroutines.kt:68)
		at app//kotlin.coroutines.jvm.internal.BaseContinuationImpl.resumeWith(ContinuationImpl.kt:33)
		at app//kotlinx.coroutines.DispatchedTask.run(DispatchedTask.kt:56)
		at app//kotlinx.coroutines.scheduling.CoroutineScheduler.runSafely(CoroutineScheduler.kt:561)
		at app//kotlinx.coroutines.scheduling.CoroutineScheduler$Worker.executeTask(CoroutineScheduler.kt:727)
		at app//kotlinx.coroutines.scheduling.CoroutineScheduler$Worker.runWorker(CoroutineScheduler.kt:667)
		at app//kotlinx.coroutines.scheduling.CoroutineScheduler$Worker.run(CoroutineScheduler.kt:655)
	Suppressed: Instantiation of [simple type, class au.com.firemarklabs.nt.Note] value failed for JSON property content due to missing (therefore NULL) value for creator parameter content which is a non-nullable type
 at [Source: (String)&quot;{&quot;status&quot;:&quot;success&quot;,&quot;note&quot;:{&quot;tag&quot;:[&quot;performance&quot;],&quot;_id&quot;:&quot;614c1b8bceece30015ab9cf4&quot;,&quot;content&quot;:&quot;Note 119&quot;,&quot;__v&quot;:0}}&quot;; line: 1, column: 113] (through reference chain: au.com.firemarklabs.nt.Note[&quot;content&quot;])
	com.github.kittinunf.fuel.core.FuelError$Companion.wrap(FuelError.kt:86)
	com.github.kittinunf.fuel.core.DeserializableKt.awaitResponse(Deserializable.kt:257)
Caused by: com.fasterxml.jackson.module.kotlin.MissingKotlinParameterException: Instantiation of [simple type, class au.com.firemarklabs.nt.Note] value failed for JSON property content due to missing (therefore NULL) value for creator parameter content which is a non-nullable type
 at [Source: (String)&quot;{&quot;status&quot;:&quot;success&quot;,&quot;note&quot;:{&quot;tag&quot;:[&quot;performance&quot;],&quot;_id&quot;:&quot;614c1b8bceece30015ab9cf4&quot;,&quot;content&quot;:&quot;Note 119&quot;,&quot;__v&quot;:0}}&quot;; line: 1, column: 113] (through reference chain: au.com.firemarklabs.nt.Note[&quot;content&quot;])
	com.fasterxml.jackson.module.kotlin.KotlinValueInstantiator.createFromObjectWith(KotlinValueInstantiator.kt:107)
	com.fasterxml.jackson.databind.deser.impl.PropertyBasedCreator.build(PropertyBasedCreator.java:195)
	com.fasterxml.jackson.databind.deser.BeanDeserializer._deserializeUsingPropertyBased(BeanDeserializer.java:488)
	com.fasterxml.jackson.databind.deser.BeanDeserializerBase.deserializeFromObjectUsingNonDefault(BeanDeserializerBase.java:1287)
	com.fasterxml.jackson.databind.deser.BeanDeserializer.deserializeFromObject(BeanDeserializer.java:326)
	com.fasterxml.jackson.databind.deser.BeanDeserializer.deserialize(BeanDeserializer.java:159)
	com.fasterxml.jackson.databind.ObjectMapper._readMapAndClose(ObjectMapper.java:4013)
	com.fasterxml.jackson.databind.ObjectMapper.readValue(ObjectMapper.java:3023)
	au.com.firemarklabs.nt.NoteDeserializable.deserialize(NoteDeserializable.kt:12)
	au.com.firemarklabs.nt.NoteDeserializable.deserialize(NoteDeserializable.kt:7)
	com.github.kittinunf.fuel.core.ResponseDeserializable$DefaultImpls.deserialize(Deserializable.kt:43)
	au.com.firemarklabs.nt.NoteDeserializable.deserialize(NoteDeserializable.kt:7)
	au.com.firemarklabs.nt.NoteDeserializable.deserialize(NoteDeserializable.kt:7)
	com.github.kittinunf.fuel.core.DeserializableKt.awaitResponse(Deserializable.kt:256)
	au.com.firemarklabs.nt.NTClient$asyncInsert$$inlined$awaitObjectResponse$1.invokeSuspend(Coroutines.kt:68)
	kotlin.coroutines.jvm.internal.BaseContinuationImpl.resumeWith(ContinuationImpl.kt:33)
	kotlinx.coroutines.DispatchedTask.run(DispatchedTask.kt:56)
	kotlinx.coroutines.scheduling.CoroutineScheduler.runSafely(CoroutineScheduler.kt:561)
	kotlinx.coroutines.scheduling.CoroutineScheduler$Worker.executeTask(CoroutineScheduler.kt:727)
	kotlinx.coroutines.scheduling.CoroutineScheduler$Worker.runWorker(CoroutineScheduler.kt:667)
	kotlinx.coroutines.scheduling.CoroutineScheduler$Worker.run(CoroutineScheduler.kt:655)

		... 2 more
	Caused by: com.fasterxml.jackson.module.kotlin.MissingKotlinParameterException: Instantiation of [simple type, class au.com.firemarklabs.nt.Note] value failed for JSON property content due to missing (therefore NULL) value for creator parameter content which is a non-nullable type
 at [Source: (String)&quot;{&quot;status&quot;:&quot;success&quot;,&quot;note&quot;:{&quot;tag&quot;:[&quot;performance&quot;],&quot;_id&quot;:&quot;614c1b8bceece30015ab9cf4&quot;,&quot;content&quot;:&quot;Note 119&quot;,&quot;__v&quot;:0}}&quot;; line: 1, column: 113] (through reference chain: au.com.firemarklabs.nt.Note[&quot;content&quot;])
		at app//com.fasterxml.jackson.module.kotlin.KotlinValueInstantiator.createFromObjectWith(KotlinValueInstantiator.kt:107)
		at app//com.fasterxml.jackson.databind.deser.impl.PropertyBasedCreator.build(PropertyBasedCreator.java:195)
		at app//com.fasterxml.jackson.databind.deser.BeanDeserializer._deserializeUsingPropertyBased(BeanDeserializer.java:488)
		at app//com.fasterxml.jackson.databind.deser.BeanDeserializerBase.deserializeFromObjectUsingNonDefault(BeanDeserializerBase.java:1287)
		at app//com.fasterxml.jackson.databind.deser.BeanDeserializer.deserializeFromObject(BeanDeserializer.java:326)
		at app//com.fasterxml.jackson.databind.deser.BeanDeserializer.deserialize(BeanDeserializer.java:159)
		at app//com.fasterxml.jackson.databind.ObjectMapper._readMapAndClose(ObjectMapper.java:4013)
		at app//com.fasterxml.jackson.databind.ObjectMapper.readValue(ObjectMapper.java:3023)
		at app//au.com.firemarklabs.nt.NoteDeserializable.deserialize(NoteDeserializable.kt:12)
		at app//au.com.firemarklabs.nt.NoteDeserializable.deserialize(NoteDeserializable.kt:7)
		at app//com.github.kittinunf.fuel.core.ResponseDeserializable$DefaultImpls.deserialize(Deserializable.kt:43)
		at app//au.com.firemarklabs.nt.NoteDeserializable.deserialize(NoteDeserializable.kt:7)
		at app//au.com.firemarklabs.nt.NoteDeserializable.deserialize(NoteDeserializable.kt:7)
		at app//com.github.kittinunf.fuel.core.DeserializableKt.awaitResponse(Deserializable.kt:256)
		at app//au.com.firemarklabs.nt.NTClient$asyncInsert$$inlined$awaitObjectResponse$1.invokeSuspend(Coroutines.kt:68)
		at app//kotlin.coroutines.jvm.internal.BaseContinuationImpl.resumeWith(ContinuationImpl.kt:33)
		at app//kotlinx.coroutines.DispatchedTask.run(DispatchedTask.kt:56)
		at app//kotlinx.coroutines.scheduling.CoroutineScheduler.runSafely(CoroutineScheduler.kt:561)
		at app//kotlinx.coroutines.scheduling.CoroutineScheduler$Worker.executeTask(CoroutineScheduler.kt:727)
		at app//kotlinx.coroutines.scheduling.CoroutineScheduler$Worker.runWorker(CoroutineScheduler.kt:667)
		at app//kotlinx.coroutines.scheduling.CoroutineScheduler$Worker.run(CoroutineScheduler.kt:655)
	Suppressed: Instantiation of [simple type, class au.com.firemarklabs.nt.Note] value failed for JSON property content due to missing (therefore NULL) value for creator parameter content which is a non-nullable type
 at [Source: (String)&quot;{&quot;status&quot;:&quot;success&quot;,&quot;note&quot;:{&quot;tag&quot;:[&quot;performance&quot;],&quot;_id&quot;:&quot;614c1b8bceece30015ab9cf5&quot;,&quot;content&quot;:&quot;Note 120&quot;,&quot;__v&quot;:0}}&quot;; line: 1, column: 113] (through reference chain: au.com.firemarklabs.nt.Note[&quot;content&quot;])
	com.github.kittinunf.fuel.core.FuelError$Companion.wrap(FuelError.kt:86)
	com.github.kittinunf.fuel.core.DeserializableKt.awaitResponse(Deserializable.kt:257)
Caused by: com.fasterxml.jackson.module.kotlin.MissingKotlinParameterException: Instantiation of [simple type, class au.com.firemarklabs.nt.Note] value failed for JSON property content due to missing (therefore NULL) value for creator parameter content which is a non-nullable type
 at [Source: (String)&quot;{&quot;status&quot;:&quot;success&quot;,&quot;note&quot;:{&quot;tag&quot;:[&quot;performance&quot;],&quot;_id&quot;:&quot;614c1b8bceece30015ab9cf5&quot;,&quot;content&quot;:&quot;Note 120&quot;,&quot;__v&quot;:0}}&quot;; line: 1, column: 113] (through reference chain: au.com.firemarklabs.nt.Note[&quot;content&quot;])
	com.fasterxml.jackson.module.kotlin.KotlinValueInstantiator.createFromObjectWith(KotlinValueInstantiator.kt:107)
	com.fasterxml.jackson.databind.deser.impl.PropertyBasedCreator.build(PropertyBasedCreator.java:195)
	com.fasterxml.jackson.databind.deser.BeanDeserializer._deserializeUsingPropertyBased(BeanDeserializer.java:488)
	com.fasterxml.jackson.databind.deser.BeanDeserializerBase.deserializeFromObjectUsingNonDefault(BeanDeserializerBase.java:1287)
	com.fasterxml.jackson.databind.deser.BeanDeserializer.deserializeFromObject(BeanDeserializer.java:326)
	com.fasterxml.jackson.databind.deser.BeanDeserializer.deserialize(BeanDeserializer.java:159)
	com.fasterxml.jackson.databind.ObjectMapper._readMapAndClose(ObjectMapper.java:4013)
	com.fasterxml.jackson.databind.ObjectMapper.readValue(ObjectMapper.java:3023)
	au.com.firemarklabs.nt.NoteDeserializable.deserialize(NoteDeserializable.kt:12)
	au.com.firemarklabs.nt.NoteDeserializable.deserialize(NoteDeserializable.kt:7)
	com.github.kittinunf.fuel.core.ResponseDeserializable$DefaultImpls.deserialize(Deserializable.kt:43)
	au.com.firemarklabs.nt.NoteDeserializable.deserialize(NoteDeserializable.kt:7)
	au.com.firemarklabs.nt.NoteDeserializable.deserialize(NoteDeserializable.kt:7)
	com.github.kittinunf.fuel.core.DeserializableKt.awaitResponse(Deserializable.kt:256)
	au.com.firemarklabs.nt.NTClient$asyncInsert$$inlined$awaitObjectResponse$1.invokeSuspend(Coroutines.kt:68)
	kotlin.coroutines.jvm.internal.BaseContinuationImpl.resumeWith(ContinuationImpl.kt:33)
	kotlinx.coroutines.DispatchedTask.run(DispatchedTask.kt:56)
	kotlinx.coroutines.scheduling.CoroutineScheduler.runSafely(CoroutineScheduler.kt:561)
	kotlinx.coroutines.scheduling.CoroutineScheduler$Worker.executeTask(CoroutineScheduler.kt:727)
	kotlinx.coroutines.scheduling.CoroutineScheduler$Worker.runWorker(CoroutineScheduler.kt:667)
	kotlinx.coroutines.scheduling.CoroutineScheduler$Worker.run(CoroutineScheduler.kt:655)

		... 2 more
	Caused by: com.fasterxml.jackson.module.kotlin.MissingKotlinParameterException: Instantiation of [simple type, class au.com.firemarklabs.nt.Note] value failed for JSON property content due to missing (therefore NULL) value for creator parameter content which is a non-nullable type
 at [Source: (String)&quot;{&quot;status&quot;:&quot;success&quot;,&quot;note&quot;:{&quot;tag&quot;:[&quot;performance&quot;],&quot;_id&quot;:&quot;614c1b8bceece30015ab9cf5&quot;,&quot;content&quot;:&quot;Note 120&quot;,&quot;__v&quot;:0}}&quot;; line: 1, column: 113] (through reference chain: au.com.firemarklabs.nt.Note[&quot;content&quot;])
		at app//com.fasterxml.jackson.module.kotlin.KotlinValueInstantiator.createFromObjectWith(KotlinValueInstantiator.kt:107)
		at app//com.fasterxml.jackson.databind.deser.impl.PropertyBasedCreator.build(PropertyBasedCreator.java:195)
		at app//com.fasterxml.jackson.databind.deser.BeanDeserializer._deserializeUsingPropertyBased(BeanDeserializer.java:488)
		at app//com.fasterxml.jackson.databind.deser.BeanDeserializerBase.deserializeFromObjectUsingNonDefault(BeanDeserializerBase.java:1287)
		at app//com.fasterxml.jackson.databind.deser.BeanDeserializer.deserializeFromObject(BeanDeserializer.java:326)
		at app//com.fasterxml.jackson.databind.deser.BeanDeserializer.deserialize(BeanDeserializer.java:159)
		at app//com.fasterxml.jackson.databind.ObjectMapper._readMapAndClose(ObjectMapper.java:4013)
		at app//com.fasterxml.jackson.databind.ObjectMapper.readValue(ObjectMapper.java:3023)
		at app//au.com.firemarklabs.nt.NoteDeserializable.deserialize(NoteDeserializable.kt:12)
		at app//au.com.firemarklabs.nt.NoteDeserializable.deserialize(NoteDeserializable.kt:7)
		at app//com.github.kittinunf.fuel.core.ResponseDeserializable$DefaultImpls.deserialize(Deserializable.kt:43)
		at app//au.com.firemarklabs.nt.NoteDeserializable.deserialize(NoteDeserializable.kt:7)
		at app//au.com.firemarklabs.nt.NoteDeserializable.deserialize(NoteDeserializable.kt:7)
		at app//com.github.kittinunf.fuel.core.DeserializableKt.awaitResponse(Deserializable.kt:256)
		at app//au.com.firemarklabs.nt.NTClient$asyncInsert$$inlined$awaitObjectResponse$1.invokeSuspend(Coroutines.kt:68)
		at app//kotlin.coroutines.jvm.internal.BaseContinuationImpl.resumeWith(ContinuationImpl.kt:33)
		at app//kotlinx.coroutines.DispatchedTask.run(DispatchedTask.kt:56)
		at app//kotlinx.coroutines.scheduling.CoroutineScheduler.runSafely(CoroutineScheduler.kt:561)
		at app//kotlinx.coroutines.scheduling.CoroutineScheduler$Worker.executeTask(CoroutineScheduler.kt:727)
		at app//kotlinx.coroutines.scheduling.CoroutineScheduler$Worker.runWorker(CoroutineScheduler.kt:667)
		at app//kotlinx.coroutines.scheduling.CoroutineScheduler$Worker.run(CoroutineScheduler.kt:655)
	Suppressed: Instantiation of [simple type, class au.com.firemarklabs.nt.Note] value failed for JSON property content due to missing (therefore NULL) value for creator parameter content which is a non-nullable type
 at [Source: (String)&quot;{&quot;status&quot;:&quot;success&quot;,&quot;note&quot;:{&quot;tag&quot;:[&quot;performance&quot;],&quot;_id&quot;:&quot;614c1b8bceece30015ab9cf6&quot;,&quot;content&quot;:&quot;Note 121&quot;,&quot;__v&quot;:0}}&quot;; line: 1, column: 113] (through reference chain: au.com.firemarklabs.nt.Note[&quot;content&quot;])
	com.github.kittinunf.fuel.core.FuelError$Companion.wrap(FuelError.kt:86)
	com.github.kittinunf.fuel.core.DeserializableKt.awaitResponse(Deserializable.kt:257)
Caused by: com.fasterxml.jackson.module.kotlin.MissingKotlinParameterException: Instantiation of [simple type, class au.com.firemarklabs.nt.Note] value failed for JSON property content due to missing (therefore NULL) value for creator parameter content which is a non-nullable type
 at [Source: (String)&quot;{&quot;status&quot;:&quot;success&quot;,&quot;note&quot;:{&quot;tag&quot;:[&quot;performance&quot;],&quot;_id&quot;:&quot;614c1b8bceece30015ab9cf6&quot;,&quot;content&quot;:&quot;Note 121&quot;,&quot;__v&quot;:0}}&quot;; line: 1, column: 113] (through reference chain: au.com.firemarklabs.nt.Note[&quot;content&quot;])
	com.fasterxml.jackson.module.kotlin.KotlinValueInstantiator.createFromObjectWith(KotlinValueInstantiator.kt:107)
	com.fasterxml.jackson.databind.deser.impl.PropertyBasedCreator.build(PropertyBasedCreator.java:195)
	com.fasterxml.jackson.databind.deser.BeanDeserializer._deserializeUsingPropertyBased(BeanDeserializer.java:488)
	com.fasterxml.jackson.databind.deser.BeanDeserializerBase.deserializeFromObjectUsingNonDefault(BeanDeserializerBase.java:1287)
	com.fasterxml.jackson.databind.deser.BeanDeserializer.deserializeFromObject(BeanDeserializer.java:326)
	com.fasterxml.jackson.databind.deser.BeanDeserializer.deserialize(BeanDeserializer.java:159)
	com.fasterxml.jackson.databind.ObjectMapper._readMapAndClose(ObjectMapper.java:4013)
	com.fasterxml.jackson.databind.ObjectMapper.readValue(ObjectMapper.java:3023)
	au.com.firemarklabs.nt.NoteDeserializable.deserialize(NoteDeserializable.kt:12)
	au.com.firemarklabs.nt.NoteDeserializable.deserialize(NoteDeserializable.kt:7)
	com.github.kittinunf.fuel.core.ResponseDeserializable$DefaultImpls.deserialize(Deserializable.kt:43)
	au.com.firemarklabs.nt.NoteDeserializable.deserialize(NoteDeserializable.kt:7)
	au.com.firemarklabs.nt.NoteDeserializable.deserialize(NoteDeserializable.kt:7)
	com.github.kittinunf.fuel.core.DeserializableKt.awaitResponse(Deserializable.kt:256)
	au.com.firemarklabs.nt.NTClient$asyncInsert$$inlined$awaitObjectResponse$1.invokeSuspend(Coroutines.kt:68)
	kotlin.coroutines.jvm.internal.BaseContinuationImpl.resumeWith(ContinuationImpl.kt:33)
	kotlinx.coroutines.DispatchedTask.run(DispatchedTask.kt:56)
	kotlinx.coroutines.scheduling.CoroutineScheduler.runSafely(CoroutineScheduler.kt:561)
	kotlinx.coroutines.scheduling.CoroutineScheduler$Worker.executeTask(CoroutineScheduler.kt:727)
	kotlinx.coroutines.scheduling.CoroutineScheduler$Worker.runWorker(CoroutineScheduler.kt:667)
	kotlinx.coroutines.scheduling.CoroutineScheduler$Worker.run(CoroutineScheduler.kt:655)

		... 2 more
	Caused by: com.fasterxml.jackson.module.kotlin.MissingKotlinParameterException: Instantiation of [simple type, class au.com.firemarklabs.nt.Note] value failed for JSON property content due to missing (therefore NULL) value for creator parameter content which is a non-nullable type
 at [Source: (String)&quot;{&quot;status&quot;:&quot;success&quot;,&quot;note&quot;:{&quot;tag&quot;:[&quot;performance&quot;],&quot;_id&quot;:&quot;614c1b8bceece30015ab9cf6&quot;,&quot;content&quot;:&quot;Note 121&quot;,&quot;__v&quot;:0}}&quot;; line: 1, column: 113] (through reference chain: au.com.firemarklabs.nt.Note[&quot;content&quot;])
		at app//com.fasterxml.jackson.module.kotlin.KotlinValueInstantiator.createFromObjectWith(KotlinValueInstantiator.kt:107)
		at app//com.fasterxml.jackson.databind.deser.impl.PropertyBasedCreator.build(PropertyBasedCreator.java:195)
		at app//com.fasterxml.jackson.databind.deser.BeanDeserializer._deserializeUsingPropertyBased(BeanDeserializer.java:488)
		at app//com.fasterxml.jackson.databind.deser.BeanDeserializerBase.deserializeFromObjectUsingNonDefault(BeanDeserializerBase.java:1287)
		at app//com.fasterxml.jackson.databind.deser.BeanDeserializer.deserializeFromObject(BeanDeserializer.java:326)
		at app//com.fasterxml.jackson.databind.deser.BeanDeserializer.deserialize(BeanDeserializer.java:159)
		at app//com.fasterxml.jackson.databind.ObjectMapper._readMapAndClose(ObjectMapper.java:4013)
		at app//com.fasterxml.jackson.databind.ObjectMapper.readValue(ObjectMapper.java:3023)
		at app//au.com.firemarklabs.nt.NoteDeserializable.deserialize(NoteDeserializable.kt:12)
		at app//au.com.firemarklabs.nt.NoteDeserializable.deserialize(NoteDeserializable.kt:7)
		at app//com.github.kittinunf.fuel.core.ResponseDeserializable$DefaultImpls.deserialize(Deserializable.kt:43)
		at app//au.com.firemarklabs.nt.NoteDeserializable.deserialize(NoteDeserializable.kt:7)
		at app//au.com.firemarklabs.nt.NoteDeserializable.deserialize(NoteDeserializable.kt:7)
		at app//com.github.kittinunf.fuel.core.DeserializableKt.awaitResponse(Deserializable.kt:256)
		at app//au.com.firemarklabs.nt.NTClient$asyncInsert$$inlined$awaitObjectResponse$1.invokeSuspend(Coroutines.kt:68)
		at app//kotlin.coroutines.jvm.internal.BaseContinuationImpl.resumeWith(ContinuationImpl.kt:33)
		at app//kotlinx.coroutines.DispatchedTask.run(DispatchedTask.kt:56)
		at app//kotlinx.coroutines.scheduling.CoroutineScheduler.runSafely(CoroutineScheduler.kt:561)
		at app//kotlinx.coroutines.scheduling.CoroutineScheduler$Worker.executeTask(CoroutineScheduler.kt:727)
		at app//kotlinx.coroutines.scheduling.CoroutineScheduler$Worker.runWorker(CoroutineScheduler.kt:667)
		at app//kotlinx.coroutines.scheduling.CoroutineScheduler$Worker.run(CoroutineScheduler.kt:655)
	Suppressed: Instantiation of [simple type, class au.com.firemarklabs.nt.Note] value failed for JSON property content due to missing (therefore NULL) value for creator parameter content which is a non-nullable type
 at [Source: (String)&quot;{&quot;status&quot;:&quot;success&quot;,&quot;note&quot;:{&quot;tag&quot;:[&quot;performance&quot;],&quot;_id&quot;:&quot;614c1b8bceece30015ab9ced&quot;,&quot;content&quot;:&quot;Note 112&quot;,&quot;__v&quot;:0}}&quot;; line: 1, column: 113] (through reference chain: au.com.firemarklabs.nt.Note[&quot;content&quot;])
	com.github.kittinunf.fuel.core.FuelError$Companion.wrap(FuelError.kt:86)
	com.github.kittinunf.fuel.core.DeserializableKt.awaitResponse(Deserializable.kt:257)
Caused by: com.fasterxml.jackson.module.kotlin.MissingKotlinParameterException: Instantiation of [simple type, class au.com.firemarklabs.nt.Note] value failed for JSON property content due to missing (therefore NULL) value for creator parameter content which is a non-nullable type
 at [Source: (String)&quot;{&quot;status&quot;:&quot;success&quot;,&quot;note&quot;:{&quot;tag&quot;:[&quot;performance&quot;],&quot;_id&quot;:&quot;614c1b8bceece30015ab9ced&quot;,&quot;content&quot;:&quot;Note 112&quot;,&quot;__v&quot;:0}}&quot;; line: 1, column: 113] (through reference chain: au.com.firemarklabs.nt.Note[&quot;content&quot;])
	com.fasterxml.jackson.module.kotlin.KotlinValueInstantiator.createFromObjectWith(KotlinValueInstantiator.kt:107)
	com.fasterxml.jackson.databind.deser.impl.PropertyBasedCreator.build(PropertyBasedCreator.java:195)
	com.fasterxml.jackson.databind.deser.BeanDeserializer._deserializeUsingPropertyBased(BeanDeserializer.java:488)
	com.fasterxml.jackson.databind.deser.BeanDeserializerBase.deserializeFromObjectUsingNonDefault(BeanDeserializerBase.java:1287)
	com.fasterxml.jackson.databind.deser.BeanDeserializer.deserializeFromObject(BeanDeserializer.java:326)
	com.fasterxml.jackson.databind.deser.BeanDeserializer.deserialize(BeanDeserializer.java:159)
	com.fasterxml.jackson.databind.ObjectMapper._readMapAndClose(ObjectMapper.java:4013)
	com.fasterxml.jackson.databind.ObjectMapper.readValue(ObjectMapper.java:3023)
	au.com.firemarklabs.nt.NoteDeserializable.deserialize(NoteDeserializable.kt:12)
	au.com.firemarklabs.nt.NoteDeserializable.deserialize(NoteDeserializable.kt:7)
	com.github.kittinunf.fuel.core.ResponseDeserializable$DefaultImpls.deserialize(Deserializable.kt:43)
	au.com.firemarklabs.nt.NoteDeserializable.deserialize(NoteDeserializable.kt:7)
	au.com.firemarklabs.nt.NoteDeserializable.deserialize(NoteDeserializable.kt:7)
	com.github.kittinunf.fuel.core.DeserializableKt.awaitResponse(Deserializable.kt:256)
	au.com.firemarklabs.nt.NTClient$asyncInsert$$inlined$awaitObjectResponse$1.invokeSuspend(Coroutines.kt:68)
	kotlin.coroutines.jvm.internal.BaseContinuationImpl.resumeWith(ContinuationImpl.kt:33)
	kotlinx.coroutines.DispatchedTask.run(DispatchedTask.kt:56)
	kotlinx.coroutines.scheduling.CoroutineScheduler.runSafely(CoroutineScheduler.kt:561)
	kotlinx.coroutines.scheduling.CoroutineScheduler$Worker.executeTask(CoroutineScheduler.kt:727)
	kotlinx.coroutines.scheduling.CoroutineScheduler$Worker.runWorker(CoroutineScheduler.kt:667)
	kotlinx.coroutines.scheduling.CoroutineScheduler$Worker.run(CoroutineScheduler.kt:655)

		... 2 more
	Caused by: com.fasterxml.jackson.module.kotlin.MissingKotlinParameterException: Instantiation of [simple type, class au.com.firemarklabs.nt.Note] value failed for JSON property content due to missing (therefore NULL) value for creator parameter content which is a non-nullable type
 at [Source: (String)&quot;{&quot;status&quot;:&quot;success&quot;,&quot;note&quot;:{&quot;tag&quot;:[&quot;performance&quot;],&quot;_id&quot;:&quot;614c1b8bceece30015ab9ced&quot;,&quot;content&quot;:&quot;Note 112&quot;,&quot;__v&quot;:0}}&quot;; line: 1, column: 113] (through reference chain: au.com.firemarklabs.nt.Note[&quot;content&quot;])
		at app//com.fasterxml.jackson.module.kotlin.KotlinValueInstantiator.createFromObjectWith(KotlinValueInstantiator.kt:107)
		at app//com.fasterxml.jackson.databind.deser.impl.PropertyBasedCreator.build(PropertyBasedCreator.java:195)
		at app//com.fasterxml.jackson.databind.deser.BeanDeserializer._deserializeUsingPropertyBased(BeanDeserializer.java:488)
		at app//com.fasterxml.jackson.databind.deser.BeanDeserializerBase.deserializeFromObjectUsingNonDefault(BeanDeserializerBase.java:1287)
		at app//com.fasterxml.jackson.databind.deser.BeanDeserializer.deserializeFromObject(BeanDeserializer.java:326)
		at app//com.fasterxml.jackson.databind.deser.BeanDeserializer.deserialize(BeanDeserializer.java:159)
		at app//com.fasterxml.jackson.databind.ObjectMapper._readMapAndClose(ObjectMapper.java:4013)
		at app//com.fasterxml.jackson.databind.ObjectMapper.readValue(ObjectMapper.java:3023)
		at app//au.com.firemarklabs.nt.NoteDeserializable.deserialize(NoteDeserializable.kt:12)
		at app//au.com.firemarklabs.nt.NoteDeserializable.deserialize(NoteDeserializable.kt:7)
		at app//com.github.kittinunf.fuel.core.ResponseDeserializable$DefaultImpls.deserialize(Deserializable.kt:43)
		at app//au.com.firemarklabs.nt.NoteDeserializable.deserialize(NoteDeserializable.kt:7)
		at app//au.com.firemarklabs.nt.NoteDeserializable.deserialize(NoteDeserializable.kt:7)
		at app//com.github.kittinunf.fuel.core.DeserializableKt.awaitResponse(Deserializable.kt:256)
		at app//au.com.firemarklabs.nt.NTClient$asyncInsert$$inlined$awaitObjectResponse$1.invokeSuspend(Coroutines.kt:68)
		at app//kotlin.coroutines.jvm.internal.BaseContinuationImpl.resumeWith(ContinuationImpl.kt:33)
		at app//kotlinx.coroutines.DispatchedTask.run(DispatchedTask.kt:56)
		at app//kotlinx.coroutines.scheduling.CoroutineScheduler.runSafely(CoroutineScheduler.kt:561)
		at app//kotlinx.coroutines.scheduling.CoroutineScheduler$Worker.executeTask(CoroutineScheduler.kt:727)
		at app//kotlinx.coroutines.scheduling.CoroutineScheduler$Worker.runWorker(CoroutineScheduler.kt:667)
		at app//kotlinx.coroutines.scheduling.CoroutineScheduler$Worker.run(CoroutineScheduler.kt:655)
	Suppressed: Instantiation of [simple type, class au.com.firemarklabs.nt.Note] value failed for JSON property content due to missing (therefore NULL) value for creator parameter content which is a non-nullable type
 at [Source: (String)&quot;{&quot;status&quot;:&quot;success&quot;,&quot;note&quot;:{&quot;tag&quot;:[&quot;performance&quot;],&quot;_id&quot;:&quot;614c1b8bceece30015ab9cfc&quot;,&quot;content&quot;:&quot;Note 122&quot;,&quot;__v&quot;:0}}&quot;; line: 1, column: 113] (through reference chain: au.com.firemarklabs.nt.Note[&quot;content&quot;])
	com.github.kittinunf.fuel.core.FuelError$Companion.wrap(FuelError.kt:86)
	com.github.kittinunf.fuel.core.DeserializableKt.awaitResponse(Deserializable.kt:257)
Caused by: com.fasterxml.jackson.module.kotlin.MissingKotlinParameterException: Instantiation of [simple type, class au.com.firemarklabs.nt.Note] value failed for JSON property content due to missing (therefore NULL) value for creator parameter content which is a non-nullable type
 at [Source: (String)&quot;{&quot;status&quot;:&quot;success&quot;,&quot;note&quot;:{&quot;tag&quot;:[&quot;performance&quot;],&quot;_id&quot;:&quot;614c1b8bceece30015ab9cfc&quot;,&quot;content&quot;:&quot;Note 122&quot;,&quot;__v&quot;:0}}&quot;; line: 1, column: 113] (through reference chain: au.com.firemarklabs.nt.Note[&quot;content&quot;])
	com.fasterxml.jackson.module.kotlin.KotlinValueInstantiator.createFromObjectWith(KotlinValueInstantiator.kt:107)
	com.fasterxml.jackson.databind.deser.impl.PropertyBasedCreator.build(PropertyBasedCreator.java:195)
	com.fasterxml.jackson.databind.deser.BeanDeserializer._deserializeUsingPropertyBased(BeanDeserializer.java:488)
	com.fasterxml.jackson.databind.deser.BeanDeserializerBase.deserializeFromObjectUsingNonDefault(BeanDeserializerBase.java:1287)
	com.fasterxml.jackson.databind.deser.BeanDeserializer.deserializeFromObject(BeanDeserializer.java:326)
	com.fasterxml.jackson.databind.deser.BeanDeserializer.deserialize(BeanDeserializer.java:159)
	com.fasterxml.jackson.databind.ObjectMapper._readMapAndClose(ObjectMapper.java:4013)
	com.fasterxml.jackson.databind.ObjectMapper.readValue(ObjectMapper.java:3023)
	au.com.firemarklabs.nt.NoteDeserializable.deserialize(NoteDeserializable.kt:12)
	au.com.firemarklabs.nt.NoteDeserializable.deserialize(NoteDeserializable.kt:7)
	com.github.kittinunf.fuel.core.ResponseDeserializable$DefaultImpls.deserialize(Deserializable.kt:43)
	au.com.firemarklabs.nt.NoteDeserializable.deserialize(NoteDeserializable.kt:7)
	au.com.firemarklabs.nt.NoteDeserializable.deserialize(NoteDeserializable.kt:7)
	com.github.kittinunf.fuel.core.DeserializableKt.awaitResponse(Deserializable.kt:256)
	au.com.firemarklabs.nt.NTClient$asyncInsert$$inlined$awaitObjectResponse$1.invokeSuspend(Coroutines.kt:68)
	kotlin.coroutines.jvm.internal.BaseContinuationImpl.resumeWith(ContinuationImpl.kt:33)
	kotlinx.coroutines.DispatchedTask.run(DispatchedTask.kt:56)
	kotlinx.coroutines.scheduling.CoroutineScheduler.runSafely(CoroutineScheduler.kt:561)
	kotlinx.coroutines.scheduling.CoroutineScheduler$Worker.executeTask(CoroutineScheduler.kt:727)
	kotlinx.coroutines.scheduling.CoroutineScheduler$Worker.runWorker(CoroutineScheduler.kt:667)
	kotlinx.coroutines.scheduling.CoroutineScheduler$Worker.run(CoroutineScheduler.kt:655)

		... 2 more
	Caused by: com.fasterxml.jackson.module.kotlin.MissingKotlinParameterException: Instantiation of [simple type, class au.com.firemarklabs.nt.Note] value failed for JSON property content due to missing (therefore NULL) value for creator parameter content which is a non-nullable type
 at [Source: (String)&quot;{&quot;status&quot;:&quot;success&quot;,&quot;note&quot;:{&quot;tag&quot;:[&quot;performance&quot;],&quot;_id&quot;:&quot;614c1b8bceece30015ab9cfc&quot;,&quot;content&quot;:&quot;Note 122&quot;,&quot;__v&quot;:0}}&quot;; line: 1, column: 113] (through reference chain: au.com.firemarklabs.nt.Note[&quot;content&quot;])
		at app//com.fasterxml.jackson.module.kotlin.KotlinValueInstantiator.createFromObjectWith(KotlinValueInstantiator.kt:107)
		at app//com.fasterxml.jackson.databind.deser.impl.PropertyBasedCreator.build(PropertyBasedCreator.java:195)
		at app//com.fasterxml.jackson.databind.deser.BeanDeserializer._deserializeUsingPropertyBased(BeanDeserializer.java:488)
		at app//com.fasterxml.jackson.databind.deser.BeanDeserializerBase.deserializeFromObjectUsingNonDefault(BeanDeserializerBase.java:1287)
		at app//com.fasterxml.jackson.databind.deser.BeanDeserializer.deserializeFromObject(BeanDeserializer.java:326)
		at app//com.fasterxml.jackson.databind.deser.BeanDeserializer.deserialize(BeanDeserializer.java:159)
		at app//com.fasterxml.jackson.databind.ObjectMapper._readMapAndClose(ObjectMapper.java:4013)
		at app//com.fasterxml.jackson.databind.ObjectMapper.readValue(ObjectMapper.java:3023)
		at app//au.com.firemarklabs.nt.NoteDeserializable.deserialize(NoteDeserializable.kt:12)
		at app//au.com.firemarklabs.nt.NoteDeserializable.deserialize(NoteDeserializable.kt:7)
		at app//com.github.kittinunf.fuel.core.ResponseDeserializable$DefaultImpls.deserialize(Deserializable.kt:43)
		at app//au.com.firemarklabs.nt.NoteDeserializable.deserialize(NoteDeserializable.kt:7)
		at app//au.com.firemarklabs.nt.NoteDeserializable.deserialize(NoteDeserializable.kt:7)
		at app//com.github.kittinunf.fuel.core.DeserializableKt.awaitResponse(Deserializable.kt:256)
		at app//au.com.firemarklabs.nt.NTClient$asyncInsert$$inlined$awaitObjectResponse$1.invokeSuspend(Coroutines.kt:68)
		at app//kotlin.coroutines.jvm.internal.BaseContinuationImpl.resumeWith(ContinuationImpl.kt:33)
		at app//kotlinx.coroutines.DispatchedTask.run(DispatchedTask.kt:56)
		at app//kotlinx.coroutines.scheduling.CoroutineScheduler.runSafely(CoroutineScheduler.kt:561)
		at app//kotlinx.coroutines.scheduling.CoroutineScheduler$Worker.executeTask(CoroutineScheduler.kt:727)
		at app//kotlinx.coroutines.scheduling.CoroutineScheduler$Worker.runWorker(CoroutineScheduler.kt:667)
		at app//kotlinx.coroutines.scheduling.CoroutineScheduler$Worker.run(CoroutineScheduler.kt:655)
	Suppressed: Instantiation of [simple type, class au.com.firemarklabs.nt.Note] value failed for JSON property content due to missing (therefore NULL) value for creator parameter content which is a non-nullable type
 at [Source: (String)&quot;{&quot;status&quot;:&quot;success&quot;,&quot;note&quot;:{&quot;tag&quot;:[&quot;performance&quot;],&quot;_id&quot;:&quot;614c1b8bceece30015ab9cfd&quot;,&quot;content&quot;:&quot;Note 123&quot;,&quot;__v&quot;:0}}&quot;; line: 1, column: 113] (through reference chain: au.com.firemarklabs.nt.Note[&quot;content&quot;])
	com.github.kittinunf.fuel.core.FuelError$Companion.wrap(FuelError.kt:86)
	com.github.kittinunf.fuel.core.DeserializableKt.awaitResponse(Deserializable.kt:257)
Caused by: com.fasterxml.jackson.module.kotlin.MissingKotlinParameterException: Instantiation of [simple type, class au.com.firemarklabs.nt.Note] value failed for JSON property content due to missing (therefore NULL) value for creator parameter content which is a non-nullable type
 at [Source: (String)&quot;{&quot;status&quot;:&quot;success&quot;,&quot;note&quot;:{&quot;tag&quot;:[&quot;performance&quot;],&quot;_id&quot;:&quot;614c1b8bceece30015ab9cfd&quot;,&quot;content&quot;:&quot;Note 123&quot;,&quot;__v&quot;:0}}&quot;; line: 1, column: 113] (through reference chain: au.com.firemarklabs.nt.Note[&quot;content&quot;])
	com.fasterxml.jackson.module.kotlin.KotlinValueInstantiator.createFromObjectWith(KotlinValueInstantiator.kt:107)
	com.fasterxml.jackson.databind.deser.impl.PropertyBasedCreator.build(PropertyBasedCreator.java:195)
	com.fasterxml.jackson.databind.deser.BeanDeserializer._deserializeUsingPropertyBased(BeanDeserializer.java:488)
	com.fasterxml.jackson.databind.deser.BeanDeserializerBase.deserializeFromObjectUsingNonDefault(BeanDeserializerBase.java:1287)
	com.fasterxml.jackson.databind.deser.BeanDeserializer.deserializeFromObject(BeanDeserializer.java:326)
	com.fasterxml.jackson.databind.deser.BeanDeserializer.deserialize(BeanDeserializer.java:159)
	com.fasterxml.jackson.databind.ObjectMapper._readMapAndClose(ObjectMapper.java:4013)
	com.fasterxml.jackson.databind.ObjectMapper.readValue(ObjectMapper.java:3023)
	au.com.firemarklabs.nt.NoteDeserializable.deserialize(NoteDeserializable.kt:12)
	au.com.firemarklabs.nt.NoteDeserializable.deserialize(NoteDeserializable.kt:7)
	com.github.kittinunf.fuel.core.ResponseDeserializable$DefaultImpls.deserialize(Deserializable.kt:43)
	au.com.firemarklabs.nt.NoteDeserializable.deserialize(NoteDeserializable.kt:7)
	au.com.firemarklabs.nt.NoteDeserializable.deserialize(NoteDeserializable.kt:7)
	com.github.kittinunf.fuel.core.DeserializableKt.awaitResponse(Deserializable.kt:256)
	au.com.firemarklabs.nt.NTClient$asyncInsert$$inlined$awaitObjectResponse$1.invokeSuspend(Coroutines.kt:68)
	kotlin.coroutines.jvm.internal.BaseContinuationImpl.resumeWith(ContinuationImpl.kt:33)
	kotlinx.coroutines.DispatchedTask.run(DispatchedTask.kt:56)
	kotlinx.coroutines.scheduling.CoroutineScheduler.runSafely(CoroutineScheduler.kt:561)
	kotlinx.coroutines.scheduling.CoroutineScheduler$Worker.executeTask(CoroutineScheduler.kt:727)
	kotlinx.coroutines.scheduling.CoroutineScheduler$Worker.runWorker(CoroutineScheduler.kt:667)
	kotlinx.coroutines.scheduling.CoroutineScheduler$Worker.run(CoroutineScheduler.kt:655)

		... 2 more
	Caused by: com.fasterxml.jackson.module.kotlin.MissingKotlinParameterException: Instantiation of [simple type, class au.com.firemarklabs.nt.Note] value failed for JSON property content due to missing (therefore NULL) value for creator parameter content which is a non-nullable type
 at [Source: (String)&quot;{&quot;status&quot;:&quot;success&quot;,&quot;note&quot;:{&quot;tag&quot;:[&quot;performance&quot;],&quot;_id&quot;:&quot;614c1b8bceece30015ab9cfd&quot;,&quot;content&quot;:&quot;Note 123&quot;,&quot;__v&quot;:0}}&quot;; line: 1, column: 113] (through reference chain: au.com.firemarklabs.nt.Note[&quot;content&quot;])
		at app//com.fasterxml.jackson.module.kotlin.KotlinValueInstantiator.createFromObjectWith(KotlinValueInstantiator.kt:107)
		at app//com.fasterxml.jackson.databind.deser.impl.PropertyBasedCreator.build(PropertyBasedCreator.java:195)
		at app//com.fasterxml.jackson.databind.deser.BeanDeserializer._deserializeUsingPropertyBased(BeanDeserializer.java:488)
		at app//com.fasterxml.jackson.databind.deser.BeanDeserializerBase.deserializeFromObjectUsingNonDefault(BeanDeserializerBase.java:1287)
		at app//com.fasterxml.jackson.databind.deser.BeanDeserializer.deserializeFromObject(BeanDeserializer.java:326)
		at app//com.fasterxml.jackson.databind.deser.BeanDeserializer.deserialize(BeanDeserializer.java:159)
		at app//com.fasterxml.jackson.databind.ObjectMapper._readMapAndClose(ObjectMapper.java:4013)
		at app//com.fasterxml.jackson.databind.ObjectMapper.readValue(ObjectMapper.java:3023)
		at app//au.com.firemarklabs.nt.NoteDeserializable.deserialize(NoteDeserializable.kt:12)
		at app//au.com.firemarklabs.nt.NoteDeserializable.deserialize(NoteDeserializable.kt:7)
		at app//com.github.kittinunf.fuel.core.ResponseDeserializable$DefaultImpls.deserialize(Deserializable.kt:43)
		at app//au.com.firemarklabs.nt.NoteDeserializable.deserialize(NoteDeserializable.kt:7)
		at app//au.com.firemarklabs.nt.NoteDeserializable.deserialize(NoteDeserializable.kt:7)
		at app//com.github.kittinunf.fuel.core.DeserializableKt.awaitResponse(Deserializable.kt:256)
		at app//au.com.firemarklabs.nt.NTClient$asyncInsert$$inlined$awaitObjectResponse$1.invokeSuspend(Coroutines.kt:68)
		at app//kotlin.coroutines.jvm.internal.BaseContinuationImpl.resumeWith(ContinuationImpl.kt:33)
		at app//kotlinx.coroutines.DispatchedTask.run(DispatchedTask.kt:56)
		at app//kotlinx.coroutines.scheduling.CoroutineScheduler.runSafely(CoroutineScheduler.kt:561)
		at app//kotlinx.coroutines.scheduling.CoroutineScheduler$Worker.executeTask(CoroutineScheduler.kt:727)
		at app//kotlinx.coroutines.scheduling.CoroutineScheduler$Worker.runWorker(CoroutineScheduler.kt:667)
		at app//kotlinx.coroutines.scheduling.CoroutineScheduler$Worker.run(CoroutineScheduler.kt:655)
	Suppressed: Instantiation of [simple type, class au.com.firemarklabs.nt.Note] value failed for JSON property content due to missing (therefore NULL) value for creator parameter content which is a non-nullable type
 at [Source: (String)&quot;{&quot;status&quot;:&quot;success&quot;,&quot;note&quot;:{&quot;tag&quot;:[&quot;performance&quot;],&quot;_id&quot;:&quot;614c1b8bceece30015ab9cfe&quot;,&quot;content&quot;:&quot;Note 124&quot;,&quot;__v&quot;:0}}&quot;; line: 1, column: 113] (through reference chain: au.com.firemarklabs.nt.Note[&quot;content&quot;])
	com.github.kittinunf.fuel.core.FuelError$Companion.wrap(FuelError.kt:86)
	com.github.kittinunf.fuel.core.DeserializableKt.awaitResponse(Deserializable.kt:257)
Caused by: com.fasterxml.jackson.module.kotlin.MissingKotlinParameterException: Instantiation of [simple type, class au.com.firemarklabs.nt.Note] value failed for JSON property content due to missing (therefore NULL) value for creator parameter content which is a non-nullable type
 at [Source: (String)&quot;{&quot;status&quot;:&quot;success&quot;,&quot;note&quot;:{&quot;tag&quot;:[&quot;performance&quot;],&quot;_id&quot;:&quot;614c1b8bceece30015ab9cfe&quot;,&quot;content&quot;:&quot;Note 124&quot;,&quot;__v&quot;:0}}&quot;; line: 1, column: 113] (through reference chain: au.com.firemarklabs.nt.Note[&quot;content&quot;])
	com.fasterxml.jackson.module.kotlin.KotlinValueInstantiator.createFromObjectWith(KotlinValueInstantiator.kt:107)
	com.fasterxml.jackson.databind.deser.impl.PropertyBasedCreator.build(PropertyBasedCreator.java:195)
	com.fasterxml.jackson.databind.deser.BeanDeserializer._deserializeUsingPropertyBased(BeanDeserializer.java:488)
	com.fasterxml.jackson.databind.deser.BeanDeserializerBase.deserializeFromObjectUsingNonDefault(BeanDeserializerBase.java:1287)
	com.fasterxml.jackson.databind.deser.BeanDeserializer.deserializeFromObject(BeanDeserializer.java:326)
	com.fasterxml.jackson.databind.deser.BeanDeserializer.deserialize(BeanDeserializer.java:159)
	com.fasterxml.jackson.databind.ObjectMapper._readMapAndClose(ObjectMapper.java:4013)
	com.fasterxml.jackson.databind.ObjectMapper.readValue(ObjectMapper.java:3023)
	au.com.firemarklabs.nt.NoteDeserializable.deserialize(NoteDeserializable.kt:12)
	au.com.firemarklabs.nt.NoteDeserializable.deserialize(NoteDeserializable.kt:7)
	com.github.kittinunf.fuel.core.ResponseDeserializable$DefaultImpls.deserialize(Deserializable.kt:43)
	au.com.firemarklabs.nt.NoteDeserializable.deserialize(NoteDeserializable.kt:7)
	au.com.firemarklabs.nt.NoteDeserializable.deserialize(NoteDeserializable.kt:7)
	com.github.kittinunf.fuel.core.DeserializableKt.awaitResponse(Deserializable.kt:256)
	au.com.firemarklabs.nt.NTClient$asyncInsert$$inlined$awaitObjectResponse$1.invokeSuspend(Coroutines.kt:68)
	kotlin.coroutines.jvm.internal.BaseContinuationImpl.resumeWith(ContinuationImpl.kt:33)
	kotlinx.coroutines.DispatchedTask.run(DispatchedTask.kt:56)
	kotlinx.coroutines.scheduling.CoroutineScheduler.runSafely(CoroutineScheduler.kt:561)
	kotlinx.coroutines.scheduling.CoroutineScheduler$Worker.executeTask(CoroutineScheduler.kt:727)
	kotlinx.coroutines.scheduling.CoroutineScheduler$Worker.runWorker(CoroutineScheduler.kt:667)
	kotlinx.coroutines.scheduling.CoroutineScheduler$Worker.run(CoroutineScheduler.kt:655)

		... 2 more
	Caused by: com.fasterxml.jackson.module.kotlin.MissingKotlinParameterException: Instantiation of [simple type, class au.com.firemarklabs.nt.Note] value failed for JSON property content due to missing (therefore NULL) value for creator parameter content which is a non-nullable type
 at [Source: (String)&quot;{&quot;status&quot;:&quot;success&quot;,&quot;note&quot;:{&quot;tag&quot;:[&quot;performance&quot;],&quot;_id&quot;:&quot;614c1b8bceece30015ab9cfe&quot;,&quot;content&quot;:&quot;Note 124&quot;,&quot;__v&quot;:0}}&quot;; line: 1, column: 113] (through reference chain: au.com.firemarklabs.nt.Note[&quot;content&quot;])
		at app//com.fasterxml.jackson.module.kotlin.KotlinValueInstantiator.createFromObjectWith(KotlinValueInstantiator.kt:107)
		at app//com.fasterxml.jackson.databind.deser.impl.PropertyBasedCreator.build(PropertyBasedCreator.java:195)
		at app//com.fasterxml.jackson.databind.deser.BeanDeserializer._deserializeUsingPropertyBased(BeanDeserializer.java:488)
		at app//com.fasterxml.jackson.databind.deser.BeanDeserializerBase.deserializeFromObjectUsingNonDefault(BeanDeserializerBase.java:1287)
		at app//com.fasterxml.jackson.databind.deser.BeanDeserializer.deserializeFromObject(BeanDeserializer.java:326)
		at app//com.fasterxml.jackson.databind.deser.BeanDeserializer.deserialize(BeanDeserializer.java:159)
		at app//com.fasterxml.jackson.databind.ObjectMapper._readMapAndClose(ObjectMapper.java:4013)
		at app//com.fasterxml.jackson.databind.ObjectMapper.readValue(ObjectMapper.java:3023)
		at app//au.com.firemarklabs.nt.NoteDeserializable.deserialize(NoteDeserializable.kt:12)
		at app//au.com.firemarklabs.nt.NoteDeserializable.deserialize(NoteDeserializable.kt:7)
		at app//com.github.kittinunf.fuel.core.ResponseDeserializable$DefaultImpls.deserialize(Deserializable.kt:43)
		at app//au.com.firemarklabs.nt.NoteDeserializable.deserialize(NoteDeserializable.kt:7)
		at app//au.com.firemarklabs.nt.NoteDeserializable.deserialize(NoteDeserializable.kt:7)
		at app//com.github.kittinunf.fuel.core.DeserializableKt.awaitResponse(Deserializable.kt:256)
		at app//au.com.firemarklabs.nt.NTClient$asyncInsert$$inlined$awaitObjectResponse$1.invokeSuspend(Coroutines.kt:68)
		at app//kotlin.coroutines.jvm.internal.BaseContinuationImpl.resumeWith(ContinuationImpl.kt:33)
		at app//kotlinx.coroutines.DispatchedTask.run(DispatchedTask.kt:56)
		at app//kotlinx.coroutines.scheduling.CoroutineScheduler.runSafely(CoroutineScheduler.kt:561)
		at app//kotlinx.coroutines.scheduling.CoroutineScheduler$Worker.executeTask(CoroutineScheduler.kt:727)
		at app//kotlinx.coroutines.scheduling.CoroutineScheduler$Worker.runWorker(CoroutineScheduler.kt:667)
		at app//kotlinx.coroutines.scheduling.CoroutineScheduler$Worker.run(CoroutineScheduler.kt:655)
	Suppressed: Instantiation of [simple type, class au.com.firemarklabs.nt.Note] value failed for JSON property content due to missing (therefore NULL) value for creator parameter content which is a non-nullable type
 at [Source: (String)&quot;{&quot;status&quot;:&quot;success&quot;,&quot;note&quot;:{&quot;tag&quot;:[&quot;performance&quot;],&quot;_id&quot;:&quot;614c1b8bceece30015ab9cff&quot;,&quot;content&quot;:&quot;Note 125&quot;,&quot;__v&quot;:0}}&quot;; line: 1, column: 113] (through reference chain: au.com.firemarklabs.nt.Note[&quot;content&quot;])
	com.github.kittinunf.fuel.core.FuelError$Companion.wrap(FuelError.kt:86)
	com.github.kittinunf.fuel.core.DeserializableKt.awaitResponse(Deserializable.kt:257)
Caused by: com.fasterxml.jackson.module.kotlin.MissingKotlinParameterException: Instantiation of [simple type, class au.com.firemarklabs.nt.Note] value failed for JSON property content due to missing (therefore NULL) value for creator parameter content which is a non-nullable type
 at [Source: (String)&quot;{&quot;status&quot;:&quot;success&quot;,&quot;note&quot;:{&quot;tag&quot;:[&quot;performance&quot;],&quot;_id&quot;:&quot;614c1b8bceece30015ab9cff&quot;,&quot;content&quot;:&quot;Note 125&quot;,&quot;__v&quot;:0}}&quot;; line: 1, column: 113] (through reference chain: au.com.firemarklabs.nt.Note[&quot;content&quot;])
	com.fasterxml.jackson.module.kotlin.KotlinValueInstantiator.createFromObjectWith(KotlinValueInstantiator.kt:107)
	com.fasterxml.jackson.databind.deser.impl.PropertyBasedCreator.build(PropertyBasedCreator.java:195)
	com.fasterxml.jackson.databind.deser.BeanDeserializer._deserializeUsingPropertyBased(BeanDeserializer.java:488)
	com.fasterxml.jackson.databind.deser.BeanDeserializerBase.deserializeFromObjectUsingNonDefault(BeanDeserializerBase.java:1287)
	com.fasterxml.jackson.databind.deser.BeanDeserializer.deserializeFromObject(BeanDeserializer.java:326)
	com.fasterxml.jackson.databind.deser.BeanDeserializer.deserialize(BeanDeserializer.java:159)
	com.fasterxml.jackson.databind.ObjectMapper._readMapAndClose(ObjectMapper.java:4013)
	com.fasterxml.jackson.databind.ObjectMapper.readValue(ObjectMapper.java:3023)
	au.com.firemarklabs.nt.NoteDeserializable.deserialize(NoteDeserializable.kt:12)
	au.com.firemarklabs.nt.NoteDeserializable.deserialize(NoteDeserializable.kt:7)
	com.github.kittinunf.fuel.core.ResponseDeserializable$DefaultImpls.deserialize(Deserializable.kt:43)
	au.com.firemarklabs.nt.NoteDeserializable.deserialize(NoteDeserializable.kt:7)
	au.com.firemarklabs.nt.NoteDeserializable.deserialize(NoteDeserializable.kt:7)
	com.github.kittinunf.fuel.core.DeserializableKt.awaitResponse(Deserializable.kt:256)
	au.com.firemarklabs.nt.NTClient$asyncInsert$$inlined$awaitObjectResponse$1.invokeSuspend(Coroutines.kt:68)
	kotlin.coroutines.jvm.internal.BaseContinuationImpl.resumeWith(ContinuationImpl.kt:33)
	kotlinx.coroutines.DispatchedTask.run(DispatchedTask.kt:56)
	kotlinx.coroutines.scheduling.CoroutineScheduler.runSafely(CoroutineScheduler.kt:561)
	kotlinx.coroutines.scheduling.CoroutineScheduler$Worker.executeTask(CoroutineScheduler.kt:727)
	kotlinx.coroutines.scheduling.CoroutineScheduler$Worker.runWorker(CoroutineScheduler.kt:667)
	kotlinx.coroutines.scheduling.CoroutineScheduler$Worker.run(CoroutineScheduler.kt:655)

		... 2 more
	Caused by: com.fasterxml.jackson.module.kotlin.MissingKotlinParameterException: Instantiation of [simple type, class au.com.firemarklabs.nt.Note] value failed for JSON property content due to missing (therefore NULL) value for creator parameter content which is a non-nullable type
 at [Source: (String)&quot;{&quot;status&quot;:&quot;success&quot;,&quot;note&quot;:{&quot;tag&quot;:[&quot;performance&quot;],&quot;_id&quot;:&quot;614c1b8bceece30015ab9cff&quot;,&quot;content&quot;:&quot;Note 125&quot;,&quot;__v&quot;:0}}&quot;; line: 1, column: 113] (through reference chain: au.com.firemarklabs.nt.Note[&quot;content&quot;])
		at app//com.fasterxml.jackson.module.kotlin.KotlinValueInstantiator.createFromObjectWith(KotlinValueInstantiator.kt:107)
		at app//com.fasterxml.jackson.databind.deser.impl.PropertyBasedCreator.build(PropertyBasedCreator.java:195)
		at app//com.fasterxml.jackson.databind.deser.BeanDeserializer._deserializeUsingPropertyBased(BeanDeserializer.java:488)
		at app//com.fasterxml.jackson.databind.deser.BeanDeserializerBase.deserializeFromObjectUsingNonDefault(BeanDeserializerBase.java:1287)
		at app//com.fasterxml.jackson.databind.deser.BeanDeserializer.deserializeFromObject(BeanDeserializer.java:326)
		at app//com.fasterxml.jackson.databind.deser.BeanDeserializer.deserialize(BeanDeserializer.java:159)
		at app//com.fasterxml.jackson.databind.ObjectMapper._readMapAndClose(ObjectMapper.java:4013)
		at app//com.fasterxml.jackson.databind.ObjectMapper.readValue(ObjectMapper.java:3023)
		at app//au.com.firemarklabs.nt.NoteDeserializable.deserialize(NoteDeserializable.kt:12)
		at app//au.com.firemarklabs.nt.NoteDeserializable.deserialize(NoteDeserializable.kt:7)
		at app//com.github.kittinunf.fuel.core.ResponseDeserializable$DefaultImpls.deserialize(Deserializable.kt:43)
		at app//au.com.firemarklabs.nt.NoteDeserializable.deserialize(NoteDeserializable.kt:7)
		at app//au.com.firemarklabs.nt.NoteDeserializable.deserialize(NoteDeserializable.kt:7)
		at app//com.github.kittinunf.fuel.core.DeserializableKt.awaitResponse(Deserializable.kt:256)
		at app//au.com.firemarklabs.nt.NTClient$asyncInsert$$inlined$awaitObjectResponse$1.invokeSuspend(Coroutines.kt:68)
		at app//kotlin.coroutines.jvm.internal.BaseContinuationImpl.resumeWith(ContinuationImpl.kt:33)
		at app//kotlinx.coroutines.DispatchedTask.run(DispatchedTask.kt:56)
		at app//kotlinx.coroutines.scheduling.CoroutineScheduler.runSafely(CoroutineScheduler.kt:561)
		at app//kotlinx.coroutines.scheduling.CoroutineScheduler$Worker.executeTask(CoroutineScheduler.kt:727)
		at app//kotlinx.coroutines.scheduling.CoroutineScheduler$Worker.runWorker(CoroutineScheduler.kt:667)
		at app//kotlinx.coroutines.scheduling.CoroutineScheduler$Worker.run(CoroutineScheduler.kt:655)
	Suppressed: Instantiation of [simple type, class au.com.firemarklabs.nt.Note] value failed for JSON property content due to missing (therefore NULL) value for creator parameter content which is a non-nullable type
 at [Source: (String)&quot;{&quot;status&quot;:&quot;success&quot;,&quot;note&quot;:{&quot;tag&quot;:[&quot;performance&quot;],&quot;_id&quot;:&quot;614c1b8bceece30015ab9d00&quot;,&quot;content&quot;:&quot;Note 126&quot;,&quot;__v&quot;:0}}&quot;; line: 1, column: 113] (through reference chain: au.com.firemarklabs.nt.Note[&quot;content&quot;])
	com.github.kittinunf.fuel.core.FuelError$Companion.wrap(FuelError.kt:86)
	com.github.kittinunf.fuel.core.DeserializableKt.awaitResponse(Deserializable.kt:257)
Caused by: com.fasterxml.jackson.module.kotlin.MissingKotlinParameterException: Instantiation of [simple type, class au.com.firemarklabs.nt.Note] value failed for JSON property content due to missing (therefore NULL) value for creator parameter content which is a non-nullable type
 at [Source: (String)&quot;{&quot;status&quot;:&quot;success&quot;,&quot;note&quot;:{&quot;tag&quot;:[&quot;performance&quot;],&quot;_id&quot;:&quot;614c1b8bceece30015ab9d00&quot;,&quot;content&quot;:&quot;Note 126&quot;,&quot;__v&quot;:0}}&quot;; line: 1, column: 113] (through reference chain: au.com.firemarklabs.nt.Note[&quot;content&quot;])
	com.fasterxml.jackson.module.kotlin.KotlinValueInstantiator.createFromObjectWith(KotlinValueInstantiator.kt:107)
	com.fasterxml.jackson.databind.deser.impl.PropertyBasedCreator.build(PropertyBasedCreator.java:195)
	com.fasterxml.jackson.databind.deser.BeanDeserializer._deserializeUsingPropertyBased(BeanDeserializer.java:488)
	com.fasterxml.jackson.databind.deser.BeanDeserializerBase.deserializeFromObjectUsingNonDefault(BeanDeserializerBase.java:1287)
	com.fasterxml.jackson.databind.deser.BeanDeserializer.deserializeFromObject(BeanDeserializer.java:326)
	com.fasterxml.jackson.databind.deser.BeanDeserializer.deserialize(BeanDeserializer.java:159)
	com.fasterxml.jackson.databind.ObjectMapper._readMapAndClose(ObjectMapper.java:4013)
	com.fasterxml.jackson.databind.ObjectMapper.readValue(ObjectMapper.java:3023)
	au.com.firemarklabs.nt.NoteDeserializable.deserialize(NoteDeserializable.kt:12)
	au.com.firemarklabs.nt.NoteDeserializable.deserialize(NoteDeserializable.kt:7)
	com.github.kittinunf.fuel.core.ResponseDeserializable$DefaultImpls.deserialize(Deserializable.kt:43)
	au.com.firemarklabs.nt.NoteDeserializable.deserialize(NoteDeserializable.kt:7)
	au.com.firemarklabs.nt.NoteDeserializable.deserialize(NoteDeserializable.kt:7)
	com.github.kittinunf.fuel.core.DeserializableKt.awaitResponse(Deserializable.kt:256)
	au.com.firemarklabs.nt.NTClient$asyncInsert$$inlined$awaitObjectResponse$1.invokeSuspend(Coroutines.kt:68)
	kotlin.coroutines.jvm.internal.BaseContinuationImpl.resumeWith(ContinuationImpl.kt:33)
	kotlinx.coroutines.DispatchedTask.run(DispatchedTask.kt:56)
	kotlinx.coroutines.scheduling.CoroutineScheduler.runSafely(CoroutineScheduler.kt:561)
	kotlinx.coroutines.scheduling.CoroutineScheduler$Worker.executeTask(CoroutineScheduler.kt:727)
	kotlinx.coroutines.scheduling.CoroutineScheduler$Worker.runWorker(CoroutineScheduler.kt:667)
	kotlinx.coroutines.scheduling.CoroutineScheduler$Worker.run(CoroutineScheduler.kt:655)

		... 2 more
	Caused by: com.fasterxml.jackson.module.kotlin.MissingKotlinParameterException: Instantiation of [simple type, class au.com.firemarklabs.nt.Note] value failed for JSON property content due to missing (therefore NULL) value for creator parameter content which is a non-nullable type
 at [Source: (String)&quot;{&quot;status&quot;:&quot;success&quot;,&quot;note&quot;:{&quot;tag&quot;:[&quot;performance&quot;],&quot;_id&quot;:&quot;614c1b8bceece30015ab9d00&quot;,&quot;content&quot;:&quot;Note 126&quot;,&quot;__v&quot;:0}}&quot;; line: 1, column: 113] (through reference chain: au.com.firemarklabs.nt.Note[&quot;content&quot;])
		at app//com.fasterxml.jackson.module.kotlin.KotlinValueInstantiator.createFromObjectWith(KotlinValueInstantiator.kt:107)
		at app//com.fasterxml.jackson.databind.deser.impl.PropertyBasedCreator.build(PropertyBasedCreator.java:195)
		at app//com.fasterxml.jackson.databind.deser.BeanDeserializer._deserializeUsingPropertyBased(BeanDeserializer.java:488)
		at app//com.fasterxml.jackson.databind.deser.BeanDeserializerBase.deserializeFromObjectUsingNonDefault(BeanDeserializerBase.java:1287)
		at app//com.fasterxml.jackson.databind.deser.BeanDeserializer.deserializeFromObject(BeanDeserializer.java:326)
		at app//com.fasterxml.jackson.databind.deser.BeanDeserializer.deserialize(BeanDeserializer.java:159)
		at app//com.fasterxml.jackson.databind.ObjectMapper._readMapAndClose(ObjectMapper.java:4013)
		at app//com.fasterxml.jackson.databind.ObjectMapper.readValue(ObjectMapper.java:3023)
		at app//au.com.firemarklabs.nt.NoteDeserializable.deserialize(NoteDeserializable.kt:12)
		at app//au.com.firemarklabs.nt.NoteDeserializable.deserialize(NoteDeserializable.kt:7)
		at app//com.github.kittinunf.fuel.core.ResponseDeserializable$DefaultImpls.deserialize(Deserializable.kt:43)
		at app//au.com.firemarklabs.nt.NoteDeserializable.deserialize(NoteDeserializable.kt:7)
		at app//au.com.firemarklabs.nt.NoteDeserializable.deserialize(NoteDeserializable.kt:7)
		at app//com.github.kittinunf.fuel.core.DeserializableKt.awaitResponse(Deserializable.kt:256)
		at app//au.com.firemarklabs.nt.NTClient$asyncInsert$$inlined$awaitObjectResponse$1.invokeSuspend(Coroutines.kt:68)
		at app//kotlin.coroutines.jvm.internal.BaseContinuationImpl.resumeWith(ContinuationImpl.kt:33)
		at app//kotlinx.coroutines.DispatchedTask.run(DispatchedTask.kt:56)
		at app//kotlinx.coroutines.scheduling.CoroutineScheduler.runSafely(CoroutineScheduler.kt:561)
		at app//kotlinx.coroutines.scheduling.CoroutineScheduler$Worker.executeTask(CoroutineScheduler.kt:727)
		at app//kotlinx.coroutines.scheduling.CoroutineScheduler$Worker.runWorker(CoroutineScheduler.kt:667)
		at app//kotlinx.coroutines.scheduling.CoroutineScheduler$Worker.run(CoroutineScheduler.kt:655)
	Suppressed: Instantiation of [simple type, class au.com.firemarklabs.nt.Note] value failed for JSON property content due to missing (therefore NULL) value for creator parameter content which is a non-nullable type
 at [Source: (String)&quot;{&quot;status&quot;:&quot;success&quot;,&quot;note&quot;:{&quot;tag&quot;:[&quot;performance&quot;],&quot;_id&quot;:&quot;614c1b8bceece30015ab9d01&quot;,&quot;content&quot;:&quot;Note 127&quot;,&quot;__v&quot;:0}}&quot;; line: 1, column: 113] (through reference chain: au.com.firemarklabs.nt.Note[&quot;content&quot;])
	com.github.kittinunf.fuel.core.FuelError$Companion.wrap(FuelError.kt:86)
	com.github.kittinunf.fuel.core.DeserializableKt.awaitResponse(Deserializable.kt:257)
Caused by: com.fasterxml.jackson.module.kotlin.MissingKotlinParameterException: Instantiation of [simple type, class au.com.firemarklabs.nt.Note] value failed for JSON property content due to missing (therefore NULL) value for creator parameter content which is a non-nullable type
 at [Source: (String)&quot;{&quot;status&quot;:&quot;success&quot;,&quot;note&quot;:{&quot;tag&quot;:[&quot;performance&quot;],&quot;_id&quot;:&quot;614c1b8bceece30015ab9d01&quot;,&quot;content&quot;:&quot;Note 127&quot;,&quot;__v&quot;:0}}&quot;; line: 1, column: 113] (through reference chain: au.com.firemarklabs.nt.Note[&quot;content&quot;])
	com.fasterxml.jackson.module.kotlin.KotlinValueInstantiator.createFromObjectWith(KotlinValueInstantiator.kt:107)
	com.fasterxml.jackson.databind.deser.impl.PropertyBasedCreator.build(PropertyBasedCreator.java:195)
	com.fasterxml.jackson.databind.deser.BeanDeserializer._deserializeUsingPropertyBased(BeanDeserializer.java:488)
	com.fasterxml.jackson.databind.deser.BeanDeserializerBase.deserializeFromObjectUsingNonDefault(BeanDeserializerBase.java:1287)
	com.fasterxml.jackson.databind.deser.BeanDeserializer.deserializeFromObject(BeanDeserializer.java:326)
	com.fasterxml.jackson.databind.deser.BeanDeserializer.deserialize(BeanDeserializer.java:159)
	com.fasterxml.jackson.databind.ObjectMapper._readMapAndClose(ObjectMapper.java:4013)
	com.fasterxml.jackson.databind.ObjectMapper.readValue(ObjectMapper.java:3023)
	au.com.firemarklabs.nt.NoteDeserializable.deserialize(NoteDeserializable.kt:12)
	au.com.firemarklabs.nt.NoteDeserializable.deserialize(NoteDeserializable.kt:7)
	com.github.kittinunf.fuel.core.ResponseDeserializable$DefaultImpls.deserialize(Deserializable.kt:43)
	au.com.firemarklabs.nt.NoteDeserializable.deserialize(NoteDeserializable.kt:7)
	au.com.firemarklabs.nt.NoteDeserializable.deserialize(NoteDeserializable.kt:7)
	com.github.kittinunf.fuel.core.DeserializableKt.awaitResponse(Deserializable.kt:256)
	au.com.firemarklabs.nt.NTClient$asyncInsert$$inlined$awaitObjectResponse$1.invokeSuspend(Coroutines.kt:68)
	kotlin.coroutines.jvm.internal.BaseContinuationImpl.resumeWith(ContinuationImpl.kt:33)
	kotlinx.coroutines.DispatchedTask.run(DispatchedTask.kt:56)
	kotlinx.coroutines.scheduling.CoroutineScheduler.runSafely(CoroutineScheduler.kt:561)
	kotlinx.coroutines.scheduling.CoroutineScheduler$Worker.executeTask(CoroutineScheduler.kt:727)
	kotlinx.coroutines.scheduling.CoroutineScheduler$Worker.runWorker(CoroutineScheduler.kt:667)
	kotlinx.coroutines.scheduling.CoroutineScheduler$Worker.run(CoroutineScheduler.kt:655)

		... 2 more
	Caused by: com.fasterxml.jackson.module.kotlin.MissingKotlinParameterException: Instantiation of [simple type, class au.com.firemarklabs.nt.Note] value failed for JSON property content due to missing (therefore NULL) value for creator parameter content which is a non-nullable type
 at [Source: (String)&quot;{&quot;status&quot;:&quot;success&quot;,&quot;note&quot;:{&quot;tag&quot;:[&quot;performance&quot;],&quot;_id&quot;:&quot;614c1b8bceece30015ab9d01&quot;,&quot;content&quot;:&quot;Note 127&quot;,&quot;__v&quot;:0}}&quot;; line: 1, column: 113] (through reference chain: au.com.firemarklabs.nt.Note[&quot;content&quot;])
		at app//com.fasterxml.jackson.module.kotlin.KotlinValueInstantiator.createFromObjectWith(KotlinValueInstantiator.kt:107)
		at app//com.fasterxml.jackson.databind.deser.impl.PropertyBasedCreator.build(PropertyBasedCreator.java:195)
		at app//com.fasterxml.jackson.databind.deser.BeanDeserializer._deserializeUsingPropertyBased(BeanDeserializer.java:488)
		at app//com.fasterxml.jackson.databind.deser.BeanDeserializerBase.deserializeFromObjectUsingNonDefault(BeanDeserializerBase.java:1287)
		at app//com.fasterxml.jackson.databind.deser.BeanDeserializer.deserializeFromObject(BeanDeserializer.java:326)
		at app//com.fasterxml.jackson.databind.deser.BeanDeserializer.deserialize(BeanDeserializer.java:159)
		at app//com.fasterxml.jackson.databind.ObjectMapper._readMapAndClose(ObjectMapper.java:4013)
		at app//com.fasterxml.jackson.databind.ObjectMapper.readValue(ObjectMapper.java:3023)
		at app//au.com.firemarklabs.nt.NoteDeserializable.deserialize(NoteDeserializable.kt:12)
		at app//au.com.firemarklabs.nt.NoteDeserializable.deserialize(NoteDeserializable.kt:7)
		at app//com.github.kittinunf.fuel.core.ResponseDeserializable$DefaultImpls.deserialize(Deserializable.kt:43)
		at app//au.com.firemarklabs.nt.NoteDeserializable.deserialize(NoteDeserializable.kt:7)
		at app//au.com.firemarklabs.nt.NoteDeserializable.deserialize(NoteDeserializable.kt:7)
		at app//com.github.kittinunf.fuel.core.DeserializableKt.awaitResponse(Deserializable.kt:256)
		at app//au.com.firemarklabs.nt.NTClient$asyncInsert$$inlined$awaitObjectResponse$1.invokeSuspend(Coroutines.kt:68)
		at app//kotlin.coroutines.jvm.internal.BaseContinuationImpl.resumeWith(ContinuationImpl.kt:33)
		at app//kotlinx.coroutines.DispatchedTask.run(DispatchedTask.kt:56)
		at app//kotlinx.coroutines.scheduling.CoroutineScheduler.runSafely(CoroutineScheduler.kt:561)
		at app//kotlinx.coroutines.scheduling.CoroutineScheduler$Worker.executeTask(CoroutineScheduler.kt:727)
		at app//kotlinx.coroutines.scheduling.CoroutineScheduler$Worker.runWorker(CoroutineScheduler.kt:667)
		at app//kotlinx.coroutines.scheduling.CoroutineScheduler$Worker.run(CoroutineScheduler.kt:655)
	Suppressed: Instantiation of [simple type, class au.com.firemarklabs.nt.Note] value failed for JSON property content due to missing (therefore NULL) value for creator parameter content which is a non-nullable type
 at [Source: (String)&quot;{&quot;status&quot;:&quot;success&quot;,&quot;note&quot;:{&quot;tag&quot;:[&quot;performance&quot;],&quot;_id&quot;:&quot;614c1b8bceece30015ab9d02&quot;,&quot;content&quot;:&quot;Note 128&quot;,&quot;__v&quot;:0}}&quot;; line: 1, column: 113] (through reference chain: au.com.firemarklabs.nt.Note[&quot;content&quot;])
	com.github.kittinunf.fuel.core.FuelError$Companion.wrap(FuelError.kt:86)
	com.github.kittinunf.fuel.core.DeserializableKt.awaitResponse(Deserializable.kt:257)
Caused by: com.fasterxml.jackson.module.kotlin.MissingKotlinParameterException: Instantiation of [simple type, class au.com.firemarklabs.nt.Note] value failed for JSON property content due to missing (therefore NULL) value for creator parameter content which is a non-nullable type
 at [Source: (String)&quot;{&quot;status&quot;:&quot;success&quot;,&quot;note&quot;:{&quot;tag&quot;:[&quot;performance&quot;],&quot;_id&quot;:&quot;614c1b8bceece30015ab9d02&quot;,&quot;content&quot;:&quot;Note 128&quot;,&quot;__v&quot;:0}}&quot;; line: 1, column: 113] (through reference chain: au.com.firemarklabs.nt.Note[&quot;content&quot;])
	com.fasterxml.jackson.module.kotlin.KotlinValueInstantiator.createFromObjectWith(KotlinValueInstantiator.kt:107)
	com.fasterxml.jackson.databind.deser.impl.PropertyBasedCreator.build(PropertyBasedCreator.java:195)
	com.fasterxml.jackson.databind.deser.BeanDeserializer._deserializeUsingPropertyBased(BeanDeserializer.java:488)
	com.fasterxml.jackson.databind.deser.BeanDeserializerBase.deserializeFromObjectUsingNonDefault(BeanDeserializerBase.java:1287)
	com.fasterxml.jackson.databind.deser.BeanDeserializer.deserializeFromObject(BeanDeserializer.java:326)
	com.fasterxml.jackson.databind.deser.BeanDeserializer.deserialize(BeanDeserializer.java:159)
	com.fasterxml.jackson.databind.ObjectMapper._readMapAndClose(ObjectMapper.java:4013)
	com.fasterxml.jackson.databind.ObjectMapper.readValue(ObjectMapper.java:3023)
	au.com.firemarklabs.nt.NoteDeserializable.deserialize(NoteDeserializable.kt:12)
	au.com.firemarklabs.nt.NoteDeserializable.deserialize(NoteDeserializable.kt:7)
	com.github.kittinunf.fuel.core.ResponseDeserializable$DefaultImpls.deserialize(Deserializable.kt:43)
	au.com.firemarklabs.nt.NoteDeserializable.deserialize(NoteDeserializable.kt:7)
	au.com.firemarklabs.nt.NoteDeserializable.deserialize(NoteDeserializable.kt:7)
	com.github.kittinunf.fuel.core.DeserializableKt.awaitResponse(Deserializable.kt:256)
	au.com.firemarklabs.nt.NTClient$asyncInsert$$inlined$awaitObjectResponse$1.invokeSuspend(Coroutines.kt:68)
	kotlin.coroutines.jvm.internal.BaseContinuationImpl.resumeWith(ContinuationImpl.kt:33)
	kotlinx.coroutines.DispatchedTask.run(DispatchedTask.kt:56)
	kotlinx.coroutines.scheduling.CoroutineScheduler.runSafely(CoroutineScheduler.kt:561)
	kotlinx.coroutines.scheduling.CoroutineScheduler$Worker.executeTask(CoroutineScheduler.kt:727)
	kotlinx.coroutines.scheduling.CoroutineScheduler$Worker.runWorker(CoroutineScheduler.kt:667)
	kotlinx.coroutines.scheduling.CoroutineScheduler$Worker.run(CoroutineScheduler.kt:655)

		... 2 more
	Caused by: com.fasterxml.jackson.module.kotlin.MissingKotlinParameterException: Instantiation of [simple type, class au.com.firemarklabs.nt.Note] value failed for JSON property content due to missing (therefore NULL) value for creator parameter content which is a non-nullable type
 at [Source: (String)&quot;{&quot;status&quot;:&quot;success&quot;,&quot;note&quot;:{&quot;tag&quot;:[&quot;performance&quot;],&quot;_id&quot;:&quot;614c1b8bceece30015ab9d02&quot;,&quot;content&quot;:&quot;Note 128&quot;,&quot;__v&quot;:0}}&quot;; line: 1, column: 113] (through reference chain: au.com.firemarklabs.nt.Note[&quot;content&quot;])
		at app//com.fasterxml.jackson.module.kotlin.KotlinValueInstantiator.createFromObjectWith(KotlinValueInstantiator.kt:107)
		at app//com.fasterxml.jackson.databind.deser.impl.PropertyBasedCreator.build(PropertyBasedCreator.java:195)
		at app//com.fasterxml.jackson.databind.deser.BeanDeserializer._deserializeUsingPropertyBased(BeanDeserializer.java:488)
		at app//com.fasterxml.jackson.databind.deser.BeanDeserializerBase.deserializeFromObjectUsingNonDefault(BeanDeserializerBase.java:1287)
		at app//com.fasterxml.jackson.databind.deser.BeanDeserializer.deserializeFromObject(BeanDeserializer.java:326)
		at app//com.fasterxml.jackson.databind.deser.BeanDeserializer.deserialize(BeanDeserializer.java:159)
		at app//com.fasterxml.jackson.databind.ObjectMapper._readMapAndClose(ObjectMapper.java:4013)
		at app//com.fasterxml.jackson.databind.ObjectMapper.readValue(ObjectMapper.java:3023)
		at app//au.com.firemarklabs.nt.NoteDeserializable.deserialize(NoteDeserializable.kt:12)
		at app//au.com.firemarklabs.nt.NoteDeserializable.deserialize(NoteDeserializable.kt:7)
		at app//com.github.kittinunf.fuel.core.ResponseDeserializable$DefaultImpls.deserialize(Deserializable.kt:43)
		at app//au.com.firemarklabs.nt.NoteDeserializable.deserialize(NoteDeserializable.kt:7)
		at app//au.com.firemarklabs.nt.NoteDeserializable.deserialize(NoteDeserializable.kt:7)
		at app//com.github.kittinunf.fuel.core.DeserializableKt.awaitResponse(Deserializable.kt:256)
		at app//au.com.firemarklabs.nt.NTClient$asyncInsert$$inlined$awaitObjectResponse$1.invokeSuspend(Coroutines.kt:68)
		at app//kotlin.coroutines.jvm.internal.BaseContinuationImpl.resumeWith(ContinuationImpl.kt:33)
		at app//kotlinx.coroutines.DispatchedTask.run(DispatchedTask.kt:56)
		at app//kotlinx.coroutines.scheduling.CoroutineScheduler.runSafely(CoroutineScheduler.kt:561)
		at app//kotlinx.coroutines.scheduling.CoroutineScheduler$Worker.executeTask(CoroutineScheduler.kt:727)
		at app//kotlinx.coroutines.scheduling.CoroutineScheduler$Worker.runWorker(CoroutineScheduler.kt:667)
		at app//kotlinx.coroutines.scheduling.CoroutineScheduler$Worker.run(CoroutineScheduler.kt:655)
	Suppressed: Instantiation of [simple type, class au.com.firemarklabs.nt.Note] value failed for JSON property content due to missing (therefore NULL) value for creator parameter content which is a non-nullable type
 at [Source: (String)&quot;{&quot;status&quot;:&quot;success&quot;,&quot;note&quot;:{&quot;tag&quot;:[&quot;performance&quot;],&quot;_id&quot;:&quot;614c1b8bceece30015ab9d03&quot;,&quot;content&quot;:&quot;Note 129&quot;,&quot;__v&quot;:0}}&quot;; line: 1, column: 113] (through reference chain: au.com.firemarklabs.nt.Note[&quot;content&quot;])
	com.github.kittinunf.fuel.core.FuelError$Companion.wrap(FuelError.kt:86)
	com.github.kittinunf.fuel.core.DeserializableKt.awaitResponse(Deserializable.kt:257)
Caused by: com.fasterxml.jackson.module.kotlin.MissingKotlinParameterException: Instantiation of [simple type, class au.com.firemarklabs.nt.Note] value failed for JSON property content due to missing (therefore NULL) value for creator parameter content which is a non-nullable type
 at [Source: (String)&quot;{&quot;status&quot;:&quot;success&quot;,&quot;note&quot;:{&quot;tag&quot;:[&quot;performance&quot;],&quot;_id&quot;:&quot;614c1b8bceece30015ab9d03&quot;,&quot;content&quot;:&quot;Note 129&quot;,&quot;__v&quot;:0}}&quot;; line: 1, column: 113] (through reference chain: au.com.firemarklabs.nt.Note[&quot;content&quot;])
	com.fasterxml.jackson.module.kotlin.KotlinValueInstantiator.createFromObjectWith(KotlinValueInstantiator.kt:107)
	com.fasterxml.jackson.databind.deser.impl.PropertyBasedCreator.build(PropertyBasedCreator.java:195)
	com.fasterxml.jackson.databind.deser.BeanDeserializer._deserializeUsingPropertyBased(BeanDeserializer.java:488)
	com.fasterxml.jackson.databind.deser.BeanDeserializerBase.deserializeFromObjectUsingNonDefault(BeanDeserializerBase.java:1287)
	com.fasterxml.jackson.databind.deser.BeanDeserializer.deserializeFromObject(BeanDeserializer.java:326)
	com.fasterxml.jackson.databind.deser.BeanDeserializer.deserialize(BeanDeserializer.java:159)
	com.fasterxml.jackson.databind.ObjectMapper._readMapAndClose(ObjectMapper.java:4013)
	com.fasterxml.jackson.databind.ObjectMapper.readValue(ObjectMapper.java:3023)
	au.com.firemarklabs.nt.NoteDeserializable.deserialize(NoteDeserializable.kt:12)
	au.com.firemarklabs.nt.NoteDeserializable.deserialize(NoteDeserializable.kt:7)
	com.github.kittinunf.fuel.core.ResponseDeserializable$DefaultImpls.deserialize(Deserializable.kt:43)
	au.com.firemarklabs.nt.NoteDeserializable.deserialize(NoteDeserializable.kt:7)
	au.com.firemarklabs.nt.NoteDeserializable.deserialize(NoteDeserializable.kt:7)
	com.github.kittinunf.fuel.core.DeserializableKt.awaitResponse(Deserializable.kt:256)
	au.com.firemarklabs.nt.NTClient$asyncInsert$$inlined$awaitObjectResponse$1.invokeSuspend(Coroutines.kt:68)
	kotlin.coroutines.jvm.internal.BaseContinuationImpl.resumeWith(ContinuationImpl.kt:33)
	kotlinx.coroutines.DispatchedTask.run(DispatchedTask.kt:56)
	kotlinx.coroutines.scheduling.CoroutineScheduler.runSafely(CoroutineScheduler.kt:561)
	kotlinx.coroutines.scheduling.CoroutineScheduler$Worker.executeTask(CoroutineScheduler.kt:727)
	kotlinx.coroutines.scheduling.CoroutineScheduler$Worker.runWorker(CoroutineScheduler.kt:667)
	kotlinx.coroutines.scheduling.CoroutineScheduler$Worker.run(CoroutineScheduler.kt:655)

		... 2 more
	Caused by: com.fasterxml.jackson.module.kotlin.MissingKotlinParameterException: Instantiation of [simple type, class au.com.firemarklabs.nt.Note] value failed for JSON property content due to missing (therefore NULL) value for creator parameter content which is a non-nullable type
 at [Source: (String)&quot;{&quot;status&quot;:&quot;success&quot;,&quot;note&quot;:{&quot;tag&quot;:[&quot;performance&quot;],&quot;_id&quot;:&quot;614c1b8bceece30015ab9d03&quot;,&quot;content&quot;:&quot;Note 129&quot;,&quot;__v&quot;:0}}&quot;; line: 1, column: 113] (through reference chain: au.com.firemarklabs.nt.Note[&quot;content&quot;])
		at app//com.fasterxml.jackson.module.kotlin.KotlinValueInstantiator.createFromObjectWith(KotlinValueInstantiator.kt:107)
		at app//com.fasterxml.jackson.databind.deser.impl.PropertyBasedCreator.build(PropertyBasedCreator.java:195)
		at app//com.fasterxml.jackson.databind.deser.BeanDeserializer._deserializeUsingPropertyBased(BeanDeserializer.java:488)
		at app//com.fasterxml.jackson.databind.deser.BeanDeserializerBase.deserializeFromObjectUsingNonDefault(BeanDeserializerBase.java:1287)
		at app//com.fasterxml.jackson.databind.deser.BeanDeserializer.deserializeFromObject(BeanDeserializer.java:326)
		at app//com.fasterxml.jackson.databind.deser.BeanDeserializer.deserialize(BeanDeserializer.java:159)
		at app//com.fasterxml.jackson.databind.ObjectMapper._readMapAndClose(ObjectMapper.java:4013)
		at app//com.fasterxml.jackson.databind.ObjectMapper.readValue(ObjectMapper.java:3023)
		at app//au.com.firemarklabs.nt.NoteDeserializable.deserialize(NoteDeserializable.kt:12)
		at app//au.com.firemarklabs.nt.NoteDeserializable.deserialize(NoteDeserializable.kt:7)
		at app//com.github.kittinunf.fuel.core.ResponseDeserializable$DefaultImpls.deserialize(Deserializable.kt:43)
		at app//au.com.firemarklabs.nt.NoteDeserializable.deserialize(NoteDeserializable.kt:7)
		at app//au.com.firemarklabs.nt.NoteDeserializable.deserialize(NoteDeserializable.kt:7)
		at app//com.github.kittinunf.fuel.core.DeserializableKt.awaitResponse(Deserializable.kt:256)
		at app//au.com.firemarklabs.nt.NTClient$asyncInsert$$inlined$awaitObjectResponse$1.invokeSuspend(Coroutines.kt:68)
		at app//kotlin.coroutines.jvm.internal.BaseContinuationImpl.resumeWith(ContinuationImpl.kt:33)
		at app//kotlinx.coroutines.DispatchedTask.run(DispatchedTask.kt:56)
		at app//kotlinx.coroutines.scheduling.CoroutineScheduler.runSafely(CoroutineScheduler.kt:561)
		at app//kotlinx.coroutines.scheduling.CoroutineScheduler$Worker.executeTask(CoroutineScheduler.kt:727)
		at app//kotlinx.coroutines.scheduling.CoroutineScheduler$Worker.runWorker(CoroutineScheduler.kt:667)
		at app//kotlinx.coroutines.scheduling.CoroutineScheduler$Worker.run(CoroutineScheduler.kt:655)
	Suppressed: Instantiation of [simple type, class au.com.firemarklabs.nt.Note] value failed for JSON property content due to missing (therefore NULL) value for creator parameter content which is a non-nullable type
 at [Source: (String)&quot;{&quot;status&quot;:&quot;success&quot;,&quot;note&quot;:{&quot;tag&quot;:[&quot;performance&quot;],&quot;_id&quot;:&quot;614c1b8bceece30015ab9d04&quot;,&quot;content&quot;:&quot;Note 130&quot;,&quot;__v&quot;:0}}&quot;; line: 1, column: 113] (through reference chain: au.com.firemarklabs.nt.Note[&quot;content&quot;])
	com.github.kittinunf.fuel.core.FuelError$Companion.wrap(FuelError.kt:86)
	com.github.kittinunf.fuel.core.DeserializableKt.awaitResponse(Deserializable.kt:257)
Caused by: com.fasterxml.jackson.module.kotlin.MissingKotlinParameterException: Instantiation of [simple type, class au.com.firemarklabs.nt.Note] value failed for JSON property content due to missing (therefore NULL) value for creator parameter content which is a non-nullable type
 at [Source: (String)&quot;{&quot;status&quot;:&quot;success&quot;,&quot;note&quot;:{&quot;tag&quot;:[&quot;performance&quot;],&quot;_id&quot;:&quot;614c1b8bceece30015ab9d04&quot;,&quot;content&quot;:&quot;Note 130&quot;,&quot;__v&quot;:0}}&quot;; line: 1, column: 113] (through reference chain: au.com.firemarklabs.nt.Note[&quot;content&quot;])
	com.fasterxml.jackson.module.kotlin.KotlinValueInstantiator.createFromObjectWith(KotlinValueInstantiator.kt:107)
	com.fasterxml.jackson.databind.deser.impl.PropertyBasedCreator.build(PropertyBasedCreator.java:195)
	com.fasterxml.jackson.databind.deser.BeanDeserializer._deserializeUsingPropertyBased(BeanDeserializer.java:488)
	com.fasterxml.jackson.databind.deser.BeanDeserializerBase.deserializeFromObjectUsingNonDefault(BeanDeserializerBase.java:1287)
	com.fasterxml.jackson.databind.deser.BeanDeserializer.deserializeFromObject(BeanDeserializer.java:326)
	com.fasterxml.jackson.databind.deser.BeanDeserializer.deserialize(BeanDeserializer.java:159)
	com.fasterxml.jackson.databind.ObjectMapper._readMapAndClose(ObjectMapper.java:4013)
	com.fasterxml.jackson.databind.ObjectMapper.readValue(ObjectMapper.java:3023)
	au.com.firemarklabs.nt.NoteDeserializable.deserialize(NoteDeserializable.kt:12)
	au.com.firemarklabs.nt.NoteDeserializable.deserialize(NoteDeserializable.kt:7)
	com.github.kittinunf.fuel.core.ResponseDeserializable$DefaultImpls.deserialize(Deserializable.kt:43)
	au.com.firemarklabs.nt.NoteDeserializable.deserialize(NoteDeserializable.kt:7)
	au.com.firemarklabs.nt.NoteDeserializable.deserialize(NoteDeserializable.kt:7)
	com.github.kittinunf.fuel.core.DeserializableKt.awaitResponse(Deserializable.kt:256)
	au.com.firemarklabs.nt.NTClient$asyncInsert$$inlined$awaitObjectResponse$1.invokeSuspend(Coroutines.kt:68)
	kotlin.coroutines.jvm.internal.BaseContinuationImpl.resumeWith(ContinuationImpl.kt:33)
	kotlinx.coroutines.DispatchedTask.run(DispatchedTask.kt:56)
	kotlinx.coroutines.scheduling.CoroutineScheduler.runSafely(CoroutineScheduler.kt:561)
	kotlinx.coroutines.scheduling.CoroutineScheduler$Worker.executeTask(CoroutineScheduler.kt:727)
	kotlinx.coroutines.scheduling.CoroutineScheduler$Worker.runWorker(CoroutineScheduler.kt:667)
	kotlinx.coroutines.scheduling.CoroutineScheduler$Worker.run(CoroutineScheduler.kt:655)

		... 2 more
	Caused by: com.fasterxml.jackson.module.kotlin.MissingKotlinParameterException: Instantiation of [simple type, class au.com.firemarklabs.nt.Note] value failed for JSON property content due to missing (therefore NULL) value for creator parameter content which is a non-nullable type
 at [Source: (String)&quot;{&quot;status&quot;:&quot;success&quot;,&quot;note&quot;:{&quot;tag&quot;:[&quot;performance&quot;],&quot;_id&quot;:&quot;614c1b8bceece30015ab9d04&quot;,&quot;content&quot;:&quot;Note 130&quot;,&quot;__v&quot;:0}}&quot;; line: 1, column: 113] (through reference chain: au.com.firemarklabs.nt.Note[&quot;content&quot;])
		at app//com.fasterxml.jackson.module.kotlin.KotlinValueInstantiator.createFromObjectWith(KotlinValueInstantiator.kt:107)
		at app//com.fasterxml.jackson.databind.deser.impl.PropertyBasedCreator.build(PropertyBasedCreator.java:195)
		at app//com.fasterxml.jackson.databind.deser.BeanDeserializer._deserializeUsingPropertyBased(BeanDeserializer.java:488)
		at app//com.fasterxml.jackson.databind.deser.BeanDeserializerBase.deserializeFromObjectUsingNonDefault(BeanDeserializerBase.java:1287)
		at app//com.fasterxml.jackson.databind.deser.BeanDeserializer.deserializeFromObject(BeanDeserializer.java:326)
		at app//com.fasterxml.jackson.databind.deser.BeanDeserializer.deserialize(BeanDeserializer.java:159)
		at app//com.fasterxml.jackson.databind.ObjectMapper._readMapAndClose(ObjectMapper.java:4013)
		at app//com.fasterxml.jackson.databind.ObjectMapper.readValue(ObjectMapper.java:3023)
		at app//au.com.firemarklabs.nt.NoteDeserializable.deserialize(NoteDeserializable.kt:12)
		at app//au.com.firemarklabs.nt.NoteDeserializable.deserialize(NoteDeserializable.kt:7)
		at app//com.github.kittinunf.fuel.core.ResponseDeserializable$DefaultImpls.deserialize(Deserializable.kt:43)
		at app//au.com.firemarklabs.nt.NoteDeserializable.deserialize(NoteDeserializable.kt:7)
		at app//au.com.firemarklabs.nt.NoteDeserializable.deserialize(NoteDeserializable.kt:7)
		at app//com.github.kittinunf.fuel.core.DeserializableKt.awaitResponse(Deserializable.kt:256)
		at app//au.com.firemarklabs.nt.NTClient$asyncInsert$$inlined$awaitObjectResponse$1.invokeSuspend(Coroutines.kt:68)
		at app//kotlin.coroutines.jvm.internal.BaseContinuationImpl.resumeWith(ContinuationImpl.kt:33)
		at app//kotlinx.coroutines.DispatchedTask.run(DispatchedTask.kt:56)
		at app//kotlinx.coroutines.scheduling.CoroutineScheduler.runSafely(CoroutineScheduler.kt:561)
		at app//kotlinx.coroutines.scheduling.CoroutineScheduler$Worker.executeTask(CoroutineScheduler.kt:727)
		at app//kotlinx.coroutines.scheduling.CoroutineScheduler$Worker.runWorker(CoroutineScheduler.kt:667)
		at app//kotlinx.coroutines.scheduling.CoroutineScheduler$Worker.run(CoroutineScheduler.kt:655)
	Suppressed: Instantiation of [simple type, class au.com.firemarklabs.nt.Note] value failed for JSON property content due to missing (therefore NULL) value for creator parameter content which is a non-nullable type
 at [Source: (String)&quot;{&quot;status&quot;:&quot;success&quot;,&quot;note&quot;:{&quot;tag&quot;:[&quot;performance&quot;],&quot;_id&quot;:&quot;614c1b8bceece30015ab9d05&quot;,&quot;content&quot;:&quot;Note 131&quot;,&quot;__v&quot;:0}}&quot;; line: 1, column: 113] (through reference chain: au.com.firemarklabs.nt.Note[&quot;content&quot;])
	com.github.kittinunf.fuel.core.FuelError$Companion.wrap(FuelError.kt:86)
	com.github.kittinunf.fuel.core.DeserializableKt.awaitResponse(Deserializable.kt:257)
Caused by: com.fasterxml.jackson.module.kotlin.MissingKotlinParameterException: Instantiation of [simple type, class au.com.firemarklabs.nt.Note] value failed for JSON property content due to missing (therefore NULL) value for creator parameter content which is a non-nullable type
 at [Source: (String)&quot;{&quot;status&quot;:&quot;success&quot;,&quot;note&quot;:{&quot;tag&quot;:[&quot;performance&quot;],&quot;_id&quot;:&quot;614c1b8bceece30015ab9d05&quot;,&quot;content&quot;:&quot;Note 131&quot;,&quot;__v&quot;:0}}&quot;; line: 1, column: 113] (through reference chain: au.com.firemarklabs.nt.Note[&quot;content&quot;])
	com.fasterxml.jackson.module.kotlin.KotlinValueInstantiator.createFromObjectWith(KotlinValueInstantiator.kt:107)
	com.fasterxml.jackson.databind.deser.impl.PropertyBasedCreator.build(PropertyBasedCreator.java:195)
	com.fasterxml.jackson.databind.deser.BeanDeserializer._deserializeUsingPropertyBased(BeanDeserializer.java:488)
	com.fasterxml.jackson.databind.deser.BeanDeserializerBase.deserializeFromObjectUsingNonDefault(BeanDeserializerBase.java:1287)
	com.fasterxml.jackson.databind.deser.BeanDeserializer.deserializeFromObject(BeanDeserializer.java:326)
	com.fasterxml.jackson.databind.deser.BeanDeserializer.deserialize(BeanDeserializer.java:159)
	com.fasterxml.jackson.databind.ObjectMapper._readMapAndClose(ObjectMapper.java:4013)
	com.fasterxml.jackson.databind.ObjectMapper.readValue(ObjectMapper.java:3023)
	au.com.firemarklabs.nt.NoteDeserializable.deserialize(NoteDeserializable.kt:12)
	au.com.firemarklabs.nt.NoteDeserializable.deserialize(NoteDeserializable.kt:7)
	com.github.kittinunf.fuel.core.ResponseDeserializable$DefaultImpls.deserialize(Deserializable.kt:43)
	au.com.firemarklabs.nt.NoteDeserializable.deserialize(NoteDeserializable.kt:7)
	au.com.firemarklabs.nt.NoteDeserializable.deserialize(NoteDeserializable.kt:7)
	com.github.kittinunf.fuel.core.DeserializableKt.awaitResponse(Deserializable.kt:256)
	au.com.firemarklabs.nt.NTClient$asyncInsert$$inlined$awaitObjectResponse$1.invokeSuspend(Coroutines.kt:68)
	kotlin.coroutines.jvm.internal.BaseContinuationImpl.resumeWith(ContinuationImpl.kt:33)
	kotlinx.coroutines.DispatchedTask.run(DispatchedTask.kt:56)
	kotlinx.coroutines.scheduling.CoroutineScheduler.runSafely(CoroutineScheduler.kt:561)
	kotlinx.coroutines.scheduling.CoroutineScheduler$Worker.executeTask(CoroutineScheduler.kt:727)
	kotlinx.coroutines.scheduling.CoroutineScheduler$Worker.runWorker(CoroutineScheduler.kt:667)
	kotlinx.coroutines.scheduling.CoroutineScheduler$Worker.run(CoroutineScheduler.kt:655)

		... 2 more
	Caused by: com.fasterxml.jackson.module.kotlin.MissingKotlinParameterException: Instantiation of [simple type, class au.com.firemarklabs.nt.Note] value failed for JSON property content due to missing (therefore NULL) value for creator parameter content which is a non-nullable type
 at [Source: (String)&quot;{&quot;status&quot;:&quot;success&quot;,&quot;note&quot;:{&quot;tag&quot;:[&quot;performance&quot;],&quot;_id&quot;:&quot;614c1b8bceece30015ab9d05&quot;,&quot;content&quot;:&quot;Note 131&quot;,&quot;__v&quot;:0}}&quot;; line: 1, column: 113] (through reference chain: au.com.firemarklabs.nt.Note[&quot;content&quot;])
		at app//com.fasterxml.jackson.module.kotlin.KotlinValueInstantiator.createFromObjectWith(KotlinValueInstantiator.kt:107)
		at app//com.fasterxml.jackson.databind.deser.impl.PropertyBasedCreator.build(PropertyBasedCreator.java:195)
		at app//com.fasterxml.jackson.databind.deser.BeanDeserializer._deserializeUsingPropertyBased(BeanDeserializer.java:488)
		at app//com.fasterxml.jackson.databind.deser.BeanDeserializerBase.deserializeFromObjectUsingNonDefault(BeanDeserializerBase.java:1287)
		at app//com.fasterxml.jackson.databind.deser.BeanDeserializer.deserializeFromObject(BeanDeserializer.java:326)
		at app//com.fasterxml.jackson.databind.deser.BeanDeserializer.deserialize(BeanDeserializer.java:159)
		at app//com.fasterxml.jackson.databind.ObjectMapper._readMapAndClose(ObjectMapper.java:4013)
		at app//com.fasterxml.jackson.databind.ObjectMapper.readValue(ObjectMapper.java:3023)
		at app//au.com.firemarklabs.nt.NoteDeserializable.deserialize(NoteDeserializable.kt:12)
		at app//au.com.firemarklabs.nt.NoteDeserializable.deserialize(NoteDeserializable.kt:7)
		at app//com.github.kittinunf.fuel.core.ResponseDeserializable$DefaultImpls.deserialize(Deserializable.kt:43)
		at app//au.com.firemarklabs.nt.NoteDeserializable.deserialize(NoteDeserializable.kt:7)
		at app//au.com.firemarklabs.nt.NoteDeserializable.deserialize(NoteDeserializable.kt:7)
		at app//com.github.kittinunf.fuel.core.DeserializableKt.awaitResponse(Deserializable.kt:256)
		at app//au.com.firemarklabs.nt.NTClient$asyncInsert$$inlined$awaitObjectResponse$1.invokeSuspend(Coroutines.kt:68)
		at app//kotlin.coroutines.jvm.internal.BaseContinuationImpl.resumeWith(ContinuationImpl.kt:33)
		at app//kotlinx.coroutines.DispatchedTask.run(DispatchedTask.kt:56)
		at app//kotlinx.coroutines.scheduling.CoroutineScheduler.runSafely(CoroutineScheduler.kt:561)
		at app//kotlinx.coroutines.scheduling.CoroutineScheduler$Worker.executeTask(CoroutineScheduler.kt:727)
		at app//kotlinx.coroutines.scheduling.CoroutineScheduler$Worker.runWorker(CoroutineScheduler.kt:667)
		at app//kotlinx.coroutines.scheduling.CoroutineScheduler$Worker.run(CoroutineScheduler.kt:655)
	Suppressed: Instantiation of [simple type, class au.com.firemarklabs.nt.Note] value failed for JSON property content due to missing (therefore NULL) value for creator parameter content which is a non-nullable type
 at [Source: (String)&quot;{&quot;status&quot;:&quot;success&quot;,&quot;note&quot;:{&quot;tag&quot;:[&quot;performance&quot;],&quot;_id&quot;:&quot;614c1b8bceece30015ab9d0a&quot;,&quot;content&quot;:&quot;Note 133&quot;,&quot;__v&quot;:0}}&quot;; line: 1, column: 113] (through reference chain: au.com.firemarklabs.nt.Note[&quot;content&quot;])
	com.github.kittinunf.fuel.core.FuelError$Companion.wrap(FuelError.kt:86)
	com.github.kittinunf.fuel.core.DeserializableKt.awaitResponse(Deserializable.kt:257)
Caused by: com.fasterxml.jackson.module.kotlin.MissingKotlinParameterException: Instantiation of [simple type, class au.com.firemarklabs.nt.Note] value failed for JSON property content due to missing (therefore NULL) value for creator parameter content which is a non-nullable type
 at [Source: (String)&quot;{&quot;status&quot;:&quot;success&quot;,&quot;note&quot;:{&quot;tag&quot;:[&quot;performance&quot;],&quot;_id&quot;:&quot;614c1b8bceece30015ab9d0a&quot;,&quot;content&quot;:&quot;Note 133&quot;,&quot;__v&quot;:0}}&quot;; line: 1, column: 113] (through reference chain: au.com.firemarklabs.nt.Note[&quot;content&quot;])
	com.fasterxml.jackson.module.kotlin.KotlinValueInstantiator.createFromObjectWith(KotlinValueInstantiator.kt:107)
	com.fasterxml.jackson.databind.deser.impl.PropertyBasedCreator.build(PropertyBasedCreator.java:195)
	com.fasterxml.jackson.databind.deser.BeanDeserializer._deserializeUsingPropertyBased(BeanDeserializer.java:488)
	com.fasterxml.jackson.databind.deser.BeanDeserializerBase.deserializeFromObjectUsingNonDefault(BeanDeserializerBase.java:1287)
	com.fasterxml.jackson.databind.deser.BeanDeserializer.deserializeFromObject(BeanDeserializer.java:326)
	com.fasterxml.jackson.databind.deser.BeanDeserializer.deserialize(BeanDeserializer.java:159)
	com.fasterxml.jackson.databind.ObjectMapper._readMapAndClose(ObjectMapper.java:4013)
	com.fasterxml.jackson.databind.ObjectMapper.readValue(ObjectMapper.java:3023)
	au.com.firemarklabs.nt.NoteDeserializable.deserialize(NoteDeserializable.kt:12)
	au.com.firemarklabs.nt.NoteDeserializable.deserialize(NoteDeserializable.kt:7)
	com.github.kittinunf.fuel.core.ResponseDeserializable$DefaultImpls.deserialize(Deserializable.kt:43)
	au.com.firemarklabs.nt.NoteDeserializable.deserialize(NoteDeserializable.kt:7)
	au.com.firemarklabs.nt.NoteDeserializable.deserialize(NoteDeserializable.kt:7)
	com.github.kittinunf.fuel.core.DeserializableKt.awaitResponse(Deserializable.kt:256)
	au.com.firemarklabs.nt.NTClient$asyncInsert$$inlined$awaitObjectResponse$1.invokeSuspend(Coroutines.kt:68)
	kotlin.coroutines.jvm.internal.BaseContinuationImpl.resumeWith(ContinuationImpl.kt:33)
	kotlinx.coroutines.DispatchedTask.run(DispatchedTask.kt:56)
	kotlinx.coroutines.scheduling.CoroutineScheduler.runSafely(CoroutineScheduler.kt:561)
	kotlinx.coroutines.scheduling.CoroutineScheduler$Worker.executeTask(CoroutineScheduler.kt:727)
	kotlinx.coroutines.scheduling.CoroutineScheduler$Worker.runWorker(CoroutineScheduler.kt:667)
	kotlinx.coroutines.scheduling.CoroutineScheduler$Worker.run(CoroutineScheduler.kt:655)

		... 2 more
	Caused by: com.fasterxml.jackson.module.kotlin.MissingKotlinParameterException: Instantiation of [simple type, class au.com.firemarklabs.nt.Note] value failed for JSON property content due to missing (therefore NULL) value for creator parameter content which is a non-nullable type
 at [Source: (String)&quot;{&quot;status&quot;:&quot;success&quot;,&quot;note&quot;:{&quot;tag&quot;:[&quot;performance&quot;],&quot;_id&quot;:&quot;614c1b8bceece30015ab9d0a&quot;,&quot;content&quot;:&quot;Note 133&quot;,&quot;__v&quot;:0}}&quot;; line: 1, column: 113] (through reference chain: au.com.firemarklabs.nt.Note[&quot;content&quot;])
		at app//com.fasterxml.jackson.module.kotlin.KotlinValueInstantiator.createFromObjectWith(KotlinValueInstantiator.kt:107)
		at app//com.fasterxml.jackson.databind.deser.impl.PropertyBasedCreator.build(PropertyBasedCreator.java:195)
		at app//com.fasterxml.jackson.databind.deser.BeanDeserializer._deserializeUsingPropertyBased(BeanDeserializer.java:488)
		at app//com.fasterxml.jackson.databind.deser.BeanDeserializerBase.deserializeFromObjectUsingNonDefault(BeanDeserializerBase.java:1287)
		at app//com.fasterxml.jackson.databind.deser.BeanDeserializer.deserializeFromObject(BeanDeserializer.java:326)
		at app//com.fasterxml.jackson.databind.deser.BeanDeserializer.deserialize(BeanDeserializer.java:159)
		at app//com.fasterxml.jackson.databind.ObjectMapper._readMapAndClose(ObjectMapper.java:4013)
		at app//com.fasterxml.jackson.databind.ObjectMapper.readValue(ObjectMapper.java:3023)
		at app//au.com.firemarklabs.nt.NoteDeserializable.deserialize(NoteDeserializable.kt:12)
		at app//au.com.firemarklabs.nt.NoteDeserializable.deserialize(NoteDeserializable.kt:7)
		at app//com.github.kittinunf.fuel.core.ResponseDeserializable$DefaultImpls.deserialize(Deserializable.kt:43)
		at app//au.com.firemarklabs.nt.NoteDeserializable.deserialize(NoteDeserializable.kt:7)
		at app//au.com.firemarklabs.nt.NoteDeserializable.deserialize(NoteDeserializable.kt:7)
		at app//com.github.kittinunf.fuel.core.DeserializableKt.awaitResponse(Deserializable.kt:256)
		at app//au.com.firemarklabs.nt.NTClient$asyncInsert$$inlined$awaitObjectResponse$1.invokeSuspend(Coroutines.kt:68)
		at app//kotlin.coroutines.jvm.internal.BaseContinuationImpl.resumeWith(ContinuationImpl.kt:33)
		at app//kotlinx.coroutines.DispatchedTask.run(DispatchedTask.kt:56)
		at app//kotlinx.coroutines.scheduling.CoroutineScheduler.runSafely(CoroutineScheduler.kt:561)
		at app//kotlinx.coroutines.scheduling.CoroutineScheduler$Worker.executeTask(CoroutineScheduler.kt:727)
		at app//kotlinx.coroutines.scheduling.CoroutineScheduler$Worker.runWorker(CoroutineScheduler.kt:667)
		at app//kotlinx.coroutines.scheduling.CoroutineScheduler$Worker.run(CoroutineScheduler.kt:655)
	Suppressed: Instantiation of [simple type, class au.com.firemarklabs.nt.Note] value failed for JSON property content due to missing (therefore NULL) value for creator parameter content which is a non-nullable type
 at [Source: (String)&quot;{&quot;status&quot;:&quot;success&quot;,&quot;note&quot;:{&quot;tag&quot;:[&quot;performance&quot;],&quot;_id&quot;:&quot;614c1b8bceece30015ab9d0b&quot;,&quot;content&quot;:&quot;Note 132&quot;,&quot;__v&quot;:0}}&quot;; line: 1, column: 113] (through reference chain: au.com.firemarklabs.nt.Note[&quot;content&quot;])
	com.github.kittinunf.fuel.core.FuelError$Companion.wrap(FuelError.kt:86)
	com.github.kittinunf.fuel.core.DeserializableKt.awaitResponse(Deserializable.kt:257)
Caused by: com.fasterxml.jackson.module.kotlin.MissingKotlinParameterException: Instantiation of [simple type, class au.com.firemarklabs.nt.Note] value failed for JSON property content due to missing (therefore NULL) value for creator parameter content which is a non-nullable type
 at [Source: (String)&quot;{&quot;status&quot;:&quot;success&quot;,&quot;note&quot;:{&quot;tag&quot;:[&quot;performance&quot;],&quot;_id&quot;:&quot;614c1b8bceece30015ab9d0b&quot;,&quot;content&quot;:&quot;Note 132&quot;,&quot;__v&quot;:0}}&quot;; line: 1, column: 113] (through reference chain: au.com.firemarklabs.nt.Note[&quot;content&quot;])
	com.fasterxml.jackson.module.kotlin.KotlinValueInstantiator.createFromObjectWith(KotlinValueInstantiator.kt:107)
	com.fasterxml.jackson.databind.deser.impl.PropertyBasedCreator.build(PropertyBasedCreator.java:195)
	com.fasterxml.jackson.databind.deser.BeanDeserializer._deserializeUsingPropertyBased(BeanDeserializer.java:488)
	com.fasterxml.jackson.databind.deser.BeanDeserializerBase.deserializeFromObjectUsingNonDefault(BeanDeserializerBase.java:1287)
	com.fasterxml.jackson.databind.deser.BeanDeserializer.deserializeFromObject(BeanDeserializer.java:326)
	com.fasterxml.jackson.databind.deser.BeanDeserializer.deserialize(BeanDeserializer.java:159)
	com.fasterxml.jackson.databind.ObjectMapper._readMapAndClose(ObjectMapper.java:4013)
	com.fasterxml.jackson.databind.ObjectMapper.readValue(ObjectMapper.java:3023)
	au.com.firemarklabs.nt.NoteDeserializable.deserialize(NoteDeserializable.kt:12)
	au.com.firemarklabs.nt.NoteDeserializable.deserialize(NoteDeserializable.kt:7)
	com.github.kittinunf.fuel.core.ResponseDeserializable$DefaultImpls.deserialize(Deserializable.kt:43)
	au.com.firemarklabs.nt.NoteDeserializable.deserialize(NoteDeserializable.kt:7)
	au.com.firemarklabs.nt.NoteDeserializable.deserialize(NoteDeserializable.kt:7)
	com.github.kittinunf.fuel.core.DeserializableKt.awaitResponse(Deserializable.kt:256)
	au.com.firemarklabs.nt.NTClient$asyncInsert$$inlined$awaitObjectResponse$1.invokeSuspend(Coroutines.kt:68)
	kotlin.coroutines.jvm.internal.BaseContinuationImpl.resumeWith(ContinuationImpl.kt:33)
	kotlinx.coroutines.DispatchedTask.run(DispatchedTask.kt:56)
	kotlinx.coroutines.scheduling.CoroutineScheduler.runSafely(CoroutineScheduler.kt:561)
	kotlinx.coroutines.scheduling.CoroutineScheduler$Worker.executeTask(CoroutineScheduler.kt:727)
	kotlinx.coroutines.scheduling.CoroutineScheduler$Worker.runWorker(CoroutineScheduler.kt:667)
	kotlinx.coroutines.scheduling.CoroutineScheduler$Worker.run(CoroutineScheduler.kt:655)

		... 2 more
	Caused by: com.fasterxml.jackson.module.kotlin.MissingKotlinParameterException: Instantiation of [simple type, class au.com.firemarklabs.nt.Note] value failed for JSON property content due to missing (therefore NULL) value for creator parameter content which is a non-nullable type
 at [Source: (String)&quot;{&quot;status&quot;:&quot;success&quot;,&quot;note&quot;:{&quot;tag&quot;:[&quot;performance&quot;],&quot;_id&quot;:&quot;614c1b8bceece30015ab9d0b&quot;,&quot;content&quot;:&quot;Note 132&quot;,&quot;__v&quot;:0}}&quot;; line: 1, column: 113] (through reference chain: au.com.firemarklabs.nt.Note[&quot;content&quot;])
		at app//com.fasterxml.jackson.module.kotlin.KotlinValueInstantiator.createFromObjectWith(KotlinValueInstantiator.kt:107)
		at app//com.fasterxml.jackson.databind.deser.impl.PropertyBasedCreator.build(PropertyBasedCreator.java:195)
		at app//com.fasterxml.jackson.databind.deser.BeanDeserializer._deserializeUsingPropertyBased(BeanDeserializer.java:488)
		at app//com.fasterxml.jackson.databind.deser.BeanDeserializerBase.deserializeFromObjectUsingNonDefault(BeanDeserializerBase.java:1287)
		at app//com.fasterxml.jackson.databind.deser.BeanDeserializer.deserializeFromObject(BeanDeserializer.java:326)
		at app//com.fasterxml.jackson.databind.deser.BeanDeserializer.deserialize(BeanDeserializer.java:159)
		at app//com.fasterxml.jackson.databind.ObjectMapper._readMapAndClose(ObjectMapper.java:4013)
		at app//com.fasterxml.jackson.databind.ObjectMapper.readValue(ObjectMapper.java:3023)
		at app//au.com.firemarklabs.nt.NoteDeserializable.deserialize(NoteDeserializable.kt:12)
		at app//au.com.firemarklabs.nt.NoteDeserializable.deserialize(NoteDeserializable.kt:7)
		at app//com.github.kittinunf.fuel.core.ResponseDeserializable$DefaultImpls.deserialize(Deserializable.kt:43)
		at app//au.com.firemarklabs.nt.NoteDeserializable.deserialize(NoteDeserializable.kt:7)
		at app//au.com.firemarklabs.nt.NoteDeserializable.deserialize(NoteDeserializable.kt:7)
		at app//com.github.kittinunf.fuel.core.DeserializableKt.awaitResponse(Deserializable.kt:256)
		at app//au.com.firemarklabs.nt.NTClient$asyncInsert$$inlined$awaitObjectResponse$1.invokeSuspend(Coroutines.kt:68)
		at app//kotlin.coroutines.jvm.internal.BaseContinuationImpl.resumeWith(ContinuationImpl.kt:33)
		at app//kotlinx.coroutines.DispatchedTask.run(DispatchedTask.kt:56)
		at app//kotlinx.coroutines.scheduling.CoroutineScheduler.runSafely(CoroutineScheduler.kt:561)
		at app//kotlinx.coroutines.scheduling.CoroutineScheduler$Worker.executeTask(CoroutineScheduler.kt:727)
		at app//kotlinx.coroutines.scheduling.CoroutineScheduler$Worker.runWorker(CoroutineScheduler.kt:667)
		at app//kotlinx.coroutines.scheduling.CoroutineScheduler$Worker.run(CoroutineScheduler.kt:655)
	Suppressed: Instantiation of [simple type, class au.com.firemarklabs.nt.Note] value failed for JSON property content due to missing (therefore NULL) value for creator parameter content which is a non-nullable type
 at [Source: (String)&quot;{&quot;status&quot;:&quot;success&quot;,&quot;note&quot;:{&quot;tag&quot;:[&quot;performance&quot;],&quot;_id&quot;:&quot;614c1b8bceece30015ab9d0c&quot;,&quot;content&quot;:&quot;Note 134&quot;,&quot;__v&quot;:0}}&quot;; line: 1, column: 113] (through reference chain: au.com.firemarklabs.nt.Note[&quot;content&quot;])
	com.github.kittinunf.fuel.core.FuelError$Companion.wrap(FuelError.kt:86)
	com.github.kittinunf.fuel.core.DeserializableKt.awaitResponse(Deserializable.kt:257)
Caused by: com.fasterxml.jackson.module.kotlin.MissingKotlinParameterException: Instantiation of [simple type, class au.com.firemarklabs.nt.Note] value failed for JSON property content due to missing (therefore NULL) value for creator parameter content which is a non-nullable type
 at [Source: (String)&quot;{&quot;status&quot;:&quot;success&quot;,&quot;note&quot;:{&quot;tag&quot;:[&quot;performance&quot;],&quot;_id&quot;:&quot;614c1b8bceece30015ab9d0c&quot;,&quot;content&quot;:&quot;Note 134&quot;,&quot;__v&quot;:0}}&quot;; line: 1, column: 113] (through reference chain: au.com.firemarklabs.nt.Note[&quot;content&quot;])
	com.fasterxml.jackson.module.kotlin.KotlinValueInstantiator.createFromObjectWith(KotlinValueInstantiator.kt:107)
	com.fasterxml.jackson.databind.deser.impl.PropertyBasedCreator.build(PropertyBasedCreator.java:195)
	com.fasterxml.jackson.databind.deser.BeanDeserializer._deserializeUsingPropertyBased(BeanDeserializer.java:488)
	com.fasterxml.jackson.databind.deser.BeanDeserializerBase.deserializeFromObjectUsingNonDefault(BeanDeserializerBase.java:1287)
	com.fasterxml.jackson.databind.deser.BeanDeserializer.deserializeFromObject(BeanDeserializer.java:326)
	com.fasterxml.jackson.databind.deser.BeanDeserializer.deserialize(BeanDeserializer.java:159)
	com.fasterxml.jackson.databind.ObjectMapper._readMapAndClose(ObjectMapper.java:4013)
	com.fasterxml.jackson.databind.ObjectMapper.readValue(ObjectMapper.java:3023)
	au.com.firemarklabs.nt.NoteDeserializable.deserialize(NoteDeserializable.kt:12)
	au.com.firemarklabs.nt.NoteDeserializable.deserialize(NoteDeserializable.kt:7)
	com.github.kittinunf.fuel.core.ResponseDeserializable$DefaultImpls.deserialize(Deserializable.kt:43)
	au.com.firemarklabs.nt.NoteDeserializable.deserialize(NoteDeserializable.kt:7)
	au.com.firemarklabs.nt.NoteDeserializable.deserialize(NoteDeserializable.kt:7)
	com.github.kittinunf.fuel.core.DeserializableKt.awaitResponse(Deserializable.kt:256)
	au.com.firemarklabs.nt.NTClient$asyncInsert$$inlined$awaitObjectResponse$1.invokeSuspend(Coroutines.kt:68)
	kotlin.coroutines.jvm.internal.BaseContinuationImpl.resumeWith(ContinuationImpl.kt:33)
	kotlinx.coroutines.DispatchedTask.run(DispatchedTask.kt:56)
	kotlinx.coroutines.scheduling.CoroutineScheduler.runSafely(CoroutineScheduler.kt:561)
	kotlinx.coroutines.scheduling.CoroutineScheduler$Worker.executeTask(CoroutineScheduler.kt:727)
	kotlinx.coroutines.scheduling.CoroutineScheduler$Worker.runWorker(CoroutineScheduler.kt:667)
	kotlinx.coroutines.scheduling.CoroutineScheduler$Worker.run(CoroutineScheduler.kt:655)

		... 2 more
	Caused by: com.fasterxml.jackson.module.kotlin.MissingKotlinParameterException: Instantiation of [simple type, class au.com.firemarklabs.nt.Note] value failed for JSON property content due to missing (therefore NULL) value for creator parameter content which is a non-nullable type
 at [Source: (String)&quot;{&quot;status&quot;:&quot;success&quot;,&quot;note&quot;:{&quot;tag&quot;:[&quot;performance&quot;],&quot;_id&quot;:&quot;614c1b8bceece30015ab9d0c&quot;,&quot;content&quot;:&quot;Note 134&quot;,&quot;__v&quot;:0}}&quot;; line: 1, column: 113] (through reference chain: au.com.firemarklabs.nt.Note[&quot;content&quot;])
		at app//com.fasterxml.jackson.module.kotlin.KotlinValueInstantiator.createFromObjectWith(KotlinValueInstantiator.kt:107)
		at app//com.fasterxml.jackson.databind.deser.impl.PropertyBasedCreator.build(PropertyBasedCreator.java:195)
		at app//com.fasterxml.jackson.databind.deser.BeanDeserializer._deserializeUsingPropertyBased(BeanDeserializer.java:488)
		at app//com.fasterxml.jackson.databind.deser.BeanDeserializerBase.deserializeFromObjectUsingNonDefault(BeanDeserializerBase.java:1287)
		at app//com.fasterxml.jackson.databind.deser.BeanDeserializer.deserializeFromObject(BeanDeserializer.java:326)
		at app//com.fasterxml.jackson.databind.deser.BeanDeserializer.deserialize(BeanDeserializer.java:159)
		at app//com.fasterxml.jackson.databind.ObjectMapper._readMapAndClose(ObjectMapper.java:4013)
		at app//com.fasterxml.jackson.databind.ObjectMapper.readValue(ObjectMapper.java:3023)
		at app//au.com.firemarklabs.nt.NoteDeserializable.deserialize(NoteDeserializable.kt:12)
		at app//au.com.firemarklabs.nt.NoteDeserializable.deserialize(NoteDeserializable.kt:7)
		at app//com.github.kittinunf.fuel.core.ResponseDeserializable$DefaultImpls.deserialize(Deserializable.kt:43)
		at app//au.com.firemarklabs.nt.NoteDeserializable.deserialize(NoteDeserializable.kt:7)
		at app//au.com.firemarklabs.nt.NoteDeserializable.deserialize(NoteDeserializable.kt:7)
		at app//com.github.kittinunf.fuel.core.DeserializableKt.awaitResponse(Deserializable.kt:256)
		at app//au.com.firemarklabs.nt.NTClient$asyncInsert$$inlined$awaitObjectResponse$1.invokeSuspend(Coroutines.kt:68)
		at app//kotlin.coroutines.jvm.internal.BaseContinuationImpl.resumeWith(ContinuationImpl.kt:33)
		at app//kotlinx.coroutines.DispatchedTask.run(DispatchedTask.kt:56)
		at app//kotlinx.coroutines.scheduling.CoroutineScheduler.runSafely(CoroutineScheduler.kt:561)
		at app//kotlinx.coroutines.scheduling.CoroutineScheduler$Worker.executeTask(CoroutineScheduler.kt:727)
		at app//kotlinx.coroutines.scheduling.CoroutineScheduler$Worker.runWorker(CoroutineScheduler.kt:667)
		at app//kotlinx.coroutines.scheduling.CoroutineScheduler$Worker.run(CoroutineScheduler.kt:655)
	Suppressed: Instantiation of [simple type, class au.com.firemarklabs.nt.Note] value failed for JSON property content due to missing (therefore NULL) value for creator parameter content which is a non-nullable type
 at [Source: (String)&quot;{&quot;status&quot;:&quot;success&quot;,&quot;note&quot;:{&quot;tag&quot;:[&quot;performance&quot;],&quot;_id&quot;:&quot;614c1b8bceece30015ab9d0d&quot;,&quot;content&quot;:&quot;Note 135&quot;,&quot;__v&quot;:0}}&quot;; line: 1, column: 113] (through reference chain: au.com.firemarklabs.nt.Note[&quot;content&quot;])
	com.github.kittinunf.fuel.core.FuelError$Companion.wrap(FuelError.kt:86)
	com.github.kittinunf.fuel.core.DeserializableKt.awaitResponse(Deserializable.kt:257)
Caused by: com.fasterxml.jackson.module.kotlin.MissingKotlinParameterException: Instantiation of [simple type, class au.com.firemarklabs.nt.Note] value failed for JSON property content due to missing (therefore NULL) value for creator parameter content which is a non-nullable type
 at [Source: (String)&quot;{&quot;status&quot;:&quot;success&quot;,&quot;note&quot;:{&quot;tag&quot;:[&quot;performance&quot;],&quot;_id&quot;:&quot;614c1b8bceece30015ab9d0d&quot;,&quot;content&quot;:&quot;Note 135&quot;,&quot;__v&quot;:0}}&quot;; line: 1, column: 113] (through reference chain: au.com.firemarklabs.nt.Note[&quot;content&quot;])
	com.fasterxml.jackson.module.kotlin.KotlinValueInstantiator.createFromObjectWith(KotlinValueInstantiator.kt:107)
	com.fasterxml.jackson.databind.deser.impl.PropertyBasedCreator.build(PropertyBasedCreator.java:195)
	com.fasterxml.jackson.databind.deser.BeanDeserializer._deserializeUsingPropertyBased(BeanDeserializer.java:488)
	com.fasterxml.jackson.databind.deser.BeanDeserializerBase.deserializeFromObjectUsingNonDefault(BeanDeserializerBase.java:1287)
	com.fasterxml.jackson.databind.deser.BeanDeserializer.deserializeFromObject(BeanDeserializer.java:326)
	com.fasterxml.jackson.databind.deser.BeanDeserializer.deserialize(BeanDeserializer.java:159)
	com.fasterxml.jackson.databind.ObjectMapper._readMapAndClose(ObjectMapper.java:4013)
	com.fasterxml.jackson.databind.ObjectMapper.readValue(ObjectMapper.java:3023)
	au.com.firemarklabs.nt.NoteDeserializable.deserialize(NoteDeserializable.kt:12)
	au.com.firemarklabs.nt.NoteDeserializable.deserialize(NoteDeserializable.kt:7)
	com.github.kittinunf.fuel.core.ResponseDeserializable$DefaultImpls.deserialize(Deserializable.kt:43)
	au.com.firemarklabs.nt.NoteDeserializable.deserialize(NoteDeserializable.kt:7)
	au.com.firemarklabs.nt.NoteDeserializable.deserialize(NoteDeserializable.kt:7)
	com.github.kittinunf.fuel.core.DeserializableKt.awaitResponse(Deserializable.kt:256)
	au.com.firemarklabs.nt.NTClient$asyncInsert$$inlined$awaitObjectResponse$1.invokeSuspend(Coroutines.kt:68)
	kotlin.coroutines.jvm.internal.BaseContinuationImpl.resumeWith(ContinuationImpl.kt:33)
	kotlinx.coroutines.DispatchedTask.run(DispatchedTask.kt:56)
	kotlinx.coroutines.scheduling.CoroutineScheduler.runSafely(CoroutineScheduler.kt:561)
	kotlinx.coroutines.scheduling.CoroutineScheduler$Worker.executeTask(CoroutineScheduler.kt:727)
	kotlinx.coroutines.scheduling.CoroutineScheduler$Worker.runWorker(CoroutineScheduler.kt:667)
	kotlinx.coroutines.scheduling.CoroutineScheduler$Worker.run(CoroutineScheduler.kt:655)

		... 2 more
	Caused by: com.fasterxml.jackson.module.kotlin.MissingKotlinParameterException: Instantiation of [simple type, class au.com.firemarklabs.nt.Note] value failed for JSON property content due to missing (therefore NULL) value for creator parameter content which is a non-nullable type
 at [Source: (String)&quot;{&quot;status&quot;:&quot;success&quot;,&quot;note&quot;:{&quot;tag&quot;:[&quot;performance&quot;],&quot;_id&quot;:&quot;614c1b8bceece30015ab9d0d&quot;,&quot;content&quot;:&quot;Note 135&quot;,&quot;__v&quot;:0}}&quot;; line: 1, column: 113] (through reference chain: au.com.firemarklabs.nt.Note[&quot;content&quot;])
		at app//com.fasterxml.jackson.module.kotlin.KotlinValueInstantiator.createFromObjectWith(KotlinValueInstantiator.kt:107)
		at app//com.fasterxml.jackson.databind.deser.impl.PropertyBasedCreator.build(PropertyBasedCreator.java:195)
		at app//com.fasterxml.jackson.databind.deser.BeanDeserializer._deserializeUsingPropertyBased(BeanDeserializer.java:488)
		at app//com.fasterxml.jackson.databind.deser.BeanDeserializerBase.deserializeFromObjectUsingNonDefault(BeanDeserializerBase.java:1287)
		at app//com.fasterxml.jackson.databind.deser.BeanDeserializer.deserializeFromObject(BeanDeserializer.java:326)
		at app//com.fasterxml.jackson.databind.deser.BeanDeserializer.deserialize(BeanDeserializer.java:159)
		at app//com.fasterxml.jackson.databind.ObjectMapper._readMapAndClose(ObjectMapper.java:4013)
		at app//com.fasterxml.jackson.databind.ObjectMapper.readValue(ObjectMapper.java:3023)
		at app//au.com.firemarklabs.nt.NoteDeserializable.deserialize(NoteDeserializable.kt:12)
		at app//au.com.firemarklabs.nt.NoteDeserializable.deserialize(NoteDeserializable.kt:7)
		at app//com.github.kittinunf.fuel.core.ResponseDeserializable$DefaultImpls.deserialize(Deserializable.kt:43)
		at app//au.com.firemarklabs.nt.NoteDeserializable.deserialize(NoteDeserializable.kt:7)
		at app//au.com.firemarklabs.nt.NoteDeserializable.deserialize(NoteDeserializable.kt:7)
		at app//com.github.kittinunf.fuel.core.DeserializableKt.awaitResponse(Deserializable.kt:256)
		at app//au.com.firemarklabs.nt.NTClient$asyncInsert$$inlined$awaitObjectResponse$1.invokeSuspend(Coroutines.kt:68)
		at app//kotlin.coroutines.jvm.internal.BaseContinuationImpl.resumeWith(ContinuationImpl.kt:33)
		at app//kotlinx.coroutines.DispatchedTask.run(DispatchedTask.kt:56)
		at app//kotlinx.coroutines.scheduling.CoroutineScheduler.runSafely(CoroutineScheduler.kt:561)
		at app//kotlinx.coroutines.scheduling.CoroutineScheduler$Worker.executeTask(CoroutineScheduler.kt:727)
		at app//kotlinx.coroutines.scheduling.CoroutineScheduler$Worker.runWorker(CoroutineScheduler.kt:667)
		at app//kotlinx.coroutines.scheduling.CoroutineScheduler$Worker.run(CoroutineScheduler.kt:655)
	Suppressed: Instantiation of [simple type, class au.com.firemarklabs.nt.Note] value failed for JSON property content due to missing (therefore NULL) value for creator parameter content which is a non-nullable type
 at [Source: (String)&quot;{&quot;status&quot;:&quot;success&quot;,&quot;note&quot;:{&quot;tag&quot;:[&quot;performance&quot;],&quot;_id&quot;:&quot;614c1b8bceece30015ab9d0e&quot;,&quot;content&quot;:&quot;Note 136&quot;,&quot;__v&quot;:0}}&quot;; line: 1, column: 113] (through reference chain: au.com.firemarklabs.nt.Note[&quot;content&quot;])
	com.github.kittinunf.fuel.core.FuelError$Companion.wrap(FuelError.kt:86)
	com.github.kittinunf.fuel.core.DeserializableKt.awaitResponse(Deserializable.kt:257)
Caused by: com.fasterxml.jackson.module.kotlin.MissingKotlinParameterException: Instantiation of [simple type, class au.com.firemarklabs.nt.Note] value failed for JSON property content due to missing (therefore NULL) value for creator parameter content which is a non-nullable type
 at [Source: (String)&quot;{&quot;status&quot;:&quot;success&quot;,&quot;note&quot;:{&quot;tag&quot;:[&quot;performance&quot;],&quot;_id&quot;:&quot;614c1b8bceece30015ab9d0e&quot;,&quot;content&quot;:&quot;Note 136&quot;,&quot;__v&quot;:0}}&quot;; line: 1, column: 113] (through reference chain: au.com.firemarklabs.nt.Note[&quot;content&quot;])
	com.fasterxml.jackson.module.kotlin.KotlinValueInstantiator.createFromObjectWith(KotlinValueInstantiator.kt:107)
	com.fasterxml.jackson.databind.deser.impl.PropertyBasedCreator.build(PropertyBasedCreator.java:195)
	com.fasterxml.jackson.databind.deser.BeanDeserializer._deserializeUsingPropertyBased(BeanDeserializer.java:488)
	com.fasterxml.jackson.databind.deser.BeanDeserializerBase.deserializeFromObjectUsingNonDefault(BeanDeserializerBase.java:1287)
	com.fasterxml.jackson.databind.deser.BeanDeserializer.deserializeFromObject(BeanDeserializer.java:326)
	com.fasterxml.jackson.databind.deser.BeanDeserializer.deserialize(BeanDeserializer.java:159)
	com.fasterxml.jackson.databind.ObjectMapper._readMapAndClose(ObjectMapper.java:4013)
	com.fasterxml.jackson.databind.ObjectMapper.readValue(ObjectMapper.java:3023)
	au.com.firemarklabs.nt.NoteDeserializable.deserialize(NoteDeserializable.kt:12)
	au.com.firemarklabs.nt.NoteDeserializable.deserialize(NoteDeserializable.kt:7)
	com.github.kittinunf.fuel.core.ResponseDeserializable$DefaultImpls.deserialize(Deserializable.kt:43)
	au.com.firemarklabs.nt.NoteDeserializable.deserialize(NoteDeserializable.kt:7)
	au.com.firemarklabs.nt.NoteDeserializable.deserialize(NoteDeserializable.kt:7)
	com.github.kittinunf.fuel.core.DeserializableKt.awaitResponse(Deserializable.kt:256)
	au.com.firemarklabs.nt.NTClient$asyncInsert$$inlined$awaitObjectResponse$1.invokeSuspend(Coroutines.kt:68)
	kotlin.coroutines.jvm.internal.BaseContinuationImpl.resumeWith(ContinuationImpl.kt:33)
	kotlinx.coroutines.DispatchedTask.run(DispatchedTask.kt:56)
	kotlinx.coroutines.scheduling.CoroutineScheduler.runSafely(CoroutineScheduler.kt:561)
	kotlinx.coroutines.scheduling.CoroutineScheduler$Worker.executeTask(CoroutineScheduler.kt:727)
	kotlinx.coroutines.scheduling.CoroutineScheduler$Worker.runWorker(CoroutineScheduler.kt:667)
	kotlinx.coroutines.scheduling.CoroutineScheduler$Worker.run(CoroutineScheduler.kt:655)

		... 2 more
	Caused by: com.fasterxml.jackson.module.kotlin.MissingKotlinParameterException: Instantiation of [simple type, class au.com.firemarklabs.nt.Note] value failed for JSON property content due to missing (therefore NULL) value for creator parameter content which is a non-nullable type
 at [Source: (String)&quot;{&quot;status&quot;:&quot;success&quot;,&quot;note&quot;:{&quot;tag&quot;:[&quot;performance&quot;],&quot;_id&quot;:&quot;614c1b8bceece30015ab9d0e&quot;,&quot;content&quot;:&quot;Note 136&quot;,&quot;__v&quot;:0}}&quot;; line: 1, column: 113] (through reference chain: au.com.firemarklabs.nt.Note[&quot;content&quot;])
		at app//com.fasterxml.jackson.module.kotlin.KotlinValueInstantiator.createFromObjectWith(KotlinValueInstantiator.kt:107)
		at app//com.fasterxml.jackson.databind.deser.impl.PropertyBasedCreator.build(PropertyBasedCreator.java:195)
		at app//com.fasterxml.jackson.databind.deser.BeanDeserializer._deserializeUsingPropertyBased(BeanDeserializer.java:488)
		at app//com.fasterxml.jackson.databind.deser.BeanDeserializerBase.deserializeFromObjectUsingNonDefault(BeanDeserializerBase.java:1287)
		at app//com.fasterxml.jackson.databind.deser.BeanDeserializer.deserializeFromObject(BeanDeserializer.java:326)
		at app//com.fasterxml.jackson.databind.deser.BeanDeserializer.deserialize(BeanDeserializer.java:159)
		at app//com.fasterxml.jackson.databind.ObjectMapper._readMapAndClose(ObjectMapper.java:4013)
		at app//com.fasterxml.jackson.databind.ObjectMapper.readValue(ObjectMapper.java:3023)
		at app//au.com.firemarklabs.nt.NoteDeserializable.deserialize(NoteDeserializable.kt:12)
		at app//au.com.firemarklabs.nt.NoteDeserializable.deserialize(NoteDeserializable.kt:7)
		at app//com.github.kittinunf.fuel.core.ResponseDeserializable$DefaultImpls.deserialize(Deserializable.kt:43)
		at app//au.com.firemarklabs.nt.NoteDeserializable.deserialize(NoteDeserializable.kt:7)
		at app//au.com.firemarklabs.nt.NoteDeserializable.deserialize(NoteDeserializable.kt:7)
		at app//com.github.kittinunf.fuel.core.DeserializableKt.awaitResponse(Deserializable.kt:256)
		at app//au.com.firemarklabs.nt.NTClient$asyncInsert$$inlined$awaitObjectResponse$1.invokeSuspend(Coroutines.kt:68)
		at app//kotlin.coroutines.jvm.internal.BaseContinuationImpl.resumeWith(ContinuationImpl.kt:33)
		at app//kotlinx.coroutines.DispatchedTask.run(DispatchedTask.kt:56)
		at app//kotlinx.coroutines.scheduling.CoroutineScheduler.runSafely(CoroutineScheduler.kt:561)
		at app//kotlinx.coroutines.scheduling.CoroutineScheduler$Worker.executeTask(CoroutineScheduler.kt:727)
		at app//kotlinx.coroutines.scheduling.CoroutineScheduler$Worker.runWorker(CoroutineScheduler.kt:667)
		at app//kotlinx.coroutines.scheduling.CoroutineScheduler$Worker.run(CoroutineScheduler.kt:655)
	Suppressed: Instantiation of [simple type, class au.com.firemarklabs.nt.Note] value failed for JSON property content due to missing (therefore NULL) value for creator parameter content which is a non-nullable type
 at [Source: (String)&quot;{&quot;status&quot;:&quot;success&quot;,&quot;note&quot;:{&quot;tag&quot;:[&quot;performance&quot;],&quot;_id&quot;:&quot;614c1b8bceece30015ab9d13&quot;,&quot;content&quot;:&quot;Note 137&quot;,&quot;__v&quot;:0}}&quot;; line: 1, column: 113] (through reference chain: au.com.firemarklabs.nt.Note[&quot;content&quot;])
	com.github.kittinunf.fuel.core.FuelError$Companion.wrap(FuelError.kt:86)
	com.github.kittinunf.fuel.core.DeserializableKt.awaitResponse(Deserializable.kt:257)
Caused by: com.fasterxml.jackson.module.kotlin.MissingKotlinParameterException: Instantiation of [simple type, class au.com.firemarklabs.nt.Note] value failed for JSON property content due to missing (therefore NULL) value for creator parameter content which is a non-nullable type
 at [Source: (String)&quot;{&quot;status&quot;:&quot;success&quot;,&quot;note&quot;:{&quot;tag&quot;:[&quot;performance&quot;],&quot;_id&quot;:&quot;614c1b8bceece30015ab9d13&quot;,&quot;content&quot;:&quot;Note 137&quot;,&quot;__v&quot;:0}}&quot;; line: 1, column: 113] (through reference chain: au.com.firemarklabs.nt.Note[&quot;content&quot;])
	com.fasterxml.jackson.module.kotlin.KotlinValueInstantiator.createFromObjectWith(KotlinValueInstantiator.kt:107)
	com.fasterxml.jackson.databind.deser.impl.PropertyBasedCreator.build(PropertyBasedCreator.java:195)
	com.fasterxml.jackson.databind.deser.BeanDeserializer._deserializeUsingPropertyBased(BeanDeserializer.java:488)
	com.fasterxml.jackson.databind.deser.BeanDeserializerBase.deserializeFromObjectUsingNonDefault(BeanDeserializerBase.java:1287)
	com.fasterxml.jackson.databind.deser.BeanDeserializer.deserializeFromObject(BeanDeserializer.java:326)
	com.fasterxml.jackson.databind.deser.BeanDeserializer.deserialize(BeanDeserializer.java:159)
	com.fasterxml.jackson.databind.ObjectMapper._readMapAndClose(ObjectMapper.java:4013)
	com.fasterxml.jackson.databind.ObjectMapper.readValue(ObjectMapper.java:3023)
	au.com.firemarklabs.nt.NoteDeserializable.deserialize(NoteDeserializable.kt:12)
	au.com.firemarklabs.nt.NoteDeserializable.deserialize(NoteDeserializable.kt:7)
	com.github.kittinunf.fuel.core.ResponseDeserializable$DefaultImpls.deserialize(Deserializable.kt:43)
	au.com.firemarklabs.nt.NoteDeserializable.deserialize(NoteDeserializable.kt:7)
	au.com.firemarklabs.nt.NoteDeserializable.deserialize(NoteDeserializable.kt:7)
	com.github.kittinunf.fuel.core.DeserializableKt.awaitResponse(Deserializable.kt:256)
	au.com.firemarklabs.nt.NTClient$asyncInsert$$inlined$awaitObjectResponse$1.invokeSuspend(Coroutines.kt:68)
	kotlin.coroutines.jvm.internal.BaseContinuationImpl.resumeWith(ContinuationImpl.kt:33)
	kotlinx.coroutines.DispatchedTask.run(DispatchedTask.kt:56)
	kotlinx.coroutines.scheduling.CoroutineScheduler.runSafely(CoroutineScheduler.kt:561)
	kotlinx.coroutines.scheduling.CoroutineScheduler$Worker.executeTask(CoroutineScheduler.kt:727)
	kotlinx.coroutines.scheduling.CoroutineScheduler$Worker.runWorker(CoroutineScheduler.kt:667)
	kotlinx.coroutines.scheduling.CoroutineScheduler$Worker.run(CoroutineScheduler.kt:655)

		... 2 more
	Caused by: com.fasterxml.jackson.module.kotlin.MissingKotlinParameterException: Instantiation of [simple type, class au.com.firemarklabs.nt.Note] value failed for JSON property content due to missing (therefore NULL) value for creator parameter content which is a non-nullable type
 at [Source: (String)&quot;{&quot;status&quot;:&quot;success&quot;,&quot;note&quot;:{&quot;tag&quot;:[&quot;performance&quot;],&quot;_id&quot;:&quot;614c1b8bceece30015ab9d13&quot;,&quot;content&quot;:&quot;Note 137&quot;,&quot;__v&quot;:0}}&quot;; line: 1, column: 113] (through reference chain: au.com.firemarklabs.nt.Note[&quot;content&quot;])
		at app//com.fasterxml.jackson.module.kotlin.KotlinValueInstantiator.createFromObjectWith(KotlinValueInstantiator.kt:107)
		at app//com.fasterxml.jackson.databind.deser.impl.PropertyBasedCreator.build(PropertyBasedCreator.java:195)
		at app//com.fasterxml.jackson.databind.deser.BeanDeserializer._deserializeUsingPropertyBased(BeanDeserializer.java:488)
		at app//com.fasterxml.jackson.databind.deser.BeanDeserializerBase.deserializeFromObjectUsingNonDefault(BeanDeserializerBase.java:1287)
		at app//com.fasterxml.jackson.databind.deser.BeanDeserializer.deserializeFromObject(BeanDeserializer.java:326)
		at app//com.fasterxml.jackson.databind.deser.BeanDeserializer.deserialize(BeanDeserializer.java:159)
		at app//com.fasterxml.jackson.databind.ObjectMapper._readMapAndClose(ObjectMapper.java:4013)
		at app//com.fasterxml.jackson.databind.ObjectMapper.readValue(ObjectMapper.java:3023)
		at app//au.com.firemarklabs.nt.NoteDeserializable.deserialize(NoteDeserializable.kt:12)
		at app//au.com.firemarklabs.nt.NoteDeserializable.deserialize(NoteDeserializable.kt:7)
		at app//com.github.kittinunf.fuel.core.ResponseDeserializable$DefaultImpls.deserialize(Deserializable.kt:43)
		at app//au.com.firemarklabs.nt.NoteDeserializable.deserialize(NoteDeserializable.kt:7)
		at app//au.com.firemarklabs.nt.NoteDeserializable.deserialize(NoteDeserializable.kt:7)
		at app//com.github.kittinunf.fuel.core.DeserializableKt.awaitResponse(Deserializable.kt:256)
		at app//au.com.firemarklabs.nt.NTClient$asyncInsert$$inlined$awaitObjectResponse$1.invokeSuspend(Coroutines.kt:68)
		at app//kotlin.coroutines.jvm.internal.BaseContinuationImpl.resumeWith(ContinuationImpl.kt:33)
		at app//kotlinx.coroutines.DispatchedTask.run(DispatchedTask.kt:56)
		at app//kotlinx.coroutines.scheduling.CoroutineScheduler.runSafely(CoroutineScheduler.kt:561)
		at app//kotlinx.coroutines.scheduling.CoroutineScheduler$Worker.executeTask(CoroutineScheduler.kt:727)
		at app//kotlinx.coroutines.scheduling.CoroutineScheduler$Worker.runWorker(CoroutineScheduler.kt:667)
		at app//kotlinx.coroutines.scheduling.CoroutineScheduler$Worker.run(CoroutineScheduler.kt:655)
	Suppressed: Instantiation of [simple type, class au.com.firemarklabs.nt.Note] value failed for JSON property content due to missing (therefore NULL) value for creator parameter content which is a non-nullable type
 at [Source: (String)&quot;{&quot;status&quot;:&quot;success&quot;,&quot;note&quot;:{&quot;tag&quot;:[&quot;performance&quot;],&quot;_id&quot;:&quot;614c1b8bceece30015ab9d14&quot;,&quot;content&quot;:&quot;Note 138&quot;,&quot;__v&quot;:0}}&quot;; line: 1, column: 113] (through reference chain: au.com.firemarklabs.nt.Note[&quot;content&quot;])
	com.github.kittinunf.fuel.core.FuelError$Companion.wrap(FuelError.kt:86)
	com.github.kittinunf.fuel.core.DeserializableKt.awaitResponse(Deserializable.kt:257)
Caused by: com.fasterxml.jackson.module.kotlin.MissingKotlinParameterException: Instantiation of [simple type, class au.com.firemarklabs.nt.Note] value failed for JSON property content due to missing (therefore NULL) value for creator parameter content which is a non-nullable type
 at [Source: (String)&quot;{&quot;status&quot;:&quot;success&quot;,&quot;note&quot;:{&quot;tag&quot;:[&quot;performance&quot;],&quot;_id&quot;:&quot;614c1b8bceece30015ab9d14&quot;,&quot;content&quot;:&quot;Note 138&quot;,&quot;__v&quot;:0}}&quot;; line: 1, column: 113] (through reference chain: au.com.firemarklabs.nt.Note[&quot;content&quot;])
	com.fasterxml.jackson.module.kotlin.KotlinValueInstantiator.createFromObjectWith(KotlinValueInstantiator.kt:107)
	com.fasterxml.jackson.databind.deser.impl.PropertyBasedCreator.build(PropertyBasedCreator.java:195)
	com.fasterxml.jackson.databind.deser.BeanDeserializer._deserializeUsingPropertyBased(BeanDeserializer.java:488)
	com.fasterxml.jackson.databind.deser.BeanDeserializerBase.deserializeFromObjectUsingNonDefault(BeanDeserializerBase.java:1287)
	com.fasterxml.jackson.databind.deser.BeanDeserializer.deserializeFromObject(BeanDeserializer.java:326)
	com.fasterxml.jackson.databind.deser.BeanDeserializer.deserialize(BeanDeserializer.java:159)
	com.fasterxml.jackson.databind.ObjectMapper._readMapAndClose(ObjectMapper.java:4013)
	com.fasterxml.jackson.databind.ObjectMapper.readValue(ObjectMapper.java:3023)
	au.com.firemarklabs.nt.NoteDeserializable.deserialize(NoteDeserializable.kt:12)
	au.com.firemarklabs.nt.NoteDeserializable.deserialize(NoteDeserializable.kt:7)
	com.github.kittinunf.fuel.core.ResponseDeserializable$DefaultImpls.deserialize(Deserializable.kt:43)
	au.com.firemarklabs.nt.NoteDeserializable.deserialize(NoteDeserializable.kt:7)
	au.com.firemarklabs.nt.NoteDeserializable.deserialize(NoteDeserializable.kt:7)
	com.github.kittinunf.fuel.core.DeserializableKt.awaitResponse(Deserializable.kt:256)
	au.com.firemarklabs.nt.NTClient$asyncInsert$$inlined$awaitObjectResponse$1.invokeSuspend(Coroutines.kt:68)
	kotlin.coroutines.jvm.internal.BaseContinuationImpl.resumeWith(ContinuationImpl.kt:33)
	kotlinx.coroutines.DispatchedTask.run(DispatchedTask.kt:56)
	kotlinx.coroutines.scheduling.CoroutineScheduler.runSafely(CoroutineScheduler.kt:561)
	kotlinx.coroutines.scheduling.CoroutineScheduler$Worker.executeTask(CoroutineScheduler.kt:727)
	kotlinx.coroutines.scheduling.CoroutineScheduler$Worker.runWorker(CoroutineScheduler.kt:667)
	kotlinx.coroutines.scheduling.CoroutineScheduler$Worker.run(CoroutineScheduler.kt:655)

		... 2 more
	Caused by: com.fasterxml.jackson.module.kotlin.MissingKotlinParameterException: Instantiation of [simple type, class au.com.firemarklabs.nt.Note] value failed for JSON property content due to missing (therefore NULL) value for creator parameter content which is a non-nullable type
 at [Source: (String)&quot;{&quot;status&quot;:&quot;success&quot;,&quot;note&quot;:{&quot;tag&quot;:[&quot;performance&quot;],&quot;_id&quot;:&quot;614c1b8bceece30015ab9d14&quot;,&quot;content&quot;:&quot;Note 138&quot;,&quot;__v&quot;:0}}&quot;; line: 1, column: 113] (through reference chain: au.com.firemarklabs.nt.Note[&quot;content&quot;])
		at app//com.fasterxml.jackson.module.kotlin.KotlinValueInstantiator.createFromObjectWith(KotlinValueInstantiator.kt:107)
		at app//com.fasterxml.jackson.databind.deser.impl.PropertyBasedCreator.build(PropertyBasedCreator.java:195)
		at app//com.fasterxml.jackson.databind.deser.BeanDeserializer._deserializeUsingPropertyBased(BeanDeserializer.java:488)
		at app//com.fasterxml.jackson.databind.deser.BeanDeserializerBase.deserializeFromObjectUsingNonDefault(BeanDeserializerBase.java:1287)
		at app//com.fasterxml.jackson.databind.deser.BeanDeserializer.deserializeFromObject(BeanDeserializer.java:326)
		at app//com.fasterxml.jackson.databind.deser.BeanDeserializer.deserialize(BeanDeserializer.java:159)
		at app//com.fasterxml.jackson.databind.ObjectMapper._readMapAndClose(ObjectMapper.java:4013)
		at app//com.fasterxml.jackson.databind.ObjectMapper.readValue(ObjectMapper.java:3023)
		at app//au.com.firemarklabs.nt.NoteDeserializable.deserialize(NoteDeserializable.kt:12)
		at app//au.com.firemarklabs.nt.NoteDeserializable.deserialize(NoteDeserializable.kt:7)
		at app//com.github.kittinunf.fuel.core.ResponseDeserializable$DefaultImpls.deserialize(Deserializable.kt:43)
		at app//au.com.firemarklabs.nt.NoteDeserializable.deserialize(NoteDeserializable.kt:7)
		at app//au.com.firemarklabs.nt.NoteDeserializable.deserialize(NoteDeserializable.kt:7)
		at app//com.github.kittinunf.fuel.core.DeserializableKt.awaitResponse(Deserializable.kt:256)
		at app//au.com.firemarklabs.nt.NTClient$asyncInsert$$inlined$awaitObjectResponse$1.invokeSuspend(Coroutines.kt:68)
		at app//kotlin.coroutines.jvm.internal.BaseContinuationImpl.resumeWith(ContinuationImpl.kt:33)
		at app//kotlinx.coroutines.DispatchedTask.run(DispatchedTask.kt:56)
		at app//kotlinx.coroutines.scheduling.CoroutineScheduler.runSafely(CoroutineScheduler.kt:561)
		at app//kotlinx.coroutines.scheduling.CoroutineScheduler$Worker.executeTask(CoroutineScheduler.kt:727)
		at app//kotlinx.coroutines.scheduling.CoroutineScheduler$Worker.runWorker(CoroutineScheduler.kt:667)
		at app//kotlinx.coroutines.scheduling.CoroutineScheduler$Worker.run(CoroutineScheduler.kt:655)
	Suppressed: Instantiation of [simple type, class au.com.firemarklabs.nt.Note] value failed for JSON property content due to missing (therefore NULL) value for creator parameter content which is a non-nullable type
 at [Source: (String)&quot;{&quot;status&quot;:&quot;success&quot;,&quot;note&quot;:{&quot;tag&quot;:[&quot;performance&quot;],&quot;_id&quot;:&quot;614c1b8bceece30015ab9d15&quot;,&quot;content&quot;:&quot;Note 139&quot;,&quot;__v&quot;:0}}&quot;; line: 1, column: 113] (through reference chain: au.com.firemarklabs.nt.Note[&quot;content&quot;])
	com.github.kittinunf.fuel.core.FuelError$Companion.wrap(FuelError.kt:86)
	com.github.kittinunf.fuel.core.DeserializableKt.awaitResponse(Deserializable.kt:257)
Caused by: com.fasterxml.jackson.module.kotlin.MissingKotlinParameterException: Instantiation of [simple type, class au.com.firemarklabs.nt.Note] value failed for JSON property content due to missing (therefore NULL) value for creator parameter content which is a non-nullable type
 at [Source: (String)&quot;{&quot;status&quot;:&quot;success&quot;,&quot;note&quot;:{&quot;tag&quot;:[&quot;performance&quot;],&quot;_id&quot;:&quot;614c1b8bceece30015ab9d15&quot;,&quot;content&quot;:&quot;Note 139&quot;,&quot;__v&quot;:0}}&quot;; line: 1, column: 113] (through reference chain: au.com.firemarklabs.nt.Note[&quot;content&quot;])
	com.fasterxml.jackson.module.kotlin.KotlinValueInstantiator.createFromObjectWith(KotlinValueInstantiator.kt:107)
	com.fasterxml.jackson.databind.deser.impl.PropertyBasedCreator.build(PropertyBasedCreator.java:195)
	com.fasterxml.jackson.databind.deser.BeanDeserializer._deserializeUsingPropertyBased(BeanDeserializer.java:488)
	com.fasterxml.jackson.databind.deser.BeanDeserializerBase.deserializeFromObjectUsingNonDefault(BeanDeserializerBase.java:1287)
	com.fasterxml.jackson.databind.deser.BeanDeserializer.deserializeFromObject(BeanDeserializer.java:326)
	com.fasterxml.jackson.databind.deser.BeanDeserializer.deserialize(BeanDeserializer.java:159)
	com.fasterxml.jackson.databind.ObjectMapper._readMapAndClose(ObjectMapper.java:4013)
	com.fasterxml.jackson.databind.ObjectMapper.readValue(ObjectMapper.java:3023)
	au.com.firemarklabs.nt.NoteDeserializable.deserialize(NoteDeserializable.kt:12)
	au.com.firemarklabs.nt.NoteDeserializable.deserialize(NoteDeserializable.kt:7)
	com.github.kittinunf.fuel.core.ResponseDeserializable$DefaultImpls.deserialize(Deserializable.kt:43)
	au.com.firemarklabs.nt.NoteDeserializable.deserialize(NoteDeserializable.kt:7)
	au.com.firemarklabs.nt.NoteDeserializable.deserialize(NoteDeserializable.kt:7)
	com.github.kittinunf.fuel.core.DeserializableKt.awaitResponse(Deserializable.kt:256)
	au.com.firemarklabs.nt.NTClient$asyncInsert$$inlined$awaitObjectResponse$1.invokeSuspend(Coroutines.kt:68)
	kotlin.coroutines.jvm.internal.BaseContinuationImpl.resumeWith(ContinuationImpl.kt:33)
	kotlinx.coroutines.DispatchedTask.run(DispatchedTask.kt:56)
	kotlinx.coroutines.scheduling.CoroutineScheduler.runSafely(CoroutineScheduler.kt:561)
	kotlinx.coroutines.scheduling.CoroutineScheduler$Worker.executeTask(CoroutineScheduler.kt:727)
	kotlinx.coroutines.scheduling.CoroutineScheduler$Worker.runWorker(CoroutineScheduler.kt:667)
	kotlinx.coroutines.scheduling.CoroutineScheduler$Worker.run(CoroutineScheduler.kt:655)

		... 2 more
	Caused by: com.fasterxml.jackson.module.kotlin.MissingKotlinParameterException: Instantiation of [simple type, class au.com.firemarklabs.nt.Note] value failed for JSON property content due to missing (therefore NULL) value for creator parameter content which is a non-nullable type
 at [Source: (String)&quot;{&quot;status&quot;:&quot;success&quot;,&quot;note&quot;:{&quot;tag&quot;:[&quot;performance&quot;],&quot;_id&quot;:&quot;614c1b8bceece30015ab9d15&quot;,&quot;content&quot;:&quot;Note 139&quot;,&quot;__v&quot;:0}}&quot;; line: 1, column: 113] (through reference chain: au.com.firemarklabs.nt.Note[&quot;content&quot;])
		at app//com.fasterxml.jackson.module.kotlin.KotlinValueInstantiator.createFromObjectWith(KotlinValueInstantiator.kt:107)
		at app//com.fasterxml.jackson.databind.deser.impl.PropertyBasedCreator.build(PropertyBasedCreator.java:195)
		at app//com.fasterxml.jackson.databind.deser.BeanDeserializer._deserializeUsingPropertyBased(BeanDeserializer.java:488)
		at app//com.fasterxml.jackson.databind.deser.BeanDeserializerBase.deserializeFromObjectUsingNonDefault(BeanDeserializerBase.java:1287)
		at app//com.fasterxml.jackson.databind.deser.BeanDeserializer.deserializeFromObject(BeanDeserializer.java:326)
		at app//com.fasterxml.jackson.databind.deser.BeanDeserializer.deserialize(BeanDeserializer.java:159)
		at app//com.fasterxml.jackson.databind.ObjectMapper._readMapAndClose(ObjectMapper.java:4013)
		at app//com.fasterxml.jackson.databind.ObjectMapper.readValue(ObjectMapper.java:3023)
		at app//au.com.firemarklabs.nt.NoteDeserializable.deserialize(NoteDeserializable.kt:12)
		at app//au.com.firemarklabs.nt.NoteDeserializable.deserialize(NoteDeserializable.kt:7)
		at app//com.github.kittinunf.fuel.core.ResponseDeserializable$DefaultImpls.deserialize(Deserializable.kt:43)
		at app//au.com.firemarklabs.nt.NoteDeserializable.deserialize(NoteDeserializable.kt:7)
		at app//au.com.firemarklabs.nt.NoteDeserializable.deserialize(NoteDeserializable.kt:7)
		at app//com.github.kittinunf.fuel.core.DeserializableKt.awaitResponse(Deserializable.kt:256)
		at app//au.com.firemarklabs.nt.NTClient$asyncInsert$$inlined$awaitObjectResponse$1.invokeSuspend(Coroutines.kt:68)
		at app//kotlin.coroutines.jvm.internal.BaseContinuationImpl.resumeWith(ContinuationImpl.kt:33)
		at app//kotlinx.coroutines.DispatchedTask.run(DispatchedTask.kt:56)
		at app//kotlinx.coroutines.scheduling.CoroutineScheduler.runSafely(CoroutineScheduler.kt:561)
		at app//kotlinx.coroutines.scheduling.CoroutineScheduler$Worker.executeTask(CoroutineScheduler.kt:727)
		at app//kotlinx.coroutines.scheduling.CoroutineScheduler$Worker.runWorker(CoroutineScheduler.kt:667)
		at app//kotlinx.coroutines.scheduling.CoroutineScheduler$Worker.run(CoroutineScheduler.kt:655)
	Suppressed: Instantiation of [simple type, class au.com.firemarklabs.nt.Note] value failed for JSON property content due to missing (therefore NULL) value for creator parameter content which is a non-nullable type
 at [Source: (String)&quot;{&quot;status&quot;:&quot;success&quot;,&quot;note&quot;:{&quot;tag&quot;:[&quot;performance&quot;],&quot;_id&quot;:&quot;614c1b8bceece30015ab9d16&quot;,&quot;content&quot;:&quot;Note 140&quot;,&quot;__v&quot;:0}}&quot;; line: 1, column: 113] (through reference chain: au.com.firemarklabs.nt.Note[&quot;content&quot;])
	com.github.kittinunf.fuel.core.FuelError$Companion.wrap(FuelError.kt:86)
	com.github.kittinunf.fuel.core.DeserializableKt.awaitResponse(Deserializable.kt:257)
Caused by: com.fasterxml.jackson.module.kotlin.MissingKotlinParameterException: Instantiation of [simple type, class au.com.firemarklabs.nt.Note] value failed for JSON property content due to missing (therefore NULL) value for creator parameter content which is a non-nullable type
 at [Source: (String)&quot;{&quot;status&quot;:&quot;success&quot;,&quot;note&quot;:{&quot;tag&quot;:[&quot;performance&quot;],&quot;_id&quot;:&quot;614c1b8bceece30015ab9d16&quot;,&quot;content&quot;:&quot;Note 140&quot;,&quot;__v&quot;:0}}&quot;; line: 1, column: 113] (through reference chain: au.com.firemarklabs.nt.Note[&quot;content&quot;])
	com.fasterxml.jackson.module.kotlin.KotlinValueInstantiator.createFromObjectWith(KotlinValueInstantiator.kt:107)
	com.fasterxml.jackson.databind.deser.impl.PropertyBasedCreator.build(PropertyBasedCreator.java:195)
	com.fasterxml.jackson.databind.deser.BeanDeserializer._deserializeUsingPropertyBased(BeanDeserializer.java:488)
	com.fasterxml.jackson.databind.deser.BeanDeserializerBase.deserializeFromObjectUsingNonDefault(BeanDeserializerBase.java:1287)
	com.fasterxml.jackson.databind.deser.BeanDeserializer.deserializeFromObject(BeanDeserializer.java:326)
	com.fasterxml.jackson.databind.deser.BeanDeserializer.deserialize(BeanDeserializer.java:159)
	com.fasterxml.jackson.databind.ObjectMapper._readMapAndClose(ObjectMapper.java:4013)
	com.fasterxml.jackson.databind.ObjectMapper.readValue(ObjectMapper.java:3023)
	au.com.firemarklabs.nt.NoteDeserializable.deserialize(NoteDeserializable.kt:12)
	au.com.firemarklabs.nt.NoteDeserializable.deserialize(NoteDeserializable.kt:7)
	com.github.kittinunf.fuel.core.ResponseDeserializable$DefaultImpls.deserialize(Deserializable.kt:43)
	au.com.firemarklabs.nt.NoteDeserializable.deserialize(NoteDeserializable.kt:7)
	au.com.firemarklabs.nt.NoteDeserializable.deserialize(NoteDeserializable.kt:7)
	com.github.kittinunf.fuel.core.DeserializableKt.awaitResponse(Deserializable.kt:256)
	au.com.firemarklabs.nt.NTClient$asyncInsert$$inlined$awaitObjectResponse$1.invokeSuspend(Coroutines.kt:68)
	kotlin.coroutines.jvm.internal.BaseContinuationImpl.resumeWith(ContinuationImpl.kt:33)
	kotlinx.coroutines.DispatchedTask.run(DispatchedTask.kt:56)
	kotlinx.coroutines.scheduling.CoroutineScheduler.runSafely(CoroutineScheduler.kt:561)
	kotlinx.coroutines.scheduling.CoroutineScheduler$Worker.executeTask(CoroutineScheduler.kt:727)
	kotlinx.coroutines.scheduling.CoroutineScheduler$Worker.runWorker(CoroutineScheduler.kt:667)
	kotlinx.coroutines.scheduling.CoroutineScheduler$Worker.run(CoroutineScheduler.kt:655)

		... 2 more
	Caused by: com.fasterxml.jackson.module.kotlin.MissingKotlinParameterException: Instantiation of [simple type, class au.com.firemarklabs.nt.Note] value failed for JSON property content due to missing (therefore NULL) value for creator parameter content which is a non-nullable type
 at [Source: (String)&quot;{&quot;status&quot;:&quot;success&quot;,&quot;note&quot;:{&quot;tag&quot;:[&quot;performance&quot;],&quot;_id&quot;:&quot;614c1b8bceece30015ab9d16&quot;,&quot;content&quot;:&quot;Note 140&quot;,&quot;__v&quot;:0}}&quot;; line: 1, column: 113] (through reference chain: au.com.firemarklabs.nt.Note[&quot;content&quot;])
		at app//com.fasterxml.jackson.module.kotlin.KotlinValueInstantiator.createFromObjectWith(KotlinValueInstantiator.kt:107)
		at app//com.fasterxml.jackson.databind.deser.impl.PropertyBasedCreator.build(PropertyBasedCreator.java:195)
		at app//com.fasterxml.jackson.databind.deser.BeanDeserializer._deserializeUsingPropertyBased(BeanDeserializer.java:488)
		at app//com.fasterxml.jackson.databind.deser.BeanDeserializerBase.deserializeFromObjectUsingNonDefault(BeanDeserializerBase.java:1287)
		at app//com.fasterxml.jackson.databind.deser.BeanDeserializer.deserializeFromObject(BeanDeserializer.java:326)
		at app//com.fasterxml.jackson.databind.deser.BeanDeserializer.deserialize(BeanDeserializer.java:159)
		at app//com.fasterxml.jackson.databind.ObjectMapper._readMapAndClose(ObjectMapper.java:4013)
		at app//com.fasterxml.jackson.databind.ObjectMapper.readValue(ObjectMapper.java:3023)
		at app//au.com.firemarklabs.nt.NoteDeserializable.deserialize(NoteDeserializable.kt:12)
		at app//au.com.firemarklabs.nt.NoteDeserializable.deserialize(NoteDeserializable.kt:7)
		at app//com.github.kittinunf.fuel.core.ResponseDeserializable$DefaultImpls.deserialize(Deserializable.kt:43)
		at app//au.com.firemarklabs.nt.NoteDeserializable.deserialize(NoteDeserializable.kt:7)
		at app//au.com.firemarklabs.nt.NoteDeserializable.deserialize(NoteDeserializable.kt:7)
		at app//com.github.kittinunf.fuel.core.DeserializableKt.awaitResponse(Deserializable.kt:256)
		at app//au.com.firemarklabs.nt.NTClient$asyncInsert$$inlined$awaitObjectResponse$1.invokeSuspend(Coroutines.kt:68)
		at app//kotlin.coroutines.jvm.internal.BaseContinuationImpl.resumeWith(ContinuationImpl.kt:33)
		at app//kotlinx.coroutines.DispatchedTask.run(DispatchedTask.kt:56)
		at app//kotlinx.coroutines.scheduling.CoroutineScheduler.runSafely(CoroutineScheduler.kt:561)
		at app//kotlinx.coroutines.scheduling.CoroutineScheduler$Worker.executeTask(CoroutineScheduler.kt:727)
		at app//kotlinx.coroutines.scheduling.CoroutineScheduler$Worker.runWorker(CoroutineScheduler.kt:667)
		at app//kotlinx.coroutines.scheduling.CoroutineScheduler$Worker.run(CoroutineScheduler.kt:655)
	Suppressed: Instantiation of [simple type, class au.com.firemarklabs.nt.Note] value failed for JSON property content due to missing (therefore NULL) value for creator parameter content which is a non-nullable type
 at [Source: (String)&quot;{&quot;status&quot;:&quot;success&quot;,&quot;note&quot;:{&quot;tag&quot;:[&quot;performance&quot;],&quot;_id&quot;:&quot;614c1b8bceece30015ab9d19&quot;,&quot;content&quot;:&quot;Note 1719&quot;,&quot;__v&quot;:0}}&quot;; line: 1, column: 114] (through reference chain: au.com.firemarklabs.nt.Note[&quot;content&quot;])
	com.github.kittinunf.fuel.core.FuelError$Companion.wrap(FuelError.kt:86)
	com.github.kittinunf.fuel.core.DeserializableKt.awaitResponse(Deserializable.kt:257)
Caused by: com.fasterxml.jackson.module.kotlin.MissingKotlinParameterException: Instantiation of [simple type, class au.com.firemarklabs.nt.Note] value failed for JSON property content due to missing (therefore NULL) value for creator parameter content which is a non-nullable type
 at [Source: (String)&quot;{&quot;status&quot;:&quot;success&quot;,&quot;note&quot;:{&quot;tag&quot;:[&quot;performance&quot;],&quot;_id&quot;:&quot;614c1b8bceece30015ab9d19&quot;,&quot;content&quot;:&quot;Note 1719&quot;,&quot;__v&quot;:0}}&quot;; line: 1, column: 114] (through reference chain: au.com.firemarklabs.nt.Note[&quot;content&quot;])
	com.fasterxml.jackson.module.kotlin.KotlinValueInstantiator.createFromObjectWith(KotlinValueInstantiator.kt:107)
	com.fasterxml.jackson.databind.deser.impl.PropertyBasedCreator.build(PropertyBasedCreator.java:195)
	com.fasterxml.jackson.databind.deser.BeanDeserializer._deserializeUsingPropertyBased(BeanDeserializer.java:488)
	com.fasterxml.jackson.databind.deser.BeanDeserializerBase.deserializeFromObjectUsingNonDefault(BeanDeserializerBase.java:1287)
	com.fasterxml.jackson.databind.deser.BeanDeserializer.deserializeFromObject(BeanDeserializer.java:326)
	com.fasterxml.jackson.databind.deser.BeanDeserializer.deserialize(BeanDeserializer.java:159)
	com.fasterxml.jackson.databind.ObjectMapper._readMapAndClose(ObjectMapper.java:4013)
	com.fasterxml.jackson.databind.ObjectMapper.readValue(ObjectMapper.java:3023)
	au.com.firemarklabs.nt.NoteDeserializable.deserialize(NoteDeserializable.kt:12)
	au.com.firemarklabs.nt.NoteDeserializable.deserialize(NoteDeserializable.kt:7)
	com.github.kittinunf.fuel.core.ResponseDeserializable$DefaultImpls.deserialize(Deserializable.kt:43)
	au.com.firemarklabs.nt.NoteDeserializable.deserialize(NoteDeserializable.kt:7)
	au.com.firemarklabs.nt.NoteDeserializable.deserialize(NoteDeserializable.kt:7)
	com.github.kittinunf.fuel.core.DeserializableKt.awaitResponse(Deserializable.kt:256)
	au.com.firemarklabs.nt.NTClient$asyncInsert$$inlined$awaitObjectResponse$1.invokeSuspend(Coroutines.kt:68)
	kotlin.coroutines.jvm.internal.BaseContinuationImpl.resumeWith(ContinuationImpl.kt:33)
	kotlinx.coroutines.DispatchedTask.run(DispatchedTask.kt:56)
	kotlinx.coroutines.scheduling.CoroutineScheduler.runSafely(CoroutineScheduler.kt:561)
	kotlinx.coroutines.scheduling.CoroutineScheduler$Worker.executeTask(CoroutineScheduler.kt:727)
	kotlinx.coroutines.scheduling.CoroutineScheduler$Worker.runWorker(CoroutineScheduler.kt:667)
	kotlinx.coroutines.scheduling.CoroutineScheduler$Worker.run(CoroutineScheduler.kt:655)

		... 2 more
	Caused by: com.fasterxml.jackson.module.kotlin.MissingKotlinParameterException: Instantiation of [simple type, class au.com.firemarklabs.nt.Note] value failed for JSON property content due to missing (therefore NULL) value for creator parameter content which is a non-nullable type
 at [Source: (String)&quot;{&quot;status&quot;:&quot;success&quot;,&quot;note&quot;:{&quot;tag&quot;:[&quot;performance&quot;],&quot;_id&quot;:&quot;614c1b8bceece30015ab9d19&quot;,&quot;content&quot;:&quot;Note 1719&quot;,&quot;__v&quot;:0}}&quot;; line: 1, column: 114] (through reference chain: au.com.firemarklabs.nt.Note[&quot;content&quot;])
		at app//com.fasterxml.jackson.module.kotlin.KotlinValueInstantiator.createFromObjectWith(KotlinValueInstantiator.kt:107)
		at app//com.fasterxml.jackson.databind.deser.impl.PropertyBasedCreator.build(PropertyBasedCreator.java:195)
		at app//com.fasterxml.jackson.databind.deser.BeanDeserializer._deserializeUsingPropertyBased(BeanDeserializer.java:488)
		at app//com.fasterxml.jackson.databind.deser.BeanDeserializerBase.deserializeFromObjectUsingNonDefault(BeanDeserializerBase.java:1287)
		at app//com.fasterxml.jackson.databind.deser.BeanDeserializer.deserializeFromObject(BeanDeserializer.java:326)
		at app//com.fasterxml.jackson.databind.deser.BeanDeserializer.deserialize(BeanDeserializer.java:159)
		at app//com.fasterxml.jackson.databind.ObjectMapper._readMapAndClose(ObjectMapper.java:4013)
		at app//com.fasterxml.jackson.databind.ObjectMapper.readValue(ObjectMapper.java:3023)
		at app//au.com.firemarklabs.nt.NoteDeserializable.deserialize(NoteDeserializable.kt:12)
		at app//au.com.firemarklabs.nt.NoteDeserializable.deserialize(NoteDeserializable.kt:7)
		at app//com.github.kittinunf.fuel.core.ResponseDeserializable$DefaultImpls.deserialize(Deserializable.kt:43)
		at app//au.com.firemarklabs.nt.NoteDeserializable.deserialize(NoteDeserializable.kt:7)
		at app//au.com.firemarklabs.nt.NoteDeserializable.deserialize(NoteDeserializable.kt:7)
		at app//com.github.kittinunf.fuel.core.DeserializableKt.awaitResponse(Deserializable.kt:256)
		at app//au.com.firemarklabs.nt.NTClient$asyncInsert$$inlined$awaitObjectResponse$1.invokeSuspend(Coroutines.kt:68)
		at app//kotlin.coroutines.jvm.internal.BaseContinuationImpl.resumeWith(ContinuationImpl.kt:33)
		at app//kotlinx.coroutines.DispatchedTask.run(DispatchedTask.kt:56)
		at app//kotlinx.coroutines.scheduling.CoroutineScheduler.runSafely(CoroutineScheduler.kt:561)
		at app//kotlinx.coroutines.scheduling.CoroutineScheduler$Worker.executeTask(CoroutineScheduler.kt:727)
		at app//kotlinx.coroutines.scheduling.CoroutineScheduler$Worker.runWorker(CoroutineScheduler.kt:667)
		at app//kotlinx.coroutines.scheduling.CoroutineScheduler$Worker.run(CoroutineScheduler.kt:655)
	Suppressed: Instantiation of [simple type, class au.com.firemarklabs.nt.Note] value failed for JSON property content due to missing (therefore NULL) value for creator parameter content which is a non-nullable type
 at [Source: (String)&quot;{&quot;status&quot;:&quot;success&quot;,&quot;note&quot;:{&quot;tag&quot;:[&quot;performance&quot;],&quot;_id&quot;:&quot;614c1b8bceece30015ab9d1a&quot;,&quot;content&quot;:&quot;Note 1718&quot;,&quot;__v&quot;:0}}&quot;; line: 1, column: 114] (through reference chain: au.com.firemarklabs.nt.Note[&quot;content&quot;])
	com.github.kittinunf.fuel.core.FuelError$Companion.wrap(FuelError.kt:86)
	com.github.kittinunf.fuel.core.DeserializableKt.awaitResponse(Deserializable.kt:257)
Caused by: com.fasterxml.jackson.module.kotlin.MissingKotlinParameterException: Instantiation of [simple type, class au.com.firemarklabs.nt.Note] value failed for JSON property content due to missing (therefore NULL) value for creator parameter content which is a non-nullable type
 at [Source: (String)&quot;{&quot;status&quot;:&quot;success&quot;,&quot;note&quot;:{&quot;tag&quot;:[&quot;performance&quot;],&quot;_id&quot;:&quot;614c1b8bceece30015ab9d1a&quot;,&quot;content&quot;:&quot;Note 1718&quot;,&quot;__v&quot;:0}}&quot;; line: 1, column: 114] (through reference chain: au.com.firemarklabs.nt.Note[&quot;content&quot;])
	com.fasterxml.jackson.module.kotlin.KotlinValueInstantiator.createFromObjectWith(KotlinValueInstantiator.kt:107)
	com.fasterxml.jackson.databind.deser.impl.PropertyBasedCreator.build(PropertyBasedCreator.java:195)
	com.fasterxml.jackson.databind.deser.BeanDeserializer._deserializeUsingPropertyBased(BeanDeserializer.java:488)
	com.fasterxml.jackson.databind.deser.BeanDeserializerBase.deserializeFromObjectUsingNonDefault(BeanDeserializerBase.java:1287)
	com.fasterxml.jackson.databind.deser.BeanDeserializer.deserializeFromObject(BeanDeserializer.java:326)
	com.fasterxml.jackson.databind.deser.BeanDeserializer.deserialize(BeanDeserializer.java:159)
	com.fasterxml.jackson.databind.ObjectMapper._readMapAndClose(ObjectMapper.java:4013)
	com.fasterxml.jackson.databind.ObjectMapper.readValue(ObjectMapper.java:3023)
	au.com.firemarklabs.nt.NoteDeserializable.deserialize(NoteDeserializable.kt:12)
	au.com.firemarklabs.nt.NoteDeserializable.deserialize(NoteDeserializable.kt:7)
	com.github.kittinunf.fuel.core.ResponseDeserializable$DefaultImpls.deserialize(Deserializable.kt:43)
	au.com.firemarklabs.nt.NoteDeserializable.deserialize(NoteDeserializable.kt:7)
	au.com.firemarklabs.nt.NoteDeserializable.deserialize(NoteDeserializable.kt:7)
	com.github.kittinunf.fuel.core.DeserializableKt.awaitResponse(Deserializable.kt:256)
	au.com.firemarklabs.nt.NTClient$asyncInsert$$inlined$awaitObjectResponse$1.invokeSuspend(Coroutines.kt:68)
	kotlin.coroutines.jvm.internal.BaseContinuationImpl.resumeWith(ContinuationImpl.kt:33)
	kotlinx.coroutines.DispatchedTask.run(DispatchedTask.kt:56)
	kotlinx.coroutines.scheduling.CoroutineScheduler.runSafely(CoroutineScheduler.kt:561)
	kotlinx.coroutines.scheduling.CoroutineScheduler$Worker.executeTask(CoroutineScheduler.kt:727)
	kotlinx.coroutines.scheduling.CoroutineScheduler$Worker.runWorker(CoroutineScheduler.kt:667)
	kotlinx.coroutines.scheduling.CoroutineScheduler$Worker.run(CoroutineScheduler.kt:655)

		... 2 more
	Caused by: com.fasterxml.jackson.module.kotlin.MissingKotlinParameterException: Instantiation of [simple type, class au.com.firemarklabs.nt.Note] value failed for JSON property content due to missing (therefore NULL) value for creator parameter content which is a non-nullable type
 at [Source: (String)&quot;{&quot;status&quot;:&quot;success&quot;,&quot;note&quot;:{&quot;tag&quot;:[&quot;performance&quot;],&quot;_id&quot;:&quot;614c1b8bceece30015ab9d1a&quot;,&quot;content&quot;:&quot;Note 1718&quot;,&quot;__v&quot;:0}}&quot;; line: 1, column: 114] (through reference chain: au.com.firemarklabs.nt.Note[&quot;content&quot;])
		at app//com.fasterxml.jackson.module.kotlin.KotlinValueInstantiator.createFromObjectWith(KotlinValueInstantiator.kt:107)
		at app//com.fasterxml.jackson.databind.deser.impl.PropertyBasedCreator.build(PropertyBasedCreator.java:195)
		at app//com.fasterxml.jackson.databind.deser.BeanDeserializer._deserializeUsingPropertyBased(BeanDeserializer.java:488)
		at app//com.fasterxml.jackson.databind.deser.BeanDeserializerBase.deserializeFromObjectUsingNonDefault(BeanDeserializerBase.java:1287)
		at app//com.fasterxml.jackson.databind.deser.BeanDeserializer.deserializeFromObject(BeanDeserializer.java:326)
		at app//com.fasterxml.jackson.databind.deser.BeanDeserializer.deserialize(BeanDeserializer.java:159)
		at app//com.fasterxml.jackson.databind.ObjectMapper._readMapAndClose(ObjectMapper.java:4013)
		at app//com.fasterxml.jackson.databind.ObjectMapper.readValue(ObjectMapper.java:3023)
		at app//au.com.firemarklabs.nt.NoteDeserializable.deserialize(NoteDeserializable.kt:12)
		at app//au.com.firemarklabs.nt.NoteDeserializable.deserialize(NoteDeserializable.kt:7)
		at app//com.github.kittinunf.fuel.core.ResponseDeserializable$DefaultImpls.deserialize(Deserializable.kt:43)
		at app//au.com.firemarklabs.nt.NoteDeserializable.deserialize(NoteDeserializable.kt:7)
		at app//au.com.firemarklabs.nt.NoteDeserializable.deserialize(NoteDeserializable.kt:7)
		at app//com.github.kittinunf.fuel.core.DeserializableKt.awaitResponse(Deserializable.kt:256)
		at app//au.com.firemarklabs.nt.NTClient$asyncInsert$$inlined$awaitObjectResponse$1.invokeSuspend(Coroutines.kt:68)
		at app//kotlin.coroutines.jvm.internal.BaseContinuationImpl.resumeWith(ContinuationImpl.kt:33)
		at app//kotlinx.coroutines.DispatchedTask.run(DispatchedTask.kt:56)
		at app//kotlinx.coroutines.scheduling.CoroutineScheduler.runSafely(CoroutineScheduler.kt:561)
		at app//kotlinx.coroutines.scheduling.CoroutineScheduler$Worker.executeTask(CoroutineScheduler.kt:727)
		at app//kotlinx.coroutines.scheduling.CoroutineScheduler$Worker.runWorker(CoroutineScheduler.kt:667)
		at app//kotlinx.coroutines.scheduling.CoroutineScheduler$Worker.run(CoroutineScheduler.kt:655)
	Suppressed: Instantiation of [simple type, class au.com.firemarklabs.nt.Note] value failed for JSON property content due to missing (therefore NULL) value for creator parameter content which is a non-nullable type
 at [Source: (String)&quot;{&quot;status&quot;:&quot;success&quot;,&quot;note&quot;:{&quot;tag&quot;:[&quot;performance&quot;],&quot;_id&quot;:&quot;614c1b8bceece30015ab9d1b&quot;,&quot;content&quot;:&quot;Note 1720&quot;,&quot;__v&quot;:0}}&quot;; line: 1, column: 114] (through reference chain: au.com.firemarklabs.nt.Note[&quot;content&quot;])
	com.github.kittinunf.fuel.core.FuelError$Companion.wrap(FuelError.kt:86)
	com.github.kittinunf.fuel.core.DeserializableKt.awaitResponse(Deserializable.kt:257)
Caused by: com.fasterxml.jackson.module.kotlin.MissingKotlinParameterException: Instantiation of [simple type, class au.com.firemarklabs.nt.Note] value failed for JSON property content due to missing (therefore NULL) value for creator parameter content which is a non-nullable type
 at [Source: (String)&quot;{&quot;status&quot;:&quot;success&quot;,&quot;note&quot;:{&quot;tag&quot;:[&quot;performance&quot;],&quot;_id&quot;:&quot;614c1b8bceece30015ab9d1b&quot;,&quot;content&quot;:&quot;Note 1720&quot;,&quot;__v&quot;:0}}&quot;; line: 1, column: 114] (through reference chain: au.com.firemarklabs.nt.Note[&quot;content&quot;])
	com.fasterxml.jackson.module.kotlin.KotlinValueInstantiator.createFromObjectWith(KotlinValueInstantiator.kt:107)
	com.fasterxml.jackson.databind.deser.impl.PropertyBasedCreator.build(PropertyBasedCreator.java:195)
	com.fasterxml.jackson.databind.deser.BeanDeserializer._deserializeUsingPropertyBased(BeanDeserializer.java:488)
	com.fasterxml.jackson.databind.deser.BeanDeserializerBase.deserializeFromObjectUsingNonDefault(BeanDeserializerBase.java:1287)
	com.fasterxml.jackson.databind.deser.BeanDeserializer.deserializeFromObject(BeanDeserializer.java:326)
	com.fasterxml.jackson.databind.deser.BeanDeserializer.deserialize(BeanDeserializer.java:159)
	com.fasterxml.jackson.databind.ObjectMapper._readMapAndClose(ObjectMapper.java:4013)
	com.fasterxml.jackson.databind.ObjectMapper.readValue(ObjectMapper.java:3023)
	au.com.firemarklabs.nt.NoteDeserializable.deserialize(NoteDeserializable.kt:12)
	au.com.firemarklabs.nt.NoteDeserializable.deserialize(NoteDeserializable.kt:7)
	com.github.kittinunf.fuel.core.ResponseDeserializable$DefaultImpls.deserialize(Deserializable.kt:43)
	au.com.firemarklabs.nt.NoteDeserializable.deserialize(NoteDeserializable.kt:7)
	au.com.firemarklabs.nt.NoteDeserializable.deserialize(NoteDeserializable.kt:7)
	com.github.kittinunf.fuel.core.DeserializableKt.awaitResponse(Deserializable.kt:256)
	au.com.firemarklabs.nt.NTClient$asyncInsert$$inlined$awaitObjectResponse$1.invokeSuspend(Coroutines.kt:68)
	kotlin.coroutines.jvm.internal.BaseContinuationImpl.resumeWith(ContinuationImpl.kt:33)
	kotlinx.coroutines.DispatchedTask.run(DispatchedTask.kt:56)
	kotlinx.coroutines.scheduling.CoroutineScheduler.runSafely(CoroutineScheduler.kt:561)
	kotlinx.coroutines.scheduling.CoroutineScheduler$Worker.executeTask(CoroutineScheduler.kt:727)
	kotlinx.coroutines.scheduling.CoroutineScheduler$Worker.runWorker(CoroutineScheduler.kt:667)
	kotlinx.coroutines.scheduling.CoroutineScheduler$Worker.run(CoroutineScheduler.kt:655)

		... 2 more
	Caused by: com.fasterxml.jackson.module.kotlin.MissingKotlinParameterException: Instantiation of [simple type, class au.com.firemarklabs.nt.Note] value failed for JSON property content due to missing (therefore NULL) value for creator parameter content which is a non-nullable type
 at [Source: (String)&quot;{&quot;status&quot;:&quot;success&quot;,&quot;note&quot;:{&quot;tag&quot;:[&quot;performance&quot;],&quot;_id&quot;:&quot;614c1b8bceece30015ab9d1b&quot;,&quot;content&quot;:&quot;Note 1720&quot;,&quot;__v&quot;:0}}&quot;; line: 1, column: 114] (through reference chain: au.com.firemarklabs.nt.Note[&quot;content&quot;])
		at app//com.fasterxml.jackson.module.kotlin.KotlinValueInstantiator.createFromObjectWith(KotlinValueInstantiator.kt:107)
		at app//com.fasterxml.jackson.databind.deser.impl.PropertyBasedCreator.build(PropertyBasedCreator.java:195)
		at app//com.fasterxml.jackson.databind.deser.BeanDeserializer._deserializeUsingPropertyBased(BeanDeserializer.java:488)
		at app//com.fasterxml.jackson.databind.deser.BeanDeserializerBase.deserializeFromObjectUsingNonDefault(BeanDeserializerBase.java:1287)
		at app//com.fasterxml.jackson.databind.deser.BeanDeserializer.deserializeFromObject(BeanDeserializer.java:326)
		at app//com.fasterxml.jackson.databind.deser.BeanDeserializer.deserialize(BeanDeserializer.java:159)
		at app//com.fasterxml.jackson.databind.ObjectMapper._readMapAndClose(ObjectMapper.java:4013)
		at app//com.fasterxml.jackson.databind.ObjectMapper.readValue(ObjectMapper.java:3023)
		at app//au.com.firemarklabs.nt.NoteDeserializable.deserialize(NoteDeserializable.kt:12)
		at app//au.com.firemarklabs.nt.NoteDeserializable.deserialize(NoteDeserializable.kt:7)
		at app//com.github.kittinunf.fuel.core.ResponseDeserializable$DefaultImpls.deserialize(Deserializable.kt:43)
		at app//au.com.firemarklabs.nt.NoteDeserializable.deserialize(NoteDeserializable.kt:7)
		at app//au.com.firemarklabs.nt.NoteDeserializable.deserialize(NoteDeserializable.kt:7)
		at app//com.github.kittinunf.fuel.core.DeserializableKt.awaitResponse(Deserializable.kt:256)
		at app//au.com.firemarklabs.nt.NTClient$asyncInsert$$inlined$awaitObjectResponse$1.invokeSuspend(Coroutines.kt:68)
		at app//kotlin.coroutines.jvm.internal.BaseContinuationImpl.resumeWith(ContinuationImpl.kt:33)
		at app//kotlinx.coroutines.DispatchedTask.run(DispatchedTask.kt:56)
		at app//kotlinx.coroutines.scheduling.CoroutineScheduler.runSafely(CoroutineScheduler.kt:561)
		at app//kotlinx.coroutines.scheduling.CoroutineScheduler$Worker.executeTask(CoroutineScheduler.kt:727)
		at app//kotlinx.coroutines.scheduling.CoroutineScheduler$Worker.runWorker(CoroutineScheduler.kt:667)
		at app//kotlinx.coroutines.scheduling.CoroutineScheduler$Worker.run(CoroutineScheduler.kt:655)
	Suppressed: Instantiation of [simple type, class au.com.firemarklabs.nt.Note] value failed for JSON property content due to missing (therefore NULL) value for creator parameter content which is a non-nullable type
 at [Source: (String)&quot;{&quot;status&quot;:&quot;success&quot;,&quot;note&quot;:{&quot;tag&quot;:[&quot;performance&quot;],&quot;_id&quot;:&quot;614c1b8cceece30015ab9d26&quot;,&quot;content&quot;:&quot;Note 5698&quot;,&quot;__v&quot;:0}}&quot;; line: 1, column: 114] (through reference chain: au.com.firemarklabs.nt.Note[&quot;content&quot;])
	com.github.kittinunf.fuel.core.FuelError$Companion.wrap(FuelError.kt:86)
	com.github.kittinunf.fuel.core.DeserializableKt.awaitResponse(Deserializable.kt:257)
Caused by: com.fasterxml.jackson.module.kotlin.MissingKotlinParameterException: Instantiation of [simple type, class au.com.firemarklabs.nt.Note] value failed for JSON property content due to missing (therefore NULL) value for creator parameter content which is a non-nullable type
 at [Source: (String)&quot;{&quot;status&quot;:&quot;success&quot;,&quot;note&quot;:{&quot;tag&quot;:[&quot;performance&quot;],&quot;_id&quot;:&quot;614c1b8cceece30015ab9d26&quot;,&quot;content&quot;:&quot;Note 5698&quot;,&quot;__v&quot;:0}}&quot;; line: 1, column: 114] (through reference chain: au.com.firemarklabs.nt.Note[&quot;content&quot;])
	com.fasterxml.jackson.module.kotlin.KotlinValueInstantiator.createFromObjectWith(KotlinValueInstantiator.kt:107)
	com.fasterxml.jackson.databind.deser.impl.PropertyBasedCreator.build(PropertyBasedCreator.java:195)
	com.fasterxml.jackson.databind.deser.BeanDeserializer._deserializeUsingPropertyBased(BeanDeserializer.java:488)
	com.fasterxml.jackson.databind.deser.BeanDeserializerBase.deserializeFromObjectUsingNonDefault(BeanDeserializerBase.java:1287)
	com.fasterxml.jackson.databind.deser.BeanDeserializer.deserializeFromObject(BeanDeserializer.java:326)
	com.fasterxml.jackson.databind.deser.BeanDeserializer.deserialize(BeanDeserializer.java:159)
	com.fasterxml.jackson.databind.ObjectMapper._readMapAndClose(ObjectMapper.java:4013)
	com.fasterxml.jackson.databind.ObjectMapper.readValue(ObjectMapper.java:3023)
	au.com.firemarklabs.nt.NoteDeserializable.deserialize(NoteDeserializable.kt:12)
	au.com.firemarklabs.nt.NoteDeserializable.deserialize(NoteDeserializable.kt:7)
	com.github.kittinunf.fuel.core.ResponseDeserializable$DefaultImpls.deserialize(Deserializable.kt:43)
	au.com.firemarklabs.nt.NoteDeserializable.deserialize(NoteDeserializable.kt:7)
	au.com.firemarklabs.nt.NoteDeserializable.deserialize(NoteDeserializable.kt:7)
	com.github.kittinunf.fuel.core.DeserializableKt.awaitResponse(Deserializable.kt:256)
	au.com.firemarklabs.nt.NTClient$asyncInsert$$inlined$awaitObjectResponse$1.invokeSuspend(Coroutines.kt:68)
	kotlin.coroutines.jvm.internal.BaseContinuationImpl.resumeWith(ContinuationImpl.kt:33)
	kotlinx.coroutines.DispatchedTask.run(DispatchedTask.kt:56)
	kotlinx.coroutines.scheduling.CoroutineScheduler.runSafely(CoroutineScheduler.kt:561)
	kotlinx.coroutines.scheduling.CoroutineScheduler$Worker.executeTask(CoroutineScheduler.kt:727)
	kotlinx.coroutines.scheduling.CoroutineScheduler$Worker.runWorker(CoroutineScheduler.kt:667)
	kotlinx.coroutines.scheduling.CoroutineScheduler$Worker.run(CoroutineScheduler.kt:655)

		... 2 more
	Caused by: com.fasterxml.jackson.module.kotlin.MissingKotlinParameterException: Instantiation of [simple type, class au.com.firemarklabs.nt.Note] value failed for JSON property content due to missing (therefore NULL) value for creator parameter content which is a non-nullable type
 at [Source: (String)&quot;{&quot;status&quot;:&quot;success&quot;,&quot;note&quot;:{&quot;tag&quot;:[&quot;performance&quot;],&quot;_id&quot;:&quot;614c1b8cceece30015ab9d26&quot;,&quot;content&quot;:&quot;Note 5698&quot;,&quot;__v&quot;:0}}&quot;; line: 1, column: 114] (through reference chain: au.com.firemarklabs.nt.Note[&quot;content&quot;])
		at app//com.fasterxml.jackson.module.kotlin.KotlinValueInstantiator.createFromObjectWith(KotlinValueInstantiator.kt:107)
		at app//com.fasterxml.jackson.databind.deser.impl.PropertyBasedCreator.build(PropertyBasedCreator.java:195)
		at app//com.fasterxml.jackson.databind.deser.BeanDeserializer._deserializeUsingPropertyBased(BeanDeserializer.java:488)
		at app//com.fasterxml.jackson.databind.deser.BeanDeserializerBase.deserializeFromObjectUsingNonDefault(BeanDeserializerBase.java:1287)
		at app//com.fasterxml.jackson.databind.deser.BeanDeserializer.deserializeFromObject(BeanDeserializer.java:326)
		at app//com.fasterxml.jackson.databind.deser.BeanDeserializer.deserialize(BeanDeserializer.java:159)
		at app//com.fasterxml.jackson.databind.ObjectMapper._readMapAndClose(ObjectMapper.java:4013)
		at app//com.fasterxml.jackson.databind.ObjectMapper.readValue(ObjectMapper.java:3023)
		at app//au.com.firemarklabs.nt.NoteDeserializable.deserialize(NoteDeserializable.kt:12)
		at app//au.com.firemarklabs.nt.NoteDeserializable.deserialize(NoteDeserializable.kt:7)
		at app//com.github.kittinunf.fuel.core.ResponseDeserializable$DefaultImpls.deserialize(Deserializable.kt:43)
		at app//au.com.firemarklabs.nt.NoteDeserializable.deserialize(NoteDeserializable.kt:7)
		at app//au.com.firemarklabs.nt.NoteDeserializable.deserialize(NoteDeserializable.kt:7)
		at app//com.github.kittinunf.fuel.core.DeserializableKt.awaitResponse(Deserializable.kt:256)
		at app//au.com.firemarklabs.nt.NTClient$asyncInsert$$inlined$awaitObjectResponse$1.invokeSuspend(Coroutines.kt:68)
		at app//kotlin.coroutines.jvm.internal.BaseContinuationImpl.resumeWith(ContinuationImpl.kt:33)
		at app//kotlinx.coroutines.DispatchedTask.run(DispatchedTask.kt:56)
		at app//kotlinx.coroutines.scheduling.CoroutineScheduler.runSafely(CoroutineScheduler.kt:561)
		at app//kotlinx.coroutines.scheduling.CoroutineScheduler$Worker.executeTask(CoroutineScheduler.kt:727)
		at app//kotlinx.coroutines.scheduling.CoroutineScheduler$Worker.runWorker(CoroutineScheduler.kt:667)
		at app//kotlinx.coroutines.scheduling.CoroutineScheduler$Worker.run(CoroutineScheduler.kt:655)
	Suppressed: Instantiation of [simple type, class au.com.firemarklabs.nt.Note] value failed for JSON property content due to missing (therefore NULL) value for creator parameter content which is a non-nullable type
 at [Source: (String)&quot;{&quot;status&quot;:&quot;success&quot;,&quot;note&quot;:{&quot;tag&quot;:[&quot;performance&quot;],&quot;_id&quot;:&quot;614c1b8cceece30015ab9d27&quot;,&quot;content&quot;:&quot;Note 5696&quot;,&quot;__v&quot;:0}}&quot;; line: 1, column: 114] (through reference chain: au.com.firemarklabs.nt.Note[&quot;content&quot;])
	com.github.kittinunf.fuel.core.FuelError$Companion.wrap(FuelError.kt:86)
	com.github.kittinunf.fuel.core.DeserializableKt.awaitResponse(Deserializable.kt:257)
Caused by: com.fasterxml.jackson.module.kotlin.MissingKotlinParameterException: Instantiation of [simple type, class au.com.firemarklabs.nt.Note] value failed for JSON property content due to missing (therefore NULL) value for creator parameter content which is a non-nullable type
 at [Source: (String)&quot;{&quot;status&quot;:&quot;success&quot;,&quot;note&quot;:{&quot;tag&quot;:[&quot;performance&quot;],&quot;_id&quot;:&quot;614c1b8cceece30015ab9d27&quot;,&quot;content&quot;:&quot;Note 5696&quot;,&quot;__v&quot;:0}}&quot;; line: 1, column: 114] (through reference chain: au.com.firemarklabs.nt.Note[&quot;content&quot;])
	com.fasterxml.jackson.module.kotlin.KotlinValueInstantiator.createFromObjectWith(KotlinValueInstantiator.kt:107)
	com.fasterxml.jackson.databind.deser.impl.PropertyBasedCreator.build(PropertyBasedCreator.java:195)
	com.fasterxml.jackson.databind.deser.BeanDeserializer._deserializeUsingPropertyBased(BeanDeserializer.java:488)
	com.fasterxml.jackson.databind.deser.BeanDeserializerBase.deserializeFromObjectUsingNonDefault(BeanDeserializerBase.java:1287)
	com.fasterxml.jackson.databind.deser.BeanDeserializer.deserializeFromObject(BeanDeserializer.java:326)
	com.fasterxml.jackson.databind.deser.BeanDeserializer.deserialize(BeanDeserializer.java:159)
	com.fasterxml.jackson.databind.ObjectMapper._readMapAndClose(ObjectMapper.java:4013)
	com.fasterxml.jackson.databind.ObjectMapper.readValue(ObjectMapper.java:3023)
	au.com.firemarklabs.nt.NoteDeserializable.deserialize(NoteDeserializable.kt:12)
	au.com.firemarklabs.nt.NoteDeserializable.deserialize(NoteDeserializable.kt:7)
	com.github.kittinunf.fuel.core.ResponseDeserializable$DefaultImpls.deserialize(Deserializable.kt:43)
	au.com.firemarklabs.nt.NoteDeserializable.deserialize(NoteDeserializable.kt:7)
	au.com.firemarklabs.nt.NoteDeserializable.deserialize(NoteDeserializable.kt:7)
	com.github.kittinunf.fuel.core.DeserializableKt.awaitResponse(Deserializable.kt:256)
	au.com.firemarklabs.nt.NTClient$asyncInsert$$inlined$awaitObjectResponse$1.invokeSuspend(Coroutines.kt:68)
	kotlin.coroutines.jvm.internal.BaseContinuationImpl.resumeWith(ContinuationImpl.kt:33)
	kotlinx.coroutines.DispatchedTask.run(DispatchedTask.kt:56)
	kotlinx.coroutines.scheduling.CoroutineScheduler.runSafely(CoroutineScheduler.kt:561)
	kotlinx.coroutines.scheduling.CoroutineScheduler$Worker.executeTask(CoroutineScheduler.kt:727)
	kotlinx.coroutines.scheduling.CoroutineScheduler$Worker.runWorker(CoroutineScheduler.kt:667)
	kotlinx.coroutines.scheduling.CoroutineScheduler$Worker.run(CoroutineScheduler.kt:655)

		... 2 more
	Caused by: com.fasterxml.jackson.module.kotlin.MissingKotlinParameterException: Instantiation of [simple type, class au.com.firemarklabs.nt.Note] value failed for JSON property content due to missing (therefore NULL) value for creator parameter content which is a non-nullable type
 at [Source: (String)&quot;{&quot;status&quot;:&quot;success&quot;,&quot;note&quot;:{&quot;tag&quot;:[&quot;performance&quot;],&quot;_id&quot;:&quot;614c1b8cceece30015ab9d27&quot;,&quot;content&quot;:&quot;Note 5696&quot;,&quot;__v&quot;:0}}&quot;; line: 1, column: 114] (through reference chain: au.com.firemarklabs.nt.Note[&quot;content&quot;])
		at app//com.fasterxml.jackson.module.kotlin.KotlinValueInstantiator.createFromObjectWith(KotlinValueInstantiator.kt:107)
		at app//com.fasterxml.jackson.databind.deser.impl.PropertyBasedCreator.build(PropertyBasedCreator.java:195)
		at app//com.fasterxml.jackson.databind.deser.BeanDeserializer._deserializeUsingPropertyBased(BeanDeserializer.java:488)
		at app//com.fasterxml.jackson.databind.deser.BeanDeserializerBase.deserializeFromObjectUsingNonDefault(BeanDeserializerBase.java:1287)
		at app//com.fasterxml.jackson.databind.deser.BeanDeserializer.deserializeFromObject(BeanDeserializer.java:326)
		at app//com.fasterxml.jackson.databind.deser.BeanDeserializer.deserialize(BeanDeserializer.java:159)
		at app//com.fasterxml.jackson.databind.ObjectMapper._readMapAndClose(ObjectMapper.java:4013)
		at app//com.fasterxml.jackson.databind.ObjectMapper.readValue(ObjectMapper.java:3023)
		at app//au.com.firemarklabs.nt.NoteDeserializable.deserialize(NoteDeserializable.kt:12)
		at app//au.com.firemarklabs.nt.NoteDeserializable.deserialize(NoteDeserializable.kt:7)
		at app//com.github.kittinunf.fuel.core.ResponseDeserializable$DefaultImpls.deserialize(Deserializable.kt:43)
		at app//au.com.firemarklabs.nt.NoteDeserializable.deserialize(NoteDeserializable.kt:7)
		at app//au.com.firemarklabs.nt.NoteDeserializable.deserialize(NoteDeserializable.kt:7)
		at app//com.github.kittinunf.fuel.core.DeserializableKt.awaitResponse(Deserializable.kt:256)
		at app//au.com.firemarklabs.nt.NTClient$asyncInsert$$inlined$awaitObjectResponse$1.invokeSuspend(Coroutines.kt:68)
		at app//kotlin.coroutines.jvm.internal.BaseContinuationImpl.resumeWith(ContinuationImpl.kt:33)
		at app//kotlinx.coroutines.DispatchedTask.run(DispatchedTask.kt:56)
		at app//kotlinx.coroutines.scheduling.CoroutineScheduler.runSafely(CoroutineScheduler.kt:561)
		at app//kotlinx.coroutines.scheduling.CoroutineScheduler$Worker.executeTask(CoroutineScheduler.kt:727)
		at app//kotlinx.coroutines.scheduling.CoroutineScheduler$Worker.runWorker(CoroutineScheduler.kt:667)
		at app//kotlinx.coroutines.scheduling.CoroutineScheduler$Worker.run(CoroutineScheduler.kt:655)
	Suppressed: Instantiation of [simple type, class au.com.firemarklabs.nt.Note] value failed for JSON property content due to missing (therefore NULL) value for creator parameter content which is a non-nullable type
 at [Source: (String)&quot;{&quot;status&quot;:&quot;success&quot;,&quot;note&quot;:{&quot;tag&quot;:[&quot;performance&quot;],&quot;_id&quot;:&quot;614c1b8cceece30015ab9d28&quot;,&quot;content&quot;:&quot;Note 5697&quot;,&quot;__v&quot;:0}}&quot;; line: 1, column: 114] (through reference chain: au.com.firemarklabs.nt.Note[&quot;content&quot;])
	com.github.kittinunf.fuel.core.FuelError$Companion.wrap(FuelError.kt:86)
	com.github.kittinunf.fuel.core.DeserializableKt.awaitResponse(Deserializable.kt:257)
Caused by: com.fasterxml.jackson.module.kotlin.MissingKotlinParameterException: Instantiation of [simple type, class au.com.firemarklabs.nt.Note] value failed for JSON property content due to missing (therefore NULL) value for creator parameter content which is a non-nullable type
 at [Source: (String)&quot;{&quot;status&quot;:&quot;success&quot;,&quot;note&quot;:{&quot;tag&quot;:[&quot;performance&quot;],&quot;_id&quot;:&quot;614c1b8cceece30015ab9d28&quot;,&quot;content&quot;:&quot;Note 5697&quot;,&quot;__v&quot;:0}}&quot;; line: 1, column: 114] (through reference chain: au.com.firemarklabs.nt.Note[&quot;content&quot;])
	com.fasterxml.jackson.module.kotlin.KotlinValueInstantiator.createFromObjectWith(KotlinValueInstantiator.kt:107)
	com.fasterxml.jackson.databind.deser.impl.PropertyBasedCreator.build(PropertyBasedCreator.java:195)
	com.fasterxml.jackson.databind.deser.BeanDeserializer._deserializeUsingPropertyBased(BeanDeserializer.java:488)
	com.fasterxml.jackson.databind.deser.BeanDeserializerBase.deserializeFromObjectUsingNonDefault(BeanDeserializerBase.java:1287)
	com.fasterxml.jackson.databind.deser.BeanDeserializer.deserializeFromObject(BeanDeserializer.java:326)
	com.fasterxml.jackson.databind.deser.BeanDeserializer.deserialize(BeanDeserializer.java:159)
	com.fasterxml.jackson.databind.ObjectMapper._readMapAndClose(ObjectMapper.java:4013)
	com.fasterxml.jackson.databind.ObjectMapper.readValue(ObjectMapper.java:3023)
	au.com.firemarklabs.nt.NoteDeserializable.deserialize(NoteDeserializable.kt:12)
	au.com.firemarklabs.nt.NoteDeserializable.deserialize(NoteDeserializable.kt:7)
	com.github.kittinunf.fuel.core.ResponseDeserializable$DefaultImpls.deserialize(Deserializable.kt:43)
	au.com.firemarklabs.nt.NoteDeserializable.deserialize(NoteDeserializable.kt:7)
	au.com.firemarklabs.nt.NoteDeserializable.deserialize(NoteDeserializable.kt:7)
	com.github.kittinunf.fuel.core.DeserializableKt.awaitResponse(Deserializable.kt:256)
	au.com.firemarklabs.nt.NTClient$asyncInsert$$inlined$awaitObjectResponse$1.invokeSuspend(Coroutines.kt:68)
	kotlin.coroutines.jvm.internal.BaseContinuationImpl.resumeWith(ContinuationImpl.kt:33)
	kotlinx.coroutines.DispatchedTask.run(DispatchedTask.kt:56)
	kotlinx.coroutines.scheduling.CoroutineScheduler.runSafely(CoroutineScheduler.kt:561)
	kotlinx.coroutines.scheduling.CoroutineScheduler$Worker.executeTask(CoroutineScheduler.kt:727)
	kotlinx.coroutines.scheduling.CoroutineScheduler$Worker.runWorker(CoroutineScheduler.kt:667)
	kotlinx.coroutines.scheduling.CoroutineScheduler$Worker.run(CoroutineScheduler.kt:655)

		... 2 more
	Caused by: com.fasterxml.jackson.module.kotlin.MissingKotlinParameterException: Instantiation of [simple type, class au.com.firemarklabs.nt.Note] value failed for JSON property content due to missing (therefore NULL) value for creator parameter content which is a non-nullable type
 at [Source: (String)&quot;{&quot;status&quot;:&quot;success&quot;,&quot;note&quot;:{&quot;tag&quot;:[&quot;performance&quot;],&quot;_id&quot;:&quot;614c1b8cceece30015ab9d28&quot;,&quot;content&quot;:&quot;Note 5697&quot;,&quot;__v&quot;:0}}&quot;; line: 1, column: 114] (through reference chain: au.com.firemarklabs.nt.Note[&quot;content&quot;])
		at app//com.fasterxml.jackson.module.kotlin.KotlinValueInstantiator.createFromObjectWith(KotlinValueInstantiator.kt:107)
		at app//com.fasterxml.jackson.databind.deser.impl.PropertyBasedCreator.build(PropertyBasedCreator.java:195)
		at app//com.fasterxml.jackson.databind.deser.BeanDeserializer._deserializeUsingPropertyBased(BeanDeserializer.java:488)
		at app//com.fasterxml.jackson.databind.deser.BeanDeserializerBase.deserializeFromObjectUsingNonDefault(BeanDeserializerBase.java:1287)
		at app//com.fasterxml.jackson.databind.deser.BeanDeserializer.deserializeFromObject(BeanDeserializer.java:326)
		at app//com.fasterxml.jackson.databind.deser.BeanDeserializer.deserialize(BeanDeserializer.java:159)
		at app//com.fasterxml.jackson.databind.ObjectMapper._readMapAndClose(ObjectMapper.java:4013)
		at app//com.fasterxml.jackson.databind.ObjectMapper.readValue(ObjectMapper.java:3023)
		at app//au.com.firemarklabs.nt.NoteDeserializable.deserialize(NoteDeserializable.kt:12)
		at app//au.com.firemarklabs.nt.NoteDeserializable.deserialize(NoteDeserializable.kt:7)
		at app//com.github.kittinunf.fuel.core.ResponseDeserializable$DefaultImpls.deserialize(Deserializable.kt:43)
		at app//au.com.firemarklabs.nt.NoteDeserializable.deserialize(NoteDeserializable.kt:7)
		at app//au.com.firemarklabs.nt.NoteDeserializable.deserialize(NoteDeserializable.kt:7)
		at app//com.github.kittinunf.fuel.core.DeserializableKt.awaitResponse(Deserializable.kt:256)
		at app//au.com.firemarklabs.nt.NTClient$asyncInsert$$inlined$awaitObjectResponse$1.invokeSuspend(Coroutines.kt:68)
		at app//kotlin.coroutines.jvm.internal.BaseContinuationImpl.resumeWith(ContinuationImpl.kt:33)
		at app//kotlinx.coroutines.DispatchedTask.run(DispatchedTask.kt:56)
		at app//kotlinx.coroutines.scheduling.CoroutineScheduler.runSafely(CoroutineScheduler.kt:561)
		at app//kotlinx.coroutines.scheduling.CoroutineScheduler$Worker.executeTask(CoroutineScheduler.kt:727)
		at app//kotlinx.coroutines.scheduling.CoroutineScheduler$Worker.runWorker(CoroutineScheduler.kt:667)
		at app//kotlinx.coroutines.scheduling.CoroutineScheduler$Worker.run(CoroutineScheduler.kt:655)
	Suppressed: Instantiation of [simple type, class au.com.firemarklabs.nt.Note] value failed for JSON property content due to missing (therefore NULL) value for creator parameter content which is a non-nullable type
 at [Source: (String)&quot;{&quot;status&quot;:&quot;success&quot;,&quot;note&quot;:{&quot;tag&quot;:[&quot;performance&quot;],&quot;_id&quot;:&quot;614c1b8cceece30015ab9d29&quot;,&quot;content&quot;:&quot;Note 5694&quot;,&quot;__v&quot;:0}}&quot;; line: 1, column: 114] (through reference chain: au.com.firemarklabs.nt.Note[&quot;content&quot;])
	com.github.kittinunf.fuel.core.FuelError$Companion.wrap(FuelError.kt:86)
	com.github.kittinunf.fuel.core.DeserializableKt.awaitResponse(Deserializable.kt:257)
Caused by: com.fasterxml.jackson.module.kotlin.MissingKotlinParameterException: Instantiation of [simple type, class au.com.firemarklabs.nt.Note] value failed for JSON property content due to missing (therefore NULL) value for creator parameter content which is a non-nullable type
 at [Source: (String)&quot;{&quot;status&quot;:&quot;success&quot;,&quot;note&quot;:{&quot;tag&quot;:[&quot;performance&quot;],&quot;_id&quot;:&quot;614c1b8cceece30015ab9d29&quot;,&quot;content&quot;:&quot;Note 5694&quot;,&quot;__v&quot;:0}}&quot;; line: 1, column: 114] (through reference chain: au.com.firemarklabs.nt.Note[&quot;content&quot;])
	com.fasterxml.jackson.module.kotlin.KotlinValueInstantiator.createFromObjectWith(KotlinValueInstantiator.kt:107)
	com.fasterxml.jackson.databind.deser.impl.PropertyBasedCreator.build(PropertyBasedCreator.java:195)
	com.fasterxml.jackson.databind.deser.BeanDeserializer._deserializeUsingPropertyBased(BeanDeserializer.java:488)
	com.fasterxml.jackson.databind.deser.BeanDeserializerBase.deserializeFromObjectUsingNonDefault(BeanDeserializerBase.java:1287)
	com.fasterxml.jackson.databind.deser.BeanDeserializer.deserializeFromObject(BeanDeserializer.java:326)
	com.fasterxml.jackson.databind.deser.BeanDeserializer.deserialize(BeanDeserializer.java:159)
	com.fasterxml.jackson.databind.ObjectMapper._readMapAndClose(ObjectMapper.java:4013)
	com.fasterxml.jackson.databind.ObjectMapper.readValue(ObjectMapper.java:3023)
	au.com.firemarklabs.nt.NoteDeserializable.deserialize(NoteDeserializable.kt:12)
	au.com.firemarklabs.nt.NoteDeserializable.deserialize(NoteDeserializable.kt:7)
	com.github.kittinunf.fuel.core.ResponseDeserializable$DefaultImpls.deserialize(Deserializable.kt:43)
	au.com.firemarklabs.nt.NoteDeserializable.deserialize(NoteDeserializable.kt:7)
	au.com.firemarklabs.nt.NoteDeserializable.deserialize(NoteDeserializable.kt:7)
	com.github.kittinunf.fuel.core.DeserializableKt.awaitResponse(Deserializable.kt:256)
	au.com.firemarklabs.nt.NTClient$asyncInsert$$inlined$awaitObjectResponse$1.invokeSuspend(Coroutines.kt:68)
	kotlin.coroutines.jvm.internal.BaseContinuationImpl.resumeWith(ContinuationImpl.kt:33)
	kotlinx.coroutines.DispatchedTask.run(DispatchedTask.kt:56)
	kotlinx.coroutines.scheduling.CoroutineScheduler.runSafely(CoroutineScheduler.kt:561)
	kotlinx.coroutines.scheduling.CoroutineScheduler$Worker.executeTask(CoroutineScheduler.kt:727)
	kotlinx.coroutines.scheduling.CoroutineScheduler$Worker.runWorker(CoroutineScheduler.kt:667)
	kotlinx.coroutines.scheduling.CoroutineScheduler$Worker.run(CoroutineScheduler.kt:655)

		... 2 more
	Caused by: com.fasterxml.jackson.module.kotlin.MissingKotlinParameterException: Instantiation of [simple type, class au.com.firemarklabs.nt.Note] value failed for JSON property content due to missing (therefore NULL) value for creator parameter content which is a non-nullable type
 at [Source: (String)&quot;{&quot;status&quot;:&quot;success&quot;,&quot;note&quot;:{&quot;tag&quot;:[&quot;performance&quot;],&quot;_id&quot;:&quot;614c1b8cceece30015ab9d29&quot;,&quot;content&quot;:&quot;Note 5694&quot;,&quot;__v&quot;:0}}&quot;; line: 1, column: 114] (through reference chain: au.com.firemarklabs.nt.Note[&quot;content&quot;])
		at app//com.fasterxml.jackson.module.kotlin.KotlinValueInstantiator.createFromObjectWith(KotlinValueInstantiator.kt:107)
		at app//com.fasterxml.jackson.databind.deser.impl.PropertyBasedCreator.build(PropertyBasedCreator.java:195)
		at app//com.fasterxml.jackson.databind.deser.BeanDeserializer._deserializeUsingPropertyBased(BeanDeserializer.java:488)
		at app//com.fasterxml.jackson.databind.deser.BeanDeserializerBase.deserializeFromObjectUsingNonDefault(BeanDeserializerBase.java:1287)
		at app//com.fasterxml.jackson.databind.deser.BeanDeserializer.deserializeFromObject(BeanDeserializer.java:326)
		at app//com.fasterxml.jackson.databind.deser.BeanDeserializer.deserialize(BeanDeserializer.java:159)
		at app//com.fasterxml.jackson.databind.ObjectMapper._readMapAndClose(ObjectMapper.java:4013)
		at app//com.fasterxml.jackson.databind.ObjectMapper.readValue(ObjectMapper.java:3023)
		at app//au.com.firemarklabs.nt.NoteDeserializable.deserialize(NoteDeserializable.kt:12)
		at app//au.com.firemarklabs.nt.NoteDeserializable.deserialize(NoteDeserializable.kt:7)
		at app//com.github.kittinunf.fuel.core.ResponseDeserializable$DefaultImpls.deserialize(Deserializable.kt:43)
		at app//au.com.firemarklabs.nt.NoteDeserializable.deserialize(NoteDeserializable.kt:7)
		at app//au.com.firemarklabs.nt.NoteDeserializable.deserialize(NoteDeserializable.kt:7)
		at app//com.github.kittinunf.fuel.core.DeserializableKt.awaitResponse(Deserializable.kt:256)
		at app//au.com.firemarklabs.nt.NTClient$asyncInsert$$inlined$awaitObjectResponse$1.invokeSuspend(Coroutines.kt:68)
		at app//kotlin.coroutines.jvm.internal.BaseContinuationImpl.resumeWith(ContinuationImpl.kt:33)
		at app//kotlinx.coroutines.DispatchedTask.run(DispatchedTask.kt:56)
		at app//kotlinx.coroutines.scheduling.CoroutineScheduler.runSafely(CoroutineScheduler.kt:561)
		at app//kotlinx.coroutines.scheduling.CoroutineScheduler$Worker.executeTask(CoroutineScheduler.kt:727)
		at app//kotlinx.coroutines.scheduling.CoroutineScheduler$Worker.runWorker(CoroutineScheduler.kt:667)
		at app//kotlinx.coroutines.scheduling.CoroutineScheduler$Worker.run(CoroutineScheduler.kt:655)
	Suppressed: Instantiation of [simple type, class au.com.firemarklabs.nt.Note] value failed for JSON property content due to missing (therefore NULL) value for creator parameter content which is a non-nullable type
 at [Source: (String)&quot;{&quot;status&quot;:&quot;success&quot;,&quot;note&quot;:{&quot;tag&quot;:[&quot;performance&quot;],&quot;_id&quot;:&quot;614c1b8cceece30015ab9d2a&quot;,&quot;content&quot;:&quot;Note 5695&quot;,&quot;__v&quot;:0}}&quot;; line: 1, column: 114] (through reference chain: au.com.firemarklabs.nt.Note[&quot;content&quot;])
	com.github.kittinunf.fuel.core.FuelError$Companion.wrap(FuelError.kt:86)
	com.github.kittinunf.fuel.core.DeserializableKt.awaitResponse(Deserializable.kt:257)
Caused by: com.fasterxml.jackson.module.kotlin.MissingKotlinParameterException: Instantiation of [simple type, class au.com.firemarklabs.nt.Note] value failed for JSON property content due to missing (therefore NULL) value for creator parameter content which is a non-nullable type
 at [Source: (String)&quot;{&quot;status&quot;:&quot;success&quot;,&quot;note&quot;:{&quot;tag&quot;:[&quot;performance&quot;],&quot;_id&quot;:&quot;614c1b8cceece30015ab9d2a&quot;,&quot;content&quot;:&quot;Note 5695&quot;,&quot;__v&quot;:0}}&quot;; line: 1, column: 114] (through reference chain: au.com.firemarklabs.nt.Note[&quot;content&quot;])
	com.fasterxml.jackson.module.kotlin.KotlinValueInstantiator.createFromObjectWith(KotlinValueInstantiator.kt:107)
	com.fasterxml.jackson.databind.deser.impl.PropertyBasedCreator.build(PropertyBasedCreator.java:195)
	com.fasterxml.jackson.databind.deser.BeanDeserializer._deserializeUsingPropertyBased(BeanDeserializer.java:488)
	com.fasterxml.jackson.databind.deser.BeanDeserializerBase.deserializeFromObjectUsingNonDefault(BeanDeserializerBase.java:1287)
	com.fasterxml.jackson.databind.deser.BeanDeserializer.deserializeFromObject(BeanDeserializer.java:326)
	com.fasterxml.jackson.databind.deser.BeanDeserializer.deserialize(BeanDeserializer.java:159)
	com.fasterxml.jackson.databind.ObjectMapper._readMapAndClose(ObjectMapper.java:4013)
	com.fasterxml.jackson.databind.ObjectMapper.readValue(ObjectMapper.java:3023)
	au.com.firemarklabs.nt.NoteDeserializable.deserialize(NoteDeserializable.kt:12)
	au.com.firemarklabs.nt.NoteDeserializable.deserialize(NoteDeserializable.kt:7)
	com.github.kittinunf.fuel.core.ResponseDeserializable$DefaultImpls.deserialize(Deserializable.kt:43)
	au.com.firemarklabs.nt.NoteDeserializable.deserialize(NoteDeserializable.kt:7)
	au.com.firemarklabs.nt.NoteDeserializable.deserialize(NoteDeserializable.kt:7)
	com.github.kittinunf.fuel.core.DeserializableKt.awaitResponse(Deserializable.kt:256)
	au.com.firemarklabs.nt.NTClient$asyncInsert$$inlined$awaitObjectResponse$1.invokeSuspend(Coroutines.kt:68)
	kotlin.coroutines.jvm.internal.BaseContinuationImpl.resumeWith(ContinuationImpl.kt:33)
	kotlinx.coroutines.DispatchedTask.run(DispatchedTask.kt:56)
	kotlinx.coroutines.scheduling.CoroutineScheduler.runSafely(CoroutineScheduler.kt:561)
	kotlinx.coroutines.scheduling.CoroutineScheduler$Worker.executeTask(CoroutineScheduler.kt:727)
	kotlinx.coroutines.scheduling.CoroutineScheduler$Worker.runWorker(CoroutineScheduler.kt:667)
	kotlinx.coroutines.scheduling.CoroutineScheduler$Worker.run(CoroutineScheduler.kt:655)

		... 2 more
	Caused by: com.fasterxml.jackson.module.kotlin.MissingKotlinParameterException: Instantiation of [simple type, class au.com.firemarklabs.nt.Note] value failed for JSON property content due to missing (therefore NULL) value for creator parameter content which is a non-nullable type
 at [Source: (String)&quot;{&quot;status&quot;:&quot;success&quot;,&quot;note&quot;:{&quot;tag&quot;:[&quot;performance&quot;],&quot;_id&quot;:&quot;614c1b8cceece30015ab9d2a&quot;,&quot;content&quot;:&quot;Note 5695&quot;,&quot;__v&quot;:0}}&quot;; line: 1, column: 114] (through reference chain: au.com.firemarklabs.nt.Note[&quot;content&quot;])
		at app//com.fasterxml.jackson.module.kotlin.KotlinValueInstantiator.createFromObjectWith(KotlinValueInstantiator.kt:107)
		at app//com.fasterxml.jackson.databind.deser.impl.PropertyBasedCreator.build(PropertyBasedCreator.java:195)
		at app//com.fasterxml.jackson.databind.deser.BeanDeserializer._deserializeUsingPropertyBased(BeanDeserializer.java:488)
		at app//com.fasterxml.jackson.databind.deser.BeanDeserializerBase.deserializeFromObjectUsingNonDefault(BeanDeserializerBase.java:1287)
		at app//com.fasterxml.jackson.databind.deser.BeanDeserializer.deserializeFromObject(BeanDeserializer.java:326)
		at app//com.fasterxml.jackson.databind.deser.BeanDeserializer.deserialize(BeanDeserializer.java:159)
		at app//com.fasterxml.jackson.databind.ObjectMapper._readMapAndClose(ObjectMapper.java:4013)
		at app//com.fasterxml.jackson.databind.ObjectMapper.readValue(ObjectMapper.java:3023)
		at app//au.com.firemarklabs.nt.NoteDeserializable.deserialize(NoteDeserializable.kt:12)
		at app//au.com.firemarklabs.nt.NoteDeserializable.deserialize(NoteDeserializable.kt:7)
		at app//com.github.kittinunf.fuel.core.ResponseDeserializable$DefaultImpls.deserialize(Deserializable.kt:43)
		at app//au.com.firemarklabs.nt.NoteDeserializable.deserialize(NoteDeserializable.kt:7)
		at app//au.com.firemarklabs.nt.NoteDeserializable.deserialize(NoteDeserializable.kt:7)
		at app//com.github.kittinunf.fuel.core.DeserializableKt.awaitResponse(Deserializable.kt:256)
		at app//au.com.firemarklabs.nt.NTClient$asyncInsert$$inlined$awaitObjectResponse$1.invokeSuspend(Coroutines.kt:68)
		at app//kotlin.coroutines.jvm.internal.BaseContinuationImpl.resumeWith(ContinuationImpl.kt:33)
		at app//kotlinx.coroutines.DispatchedTask.run(DispatchedTask.kt:56)
		at app//kotlinx.coroutines.scheduling.CoroutineScheduler.runSafely(CoroutineScheduler.kt:561)
		at app//kotlinx.coroutines.scheduling.CoroutineScheduler$Worker.executeTask(CoroutineScheduler.kt:727)
		at app//kotlinx.coroutines.scheduling.CoroutineScheduler$Worker.runWorker(CoroutineScheduler.kt:667)
		at app//kotlinx.coroutines.scheduling.CoroutineScheduler$Worker.run(CoroutineScheduler.kt:655)
	Suppressed: Instantiation of [simple type, class au.com.firemarklabs.nt.Note] value failed for JSON property content due to missing (therefore NULL) value for creator parameter content which is a non-nullable type
 at [Source: (String)&quot;{&quot;status&quot;:&quot;success&quot;,&quot;note&quot;:{&quot;tag&quot;:[&quot;performance&quot;],&quot;_id&quot;:&quot;614c1b8cceece30015ab9d2b&quot;,&quot;content&quot;:&quot;Note 9353&quot;,&quot;__v&quot;:0}}&quot;; line: 1, column: 114] (through reference chain: au.com.firemarklabs.nt.Note[&quot;content&quot;])
	com.github.kittinunf.fuel.core.FuelError$Companion.wrap(FuelError.kt:86)
	com.github.kittinunf.fuel.core.DeserializableKt.awaitResponse(Deserializable.kt:257)
Caused by: com.fasterxml.jackson.module.kotlin.MissingKotlinParameterException: Instantiation of [simple type, class au.com.firemarklabs.nt.Note] value failed for JSON property content due to missing (therefore NULL) value for creator parameter content which is a non-nullable type
 at [Source: (String)&quot;{&quot;status&quot;:&quot;success&quot;,&quot;note&quot;:{&quot;tag&quot;:[&quot;performance&quot;],&quot;_id&quot;:&quot;614c1b8cceece30015ab9d2b&quot;,&quot;content&quot;:&quot;Note 9353&quot;,&quot;__v&quot;:0}}&quot;; line: 1, column: 114] (through reference chain: au.com.firemarklabs.nt.Note[&quot;content&quot;])
	com.fasterxml.jackson.module.kotlin.KotlinValueInstantiator.createFromObjectWith(KotlinValueInstantiator.kt:107)
	com.fasterxml.jackson.databind.deser.impl.PropertyBasedCreator.build(PropertyBasedCreator.java:195)
	com.fasterxml.jackson.databind.deser.BeanDeserializer._deserializeUsingPropertyBased(BeanDeserializer.java:488)
	com.fasterxml.jackson.databind.deser.BeanDeserializerBase.deserializeFromObjectUsingNonDefault(BeanDeserializerBase.java:1287)
	com.fasterxml.jackson.databind.deser.BeanDeserializer.deserializeFromObject(BeanDeserializer.java:326)
	com.fasterxml.jackson.databind.deser.BeanDeserializer.deserialize(BeanDeserializer.java:159)
	com.fasterxml.jackson.databind.ObjectMapper._readMapAndClose(ObjectMapper.java:4013)
	com.fasterxml.jackson.databind.ObjectMapper.readValue(ObjectMapper.java:3023)
	au.com.firemarklabs.nt.NoteDeserializable.deserialize(NoteDeserializable.kt:12)
	au.com.firemarklabs.nt.NoteDeserializable.deserialize(NoteDeserializable.kt:7)
	com.github.kittinunf.fuel.core.ResponseDeserializable$DefaultImpls.deserialize(Deserializable.kt:43)
	au.com.firemarklabs.nt.NoteDeserializable.deserialize(NoteDeserializable.kt:7)
	au.com.firemarklabs.nt.NoteDeserializable.deserialize(NoteDeserializable.kt:7)
	com.github.kittinunf.fuel.core.DeserializableKt.awaitResponse(Deserializable.kt:256)
	au.com.firemarklabs.nt.NTClient$asyncInsert$$inlined$awaitObjectResponse$1.invokeSuspend(Coroutines.kt:68)
	kotlin.coroutines.jvm.internal.BaseContinuationImpl.resumeWith(ContinuationImpl.kt:33)
	kotlinx.coroutines.DispatchedTask.run(DispatchedTask.kt:56)
	kotlinx.coroutines.scheduling.CoroutineScheduler.runSafely(CoroutineScheduler.kt:561)
	kotlinx.coroutines.scheduling.CoroutineScheduler$Worker.executeTask(CoroutineScheduler.kt:727)
	kotlinx.coroutines.scheduling.CoroutineScheduler$Worker.runWorker(CoroutineScheduler.kt:667)
	kotlinx.coroutines.scheduling.CoroutineScheduler$Worker.run(CoroutineScheduler.kt:655)

		... 2 more
	Caused by: com.fasterxml.jackson.module.kotlin.MissingKotlinParameterException: Instantiation of [simple type, class au.com.firemarklabs.nt.Note] value failed for JSON property content due to missing (therefore NULL) value for creator parameter content which is a non-nullable type
 at [Source: (String)&quot;{&quot;status&quot;:&quot;success&quot;,&quot;note&quot;:{&quot;tag&quot;:[&quot;performance&quot;],&quot;_id&quot;:&quot;614c1b8cceece30015ab9d2b&quot;,&quot;content&quot;:&quot;Note 9353&quot;,&quot;__v&quot;:0}}&quot;; line: 1, column: 114] (through reference chain: au.com.firemarklabs.nt.Note[&quot;content&quot;])
		at app//com.fasterxml.jackson.module.kotlin.KotlinValueInstantiator.createFromObjectWith(KotlinValueInstantiator.kt:107)
		at app//com.fasterxml.jackson.databind.deser.impl.PropertyBasedCreator.build(PropertyBasedCreator.java:195)
		at app//com.fasterxml.jackson.databind.deser.BeanDeserializer._deserializeUsingPropertyBased(BeanDeserializer.java:488)
		at app//com.fasterxml.jackson.databind.deser.BeanDeserializerBase.deserializeFromObjectUsingNonDefault(BeanDeserializerBase.java:1287)
		at app//com.fasterxml.jackson.databind.deser.BeanDeserializer.deserializeFromObject(BeanDeserializer.java:326)
		at app//com.fasterxml.jackson.databind.deser.BeanDeserializer.deserialize(BeanDeserializer.java:159)
		at app//com.fasterxml.jackson.databind.ObjectMapper._readMapAndClose(ObjectMapper.java:4013)
		at app//com.fasterxml.jackson.databind.ObjectMapper.readValue(ObjectMapper.java:3023)
		at app//au.com.firemarklabs.nt.NoteDeserializable.deserialize(NoteDeserializable.kt:12)
		at app//au.com.firemarklabs.nt.NoteDeserializable.deserialize(NoteDeserializable.kt:7)
		at app//com.github.kittinunf.fuel.core.ResponseDeserializable$DefaultImpls.deserialize(Deserializable.kt:43)
		at app//au.com.firemarklabs.nt.NoteDeserializable.deserialize(NoteDeserializable.kt:7)
		at app//au.com.firemarklabs.nt.NoteDeserializable.deserialize(NoteDeserializable.kt:7)
		at app//com.github.kittinunf.fuel.core.DeserializableKt.awaitResponse(Deserializable.kt:256)
		at app//au.com.firemarklabs.nt.NTClient$asyncInsert$$inlined$awaitObjectResponse$1.invokeSuspend(Coroutines.kt:68)
		at app//kotlin.coroutines.jvm.internal.BaseContinuationImpl.resumeWith(ContinuationImpl.kt:33)
		at app//kotlinx.coroutines.DispatchedTask.run(DispatchedTask.kt:56)
		at app//kotlinx.coroutines.scheduling.CoroutineScheduler.runSafely(CoroutineScheduler.kt:561)
		at app//kotlinx.coroutines.scheduling.CoroutineScheduler$Worker.executeTask(CoroutineScheduler.kt:727)
		at app//kotlinx.coroutines.scheduling.CoroutineScheduler$Worker.runWorker(CoroutineScheduler.kt:667)
		at app//kotlinx.coroutines.scheduling.CoroutineScheduler$Worker.run(CoroutineScheduler.kt:655)
	Suppressed: Instantiation of [simple type, class au.com.firemarklabs.nt.Note] value failed for JSON property content due to missing (therefore NULL) value for creator parameter content which is a non-nullable type
 at [Source: (String)&quot;{&quot;status&quot;:&quot;success&quot;,&quot;note&quot;:{&quot;tag&quot;:[&quot;performance&quot;],&quot;_id&quot;:&quot;614c1b8cceece30015ab9d2c&quot;,&quot;content&quot;:&quot;Note 9350&quot;,&quot;__v&quot;:0}}&quot;; line: 1, column: 114] (through reference chain: au.com.firemarklabs.nt.Note[&quot;content&quot;])
	com.github.kittinunf.fuel.core.FuelError$Companion.wrap(FuelError.kt:86)
	com.github.kittinunf.fuel.core.DeserializableKt.awaitResponse(Deserializable.kt:257)
Caused by: com.fasterxml.jackson.module.kotlin.MissingKotlinParameterException: Instantiation of [simple type, class au.com.firemarklabs.nt.Note] value failed for JSON property content due to missing (therefore NULL) value for creator parameter content which is a non-nullable type
 at [Source: (String)&quot;{&quot;status&quot;:&quot;success&quot;,&quot;note&quot;:{&quot;tag&quot;:[&quot;performance&quot;],&quot;_id&quot;:&quot;614c1b8cceece30015ab9d2c&quot;,&quot;content&quot;:&quot;Note 9350&quot;,&quot;__v&quot;:0}}&quot;; line: 1, column: 114] (through reference chain: au.com.firemarklabs.nt.Note[&quot;content&quot;])
	com.fasterxml.jackson.module.kotlin.KotlinValueInstantiator.createFromObjectWith(KotlinValueInstantiator.kt:107)
	com.fasterxml.jackson.databind.deser.impl.PropertyBasedCreator.build(PropertyBasedCreator.java:195)
	com.fasterxml.jackson.databind.deser.BeanDeserializer._deserializeUsingPropertyBased(BeanDeserializer.java:488)
	com.fasterxml.jackson.databind.deser.BeanDeserializerBase.deserializeFromObjectUsingNonDefault(BeanDeserializerBase.java:1287)
	com.fasterxml.jackson.databind.deser.BeanDeserializer.deserializeFromObject(BeanDeserializer.java:326)
	com.fasterxml.jackson.databind.deser.BeanDeserializer.deserialize(BeanDeserializer.java:159)
	com.fasterxml.jackson.databind.ObjectMapper._readMapAndClose(ObjectMapper.java:4013)
	com.fasterxml.jackson.databind.ObjectMapper.readValue(ObjectMapper.java:3023)
	au.com.firemarklabs.nt.NoteDeserializable.deserialize(NoteDeserializable.kt:12)
	au.com.firemarklabs.nt.NoteDeserializable.deserialize(NoteDeserializable.kt:7)
	com.github.kittinunf.fuel.core.ResponseDeserializable$DefaultImpls.deserialize(Deserializable.kt:43)
	au.com.firemarklabs.nt.NoteDeserializable.deserialize(NoteDeserializable.kt:7)
	au.com.firemarklabs.nt.NoteDeserializable.deserialize(NoteDeserializable.kt:7)
	com.github.kittinunf.fuel.core.DeserializableKt.awaitResponse(Deserializable.kt:256)
	au.com.firemarklabs.nt.NTClient$asyncInsert$$inlined$awaitObjectResponse$1.invokeSuspend(Coroutines.kt:68)
	kotlin.coroutines.jvm.internal.BaseContinuationImpl.resumeWith(ContinuationImpl.kt:33)
	kotlinx.coroutines.DispatchedTask.run(DispatchedTask.kt:56)
	kotlinx.coroutines.scheduling.CoroutineScheduler.runSafely(CoroutineScheduler.kt:561)
	kotlinx.coroutines.scheduling.CoroutineScheduler$Worker.executeTask(CoroutineScheduler.kt:727)
	kotlinx.coroutines.scheduling.CoroutineScheduler$Worker.runWorker(CoroutineScheduler.kt:667)
	kotlinx.coroutines.scheduling.CoroutineScheduler$Worker.run(CoroutineScheduler.kt:655)

		... 2 more
	Caused by: com.fasterxml.jackson.module.kotlin.MissingKotlinParameterException: Instantiation of [simple type, class au.com.firemarklabs.nt.Note] value failed for JSON property content due to missing (therefore NULL) value for creator parameter content which is a non-nullable type
 at [Source: (String)&quot;{&quot;status&quot;:&quot;success&quot;,&quot;note&quot;:{&quot;tag&quot;:[&quot;performance&quot;],&quot;_id&quot;:&quot;614c1b8cceece30015ab9d2c&quot;,&quot;content&quot;:&quot;Note 9350&quot;,&quot;__v&quot;:0}}&quot;; line: 1, column: 114] (through reference chain: au.com.firemarklabs.nt.Note[&quot;content&quot;])
		at app//com.fasterxml.jackson.module.kotlin.KotlinValueInstantiator.createFromObjectWith(KotlinValueInstantiator.kt:107)
		at app//com.fasterxml.jackson.databind.deser.impl.PropertyBasedCreator.build(PropertyBasedCreator.java:195)
		at app//com.fasterxml.jackson.databind.deser.BeanDeserializer._deserializeUsingPropertyBased(BeanDeserializer.java:488)
		at app//com.fasterxml.jackson.databind.deser.BeanDeserializerBase.deserializeFromObjectUsingNonDefault(BeanDeserializerBase.java:1287)
		at app//com.fasterxml.jackson.databind.deser.BeanDeserializer.deserializeFromObject(BeanDeserializer.java:326)
		at app//com.fasterxml.jackson.databind.deser.BeanDeserializer.deserialize(BeanDeserializer.java:159)
		at app//com.fasterxml.jackson.databind.ObjectMapper._readMapAndClose(ObjectMapper.java:4013)
		at app//com.fasterxml.jackson.databind.ObjectMapper.readValue(ObjectMapper.java:3023)
		at app//au.com.firemarklabs.nt.NoteDeserializable.deserialize(NoteDeserializable.kt:12)
		at app//au.com.firemarklabs.nt.NoteDeserializable.deserialize(NoteDeserializable.kt:7)
		at app//com.github.kittinunf.fuel.core.ResponseDeserializable$DefaultImpls.deserialize(Deserializable.kt:43)
		at app//au.com.firemarklabs.nt.NoteDeserializable.deserialize(NoteDeserializable.kt:7)
		at app//au.com.firemarklabs.nt.NoteDeserializable.deserialize(NoteDeserializable.kt:7)
		at app//com.github.kittinunf.fuel.core.DeserializableKt.awaitResponse(Deserializable.kt:256)
		at app//au.com.firemarklabs.nt.NTClient$asyncInsert$$inlined$awaitObjectResponse$1.invokeSuspend(Coroutines.kt:68)
		at app//kotlin.coroutines.jvm.internal.BaseContinuationImpl.resumeWith(ContinuationImpl.kt:33)
		at app//kotlinx.coroutines.DispatchedTask.run(DispatchedTask.kt:56)
		at app//kotlinx.coroutines.scheduling.CoroutineScheduler.runSafely(CoroutineScheduler.kt:561)
		at app//kotlinx.coroutines.scheduling.CoroutineScheduler$Worker.executeTask(CoroutineScheduler.kt:727)
		at app//kotlinx.coroutines.scheduling.CoroutineScheduler$Worker.runWorker(CoroutineScheduler.kt:667)
		at app//kotlinx.coroutines.scheduling.CoroutineScheduler$Worker.run(CoroutineScheduler.kt:655)
	Suppressed: Instantiation of [simple type, class au.com.firemarklabs.nt.Note] value failed for JSON property content due to missing (therefore NULL) value for creator parameter content which is a non-nullable type
 at [Source: (String)&quot;{&quot;status&quot;:&quot;success&quot;,&quot;note&quot;:{&quot;tag&quot;:[&quot;performance&quot;],&quot;_id&quot;:&quot;614c1b8cceece30015ab9d2d&quot;,&quot;content&quot;:&quot;Note 9351&quot;,&quot;__v&quot;:0}}&quot;; line: 1, column: 114] (through reference chain: au.com.firemarklabs.nt.Note[&quot;content&quot;])
	com.github.kittinunf.fuel.core.FuelError$Companion.wrap(FuelError.kt:86)
	com.github.kittinunf.fuel.core.DeserializableKt.awaitResponse(Deserializable.kt:257)
Caused by: com.fasterxml.jackson.module.kotlin.MissingKotlinParameterException: Instantiation of [simple type, class au.com.firemarklabs.nt.Note] value failed for JSON property content due to missing (therefore NULL) value for creator parameter content which is a non-nullable type
 at [Source: (String)&quot;{&quot;status&quot;:&quot;success&quot;,&quot;note&quot;:{&quot;tag&quot;:[&quot;performance&quot;],&quot;_id&quot;:&quot;614c1b8cceece30015ab9d2d&quot;,&quot;content&quot;:&quot;Note 9351&quot;,&quot;__v&quot;:0}}&quot;; line: 1, column: 114] (through reference chain: au.com.firemarklabs.nt.Note[&quot;content&quot;])
	com.fasterxml.jackson.module.kotlin.KotlinValueInstantiator.createFromObjectWith(KotlinValueInstantiator.kt:107)
	com.fasterxml.jackson.databind.deser.impl.PropertyBasedCreator.build(PropertyBasedCreator.java:195)
	com.fasterxml.jackson.databind.deser.BeanDeserializer._deserializeUsingPropertyBased(BeanDeserializer.java:488)
	com.fasterxml.jackson.databind.deser.BeanDeserializerBase.deserializeFromObjectUsingNonDefault(BeanDeserializerBase.java:1287)
	com.fasterxml.jackson.databind.deser.BeanDeserializer.deserializeFromObject(BeanDeserializer.java:326)
	com.fasterxml.jackson.databind.deser.BeanDeserializer.deserialize(BeanDeserializer.java:159)
	com.fasterxml.jackson.databind.ObjectMapper._readMapAndClose(ObjectMapper.java:4013)
	com.fasterxml.jackson.databind.ObjectMapper.readValue(ObjectMapper.java:3023)
	au.com.firemarklabs.nt.NoteDeserializable.deserialize(NoteDeserializable.kt:12)
	au.com.firemarklabs.nt.NoteDeserializable.deserialize(NoteDeserializable.kt:7)
	com.github.kittinunf.fuel.core.ResponseDeserializable$DefaultImpls.deserialize(Deserializable.kt:43)
	au.com.firemarklabs.nt.NoteDeserializable.deserialize(NoteDeserializable.kt:7)
	au.com.firemarklabs.nt.NoteDeserializable.deserialize(NoteDeserializable.kt:7)
	com.github.kittinunf.fuel.core.DeserializableKt.awaitResponse(Deserializable.kt:256)
	au.com.firemarklabs.nt.NTClient$asyncInsert$$inlined$awaitObjectResponse$1.invokeSuspend(Coroutines.kt:68)
	kotlin.coroutines.jvm.internal.BaseContinuationImpl.resumeWith(ContinuationImpl.kt:33)
	kotlinx.coroutines.DispatchedTask.run(DispatchedTask.kt:56)
	kotlinx.coroutines.scheduling.CoroutineScheduler.runSafely(CoroutineScheduler.kt:561)
	kotlinx.coroutines.scheduling.CoroutineScheduler$Worker.executeTask(CoroutineScheduler.kt:727)
	kotlinx.coroutines.scheduling.CoroutineScheduler$Worker.runWorker(CoroutineScheduler.kt:667)
	kotlinx.coroutines.scheduling.CoroutineScheduler$Worker.run(CoroutineScheduler.kt:655)

		... 2 more
	Caused by: com.fasterxml.jackson.module.kotlin.MissingKotlinParameterException: Instantiation of [simple type, class au.com.firemarklabs.nt.Note] value failed for JSON property content due to missing (therefore NULL) value for creator parameter content which is a non-nullable type
 at [Source: (String)&quot;{&quot;status&quot;:&quot;success&quot;,&quot;note&quot;:{&quot;tag&quot;:[&quot;performance&quot;],&quot;_id&quot;:&quot;614c1b8cceece30015ab9d2d&quot;,&quot;content&quot;:&quot;Note 9351&quot;,&quot;__v&quot;:0}}&quot;; line: 1, column: 114] (through reference chain: au.com.firemarklabs.nt.Note[&quot;content&quot;])
		at app//com.fasterxml.jackson.module.kotlin.KotlinValueInstantiator.createFromObjectWith(KotlinValueInstantiator.kt:107)
		at app//com.fasterxml.jackson.databind.deser.impl.PropertyBasedCreator.build(PropertyBasedCreator.java:195)
		at app//com.fasterxml.jackson.databind.deser.BeanDeserializer._deserializeUsingPropertyBased(BeanDeserializer.java:488)
		at app//com.fasterxml.jackson.databind.deser.BeanDeserializerBase.deserializeFromObjectUsingNonDefault(BeanDeserializerBase.java:1287)
		at app//com.fasterxml.jackson.databind.deser.BeanDeserializer.deserializeFromObject(BeanDeserializer.java:326)
		at app//com.fasterxml.jackson.databind.deser.BeanDeserializer.deserialize(BeanDeserializer.java:159)
		at app//com.fasterxml.jackson.databind.ObjectMapper._readMapAndClose(ObjectMapper.java:4013)
		at app//com.fasterxml.jackson.databind.ObjectMapper.readValue(ObjectMapper.java:3023)
		at app//au.com.firemarklabs.nt.NoteDeserializable.deserialize(NoteDeserializable.kt:12)
		at app//au.com.firemarklabs.nt.NoteDeserializable.deserialize(NoteDeserializable.kt:7)
		at app//com.github.kittinunf.fuel.core.ResponseDeserializable$DefaultImpls.deserialize(Deserializable.kt:43)
		at app//au.com.firemarklabs.nt.NoteDeserializable.deserialize(NoteDeserializable.kt:7)
		at app//au.com.firemarklabs.nt.NoteDeserializable.deserialize(NoteDeserializable.kt:7)
		at app//com.github.kittinunf.fuel.core.DeserializableKt.awaitResponse(Deserializable.kt:256)
		at app//au.com.firemarklabs.nt.NTClient$asyncInsert$$inlined$awaitObjectResponse$1.invokeSuspend(Coroutines.kt:68)
		at app//kotlin.coroutines.jvm.internal.BaseContinuationImpl.resumeWith(ContinuationImpl.kt:33)
		at app//kotlinx.coroutines.DispatchedTask.run(DispatchedTask.kt:56)
		at app//kotlinx.coroutines.scheduling.CoroutineScheduler.runSafely(CoroutineScheduler.kt:561)
		at app//kotlinx.coroutines.scheduling.CoroutineScheduler$Worker.executeTask(CoroutineScheduler.kt:727)
		at app//kotlinx.coroutines.scheduling.CoroutineScheduler$Worker.runWorker(CoroutineScheduler.kt:667)
		at app//kotlinx.coroutines.scheduling.CoroutineScheduler$Worker.run(CoroutineScheduler.kt:655)
	Suppressed: Instantiation of [simple type, class au.com.firemarklabs.nt.Note] value failed for JSON property content due to missing (therefore NULL) value for creator parameter content which is a non-nullable type
 at [Source: (String)&quot;{&quot;status&quot;:&quot;success&quot;,&quot;note&quot;:{&quot;tag&quot;:[&quot;performance&quot;],&quot;_id&quot;:&quot;614c1b8cceece30015ab9d2e&quot;,&quot;content&quot;:&quot;Note 9352&quot;,&quot;__v&quot;:0}}&quot;; line: 1, column: 114] (through reference chain: au.com.firemarklabs.nt.Note[&quot;content&quot;])
	com.github.kittinunf.fuel.core.FuelError$Companion.wrap(FuelError.kt:86)
	com.github.kittinunf.fuel.core.DeserializableKt.awaitResponse(Deserializable.kt:257)
Caused by: com.fasterxml.jackson.module.kotlin.MissingKotlinParameterException: Instantiation of [simple type, class au.com.firemarklabs.nt.Note] value failed for JSON property content due to missing (therefore NULL) value for creator parameter content which is a non-nullable type
 at [Source: (String)&quot;{&quot;status&quot;:&quot;success&quot;,&quot;note&quot;:{&quot;tag&quot;:[&quot;performance&quot;],&quot;_id&quot;:&quot;614c1b8cceece30015ab9d2e&quot;,&quot;content&quot;:&quot;Note 9352&quot;,&quot;__v&quot;:0}}&quot;; line: 1, column: 114] (through reference chain: au.com.firemarklabs.nt.Note[&quot;content&quot;])
	com.fasterxml.jackson.module.kotlin.KotlinValueInstantiator.createFromObjectWith(KotlinValueInstantiator.kt:107)
	com.fasterxml.jackson.databind.deser.impl.PropertyBasedCreator.build(PropertyBasedCreator.java:195)
	com.fasterxml.jackson.databind.deser.BeanDeserializer._deserializeUsingPropertyBased(BeanDeserializer.java:488)
	com.fasterxml.jackson.databind.deser.BeanDeserializerBase.deserializeFromObjectUsingNonDefault(BeanDeserializerBase.java:1287)
	com.fasterxml.jackson.databind.deser.BeanDeserializer.deserializeFromObject(BeanDeserializer.java:326)
	com.fasterxml.jackson.databind.deser.BeanDeserializer.deserialize(BeanDeserializer.java:159)
	com.fasterxml.jackson.databind.ObjectMapper._readMapAndClose(ObjectMapper.java:4013)
	com.fasterxml.jackson.databind.ObjectMapper.readValue(ObjectMapper.java:3023)
	au.com.firemarklabs.nt.NoteDeserializable.deserialize(NoteDeserializable.kt:12)
	au.com.firemarklabs.nt.NoteDeserializable.deserialize(NoteDeserializable.kt:7)
	com.github.kittinunf.fuel.core.ResponseDeserializable$DefaultImpls.deserialize(Deserializable.kt:43)
	au.com.firemarklabs.nt.NoteDeserializable.deserialize(NoteDeserializable.kt:7)
	au.com.firemarklabs.nt.NoteDeserializable.deserialize(NoteDeserializable.kt:7)
	com.github.kittinunf.fuel.core.DeserializableKt.awaitResponse(Deserializable.kt:256)
	au.com.firemarklabs.nt.NTClient$asyncInsert$$inlined$awaitObjectResponse$1.invokeSuspend(Coroutines.kt:68)
	kotlin.coroutines.jvm.internal.BaseContinuationImpl.resumeWith(ContinuationImpl.kt:33)
	kotlinx.coroutines.DispatchedTask.run(DispatchedTask.kt:56)
	kotlinx.coroutines.scheduling.CoroutineScheduler.runSafely(CoroutineScheduler.kt:561)
	kotlinx.coroutines.scheduling.CoroutineScheduler$Worker.executeTask(CoroutineScheduler.kt:727)
	kotlinx.coroutines.scheduling.CoroutineScheduler$Worker.runWorker(CoroutineScheduler.kt:667)
	kotlinx.coroutines.scheduling.CoroutineScheduler$Worker.run(CoroutineScheduler.kt:655)

		... 2 more
	Caused by: com.fasterxml.jackson.module.kotlin.MissingKotlinParameterException: Instantiation of [simple type, class au.com.firemarklabs.nt.Note] value failed for JSON property content due to missing (therefore NULL) value for creator parameter content which is a non-nullable type
 at [Source: (String)&quot;{&quot;status&quot;:&quot;success&quot;,&quot;note&quot;:{&quot;tag&quot;:[&quot;performance&quot;],&quot;_id&quot;:&quot;614c1b8cceece30015ab9d2e&quot;,&quot;content&quot;:&quot;Note 9352&quot;,&quot;__v&quot;:0}}&quot;; line: 1, column: 114] (through reference chain: au.com.firemarklabs.nt.Note[&quot;content&quot;])
		at app//com.fasterxml.jackson.module.kotlin.KotlinValueInstantiator.createFromObjectWith(KotlinValueInstantiator.kt:107)
		at app//com.fasterxml.jackson.databind.deser.impl.PropertyBasedCreator.build(PropertyBasedCreator.java:195)
		at app//com.fasterxml.jackson.databind.deser.BeanDeserializer._deserializeUsingPropertyBased(BeanDeserializer.java:488)
		at app//com.fasterxml.jackson.databind.deser.BeanDeserializerBase.deserializeFromObjectUsingNonDefault(BeanDeserializerBase.java:1287)
		at app//com.fasterxml.jackson.databind.deser.BeanDeserializer.deserializeFromObject(BeanDeserializer.java:326)
		at app//com.fasterxml.jackson.databind.deser.BeanDeserializer.deserialize(BeanDeserializer.java:159)
		at app//com.fasterxml.jackson.databind.ObjectMapper._readMapAndClose(ObjectMapper.java:4013)
		at app//com.fasterxml.jackson.databind.ObjectMapper.readValue(ObjectMapper.java:3023)
		at app//au.com.firemarklabs.nt.NoteDeserializable.deserialize(NoteDeserializable.kt:12)
		at app//au.com.firemarklabs.nt.NoteDeserializable.deserialize(NoteDeserializable.kt:7)
		at app//com.github.kittinunf.fuel.core.ResponseDeserializable$DefaultImpls.deserialize(Deserializable.kt:43)
		at app//au.com.firemarklabs.nt.NoteDeserializable.deserialize(NoteDeserializable.kt:7)
		at app//au.com.firemarklabs.nt.NoteDeserializable.deserialize(NoteDeserializable.kt:7)
		at app//com.github.kittinunf.fuel.core.DeserializableKt.awaitResponse(Deserializable.kt:256)
		at app//au.com.firemarklabs.nt.NTClient$asyncInsert$$inlined$awaitObjectResponse$1.invokeSuspend(Coroutines.kt:68)
		at app//kotlin.coroutines.jvm.internal.BaseContinuationImpl.resumeWith(ContinuationImpl.kt:33)
		at app//kotlinx.coroutines.DispatchedTask.run(DispatchedTask.kt:56)
		at app//kotlinx.coroutines.scheduling.CoroutineScheduler.runSafely(CoroutineScheduler.kt:561)
		at app//kotlinx.coroutines.scheduling.CoroutineScheduler$Worker.executeTask(CoroutineScheduler.kt:727)
		at app//kotlinx.coroutines.scheduling.CoroutineScheduler$Worker.runWorker(CoroutineScheduler.kt:667)
		at app//kotlinx.coroutines.scheduling.CoroutineScheduler$Worker.run(CoroutineScheduler.kt:655)
	Suppressed: Instantiation of [simple type, class au.com.firemarklabs.nt.Note] value failed for JSON property content due to missing (therefore NULL) value for creator parameter content which is a non-nullable type
 at [Source: (String)&quot;{&quot;status&quot;:&quot;success&quot;,&quot;note&quot;:{&quot;tag&quot;:[&quot;performance&quot;],&quot;_id&quot;:&quot;614c1b8cceece30015ab9d2f&quot;,&quot;content&quot;:&quot;Note 9349&quot;,&quot;__v&quot;:0}}&quot;; line: 1, column: 114] (through reference chain: au.com.firemarklabs.nt.Note[&quot;content&quot;])
	com.github.kittinunf.fuel.core.FuelError$Companion.wrap(FuelError.kt:86)
	com.github.kittinunf.fuel.core.DeserializableKt.awaitResponse(Deserializable.kt:257)
Caused by: com.fasterxml.jackson.module.kotlin.MissingKotlinParameterException: Instantiation of [simple type, class au.com.firemarklabs.nt.Note] value failed for JSON property content due to missing (therefore NULL) value for creator parameter content which is a non-nullable type
 at [Source: (String)&quot;{&quot;status&quot;:&quot;success&quot;,&quot;note&quot;:{&quot;tag&quot;:[&quot;performance&quot;],&quot;_id&quot;:&quot;614c1b8cceece30015ab9d2f&quot;,&quot;content&quot;:&quot;Note 9349&quot;,&quot;__v&quot;:0}}&quot;; line: 1, column: 114] (through reference chain: au.com.firemarklabs.nt.Note[&quot;content&quot;])
	com.fasterxml.jackson.module.kotlin.KotlinValueInstantiator.createFromObjectWith(KotlinValueInstantiator.kt:107)
	com.fasterxml.jackson.databind.deser.impl.PropertyBasedCreator.build(PropertyBasedCreator.java:195)
	com.fasterxml.jackson.databind.deser.BeanDeserializer._deserializeUsingPropertyBased(BeanDeserializer.java:488)
	com.fasterxml.jackson.databind.deser.BeanDeserializerBase.deserializeFromObjectUsingNonDefault(BeanDeserializerBase.java:1287)
	com.fasterxml.jackson.databind.deser.BeanDeserializer.deserializeFromObject(BeanDeserializer.java:326)
	com.fasterxml.jackson.databind.deser.BeanDeserializer.deserialize(BeanDeserializer.java:159)
	com.fasterxml.jackson.databind.ObjectMapper._readMapAndClose(ObjectMapper.java:4013)
	com.fasterxml.jackson.databind.ObjectMapper.readValue(ObjectMapper.java:3023)
	au.com.firemarklabs.nt.NoteDeserializable.deserialize(NoteDeserializable.kt:12)
	au.com.firemarklabs.nt.NoteDeserializable.deserialize(NoteDeserializable.kt:7)
	com.github.kittinunf.fuel.core.ResponseDeserializable$DefaultImpls.deserialize(Deserializable.kt:43)
	au.com.firemarklabs.nt.NoteDeserializable.deserialize(NoteDeserializable.kt:7)
	au.com.firemarklabs.nt.NoteDeserializable.deserialize(NoteDeserializable.kt:7)
	com.github.kittinunf.fuel.core.DeserializableKt.awaitResponse(Deserializable.kt:256)
	au.com.firemarklabs.nt.NTClient$asyncInsert$$inlined$awaitObjectResponse$1.invokeSuspend(Coroutines.kt:68)
	kotlin.coroutines.jvm.internal.BaseContinuationImpl.resumeWith(ContinuationImpl.kt:33)
	kotlinx.coroutines.DispatchedTask.run(DispatchedTask.kt:56)
	kotlinx.coroutines.scheduling.CoroutineScheduler.runSafely(CoroutineScheduler.kt:561)
	kotlinx.coroutines.scheduling.CoroutineScheduler$Worker.executeTask(CoroutineScheduler.kt:727)
	kotlinx.coroutines.scheduling.CoroutineScheduler$Worker.runWorker(CoroutineScheduler.kt:667)
	kotlinx.coroutines.scheduling.CoroutineScheduler$Worker.run(CoroutineScheduler.kt:655)

		... 2 more
	Caused by: com.fasterxml.jackson.module.kotlin.MissingKotlinParameterException: Instantiation of [simple type, class au.com.firemarklabs.nt.Note] value failed for JSON property content due to missing (therefore NULL) value for creator parameter content which is a non-nullable type
 at [Source: (String)&quot;{&quot;status&quot;:&quot;success&quot;,&quot;note&quot;:{&quot;tag&quot;:[&quot;performance&quot;],&quot;_id&quot;:&quot;614c1b8cceece30015ab9d2f&quot;,&quot;content&quot;:&quot;Note 9349&quot;,&quot;__v&quot;:0}}&quot;; line: 1, column: 114] (through reference chain: au.com.firemarklabs.nt.Note[&quot;content&quot;])
		at app//com.fasterxml.jackson.module.kotlin.KotlinValueInstantiator.createFromObjectWith(KotlinValueInstantiator.kt:107)
		at app//com.fasterxml.jackson.databind.deser.impl.PropertyBasedCreator.build(PropertyBasedCreator.java:195)
		at app//com.fasterxml.jackson.databind.deser.BeanDeserializer._deserializeUsingPropertyBased(BeanDeserializer.java:488)
		at app//com.fasterxml.jackson.databind.deser.BeanDeserializerBase.deserializeFromObjectUsingNonDefault(BeanDeserializerBase.java:1287)
		at app//com.fasterxml.jackson.databind.deser.BeanDeserializer.deserializeFromObject(BeanDeserializer.java:326)
		at app//com.fasterxml.jackson.databind.deser.BeanDeserializer.deserialize(BeanDeserializer.java:159)
		at app//com.fasterxml.jackson.databind.ObjectMapper._readMapAndClose(ObjectMapper.java:4013)
		at app//com.fasterxml.jackson.databind.ObjectMapper.readValue(ObjectMapper.java:3023)
		at app//au.com.firemarklabs.nt.NoteDeserializable.deserialize(NoteDeserializable.kt:12)
		at app//au.com.firemarklabs.nt.NoteDeserializable.deserialize(NoteDeserializable.kt:7)
		at app//com.github.kittinunf.fuel.core.ResponseDeserializable$DefaultImpls.deserialize(Deserializable.kt:43)
		at app//au.com.firemarklabs.nt.NoteDeserializable.deserialize(NoteDeserializable.kt:7)
		at app//au.com.firemarklabs.nt.NoteDeserializable.deserialize(NoteDeserializable.kt:7)
		at app//com.github.kittinunf.fuel.core.DeserializableKt.awaitResponse(Deserializable.kt:256)
		at app//au.com.firemarklabs.nt.NTClient$asyncInsert$$inlined$awaitObjectResponse$1.invokeSuspend(Coroutines.kt:68)
		at app//kotlin.coroutines.jvm.internal.BaseContinuationImpl.resumeWith(ContinuationImpl.kt:33)
		at app//kotlinx.coroutines.DispatchedTask.run(DispatchedTask.kt:56)
		at app//kotlinx.coroutines.scheduling.CoroutineScheduler.runSafely(CoroutineScheduler.kt:561)
		at app//kotlinx.coroutines.scheduling.CoroutineScheduler$Worker.executeTask(CoroutineScheduler.kt:727)
		at app//kotlinx.coroutines.scheduling.CoroutineScheduler$Worker.runWorker(CoroutineScheduler.kt:667)
		at app//kotlinx.coroutines.scheduling.CoroutineScheduler$Worker.run(CoroutineScheduler.kt:655)
	Suppressed: Instantiation of [simple type, class au.com.firemarklabs.nt.Note] value failed for JSON property content due to missing (therefore NULL) value for creator parameter content which is a non-nullable type
 at [Source: (String)&quot;{&quot;status&quot;:&quot;success&quot;,&quot;note&quot;:{&quot;tag&quot;:[&quot;performance&quot;],&quot;_id&quot;:&quot;614c1b8cceece30015ab9d39&quot;,&quot;content&quot;:&quot;Note 5699&quot;,&quot;__v&quot;:0}}&quot;; line: 1, column: 114] (through reference chain: au.com.firemarklabs.nt.Note[&quot;content&quot;])
	com.github.kittinunf.fuel.core.FuelError$Companion.wrap(FuelError.kt:86)
	com.github.kittinunf.fuel.core.DeserializableKt.awaitResponse(Deserializable.kt:257)
Caused by: com.fasterxml.jackson.module.kotlin.MissingKotlinParameterException: Instantiation of [simple type, class au.com.firemarklabs.nt.Note] value failed for JSON property content due to missing (therefore NULL) value for creator parameter content which is a non-nullable type
 at [Source: (String)&quot;{&quot;status&quot;:&quot;success&quot;,&quot;note&quot;:{&quot;tag&quot;:[&quot;performance&quot;],&quot;_id&quot;:&quot;614c1b8cceece30015ab9d39&quot;,&quot;content&quot;:&quot;Note 5699&quot;,&quot;__v&quot;:0}}&quot;; line: 1, column: 114] (through reference chain: au.com.firemarklabs.nt.Note[&quot;content&quot;])
	com.fasterxml.jackson.module.kotlin.KotlinValueInstantiator.createFromObjectWith(KotlinValueInstantiator.kt:107)
	com.fasterxml.jackson.databind.deser.impl.PropertyBasedCreator.build(PropertyBasedCreator.java:195)
	com.fasterxml.jackson.databind.deser.BeanDeserializer._deserializeUsingPropertyBased(BeanDeserializer.java:488)
	com.fasterxml.jackson.databind.deser.BeanDeserializerBase.deserializeFromObjectUsingNonDefault(BeanDeserializerBase.java:1287)
	com.fasterxml.jackson.databind.deser.BeanDeserializer.deserializeFromObject(BeanDeserializer.java:326)
	com.fasterxml.jackson.databind.deser.BeanDeserializer.deserialize(BeanDeserializer.java:159)
	com.fasterxml.jackson.databind.ObjectMapper._readMapAndClose(ObjectMapper.java:4013)
	com.fasterxml.jackson.databind.ObjectMapper.readValue(ObjectMapper.java:3023)
	au.com.firemarklabs.nt.NoteDeserializable.deserialize(NoteDeserializable.kt:12)
	au.com.firemarklabs.nt.NoteDeserializable.deserialize(NoteDeserializable.kt:7)
	com.github.kittinunf.fuel.core.ResponseDeserializable$DefaultImpls.deserialize(Deserializable.kt:43)
	au.com.firemarklabs.nt.NoteDeserializable.deserialize(NoteDeserializable.kt:7)
	au.com.firemarklabs.nt.NoteDeserializable.deserialize(NoteDeserializable.kt:7)
	com.github.kittinunf.fuel.core.DeserializableKt.awaitResponse(Deserializable.kt:256)
	au.com.firemarklabs.nt.NTClient$asyncInsert$$inlined$awaitObjectResponse$1.invokeSuspend(Coroutines.kt:68)
	kotlin.coroutines.jvm.internal.BaseContinuationImpl.resumeWith(ContinuationImpl.kt:33)
	kotlinx.coroutines.DispatchedTask.run(DispatchedTask.kt:56)
	kotlinx.coroutines.scheduling.CoroutineScheduler.runSafely(CoroutineScheduler.kt:561)
	kotlinx.coroutines.scheduling.CoroutineScheduler$Worker.executeTask(CoroutineScheduler.kt:727)
	kotlinx.coroutines.scheduling.CoroutineScheduler$Worker.runWorker(CoroutineScheduler.kt:667)
	kotlinx.coroutines.scheduling.CoroutineScheduler$Worker.run(CoroutineScheduler.kt:655)

		... 2 more
	Caused by: com.fasterxml.jackson.module.kotlin.MissingKotlinParameterException: Instantiation of [simple type, class au.com.firemarklabs.nt.Note] value failed for JSON property content due to missing (therefore NULL) value for creator parameter content which is a non-nullable type
 at [Source: (String)&quot;{&quot;status&quot;:&quot;success&quot;,&quot;note&quot;:{&quot;tag&quot;:[&quot;performance&quot;],&quot;_id&quot;:&quot;614c1b8cceece30015ab9d39&quot;,&quot;content&quot;:&quot;Note 5699&quot;,&quot;__v&quot;:0}}&quot;; line: 1, column: 114] (through reference chain: au.com.firemarklabs.nt.Note[&quot;content&quot;])
		at app//com.fasterxml.jackson.module.kotlin.KotlinValueInstantiator.createFromObjectWith(KotlinValueInstantiator.kt:107)
		at app//com.fasterxml.jackson.databind.deser.impl.PropertyBasedCreator.build(PropertyBasedCreator.java:195)
		at app//com.fasterxml.jackson.databind.deser.BeanDeserializer._deserializeUsingPropertyBased(BeanDeserializer.java:488)
		at app//com.fasterxml.jackson.databind.deser.BeanDeserializerBase.deserializeFromObjectUsingNonDefault(BeanDeserializerBase.java:1287)
		at app//com.fasterxml.jackson.databind.deser.BeanDeserializer.deserializeFromObject(BeanDeserializer.java:326)
		at app//com.fasterxml.jackson.databind.deser.BeanDeserializer.deserialize(BeanDeserializer.java:159)
		at app//com.fasterxml.jackson.databind.ObjectMapper._readMapAndClose(ObjectMapper.java:4013)
		at app//com.fasterxml.jackson.databind.ObjectMapper.readValue(ObjectMapper.java:3023)
		at app//au.com.firemarklabs.nt.NoteDeserializable.deserialize(NoteDeserializable.kt:12)
		at app//au.com.firemarklabs.nt.NoteDeserializable.deserialize(NoteDeserializable.kt:7)
		at app//com.github.kittinunf.fuel.core.ResponseDeserializable$DefaultImpls.deserialize(Deserializable.kt:43)
		at app//au.com.firemarklabs.nt.NoteDeserializable.deserialize(NoteDeserializable.kt:7)
		at app//au.com.firemarklabs.nt.NoteDeserializable.deserialize(NoteDeserializable.kt:7)
		at app//com.github.kittinunf.fuel.core.DeserializableKt.awaitResponse(Deserializable.kt:256)
		at app//au.com.firemarklabs.nt.NTClient$asyncInsert$$inlined$awaitObjectResponse$1.invokeSuspend(Coroutines.kt:68)
		at app//kotlin.coroutines.jvm.internal.BaseContinuationImpl.resumeWith(ContinuationImpl.kt:33)
		at app//kotlinx.coroutines.DispatchedTask.run(DispatchedTask.kt:56)
		at app//kotlinx.coroutines.scheduling.CoroutineScheduler.runSafely(CoroutineScheduler.kt:561)
		at app//kotlinx.coroutines.scheduling.CoroutineScheduler$Worker.executeTask(CoroutineScheduler.kt:727)
		at app//kotlinx.coroutines.scheduling.CoroutineScheduler$Worker.runWorker(CoroutineScheduler.kt:667)
		at app//kotlinx.coroutines.scheduling.CoroutineScheduler$Worker.run(CoroutineScheduler.kt:655)
	Suppressed: Instantiation of [simple type, class au.com.firemarklabs.nt.Note] value failed for JSON property content due to missing (therefore NULL) value for creator parameter content which is a non-nullable type
 at [Source: (String)&quot;{&quot;status&quot;:&quot;success&quot;,&quot;note&quot;:{&quot;tag&quot;:[&quot;performance&quot;],&quot;_id&quot;:&quot;614c1b8cceece30015ab9d3a&quot;,&quot;content&quot;:&quot;Note 9354&quot;,&quot;__v&quot;:0}}&quot;; line: 1, column: 114] (through reference chain: au.com.firemarklabs.nt.Note[&quot;content&quot;])
	com.github.kittinunf.fuel.core.FuelError$Companion.wrap(FuelError.kt:86)
	com.github.kittinunf.fuel.core.DeserializableKt.awaitResponse(Deserializable.kt:257)
Caused by: com.fasterxml.jackson.module.kotlin.MissingKotlinParameterException: Instantiation of [simple type, class au.com.firemarklabs.nt.Note] value failed for JSON property content due to missing (therefore NULL) value for creator parameter content which is a non-nullable type
 at [Source: (String)&quot;{&quot;status&quot;:&quot;success&quot;,&quot;note&quot;:{&quot;tag&quot;:[&quot;performance&quot;],&quot;_id&quot;:&quot;614c1b8cceece30015ab9d3a&quot;,&quot;content&quot;:&quot;Note 9354&quot;,&quot;__v&quot;:0}}&quot;; line: 1, column: 114] (through reference chain: au.com.firemarklabs.nt.Note[&quot;content&quot;])
	com.fasterxml.jackson.module.kotlin.KotlinValueInstantiator.createFromObjectWith(KotlinValueInstantiator.kt:107)
	com.fasterxml.jackson.databind.deser.impl.PropertyBasedCreator.build(PropertyBasedCreator.java:195)
	com.fasterxml.jackson.databind.deser.BeanDeserializer._deserializeUsingPropertyBased(BeanDeserializer.java:488)
	com.fasterxml.jackson.databind.deser.BeanDeserializerBase.deserializeFromObjectUsingNonDefault(BeanDeserializerBase.java:1287)
	com.fasterxml.jackson.databind.deser.BeanDeserializer.deserializeFromObject(BeanDeserializer.java:326)
	com.fasterxml.jackson.databind.deser.BeanDeserializer.deserialize(BeanDeserializer.java:159)
	com.fasterxml.jackson.databind.ObjectMapper._readMapAndClose(ObjectMapper.java:4013)
	com.fasterxml.jackson.databind.ObjectMapper.readValue(ObjectMapper.java:3023)
	au.com.firemarklabs.nt.NoteDeserializable.deserialize(NoteDeserializable.kt:12)
	au.com.firemarklabs.nt.NoteDeserializable.deserialize(NoteDeserializable.kt:7)
	com.github.kittinunf.fuel.core.ResponseDeserializable$DefaultImpls.deserialize(Deserializable.kt:43)
	au.com.firemarklabs.nt.NoteDeserializable.deserialize(NoteDeserializable.kt:7)
	au.com.firemarklabs.nt.NoteDeserializable.deserialize(NoteDeserializable.kt:7)
	com.github.kittinunf.fuel.core.DeserializableKt.awaitResponse(Deserializable.kt:256)
	au.com.firemarklabs.nt.NTClient$asyncInsert$$inlined$awaitObjectResponse$1.invokeSuspend(Coroutines.kt:68)
	kotlin.coroutines.jvm.internal.BaseContinuationImpl.resumeWith(ContinuationImpl.kt:33)
	kotlinx.coroutines.DispatchedTask.run(DispatchedTask.kt:56)
	kotlinx.coroutines.scheduling.CoroutineScheduler.runSafely(CoroutineScheduler.kt:561)
	kotlinx.coroutines.scheduling.CoroutineScheduler$Worker.executeTask(CoroutineScheduler.kt:727)
	kotlinx.coroutines.scheduling.CoroutineScheduler$Worker.runWorker(CoroutineScheduler.kt:667)
	kotlinx.coroutines.scheduling.CoroutineScheduler$Worker.run(CoroutineScheduler.kt:655)

		... 2 more
	Caused by: com.fasterxml.jackson.module.kotlin.MissingKotlinParameterException: Instantiation of [simple type, class au.com.firemarklabs.nt.Note] value failed for JSON property content due to missing (therefore NULL) value for creator parameter content which is a non-nullable type
 at [Source: (String)&quot;{&quot;status&quot;:&quot;success&quot;,&quot;note&quot;:{&quot;tag&quot;:[&quot;performance&quot;],&quot;_id&quot;:&quot;614c1b8cceece30015ab9d3a&quot;,&quot;content&quot;:&quot;Note 9354&quot;,&quot;__v&quot;:0}}&quot;; line: 1, column: 114] (through reference chain: au.com.firemarklabs.nt.Note[&quot;content&quot;])
		at app//com.fasterxml.jackson.module.kotlin.KotlinValueInstantiator.createFromObjectWith(KotlinValueInstantiator.kt:107)
		at app//com.fasterxml.jackson.databind.deser.impl.PropertyBasedCreator.build(PropertyBasedCreator.java:195)
		at app//com.fasterxml.jackson.databind.deser.BeanDeserializer._deserializeUsingPropertyBased(BeanDeserializer.java:488)
		at app//com.fasterxml.jackson.databind.deser.BeanDeserializerBase.deserializeFromObjectUsingNonDefault(BeanDeserializerBase.java:1287)
		at app//com.fasterxml.jackson.databind.deser.BeanDeserializer.deserializeFromObject(BeanDeserializer.java:326)
		at app//com.fasterxml.jackson.databind.deser.BeanDeserializer.deserialize(BeanDeserializer.java:159)
		at app//com.fasterxml.jackson.databind.ObjectMapper._readMapAndClose(ObjectMapper.java:4013)
		at app//com.fasterxml.jackson.databind.ObjectMapper.readValue(ObjectMapper.java:3023)
		at app//au.com.firemarklabs.nt.NoteDeserializable.deserialize(NoteDeserializable.kt:12)
		at app//au.com.firemarklabs.nt.NoteDeserializable.deserialize(NoteDeserializable.kt:7)
		at app//com.github.kittinunf.fuel.core.ResponseDeserializable$DefaultImpls.deserialize(Deserializable.kt:43)
		at app//au.com.firemarklabs.nt.NoteDeserializable.deserialize(NoteDeserializable.kt:7)
		at app//au.com.firemarklabs.nt.NoteDeserializable.deserialize(NoteDeserializable.kt:7)
		at app//com.github.kittinunf.fuel.core.DeserializableKt.awaitResponse(Deserializable.kt:256)
		at app//au.com.firemarklabs.nt.NTClient$asyncInsert$$inlined$awaitObjectResponse$1.invokeSuspend(Coroutines.kt:68)
		at app//kotlin.coroutines.jvm.internal.BaseContinuationImpl.resumeWith(ContinuationImpl.kt:33)
		at app//kotlinx.coroutines.DispatchedTask.run(DispatchedTask.kt:56)
		at app//kotlinx.coroutines.scheduling.CoroutineScheduler.runSafely(CoroutineScheduler.kt:561)
		at app//kotlinx.coroutines.scheduling.CoroutineScheduler$Worker.executeTask(CoroutineScheduler.kt:727)
		at app//kotlinx.coroutines.scheduling.CoroutineScheduler$Worker.runWorker(CoroutineScheduler.kt:667)
		at app//kotlinx.coroutines.scheduling.CoroutineScheduler$Worker.run(CoroutineScheduler.kt:655)
Caused by: com.fasterxml.jackson.module.kotlin.MissingKotlinParameterException: Instantiation of [simple type, class au.com.firemarklabs.nt.Note] value failed for JSON property content due to missing (therefore NULL) value for creator parameter content which is a non-nullable type
 at [Source: (String)&quot;{&quot;status&quot;:&quot;success&quot;,&quot;note&quot;:{&quot;tag&quot;:[&quot;performance&quot;],&quot;_id&quot;:&quot;614c1b8aceece30015ab9c39&quot;,&quot;content&quot;:&quot;Note 7&quot;,&quot;__v&quot;:0}}&quot;; line: 1, column: 111] (through reference chain: au.com.firemarklabs.nt.Note[&quot;content&quot;])
	at app//com.fasterxml.jackson.module.kotlin.KotlinValueInstantiator.createFromObjectWith(KotlinValueInstantiator.kt:107)
	at app//com.fasterxml.jackson.databind.deser.impl.PropertyBasedCreator.build(PropertyBasedCreator.java:195)
	at app//com.fasterxml.jackson.databind.deser.BeanDeserializer._deserializeUsingPropertyBased(BeanDeserializer.java:488)
	at app//com.fasterxml.jackson.databind.deser.BeanDeserializerBase.deserializeFromObjectUsingNonDefault(BeanDeserializerBase.java:1287)
	at app//com.fasterxml.jackson.databind.deser.BeanDeserializer.deserializeFromObject(BeanDeserializer.java:326)
	at app//com.fasterxml.jackson.databind.deser.BeanDeserializer.deserialize(BeanDeserializer.java:159)
	at app//com.fasterxml.jackson.databind.ObjectMapper._readMapAndClose(ObjectMapper.java:4013)
	at app//com.fasterxml.jackson.databind.ObjectMapper.readValue(ObjectMapper.java:3023)
	at app//au.com.firemarklabs.nt.NoteDeserializable.deserialize(NoteDeserializable.kt:12)
	at app//au.com.firemarklabs.nt.NoteDeserializable.deserialize(NoteDeserializable.kt:7)
	at app//com.github.kittinunf.fuel.core.ResponseDeserializable$DefaultImpls.deserialize(Deserializable.kt:43)
	at app//au.com.firemarklabs.nt.NoteDeserializable.deserialize(NoteDeserializable.kt:7)
	at app//au.com.firemarklabs.nt.NoteDeserializable.deserialize(NoteDeserializable.kt:7)
	at app//com.github.kittinunf.fuel.core.DeserializableKt.awaitResponse(Deserializable.kt:256)
	at app//au.com.firemarklabs.nt.NTClient$asyncInsert$$inlined$awaitObjectResponse$1.invokeSuspend(Coroutines.kt:68)
	at app//kotlin.coroutines.jvm.internal.BaseContinuationImpl.resumeWith(ContinuationImpl.kt:33)
	at app//kotlinx.coroutines.DispatchedTask.run(DispatchedTask.kt:56)
	at app//kotlinx.coroutines.scheduling.CoroutineScheduler.runSafely(CoroutineScheduler.kt:561)
	at app//kotlinx.coroutines.scheduling.CoroutineScheduler$Worker.executeTask(CoroutineScheduler.kt:727)
	at app//kotlinx.coroutines.scheduling.CoroutineScheduler$Worker.runWorker(CoroutineScheduler.kt:667)
	at app//kotlinx.coroutines.scheduling.CoroutineScheduler$Worker.run(CoroutineScheduler.kt:655)
</failure>
  </testcase>
  <testcase name="create a note and delete it()" classname="au.com.firemarklabs.nt.NtClientTest" time="0.036">
    <failure message="Instantiation of [simple type, class au.com.firemarklabs.nt.Note] value failed for JSON property content due to missing (therefore NULL) value for creator parameter content which is a non-nullable type&#10; at [Source: (BufferedInputStream); line: 1, column: 109] (through reference chain: au.com.firemarklabs.nt.Note[&quot;content&quot;])&#13;&#10;&#9;com.github.kittinunf.fuel.core.FuelError$Companion.wrap(FuelError.kt:86)&#10;&#9;com.github.kittinunf.fuel.core.DeserializableKt.response(Deserializable.kt:177)&#10;Caused by: com.fasterxml.jackson.module.kotlin.MissingKotlinParameterException: Instantiation of [simple type, class au.com.firemarklabs.nt.Note] value failed for JSON property content due to missing (therefore NULL) value for creator parameter content which is a non-nullable type&#10; at [Source: (BufferedInputStream); line: 1, column: 109] (through reference chain: au.com.firemarklabs.nt.Note[&quot;content&quot;])&#10;&#9;com.fasterxml.jackson.module.kotlin.KotlinValueInstantiator.createFromObjectWith(KotlinValueInstantiator.kt:107)&#10;&#9;com.fasterxml.jackson.databind.deser.impl.PropertyBasedCreator.build(PropertyBasedCreator.java:195)&#10;&#9;com.fasterxml.jackson.databind.deser.BeanDeserializer._deserializeUsingPropertyBased(BeanDeserializer.java:488)&#10;&#9;com.fasterxml.jackson.databind.deser.BeanDeserializerBase.deserializeFromObjectUsingNonDefault(BeanDeserializerBase.java:1287)&#10;&#9;com.fasterxml.jackson.databind.deser.BeanDeserializer.deserializeFromObject(BeanDeserializer.java:326)&#10;&#9;com.fasterxml.jackson.databind.deser.BeanDeserializer.deserialize(BeanDeserializer.java:159)&#10;&#9;com.fasterxml.jackson.databind.ObjectMapper._readMapAndClose(ObjectMapper.java:4013)&#10;&#9;com.fasterxml.jackson.databind.ObjectMapper.readValue(ObjectMapper.java:3077)&#10;&#9;au.com.firemarklabs.nt.NTClient$insert$$inlined$responseObject$1.deserialize(FuelJackson.kt:59)&#10;&#9;com.github.kittinunf.fuel.core.ResponseDeserializable$DefaultImpls.deserialize(Deserializable.kt:39)&#10;&#9;au.com.firemarklabs.nt.NTClient$insert$$inlined$responseObject$1.deserialize(FuelJackson.kt:36)&#10;&#9;com.github.kittinunf.fuel.core.DeserializableKt.response(Deserializable.kt:176)&#10;&#9;au.com.firemarklabs.nt.NTClient.insert(NTClient.kt:103)&#10;&#9;au.com.firemarklabs.nt.NtClientTest.create a note and delete it(NtClientTest.kt:63)&#10;&#9;java.base/jdk.internal.reflect.NativeMethodAccessorImpl.invoke0(Native Method)&#10;&#9;java.base/jdk.internal.reflect.NativeMethodAccessorImpl.invoke(NativeMethodAccessorImpl.java:78)&#10;&#9;java.base/jdk.internal.reflect.DelegatingMethodAccessorImpl.invoke(DelegatingMethodAccessorImpl.java:43)&#10;&#9;java.base/java.lang.reflect.Method.invoke(Method.java:567)&#10;&#9;org.junit.platform.commons.util.ReflectionUtils.invokeMethod(ReflectionUtils.java:686)&#10;&#9;org.junit.jupiter.engine.execution.MethodInvocation.proceed(MethodInvocation.java:60)&#10;&#9;org.junit.jupiter.engine.execution.InvocationInterceptorChain$ValidatingInvocation.proceed(InvocationInterceptorChain.java:131)&#10;&#9;org.junit.jupiter.engine.extension.TimeoutExtension.intercept(TimeoutExtension.java:149)&#10;&#9;org.junit.jupiter.engine.extension.TimeoutExtension.interceptTestableMethod(TimeoutExtension.java:140)&#10;&#9;org.junit.jupiter.engine.extension.TimeoutExtension.interceptTestMethod(TimeoutExtension.java:84)&#10;&#9;org.junit.jupiter.engine.execution.ExecutableInvoker$ReflectiveInterceptorCall.lambda$ofVoidMethod$0(ExecutableInvoker.java:115)&#10;&#9;org.junit.jupiter.engine.execution.ExecutableInvoker.lambda$invoke$0(ExecutableInvoker.java:105)&#10;&#9;org.junit.jupiter.engine.execution.InvocationInterceptorChain$InterceptedInvocation.proceed(InvocationInterceptorChain.java:106)&#10;&#9;org.junit.jupiter.engine.execution.InvocationInterceptorChain.proceed(InvocationInterceptorChain.java:64)&#10;&#9;org.junit.jupiter.engine.execution.InvocationInterceptorChain.chainAndInvoke(InvocationInterceptorChain.java:45)&#10;&#9;org.junit.jupiter.engine.execution.InvocationInterceptorChain.invoke(InvocationInterceptorChain.java:37)&#10;&#9;org.junit.jupiter.engine.execution.ExecutableInvoker.invoke(ExecutableInvoker.java:104)&#10;&#9;org.junit.jupiter.engine.execution.ExecutableInvoker.invoke(ExecutableInvoker.java:98)&#10;&#9;org.junit.jupiter.engine.descriptor.TestMethodTestDescriptor.lambda$invokeTestMethod$6(TestMethodTestDescriptor.java:212)&#10;&#9;org.junit.platform.engine.support.hierarchical.ThrowableCollector.execute(ThrowableCollector.java:73)&#10;&#9;org.junit.jupiter.engine.descriptor.TestMethodTestDescriptor.invokeTestMethod(TestMethodTestDescriptor.java:208)&#10;&#9;org.junit.jupiter.engine.descriptor.TestMethodTestDescriptor.execute(TestMethodTestDescriptor.java:137)&#10;&#9;org.junit.jupiter.engine.descriptor.TestMethodTestDescriptor.execute(TestMethodTestDescriptor.java:71)&#10;&#9;org.junit.platform.engine.support.hierarchical.NodeTestTask.lambda$executeRecursively$5(NodeTestTask.java:135)&#10;&#9;org.junit.platform.engine.support.hierarchical.ThrowableCollector.execute(ThrowableCollector.java:73)&#10;&#9;org.junit.platform.engine.support.hierarchical.NodeTestTask.lambda$executeRecursively$7(NodeTestTask.java:125)&#10;&#9;org.junit.platform.engine.support.hierarchical.Node.around(Node.java:135)&#10;&#9;org.junit.platform.engine.support.hierarchical.NodeTestTask.lambda$executeRecursively$8(NodeTestTask.java:123)&#10;&#9;org.junit.platform.engine.support.hierarchical.ThrowableCollector.execute(ThrowableCollector.java:73)&#10;&#9;org.junit.platform.engine.support.hierarchical.NodeTestTask.executeRecursively(NodeTestTask.java:122)&#10;&#9;org.junit.platform.engine.support.hierarchical.NodeTestTask.execute(NodeTestTask.java:80)&#10;&#9;java.base/java.util.ArrayList.forEach(ArrayList.java:1511)&#10;&#9;org.junit.platform.engine.support.hierarchical.SameThreadHierarchicalTestExecutorService.invokeAll(SameThreadHierarchicalTestExecutorService.java:38)&#10;&#9;org.junit.platform.engine.support.hierarchical.NodeTestTask.lambda$executeRecursively$5(NodeTestTask.java:139)&#10;&#9;org.junit.platform.engine.support.hierarchical.ThrowableCollector.execute(ThrowableCollector.java:73)&#10;&#9;org.junit.platform.engine.support.hierarchical.NodeTestTask.lambda$executeRecursively$7(NodeTestTask.java:125)&#10;&#9;org.junit.platform.engine.support.hierarchical.Node.around(Node.java:135)&#10;&#9;org.junit.platform.engine.support.hierarchical.NodeTestTask.lambda$executeRecursively$8(NodeTestTask.java:123)&#10;&#9;org.junit.platform.engine.support.hierarchical.ThrowableCollector.execute(ThrowableCollector.java:73)&#10;&#9;org.junit.platform.engine.support.hierarchical.NodeTestTask.executeRecursively(NodeTestTask.java:122)&#10;&#9;org.junit.platform.engine.support.hierarchical.NodeTestTask.execute(NodeTestTask.java:80)&#10;&#9;java.base/java.util.ArrayList.forEach(ArrayList.java:1511)&#10;&#9;org.junit.platform.engine.support.hierarchical.SameThreadHierarchicalTestExecutorService.invokeAll(SameThreadHierarchicalTestExecutorService.java:38)&#10;&#9;org.junit.platform.engine.support.hierarchical.NodeTestTask.lambda$executeRecursively$5(NodeTestTask.java:139)&#10;&#9;org.junit.platform.engine.support.hierarchical.ThrowableCollector.execute(ThrowableCollector.java:73)&#10;&#9;org.junit.platform.engine.support.hierarchical.NodeTestTask.lambda$executeRecursively$7(NodeTestTask.java:125)&#10;&#9;org.junit.platform.engine.support.hierarchical.Node.around(Node.java:135)&#10;&#9;org.junit.platform.engine.support.hierarchical.NodeTestTask.lambda$executeRecursively$8(NodeTestTask.java:123)&#10;&#9;org.junit.platform.engine.support.hierarchical.ThrowableCollector.execute(ThrowableCollector.java:73)&#10;&#9;org.junit.platform.engine.support.hierarchical.NodeTestTask.executeRecursively(NodeTestTask.java:122)&#10;&#9;org.junit.platform.engine.support.hierarchical.NodeTestTask.execute(NodeTestTask.java:80)&#10;&#9;org.junit.platform.engine.support.hierarchical.SameThreadHierarchicalTestExecutorService.submit(SameThreadHierarchicalTestExecutorService.java:32)&#10;&#9;org.junit.platform.engine.support.hierarchical.HierarchicalTestExecutor.execute(HierarchicalTestExecutor.java:57)&#10;&#9;org.junit.platform.engine.support.hierarchical.HierarchicalTestEngine.execute(HierarchicalTestEngine.java:51)&#10;&#9;org.junit.platform.launcher.core.EngineExecutionOrchestrator.execute(EngineExecutionOrchestrator.java:108)&#10;&#9;org.junit.platform.launcher.core.EngineExecutionOrchestrator.execute(EngineExecutionOrchestrator.java:88)&#10;&#9;org.junit.platform.launcher.core.EngineExecutionOrchestrator.lambda$execute$0(EngineExecutionOrchestrator.java:54)&#10;&#9;org.junit.platform.launcher.core.EngineExecutionOrchestrator.withInterceptedStreams(EngineExecutionOrchestrator.java:67)&#10;&#9;org.junit.platform.launcher.core.EngineExecutionOrchestrator.execute(EngineExecutionOrchestrator.java:52)&#10;&#9;org.junit.platform.launcher.core.DefaultLauncher.execute(DefaultLauncher.java:96)&#10;&#9;org.junit.platform.launcher.core.DefaultLauncher.execute(DefaultLauncher.java:75)&#10;&#9;org.gradle.api.internal.tasks.testing.junitplatform.JUnitPlatformTestClassProcessor$CollectAllTestClassesExecutor.processAllTestClasses(JUnitPlatformTestClassProcessor.java:99)&#10;&#9;org.gradle.api.internal.tasks.testing.junitplatform.JUnitPlatformTestClassProcessor$CollectAllTestClassesExecutor.access$000(JUnitPlatformTestClassProcessor.java:79)&#10;&#9;org.gradle.api.internal.tasks.testing.junitplatform.JUnitPlatformTestClassProcessor.stop(JUnitPlatformTestClassProcessor.java:75)&#10;&#9;org.gradle.api.internal.tasks.testing.SuiteTestClassProcessor.stop(SuiteTestClassProcessor.java:61)&#10;&#9;java.base/jdk.internal.reflect.NativeMethodAccessorImpl.invoke0(Native Method)&#10;&#9;java.base/jdk.internal.reflect.NativeMethodAccessorImpl.invoke(NativeMethodAccessorImpl.java:78)&#10;&#9;java.base/jdk.internal.reflect.DelegatingMethodAccessorImpl.invoke(DelegatingMethodAccessorImpl.java:43)&#10;&#9;java.base/java.lang.reflect.Method.invoke(Method.java:567)&#10;&#9;org.gradle.internal.dispatch.ReflectionDispatch.dispatch(ReflectionDispatch.java:36)&#10;&#9;org.gradle.internal.dispatch.ReflectionDispatch.dispatch(ReflectionDispatch.java:24)&#10;&#9;org.gradle.internal.dispatch.ContextClassLoaderDispatch.dispatch(ContextClassLoaderDispatch.java:33)&#10;&#9;org.gradle.internal.dispatch.ProxyDispatchAdapter$DispatchingInvocationHandler.invoke(ProxyDispatchAdapter.java:94)&#10;&#9;jdk.proxy1/jdk.proxy1.$Proxy2.stop(Unknown Source)&#10;&#9;org.gradle.api.internal.tasks.testing.worker.TestWorker$3.run(TestWorker.java:193)&#10;&#9;org.gradle.api.internal.tasks.testing.worker.TestWorker.executeAndMaintainThreadName(TestWorker.java:129)&#10;&#9;org.gradle.api.internal.tasks.testing.worker.TestWorker.execute(TestWorker.java:100)&#10;&#9;org.gradle.api.internal.tasks.testing.worker.TestWorker.execute(TestWorker.java:60)&#10;&#9;org.gradle.process.internal.worker.child.ActionExecutionWorker.execute(ActionExecutionWorker.java:56)&#10;&#9;org.gradle.process.internal.worker.child.SystemApplicationClassLoaderWorker.call(SystemApplicationClassLoaderWorker.java:133)&#10;&#9;org.gradle.process.internal.worker.child.SystemApplicationClassLoaderWorker.call(SystemApplicationClassLoaderWorker.java:71)&#10;&#9;worker.org.gradle.process.internal.worker.GradleWorkerMain.run(GradleWorkerMain.java:69)&#10;&#9;worker.org.gradle.process.internal.worker.GradleWorkerMain.main(GradleWorkerMain.java:74)&#10;" type="com.github.kittinunf.fuel.core.FuelError">Instantiation of [simple type, class au.com.firemarklabs.nt.Note] value failed for JSON property content due to missing (therefore NULL) value for creator parameter content which is a non-nullable type
 at [Source: (BufferedInputStream); line: 1, column: 109] (through reference chain: au.com.firemarklabs.nt.Note[&quot;content&quot;])
	com.github.kittinunf.fuel.core.FuelError$Companion.wrap(FuelError.kt:86)
	com.github.kittinunf.fuel.core.DeserializableKt.response(Deserializable.kt:177)
Caused by: com.fasterxml.jackson.module.kotlin.MissingKotlinParameterException: Instantiation of [simple type, class au.com.firemarklabs.nt.Note] value failed for JSON property content due to missing (therefore NULL) value for creator parameter content which is a non-nullable type
 at [Source: (BufferedInputStream); line: 1, column: 109] (through reference chain: au.com.firemarklabs.nt.Note[&quot;content&quot;])
	com.fasterxml.jackson.module.kotlin.KotlinValueInstantiator.createFromObjectWith(KotlinValueInstantiator.kt:107)
	com.fasterxml.jackson.databind.deser.impl.PropertyBasedCreator.build(PropertyBasedCreator.java:195)
	com.fasterxml.jackson.databind.deser.BeanDeserializer._deserializeUsingPropertyBased(BeanDeserializer.java:488)
	com.fasterxml.jackson.databind.deser.BeanDeserializerBase.deserializeFromObjectUsingNonDefault(BeanDeserializerBase.java:1287)
	com.fasterxml.jackson.databind.deser.BeanDeserializer.deserializeFromObject(BeanDeserializer.java:326)
	com.fasterxml.jackson.databind.deser.BeanDeserializer.deserialize(BeanDeserializer.java:159)
	com.fasterxml.jackson.databind.ObjectMapper._readMapAndClose(ObjectMapper.java:4013)
	com.fasterxml.jackson.databind.ObjectMapper.readValue(ObjectMapper.java:3077)
	au.com.firemarklabs.nt.NTClient$insert$$inlined$responseObject$1.deserialize(FuelJackson.kt:59)
	com.github.kittinunf.fuel.core.ResponseDeserializable$DefaultImpls.deserialize(Deserializable.kt:39)
	au.com.firemarklabs.nt.NTClient$insert$$inlined$responseObject$1.deserialize(FuelJackson.kt:36)
	com.github.kittinunf.fuel.core.DeserializableKt.response(Deserializable.kt:176)
	au.com.firemarklabs.nt.NTClient.insert(NTClient.kt:103)
	au.com.firemarklabs.nt.NtClientTest.create a note and delete it(NtClientTest.kt:63)
	java.base/jdk.internal.reflect.NativeMethodAccessorImpl.invoke0(Native Method)
	java.base/jdk.internal.reflect.NativeMethodAccessorImpl.invoke(NativeMethodAccessorImpl.java:78)
	java.base/jdk.internal.reflect.DelegatingMethodAccessorImpl.invoke(DelegatingMethodAccessorImpl.java:43)
	java.base/java.lang.reflect.Method.invoke(Method.java:567)
	org.junit.platform.commons.util.ReflectionUtils.invokeMethod(ReflectionUtils.java:686)
	org.junit.jupiter.engine.execution.MethodInvocation.proceed(MethodInvocation.java:60)
	org.junit.jupiter.engine.execution.InvocationInterceptorChain$ValidatingInvocation.proceed(InvocationInterceptorChain.java:131)
	org.junit.jupiter.engine.extension.TimeoutExtension.intercept(TimeoutExtension.java:149)
	org.junit.jupiter.engine.extension.TimeoutExtension.interceptTestableMethod(TimeoutExtension.java:140)
	org.junit.jupiter.engine.extension.TimeoutExtension.interceptTestMethod(TimeoutExtension.java:84)
	org.junit.jupiter.engine.execution.ExecutableInvoker$ReflectiveInterceptorCall.lambda$ofVoidMethod$0(ExecutableInvoker.java:115)
	org.junit.jupiter.engine.execution.ExecutableInvoker.lambda$invoke$0(ExecutableInvoker.java:105)
	org.junit.jupiter.engine.execution.InvocationInterceptorChain$InterceptedInvocation.proceed(InvocationInterceptorChain.java:106)
	org.junit.jupiter.engine.execution.InvocationInterceptorChain.proceed(InvocationInterceptorChain.java:64)
	org.junit.jupiter.engine.execution.InvocationInterceptorChain.chainAndInvoke(InvocationInterceptorChain.java:45)
	org.junit.jupiter.engine.execution.InvocationInterceptorChain.invoke(InvocationInterceptorChain.java:37)
	org.junit.jupiter.engine.execution.ExecutableInvoker.invoke(ExecutableInvoker.java:104)
	org.junit.jupiter.engine.execution.ExecutableInvoker.invoke(ExecutableInvoker.java:98)
	org.junit.jupiter.engine.descriptor.TestMethodTestDescriptor.lambda$invokeTestMethod$6(TestMethodTestDescriptor.java:212)
	org.junit.platform.engine.support.hierarchical.ThrowableCollector.execute(ThrowableCollector.java:73)
	org.junit.jupiter.engine.descriptor.TestMethodTestDescriptor.invokeTestMethod(TestMethodTestDescriptor.java:208)
	org.junit.jupiter.engine.descriptor.TestMethodTestDescriptor.execute(TestMethodTestDescriptor.java:137)
	org.junit.jupiter.engine.descriptor.TestMethodTestDescriptor.execute(TestMethodTestDescriptor.java:71)
	org.junit.platform.engine.support.hierarchical.NodeTestTask.lambda$executeRecursively$5(NodeTestTask.java:135)
	org.junit.platform.engine.support.hierarchical.ThrowableCollector.execute(ThrowableCollector.java:73)
	org.junit.platform.engine.support.hierarchical.NodeTestTask.lambda$executeRecursively$7(NodeTestTask.java:125)
	org.junit.platform.engine.support.hierarchical.Node.around(Node.java:135)
	org.junit.platform.engine.support.hierarchical.NodeTestTask.lambda$executeRecursively$8(NodeTestTask.java:123)
	org.junit.platform.engine.support.hierarchical.ThrowableCollector.execute(ThrowableCollector.java:73)
	org.junit.platform.engine.support.hierarchical.NodeTestTask.executeRecursively(NodeTestTask.java:122)
	org.junit.platform.engine.support.hierarchical.NodeTestTask.execute(NodeTestTask.java:80)
	java.base/java.util.ArrayList.forEach(ArrayList.java:1511)
	org.junit.platform.engine.support.hierarchical.SameThreadHierarchicalTestExecutorService.invokeAll(SameThreadHierarchicalTestExecutorService.java:38)
	org.junit.platform.engine.support.hierarchical.NodeTestTask.lambda$executeRecursively$5(NodeTestTask.java:139)
	org.junit.platform.engine.support.hierarchical.ThrowableCollector.execute(ThrowableCollector.java:73)
	org.junit.platform.engine.support.hierarchical.NodeTestTask.lambda$executeRecursively$7(NodeTestTask.java:125)
	org.junit.platform.engine.support.hierarchical.Node.around(Node.java:135)
	org.junit.platform.engine.support.hierarchical.NodeTestTask.lambda$executeRecursively$8(NodeTestTask.java:123)
	org.junit.platform.engine.support.hierarchical.ThrowableCollector.execute(ThrowableCollector.java:73)
	org.junit.platform.engine.support.hierarchical.NodeTestTask.executeRecursively(NodeTestTask.java:122)
	org.junit.platform.engine.support.hierarchical.NodeTestTask.execute(NodeTestTask.java:80)
	java.base/java.util.ArrayList.forEach(ArrayList.java:1511)
	org.junit.platform.engine.support.hierarchical.SameThreadHierarchicalTestExecutorService.invokeAll(SameThreadHierarchicalTestExecutorService.java:38)
	org.junit.platform.engine.support.hierarchical.NodeTestTask.lambda$executeRecursively$5(NodeTestTask.java:139)
	org.junit.platform.engine.support.hierarchical.ThrowableCollector.execute(ThrowableCollector.java:73)
	org.junit.platform.engine.support.hierarchical.NodeTestTask.lambda$executeRecursively$7(NodeTestTask.java:125)
	org.junit.platform.engine.support.hierarchical.Node.around(Node.java:135)
	org.junit.platform.engine.support.hierarchical.NodeTestTask.lambda$executeRecursively$8(NodeTestTask.java:123)
	org.junit.platform.engine.support.hierarchical.ThrowableCollector.execute(ThrowableCollector.java:73)
	org.junit.platform.engine.support.hierarchical.NodeTestTask.executeRecursively(NodeTestTask.java:122)
	org.junit.platform.engine.support.hierarchical.NodeTestTask.execute(NodeTestTask.java:80)
	org.junit.platform.engine.support.hierarchical.SameThreadHierarchicalTestExecutorService.submit(SameThreadHierarchicalTestExecutorService.java:32)
	org.junit.platform.engine.support.hierarchical.HierarchicalTestExecutor.execute(HierarchicalTestExecutor.java:57)
	org.junit.platform.engine.support.hierarchical.HierarchicalTestEngine.execute(HierarchicalTestEngine.java:51)
	org.junit.platform.launcher.core.EngineExecutionOrchestrator.execute(EngineExecutionOrchestrator.java:108)
	org.junit.platform.launcher.core.EngineExecutionOrchestrator.execute(EngineExecutionOrchestrator.java:88)
	org.junit.platform.launcher.core.EngineExecutionOrchestrator.lambda$execute$0(EngineExecutionOrchestrator.java:54)
	org.junit.platform.launcher.core.EngineExecutionOrchestrator.withInterceptedStreams(EngineExecutionOrchestrator.java:67)
	org.junit.platform.launcher.core.EngineExecutionOrchestrator.execute(EngineExecutionOrchestrator.java:52)
	org.junit.platform.launcher.core.DefaultLauncher.execute(DefaultLauncher.java:96)
	org.junit.platform.launcher.core.DefaultLauncher.execute(DefaultLauncher.java:75)
	org.gradle.api.internal.tasks.testing.junitplatform.JUnitPlatformTestClassProcessor$CollectAllTestClassesExecutor.processAllTestClasses(JUnitPlatformTestClassProcessor.java:99)
	org.gradle.api.internal.tasks.testing.junitplatform.JUnitPlatformTestClassProcessor$CollectAllTestClassesExecutor.access$000(JUnitPlatformTestClassProcessor.java:79)
	org.gradle.api.internal.tasks.testing.junitplatform.JUnitPlatformTestClassProcessor.stop(JUnitPlatformTestClassProcessor.java:75)
	org.gradle.api.internal.tasks.testing.SuiteTestClassProcessor.stop(SuiteTestClassProcessor.java:61)
	java.base/jdk.internal.reflect.NativeMethodAccessorImpl.invoke0(Native Method)
	java.base/jdk.internal.reflect.NativeMethodAccessorImpl.invoke(NativeMethodAccessorImpl.java:78)
	java.base/jdk.internal.reflect.DelegatingMethodAccessorImpl.invoke(DelegatingMethodAccessorImpl.java:43)
	java.base/java.lang.reflect.Method.invoke(Method.java:567)
	org.gradle.internal.dispatch.ReflectionDispatch.dispatch(ReflectionDispatch.java:36)
	org.gradle.internal.dispatch.ReflectionDispatch.dispatch(ReflectionDispatch.java:24)
	org.gradle.internal.dispatch.ContextClassLoaderDispatch.dispatch(ContextClassLoaderDispatch.java:33)
	org.gradle.internal.dispatch.ProxyDispatchAdapter$DispatchingInvocationHandler.invoke(ProxyDispatchAdapter.java:94)
	jdk.proxy1/jdk.proxy1.$Proxy2.stop(Unknown Source)
	org.gradle.api.internal.tasks.testing.worker.TestWorker$3.run(TestWorker.java:193)
	org.gradle.api.internal.tasks.testing.worker.TestWorker.executeAndMaintainThreadName(TestWorker.java:129)
	org.gradle.api.internal.tasks.testing.worker.TestWorker.execute(TestWorker.java:100)
	org.gradle.api.internal.tasks.testing.worker.TestWorker.execute(TestWorker.java:60)
	org.gradle.process.internal.worker.child.ActionExecutionWorker.execute(ActionExecutionWorker.java:56)
	org.gradle.process.internal.worker.child.SystemApplicationClassLoaderWorker.call(SystemApplicationClassLoaderWorker.java:133)
	org.gradle.process.internal.worker.child.SystemApplicationClassLoaderWorker.call(SystemApplicationClassLoaderWorker.java:71)
	worker.org.gradle.process.internal.worker.GradleWorkerMain.run(GradleWorkerMain.java:69)
	worker.org.gradle.process.internal.worker.GradleWorkerMain.main(GradleWorkerMain.java:74)

	at app//com.github.kittinunf.fuel.core.FuelError$Companion.wrap(FuelError.kt:86)
	at app//com.github.kittinunf.fuel.core.DeserializableKt.response(Deserializable.kt:177)
Caused by: com.fasterxml.jackson.module.kotlin.MissingKotlinParameterException: Instantiation of [simple type, class au.com.firemarklabs.nt.Note] value failed for JSON property content due to missing (therefore NULL) value for creator parameter content which is a non-nullable type
 at [Source: (BufferedInputStream); line: 1, column: 109] (through reference chain: au.com.firemarklabs.nt.Note[&quot;content&quot;])
	at app//com.fasterxml.jackson.module.kotlin.KotlinValueInstantiator.createFromObjectWith(KotlinValueInstantiator.kt:107)
	at app//com.fasterxml.jackson.databind.deser.impl.PropertyBasedCreator.build(PropertyBasedCreator.java:195)
	at app//com.fasterxml.jackson.databind.deser.BeanDeserializer._deserializeUsingPropertyBased(BeanDeserializer.java:488)
	at app//com.fasterxml.jackson.databind.deser.BeanDeserializerBase.deserializeFromObjectUsingNonDefault(BeanDeserializerBase.java:1287)
	at app//com.fasterxml.jackson.databind.deser.BeanDeserializer.deserializeFromObject(BeanDeserializer.java:326)
	at app//com.fasterxml.jackson.databind.deser.BeanDeserializer.deserialize(BeanDeserializer.java:159)
	at app//com.fasterxml.jackson.databind.ObjectMapper._readMapAndClose(ObjectMapper.java:4013)
	at app//com.fasterxml.jackson.databind.ObjectMapper.readValue(ObjectMapper.java:3077)
	at app//au.com.firemarklabs.nt.NTClient$insert$$inlined$responseObject$1.deserialize(FuelJackson.kt:59)
	at app//com.github.kittinunf.fuel.core.ResponseDeserializable$DefaultImpls.deserialize(Deserializable.kt:39)
	at app//au.com.firemarklabs.nt.NTClient$insert$$inlined$responseObject$1.deserialize(FuelJackson.kt:36)
	at app//com.github.kittinunf.fuel.core.DeserializableKt.response(Deserializable.kt:176)
	at app//au.com.firemarklabs.nt.NTClient.insert(NTClient.kt:103)
	at app//au.com.firemarklabs.nt.NtClientTest.create a note and delete it(NtClientTest.kt:63)
	at java.base@16.0.1/jdk.internal.reflect.NativeMethodAccessorImpl.invoke0(Native Method)
	at java.base@16.0.1/jdk.internal.reflect.NativeMethodAccessorImpl.invoke(NativeMethodAccessorImpl.java:78)
	at java.base@16.0.1/jdk.internal.reflect.DelegatingMethodAccessorImpl.invoke(DelegatingMethodAccessorImpl.java:43)
	at java.base@16.0.1/java.lang.reflect.Method.invoke(Method.java:567)
	at app//org.junit.platform.commons.util.ReflectionUtils.invokeMethod(ReflectionUtils.java:686)
	at app//org.junit.jupiter.engine.execution.MethodInvocation.proceed(MethodInvocation.java:60)
	at app//org.junit.jupiter.engine.execution.InvocationInterceptorChain$ValidatingInvocation.proceed(InvocationInterceptorChain.java:131)
	at app//org.junit.jupiter.engine.extension.TimeoutExtension.intercept(TimeoutExtension.java:149)
	at app//org.junit.jupiter.engine.extension.TimeoutExtension.interceptTestableMethod(TimeoutExtension.java:140)
	at app//org.junit.jupiter.engine.extension.TimeoutExtension.interceptTestMethod(TimeoutExtension.java:84)
	at app//org.junit.jupiter.engine.execution.ExecutableInvoker$ReflectiveInterceptorCall.lambda$ofVoidMethod$0(ExecutableInvoker.java:115)
	at app//org.junit.jupiter.engine.execution.ExecutableInvoker.lambda$invoke$0(ExecutableInvoker.java:105)
	at app//org.junit.jupiter.engine.execution.InvocationInterceptorChain$InterceptedInvocation.proceed(InvocationInterceptorChain.java:106)
	at app//org.junit.jupiter.engine.execution.InvocationInterceptorChain.proceed(InvocationInterceptorChain.java:64)
	at app//org.junit.jupiter.engine.execution.InvocationInterceptorChain.chainAndInvoke(InvocationInterceptorChain.java:45)
	at app//org.junit.jupiter.engine.execution.InvocationInterceptorChain.invoke(InvocationInterceptorChain.java:37)
	at app//org.junit.jupiter.engine.execution.ExecutableInvoker.invoke(ExecutableInvoker.java:104)
	at app//org.junit.jupiter.engine.execution.ExecutableInvoker.invoke(ExecutableInvoker.java:98)
	at app//org.junit.jupiter.engine.descriptor.TestMethodTestDescriptor.lambda$invokeTestMethod$6(TestMethodTestDescriptor.java:212)
	at app//org.junit.platform.engine.support.hierarchical.ThrowableCollector.execute(ThrowableCollector.java:73)
	at app//org.junit.jupiter.engine.descriptor.TestMethodTestDescriptor.invokeTestMethod(TestMethodTestDescriptor.java:208)
	at app//org.junit.jupiter.engine.descriptor.TestMethodTestDescriptor.execute(TestMethodTestDescriptor.java:137)
	at app//org.junit.jupiter.engine.descriptor.TestMethodTestDescriptor.execute(TestMethodTestDescriptor.java:71)
	at app//org.junit.platform.engine.support.hierarchical.NodeTestTask.lambda$executeRecursively$5(NodeTestTask.java:135)
	at app//org.junit.platform.engine.support.hierarchical.ThrowableCollector.execute(ThrowableCollector.java:73)
	at app//org.junit.platform.engine.support.hierarchical.NodeTestTask.lambda$executeRecursively$7(NodeTestTask.java:125)
	at app//org.junit.platform.engine.support.hierarchical.Node.around(Node.java:135)
	at app//org.junit.platform.engine.support.hierarchical.NodeTestTask.lambda$executeRecursively$8(NodeTestTask.java:123)
	at app//org.junit.platform.engine.support.hierarchical.ThrowableCollector.execute(ThrowableCollector.java:73)
	at app//org.junit.platform.engine.support.hierarchical.NodeTestTask.executeRecursively(NodeTestTask.java:122)
	at app//org.junit.platform.engine.support.hierarchical.NodeTestTask.execute(NodeTestTask.java:80)
	at java.base@16.0.1/java.util.ArrayList.forEach(ArrayList.java:1511)
	at app//org.junit.platform.engine.support.hierarchical.SameThreadHierarchicalTestExecutorService.invokeAll(SameThreadHierarchicalTestExecutorService.java:38)
	at app//org.junit.platform.engine.support.hierarchical.NodeTestTask.lambda$executeRecursively$5(NodeTestTask.java:139)
	at app//org.junit.platform.engine.support.hierarchical.ThrowableCollector.execute(ThrowableCollector.java:73)
	at app//org.junit.platform.engine.support.hierarchical.NodeTestTask.lambda$executeRecursively$7(NodeTestTask.java:125)
	at app//org.junit.platform.engine.support.hierarchical.Node.around(Node.java:135)
	at app//org.junit.platform.engine.support.hierarchical.NodeTestTask.lambda$executeRecursively$8(NodeTestTask.java:123)
	at app//org.junit.platform.engine.support.hierarchical.ThrowableCollector.execute(ThrowableCollector.java:73)
	at app//org.junit.platform.engine.support.hierarchical.NodeTestTask.executeRecursively(NodeTestTask.java:122)
	at app//org.junit.platform.engine.support.hierarchical.NodeTestTask.execute(NodeTestTask.java:80)
	at java.base@16.0.1/java.util.ArrayList.forEach(ArrayList.java:1511)
	at app//org.junit.platform.engine.support.hierarchical.SameThreadHierarchicalTestExecutorService.invokeAll(SameThreadHierarchicalTestExecutorService.java:38)
	at app//org.junit.platform.engine.support.hierarchical.NodeTestTask.lambda$executeRecursively$5(NodeTestTask.java:139)
	at app//org.junit.platform.engine.support.hierarchical.ThrowableCollector.execute(ThrowableCollector.java:73)
	at app//org.junit.platform.engine.support.hierarchical.NodeTestTask.lambda$executeRecursively$7(NodeTestTask.java:125)
	at app//org.junit.platform.engine.support.hierarchical.Node.around(Node.java:135)
	at app//org.junit.platform.engine.support.hierarchical.NodeTestTask.lambda$executeRecursively$8(NodeTestTask.java:123)
	at app//org.junit.platform.engine.support.hierarchical.ThrowableCollector.execute(ThrowableCollector.java:73)
	at app//org.junit.platform.engine.support.hierarchical.NodeTestTask.executeRecursively(NodeTestTask.java:122)
	at app//org.junit.platform.engine.support.hierarchical.NodeTestTask.execute(NodeTestTask.java:80)
	at app//org.junit.platform.engine.support.hierarchical.SameThreadHierarchicalTestExecutorService.submit(SameThreadHierarchicalTestExecutorService.java:32)
	at app//org.junit.platform.engine.support.hierarchical.HierarchicalTestExecutor.execute(HierarchicalTestExecutor.java:57)
	at app//org.junit.platform.engine.support.hierarchical.HierarchicalTestEngine.execute(HierarchicalTestEngine.java:51)
	at org.junit.platform.launcher.core.EngineExecutionOrchestrator.execute(EngineExecutionOrchestrator.java:108)
	at org.junit.platform.launcher.core.EngineExecutionOrchestrator.execute(EngineExecutionOrchestrator.java:88)
	at org.junit.platform.launcher.core.EngineExecutionOrchestrator.lambda$execute$0(EngineExecutionOrchestrator.java:54)
	at org.junit.platform.launcher.core.EngineExecutionOrchestrator.withInterceptedStreams(EngineExecutionOrchestrator.java:67)
	at org.junit.platform.launcher.core.EngineExecutionOrchestrator.execute(EngineExecutionOrchestrator.java:52)
	at org.junit.platform.launcher.core.DefaultLauncher.execute(DefaultLauncher.java:96)
	at org.junit.platform.launcher.core.DefaultLauncher.execute(DefaultLauncher.java:75)
	at org.gradle.api.internal.tasks.testing.junitplatform.JUnitPlatformTestClassProcessor$CollectAllTestClassesExecutor.processAllTestClasses(JUnitPlatformTestClassProcessor.java:99)
	at org.gradle.api.internal.tasks.testing.junitplatform.JUnitPlatformTestClassProcessor$CollectAllTestClassesExecutor.access$000(JUnitPlatformTestClassProcessor.java:79)
	at org.gradle.api.internal.tasks.testing.junitplatform.JUnitPlatformTestClassProcessor.stop(JUnitPlatformTestClassProcessor.java:75)
	at org.gradle.api.internal.tasks.testing.SuiteTestClassProcessor.stop(SuiteTestClassProcessor.java:61)
	at java.base@16.0.1/jdk.internal.reflect.NativeMethodAccessorImpl.invoke0(Native Method)
	at java.base@16.0.1/jdk.internal.reflect.NativeMethodAccessorImpl.invoke(NativeMethodAccessorImpl.java:78)
	at java.base@16.0.1/jdk.internal.reflect.DelegatingMethodAccessorImpl.invoke(DelegatingMethodAccessorImpl.java:43)
	at java.base@16.0.1/java.lang.reflect.Method.invoke(Method.java:567)
	at org.gradle.internal.dispatch.ReflectionDispatch.dispatch(ReflectionDispatch.java:36)
	at org.gradle.internal.dispatch.ReflectionDispatch.dispatch(ReflectionDispatch.java:24)
	at org.gradle.internal.dispatch.ContextClassLoaderDispatch.dispatch(ContextClassLoaderDispatch.java:33)
	at org.gradle.internal.dispatch.ProxyDispatchAdapter$DispatchingInvocationHandler.invoke(ProxyDispatchAdapter.java:94)
	at jdk.proxy1/jdk.proxy1.$Proxy2.stop(Unknown Source)
	at org.gradle.api.internal.tasks.testing.worker.TestWorker$3.run(TestWorker.java:193)
	at org.gradle.api.internal.tasks.testing.worker.TestWorker.executeAndMaintainThreadName(TestWorker.java:129)
	at org.gradle.api.internal.tasks.testing.worker.TestWorker.execute(TestWorker.java:100)
	at org.gradle.api.internal.tasks.testing.worker.TestWorker.execute(TestWorker.java:60)
	at org.gradle.process.internal.worker.child.ActionExecutionWorker.execute(ActionExecutionWorker.java:56)
	at org.gradle.process.internal.worker.child.SystemApplicationClassLoaderWorker.call(SystemApplicationClassLoaderWorker.java:133)
	at org.gradle.process.internal.worker.child.SystemApplicationClassLoaderWorker.call(SystemApplicationClassLoaderWorker.java:71)
	at app//worker.org.gradle.process.internal.worker.GradleWorkerMain.run(GradleWorkerMain.java:69)
	at app//worker.org.gradle.process.internal.worker.GradleWorkerMain.main(GradleWorkerMain.java:74)
</failure>
  </testcase>
  <testcase name="create 5 funny notes()" classname="au.com.firemarklabs.nt.NtClientTest" time="0.02">
    <failure message="HTTP Exception 404 Not Found&#13;&#10;&#9;com.github.kittinunf.fuel.core.FuelError$Companion.wrap(FuelError.kt:84)&#10;&#9;com.github.kittinunf.fuel.core.DeserializableKt.response(Deserializable.kt:169)&#10;&#9;au.com.firemarklabs.nt.NTClient.funny(NTClient.kt:73)&#10;&#9;au.com.firemarklabs.nt.NtClientTest.create 5 funny notes(NtClientTest.kt:76)&#10;&#9;java.base/jdk.internal.reflect.NativeMethodAccessorImpl.invoke0(Native Method)&#10;&#9;java.base/jdk.internal.reflect.NativeMethodAccessorImpl.invoke(NativeMethodAccessorImpl.java:78)&#10;&#9;java.base/jdk.internal.reflect.DelegatingMethodAccessorImpl.invoke(DelegatingMethodAccessorImpl.java:43)&#10;&#9;java.base/java.lang.reflect.Method.invoke(Method.java:567)&#10;&#9;org.junit.platform.commons.util.ReflectionUtils.invokeMethod(ReflectionUtils.java:686)&#10;&#9;org.junit.jupiter.engine.execution.MethodInvocation.proceed(MethodInvocation.java:60)&#10;&#9;org.junit.jupiter.engine.execution.InvocationInterceptorChain$ValidatingInvocation.proceed(InvocationInterceptorChain.java:131)&#10;&#9;org.junit.jupiter.engine.extension.TimeoutExtension.intercept(TimeoutExtension.java:149)&#10;&#9;org.junit.jupiter.engine.extension.TimeoutExtension.interceptTestableMethod(TimeoutExtension.java:140)&#10;&#9;org.junit.jupiter.engine.extension.TimeoutExtension.interceptTestMethod(TimeoutExtension.java:84)&#10;&#9;org.junit.jupiter.engine.execution.ExecutableInvoker$ReflectiveInterceptorCall.lambda$ofVoidMethod$0(ExecutableInvoker.java:115)&#10;&#9;org.junit.jupiter.engine.execution.ExecutableInvoker.lambda$invoke$0(ExecutableInvoker.java:105)&#10;&#9;org.junit.jupiter.engine.execution.InvocationInterceptorChain$InterceptedInvocation.proceed(InvocationInterceptorChain.java:106)&#10;&#9;org.junit.jupiter.engine.execution.InvocationInterceptorChain.proceed(InvocationInterceptorChain.java:64)&#10;&#9;org.junit.jupiter.engine.execution.InvocationInterceptorChain.chainAndInvoke(InvocationInterceptorChain.java:45)&#10;&#9;org.junit.jupiter.engine.execution.InvocationInterceptorChain.invoke(InvocationInterceptorChain.java:37)&#10;&#9;org.junit.jupiter.engine.execution.ExecutableInvoker.invoke(ExecutableInvoker.java:104)&#10;&#9;org.junit.jupiter.engine.execution.ExecutableInvoker.invoke(ExecutableInvoker.java:98)&#10;&#9;org.junit.jupiter.engine.descriptor.TestMethodTestDescriptor.lambda$invokeTestMethod$6(TestMethodTestDescriptor.java:212)&#10;&#9;org.junit.platform.engine.support.hierarchical.ThrowableCollector.execute(ThrowableCollector.java:73)&#10;&#9;org.junit.jupiter.engine.descriptor.TestMethodTestDescriptor.invokeTestMethod(TestMethodTestDescriptor.java:208)&#10;&#9;org.junit.jupiter.engine.descriptor.TestMethodTestDescriptor.execute(TestMethodTestDescriptor.java:137)&#10;&#9;org.junit.jupiter.engine.descriptor.TestMethodTestDescriptor.execute(TestMethodTestDescriptor.java:71)&#10;&#9;org.junit.platform.engine.support.hierarchical.NodeTestTask.lambda$executeRecursively$5(NodeTestTask.java:135)&#10;&#9;org.junit.platform.engine.support.hierarchical.ThrowableCollector.execute(ThrowableCollector.java:73)&#10;&#9;org.junit.platform.engine.support.hierarchical.NodeTestTask.lambda$executeRecursively$7(NodeTestTask.java:125)&#10;&#9;org.junit.platform.engine.support.hierarchical.Node.around(Node.java:135)&#10;&#9;org.junit.platform.engine.support.hierarchical.NodeTestTask.lambda$executeRecursively$8(NodeTestTask.java:123)&#10;&#9;org.junit.platform.engine.support.hierarchical.ThrowableCollector.execute(ThrowableCollector.java:73)&#10;&#9;org.junit.platform.engine.support.hierarchical.NodeTestTask.executeRecursively(NodeTestTask.java:122)&#10;&#9;org.junit.platform.engine.support.hierarchical.NodeTestTask.execute(NodeTestTask.java:80)&#10;&#9;java.base/java.util.ArrayList.forEach(ArrayList.java:1511)&#10;&#9;org.junit.platform.engine.support.hierarchical.SameThreadHierarchicalTestExecutorService.invokeAll(SameThreadHierarchicalTestExecutorService.java:38)&#10;&#9;org.junit.platform.engine.support.hierarchical.NodeTestTask.lambda$executeRecursively$5(NodeTestTask.java:139)&#10;&#9;org.junit.platform.engine.support.hierarchical.ThrowableCollector.execute(ThrowableCollector.java:73)&#10;&#9;org.junit.platform.engine.support.hierarchical.NodeTestTask.lambda$executeRecursively$7(NodeTestTask.java:125)&#10;&#9;org.junit.platform.engine.support.hierarchical.Node.around(Node.java:135)&#10;&#9;org.junit.platform.engine.support.hierarchical.NodeTestTask.lambda$executeRecursively$8(NodeTestTask.java:123)&#10;&#9;org.junit.platform.engine.support.hierarchical.ThrowableCollector.execute(ThrowableCollector.java:73)&#10;&#9;org.junit.platform.engine.support.hierarchical.NodeTestTask.executeRecursively(NodeTestTask.java:122)&#10;&#9;org.junit.platform.engine.support.hierarchical.NodeTestTask.execute(NodeTestTask.java:80)&#10;&#9;java.base/java.util.ArrayList.forEach(ArrayList.java:1511)&#10;&#9;org.junit.platform.engine.support.hierarchical.SameThreadHierarchicalTestExecutorService.invokeAll(SameThreadHierarchicalTestExecutorService.java:38)&#10;&#9;org.junit.platform.engine.support.hierarchical.NodeTestTask.lambda$executeRecursively$5(NodeTestTask.java:139)&#10;&#9;org.junit.platform.engine.support.hierarchical.ThrowableCollector.execute(ThrowableCollector.java:73)&#10;&#9;org.junit.platform.engine.support.hierarchical.NodeTestTask.lambda$executeRecursively$7(NodeTestTask.java:125)&#10;&#9;org.junit.platform.engine.support.hierarchical.Node.around(Node.java:135)&#10;&#9;org.junit.platform.engine.support.hierarchical.NodeTestTask.lambda$executeRecursively$8(NodeTestTask.java:123)&#10;&#9;org.junit.platform.engine.support.hierarchical.ThrowableCollector.execute(ThrowableCollector.java:73)&#10;&#9;org.junit.platform.engine.support.hierarchical.NodeTestTask.executeRecursively(NodeTestTask.java:122)&#10;&#9;org.junit.platform.engine.support.hierarchical.NodeTestTask.execute(NodeTestTask.java:80)&#10;&#9;org.junit.platform.engine.support.hierarchical.SameThreadHierarchicalTestExecutorService.submit(SameThreadHierarchicalTestExecutorService.java:32)&#10;&#9;org.junit.platform.engine.support.hierarchical.HierarchicalTestExecutor.execute(HierarchicalTestExecutor.java:57)&#10;&#9;org.junit.platform.engine.support.hierarchical.HierarchicalTestEngine.execute(HierarchicalTestEngine.java:51)&#10;&#9;org.junit.platform.launcher.core.EngineExecutionOrchestrator.execute(EngineExecutionOrchestrator.java:108)&#10;&#9;org.junit.platform.launcher.core.EngineExecutionOrchestrator.execute(EngineExecutionOrchestrator.java:88)&#10;&#9;org.junit.platform.launcher.core.EngineExecutionOrchestrator.lambda$execute$0(EngineExecutionOrchestrator.java:54)&#10;&#9;org.junit.platform.launcher.core.EngineExecutionOrchestrator.withInterceptedStreams(EngineExecutionOrchestrator.java:67)&#10;&#9;org.junit.platform.launcher.core.EngineExecutionOrchestrator.execute(EngineExecutionOrchestrator.java:52)&#10;&#9;org.junit.platform.launcher.core.DefaultLauncher.execute(DefaultLauncher.java:96)&#10;&#9;org.junit.platform.launcher.core.DefaultLauncher.execute(DefaultLauncher.java:75)&#10;&#9;org.gradle.api.internal.tasks.testing.junitplatform.JUnitPlatformTestClassProcessor$CollectAllTestClassesExecutor.processAllTestClasses(JUnitPlatformTestClassProcessor.java:99)&#10;&#9;org.gradle.api.internal.tasks.testing.junitplatform.JUnitPlatformTestClassProcessor$CollectAllTestClassesExecutor.access$000(JUnitPlatformTestClassProcessor.java:79)&#10;&#9;org.gradle.api.internal.tasks.testing.junitplatform.JUnitPlatformTestClassProcessor.stop(JUnitPlatformTestClassProcessor.java:75)&#10;&#9;org.gradle.api.internal.tasks.testing.SuiteTestClassProcessor.stop(SuiteTestClassProcessor.java:61)&#10;&#9;java.base/jdk.internal.reflect.NativeMethodAccessorImpl.invoke0(Native Method)&#10;&#9;java.base/jdk.internal.reflect.NativeMethodAccessorImpl.invoke(NativeMethodAccessorImpl.java:78)&#10;&#9;java.base/jdk.internal.reflect.DelegatingMethodAccessorImpl.invoke(DelegatingMethodAccessorImpl.java:43)&#10;&#9;java.base/java.lang.reflect.Method.invoke(Method.java:567)&#10;&#9;org.gradle.internal.dispatch.ReflectionDispatch.dispatch(ReflectionDispatch.java:36)&#10;&#9;org.gradle.internal.dispatch.ReflectionDispatch.dispatch(ReflectionDispatch.java:24)&#10;&#9;org.gradle.internal.dispatch.ContextClassLoaderDispatch.dispatch(ContextClassLoaderDispatch.java:33)&#10;&#9;org.gradle.internal.dispatch.ProxyDispatchAdapter$DispatchingInvocationHandler.invoke(ProxyDispatchAdapter.java:94)&#10;&#9;jdk.proxy1/jdk.proxy1.$Proxy2.stop(Unknown Source)&#10;&#9;org.gradle.api.internal.tasks.testing.worker.TestWorker$3.run(TestWorker.java:193)&#10;&#9;org.gradle.api.internal.tasks.testing.worker.TestWorker.executeAndMaintainThreadName(TestWorker.java:129)&#10;&#9;org.gradle.api.internal.tasks.testing.worker.TestWorker.execute(TestWorker.java:100)&#10;&#9;org.gradle.api.internal.tasks.testing.worker.TestWorker.execute(TestWorker.java:60)&#10;&#9;org.gradle.process.internal.worker.child.ActionExecutionWorker.execute(ActionExecutionWorker.java:56)&#10;&#9;org.gradle.process.internal.worker.child.SystemApplicationClassLoaderWorker.call(SystemApplicationClassLoaderWorker.java:133)&#10;&#9;org.gradle.process.internal.worker.child.SystemApplicationClassLoaderWorker.call(SystemApplicationClassLoaderWorker.java:71)&#10;&#9;worker.org.gradle.process.internal.worker.GradleWorkerMain.run(GradleWorkerMain.java:69)&#10;&#9;worker.org.gradle.process.internal.worker.GradleWorkerMain.main(GradleWorkerMain.java:74)&#10;Caused by: HTTP Exception 404 Not Found&#13;&#10;&#9;com.github.kittinunf.fuel.core.FuelError$Companion.wrap(FuelError.kt:86)&#10;Caused by: com.github.kittinunf.fuel.core.HttpException: HTTP Exception 404 Not Found&#10;&#9;com.github.kittinunf.fuel.core.requests.RequestTask.prepareResponse(RequestTask.kt:35)&#10;&#9;com.github.kittinunf.fuel.core.requests.RequestTask.call(RequestTask.kt:47)&#10;&#9;com.github.kittinunf.fuel.core.requests.RequestTask.call(RequestTask.kt:14)&#10;&#9;com.github.kittinunf.fuel.core.DeserializableKt.response(Deserializable.kt:167)&#10;&#9;au.com.firemarklabs.nt.NTClient.funny(NTClient.kt:73)&#10;&#9;au.com.firemarklabs.nt.NtClientTest.create 5 funny notes(NtClientTest.kt:76)&#10;&#9;java.base/jdk.internal.reflect.NativeMethodAccessorImpl.invoke0(Native Method)&#10;&#9;java.base/jdk.internal.reflect.NativeMethodAccessorImpl.invoke(NativeMethodAccessorImpl.java:78)&#10;&#9;java.base/jdk.internal.reflect.DelegatingMethodAccessorImpl.invoke(DelegatingMethodAccessorImpl.java:43)&#10;&#9;java.base/java.lang.reflect.Method.invoke(Method.java:567)&#10;&#9;org.junit.platform.commons.util.ReflectionUtils.invokeMethod(ReflectionUtils.java:686)&#10;&#9;org.junit.jupiter.engine.execution.MethodInvocation.proceed(MethodInvocation.java:60)&#10;&#9;org.junit.jupiter.engine.execution.InvocationInterceptorChain$ValidatingInvocation.proceed(InvocationInterceptorChain.java:131)&#10;&#9;org.junit.jupiter.engine.extension.TimeoutExtension.intercept(TimeoutExtension.java:149)&#10;&#9;org.junit.jupiter.engine.extension.TimeoutExtension.interceptTestableMethod(TimeoutExtension.java:140)&#10;&#9;org.junit.jupiter.engine.extension.TimeoutExtension.interceptTestMethod(TimeoutExtension.java:84)&#10;&#9;org.junit.jupiter.engine.execution.ExecutableInvoker$ReflectiveInterceptorCall.lambda$ofVoidMethod$0(ExecutableInvoker.java:115)&#10;&#9;org.junit.jupiter.engine.execution.ExecutableInvoker.lambda$invoke$0(ExecutableInvoker.java:105)&#10;&#9;org.junit.jupiter.engine.execution.InvocationInterceptorChain$InterceptedInvocation.proceed(InvocationInterceptorChain.java:106)&#10;&#9;org.junit.jupiter.engine.execution.InvocationInterceptorChain.proceed(InvocationInterceptorChain.java:64)&#10;&#9;org.junit.jupiter.engine.execution.InvocationInterceptorChain.chainAndInvoke(InvocationInterceptorChain.java:45)&#10;&#9;org.junit.jupiter.engine.execution.InvocationInterceptorChain.invoke(InvocationInterceptorChain.java:37)&#10;&#9;org.junit.jupiter.engine.execution.ExecutableInvoker.invoke(ExecutableInvoker.java:104)&#10;&#9;org.junit.jupiter.engine.execution.ExecutableInvoker.invoke(ExecutableInvoker.java:98)&#10;&#9;org.junit.jupiter.engine.descriptor.TestMethodTestDescriptor.lambda$invokeTestMethod$6(TestMethodTestDescriptor.java:212)&#10;&#9;org.junit.platform.engine.support.hierarchical.ThrowableCollector.execute(ThrowableCollector.java:73)&#10;&#9;org.junit.jupiter.engine.descriptor.TestMethodTestDescriptor.invokeTestMethod(TestMethodTestDescriptor.java:208)&#10;&#9;org.junit.jupiter.engine.descriptor.TestMethodTestDescriptor.execute(TestMethodTestDescriptor.java:137)&#10;&#9;org.junit.jupiter.engine.descriptor.TestMethodTestDescriptor.execute(TestMethodTestDescriptor.java:71)&#10;&#9;org.junit.platform.engine.support.hierarchical.NodeTestTask.lambda$executeRecursively$5(NodeTestTask.java:135)&#10;&#9;org.junit.platform.engine.support.hierarchical.ThrowableCollector.execute(ThrowableCollector.java:73)&#10;&#9;org.junit.platform.engine.support.hierarchical.NodeTestTask.lambda$executeRecursively$7(NodeTestTask.java:125)&#10;&#9;org.junit.platform.engine.support.hierarchical.Node.around(Node.java:135)&#10;&#9;org.junit.platform.engine.support.hierarchical.NodeTestTask.lambda$executeRecursively$8(NodeTestTask.java:123)&#10;&#9;org.junit.platform.engine.support.hierarchical.ThrowableCollector.execute(ThrowableCollector.java:73)&#10;&#9;org.junit.platform.engine.support.hierarchical.NodeTestTask.executeRecursively(NodeTestTask.java:122)&#10;&#9;org.junit.platform.engine.support.hierarchical.NodeTestTask.execute(NodeTestTask.java:80)&#10;&#9;java.base/java.util.ArrayList.forEach(ArrayList.java:1511)&#10;&#9;org.junit.platform.engine.support.hierarchical.SameThreadHierarchicalTestExecutorService.invokeAll(SameThreadHierarchicalTestExecutorService.java:38)&#10;&#9;org.junit.platform.engine.support.hierarchical.NodeTestTask.lambda$executeRecursively$5(NodeTestTask.java:139)&#10;&#9;org.junit.platform.engine.support.hierarchical.ThrowableCollector.execute(ThrowableCollector.java:73)&#10;&#9;org.junit.platform.engine.support.hierarchical.NodeTestTask.lambda$executeRecursively$7(NodeTestTask.java:125)&#10;&#9;org.junit.platform.engine.support.hierarchical.Node.around(Node.java:135)&#10;&#9;org.junit.platform.engine.support.hierarchical.NodeTestTask.lambda$executeRecursively$8(NodeTestTask.java:123)&#10;&#9;org.junit.platform.engine.support.hierarchical.ThrowableCollector.execute(ThrowableCollector.java:73)&#10;&#9;org.junit.platform.engine.support.hierarchical.NodeTestTask.executeRecursively(NodeTestTask.java:122)&#10;&#9;org.junit.platform.engine.support.hierarchical.NodeTestTask.execute(NodeTestTask.java:80)&#10;&#9;java.base/java.util.ArrayList.forEach(ArrayList.java:1511)&#10;&#9;org.junit.platform.engine.support.hierarchical.SameThreadHierarchicalTestExecutorService.invokeAll(SameThreadHierarchicalTestExecutorService.java:38)&#10;&#9;org.junit.platform.engine.support.hierarchical.NodeTestTask.lambda$executeRecursively$5(NodeTestTask.java:139)&#10;&#9;org.junit.platform.engine.support.hierarchical.ThrowableCollector.execute(ThrowableCollector.java:73)&#10;&#9;org.junit.platform.engine.support.hierarchical.NodeTestTask.lambda$executeRecursively$7(NodeTestTask.java:125)&#10;&#9;org.junit.platform.engine.support.hierarchical.Node.around(Node.java:135)&#10;&#9;org.junit.platform.engine.support.hierarchical.NodeTestTask.lambda$executeRecursively$8(NodeTestTask.java:123)&#10;&#9;org.junit.platform.engine.support.hierarchical.ThrowableCollector.execute(ThrowableCollector.java:73)&#10;&#9;org.junit.platform.engine.support.hierarchical.NodeTestTask.executeRecursively(NodeTestTask.java:122)&#10;&#9;org.junit.platform.engine.support.hierarchical.NodeTestTask.execute(NodeTestTask.java:80)&#10;&#9;org.junit.platform.engine.support.hierarchical.SameThreadHierarchicalTestExecutorService.submit(SameThreadHierarchicalTestExecutorService.java:32)&#10;&#9;org.junit.platform.engine.support.hierarchical.HierarchicalTestExecutor.execute(HierarchicalTestExecutor.java:57)&#10;&#9;org.junit.platform.engine.support.hierarchical.HierarchicalTestEngine.execute(HierarchicalTestEngine.java:51)&#10;&#9;org.junit.platform.launcher.core.EngineExecutionOrchestrator.execute(EngineExecutionOrchestrator.java:108)&#10;&#9;org.junit.platform.launcher.core.EngineExecutionOrchestrator.execute(EngineExecutionOrchestrator.java:88)&#10;&#9;org.junit.platform.launcher.core.EngineExecutionOrchestrator.lambda$execute$0(EngineExecutionOrchestrator.java:54)&#10;&#9;org.junit.platform.launcher.core.EngineExecutionOrchestrator.withInterceptedStreams(EngineExecutionOrchestrator.java:67)&#10;&#9;org.junit.platform.launcher.core.EngineExecutionOrchestrator.execute(EngineExecutionOrchestrator.java:52)&#10;&#9;org.junit.platform.launcher.core.DefaultLauncher.execute(DefaultLauncher.java:96)&#10;&#9;org.junit.platform.launcher.core.DefaultLauncher.execute(DefaultLauncher.java:75)&#10;&#9;org.gradle.api.internal.tasks.testing.junitplatform.JUnitPlatformTestClassProcessor$CollectAllTestClassesExecutor.processAllTestClasses(JUnitPlatformTestClassProcessor.java:99)&#10;&#9;org.gradle.api.internal.tasks.testing.junitplatform.JUnitPlatformTestClassProcessor$CollectAllTestClassesExecutor.access$000(JUnitPlatformTestClassProcessor.java:79)&#10;&#9;org.gradle.api.internal.tasks.testing.junitplatform.JUnitPlatformTestClassProcessor.stop(JUnitPlatformTestClassProcessor.java:75)&#10;&#9;org.gradle.api.internal.tasks.testing.SuiteTestClassProcessor.stop(SuiteTestClassProcessor.java:61)&#10;&#9;java.base/jdk.internal.reflect.NativeMethodAccessorImpl.invoke0(Native Method)&#10;&#9;java.base/jdk.internal.reflect.NativeMethodAccessorImpl.invoke(NativeMethodAccessorImpl.java:78)&#10;&#9;java.base/jdk.internal.reflect.DelegatingMethodAccessorImpl.invoke(DelegatingMethodAccessorImpl.java:43)&#10;&#9;java.base/java.lang.reflect.Method.invoke(Method.java:567)&#10;&#9;org.gradle.internal.dispatch.ReflectionDispatch.dispatch(ReflectionDispatch.java:36)&#10;&#9;org.gradle.internal.dispatch.ReflectionDispatch.dispatch(ReflectionDispatch.java:24)&#10;&#9;org.gradle.internal.dispatch.ContextClassLoaderDispatch.dispatch(ContextClassLoaderDispatch.java:33)&#10;&#9;org.gradle.internal.dispatch.ProxyDispatchAdapter$DispatchingInvocationHandler.invoke(ProxyDispatchAdapter.java:94)&#10;&#9;jdk.proxy1/jdk.proxy1.$Proxy2.stop(Unknown Source)&#10;&#9;org.gradle.api.internal.tasks.testing.worker.TestWorker$3.run(TestWorker.java:193)&#10;&#9;org.gradle.api.internal.tasks.testing.worker.TestWorker.executeAndMaintainThreadName(TestWorker.java:129)&#10;&#9;org.gradle.api.internal.tasks.testing.worker.TestWorker.execute(TestWorker.java:100)&#10;&#9;org.gradle.api.internal.tasks.testing.worker.TestWorker.execute(TestWorker.java:60)&#10;&#9;org.gradle.process.internal.worker.child.ActionExecutionWorker.execute(ActionExecutionWorker.java:56)&#10;&#9;org.gradle.process.internal.worker.child.SystemApplicationClassLoaderWorker.call(SystemApplicationClassLoaderWorker.java:133)&#10;&#9;org.gradle.process.internal.worker.child.SystemApplicationClassLoaderWorker.call(SystemApplicationClassLoaderWorker.java:71)&#10;&#9;worker.org.gradle.process.internal.worker.GradleWorkerMain.run(GradleWorkerMain.java:69)&#10;&#9;worker.org.gradle.process.internal.worker.GradleWorkerMain.main(GradleWorkerMain.java:74)&#10;&#10;" type="com.github.kittinunf.fuel.core.BubbleFuelError">HTTP Exception 404 Not Found
	com.github.kittinunf.fuel.core.FuelError$Companion.wrap(FuelError.kt:84)
	com.github.kittinunf.fuel.core.DeserializableKt.response(Deserializable.kt:169)
	au.com.firemarklabs.nt.NTClient.funny(NTClient.kt:73)
	au.com.firemarklabs.nt.NtClientTest.create 5 funny notes(NtClientTest.kt:76)
	java.base/jdk.internal.reflect.NativeMethodAccessorImpl.invoke0(Native Method)
	java.base/jdk.internal.reflect.NativeMethodAccessorImpl.invoke(NativeMethodAccessorImpl.java:78)
	java.base/jdk.internal.reflect.DelegatingMethodAccessorImpl.invoke(DelegatingMethodAccessorImpl.java:43)
	java.base/java.lang.reflect.Method.invoke(Method.java:567)
	org.junit.platform.commons.util.ReflectionUtils.invokeMethod(ReflectionUtils.java:686)
	org.junit.jupiter.engine.execution.MethodInvocation.proceed(MethodInvocation.java:60)
	org.junit.jupiter.engine.execution.InvocationInterceptorChain$ValidatingInvocation.proceed(InvocationInterceptorChain.java:131)
	org.junit.jupiter.engine.extension.TimeoutExtension.intercept(TimeoutExtension.java:149)
	org.junit.jupiter.engine.extension.TimeoutExtension.interceptTestableMethod(TimeoutExtension.java:140)
	org.junit.jupiter.engine.extension.TimeoutExtension.interceptTestMethod(TimeoutExtension.java:84)
	org.junit.jupiter.engine.execution.ExecutableInvoker$ReflectiveInterceptorCall.lambda$ofVoidMethod$0(ExecutableInvoker.java:115)
	org.junit.jupiter.engine.execution.ExecutableInvoker.lambda$invoke$0(ExecutableInvoker.java:105)
	org.junit.jupiter.engine.execution.InvocationInterceptorChain$InterceptedInvocation.proceed(InvocationInterceptorChain.java:106)
	org.junit.jupiter.engine.execution.InvocationInterceptorChain.proceed(InvocationInterceptorChain.java:64)
	org.junit.jupiter.engine.execution.InvocationInterceptorChain.chainAndInvoke(InvocationInterceptorChain.java:45)
	org.junit.jupiter.engine.execution.InvocationInterceptorChain.invoke(InvocationInterceptorChain.java:37)
	org.junit.jupiter.engine.execution.ExecutableInvoker.invoke(ExecutableInvoker.java:104)
	org.junit.jupiter.engine.execution.ExecutableInvoker.invoke(ExecutableInvoker.java:98)
	org.junit.jupiter.engine.descriptor.TestMethodTestDescriptor.lambda$invokeTestMethod$6(TestMethodTestDescriptor.java:212)
	org.junit.platform.engine.support.hierarchical.ThrowableCollector.execute(ThrowableCollector.java:73)
	org.junit.jupiter.engine.descriptor.TestMethodTestDescriptor.invokeTestMethod(TestMethodTestDescriptor.java:208)
	org.junit.jupiter.engine.descriptor.TestMethodTestDescriptor.execute(TestMethodTestDescriptor.java:137)
	org.junit.jupiter.engine.descriptor.TestMethodTestDescriptor.execute(TestMethodTestDescriptor.java:71)
	org.junit.platform.engine.support.hierarchical.NodeTestTask.lambda$executeRecursively$5(NodeTestTask.java:135)
	org.junit.platform.engine.support.hierarchical.ThrowableCollector.execute(ThrowableCollector.java:73)
	org.junit.platform.engine.support.hierarchical.NodeTestTask.lambda$executeRecursively$7(NodeTestTask.java:125)
	org.junit.platform.engine.support.hierarchical.Node.around(Node.java:135)
	org.junit.platform.engine.support.hierarchical.NodeTestTask.lambda$executeRecursively$8(NodeTestTask.java:123)
	org.junit.platform.engine.support.hierarchical.ThrowableCollector.execute(ThrowableCollector.java:73)
	org.junit.platform.engine.support.hierarchical.NodeTestTask.executeRecursively(NodeTestTask.java:122)
	org.junit.platform.engine.support.hierarchical.NodeTestTask.execute(NodeTestTask.java:80)
	java.base/java.util.ArrayList.forEach(ArrayList.java:1511)
	org.junit.platform.engine.support.hierarchical.SameThreadHierarchicalTestExecutorService.invokeAll(SameThreadHierarchicalTestExecutorService.java:38)
	org.junit.platform.engine.support.hierarchical.NodeTestTask.lambda$executeRecursively$5(NodeTestTask.java:139)
	org.junit.platform.engine.support.hierarchical.ThrowableCollector.execute(ThrowableCollector.java:73)
	org.junit.platform.engine.support.hierarchical.NodeTestTask.lambda$executeRecursively$7(NodeTestTask.java:125)
	org.junit.platform.engine.support.hierarchical.Node.around(Node.java:135)
	org.junit.platform.engine.support.hierarchical.NodeTestTask.lambda$executeRecursively$8(NodeTestTask.java:123)
	org.junit.platform.engine.support.hierarchical.ThrowableCollector.execute(ThrowableCollector.java:73)
	org.junit.platform.engine.support.hierarchical.NodeTestTask.executeRecursively(NodeTestTask.java:122)
	org.junit.platform.engine.support.hierarchical.NodeTestTask.execute(NodeTestTask.java:80)
	java.base/java.util.ArrayList.forEach(ArrayList.java:1511)
	org.junit.platform.engine.support.hierarchical.SameThreadHierarchicalTestExecutorService.invokeAll(SameThreadHierarchicalTestExecutorService.java:38)
	org.junit.platform.engine.support.hierarchical.NodeTestTask.lambda$executeRecursively$5(NodeTestTask.java:139)
	org.junit.platform.engine.support.hierarchical.ThrowableCollector.execute(ThrowableCollector.java:73)
	org.junit.platform.engine.support.hierarchical.NodeTestTask.lambda$executeRecursively$7(NodeTestTask.java:125)
	org.junit.platform.engine.support.hierarchical.Node.around(Node.java:135)
	org.junit.platform.engine.support.hierarchical.NodeTestTask.lambda$executeRecursively$8(NodeTestTask.java:123)
	org.junit.platform.engine.support.hierarchical.ThrowableCollector.execute(ThrowableCollector.java:73)
	org.junit.platform.engine.support.hierarchical.NodeTestTask.executeRecursively(NodeTestTask.java:122)
	org.junit.platform.engine.support.hierarchical.NodeTestTask.execute(NodeTestTask.java:80)
	org.junit.platform.engine.support.hierarchical.SameThreadHierarchicalTestExecutorService.submit(SameThreadHierarchicalTestExecutorService.java:32)
	org.junit.platform.engine.support.hierarchical.HierarchicalTestExecutor.execute(HierarchicalTestExecutor.java:57)
	org.junit.platform.engine.support.hierarchical.HierarchicalTestEngine.execute(HierarchicalTestEngine.java:51)
	org.junit.platform.launcher.core.EngineExecutionOrchestrator.execute(EngineExecutionOrchestrator.java:108)
	org.junit.platform.launcher.core.EngineExecutionOrchestrator.execute(EngineExecutionOrchestrator.java:88)
	org.junit.platform.launcher.core.EngineExecutionOrchestrator.lambda$execute$0(EngineExecutionOrchestrator.java:54)
	org.junit.platform.launcher.core.EngineExecutionOrchestrator.withInterceptedStreams(EngineExecutionOrchestrator.java:67)
	org.junit.platform.launcher.core.EngineExecutionOrchestrator.execute(EngineExecutionOrchestrator.java:52)
	org.junit.platform.launcher.core.DefaultLauncher.execute(DefaultLauncher.java:96)
	org.junit.platform.launcher.core.DefaultLauncher.execute(DefaultLauncher.java:75)
	org.gradle.api.internal.tasks.testing.junitplatform.JUnitPlatformTestClassProcessor$CollectAllTestClassesExecutor.processAllTestClasses(JUnitPlatformTestClassProcessor.java:99)
	org.gradle.api.internal.tasks.testing.junitplatform.JUnitPlatformTestClassProcessor$CollectAllTestClassesExecutor.access$000(JUnitPlatformTestClassProcessor.java:79)
	org.gradle.api.internal.tasks.testing.junitplatform.JUnitPlatformTestClassProcessor.stop(JUnitPlatformTestClassProcessor.java:75)
	org.gradle.api.internal.tasks.testing.SuiteTestClassProcessor.stop(SuiteTestClassProcessor.java:61)
	java.base/jdk.internal.reflect.NativeMethodAccessorImpl.invoke0(Native Method)
	java.base/jdk.internal.reflect.NativeMethodAccessorImpl.invoke(NativeMethodAccessorImpl.java:78)
	java.base/jdk.internal.reflect.DelegatingMethodAccessorImpl.invoke(DelegatingMethodAccessorImpl.java:43)
	java.base/java.lang.reflect.Method.invoke(Method.java:567)
	org.gradle.internal.dispatch.ReflectionDispatch.dispatch(ReflectionDispatch.java:36)
	org.gradle.internal.dispatch.ReflectionDispatch.dispatch(ReflectionDispatch.java:24)
	org.gradle.internal.dispatch.ContextClassLoaderDispatch.dispatch(ContextClassLoaderDispatch.java:33)
	org.gradle.internal.dispatch.ProxyDispatchAdapter$DispatchingInvocationHandler.invoke(ProxyDispatchAdapter.java:94)
	jdk.proxy1/jdk.proxy1.$Proxy2.stop(Unknown Source)
	org.gradle.api.internal.tasks.testing.worker.TestWorker$3.run(TestWorker.java:193)
	org.gradle.api.internal.tasks.testing.worker.TestWorker.executeAndMaintainThreadName(TestWorker.java:129)
	org.gradle.api.internal.tasks.testing.worker.TestWorker.execute(TestWorker.java:100)
	org.gradle.api.internal.tasks.testing.worker.TestWorker.execute(TestWorker.java:60)
	org.gradle.process.internal.worker.child.ActionExecutionWorker.execute(ActionExecutionWorker.java:56)
	org.gradle.process.internal.worker.child.SystemApplicationClassLoaderWorker.call(SystemApplicationClassLoaderWorker.java:133)
	org.gradle.process.internal.worker.child.SystemApplicationClassLoaderWorker.call(SystemApplicationClassLoaderWorker.java:71)
	worker.org.gradle.process.internal.worker.GradleWorkerMain.run(GradleWorkerMain.java:69)
	worker.org.gradle.process.internal.worker.GradleWorkerMain.main(GradleWorkerMain.java:74)
Caused by: HTTP Exception 404 Not Found
	com.github.kittinunf.fuel.core.FuelError$Companion.wrap(FuelError.kt:86)
Caused by: com.github.kittinunf.fuel.core.HttpException: HTTP Exception 404 Not Found
	com.github.kittinunf.fuel.core.requests.RequestTask.prepareResponse(RequestTask.kt:35)
	com.github.kittinunf.fuel.core.requests.RequestTask.call(RequestTask.kt:47)
	com.github.kittinunf.fuel.core.requests.RequestTask.call(RequestTask.kt:14)
	com.github.kittinunf.fuel.core.DeserializableKt.response(Deserializable.kt:167)
	au.com.firemarklabs.nt.NTClient.funny(NTClient.kt:73)
	au.com.firemarklabs.nt.NtClientTest.create 5 funny notes(NtClientTest.kt:76)
	java.base/jdk.internal.reflect.NativeMethodAccessorImpl.invoke0(Native Method)
	java.base/jdk.internal.reflect.NativeMethodAccessorImpl.invoke(NativeMethodAccessorImpl.java:78)
	java.base/jdk.internal.reflect.DelegatingMethodAccessorImpl.invoke(DelegatingMethodAccessorImpl.java:43)
	java.base/java.lang.reflect.Method.invoke(Method.java:567)
	org.junit.platform.commons.util.ReflectionUtils.invokeMethod(ReflectionUtils.java:686)
	org.junit.jupiter.engine.execution.MethodInvocation.proceed(MethodInvocation.java:60)
	org.junit.jupiter.engine.execution.InvocationInterceptorChain$ValidatingInvocation.proceed(InvocationInterceptorChain.java:131)
	org.junit.jupiter.engine.extension.TimeoutExtension.intercept(TimeoutExtension.java:149)
	org.junit.jupiter.engine.extension.TimeoutExtension.interceptTestableMethod(TimeoutExtension.java:140)
	org.junit.jupiter.engine.extension.TimeoutExtension.interceptTestMethod(TimeoutExtension.java:84)
	org.junit.jupiter.engine.execution.ExecutableInvoker$ReflectiveInterceptorCall.lambda$ofVoidMethod$0(ExecutableInvoker.java:115)
	org.junit.jupiter.engine.execution.ExecutableInvoker.lambda$invoke$0(ExecutableInvoker.java:105)
	org.junit.jupiter.engine.execution.InvocationInterceptorChain$InterceptedInvocation.proceed(InvocationInterceptorChain.java:106)
	org.junit.jupiter.engine.execution.InvocationInterceptorChain.proceed(InvocationInterceptorChain.java:64)
	org.junit.jupiter.engine.execution.InvocationInterceptorChain.chainAndInvoke(InvocationInterceptorChain.java:45)
	org.junit.jupiter.engine.execution.InvocationInterceptorChain.invoke(InvocationInterceptorChain.java:37)
	org.junit.jupiter.engine.execution.ExecutableInvoker.invoke(ExecutableInvoker.java:104)
	org.junit.jupiter.engine.execution.ExecutableInvoker.invoke(ExecutableInvoker.java:98)
	org.junit.jupiter.engine.descriptor.TestMethodTestDescriptor.lambda$invokeTestMethod$6(TestMethodTestDescriptor.java:212)
	org.junit.platform.engine.support.hierarchical.ThrowableCollector.execute(ThrowableCollector.java:73)
	org.junit.jupiter.engine.descriptor.TestMethodTestDescriptor.invokeTestMethod(TestMethodTestDescriptor.java:208)
	org.junit.jupiter.engine.descriptor.TestMethodTestDescriptor.execute(TestMethodTestDescriptor.java:137)
	org.junit.jupiter.engine.descriptor.TestMethodTestDescriptor.execute(TestMethodTestDescriptor.java:71)
	org.junit.platform.engine.support.hierarchical.NodeTestTask.lambda$executeRecursively$5(NodeTestTask.java:135)
	org.junit.platform.engine.support.hierarchical.ThrowableCollector.execute(ThrowableCollector.java:73)
	org.junit.platform.engine.support.hierarchical.NodeTestTask.lambda$executeRecursively$7(NodeTestTask.java:125)
	org.junit.platform.engine.support.hierarchical.Node.around(Node.java:135)
	org.junit.platform.engine.support.hierarchical.NodeTestTask.lambda$executeRecursively$8(NodeTestTask.java:123)
	org.junit.platform.engine.support.hierarchical.ThrowableCollector.execute(ThrowableCollector.java:73)
	org.junit.platform.engine.support.hierarchical.NodeTestTask.executeRecursively(NodeTestTask.java:122)
	org.junit.platform.engine.support.hierarchical.NodeTestTask.execute(NodeTestTask.java:80)
	java.base/java.util.ArrayList.forEach(ArrayList.java:1511)
	org.junit.platform.engine.support.hierarchical.SameThreadHierarchicalTestExecutorService.invokeAll(SameThreadHierarchicalTestExecutorService.java:38)
	org.junit.platform.engine.support.hierarchical.NodeTestTask.lambda$executeRecursively$5(NodeTestTask.java:139)
	org.junit.platform.engine.support.hierarchical.ThrowableCollector.execute(ThrowableCollector.java:73)
	org.junit.platform.engine.support.hierarchical.NodeTestTask.lambda$executeRecursively$7(NodeTestTask.java:125)
	org.junit.platform.engine.support.hierarchical.Node.around(Node.java:135)
	org.junit.platform.engine.support.hierarchical.NodeTestTask.lambda$executeRecursively$8(NodeTestTask.java:123)
	org.junit.platform.engine.support.hierarchical.ThrowableCollector.execute(ThrowableCollector.java:73)
	org.junit.platform.engine.support.hierarchical.NodeTestTask.executeRecursively(NodeTestTask.java:122)
	org.junit.platform.engine.support.hierarchical.NodeTestTask.execute(NodeTestTask.java:80)
	java.base/java.util.ArrayList.forEach(ArrayList.java:1511)
	org.junit.platform.engine.support.hierarchical.SameThreadHierarchicalTestExecutorService.invokeAll(SameThreadHierarchicalTestExecutorService.java:38)
	org.junit.platform.engine.support.hierarchical.NodeTestTask.lambda$executeRecursively$5(NodeTestTask.java:139)
	org.junit.platform.engine.support.hierarchical.ThrowableCollector.execute(ThrowableCollector.java:73)
	org.junit.platform.engine.support.hierarchical.NodeTestTask.lambda$executeRecursively$7(NodeTestTask.java:125)
	org.junit.platform.engine.support.hierarchical.Node.around(Node.java:135)
	org.junit.platform.engine.support.hierarchical.NodeTestTask.lambda$executeRecursively$8(NodeTestTask.java:123)
	org.junit.platform.engine.support.hierarchical.ThrowableCollector.execute(ThrowableCollector.java:73)
	org.junit.platform.engine.support.hierarchical.NodeTestTask.executeRecursively(NodeTestTask.java:122)
	org.junit.platform.engine.support.hierarchical.NodeTestTask.execute(NodeTestTask.java:80)
	org.junit.platform.engine.support.hierarchical.SameThreadHierarchicalTestExecutorService.submit(SameThreadHierarchicalTestExecutorService.java:32)
	org.junit.platform.engine.support.hierarchical.HierarchicalTestExecutor.execute(HierarchicalTestExecutor.java:57)
	org.junit.platform.engine.support.hierarchical.HierarchicalTestEngine.execute(HierarchicalTestEngine.java:51)
	org.junit.platform.launcher.core.EngineExecutionOrchestrator.execute(EngineExecutionOrchestrator.java:108)
	org.junit.platform.launcher.core.EngineExecutionOrchestrator.execute(EngineExecutionOrchestrator.java:88)
	org.junit.platform.launcher.core.EngineExecutionOrchestrator.lambda$execute$0(EngineExecutionOrchestrator.java:54)
	org.junit.platform.launcher.core.EngineExecutionOrchestrator.withInterceptedStreams(EngineExecutionOrchestrator.java:67)
	org.junit.platform.launcher.core.EngineExecutionOrchestrator.execute(EngineExecutionOrchestrator.java:52)
	org.junit.platform.launcher.core.DefaultLauncher.execute(DefaultLauncher.java:96)
	org.junit.platform.launcher.core.DefaultLauncher.execute(DefaultLauncher.java:75)
	org.gradle.api.internal.tasks.testing.junitplatform.JUnitPlatformTestClassProcessor$CollectAllTestClassesExecutor.processAllTestClasses(JUnitPlatformTestClassProcessor.java:99)
	org.gradle.api.internal.tasks.testing.junitplatform.JUnitPlatformTestClassProcessor$CollectAllTestClassesExecutor.access$000(JUnitPlatformTestClassProcessor.java:79)
	org.gradle.api.internal.tasks.testing.junitplatform.JUnitPlatformTestClassProcessor.stop(JUnitPlatformTestClassProcessor.java:75)
	org.gradle.api.internal.tasks.testing.SuiteTestClassProcessor.stop(SuiteTestClassProcessor.java:61)
	java.base/jdk.internal.reflect.NativeMethodAccessorImpl.invoke0(Native Method)
	java.base/jdk.internal.reflect.NativeMethodAccessorImpl.invoke(NativeMethodAccessorImpl.java:78)
	java.base/jdk.internal.reflect.DelegatingMethodAccessorImpl.invoke(DelegatingMethodAccessorImpl.java:43)
	java.base/java.lang.reflect.Method.invoke(Method.java:567)
	org.gradle.internal.dispatch.ReflectionDispatch.dispatch(ReflectionDispatch.java:36)
	org.gradle.internal.dispatch.ReflectionDispatch.dispatch(ReflectionDispatch.java:24)
	org.gradle.internal.dispatch.ContextClassLoaderDispatch.dispatch(ContextClassLoaderDispatch.java:33)
	org.gradle.internal.dispatch.ProxyDispatchAdapter$DispatchingInvocationHandler.invoke(ProxyDispatchAdapter.java:94)
	jdk.proxy1/jdk.proxy1.$Proxy2.stop(Unknown Source)
	org.gradle.api.internal.tasks.testing.worker.TestWorker$3.run(TestWorker.java:193)
	org.gradle.api.internal.tasks.testing.worker.TestWorker.executeAndMaintainThreadName(TestWorker.java:129)
	org.gradle.api.internal.tasks.testing.worker.TestWorker.execute(TestWorker.java:100)
	org.gradle.api.internal.tasks.testing.worker.TestWorker.execute(TestWorker.java:60)
	org.gradle.process.internal.worker.child.ActionExecutionWorker.execute(ActionExecutionWorker.java:56)
	org.gradle.process.internal.worker.child.SystemApplicationClassLoaderWorker.call(SystemApplicationClassLoaderWorker.java:133)
	org.gradle.process.internal.worker.child.SystemApplicationClassLoaderWorker.call(SystemApplicationClassLoaderWorker.java:71)
	worker.org.gradle.process.internal.worker.GradleWorkerMain.run(GradleWorkerMain.java:69)
	worker.org.gradle.process.internal.worker.GradleWorkerMain.main(GradleWorkerMain.java:74)


	at app//com.github.kittinunf.fuel.core.FuelError$Companion.wrap(FuelError.kt:84)
	at app//com.github.kittinunf.fuel.core.DeserializableKt.response(Deserializable.kt:169)
	at app//au.com.firemarklabs.nt.NTClient.funny(NTClient.kt:73)
	at app//au.com.firemarklabs.nt.NtClientTest.create 5 funny notes(NtClientTest.kt:76)
	at java.base@16.0.1/jdk.internal.reflect.NativeMethodAccessorImpl.invoke0(Native Method)
	at java.base@16.0.1/jdk.internal.reflect.NativeMethodAccessorImpl.invoke(NativeMethodAccessorImpl.java:78)
	at java.base@16.0.1/jdk.internal.reflect.DelegatingMethodAccessorImpl.invoke(DelegatingMethodAccessorImpl.java:43)
	at java.base@16.0.1/java.lang.reflect.Method.invoke(Method.java:567)
	at app//org.junit.platform.commons.util.ReflectionUtils.invokeMethod(ReflectionUtils.java:686)
	at app//org.junit.jupiter.engine.execution.MethodInvocation.proceed(MethodInvocation.java:60)
	at app//org.junit.jupiter.engine.execution.InvocationInterceptorChain$ValidatingInvocation.proceed(InvocationInterceptorChain.java:131)
	at app//org.junit.jupiter.engine.extension.TimeoutExtension.intercept(TimeoutExtension.java:149)
	at app//org.junit.jupiter.engine.extension.TimeoutExtension.interceptTestableMethod(TimeoutExtension.java:140)
	at app//org.junit.jupiter.engine.extension.TimeoutExtension.interceptTestMethod(TimeoutExtension.java:84)
	at app//org.junit.jupiter.engine.execution.ExecutableInvoker$ReflectiveInterceptorCall.lambda$ofVoidMethod$0(ExecutableInvoker.java:115)
	at app//org.junit.jupiter.engine.execution.ExecutableInvoker.lambda$invoke$0(ExecutableInvoker.java:105)
	at app//org.junit.jupiter.engine.execution.InvocationInterceptorChain$InterceptedInvocation.proceed(InvocationInterceptorChain.java:106)
	at app//org.junit.jupiter.engine.execution.InvocationInterceptorChain.proceed(InvocationInterceptorChain.java:64)
	at app//org.junit.jupiter.engine.execution.InvocationInterceptorChain.chainAndInvoke(InvocationInterceptorChain.java:45)
	at app//org.junit.jupiter.engine.execution.InvocationInterceptorChain.invoke(InvocationInterceptorChain.java:37)
	at app//org.junit.jupiter.engine.execution.ExecutableInvoker.invoke(ExecutableInvoker.java:104)
	at app//org.junit.jupiter.engine.execution.ExecutableInvoker.invoke(ExecutableInvoker.java:98)
	at app//org.junit.jupiter.engine.descriptor.TestMethodTestDescriptor.lambda$invokeTestMethod$6(TestMethodTestDescriptor.java:212)
	at app//org.junit.platform.engine.support.hierarchical.ThrowableCollector.execute(ThrowableCollector.java:73)
	at app//org.junit.jupiter.engine.descriptor.TestMethodTestDescriptor.invokeTestMethod(TestMethodTestDescriptor.java:208)
	at app//org.junit.jupiter.engine.descriptor.TestMethodTestDescriptor.execute(TestMethodTestDescriptor.java:137)
	at app//org.junit.jupiter.engine.descriptor.TestMethodTestDescriptor.execute(TestMethodTestDescriptor.java:71)
	at app//org.junit.platform.engine.support.hierarchical.NodeTestTask.lambda$executeRecursively$5(NodeTestTask.java:135)
	at app//org.junit.platform.engine.support.hierarchical.ThrowableCollector.execute(ThrowableCollector.java:73)
	at app//org.junit.platform.engine.support.hierarchical.NodeTestTask.lambda$executeRecursively$7(NodeTestTask.java:125)
	at app//org.junit.platform.engine.support.hierarchical.Node.around(Node.java:135)
	at app//org.junit.platform.engine.support.hierarchical.NodeTestTask.lambda$executeRecursively$8(NodeTestTask.java:123)
	at app//org.junit.platform.engine.support.hierarchical.ThrowableCollector.execute(ThrowableCollector.java:73)
	at app//org.junit.platform.engine.support.hierarchical.NodeTestTask.executeRecursively(NodeTestTask.java:122)
	at app//org.junit.platform.engine.support.hierarchical.NodeTestTask.execute(NodeTestTask.java:80)
	at java.base@16.0.1/java.util.ArrayList.forEach(ArrayList.java:1511)
	at app//org.junit.platform.engine.support.hierarchical.SameThreadHierarchicalTestExecutorService.invokeAll(SameThreadHierarchicalTestExecutorService.java:38)
	at app//org.junit.platform.engine.support.hierarchical.NodeTestTask.lambda$executeRecursively$5(NodeTestTask.java:139)
	at app//org.junit.platform.engine.support.hierarchical.ThrowableCollector.execute(ThrowableCollector.java:73)
	at app//org.junit.platform.engine.support.hierarchical.NodeTestTask.lambda$executeRecursively$7(NodeTestTask.java:125)
	at app//org.junit.platform.engine.support.hierarchical.Node.around(Node.java:135)
	at app//org.junit.platform.engine.support.hierarchical.NodeTestTask.lambda$executeRecursively$8(NodeTestTask.java:123)
	at app//org.junit.platform.engine.support.hierarchical.ThrowableCollector.execute(ThrowableCollector.java:73)
	at app//org.junit.platform.engine.support.hierarchical.NodeTestTask.executeRecursively(NodeTestTask.java:122)
	at app//org.junit.platform.engine.support.hierarchical.NodeTestTask.execute(NodeTestTask.java:80)
	at java.base@16.0.1/java.util.ArrayList.forEach(ArrayList.java:1511)
	at app//org.junit.platform.engine.support.hierarchical.SameThreadHierarchicalTestExecutorService.invokeAll(SameThreadHierarchicalTestExecutorService.java:38)
	at app//org.junit.platform.engine.support.hierarchical.NodeTestTask.lambda$executeRecursively$5(NodeTestTask.java:139)
	at app//org.junit.platform.engine.support.hierarchical.ThrowableCollector.execute(ThrowableCollector.java:73)
	at app//org.junit.platform.engine.support.hierarchical.NodeTestTask.lambda$executeRecursively$7(NodeTestTask.java:125)
	at app//org.junit.platform.engine.support.hierarchical.Node.around(Node.java:135)
	at app//org.junit.platform.engine.support.hierarchical.NodeTestTask.lambda$executeRecursively$8(NodeTestTask.java:123)
	at app//org.junit.platform.engine.support.hierarchical.ThrowableCollector.execute(ThrowableCollector.java:73)
	at app//org.junit.platform.engine.support.hierarchical.NodeTestTask.executeRecursively(NodeTestTask.java:122)
	at app//org.junit.platform.engine.support.hierarchical.NodeTestTask.execute(NodeTestTask.java:80)
	at app//org.junit.platform.engine.support.hierarchical.SameThreadHierarchicalTestExecutorService.submit(SameThreadHierarchicalTestExecutorService.java:32)
	at app//org.junit.platform.engine.support.hierarchical.HierarchicalTestExecutor.execute(HierarchicalTestExecutor.java:57)
	at app//org.junit.platform.engine.support.hierarchical.HierarchicalTestEngine.execute(HierarchicalTestEngine.java:51)
	at org.junit.platform.launcher.core.EngineExecutionOrchestrator.execute(EngineExecutionOrchestrator.java:108)
	at org.junit.platform.launcher.core.EngineExecutionOrchestrator.execute(EngineExecutionOrchestrator.java:88)
	at org.junit.platform.launcher.core.EngineExecutionOrchestrator.lambda$execute$0(EngineExecutionOrchestrator.java:54)
	at org.junit.platform.launcher.core.EngineExecutionOrchestrator.withInterceptedStreams(EngineExecutionOrchestrator.java:67)
	at org.junit.platform.launcher.core.EngineExecutionOrchestrator.execute(EngineExecutionOrchestrator.java:52)
	at org.junit.platform.launcher.core.DefaultLauncher.execute(DefaultLauncher.java:96)
	at org.junit.platform.launcher.core.DefaultLauncher.execute(DefaultLauncher.java:75)
	at org.gradle.api.internal.tasks.testing.junitplatform.JUnitPlatformTestClassProcessor$CollectAllTestClassesExecutor.processAllTestClasses(JUnitPlatformTestClassProcessor.java:99)
	at org.gradle.api.internal.tasks.testing.junitplatform.JUnitPlatformTestClassProcessor$CollectAllTestClassesExecutor.access$000(JUnitPlatformTestClassProcessor.java:79)
	at org.gradle.api.internal.tasks.testing.junitplatform.JUnitPlatformTestClassProcessor.stop(JUnitPlatformTestClassProcessor.java:75)
	at org.gradle.api.internal.tasks.testing.SuiteTestClassProcessor.stop(SuiteTestClassProcessor.java:61)
	at java.base@16.0.1/jdk.internal.reflect.NativeMethodAccessorImpl.invoke0(Native Method)
	at java.base@16.0.1/jdk.internal.reflect.NativeMethodAccessorImpl.invoke(NativeMethodAccessorImpl.java:78)
	at java.base@16.0.1/jdk.internal.reflect.DelegatingMethodAccessorImpl.invoke(DelegatingMethodAccessorImpl.java:43)
	at java.base@16.0.1/java.lang.reflect.Method.invoke(Method.java:567)
	at org.gradle.internal.dispatch.ReflectionDispatch.dispatch(ReflectionDispatch.java:36)
	at org.gradle.internal.dispatch.ReflectionDispatch.dispatch(ReflectionDispatch.java:24)
	at org.gradle.internal.dispatch.ContextClassLoaderDispatch.dispatch(ContextClassLoaderDispatch.java:33)
	at org.gradle.internal.dispatch.ProxyDispatchAdapter$DispatchingInvocationHandler.invoke(ProxyDispatchAdapter.java:94)
	at jdk.proxy1/jdk.proxy1.$Proxy2.stop(Unknown Source)
	at org.gradle.api.internal.tasks.testing.worker.TestWorker$3.run(TestWorker.java:193)
	at org.gradle.api.internal.tasks.testing.worker.TestWorker.executeAndMaintainThreadName(TestWorker.java:129)
	at org.gradle.api.internal.tasks.testing.worker.TestWorker.execute(TestWorker.java:100)
	at org.gradle.api.internal.tasks.testing.worker.TestWorker.execute(TestWorker.java:60)
	at org.gradle.process.internal.worker.child.ActionExecutionWorker.execute(ActionExecutionWorker.java:56)
	at org.gradle.process.internal.worker.child.SystemApplicationClassLoaderWorker.call(SystemApplicationClassLoaderWorker.java:133)
	at org.gradle.process.internal.worker.child.SystemApplicationClassLoaderWorker.call(SystemApplicationClassLoaderWorker.java:71)
	at app//worker.org.gradle.process.internal.worker.GradleWorkerMain.run(GradleWorkerMain.java:69)
	at app//worker.org.gradle.process.internal.worker.GradleWorkerMain.main(GradleWorkerMain.java:74)
Caused by: HTTP Exception 404 Not Found
	com.github.kittinunf.fuel.core.FuelError$Companion.wrap(FuelError.kt:86)
Caused by: com.github.kittinunf.fuel.core.HttpException: HTTP Exception 404 Not Found
	com.github.kittinunf.fuel.core.requests.RequestTask.prepareResponse(RequestTask.kt:35)
	com.github.kittinunf.fuel.core.requests.RequestTask.call(RequestTask.kt:47)
	com.github.kittinunf.fuel.core.requests.RequestTask.call(RequestTask.kt:14)
	com.github.kittinunf.fuel.core.DeserializableKt.response(Deserializable.kt:167)
	au.com.firemarklabs.nt.NTClient.funny(NTClient.kt:73)
	au.com.firemarklabs.nt.NtClientTest.create 5 funny notes(NtClientTest.kt:76)
	java.base/jdk.internal.reflect.NativeMethodAccessorImpl.invoke0(Native Method)
	java.base/jdk.internal.reflect.NativeMethodAccessorImpl.invoke(NativeMethodAccessorImpl.java:78)
	java.base/jdk.internal.reflect.DelegatingMethodAccessorImpl.invoke(DelegatingMethodAccessorImpl.java:43)
	java.base/java.lang.reflect.Method.invoke(Method.java:567)
	org.junit.platform.commons.util.ReflectionUtils.invokeMethod(ReflectionUtils.java:686)
	org.junit.jupiter.engine.execution.MethodInvocation.proceed(MethodInvocation.java:60)
	org.junit.jupiter.engine.execution.InvocationInterceptorChain$ValidatingInvocation.proceed(InvocationInterceptorChain.java:131)
	org.junit.jupiter.engine.extension.TimeoutExtension.intercept(TimeoutExtension.java:149)
	org.junit.jupiter.engine.extension.TimeoutExtension.interceptTestableMethod(TimeoutExtension.java:140)
	org.junit.jupiter.engine.extension.TimeoutExtension.interceptTestMethod(TimeoutExtension.java:84)
	org.junit.jupiter.engine.execution.ExecutableInvoker$ReflectiveInterceptorCall.lambda$ofVoidMethod$0(ExecutableInvoker.java:115)
	org.junit.jupiter.engine.execution.ExecutableInvoker.lambda$invoke$0(ExecutableInvoker.java:105)
	org.junit.jupiter.engine.execution.InvocationInterceptorChain$InterceptedInvocation.proceed(InvocationInterceptorChain.java:106)
	org.junit.jupiter.engine.execution.InvocationInterceptorChain.proceed(InvocationInterceptorChain.java:64)
	org.junit.jupiter.engine.execution.InvocationInterceptorChain.chainAndInvoke(InvocationInterceptorChain.java:45)
	org.junit.jupiter.engine.execution.InvocationInterceptorChain.invoke(InvocationInterceptorChain.java:37)
	org.junit.jupiter.engine.execution.ExecutableInvoker.invoke(ExecutableInvoker.java:104)
	org.junit.jupiter.engine.execution.ExecutableInvoker.invoke(ExecutableInvoker.java:98)
	org.junit.jupiter.engine.descriptor.TestMethodTestDescriptor.lambda$invokeTestMethod$6(TestMethodTestDescriptor.java:212)
	org.junit.platform.engine.support.hierarchical.ThrowableCollector.execute(ThrowableCollector.java:73)
	org.junit.jupiter.engine.descriptor.TestMethodTestDescriptor.invokeTestMethod(TestMethodTestDescriptor.java:208)
	org.junit.jupiter.engine.descriptor.TestMethodTestDescriptor.execute(TestMethodTestDescriptor.java:137)
	org.junit.jupiter.engine.descriptor.TestMethodTestDescriptor.execute(TestMethodTestDescriptor.java:71)
	org.junit.platform.engine.support.hierarchical.NodeTestTask.lambda$executeRecursively$5(NodeTestTask.java:135)
	org.junit.platform.engine.support.hierarchical.ThrowableCollector.execute(ThrowableCollector.java:73)
	org.junit.platform.engine.support.hierarchical.NodeTestTask.lambda$executeRecursively$7(NodeTestTask.java:125)
	org.junit.platform.engine.support.hierarchical.Node.around(Node.java:135)
	org.junit.platform.engine.support.hierarchical.NodeTestTask.lambda$executeRecursively$8(NodeTestTask.java:123)
	org.junit.platform.engine.support.hierarchical.ThrowableCollector.execute(ThrowableCollector.java:73)
	org.junit.platform.engine.support.hierarchical.NodeTestTask.executeRecursively(NodeTestTask.java:122)
	org.junit.platform.engine.support.hierarchical.NodeTestTask.execute(NodeTestTask.java:80)
	java.base/java.util.ArrayList.forEach(ArrayList.java:1511)
	org.junit.platform.engine.support.hierarchical.SameThreadHierarchicalTestExecutorService.invokeAll(SameThreadHierarchicalTestExecutorService.java:38)
	org.junit.platform.engine.support.hierarchical.NodeTestTask.lambda$executeRecursively$5(NodeTestTask.java:139)
	org.junit.platform.engine.support.hierarchical.ThrowableCollector.execute(ThrowableCollector.java:73)
	org.junit.platform.engine.support.hierarchical.NodeTestTask.lambda$executeRecursively$7(NodeTestTask.java:125)
	org.junit.platform.engine.support.hierarchical.Node.around(Node.java:135)
	org.junit.platform.engine.support.hierarchical.NodeTestTask.lambda$executeRecursively$8(NodeTestTask.java:123)
	org.junit.platform.engine.support.hierarchical.ThrowableCollector.execute(ThrowableCollector.java:73)
	org.junit.platform.engine.support.hierarchical.NodeTestTask.executeRecursively(NodeTestTask.java:122)
	org.junit.platform.engine.support.hierarchical.NodeTestTask.execute(NodeTestTask.java:80)
	java.base/java.util.ArrayList.forEach(ArrayList.java:1511)
	org.junit.platform.engine.support.hierarchical.SameThreadHierarchicalTestExecutorService.invokeAll(SameThreadHierarchicalTestExecutorService.java:38)
	org.junit.platform.engine.support.hierarchical.NodeTestTask.lambda$executeRecursively$5(NodeTestTask.java:139)
	org.junit.platform.engine.support.hierarchical.ThrowableCollector.execute(ThrowableCollector.java:73)
	org.junit.platform.engine.support.hierarchical.NodeTestTask.lambda$executeRecursively$7(NodeTestTask.java:125)
	org.junit.platform.engine.support.hierarchical.Node.around(Node.java:135)
	org.junit.platform.engine.support.hierarchical.NodeTestTask.lambda$executeRecursively$8(NodeTestTask.java:123)
	org.junit.platform.engine.support.hierarchical.ThrowableCollector.execute(ThrowableCollector.java:73)
	org.junit.platform.engine.support.hierarchical.NodeTestTask.executeRecursively(NodeTestTask.java:122)
	org.junit.platform.engine.support.hierarchical.NodeTestTask.execute(NodeTestTask.java:80)
	org.junit.platform.engine.support.hierarchical.SameThreadHierarchicalTestExecutorService.submit(SameThreadHierarchicalTestExecutorService.java:32)
	org.junit.platform.engine.support.hierarchical.HierarchicalTestExecutor.execute(HierarchicalTestExecutor.java:57)
	org.junit.platform.engine.support.hierarchical.HierarchicalTestEngine.execute(HierarchicalTestEngine.java:51)
	org.junit.platform.launcher.core.EngineExecutionOrchestrator.execute(EngineExecutionOrchestrator.java:108)
	org.junit.platform.launcher.core.EngineExecutionOrchestrator.execute(EngineExecutionOrchestrator.java:88)
	org.junit.platform.launcher.core.EngineExecutionOrchestrator.lambda$execute$0(EngineExecutionOrchestrator.java:54)
	org.junit.platform.launcher.core.EngineExecutionOrchestrator.withInterceptedStreams(EngineExecutionOrchestrator.java:67)
	org.junit.platform.launcher.core.EngineExecutionOrchestrator.execute(EngineExecutionOrchestrator.java:52)
	org.junit.platform.launcher.core.DefaultLauncher.execute(DefaultLauncher.java:96)
	org.junit.platform.launcher.core.DefaultLauncher.execute(DefaultLauncher.java:75)
	org.gradle.api.internal.tasks.testing.junitplatform.JUnitPlatformTestClassProcessor$CollectAllTestClassesExecutor.processAllTestClasses(JUnitPlatformTestClassProcessor.java:99)
	org.gradle.api.internal.tasks.testing.junitplatform.JUnitPlatformTestClassProcessor$CollectAllTestClassesExecutor.access$000(JUnitPlatformTestClassProcessor.java:79)
	org.gradle.api.internal.tasks.testing.junitplatform.JUnitPlatformTestClassProcessor.stop(JUnitPlatformTestClassProcessor.java:75)
	org.gradle.api.internal.tasks.testing.SuiteTestClassProcessor.stop(SuiteTestClassProcessor.java:61)
	java.base/jdk.internal.reflect.NativeMethodAccessorImpl.invoke0(Native Method)
	java.base/jdk.internal.reflect.NativeMethodAccessorImpl.invoke(NativeMethodAccessorImpl.java:78)
	java.base/jdk.internal.reflect.DelegatingMethodAccessorImpl.invoke(DelegatingMethodAccessorImpl.java:43)
	java.base/java.lang.reflect.Method.invoke(Method.java:567)
	org.gradle.internal.dispatch.ReflectionDispatch.dispatch(ReflectionDispatch.java:36)
	org.gradle.internal.dispatch.ReflectionDispatch.dispatch(ReflectionDispatch.java:24)
	org.gradle.internal.dispatch.ContextClassLoaderDispatch.dispatch(ContextClassLoaderDispatch.java:33)
	org.gradle.internal.dispatch.ProxyDispatchAdapter$DispatchingInvocationHandler.invoke(ProxyDispatchAdapter.java:94)
	jdk.proxy1/jdk.proxy1.$Proxy2.stop(Unknown Source)
	org.gradle.api.internal.tasks.testing.worker.TestWorker$3.run(TestWorker.java:193)
	org.gradle.api.internal.tasks.testing.worker.TestWorker.executeAndMaintainThreadName(TestWorker.java:129)
	org.gradle.api.internal.tasks.testing.worker.TestWorker.execute(TestWorker.java:100)
	org.gradle.api.internal.tasks.testing.worker.TestWorker.execute(TestWorker.java:60)
	org.gradle.process.internal.worker.child.ActionExecutionWorker.execute(ActionExecutionWorker.java:56)
	org.gradle.process.internal.worker.child.SystemApplicationClassLoaderWorker.call(SystemApplicationClassLoaderWorker.java:133)
	org.gradle.process.internal.worker.child.SystemApplicationClassLoaderWorker.call(SystemApplicationClassLoaderWorker.java:71)
	worker.org.gradle.process.internal.worker.GradleWorkerMain.run(GradleWorkerMain.java:69)
	worker.org.gradle.process.internal.worker.GradleWorkerMain.main(GradleWorkerMain.java:74)

	at app//com.github.kittinunf.fuel.core.FuelError$Companion.wrap(FuelError.kt:86)
Caused by: com.github.kittinunf.fuel.core.HttpException: HTTP Exception 404 Not Found
	at app//com.github.kittinunf.fuel.core.requests.RequestTask.prepareResponse(RequestTask.kt:35)
	at app//com.github.kittinunf.fuel.core.requests.RequestTask.call(RequestTask.kt:47)
	at app//com.github.kittinunf.fuel.core.requests.RequestTask.call(RequestTask.kt:14)
	at app//com.github.kittinunf.fuel.core.DeserializableKt.response(Deserializable.kt:167)
	at app//au.com.firemarklabs.nt.NTClient.funny(NTClient.kt:73)
	at app//au.com.firemarklabs.nt.NtClientTest.create 5 funny notes(NtClientTest.kt:76)
	at java.base@16.0.1/jdk.internal.reflect.NativeMethodAccessorImpl.invoke0(Native Method)
	at java.base@16.0.1/jdk.internal.reflect.NativeMethodAccessorImpl.invoke(NativeMethodAccessorImpl.java:78)
	at java.base@16.0.1/jdk.internal.reflect.DelegatingMethodAccessorImpl.invoke(DelegatingMethodAccessorImpl.java:43)
	at java.base@16.0.1/java.lang.reflect.Method.invoke(Method.java:567)
	at app//org.junit.platform.commons.util.ReflectionUtils.invokeMethod(ReflectionUtils.java:686)
	at app//org.junit.jupiter.engine.execution.MethodInvocation.proceed(MethodInvocation.java:60)
	at app//org.junit.jupiter.engine.execution.InvocationInterceptorChain$ValidatingInvocation.proceed(InvocationInterceptorChain.java:131)
	at app//org.junit.jupiter.engine.extension.TimeoutExtension.intercept(TimeoutExtension.java:149)
	at app//org.junit.jupiter.engine.extension.TimeoutExtension.interceptTestableMethod(TimeoutExtension.java:140)
	at app//org.junit.jupiter.engine.extension.TimeoutExtension.interceptTestMethod(TimeoutExtension.java:84)
	at app//org.junit.jupiter.engine.execution.ExecutableInvoker$ReflectiveInterceptorCall.lambda$ofVoidMethod$0(ExecutableInvoker.java:115)
	at app//org.junit.jupiter.engine.execution.ExecutableInvoker.lambda$invoke$0(ExecutableInvoker.java:105)
	at app//org.junit.jupiter.engine.execution.InvocationInterceptorChain$InterceptedInvocation.proceed(InvocationInterceptorChain.java:106)
	at app//org.junit.jupiter.engine.execution.InvocationInterceptorChain.proceed(InvocationInterceptorChain.java:64)
	at app//org.junit.jupiter.engine.execution.InvocationInterceptorChain.chainAndInvoke(InvocationInterceptorChain.java:45)
	at app//org.junit.jupiter.engine.execution.InvocationInterceptorChain.invoke(InvocationInterceptorChain.java:37)
	at app//org.junit.jupiter.engine.execution.ExecutableInvoker.invoke(ExecutableInvoker.java:104)
	at app//org.junit.jupiter.engine.execution.ExecutableInvoker.invoke(ExecutableInvoker.java:98)
	at app//org.junit.jupiter.engine.descriptor.TestMethodTestDescriptor.lambda$invokeTestMethod$6(TestMethodTestDescriptor.java:212)
	at app//org.junit.platform.engine.support.hierarchical.ThrowableCollector.execute(ThrowableCollector.java:73)
	at app//org.junit.jupiter.engine.descriptor.TestMethodTestDescriptor.invokeTestMethod(TestMethodTestDescriptor.java:208)
	at app//org.junit.jupiter.engine.descriptor.TestMethodTestDescriptor.execute(TestMethodTestDescriptor.java:137)
	at app//org.junit.jupiter.engine.descriptor.TestMethodTestDescriptor.execute(TestMethodTestDescriptor.java:71)
	at app//org.junit.platform.engine.support.hierarchical.NodeTestTask.lambda$executeRecursively$5(NodeTestTask.java:135)
	at app//org.junit.platform.engine.support.hierarchical.ThrowableCollector.execute(ThrowableCollector.java:73)
	at app//org.junit.platform.engine.support.hierarchical.NodeTestTask.lambda$executeRecursively$7(NodeTestTask.java:125)
	at app//org.junit.platform.engine.support.hierarchical.Node.around(Node.java:135)
	at app//org.junit.platform.engine.support.hierarchical.NodeTestTask.lambda$executeRecursively$8(NodeTestTask.java:123)
	at app//org.junit.platform.engine.support.hierarchical.ThrowableCollector.execute(ThrowableCollector.java:73)
	at app//org.junit.platform.engine.support.hierarchical.NodeTestTask.executeRecursively(NodeTestTask.java:122)
	at app//org.junit.platform.engine.support.hierarchical.NodeTestTask.execute(NodeTestTask.java:80)
	at java.base@16.0.1/java.util.ArrayList.forEach(ArrayList.java:1511)
	at app//org.junit.platform.engine.support.hierarchical.SameThreadHierarchicalTestExecutorService.invokeAll(SameThreadHierarchicalTestExecutorService.java:38)
	at app//org.junit.platform.engine.support.hierarchical.NodeTestTask.lambda$executeRecursively$5(NodeTestTask.java:139)
	at app//org.junit.platform.engine.support.hierarchical.ThrowableCollector.execute(ThrowableCollector.java:73)
	at app//org.junit.platform.engine.support.hierarchical.NodeTestTask.lambda$executeRecursively$7(NodeTestTask.java:125)
	at app//org.junit.platform.engine.support.hierarchical.Node.around(Node.java:135)
	at app//org.junit.platform.engine.support.hierarchical.NodeTestTask.lambda$executeRecursively$8(NodeTestTask.java:123)
	at app//org.junit.platform.engine.support.hierarchical.ThrowableCollector.execute(ThrowableCollector.java:73)
	at app//org.junit.platform.engine.support.hierarchical.NodeTestTask.executeRecursively(NodeTestTask.java:122)
	at app//org.junit.platform.engine.support.hierarchical.NodeTestTask.execute(NodeTestTask.java:80)
	at java.base@16.0.1/java.util.ArrayList.forEach(ArrayList.java:1511)
	at app//org.junit.platform.engine.support.hierarchical.SameThreadHierarchicalTestExecutorService.invokeAll(SameThreadHierarchicalTestExecutorService.java:38)
	at app//org.junit.platform.engine.support.hierarchical.NodeTestTask.lambda$executeRecursively$5(NodeTestTask.java:139)
	at app//org.junit.platform.engine.support.hierarchical.ThrowableCollector.execute(ThrowableCollector.java:73)
	at app//org.junit.platform.engine.support.hierarchical.NodeTestTask.lambda$executeRecursively$7(NodeTestTask.java:125)
	at app//org.junit.platform.engine.support.hierarchical.Node.around(Node.java:135)
	at app//org.junit.platform.engine.support.hierarchical.NodeTestTask.lambda$executeRecursively$8(NodeTestTask.java:123)
	at app//org.junit.platform.engine.support.hierarchical.ThrowableCollector.execute(ThrowableCollector.java:73)
	at app//org.junit.platform.engine.support.hierarchical.NodeTestTask.executeRecursively(NodeTestTask.java:122)
	at app//org.junit.platform.engine.support.hierarchical.NodeTestTask.execute(NodeTestTask.java:80)
	at app//org.junit.platform.engine.support.hierarchical.SameThreadHierarchicalTestExecutorService.submit(SameThreadHierarchicalTestExecutorService.java:32)
	at app//org.junit.platform.engine.support.hierarchical.HierarchicalTestExecutor.execute(HierarchicalTestExecutor.java:57)
	at app//org.junit.platform.engine.support.hierarchical.HierarchicalTestEngine.execute(HierarchicalTestEngine.java:51)
	at org.junit.platform.launcher.core.EngineExecutionOrchestrator.execute(EngineExecutionOrchestrator.java:108)
	at org.junit.platform.launcher.core.EngineExecutionOrchestrator.execute(EngineExecutionOrchestrator.java:88)
	at org.junit.platform.launcher.core.EngineExecutionOrchestrator.lambda$execute$0(EngineExecutionOrchestrator.java:54)
	at org.junit.platform.launcher.core.EngineExecutionOrchestrator.withInterceptedStreams(EngineExecutionOrchestrator.java:67)
	at org.junit.platform.launcher.core.EngineExecutionOrchestrator.execute(EngineExecutionOrchestrator.java:52)
	at org.junit.platform.launcher.core.DefaultLauncher.execute(DefaultLauncher.java:96)
	at org.junit.platform.launcher.core.DefaultLauncher.execute(DefaultLauncher.java:75)
	at org.gradle.api.internal.tasks.testing.junitplatform.JUnitPlatformTestClassProcessor$CollectAllTestClassesExecutor.processAllTestClasses(JUnitPlatformTestClassProcessor.java:99)
	at org.gradle.api.internal.tasks.testing.junitplatform.JUnitPlatformTestClassProcessor$CollectAllTestClassesExecutor.access$000(JUnitPlatformTestClassProcessor.java:79)
	at org.gradle.api.internal.tasks.testing.junitplatform.JUnitPlatformTestClassProcessor.stop(JUnitPlatformTestClassProcessor.java:75)
	at org.gradle.api.internal.tasks.testing.SuiteTestClassProcessor.stop(SuiteTestClassProcessor.java:61)
	at java.base@16.0.1/jdk.internal.reflect.NativeMethodAccessorImpl.invoke0(Native Method)
	at java.base@16.0.1/jdk.internal.reflect.NativeMethodAccessorImpl.invoke(NativeMethodAccessorImpl.java:78)
	at java.base@16.0.1/jdk.internal.reflect.DelegatingMethodAccessorImpl.invoke(DelegatingMethodAccessorImpl.java:43)
	at java.base@16.0.1/java.lang.reflect.Method.invoke(Method.java:567)
	at org.gradle.internal.dispatch.ReflectionDispatch.dispatch(ReflectionDispatch.java:36)
	at org.gradle.internal.dispatch.ReflectionDispatch.dispatch(ReflectionDispatch.java:24)
	at org.gradle.internal.dispatch.ContextClassLoaderDispatch.dispatch(ContextClassLoaderDispatch.java:33)
	at org.gradle.internal.dispatch.ProxyDispatchAdapter$DispatchingInvocationHandler.invoke(ProxyDispatchAdapter.java:94)
	at jdk.proxy1/jdk.proxy1.$Proxy2.stop(Unknown Source)
	at org.gradle.api.internal.tasks.testing.worker.TestWorker$3.run(TestWorker.java:193)
	at org.gradle.api.internal.tasks.testing.worker.TestWorker.executeAndMaintainThreadName(TestWorker.java:129)
	at org.gradle.api.internal.tasks.testing.worker.TestWorker.execute(TestWorker.java:100)
	at org.gradle.api.internal.tasks.testing.worker.TestWorker.execute(TestWorker.java:60)
	at org.gradle.process.internal.worker.child.ActionExecutionWorker.execute(ActionExecutionWorker.java:56)
	at org.gradle.process.internal.worker.child.SystemApplicationClassLoaderWorker.call(SystemApplicationClassLoaderWorker.java:133)
	at org.gradle.process.internal.worker.child.SystemApplicationClassLoaderWorker.call(SystemApplicationClassLoaderWorker.java:71)
	at app//worker.org.gradle.process.internal.worker.GradleWorkerMain.run(GradleWorkerMain.java:69)
	at app//worker.org.gradle.process.internal.worker.GradleWorkerMain.main(GradleWorkerMain.java:74)
</failure>
  </testcase>
  <testcase name="create a note and retrieve it()" classname="au.com.firemarklabs.nt.NtClientTest" time="0.035">
    <failure message="Instantiation of [simple type, class au.com.firemarklabs.nt.Note] value failed for JSON property content due to missing (therefore NULL) value for creator parameter content which is a non-nullable type&#10; at [Source: (BufferedInputStream); line: 1, column: 109] (through reference chain: au.com.firemarklabs.nt.Note[&quot;content&quot;])&#13;&#10;&#9;com.github.kittinunf.fuel.core.FuelError$Companion.wrap(FuelError.kt:86)&#10;&#9;com.github.kittinunf.fuel.core.DeserializableKt.response(Deserializable.kt:177)&#10;Caused by: com.fasterxml.jackson.module.kotlin.MissingKotlinParameterException: Instantiation of [simple type, class au.com.firemarklabs.nt.Note] value failed for JSON property content due to missing (therefore NULL) value for creator parameter content which is a non-nullable type&#10; at [Source: (BufferedInputStream); line: 1, column: 109] (through reference chain: au.com.firemarklabs.nt.Note[&quot;content&quot;])&#10;&#9;com.fasterxml.jackson.module.kotlin.KotlinValueInstantiator.createFromObjectWith(KotlinValueInstantiator.kt:107)&#10;&#9;com.fasterxml.jackson.databind.deser.impl.PropertyBasedCreator.build(PropertyBasedCreator.java:195)&#10;&#9;com.fasterxml.jackson.databind.deser.BeanDeserializer._deserializeUsingPropertyBased(BeanDeserializer.java:488)&#10;&#9;com.fasterxml.jackson.databind.deser.BeanDeserializerBase.deserializeFromObjectUsingNonDefault(BeanDeserializerBase.java:1287)&#10;&#9;com.fasterxml.jackson.databind.deser.BeanDeserializer.deserializeFromObject(BeanDeserializer.java:326)&#10;&#9;com.fasterxml.jackson.databind.deser.BeanDeserializer.deserialize(BeanDeserializer.java:159)&#10;&#9;com.fasterxml.jackson.databind.ObjectMapper._readMapAndClose(ObjectMapper.java:4013)&#10;&#9;com.fasterxml.jackson.databind.ObjectMapper.readValue(ObjectMapper.java:3077)&#10;&#9;au.com.firemarklabs.nt.NTClient$insert$$inlined$responseObject$1.deserialize(FuelJackson.kt:59)&#10;&#9;com.github.kittinunf.fuel.core.ResponseDeserializable$DefaultImpls.deserialize(Deserializable.kt:39)&#10;&#9;au.com.firemarklabs.nt.NTClient$insert$$inlined$responseObject$1.deserialize(FuelJackson.kt:36)&#10;&#9;com.github.kittinunf.fuel.core.DeserializableKt.response(Deserializable.kt:176)&#10;&#9;au.com.firemarklabs.nt.NTClient.insert(NTClient.kt:103)&#10;&#9;au.com.firemarklabs.nt.NtClientTest.create a note and retrieve it(NtClientTest.kt:40)&#10;&#9;java.base/jdk.internal.reflect.NativeMethodAccessorImpl.invoke0(Native Method)&#10;&#9;java.base/jdk.internal.reflect.NativeMethodAccessorImpl.invoke(NativeMethodAccessorImpl.java:78)&#10;&#9;java.base/jdk.internal.reflect.DelegatingMethodAccessorImpl.invoke(DelegatingMethodAccessorImpl.java:43)&#10;&#9;java.base/java.lang.reflect.Method.invoke(Method.java:567)&#10;&#9;org.junit.platform.commons.util.ReflectionUtils.invokeMethod(ReflectionUtils.java:686)&#10;&#9;org.junit.jupiter.engine.execution.MethodInvocation.proceed(MethodInvocation.java:60)&#10;&#9;org.junit.jupiter.engine.execution.InvocationInterceptorChain$ValidatingInvocation.proceed(InvocationInterceptorChain.java:131)&#10;&#9;org.junit.jupiter.engine.extension.TimeoutExtension.intercept(TimeoutExtension.java:149)&#10;&#9;org.junit.jupiter.engine.extension.TimeoutExtension.interceptTestableMethod(TimeoutExtension.java:140)&#10;&#9;org.junit.jupiter.engine.extension.TimeoutExtension.interceptTestMethod(TimeoutExtension.java:84)&#10;&#9;org.junit.jupiter.engine.execution.ExecutableInvoker$ReflectiveInterceptorCall.lambda$ofVoidMethod$0(ExecutableInvoker.java:115)&#10;&#9;org.junit.jupiter.engine.execution.ExecutableInvoker.lambda$invoke$0(ExecutableInvoker.java:105)&#10;&#9;org.junit.jupiter.engine.execution.InvocationInterceptorChain$InterceptedInvocation.proceed(InvocationInterceptorChain.java:106)&#10;&#9;org.junit.jupiter.engine.execution.InvocationInterceptorChain.proceed(InvocationInterceptorChain.java:64)&#10;&#9;org.junit.jupiter.engine.execution.InvocationInterceptorChain.chainAndInvoke(InvocationInterceptorChain.java:45)&#10;&#9;org.junit.jupiter.engine.execution.InvocationInterceptorChain.invoke(InvocationInterceptorChain.java:37)&#10;&#9;org.junit.jupiter.engine.execution.ExecutableInvoker.invoke(ExecutableInvoker.java:104)&#10;&#9;org.junit.jupiter.engine.execution.ExecutableInvoker.invoke(ExecutableInvoker.java:98)&#10;&#9;org.junit.jupiter.engine.descriptor.TestMethodTestDescriptor.lambda$invokeTestMethod$6(TestMethodTestDescriptor.java:212)&#10;&#9;org.junit.platform.engine.support.hierarchical.ThrowableCollector.execute(ThrowableCollector.java:73)&#10;&#9;org.junit.jupiter.engine.descriptor.TestMethodTestDescriptor.invokeTestMethod(TestMethodTestDescriptor.java:208)&#10;&#9;org.junit.jupiter.engine.descriptor.TestMethodTestDescriptor.execute(TestMethodTestDescriptor.java:137)&#10;&#9;org.junit.jupiter.engine.descriptor.TestMethodTestDescriptor.execute(TestMethodTestDescriptor.java:71)&#10;&#9;org.junit.platform.engine.support.hierarchical.NodeTestTask.lambda$executeRecursively$5(NodeTestTask.java:135)&#10;&#9;org.junit.platform.engine.support.hierarchical.ThrowableCollector.execute(ThrowableCollector.java:73)&#10;&#9;org.junit.platform.engine.support.hierarchical.NodeTestTask.lambda$executeRecursively$7(NodeTestTask.java:125)&#10;&#9;org.junit.platform.engine.support.hierarchical.Node.around(Node.java:135)&#10;&#9;org.junit.platform.engine.support.hierarchical.NodeTestTask.lambda$executeRecursively$8(NodeTestTask.java:123)&#10;&#9;org.junit.platform.engine.support.hierarchical.ThrowableCollector.execute(ThrowableCollector.java:73)&#10;&#9;org.junit.platform.engine.support.hierarchical.NodeTestTask.executeRecursively(NodeTestTask.java:122)&#10;&#9;org.junit.platform.engine.support.hierarchical.NodeTestTask.execute(NodeTestTask.java:80)&#10;&#9;java.base/java.util.ArrayList.forEach(ArrayList.java:1511)&#10;&#9;org.junit.platform.engine.support.hierarchical.SameThreadHierarchicalTestExecutorService.invokeAll(SameThreadHierarchicalTestExecutorService.java:38)&#10;&#9;org.junit.platform.engine.support.hierarchical.NodeTestTask.lambda$executeRecursively$5(NodeTestTask.java:139)&#10;&#9;org.junit.platform.engine.support.hierarchical.ThrowableCollector.execute(ThrowableCollector.java:73)&#10;&#9;org.junit.platform.engine.support.hierarchical.NodeTestTask.lambda$executeRecursively$7(NodeTestTask.java:125)&#10;&#9;org.junit.platform.engine.support.hierarchical.Node.around(Node.java:135)&#10;&#9;org.junit.platform.engine.support.hierarchical.NodeTestTask.lambda$executeRecursively$8(NodeTestTask.java:123)&#10;&#9;org.junit.platform.engine.support.hierarchical.ThrowableCollector.execute(ThrowableCollector.java:73)&#10;&#9;org.junit.platform.engine.support.hierarchical.NodeTestTask.executeRecursively(NodeTestTask.java:122)&#10;&#9;org.junit.platform.engine.support.hierarchical.NodeTestTask.execute(NodeTestTask.java:80)&#10;&#9;java.base/java.util.ArrayList.forEach(ArrayList.java:1511)&#10;&#9;org.junit.platform.engine.support.hierarchical.SameThreadHierarchicalTestExecutorService.invokeAll(SameThreadHierarchicalTestExecutorService.java:38)&#10;&#9;org.junit.platform.engine.support.hierarchical.NodeTestTask.lambda$executeRecursively$5(NodeTestTask.java:139)&#10;&#9;org.junit.platform.engine.support.hierarchical.ThrowableCollector.execute(ThrowableCollector.java:73)&#10;&#9;org.junit.platform.engine.support.hierarchical.NodeTestTask.lambda$executeRecursively$7(NodeTestTask.java:125)&#10;&#9;org.junit.platform.engine.support.hierarchical.Node.around(Node.java:135)&#10;&#9;org.junit.platform.engine.support.hierarchical.NodeTestTask.lambda$executeRecursively$8(NodeTestTask.java:123)&#10;&#9;org.junit.platform.engine.support.hierarchical.ThrowableCollector.execute(ThrowableCollector.java:73)&#10;&#9;org.junit.platform.engine.support.hierarchical.NodeTestTask.executeRecursively(NodeTestTask.java:122)&#10;&#9;org.junit.platform.engine.support.hierarchical.NodeTestTask.execute(NodeTestTask.java:80)&#10;&#9;org.junit.platform.engine.support.hierarchical.SameThreadHierarchicalTestExecutorService.submit(SameThreadHierarchicalTestExecutorService.java:32)&#10;&#9;org.junit.platform.engine.support.hierarchical.HierarchicalTestExecutor.execute(HierarchicalTestExecutor.java:57)&#10;&#9;org.junit.platform.engine.support.hierarchical.HierarchicalTestEngine.execute(HierarchicalTestEngine.java:51)&#10;&#9;org.junit.platform.launcher.core.EngineExecutionOrchestrator.execute(EngineExecutionOrchestrator.java:108)&#10;&#9;org.junit.platform.launcher.core.EngineExecutionOrchestrator.execute(EngineExecutionOrchestrator.java:88)&#10;&#9;org.junit.platform.launcher.core.EngineExecutionOrchestrator.lambda$execute$0(EngineExecutionOrchestrator.java:54)&#10;&#9;org.junit.platform.launcher.core.EngineExecutionOrchestrator.withInterceptedStreams(EngineExecutionOrchestrator.java:67)&#10;&#9;org.junit.platform.launcher.core.EngineExecutionOrchestrator.execute(EngineExecutionOrchestrator.java:52)&#10;&#9;org.junit.platform.launcher.core.DefaultLauncher.execute(DefaultLauncher.java:96)&#10;&#9;org.junit.platform.launcher.core.DefaultLauncher.execute(DefaultLauncher.java:75)&#10;&#9;org.gradle.api.internal.tasks.testing.junitplatform.JUnitPlatformTestClassProcessor$CollectAllTestClassesExecutor.processAllTestClasses(JUnitPlatformTestClassProcessor.java:99)&#10;&#9;org.gradle.api.internal.tasks.testing.junitplatform.JUnitPlatformTestClassProcessor$CollectAllTestClassesExecutor.access$000(JUnitPlatformTestClassProcessor.java:79)&#10;&#9;org.gradle.api.internal.tasks.testing.junitplatform.JUnitPlatformTestClassProcessor.stop(JUnitPlatformTestClassProcessor.java:75)&#10;&#9;org.gradle.api.internal.tasks.testing.SuiteTestClassProcessor.stop(SuiteTestClassProcessor.java:61)&#10;&#9;java.base/jdk.internal.reflect.NativeMethodAccessorImpl.invoke0(Native Method)&#10;&#9;java.base/jdk.internal.reflect.NativeMethodAccessorImpl.invoke(NativeMethodAccessorImpl.java:78)&#10;&#9;java.base/jdk.internal.reflect.DelegatingMethodAccessorImpl.invoke(DelegatingMethodAccessorImpl.java:43)&#10;&#9;java.base/java.lang.reflect.Method.invoke(Method.java:567)&#10;&#9;org.gradle.internal.dispatch.ReflectionDispatch.dispatch(ReflectionDispatch.java:36)&#10;&#9;org.gradle.internal.dispatch.ReflectionDispatch.dispatch(ReflectionDispatch.java:24)&#10;&#9;org.gradle.internal.dispatch.ContextClassLoaderDispatch.dispatch(ContextClassLoaderDispatch.java:33)&#10;&#9;org.gradle.internal.dispatch.ProxyDispatchAdapter$DispatchingInvocationHandler.invoke(ProxyDispatchAdapter.java:94)&#10;&#9;jdk.proxy1/jdk.proxy1.$Proxy2.stop(Unknown Source)&#10;&#9;org.gradle.api.internal.tasks.testing.worker.TestWorker$3.run(TestWorker.java:193)&#10;&#9;org.gradle.api.internal.tasks.testing.worker.TestWorker.executeAndMaintainThreadName(TestWorker.java:129)&#10;&#9;org.gradle.api.internal.tasks.testing.worker.TestWorker.execute(TestWorker.java:100)&#10;&#9;org.gradle.api.internal.tasks.testing.worker.TestWorker.execute(TestWorker.java:60)&#10;&#9;org.gradle.process.internal.worker.child.ActionExecutionWorker.execute(ActionExecutionWorker.java:56)&#10;&#9;org.gradle.process.internal.worker.child.SystemApplicationClassLoaderWorker.call(SystemApplicationClassLoaderWorker.java:133)&#10;&#9;org.gradle.process.internal.worker.child.SystemApplicationClassLoaderWorker.call(SystemApplicationClassLoaderWorker.java:71)&#10;&#9;worker.org.gradle.process.internal.worker.GradleWorkerMain.run(GradleWorkerMain.java:69)&#10;&#9;worker.org.gradle.process.internal.worker.GradleWorkerMain.main(GradleWorkerMain.java:74)&#10;" type="com.github.kittinunf.fuel.core.FuelError">Instantiation of [simple type, class au.com.firemarklabs.nt.Note] value failed for JSON property content due to missing (therefore NULL) value for creator parameter content which is a non-nullable type
 at [Source: (BufferedInputStream); line: 1, column: 109] (through reference chain: au.com.firemarklabs.nt.Note[&quot;content&quot;])
	com.github.kittinunf.fuel.core.FuelError$Companion.wrap(FuelError.kt:86)
	com.github.kittinunf.fuel.core.DeserializableKt.response(Deserializable.kt:177)
Caused by: com.fasterxml.jackson.module.kotlin.MissingKotlinParameterException: Instantiation of [simple type, class au.com.firemarklabs.nt.Note] value failed for JSON property content due to missing (therefore NULL) value for creator parameter content which is a non-nullable type
 at [Source: (BufferedInputStream); line: 1, column: 109] (through reference chain: au.com.firemarklabs.nt.Note[&quot;content&quot;])
	com.fasterxml.jackson.module.kotlin.KotlinValueInstantiator.createFromObjectWith(KotlinValueInstantiator.kt:107)
	com.fasterxml.jackson.databind.deser.impl.PropertyBasedCreator.build(PropertyBasedCreator.java:195)
	com.fasterxml.jackson.databind.deser.BeanDeserializer._deserializeUsingPropertyBased(BeanDeserializer.java:488)
	com.fasterxml.jackson.databind.deser.BeanDeserializerBase.deserializeFromObjectUsingNonDefault(BeanDeserializerBase.java:1287)
	com.fasterxml.jackson.databind.deser.BeanDeserializer.deserializeFromObject(BeanDeserializer.java:326)
	com.fasterxml.jackson.databind.deser.BeanDeserializer.deserialize(BeanDeserializer.java:159)
	com.fasterxml.jackson.databind.ObjectMapper._readMapAndClose(ObjectMapper.java:4013)
	com.fasterxml.jackson.databind.ObjectMapper.readValue(ObjectMapper.java:3077)
	au.com.firemarklabs.nt.NTClient$insert$$inlined$responseObject$1.deserialize(FuelJackson.kt:59)
	com.github.kittinunf.fuel.core.ResponseDeserializable$DefaultImpls.deserialize(Deserializable.kt:39)
	au.com.firemarklabs.nt.NTClient$insert$$inlined$responseObject$1.deserialize(FuelJackson.kt:36)
	com.github.kittinunf.fuel.core.DeserializableKt.response(Deserializable.kt:176)
	au.com.firemarklabs.nt.NTClient.insert(NTClient.kt:103)
	au.com.firemarklabs.nt.NtClientTest.create a note and retrieve it(NtClientTest.kt:40)
	java.base/jdk.internal.reflect.NativeMethodAccessorImpl.invoke0(Native Method)
	java.base/jdk.internal.reflect.NativeMethodAccessorImpl.invoke(NativeMethodAccessorImpl.java:78)
	java.base/jdk.internal.reflect.DelegatingMethodAccessorImpl.invoke(DelegatingMethodAccessorImpl.java:43)
	java.base/java.lang.reflect.Method.invoke(Method.java:567)
	org.junit.platform.commons.util.ReflectionUtils.invokeMethod(ReflectionUtils.java:686)
	org.junit.jupiter.engine.execution.MethodInvocation.proceed(MethodInvocation.java:60)
	org.junit.jupiter.engine.execution.InvocationInterceptorChain$ValidatingInvocation.proceed(InvocationInterceptorChain.java:131)
	org.junit.jupiter.engine.extension.TimeoutExtension.intercept(TimeoutExtension.java:149)
	org.junit.jupiter.engine.extension.TimeoutExtension.interceptTestableMethod(TimeoutExtension.java:140)
	org.junit.jupiter.engine.extension.TimeoutExtension.interceptTestMethod(TimeoutExtension.java:84)
	org.junit.jupiter.engine.execution.ExecutableInvoker$ReflectiveInterceptorCall.lambda$ofVoidMethod$0(ExecutableInvoker.java:115)
	org.junit.jupiter.engine.execution.ExecutableInvoker.lambda$invoke$0(ExecutableInvoker.java:105)
	org.junit.jupiter.engine.execution.InvocationInterceptorChain$InterceptedInvocation.proceed(InvocationInterceptorChain.java:106)
	org.junit.jupiter.engine.execution.InvocationInterceptorChain.proceed(InvocationInterceptorChain.java:64)
	org.junit.jupiter.engine.execution.InvocationInterceptorChain.chainAndInvoke(InvocationInterceptorChain.java:45)
	org.junit.jupiter.engine.execution.InvocationInterceptorChain.invoke(InvocationInterceptorChain.java:37)
	org.junit.jupiter.engine.execution.ExecutableInvoker.invoke(ExecutableInvoker.java:104)
	org.junit.jupiter.engine.execution.ExecutableInvoker.invoke(ExecutableInvoker.java:98)
	org.junit.jupiter.engine.descriptor.TestMethodTestDescriptor.lambda$invokeTestMethod$6(TestMethodTestDescriptor.java:212)
	org.junit.platform.engine.support.hierarchical.ThrowableCollector.execute(ThrowableCollector.java:73)
	org.junit.jupiter.engine.descriptor.TestMethodTestDescriptor.invokeTestMethod(TestMethodTestDescriptor.java:208)
	org.junit.jupiter.engine.descriptor.TestMethodTestDescriptor.execute(TestMethodTestDescriptor.java:137)
	org.junit.jupiter.engine.descriptor.TestMethodTestDescriptor.execute(TestMethodTestDescriptor.java:71)
	org.junit.platform.engine.support.hierarchical.NodeTestTask.lambda$executeRecursively$5(NodeTestTask.java:135)
	org.junit.platform.engine.support.hierarchical.ThrowableCollector.execute(ThrowableCollector.java:73)
	org.junit.platform.engine.support.hierarchical.NodeTestTask.lambda$executeRecursively$7(NodeTestTask.java:125)
	org.junit.platform.engine.support.hierarchical.Node.around(Node.java:135)
	org.junit.platform.engine.support.hierarchical.NodeTestTask.lambda$executeRecursively$8(NodeTestTask.java:123)
	org.junit.platform.engine.support.hierarchical.ThrowableCollector.execute(ThrowableCollector.java:73)
	org.junit.platform.engine.support.hierarchical.NodeTestTask.executeRecursively(NodeTestTask.java:122)
	org.junit.platform.engine.support.hierarchical.NodeTestTask.execute(NodeTestTask.java:80)
	java.base/java.util.ArrayList.forEach(ArrayList.java:1511)
	org.junit.platform.engine.support.hierarchical.SameThreadHierarchicalTestExecutorService.invokeAll(SameThreadHierarchicalTestExecutorService.java:38)
	org.junit.platform.engine.support.hierarchical.NodeTestTask.lambda$executeRecursively$5(NodeTestTask.java:139)
	org.junit.platform.engine.support.hierarchical.ThrowableCollector.execute(ThrowableCollector.java:73)
	org.junit.platform.engine.support.hierarchical.NodeTestTask.lambda$executeRecursively$7(NodeTestTask.java:125)
	org.junit.platform.engine.support.hierarchical.Node.around(Node.java:135)
	org.junit.platform.engine.support.hierarchical.NodeTestTask.lambda$executeRecursively$8(NodeTestTask.java:123)
	org.junit.platform.engine.support.hierarchical.ThrowableCollector.execute(ThrowableCollector.java:73)
	org.junit.platform.engine.support.hierarchical.NodeTestTask.executeRecursively(NodeTestTask.java:122)
	org.junit.platform.engine.support.hierarchical.NodeTestTask.execute(NodeTestTask.java:80)
	java.base/java.util.ArrayList.forEach(ArrayList.java:1511)
	org.junit.platform.engine.support.hierarchical.SameThreadHierarchicalTestExecutorService.invokeAll(SameThreadHierarchicalTestExecutorService.java:38)
	org.junit.platform.engine.support.hierarchical.NodeTestTask.lambda$executeRecursively$5(NodeTestTask.java:139)
	org.junit.platform.engine.support.hierarchical.ThrowableCollector.execute(ThrowableCollector.java:73)
	org.junit.platform.engine.support.hierarchical.NodeTestTask.lambda$executeRecursively$7(NodeTestTask.java:125)
	org.junit.platform.engine.support.hierarchical.Node.around(Node.java:135)
	org.junit.platform.engine.support.hierarchical.NodeTestTask.lambda$executeRecursively$8(NodeTestTask.java:123)
	org.junit.platform.engine.support.hierarchical.ThrowableCollector.execute(ThrowableCollector.java:73)
	org.junit.platform.engine.support.hierarchical.NodeTestTask.executeRecursively(NodeTestTask.java:122)
	org.junit.platform.engine.support.hierarchical.NodeTestTask.execute(NodeTestTask.java:80)
	org.junit.platform.engine.support.hierarchical.SameThreadHierarchicalTestExecutorService.submit(SameThreadHierarchicalTestExecutorService.java:32)
	org.junit.platform.engine.support.hierarchical.HierarchicalTestExecutor.execute(HierarchicalTestExecutor.java:57)
	org.junit.platform.engine.support.hierarchical.HierarchicalTestEngine.execute(HierarchicalTestEngine.java:51)
	org.junit.platform.launcher.core.EngineExecutionOrchestrator.execute(EngineExecutionOrchestrator.java:108)
	org.junit.platform.launcher.core.EngineExecutionOrchestrator.execute(EngineExecutionOrchestrator.java:88)
	org.junit.platform.launcher.core.EngineExecutionOrchestrator.lambda$execute$0(EngineExecutionOrchestrator.java:54)
	org.junit.platform.launcher.core.EngineExecutionOrchestrator.withInterceptedStreams(EngineExecutionOrchestrator.java:67)
	org.junit.platform.launcher.core.EngineExecutionOrchestrator.execute(EngineExecutionOrchestrator.java:52)
	org.junit.platform.launcher.core.DefaultLauncher.execute(DefaultLauncher.java:96)
	org.junit.platform.launcher.core.DefaultLauncher.execute(DefaultLauncher.java:75)
	org.gradle.api.internal.tasks.testing.junitplatform.JUnitPlatformTestClassProcessor$CollectAllTestClassesExecutor.processAllTestClasses(JUnitPlatformTestClassProcessor.java:99)
	org.gradle.api.internal.tasks.testing.junitplatform.JUnitPlatformTestClassProcessor$CollectAllTestClassesExecutor.access$000(JUnitPlatformTestClassProcessor.java:79)
	org.gradle.api.internal.tasks.testing.junitplatform.JUnitPlatformTestClassProcessor.stop(JUnitPlatformTestClassProcessor.java:75)
	org.gradle.api.internal.tasks.testing.SuiteTestClassProcessor.stop(SuiteTestClassProcessor.java:61)
	java.base/jdk.internal.reflect.NativeMethodAccessorImpl.invoke0(Native Method)
	java.base/jdk.internal.reflect.NativeMethodAccessorImpl.invoke(NativeMethodAccessorImpl.java:78)
	java.base/jdk.internal.reflect.DelegatingMethodAccessorImpl.invoke(DelegatingMethodAccessorImpl.java:43)
	java.base/java.lang.reflect.Method.invoke(Method.java:567)
	org.gradle.internal.dispatch.ReflectionDispatch.dispatch(ReflectionDispatch.java:36)
	org.gradle.internal.dispatch.ReflectionDispatch.dispatch(ReflectionDispatch.java:24)
	org.gradle.internal.dispatch.ContextClassLoaderDispatch.dispatch(ContextClassLoaderDispatch.java:33)
	org.gradle.internal.dispatch.ProxyDispatchAdapter$DispatchingInvocationHandler.invoke(ProxyDispatchAdapter.java:94)
	jdk.proxy1/jdk.proxy1.$Proxy2.stop(Unknown Source)
	org.gradle.api.internal.tasks.testing.worker.TestWorker$3.run(TestWorker.java:193)
	org.gradle.api.internal.tasks.testing.worker.TestWorker.executeAndMaintainThreadName(TestWorker.java:129)
	org.gradle.api.internal.tasks.testing.worker.TestWorker.execute(TestWorker.java:100)
	org.gradle.api.internal.tasks.testing.worker.TestWorker.execute(TestWorker.java:60)
	org.gradle.process.internal.worker.child.ActionExecutionWorker.execute(ActionExecutionWorker.java:56)
	org.gradle.process.internal.worker.child.SystemApplicationClassLoaderWorker.call(SystemApplicationClassLoaderWorker.java:133)
	org.gradle.process.internal.worker.child.SystemApplicationClassLoaderWorker.call(SystemApplicationClassLoaderWorker.java:71)
	worker.org.gradle.process.internal.worker.GradleWorkerMain.run(GradleWorkerMain.java:69)
	worker.org.gradle.process.internal.worker.GradleWorkerMain.main(GradleWorkerMain.java:74)

	at app//com.github.kittinunf.fuel.core.FuelError$Companion.wrap(FuelError.kt:86)
	at app//com.github.kittinunf.fuel.core.DeserializableKt.response(Deserializable.kt:177)
Caused by: com.fasterxml.jackson.module.kotlin.MissingKotlinParameterException: Instantiation of [simple type, class au.com.firemarklabs.nt.Note] value failed for JSON property content due to missing (therefore NULL) value for creator parameter content which is a non-nullable type
 at [Source: (BufferedInputStream); line: 1, column: 109] (through reference chain: au.com.firemarklabs.nt.Note[&quot;content&quot;])
	at app//com.fasterxml.jackson.module.kotlin.KotlinValueInstantiator.createFromObjectWith(KotlinValueInstantiator.kt:107)
	at app//com.fasterxml.jackson.databind.deser.impl.PropertyBasedCreator.build(PropertyBasedCreator.java:195)
	at app//com.fasterxml.jackson.databind.deser.BeanDeserializer._deserializeUsingPropertyBased(BeanDeserializer.java:488)
	at app//com.fasterxml.jackson.databind.deser.BeanDeserializerBase.deserializeFromObjectUsingNonDefault(BeanDeserializerBase.java:1287)
	at app//com.fasterxml.jackson.databind.deser.BeanDeserializer.deserializeFromObject(BeanDeserializer.java:326)
	at app//com.fasterxml.jackson.databind.deser.BeanDeserializer.deserialize(BeanDeserializer.java:159)
	at app//com.fasterxml.jackson.databind.ObjectMapper._readMapAndClose(ObjectMapper.java:4013)
	at app//com.fasterxml.jackson.databind.ObjectMapper.readValue(ObjectMapper.java:3077)
	at app//au.com.firemarklabs.nt.NTClient$insert$$inlined$responseObject$1.deserialize(FuelJackson.kt:59)
	at app//com.github.kittinunf.fuel.core.ResponseDeserializable$DefaultImpls.deserialize(Deserializable.kt:39)
	at app//au.com.firemarklabs.nt.NTClient$insert$$inlined$responseObject$1.deserialize(FuelJackson.kt:36)
	at app//com.github.kittinunf.fuel.core.DeserializableKt.response(Deserializable.kt:176)
	at app//au.com.firemarklabs.nt.NTClient.insert(NTClient.kt:103)
	at app//au.com.firemarklabs.nt.NtClientTest.create a note and retrieve it(NtClientTest.kt:40)
	at java.base@16.0.1/jdk.internal.reflect.NativeMethodAccessorImpl.invoke0(Native Method)
	at java.base@16.0.1/jdk.internal.reflect.NativeMethodAccessorImpl.invoke(NativeMethodAccessorImpl.java:78)
	at java.base@16.0.1/jdk.internal.reflect.DelegatingMethodAccessorImpl.invoke(DelegatingMethodAccessorImpl.java:43)
	at java.base@16.0.1/java.lang.reflect.Method.invoke(Method.java:567)
	at app//org.junit.platform.commons.util.ReflectionUtils.invokeMethod(ReflectionUtils.java:686)
	at app//org.junit.jupiter.engine.execution.MethodInvocation.proceed(MethodInvocation.java:60)
	at app//org.junit.jupiter.engine.execution.InvocationInterceptorChain$ValidatingInvocation.proceed(InvocationInterceptorChain.java:131)
	at app//org.junit.jupiter.engine.extension.TimeoutExtension.intercept(TimeoutExtension.java:149)
	at app//org.junit.jupiter.engine.extension.TimeoutExtension.interceptTestableMethod(TimeoutExtension.java:140)
	at app//org.junit.jupiter.engine.extension.TimeoutExtension.interceptTestMethod(TimeoutExtension.java:84)
	at app//org.junit.jupiter.engine.execution.ExecutableInvoker$ReflectiveInterceptorCall.lambda$ofVoidMethod$0(ExecutableInvoker.java:115)
	at app//org.junit.jupiter.engine.execution.ExecutableInvoker.lambda$invoke$0(ExecutableInvoker.java:105)
	at app//org.junit.jupiter.engine.execution.InvocationInterceptorChain$InterceptedInvocation.proceed(InvocationInterceptorChain.java:106)
	at app//org.junit.jupiter.engine.execution.InvocationInterceptorChain.proceed(InvocationInterceptorChain.java:64)
	at app//org.junit.jupiter.engine.execution.InvocationInterceptorChain.chainAndInvoke(InvocationInterceptorChain.java:45)
	at app//org.junit.jupiter.engine.execution.InvocationInterceptorChain.invoke(InvocationInterceptorChain.java:37)
	at app//org.junit.jupiter.engine.execution.ExecutableInvoker.invoke(ExecutableInvoker.java:104)
	at app//org.junit.jupiter.engine.execution.ExecutableInvoker.invoke(ExecutableInvoker.java:98)
	at app//org.junit.jupiter.engine.descriptor.TestMethodTestDescriptor.lambda$invokeTestMethod$6(TestMethodTestDescriptor.java:212)
	at app//org.junit.platform.engine.support.hierarchical.ThrowableCollector.execute(ThrowableCollector.java:73)
	at app//org.junit.jupiter.engine.descriptor.TestMethodTestDescriptor.invokeTestMethod(TestMethodTestDescriptor.java:208)
	at app//org.junit.jupiter.engine.descriptor.TestMethodTestDescriptor.execute(TestMethodTestDescriptor.java:137)
	at app//org.junit.jupiter.engine.descriptor.TestMethodTestDescriptor.execute(TestMethodTestDescriptor.java:71)
	at app//org.junit.platform.engine.support.hierarchical.NodeTestTask.lambda$executeRecursively$5(NodeTestTask.java:135)
	at app//org.junit.platform.engine.support.hierarchical.ThrowableCollector.execute(ThrowableCollector.java:73)
	at app//org.junit.platform.engine.support.hierarchical.NodeTestTask.lambda$executeRecursively$7(NodeTestTask.java:125)
	at app//org.junit.platform.engine.support.hierarchical.Node.around(Node.java:135)
	at app//org.junit.platform.engine.support.hierarchical.NodeTestTask.lambda$executeRecursively$8(NodeTestTask.java:123)
	at app//org.junit.platform.engine.support.hierarchical.ThrowableCollector.execute(ThrowableCollector.java:73)
	at app//org.junit.platform.engine.support.hierarchical.NodeTestTask.executeRecursively(NodeTestTask.java:122)
	at app//org.junit.platform.engine.support.hierarchical.NodeTestTask.execute(NodeTestTask.java:80)
	at java.base@16.0.1/java.util.ArrayList.forEach(ArrayList.java:1511)
	at app//org.junit.platform.engine.support.hierarchical.SameThreadHierarchicalTestExecutorService.invokeAll(SameThreadHierarchicalTestExecutorService.java:38)
	at app//org.junit.platform.engine.support.hierarchical.NodeTestTask.lambda$executeRecursively$5(NodeTestTask.java:139)
	at app//org.junit.platform.engine.support.hierarchical.ThrowableCollector.execute(ThrowableCollector.java:73)
	at app//org.junit.platform.engine.support.hierarchical.NodeTestTask.lambda$executeRecursively$7(NodeTestTask.java:125)
	at app//org.junit.platform.engine.support.hierarchical.Node.around(Node.java:135)
	at app//org.junit.platform.engine.support.hierarchical.NodeTestTask.lambda$executeRecursively$8(NodeTestTask.java:123)
	at app//org.junit.platform.engine.support.hierarchical.ThrowableCollector.execute(ThrowableCollector.java:73)
	at app//org.junit.platform.engine.support.hierarchical.NodeTestTask.executeRecursively(NodeTestTask.java:122)
	at app//org.junit.platform.engine.support.hierarchical.NodeTestTask.execute(NodeTestTask.java:80)
	at java.base@16.0.1/java.util.ArrayList.forEach(ArrayList.java:1511)
	at app//org.junit.platform.engine.support.hierarchical.SameThreadHierarchicalTestExecutorService.invokeAll(SameThreadHierarchicalTestExecutorService.java:38)
	at app//org.junit.platform.engine.support.hierarchical.NodeTestTask.lambda$executeRecursively$5(NodeTestTask.java:139)
	at app//org.junit.platform.engine.support.hierarchical.ThrowableCollector.execute(ThrowableCollector.java:73)
	at app//org.junit.platform.engine.support.hierarchical.NodeTestTask.lambda$executeRecursively$7(NodeTestTask.java:125)
	at app//org.junit.platform.engine.support.hierarchical.Node.around(Node.java:135)
	at app//org.junit.platform.engine.support.hierarchical.NodeTestTask.lambda$executeRecursively$8(NodeTestTask.java:123)
	at app//org.junit.platform.engine.support.hierarchical.ThrowableCollector.execute(ThrowableCollector.java:73)
	at app//org.junit.platform.engine.support.hierarchical.NodeTestTask.executeRecursively(NodeTestTask.java:122)
	at app//org.junit.platform.engine.support.hierarchical.NodeTestTask.execute(NodeTestTask.java:80)
	at app//org.junit.platform.engine.support.hierarchical.SameThreadHierarchicalTestExecutorService.submit(SameThreadHierarchicalTestExecutorService.java:32)
	at app//org.junit.platform.engine.support.hierarchical.HierarchicalTestExecutor.execute(HierarchicalTestExecutor.java:57)
	at app//org.junit.platform.engine.support.hierarchical.HierarchicalTestEngine.execute(HierarchicalTestEngine.java:51)
	at org.junit.platform.launcher.core.EngineExecutionOrchestrator.execute(EngineExecutionOrchestrator.java:108)
	at org.junit.platform.launcher.core.EngineExecutionOrchestrator.execute(EngineExecutionOrchestrator.java:88)
	at org.junit.platform.launcher.core.EngineExecutionOrchestrator.lambda$execute$0(EngineExecutionOrchestrator.java:54)
	at org.junit.platform.launcher.core.EngineExecutionOrchestrator.withInterceptedStreams(EngineExecutionOrchestrator.java:67)
	at org.junit.platform.launcher.core.EngineExecutionOrchestrator.execute(EngineExecutionOrchestrator.java:52)
	at org.junit.platform.launcher.core.DefaultLauncher.execute(DefaultLauncher.java:96)
	at org.junit.platform.launcher.core.DefaultLauncher.execute(DefaultLauncher.java:75)
	at org.gradle.api.internal.tasks.testing.junitplatform.JUnitPlatformTestClassProcessor$CollectAllTestClassesExecutor.processAllTestClasses(JUnitPlatformTestClassProcessor.java:99)
	at org.gradle.api.internal.tasks.testing.junitplatform.JUnitPlatformTestClassProcessor$CollectAllTestClassesExecutor.access$000(JUnitPlatformTestClassProcessor.java:79)
	at org.gradle.api.internal.tasks.testing.junitplatform.JUnitPlatformTestClassProcessor.stop(JUnitPlatformTestClassProcessor.java:75)
	at org.gradle.api.internal.tasks.testing.SuiteTestClassProcessor.stop(SuiteTestClassProcessor.java:61)
	at java.base@16.0.1/jdk.internal.reflect.NativeMethodAccessorImpl.invoke0(Native Method)
	at java.base@16.0.1/jdk.internal.reflect.NativeMethodAccessorImpl.invoke(NativeMethodAccessorImpl.java:78)
	at java.base@16.0.1/jdk.internal.reflect.DelegatingMethodAccessorImpl.invoke(DelegatingMethodAccessorImpl.java:43)
	at java.base@16.0.1/java.lang.reflect.Method.invoke(Method.java:567)
	at org.gradle.internal.dispatch.ReflectionDispatch.dispatch(ReflectionDispatch.java:36)
	at org.gradle.internal.dispatch.ReflectionDispatch.dispatch(ReflectionDispatch.java:24)
	at org.gradle.internal.dispatch.ContextClassLoaderDispatch.dispatch(ContextClassLoaderDispatch.java:33)
	at org.gradle.internal.dispatch.ProxyDispatchAdapter$DispatchingInvocationHandler.invoke(ProxyDispatchAdapter.java:94)
	at jdk.proxy1/jdk.proxy1.$Proxy2.stop(Unknown Source)
	at org.gradle.api.internal.tasks.testing.worker.TestWorker$3.run(TestWorker.java:193)
	at org.gradle.api.internal.tasks.testing.worker.TestWorker.executeAndMaintainThreadName(TestWorker.java:129)
	at org.gradle.api.internal.tasks.testing.worker.TestWorker.execute(TestWorker.java:100)
	at org.gradle.api.internal.tasks.testing.worker.TestWorker.execute(TestWorker.java:60)
	at org.gradle.process.internal.worker.child.ActionExecutionWorker.execute(ActionExecutionWorker.java:56)
	at org.gradle.process.internal.worker.child.SystemApplicationClassLoaderWorker.call(SystemApplicationClassLoaderWorker.java:133)
	at org.gradle.process.internal.worker.child.SystemApplicationClassLoaderWorker.call(SystemApplicationClassLoaderWorker.java:71)
	at app//worker.org.gradle.process.internal.worker.GradleWorkerMain.run(GradleWorkerMain.java:69)
	at app//worker.org.gradle.process.internal.worker.GradleWorkerMain.main(GradleWorkerMain.java:74)
</failure>
  </testcase>
  <testcase name="get the tags()" classname="au.com.firemarklabs.nt.NtClientTest" time="0.027">
    <failure message="HTTP Exception 404 Not Found&#13;&#10;&#9;com.github.kittinunf.fuel.core.FuelError$Companion.wrap(FuelError.kt:84)&#10;&#9;com.github.kittinunf.fuel.core.DeserializableKt.response(Deserializable.kt:169)&#10;&#9;au.com.firemarklabs.nt.NTClient.funny(NTClient.kt:73)&#10;&#9;au.com.firemarklabs.nt.NtClientTest.get the tags(NtClientTest.kt:55)&#10;&#9;java.base/jdk.internal.reflect.NativeMethodAccessorImpl.invoke0(Native Method)&#10;&#9;java.base/jdk.internal.reflect.NativeMethodAccessorImpl.invoke(NativeMethodAccessorImpl.java:78)&#10;&#9;java.base/jdk.internal.reflect.DelegatingMethodAccessorImpl.invoke(DelegatingMethodAccessorImpl.java:43)&#10;&#9;java.base/java.lang.reflect.Method.invoke(Method.java:567)&#10;&#9;org.junit.platform.commons.util.ReflectionUtils.invokeMethod(ReflectionUtils.java:686)&#10;&#9;org.junit.jupiter.engine.execution.MethodInvocation.proceed(MethodInvocation.java:60)&#10;&#9;org.junit.jupiter.engine.execution.InvocationInterceptorChain$ValidatingInvocation.proceed(InvocationInterceptorChain.java:131)&#10;&#9;org.junit.jupiter.engine.extension.TimeoutExtension.intercept(TimeoutExtension.java:149)&#10;&#9;org.junit.jupiter.engine.extension.TimeoutExtension.interceptTestableMethod(TimeoutExtension.java:140)&#10;&#9;org.junit.jupiter.engine.extension.TimeoutExtension.interceptTestMethod(TimeoutExtension.java:84)&#10;&#9;org.junit.jupiter.engine.execution.ExecutableInvoker$ReflectiveInterceptorCall.lambda$ofVoidMethod$0(ExecutableInvoker.java:115)&#10;&#9;org.junit.jupiter.engine.execution.ExecutableInvoker.lambda$invoke$0(ExecutableInvoker.java:105)&#10;&#9;org.junit.jupiter.engine.execution.InvocationInterceptorChain$InterceptedInvocation.proceed(InvocationInterceptorChain.java:106)&#10;&#9;org.junit.jupiter.engine.execution.InvocationInterceptorChain.proceed(InvocationInterceptorChain.java:64)&#10;&#9;org.junit.jupiter.engine.execution.InvocationInterceptorChain.chainAndInvoke(InvocationInterceptorChain.java:45)&#10;&#9;org.junit.jupiter.engine.execution.InvocationInterceptorChain.invoke(InvocationInterceptorChain.java:37)&#10;&#9;org.junit.jupiter.engine.execution.ExecutableInvoker.invoke(ExecutableInvoker.java:104)&#10;&#9;org.junit.jupiter.engine.execution.ExecutableInvoker.invoke(ExecutableInvoker.java:98)&#10;&#9;org.junit.jupiter.engine.descriptor.TestMethodTestDescriptor.lambda$invokeTestMethod$6(TestMethodTestDescriptor.java:212)&#10;&#9;org.junit.platform.engine.support.hierarchical.ThrowableCollector.execute(ThrowableCollector.java:73)&#10;&#9;org.junit.jupiter.engine.descriptor.TestMethodTestDescriptor.invokeTestMethod(TestMethodTestDescriptor.java:208)&#10;&#9;org.junit.jupiter.engine.descriptor.TestMethodTestDescriptor.execute(TestMethodTestDescriptor.java:137)&#10;&#9;org.junit.jupiter.engine.descriptor.TestMethodTestDescriptor.execute(TestMethodTestDescriptor.java:71)&#10;&#9;org.junit.platform.engine.support.hierarchical.NodeTestTask.lambda$executeRecursively$5(NodeTestTask.java:135)&#10;&#9;org.junit.platform.engine.support.hierarchical.ThrowableCollector.execute(ThrowableCollector.java:73)&#10;&#9;org.junit.platform.engine.support.hierarchical.NodeTestTask.lambda$executeRecursively$7(NodeTestTask.java:125)&#10;&#9;org.junit.platform.engine.support.hierarchical.Node.around(Node.java:135)&#10;&#9;org.junit.platform.engine.support.hierarchical.NodeTestTask.lambda$executeRecursively$8(NodeTestTask.java:123)&#10;&#9;org.junit.platform.engine.support.hierarchical.ThrowableCollector.execute(ThrowableCollector.java:73)&#10;&#9;org.junit.platform.engine.support.hierarchical.NodeTestTask.executeRecursively(NodeTestTask.java:122)&#10;&#9;org.junit.platform.engine.support.hierarchical.NodeTestTask.execute(NodeTestTask.java:80)&#10;&#9;java.base/java.util.ArrayList.forEach(ArrayList.java:1511)&#10;&#9;org.junit.platform.engine.support.hierarchical.SameThreadHierarchicalTestExecutorService.invokeAll(SameThreadHierarchicalTestExecutorService.java:38)&#10;&#9;org.junit.platform.engine.support.hierarchical.NodeTestTask.lambda$executeRecursively$5(NodeTestTask.java:139)&#10;&#9;org.junit.platform.engine.support.hierarchical.ThrowableCollector.execute(ThrowableCollector.java:73)&#10;&#9;org.junit.platform.engine.support.hierarchical.NodeTestTask.lambda$executeRecursively$7(NodeTestTask.java:125)&#10;&#9;org.junit.platform.engine.support.hierarchical.Node.around(Node.java:135)&#10;&#9;org.junit.platform.engine.support.hierarchical.NodeTestTask.lambda$executeRecursively$8(NodeTestTask.java:123)&#10;&#9;org.junit.platform.engine.support.hierarchical.ThrowableCollector.execute(ThrowableCollector.java:73)&#10;&#9;org.junit.platform.engine.support.hierarchical.NodeTestTask.executeRecursively(NodeTestTask.java:122)&#10;&#9;org.junit.platform.engine.support.hierarchical.NodeTestTask.execute(NodeTestTask.java:80)&#10;&#9;java.base/java.util.ArrayList.forEach(ArrayList.java:1511)&#10;&#9;org.junit.platform.engine.support.hierarchical.SameThreadHierarchicalTestExecutorService.invokeAll(SameThreadHierarchicalTestExecutorService.java:38)&#10;&#9;org.junit.platform.engine.support.hierarchical.NodeTestTask.lambda$executeRecursively$5(NodeTestTask.java:139)&#10;&#9;org.junit.platform.engine.support.hierarchical.ThrowableCollector.execute(ThrowableCollector.java:73)&#10;&#9;org.junit.platform.engine.support.hierarchical.NodeTestTask.lambda$executeRecursively$7(NodeTestTask.java:125)&#10;&#9;org.junit.platform.engine.support.hierarchical.Node.around(Node.java:135)&#10;&#9;org.junit.platform.engine.support.hierarchical.NodeTestTask.lambda$executeRecursively$8(NodeTestTask.java:123)&#10;&#9;org.junit.platform.engine.support.hierarchical.ThrowableCollector.execute(ThrowableCollector.java:73)&#10;&#9;org.junit.platform.engine.support.hierarchical.NodeTestTask.executeRecursively(NodeTestTask.java:122)&#10;&#9;org.junit.platform.engine.support.hierarchical.NodeTestTask.execute(NodeTestTask.java:80)&#10;&#9;org.junit.platform.engine.support.hierarchical.SameThreadHierarchicalTestExecutorService.submit(SameThreadHierarchicalTestExecutorService.java:32)&#10;&#9;org.junit.platform.engine.support.hierarchical.HierarchicalTestExecutor.execute(HierarchicalTestExecutor.java:57)&#10;&#9;org.junit.platform.engine.support.hierarchical.HierarchicalTestEngine.execute(HierarchicalTestEngine.java:51)&#10;&#9;org.junit.platform.launcher.core.EngineExecutionOrchestrator.execute(EngineExecutionOrchestrator.java:108)&#10;&#9;org.junit.platform.launcher.core.EngineExecutionOrchestrator.execute(EngineExecutionOrchestrator.java:88)&#10;&#9;org.junit.platform.launcher.core.EngineExecutionOrchestrator.lambda$execute$0(EngineExecutionOrchestrator.java:54)&#10;&#9;org.junit.platform.launcher.core.EngineExecutionOrchestrator.withInterceptedStreams(EngineExecutionOrchestrator.java:67)&#10;&#9;org.junit.platform.launcher.core.EngineExecutionOrchestrator.execute(EngineExecutionOrchestrator.java:52)&#10;&#9;org.junit.platform.launcher.core.DefaultLauncher.execute(DefaultLauncher.java:96)&#10;&#9;org.junit.platform.launcher.core.DefaultLauncher.execute(DefaultLauncher.java:75)&#10;&#9;org.gradle.api.internal.tasks.testing.junitplatform.JUnitPlatformTestClassProcessor$CollectAllTestClassesExecutor.processAllTestClasses(JUnitPlatformTestClassProcessor.java:99)&#10;&#9;org.gradle.api.internal.tasks.testing.junitplatform.JUnitPlatformTestClassProcessor$CollectAllTestClassesExecutor.access$000(JUnitPlatformTestClassProcessor.java:79)&#10;&#9;org.gradle.api.internal.tasks.testing.junitplatform.JUnitPlatformTestClassProcessor.stop(JUnitPlatformTestClassProcessor.java:75)&#10;&#9;org.gradle.api.internal.tasks.testing.SuiteTestClassProcessor.stop(SuiteTestClassProcessor.java:61)&#10;&#9;java.base/jdk.internal.reflect.NativeMethodAccessorImpl.invoke0(Native Method)&#10;&#9;java.base/jdk.internal.reflect.NativeMethodAccessorImpl.invoke(NativeMethodAccessorImpl.java:78)&#10;&#9;java.base/jdk.internal.reflect.DelegatingMethodAccessorImpl.invoke(DelegatingMethodAccessorImpl.java:43)&#10;&#9;java.base/java.lang.reflect.Method.invoke(Method.java:567)&#10;&#9;org.gradle.internal.dispatch.ReflectionDispatch.dispatch(ReflectionDispatch.java:36)&#10;&#9;org.gradle.internal.dispatch.ReflectionDispatch.dispatch(ReflectionDispatch.java:24)&#10;&#9;org.gradle.internal.dispatch.ContextClassLoaderDispatch.dispatch(ContextClassLoaderDispatch.java:33)&#10;&#9;org.gradle.internal.dispatch.ProxyDispatchAdapter$DispatchingInvocationHandler.invoke(ProxyDispatchAdapter.java:94)&#10;&#9;jdk.proxy1/jdk.proxy1.$Proxy2.stop(Unknown Source)&#10;&#9;org.gradle.api.internal.tasks.testing.worker.TestWorker$3.run(TestWorker.java:193)&#10;&#9;org.gradle.api.internal.tasks.testing.worker.TestWorker.executeAndMaintainThreadName(TestWorker.java:129)&#10;&#9;org.gradle.api.internal.tasks.testing.worker.TestWorker.execute(TestWorker.java:100)&#10;&#9;org.gradle.api.internal.tasks.testing.worker.TestWorker.execute(TestWorker.java:60)&#10;&#9;org.gradle.process.internal.worker.child.ActionExecutionWorker.execute(ActionExecutionWorker.java:56)&#10;&#9;org.gradle.process.internal.worker.child.SystemApplicationClassLoaderWorker.call(SystemApplicationClassLoaderWorker.java:133)&#10;&#9;org.gradle.process.internal.worker.child.SystemApplicationClassLoaderWorker.call(SystemApplicationClassLoaderWorker.java:71)&#10;&#9;worker.org.gradle.process.internal.worker.GradleWorkerMain.run(GradleWorkerMain.java:69)&#10;&#9;worker.org.gradle.process.internal.worker.GradleWorkerMain.main(GradleWorkerMain.java:74)&#10;Caused by: HTTP Exception 404 Not Found&#13;&#10;&#9;com.github.kittinunf.fuel.core.FuelError$Companion.wrap(FuelError.kt:86)&#10;Caused by: com.github.kittinunf.fuel.core.HttpException: HTTP Exception 404 Not Found&#10;&#9;com.github.kittinunf.fuel.core.requests.RequestTask.prepareResponse(RequestTask.kt:35)&#10;&#9;com.github.kittinunf.fuel.core.requests.RequestTask.call(RequestTask.kt:47)&#10;&#9;com.github.kittinunf.fuel.core.requests.RequestTask.call(RequestTask.kt:14)&#10;&#9;com.github.kittinunf.fuel.core.DeserializableKt.response(Deserializable.kt:167)&#10;&#9;au.com.firemarklabs.nt.NTClient.funny(NTClient.kt:73)&#10;&#9;au.com.firemarklabs.nt.NtClientTest.get the tags(NtClientTest.kt:55)&#10;&#9;java.base/jdk.internal.reflect.NativeMethodAccessorImpl.invoke0(Native Method)&#10;&#9;java.base/jdk.internal.reflect.NativeMethodAccessorImpl.invoke(NativeMethodAccessorImpl.java:78)&#10;&#9;java.base/jdk.internal.reflect.DelegatingMethodAccessorImpl.invoke(DelegatingMethodAccessorImpl.java:43)&#10;&#9;java.base/java.lang.reflect.Method.invoke(Method.java:567)&#10;&#9;org.junit.platform.commons.util.ReflectionUtils.invokeMethod(ReflectionUtils.java:686)&#10;&#9;org.junit.jupiter.engine.execution.MethodInvocation.proceed(MethodInvocation.java:60)&#10;&#9;org.junit.jupiter.engine.execution.InvocationInterceptorChain$ValidatingInvocation.proceed(InvocationInterceptorChain.java:131)&#10;&#9;org.junit.jupiter.engine.extension.TimeoutExtension.intercept(TimeoutExtension.java:149)&#10;&#9;org.junit.jupiter.engine.extension.TimeoutExtension.interceptTestableMethod(TimeoutExtension.java:140)&#10;&#9;org.junit.jupiter.engine.extension.TimeoutExtension.interceptTestMethod(TimeoutExtension.java:84)&#10;&#9;org.junit.jupiter.engine.execution.ExecutableInvoker$ReflectiveInterceptorCall.lambda$ofVoidMethod$0(ExecutableInvoker.java:115)&#10;&#9;org.junit.jupiter.engine.execution.ExecutableInvoker.lambda$invoke$0(ExecutableInvoker.java:105)&#10;&#9;org.junit.jupiter.engine.execution.InvocationInterceptorChain$InterceptedInvocation.proceed(InvocationInterceptorChain.java:106)&#10;&#9;org.junit.jupiter.engine.execution.InvocationInterceptorChain.proceed(InvocationInterceptorChain.java:64)&#10;&#9;org.junit.jupiter.engine.execution.InvocationInterceptorChain.chainAndInvoke(InvocationInterceptorChain.java:45)&#10;&#9;org.junit.jupiter.engine.execution.InvocationInterceptorChain.invoke(InvocationInterceptorChain.java:37)&#10;&#9;org.junit.jupiter.engine.execution.ExecutableInvoker.invoke(ExecutableInvoker.java:104)&#10;&#9;org.junit.jupiter.engine.execution.ExecutableInvoker.invoke(ExecutableInvoker.java:98)&#10;&#9;org.junit.jupiter.engine.descriptor.TestMethodTestDescriptor.lambda$invokeTestMethod$6(TestMethodTestDescriptor.java:212)&#10;&#9;org.junit.platform.engine.support.hierarchical.ThrowableCollector.execute(ThrowableCollector.java:73)&#10;&#9;org.junit.jupiter.engine.descriptor.TestMethodTestDescriptor.invokeTestMethod(TestMethodTestDescriptor.java:208)&#10;&#9;org.junit.jupiter.engine.descriptor.TestMethodTestDescriptor.execute(TestMethodTestDescriptor.java:137)&#10;&#9;org.junit.jupiter.engine.descriptor.TestMethodTestDescriptor.execute(TestMethodTestDescriptor.java:71)&#10;&#9;org.junit.platform.engine.support.hierarchical.NodeTestTask.lambda$executeRecursively$5(NodeTestTask.java:135)&#10;&#9;org.junit.platform.engine.support.hierarchical.ThrowableCollector.execute(ThrowableCollector.java:73)&#10;&#9;org.junit.platform.engine.support.hierarchical.NodeTestTask.lambda$executeRecursively$7(NodeTestTask.java:125)&#10;&#9;org.junit.platform.engine.support.hierarchical.Node.around(Node.java:135)&#10;&#9;org.junit.platform.engine.support.hierarchical.NodeTestTask.lambda$executeRecursively$8(NodeTestTask.java:123)&#10;&#9;org.junit.platform.engine.support.hierarchical.ThrowableCollector.execute(ThrowableCollector.java:73)&#10;&#9;org.junit.platform.engine.support.hierarchical.NodeTestTask.executeRecursively(NodeTestTask.java:122)&#10;&#9;org.junit.platform.engine.support.hierarchical.NodeTestTask.execute(NodeTestTask.java:80)&#10;&#9;java.base/java.util.ArrayList.forEach(ArrayList.java:1511)&#10;&#9;org.junit.platform.engine.support.hierarchical.SameThreadHierarchicalTestExecutorService.invokeAll(SameThreadHierarchicalTestExecutorService.java:38)&#10;&#9;org.junit.platform.engine.support.hierarchical.NodeTestTask.lambda$executeRecursively$5(NodeTestTask.java:139)&#10;&#9;org.junit.platform.engine.support.hierarchical.ThrowableCollector.execute(ThrowableCollector.java:73)&#10;&#9;org.junit.platform.engine.support.hierarchical.NodeTestTask.lambda$executeRecursively$7(NodeTestTask.java:125)&#10;&#9;org.junit.platform.engine.support.hierarchical.Node.around(Node.java:135)&#10;&#9;org.junit.platform.engine.support.hierarchical.NodeTestTask.lambda$executeRecursively$8(NodeTestTask.java:123)&#10;&#9;org.junit.platform.engine.support.hierarchical.ThrowableCollector.execute(ThrowableCollector.java:73)&#10;&#9;org.junit.platform.engine.support.hierarchical.NodeTestTask.executeRecursively(NodeTestTask.java:122)&#10;&#9;org.junit.platform.engine.support.hierarchical.NodeTestTask.execute(NodeTestTask.java:80)&#10;&#9;java.base/java.util.ArrayList.forEach(ArrayList.java:1511)&#10;&#9;org.junit.platform.engine.support.hierarchical.SameThreadHierarchicalTestExecutorService.invokeAll(SameThreadHierarchicalTestExecutorService.java:38)&#10;&#9;org.junit.platform.engine.support.hierarchical.NodeTestTask.lambda$executeRecursively$5(NodeTestTask.java:139)&#10;&#9;org.junit.platform.engine.support.hierarchical.ThrowableCollector.execute(ThrowableCollector.java:73)&#10;&#9;org.junit.platform.engine.support.hierarchical.NodeTestTask.lambda$executeRecursively$7(NodeTestTask.java:125)&#10;&#9;org.junit.platform.engine.support.hierarchical.Node.around(Node.java:135)&#10;&#9;org.junit.platform.engine.support.hierarchical.NodeTestTask.lambda$executeRecursively$8(NodeTestTask.java:123)&#10;&#9;org.junit.platform.engine.support.hierarchical.ThrowableCollector.execute(ThrowableCollector.java:73)&#10;&#9;org.junit.platform.engine.support.hierarchical.NodeTestTask.executeRecursively(NodeTestTask.java:122)&#10;&#9;org.junit.platform.engine.support.hierarchical.NodeTestTask.execute(NodeTestTask.java:80)&#10;&#9;org.junit.platform.engine.support.hierarchical.SameThreadHierarchicalTestExecutorService.submit(SameThreadHierarchicalTestExecutorService.java:32)&#10;&#9;org.junit.platform.engine.support.hierarchical.HierarchicalTestExecutor.execute(HierarchicalTestExecutor.java:57)&#10;&#9;org.junit.platform.engine.support.hierarchical.HierarchicalTestEngine.execute(HierarchicalTestEngine.java:51)&#10;&#9;org.junit.platform.launcher.core.EngineExecutionOrchestrator.execute(EngineExecutionOrchestrator.java:108)&#10;&#9;org.junit.platform.launcher.core.EngineExecutionOrchestrator.execute(EngineExecutionOrchestrator.java:88)&#10;&#9;org.junit.platform.launcher.core.EngineExecutionOrchestrator.lambda$execute$0(EngineExecutionOrchestrator.java:54)&#10;&#9;org.junit.platform.launcher.core.EngineExecutionOrchestrator.withInterceptedStreams(EngineExecutionOrchestrator.java:67)&#10;&#9;org.junit.platform.launcher.core.EngineExecutionOrchestrator.execute(EngineExecutionOrchestrator.java:52)&#10;&#9;org.junit.platform.launcher.core.DefaultLauncher.execute(DefaultLauncher.java:96)&#10;&#9;org.junit.platform.launcher.core.DefaultLauncher.execute(DefaultLauncher.java:75)&#10;&#9;org.gradle.api.internal.tasks.testing.junitplatform.JUnitPlatformTestClassProcessor$CollectAllTestClassesExecutor.processAllTestClasses(JUnitPlatformTestClassProcessor.java:99)&#10;&#9;org.gradle.api.internal.tasks.testing.junitplatform.JUnitPlatformTestClassProcessor$CollectAllTestClassesExecutor.access$000(JUnitPlatformTestClassProcessor.java:79)&#10;&#9;org.gradle.api.internal.tasks.testing.junitplatform.JUnitPlatformTestClassProcessor.stop(JUnitPlatformTestClassProcessor.java:75)&#10;&#9;org.gradle.api.internal.tasks.testing.SuiteTestClassProcessor.stop(SuiteTestClassProcessor.java:61)&#10;&#9;java.base/jdk.internal.reflect.NativeMethodAccessorImpl.invoke0(Native Method)&#10;&#9;java.base/jdk.internal.reflect.NativeMethodAccessorImpl.invoke(NativeMethodAccessorImpl.java:78)&#10;&#9;java.base/jdk.internal.reflect.DelegatingMethodAccessorImpl.invoke(DelegatingMethodAccessorImpl.java:43)&#10;&#9;java.base/java.lang.reflect.Method.invoke(Method.java:567)&#10;&#9;org.gradle.internal.dispatch.ReflectionDispatch.dispatch(ReflectionDispatch.java:36)&#10;&#9;org.gradle.internal.dispatch.ReflectionDispatch.dispatch(ReflectionDispatch.java:24)&#10;&#9;org.gradle.internal.dispatch.ContextClassLoaderDispatch.dispatch(ContextClassLoaderDispatch.java:33)&#10;&#9;org.gradle.internal.dispatch.ProxyDispatchAdapter$DispatchingInvocationHandler.invoke(ProxyDispatchAdapter.java:94)&#10;&#9;jdk.proxy1/jdk.proxy1.$Proxy2.stop(Unknown Source)&#10;&#9;org.gradle.api.internal.tasks.testing.worker.TestWorker$3.run(TestWorker.java:193)&#10;&#9;org.gradle.api.internal.tasks.testing.worker.TestWorker.executeAndMaintainThreadName(TestWorker.java:129)&#10;&#9;org.gradle.api.internal.tasks.testing.worker.TestWorker.execute(TestWorker.java:100)&#10;&#9;org.gradle.api.internal.tasks.testing.worker.TestWorker.execute(TestWorker.java:60)&#10;&#9;org.gradle.process.internal.worker.child.ActionExecutionWorker.execute(ActionExecutionWorker.java:56)&#10;&#9;org.gradle.process.internal.worker.child.SystemApplicationClassLoaderWorker.call(SystemApplicationClassLoaderWorker.java:133)&#10;&#9;org.gradle.process.internal.worker.child.SystemApplicationClassLoaderWorker.call(SystemApplicationClassLoaderWorker.java:71)&#10;&#9;worker.org.gradle.process.internal.worker.GradleWorkerMain.run(GradleWorkerMain.java:69)&#10;&#9;worker.org.gradle.process.internal.worker.GradleWorkerMain.main(GradleWorkerMain.java:74)&#10;&#10;" type="com.github.kittinunf.fuel.core.BubbleFuelError">HTTP Exception 404 Not Found
	com.github.kittinunf.fuel.core.FuelError$Companion.wrap(FuelError.kt:84)
	com.github.kittinunf.fuel.core.DeserializableKt.response(Deserializable.kt:169)
	au.com.firemarklabs.nt.NTClient.funny(NTClient.kt:73)
	au.com.firemarklabs.nt.NtClientTest.get the tags(NtClientTest.kt:55)
	java.base/jdk.internal.reflect.NativeMethodAccessorImpl.invoke0(Native Method)
	java.base/jdk.internal.reflect.NativeMethodAccessorImpl.invoke(NativeMethodAccessorImpl.java:78)
	java.base/jdk.internal.reflect.DelegatingMethodAccessorImpl.invoke(DelegatingMethodAccessorImpl.java:43)
	java.base/java.lang.reflect.Method.invoke(Method.java:567)
	org.junit.platform.commons.util.ReflectionUtils.invokeMethod(ReflectionUtils.java:686)
	org.junit.jupiter.engine.execution.MethodInvocation.proceed(MethodInvocation.java:60)
	org.junit.jupiter.engine.execution.InvocationInterceptorChain$ValidatingInvocation.proceed(InvocationInterceptorChain.java:131)
	org.junit.jupiter.engine.extension.TimeoutExtension.intercept(TimeoutExtension.java:149)
	org.junit.jupiter.engine.extension.TimeoutExtension.interceptTestableMethod(TimeoutExtension.java:140)
	org.junit.jupiter.engine.extension.TimeoutExtension.interceptTestMethod(TimeoutExtension.java:84)
	org.junit.jupiter.engine.execution.ExecutableInvoker$ReflectiveInterceptorCall.lambda$ofVoidMethod$0(ExecutableInvoker.java:115)
	org.junit.jupiter.engine.execution.ExecutableInvoker.lambda$invoke$0(ExecutableInvoker.java:105)
	org.junit.jupiter.engine.execution.InvocationInterceptorChain$InterceptedInvocation.proceed(InvocationInterceptorChain.java:106)
	org.junit.jupiter.engine.execution.InvocationInterceptorChain.proceed(InvocationInterceptorChain.java:64)
	org.junit.jupiter.engine.execution.InvocationInterceptorChain.chainAndInvoke(InvocationInterceptorChain.java:45)
	org.junit.jupiter.engine.execution.InvocationInterceptorChain.invoke(InvocationInterceptorChain.java:37)
	org.junit.jupiter.engine.execution.ExecutableInvoker.invoke(ExecutableInvoker.java:104)
	org.junit.jupiter.engine.execution.ExecutableInvoker.invoke(ExecutableInvoker.java:98)
	org.junit.jupiter.engine.descriptor.TestMethodTestDescriptor.lambda$invokeTestMethod$6(TestMethodTestDescriptor.java:212)
	org.junit.platform.engine.support.hierarchical.ThrowableCollector.execute(ThrowableCollector.java:73)
	org.junit.jupiter.engine.descriptor.TestMethodTestDescriptor.invokeTestMethod(TestMethodTestDescriptor.java:208)
	org.junit.jupiter.engine.descriptor.TestMethodTestDescriptor.execute(TestMethodTestDescriptor.java:137)
	org.junit.jupiter.engine.descriptor.TestMethodTestDescriptor.execute(TestMethodTestDescriptor.java:71)
	org.junit.platform.engine.support.hierarchical.NodeTestTask.lambda$executeRecursively$5(NodeTestTask.java:135)
	org.junit.platform.engine.support.hierarchical.ThrowableCollector.execute(ThrowableCollector.java:73)
	org.junit.platform.engine.support.hierarchical.NodeTestTask.lambda$executeRecursively$7(NodeTestTask.java:125)
	org.junit.platform.engine.support.hierarchical.Node.around(Node.java:135)
	org.junit.platform.engine.support.hierarchical.NodeTestTask.lambda$executeRecursively$8(NodeTestTask.java:123)
	org.junit.platform.engine.support.hierarchical.ThrowableCollector.execute(ThrowableCollector.java:73)
	org.junit.platform.engine.support.hierarchical.NodeTestTask.executeRecursively(NodeTestTask.java:122)
	org.junit.platform.engine.support.hierarchical.NodeTestTask.execute(NodeTestTask.java:80)
	java.base/java.util.ArrayList.forEach(ArrayList.java:1511)
	org.junit.platform.engine.support.hierarchical.SameThreadHierarchicalTestExecutorService.invokeAll(SameThreadHierarchicalTestExecutorService.java:38)
	org.junit.platform.engine.support.hierarchical.NodeTestTask.lambda$executeRecursively$5(NodeTestTask.java:139)
	org.junit.platform.engine.support.hierarchical.ThrowableCollector.execute(ThrowableCollector.java:73)
	org.junit.platform.engine.support.hierarchical.NodeTestTask.lambda$executeRecursively$7(NodeTestTask.java:125)
	org.junit.platform.engine.support.hierarchical.Node.around(Node.java:135)
	org.junit.platform.engine.support.hierarchical.NodeTestTask.lambda$executeRecursively$8(NodeTestTask.java:123)
	org.junit.platform.engine.support.hierarchical.ThrowableCollector.execute(ThrowableCollector.java:73)
	org.junit.platform.engine.support.hierarchical.NodeTestTask.executeRecursively(NodeTestTask.java:122)
	org.junit.platform.engine.support.hierarchical.NodeTestTask.execute(NodeTestTask.java:80)
	java.base/java.util.ArrayList.forEach(ArrayList.java:1511)
	org.junit.platform.engine.support.hierarchical.SameThreadHierarchicalTestExecutorService.invokeAll(SameThreadHierarchicalTestExecutorService.java:38)
	org.junit.platform.engine.support.hierarchical.NodeTestTask.lambda$executeRecursively$5(NodeTestTask.java:139)
	org.junit.platform.engine.support.hierarchical.ThrowableCollector.execute(ThrowableCollector.java:73)
	org.junit.platform.engine.support.hierarchical.NodeTestTask.lambda$executeRecursively$7(NodeTestTask.java:125)
	org.junit.platform.engine.support.hierarchical.Node.around(Node.java:135)
	org.junit.platform.engine.support.hierarchical.NodeTestTask.lambda$executeRecursively$8(NodeTestTask.java:123)
	org.junit.platform.engine.support.hierarchical.ThrowableCollector.execute(ThrowableCollector.java:73)
	org.junit.platform.engine.support.hierarchical.NodeTestTask.executeRecursively(NodeTestTask.java:122)
	org.junit.platform.engine.support.hierarchical.NodeTestTask.execute(NodeTestTask.java:80)
	org.junit.platform.engine.support.hierarchical.SameThreadHierarchicalTestExecutorService.submit(SameThreadHierarchicalTestExecutorService.java:32)
	org.junit.platform.engine.support.hierarchical.HierarchicalTestExecutor.execute(HierarchicalTestExecutor.java:57)
	org.junit.platform.engine.support.hierarchical.HierarchicalTestEngine.execute(HierarchicalTestEngine.java:51)
	org.junit.platform.launcher.core.EngineExecutionOrchestrator.execute(EngineExecutionOrchestrator.java:108)
	org.junit.platform.launcher.core.EngineExecutionOrchestrator.execute(EngineExecutionOrchestrator.java:88)
	org.junit.platform.launcher.core.EngineExecutionOrchestrator.lambda$execute$0(EngineExecutionOrchestrator.java:54)
	org.junit.platform.launcher.core.EngineExecutionOrchestrator.withInterceptedStreams(EngineExecutionOrchestrator.java:67)
	org.junit.platform.launcher.core.EngineExecutionOrchestrator.execute(EngineExecutionOrchestrator.java:52)
	org.junit.platform.launcher.core.DefaultLauncher.execute(DefaultLauncher.java:96)
	org.junit.platform.launcher.core.DefaultLauncher.execute(DefaultLauncher.java:75)
	org.gradle.api.internal.tasks.testing.junitplatform.JUnitPlatformTestClassProcessor$CollectAllTestClassesExecutor.processAllTestClasses(JUnitPlatformTestClassProcessor.java:99)
	org.gradle.api.internal.tasks.testing.junitplatform.JUnitPlatformTestClassProcessor$CollectAllTestClassesExecutor.access$000(JUnitPlatformTestClassProcessor.java:79)
	org.gradle.api.internal.tasks.testing.junitplatform.JUnitPlatformTestClassProcessor.stop(JUnitPlatformTestClassProcessor.java:75)
	org.gradle.api.internal.tasks.testing.SuiteTestClassProcessor.stop(SuiteTestClassProcessor.java:61)
	java.base/jdk.internal.reflect.NativeMethodAccessorImpl.invoke0(Native Method)
	java.base/jdk.internal.reflect.NativeMethodAccessorImpl.invoke(NativeMethodAccessorImpl.java:78)
	java.base/jdk.internal.reflect.DelegatingMethodAccessorImpl.invoke(DelegatingMethodAccessorImpl.java:43)
	java.base/java.lang.reflect.Method.invoke(Method.java:567)
	org.gradle.internal.dispatch.ReflectionDispatch.dispatch(ReflectionDispatch.java:36)
	org.gradle.internal.dispatch.ReflectionDispatch.dispatch(ReflectionDispatch.java:24)
	org.gradle.internal.dispatch.ContextClassLoaderDispatch.dispatch(ContextClassLoaderDispatch.java:33)
	org.gradle.internal.dispatch.ProxyDispatchAdapter$DispatchingInvocationHandler.invoke(ProxyDispatchAdapter.java:94)
	jdk.proxy1/jdk.proxy1.$Proxy2.stop(Unknown Source)
	org.gradle.api.internal.tasks.testing.worker.TestWorker$3.run(TestWorker.java:193)
	org.gradle.api.internal.tasks.testing.worker.TestWorker.executeAndMaintainThreadName(TestWorker.java:129)
	org.gradle.api.internal.tasks.testing.worker.TestWorker.execute(TestWorker.java:100)
	org.gradle.api.internal.tasks.testing.worker.TestWorker.execute(TestWorker.java:60)
	org.gradle.process.internal.worker.child.ActionExecutionWorker.execute(ActionExecutionWorker.java:56)
	org.gradle.process.internal.worker.child.SystemApplicationClassLoaderWorker.call(SystemApplicationClassLoaderWorker.java:133)
	org.gradle.process.internal.worker.child.SystemApplicationClassLoaderWorker.call(SystemApplicationClassLoaderWorker.java:71)
	worker.org.gradle.process.internal.worker.GradleWorkerMain.run(GradleWorkerMain.java:69)
	worker.org.gradle.process.internal.worker.GradleWorkerMain.main(GradleWorkerMain.java:74)
Caused by: HTTP Exception 404 Not Found
	com.github.kittinunf.fuel.core.FuelError$Companion.wrap(FuelError.kt:86)
Caused by: com.github.kittinunf.fuel.core.HttpException: HTTP Exception 404 Not Found
	com.github.kittinunf.fuel.core.requests.RequestTask.prepareResponse(RequestTask.kt:35)
	com.github.kittinunf.fuel.core.requests.RequestTask.call(RequestTask.kt:47)
	com.github.kittinunf.fuel.core.requests.RequestTask.call(RequestTask.kt:14)
	com.github.kittinunf.fuel.core.DeserializableKt.response(Deserializable.kt:167)
	au.com.firemarklabs.nt.NTClient.funny(NTClient.kt:73)
	au.com.firemarklabs.nt.NtClientTest.get the tags(NtClientTest.kt:55)
	java.base/jdk.internal.reflect.NativeMethodAccessorImpl.invoke0(Native Method)
	java.base/jdk.internal.reflect.NativeMethodAccessorImpl.invoke(NativeMethodAccessorImpl.java:78)
	java.base/jdk.internal.reflect.DelegatingMethodAccessorImpl.invoke(DelegatingMethodAccessorImpl.java:43)
	java.base/java.lang.reflect.Method.invoke(Method.java:567)
	org.junit.platform.commons.util.ReflectionUtils.invokeMethod(ReflectionUtils.java:686)
	org.junit.jupiter.engine.execution.MethodInvocation.proceed(MethodInvocation.java:60)
	org.junit.jupiter.engine.execution.InvocationInterceptorChain$ValidatingInvocation.proceed(InvocationInterceptorChain.java:131)
	org.junit.jupiter.engine.extension.TimeoutExtension.intercept(TimeoutExtension.java:149)
	org.junit.jupiter.engine.extension.TimeoutExtension.interceptTestableMethod(TimeoutExtension.java:140)
	org.junit.jupiter.engine.extension.TimeoutExtension.interceptTestMethod(TimeoutExtension.java:84)
	org.junit.jupiter.engine.execution.ExecutableInvoker$ReflectiveInterceptorCall.lambda$ofVoidMethod$0(ExecutableInvoker.java:115)
	org.junit.jupiter.engine.execution.ExecutableInvoker.lambda$invoke$0(ExecutableInvoker.java:105)
	org.junit.jupiter.engine.execution.InvocationInterceptorChain$InterceptedInvocation.proceed(InvocationInterceptorChain.java:106)
	org.junit.jupiter.engine.execution.InvocationInterceptorChain.proceed(InvocationInterceptorChain.java:64)
	org.junit.jupiter.engine.execution.InvocationInterceptorChain.chainAndInvoke(InvocationInterceptorChain.java:45)
	org.junit.jupiter.engine.execution.InvocationInterceptorChain.invoke(InvocationInterceptorChain.java:37)
	org.junit.jupiter.engine.execution.ExecutableInvoker.invoke(ExecutableInvoker.java:104)
	org.junit.jupiter.engine.execution.ExecutableInvoker.invoke(ExecutableInvoker.java:98)
	org.junit.jupiter.engine.descriptor.TestMethodTestDescriptor.lambda$invokeTestMethod$6(TestMethodTestDescriptor.java:212)
	org.junit.platform.engine.support.hierarchical.ThrowableCollector.execute(ThrowableCollector.java:73)
	org.junit.jupiter.engine.descriptor.TestMethodTestDescriptor.invokeTestMethod(TestMethodTestDescriptor.java:208)
	org.junit.jupiter.engine.descriptor.TestMethodTestDescriptor.execute(TestMethodTestDescriptor.java:137)
	org.junit.jupiter.engine.descriptor.TestMethodTestDescriptor.execute(TestMethodTestDescriptor.java:71)
	org.junit.platform.engine.support.hierarchical.NodeTestTask.lambda$executeRecursively$5(NodeTestTask.java:135)
	org.junit.platform.engine.support.hierarchical.ThrowableCollector.execute(ThrowableCollector.java:73)
	org.junit.platform.engine.support.hierarchical.NodeTestTask.lambda$executeRecursively$7(NodeTestTask.java:125)
	org.junit.platform.engine.support.hierarchical.Node.around(Node.java:135)
	org.junit.platform.engine.support.hierarchical.NodeTestTask.lambda$executeRecursively$8(NodeTestTask.java:123)
	org.junit.platform.engine.support.hierarchical.ThrowableCollector.execute(ThrowableCollector.java:73)
	org.junit.platform.engine.support.hierarchical.NodeTestTask.executeRecursively(NodeTestTask.java:122)
	org.junit.platform.engine.support.hierarchical.NodeTestTask.execute(NodeTestTask.java:80)
	java.base/java.util.ArrayList.forEach(ArrayList.java:1511)
	org.junit.platform.engine.support.hierarchical.SameThreadHierarchicalTestExecutorService.invokeAll(SameThreadHierarchicalTestExecutorService.java:38)
	org.junit.platform.engine.support.hierarchical.NodeTestTask.lambda$executeRecursively$5(NodeTestTask.java:139)
	org.junit.platform.engine.support.hierarchical.ThrowableCollector.execute(ThrowableCollector.java:73)
	org.junit.platform.engine.support.hierarchical.NodeTestTask.lambda$executeRecursively$7(NodeTestTask.java:125)
	org.junit.platform.engine.support.hierarchical.Node.around(Node.java:135)
	org.junit.platform.engine.support.hierarchical.NodeTestTask.lambda$executeRecursively$8(NodeTestTask.java:123)
	org.junit.platform.engine.support.hierarchical.ThrowableCollector.execute(ThrowableCollector.java:73)
	org.junit.platform.engine.support.hierarchical.NodeTestTask.executeRecursively(NodeTestTask.java:122)
	org.junit.platform.engine.support.hierarchical.NodeTestTask.execute(NodeTestTask.java:80)
	java.base/java.util.ArrayList.forEach(ArrayList.java:1511)
	org.junit.platform.engine.support.hierarchical.SameThreadHierarchicalTestExecutorService.invokeAll(SameThreadHierarchicalTestExecutorService.java:38)
	org.junit.platform.engine.support.hierarchical.NodeTestTask.lambda$executeRecursively$5(NodeTestTask.java:139)
	org.junit.platform.engine.support.hierarchical.ThrowableCollector.execute(ThrowableCollector.java:73)
	org.junit.platform.engine.support.hierarchical.NodeTestTask.lambda$executeRecursively$7(NodeTestTask.java:125)
	org.junit.platform.engine.support.hierarchical.Node.around(Node.java:135)
	org.junit.platform.engine.support.hierarchical.NodeTestTask.lambda$executeRecursively$8(NodeTestTask.java:123)
	org.junit.platform.engine.support.hierarchical.ThrowableCollector.execute(ThrowableCollector.java:73)
	org.junit.platform.engine.support.hierarchical.NodeTestTask.executeRecursively(NodeTestTask.java:122)
	org.junit.platform.engine.support.hierarchical.NodeTestTask.execute(NodeTestTask.java:80)
	org.junit.platform.engine.support.hierarchical.SameThreadHierarchicalTestExecutorService.submit(SameThreadHierarchicalTestExecutorService.java:32)
	org.junit.platform.engine.support.hierarchical.HierarchicalTestExecutor.execute(HierarchicalTestExecutor.java:57)
	org.junit.platform.engine.support.hierarchical.HierarchicalTestEngine.execute(HierarchicalTestEngine.java:51)
	org.junit.platform.launcher.core.EngineExecutionOrchestrator.execute(EngineExecutionOrchestrator.java:108)
	org.junit.platform.launcher.core.EngineExecutionOrchestrator.execute(EngineExecutionOrchestrator.java:88)
	org.junit.platform.launcher.core.EngineExecutionOrchestrator.lambda$execute$0(EngineExecutionOrchestrator.java:54)
	org.junit.platform.launcher.core.EngineExecutionOrchestrator.withInterceptedStreams(EngineExecutionOrchestrator.java:67)
	org.junit.platform.launcher.core.EngineExecutionOrchestrator.execute(EngineExecutionOrchestrator.java:52)
	org.junit.platform.launcher.core.DefaultLauncher.execute(DefaultLauncher.java:96)
	org.junit.platform.launcher.core.DefaultLauncher.execute(DefaultLauncher.java:75)
	org.gradle.api.internal.tasks.testing.junitplatform.JUnitPlatformTestClassProcessor$CollectAllTestClassesExecutor.processAllTestClasses(JUnitPlatformTestClassProcessor.java:99)
	org.gradle.api.internal.tasks.testing.junitplatform.JUnitPlatformTestClassProcessor$CollectAllTestClassesExecutor.access$000(JUnitPlatformTestClassProcessor.java:79)
	org.gradle.api.internal.tasks.testing.junitplatform.JUnitPlatformTestClassProcessor.stop(JUnitPlatformTestClassProcessor.java:75)
	org.gradle.api.internal.tasks.testing.SuiteTestClassProcessor.stop(SuiteTestClassProcessor.java:61)
	java.base/jdk.internal.reflect.NativeMethodAccessorImpl.invoke0(Native Method)
	java.base/jdk.internal.reflect.NativeMethodAccessorImpl.invoke(NativeMethodAccessorImpl.java:78)
	java.base/jdk.internal.reflect.DelegatingMethodAccessorImpl.invoke(DelegatingMethodAccessorImpl.java:43)
	java.base/java.lang.reflect.Method.invoke(Method.java:567)
	org.gradle.internal.dispatch.ReflectionDispatch.dispatch(ReflectionDispatch.java:36)
	org.gradle.internal.dispatch.ReflectionDispatch.dispatch(ReflectionDispatch.java:24)
	org.gradle.internal.dispatch.ContextClassLoaderDispatch.dispatch(ContextClassLoaderDispatch.java:33)
	org.gradle.internal.dispatch.ProxyDispatchAdapter$DispatchingInvocationHandler.invoke(ProxyDispatchAdapter.java:94)
	jdk.proxy1/jdk.proxy1.$Proxy2.stop(Unknown Source)
	org.gradle.api.internal.tasks.testing.worker.TestWorker$3.run(TestWorker.java:193)
	org.gradle.api.internal.tasks.testing.worker.TestWorker.executeAndMaintainThreadName(TestWorker.java:129)
	org.gradle.api.internal.tasks.testing.worker.TestWorker.execute(TestWorker.java:100)
	org.gradle.api.internal.tasks.testing.worker.TestWorker.execute(TestWorker.java:60)
	org.gradle.process.internal.worker.child.ActionExecutionWorker.execute(ActionExecutionWorker.java:56)
	org.gradle.process.internal.worker.child.SystemApplicationClassLoaderWorker.call(SystemApplicationClassLoaderWorker.java:133)
	org.gradle.process.internal.worker.child.SystemApplicationClassLoaderWorker.call(SystemApplicationClassLoaderWorker.java:71)
	worker.org.gradle.process.internal.worker.GradleWorkerMain.run(GradleWorkerMain.java:69)
	worker.org.gradle.process.internal.worker.GradleWorkerMain.main(GradleWorkerMain.java:74)


	at app//com.github.kittinunf.fuel.core.FuelError$Companion.wrap(FuelError.kt:84)
	at app//com.github.kittinunf.fuel.core.DeserializableKt.response(Deserializable.kt:169)
	at app//au.com.firemarklabs.nt.NTClient.funny(NTClient.kt:73)
	at app//au.com.firemarklabs.nt.NtClientTest.get the tags(NtClientTest.kt:55)
	at java.base@16.0.1/jdk.internal.reflect.NativeMethodAccessorImpl.invoke0(Native Method)
	at java.base@16.0.1/jdk.internal.reflect.NativeMethodAccessorImpl.invoke(NativeMethodAccessorImpl.java:78)
	at java.base@16.0.1/jdk.internal.reflect.DelegatingMethodAccessorImpl.invoke(DelegatingMethodAccessorImpl.java:43)
	at java.base@16.0.1/java.lang.reflect.Method.invoke(Method.java:567)
	at app//org.junit.platform.commons.util.ReflectionUtils.invokeMethod(ReflectionUtils.java:686)
	at app//org.junit.jupiter.engine.execution.MethodInvocation.proceed(MethodInvocation.java:60)
	at app//org.junit.jupiter.engine.execution.InvocationInterceptorChain$ValidatingInvocation.proceed(InvocationInterceptorChain.java:131)
	at app//org.junit.jupiter.engine.extension.TimeoutExtension.intercept(TimeoutExtension.java:149)
	at app//org.junit.jupiter.engine.extension.TimeoutExtension.interceptTestableMethod(TimeoutExtension.java:140)
	at app//org.junit.jupiter.engine.extension.TimeoutExtension.interceptTestMethod(TimeoutExtension.java:84)
	at app//org.junit.jupiter.engine.execution.ExecutableInvoker$ReflectiveInterceptorCall.lambda$ofVoidMethod$0(ExecutableInvoker.java:115)
	at app//org.junit.jupiter.engine.execution.ExecutableInvoker.lambda$invoke$0(ExecutableInvoker.java:105)
	at app//org.junit.jupiter.engine.execution.InvocationInterceptorChain$InterceptedInvocation.proceed(InvocationInterceptorChain.java:106)
	at app//org.junit.jupiter.engine.execution.InvocationInterceptorChain.proceed(InvocationInterceptorChain.java:64)
	at app//org.junit.jupiter.engine.execution.InvocationInterceptorChain.chainAndInvoke(InvocationInterceptorChain.java:45)
	at app//org.junit.jupiter.engine.execution.InvocationInterceptorChain.invoke(InvocationInterceptorChain.java:37)
	at app//org.junit.jupiter.engine.execution.ExecutableInvoker.invoke(ExecutableInvoker.java:104)
	at app//org.junit.jupiter.engine.execution.ExecutableInvoker.invoke(ExecutableInvoker.java:98)
	at app//org.junit.jupiter.engine.descriptor.TestMethodTestDescriptor.lambda$invokeTestMethod$6(TestMethodTestDescriptor.java:212)
	at app//org.junit.platform.engine.support.hierarchical.ThrowableCollector.execute(ThrowableCollector.java:73)
	at app//org.junit.jupiter.engine.descriptor.TestMethodTestDescriptor.invokeTestMethod(TestMethodTestDescriptor.java:208)
	at app//org.junit.jupiter.engine.descriptor.TestMethodTestDescriptor.execute(TestMethodTestDescriptor.java:137)
	at app//org.junit.jupiter.engine.descriptor.TestMethodTestDescriptor.execute(TestMethodTestDescriptor.java:71)
	at app//org.junit.platform.engine.support.hierarchical.NodeTestTask.lambda$executeRecursively$5(NodeTestTask.java:135)
	at app//org.junit.platform.engine.support.hierarchical.ThrowableCollector.execute(ThrowableCollector.java:73)
	at app//org.junit.platform.engine.support.hierarchical.NodeTestTask.lambda$executeRecursively$7(NodeTestTask.java:125)
	at app//org.junit.platform.engine.support.hierarchical.Node.around(Node.java:135)
	at app//org.junit.platform.engine.support.hierarchical.NodeTestTask.lambda$executeRecursively$8(NodeTestTask.java:123)
	at app//org.junit.platform.engine.support.hierarchical.ThrowableCollector.execute(ThrowableCollector.java:73)
	at app//org.junit.platform.engine.support.hierarchical.NodeTestTask.executeRecursively(NodeTestTask.java:122)
	at app//org.junit.platform.engine.support.hierarchical.NodeTestTask.execute(NodeTestTask.java:80)
	at java.base@16.0.1/java.util.ArrayList.forEach(ArrayList.java:1511)
	at app//org.junit.platform.engine.support.hierarchical.SameThreadHierarchicalTestExecutorService.invokeAll(SameThreadHierarchicalTestExecutorService.java:38)
	at app//org.junit.platform.engine.support.hierarchical.NodeTestTask.lambda$executeRecursively$5(NodeTestTask.java:139)
	at app//org.junit.platform.engine.support.hierarchical.ThrowableCollector.execute(ThrowableCollector.java:73)
	at app//org.junit.platform.engine.support.hierarchical.NodeTestTask.lambda$executeRecursively$7(NodeTestTask.java:125)
	at app//org.junit.platform.engine.support.hierarchical.Node.around(Node.java:135)
	at app//org.junit.platform.engine.support.hierarchical.NodeTestTask.lambda$executeRecursively$8(NodeTestTask.java:123)
	at app//org.junit.platform.engine.support.hierarchical.ThrowableCollector.execute(ThrowableCollector.java:73)
	at app//org.junit.platform.engine.support.hierarchical.NodeTestTask.executeRecursively(NodeTestTask.java:122)
	at app//org.junit.platform.engine.support.hierarchical.NodeTestTask.execute(NodeTestTask.java:80)
	at java.base@16.0.1/java.util.ArrayList.forEach(ArrayList.java:1511)
	at app//org.junit.platform.engine.support.hierarchical.SameThreadHierarchicalTestExecutorService.invokeAll(SameThreadHierarchicalTestExecutorService.java:38)
	at app//org.junit.platform.engine.support.hierarchical.NodeTestTask.lambda$executeRecursively$5(NodeTestTask.java:139)
	at app//org.junit.platform.engine.support.hierarchical.ThrowableCollector.execute(ThrowableCollector.java:73)
	at app//org.junit.platform.engine.support.hierarchical.NodeTestTask.lambda$executeRecursively$7(NodeTestTask.java:125)
	at app//org.junit.platform.engine.support.hierarchical.Node.around(Node.java:135)
	at app//org.junit.platform.engine.support.hierarchical.NodeTestTask.lambda$executeRecursively$8(NodeTestTask.java:123)
	at app//org.junit.platform.engine.support.hierarchical.ThrowableCollector.execute(ThrowableCollector.java:73)
	at app//org.junit.platform.engine.support.hierarchical.NodeTestTask.executeRecursively(NodeTestTask.java:122)
	at app//org.junit.platform.engine.support.hierarchical.NodeTestTask.execute(NodeTestTask.java:80)
	at app//org.junit.platform.engine.support.hierarchical.SameThreadHierarchicalTestExecutorService.submit(SameThreadHierarchicalTestExecutorService.java:32)
	at app//org.junit.platform.engine.support.hierarchical.HierarchicalTestExecutor.execute(HierarchicalTestExecutor.java:57)
	at app//org.junit.platform.engine.support.hierarchical.HierarchicalTestEngine.execute(HierarchicalTestEngine.java:51)
	at org.junit.platform.launcher.core.EngineExecutionOrchestrator.execute(EngineExecutionOrchestrator.java:108)
	at org.junit.platform.launcher.core.EngineExecutionOrchestrator.execute(EngineExecutionOrchestrator.java:88)
	at org.junit.platform.launcher.core.EngineExecutionOrchestrator.lambda$execute$0(EngineExecutionOrchestrator.java:54)
	at org.junit.platform.launcher.core.EngineExecutionOrchestrator.withInterceptedStreams(EngineExecutionOrchestrator.java:67)
	at org.junit.platform.launcher.core.EngineExecutionOrchestrator.execute(EngineExecutionOrchestrator.java:52)
	at org.junit.platform.launcher.core.DefaultLauncher.execute(DefaultLauncher.java:96)
	at org.junit.platform.launcher.core.DefaultLauncher.execute(DefaultLauncher.java:75)
	at org.gradle.api.internal.tasks.testing.junitplatform.JUnitPlatformTestClassProcessor$CollectAllTestClassesExecutor.processAllTestClasses(JUnitPlatformTestClassProcessor.java:99)
	at org.gradle.api.internal.tasks.testing.junitplatform.JUnitPlatformTestClassProcessor$CollectAllTestClassesExecutor.access$000(JUnitPlatformTestClassProcessor.java:79)
	at org.gradle.api.internal.tasks.testing.junitplatform.JUnitPlatformTestClassProcessor.stop(JUnitPlatformTestClassProcessor.java:75)
	at org.gradle.api.internal.tasks.testing.SuiteTestClassProcessor.stop(SuiteTestClassProcessor.java:61)
	at java.base@16.0.1/jdk.internal.reflect.NativeMethodAccessorImpl.invoke0(Native Method)
	at java.base@16.0.1/jdk.internal.reflect.NativeMethodAccessorImpl.invoke(NativeMethodAccessorImpl.java:78)
	at java.base@16.0.1/jdk.internal.reflect.DelegatingMethodAccessorImpl.invoke(DelegatingMethodAccessorImpl.java:43)
	at java.base@16.0.1/java.lang.reflect.Method.invoke(Method.java:567)
	at org.gradle.internal.dispatch.ReflectionDispatch.dispatch(ReflectionDispatch.java:36)
	at org.gradle.internal.dispatch.ReflectionDispatch.dispatch(ReflectionDispatch.java:24)
	at org.gradle.internal.dispatch.ContextClassLoaderDispatch.dispatch(ContextClassLoaderDispatch.java:33)
	at org.gradle.internal.dispatch.ProxyDispatchAdapter$DispatchingInvocationHandler.invoke(ProxyDispatchAdapter.java:94)
	at jdk.proxy1/jdk.proxy1.$Proxy2.stop(Unknown Source)
	at org.gradle.api.internal.tasks.testing.worker.TestWorker$3.run(TestWorker.java:193)
	at org.gradle.api.internal.tasks.testing.worker.TestWorker.executeAndMaintainThreadName(TestWorker.java:129)
	at org.gradle.api.internal.tasks.testing.worker.TestWorker.execute(TestWorker.java:100)
	at org.gradle.api.internal.tasks.testing.worker.TestWorker.execute(TestWorker.java:60)
	at org.gradle.process.internal.worker.child.ActionExecutionWorker.execute(ActionExecutionWorker.java:56)
	at org.gradle.process.internal.worker.child.SystemApplicationClassLoaderWorker.call(SystemApplicationClassLoaderWorker.java:133)
	at org.gradle.process.internal.worker.child.SystemApplicationClassLoaderWorker.call(SystemApplicationClassLoaderWorker.java:71)
	at app//worker.org.gradle.process.internal.worker.GradleWorkerMain.run(GradleWorkerMain.java:69)
	at app//worker.org.gradle.process.internal.worker.GradleWorkerMain.main(GradleWorkerMain.java:74)
Caused by: HTTP Exception 404 Not Found
	com.github.kittinunf.fuel.core.FuelError$Companion.wrap(FuelError.kt:86)
Caused by: com.github.kittinunf.fuel.core.HttpException: HTTP Exception 404 Not Found
	com.github.kittinunf.fuel.core.requests.RequestTask.prepareResponse(RequestTask.kt:35)
	com.github.kittinunf.fuel.core.requests.RequestTask.call(RequestTask.kt:47)
	com.github.kittinunf.fuel.core.requests.RequestTask.call(RequestTask.kt:14)
	com.github.kittinunf.fuel.core.DeserializableKt.response(Deserializable.kt:167)
	au.com.firemarklabs.nt.NTClient.funny(NTClient.kt:73)
	au.com.firemarklabs.nt.NtClientTest.get the tags(NtClientTest.kt:55)
	java.base/jdk.internal.reflect.NativeMethodAccessorImpl.invoke0(Native Method)
	java.base/jdk.internal.reflect.NativeMethodAccessorImpl.invoke(NativeMethodAccessorImpl.java:78)
	java.base/jdk.internal.reflect.DelegatingMethodAccessorImpl.invoke(DelegatingMethodAccessorImpl.java:43)
	java.base/java.lang.reflect.Method.invoke(Method.java:567)
	org.junit.platform.commons.util.ReflectionUtils.invokeMethod(ReflectionUtils.java:686)
	org.junit.jupiter.engine.execution.MethodInvocation.proceed(MethodInvocation.java:60)
	org.junit.jupiter.engine.execution.InvocationInterceptorChain$ValidatingInvocation.proceed(InvocationInterceptorChain.java:131)
	org.junit.jupiter.engine.extension.TimeoutExtension.intercept(TimeoutExtension.java:149)
	org.junit.jupiter.engine.extension.TimeoutExtension.interceptTestableMethod(TimeoutExtension.java:140)
	org.junit.jupiter.engine.extension.TimeoutExtension.interceptTestMethod(TimeoutExtension.java:84)
	org.junit.jupiter.engine.execution.ExecutableInvoker$ReflectiveInterceptorCall.lambda$ofVoidMethod$0(ExecutableInvoker.java:115)
	org.junit.jupiter.engine.execution.ExecutableInvoker.lambda$invoke$0(ExecutableInvoker.java:105)
	org.junit.jupiter.engine.execution.InvocationInterceptorChain$InterceptedInvocation.proceed(InvocationInterceptorChain.java:106)
	org.junit.jupiter.engine.execution.InvocationInterceptorChain.proceed(InvocationInterceptorChain.java:64)
	org.junit.jupiter.engine.execution.InvocationInterceptorChain.chainAndInvoke(InvocationInterceptorChain.java:45)
	org.junit.jupiter.engine.execution.InvocationInterceptorChain.invoke(InvocationInterceptorChain.java:37)
	org.junit.jupiter.engine.execution.ExecutableInvoker.invoke(ExecutableInvoker.java:104)
	org.junit.jupiter.engine.execution.ExecutableInvoker.invoke(ExecutableInvoker.java:98)
	org.junit.jupiter.engine.descriptor.TestMethodTestDescriptor.lambda$invokeTestMethod$6(TestMethodTestDescriptor.java:212)
	org.junit.platform.engine.support.hierarchical.ThrowableCollector.execute(ThrowableCollector.java:73)
	org.junit.jupiter.engine.descriptor.TestMethodTestDescriptor.invokeTestMethod(TestMethodTestDescriptor.java:208)
	org.junit.jupiter.engine.descriptor.TestMethodTestDescriptor.execute(TestMethodTestDescriptor.java:137)
	org.junit.jupiter.engine.descriptor.TestMethodTestDescriptor.execute(TestMethodTestDescriptor.java:71)
	org.junit.platform.engine.support.hierarchical.NodeTestTask.lambda$executeRecursively$5(NodeTestTask.java:135)
	org.junit.platform.engine.support.hierarchical.ThrowableCollector.execute(ThrowableCollector.java:73)
	org.junit.platform.engine.support.hierarchical.NodeTestTask.lambda$executeRecursively$7(NodeTestTask.java:125)
	org.junit.platform.engine.support.hierarchical.Node.around(Node.java:135)
	org.junit.platform.engine.support.hierarchical.NodeTestTask.lambda$executeRecursively$8(NodeTestTask.java:123)
	org.junit.platform.engine.support.hierarchical.ThrowableCollector.execute(ThrowableCollector.java:73)
	org.junit.platform.engine.support.hierarchical.NodeTestTask.executeRecursively(NodeTestTask.java:122)
	org.junit.platform.engine.support.hierarchical.NodeTestTask.execute(NodeTestTask.java:80)
	java.base/java.util.ArrayList.forEach(ArrayList.java:1511)
	org.junit.platform.engine.support.hierarchical.SameThreadHierarchicalTestExecutorService.invokeAll(SameThreadHierarchicalTestExecutorService.java:38)
	org.junit.platform.engine.support.hierarchical.NodeTestTask.lambda$executeRecursively$5(NodeTestTask.java:139)
	org.junit.platform.engine.support.hierarchical.ThrowableCollector.execute(ThrowableCollector.java:73)
	org.junit.platform.engine.support.hierarchical.NodeTestTask.lambda$executeRecursively$7(NodeTestTask.java:125)
	org.junit.platform.engine.support.hierarchical.Node.around(Node.java:135)
	org.junit.platform.engine.support.hierarchical.NodeTestTask.lambda$executeRecursively$8(NodeTestTask.java:123)
	org.junit.platform.engine.support.hierarchical.ThrowableCollector.execute(ThrowableCollector.java:73)
	org.junit.platform.engine.support.hierarchical.NodeTestTask.executeRecursively(NodeTestTask.java:122)
	org.junit.platform.engine.support.hierarchical.NodeTestTask.execute(NodeTestTask.java:80)
	java.base/java.util.ArrayList.forEach(ArrayList.java:1511)
	org.junit.platform.engine.support.hierarchical.SameThreadHierarchicalTestExecutorService.invokeAll(SameThreadHierarchicalTestExecutorService.java:38)
	org.junit.platform.engine.support.hierarchical.NodeTestTask.lambda$executeRecursively$5(NodeTestTask.java:139)
	org.junit.platform.engine.support.hierarchical.ThrowableCollector.execute(ThrowableCollector.java:73)
	org.junit.platform.engine.support.hierarchical.NodeTestTask.lambda$executeRecursively$7(NodeTestTask.java:125)
	org.junit.platform.engine.support.hierarchical.Node.around(Node.java:135)
	org.junit.platform.engine.support.hierarchical.NodeTestTask.lambda$executeRecursively$8(NodeTestTask.java:123)
	org.junit.platform.engine.support.hierarchical.ThrowableCollector.execute(ThrowableCollector.java:73)
	org.junit.platform.engine.support.hierarchical.NodeTestTask.executeRecursively(NodeTestTask.java:122)
	org.junit.platform.engine.support.hierarchical.NodeTestTask.execute(NodeTestTask.java:80)
	org.junit.platform.engine.support.hierarchical.SameThreadHierarchicalTestExecutorService.submit(SameThreadHierarchicalTestExecutorService.java:32)
	org.junit.platform.engine.support.hierarchical.HierarchicalTestExecutor.execute(HierarchicalTestExecutor.java:57)
	org.junit.platform.engine.support.hierarchical.HierarchicalTestEngine.execute(HierarchicalTestEngine.java:51)
	org.junit.platform.launcher.core.EngineExecutionOrchestrator.execute(EngineExecutionOrchestrator.java:108)
	org.junit.platform.launcher.core.EngineExecutionOrchestrator.execute(EngineExecutionOrchestrator.java:88)
	org.junit.platform.launcher.core.EngineExecutionOrchestrator.lambda$execute$0(EngineExecutionOrchestrator.java:54)
	org.junit.platform.launcher.core.EngineExecutionOrchestrator.withInterceptedStreams(EngineExecutionOrchestrator.java:67)
	org.junit.platform.launcher.core.EngineExecutionOrchestrator.execute(EngineExecutionOrchestrator.java:52)
	org.junit.platform.launcher.core.DefaultLauncher.execute(DefaultLauncher.java:96)
	org.junit.platform.launcher.core.DefaultLauncher.execute(DefaultLauncher.java:75)
	org.gradle.api.internal.tasks.testing.junitplatform.JUnitPlatformTestClassProcessor$CollectAllTestClassesExecutor.processAllTestClasses(JUnitPlatformTestClassProcessor.java:99)
	org.gradle.api.internal.tasks.testing.junitplatform.JUnitPlatformTestClassProcessor$CollectAllTestClassesExecutor.access$000(JUnitPlatformTestClassProcessor.java:79)
	org.gradle.api.internal.tasks.testing.junitplatform.JUnitPlatformTestClassProcessor.stop(JUnitPlatformTestClassProcessor.java:75)
	org.gradle.api.internal.tasks.testing.SuiteTestClassProcessor.stop(SuiteTestClassProcessor.java:61)
	java.base/jdk.internal.reflect.NativeMethodAccessorImpl.invoke0(Native Method)
	java.base/jdk.internal.reflect.NativeMethodAccessorImpl.invoke(NativeMethodAccessorImpl.java:78)
	java.base/jdk.internal.reflect.DelegatingMethodAccessorImpl.invoke(DelegatingMethodAccessorImpl.java:43)
	java.base/java.lang.reflect.Method.invoke(Method.java:567)
	org.gradle.internal.dispatch.ReflectionDispatch.dispatch(ReflectionDispatch.java:36)
	org.gradle.internal.dispatch.ReflectionDispatch.dispatch(ReflectionDispatch.java:24)
	org.gradle.internal.dispatch.ContextClassLoaderDispatch.dispatch(ContextClassLoaderDispatch.java:33)
	org.gradle.internal.dispatch.ProxyDispatchAdapter$DispatchingInvocationHandler.invoke(ProxyDispatchAdapter.java:94)
	jdk.proxy1/jdk.proxy1.$Proxy2.stop(Unknown Source)
	org.gradle.api.internal.tasks.testing.worker.TestWorker$3.run(TestWorker.java:193)
	org.gradle.api.internal.tasks.testing.worker.TestWorker.executeAndMaintainThreadName(TestWorker.java:129)
	org.gradle.api.internal.tasks.testing.worker.TestWorker.execute(TestWorker.java:100)
	org.gradle.api.internal.tasks.testing.worker.TestWorker.execute(TestWorker.java:60)
	org.gradle.process.internal.worker.child.ActionExecutionWorker.execute(ActionExecutionWorker.java:56)
	org.gradle.process.internal.worker.child.SystemApplicationClassLoaderWorker.call(SystemApplicationClassLoaderWorker.java:133)
	org.gradle.process.internal.worker.child.SystemApplicationClassLoaderWorker.call(SystemApplicationClassLoaderWorker.java:71)
	worker.org.gradle.process.internal.worker.GradleWorkerMain.run(GradleWorkerMain.java:69)
	worker.org.gradle.process.internal.worker.GradleWorkerMain.main(GradleWorkerMain.java:74)

	at app//com.github.kittinunf.fuel.core.FuelError$Companion.wrap(FuelError.kt:86)
Caused by: com.github.kittinunf.fuel.core.HttpException: HTTP Exception 404 Not Found
	at app//com.github.kittinunf.fuel.core.requests.RequestTask.prepareResponse(RequestTask.kt:35)
	at app//com.github.kittinunf.fuel.core.requests.RequestTask.call(RequestTask.kt:47)
	at app//com.github.kittinunf.fuel.core.requests.RequestTask.call(RequestTask.kt:14)
	at app//com.github.kittinunf.fuel.core.DeserializableKt.response(Deserializable.kt:167)
	at app//au.com.firemarklabs.nt.NTClient.funny(NTClient.kt:73)
	at app//au.com.firemarklabs.nt.NtClientTest.get the tags(NtClientTest.kt:55)
	at java.base@16.0.1/jdk.internal.reflect.NativeMethodAccessorImpl.invoke0(Native Method)
	at java.base@16.0.1/jdk.internal.reflect.NativeMethodAccessorImpl.invoke(NativeMethodAccessorImpl.java:78)
	at java.base@16.0.1/jdk.internal.reflect.DelegatingMethodAccessorImpl.invoke(DelegatingMethodAccessorImpl.java:43)
	at java.base@16.0.1/java.lang.reflect.Method.invoke(Method.java:567)
	at app//org.junit.platform.commons.util.ReflectionUtils.invokeMethod(ReflectionUtils.java:686)
	at app//org.junit.jupiter.engine.execution.MethodInvocation.proceed(MethodInvocation.java:60)
	at app//org.junit.jupiter.engine.execution.InvocationInterceptorChain$ValidatingInvocation.proceed(InvocationInterceptorChain.java:131)
	at app//org.junit.jupiter.engine.extension.TimeoutExtension.intercept(TimeoutExtension.java:149)
	at app//org.junit.jupiter.engine.extension.TimeoutExtension.interceptTestableMethod(TimeoutExtension.java:140)
	at app//org.junit.jupiter.engine.extension.TimeoutExtension.interceptTestMethod(TimeoutExtension.java:84)
	at app//org.junit.jupiter.engine.execution.ExecutableInvoker$ReflectiveInterceptorCall.lambda$ofVoidMethod$0(ExecutableInvoker.java:115)
	at app//org.junit.jupiter.engine.execution.ExecutableInvoker.lambda$invoke$0(ExecutableInvoker.java:105)
	at app//org.junit.jupiter.engine.execution.InvocationInterceptorChain$InterceptedInvocation.proceed(InvocationInterceptorChain.java:106)
	at app//org.junit.jupiter.engine.execution.InvocationInterceptorChain.proceed(InvocationInterceptorChain.java:64)
	at app//org.junit.jupiter.engine.execution.InvocationInterceptorChain.chainAndInvoke(InvocationInterceptorChain.java:45)
	at app//org.junit.jupiter.engine.execution.InvocationInterceptorChain.invoke(InvocationInterceptorChain.java:37)
	at app//org.junit.jupiter.engine.execution.ExecutableInvoker.invoke(ExecutableInvoker.java:104)
	at app//org.junit.jupiter.engine.execution.ExecutableInvoker.invoke(ExecutableInvoker.java:98)
	at app//org.junit.jupiter.engine.descriptor.TestMethodTestDescriptor.lambda$invokeTestMethod$6(TestMethodTestDescriptor.java:212)
	at app//org.junit.platform.engine.support.hierarchical.ThrowableCollector.execute(ThrowableCollector.java:73)
	at app//org.junit.jupiter.engine.descriptor.TestMethodTestDescriptor.invokeTestMethod(TestMethodTestDescriptor.java:208)
	at app//org.junit.jupiter.engine.descriptor.TestMethodTestDescriptor.execute(TestMethodTestDescriptor.java:137)
	at app//org.junit.jupiter.engine.descriptor.TestMethodTestDescriptor.execute(TestMethodTestDescriptor.java:71)
	at app//org.junit.platform.engine.support.hierarchical.NodeTestTask.lambda$executeRecursively$5(NodeTestTask.java:135)
	at app//org.junit.platform.engine.support.hierarchical.ThrowableCollector.execute(ThrowableCollector.java:73)
	at app//org.junit.platform.engine.support.hierarchical.NodeTestTask.lambda$executeRecursively$7(NodeTestTask.java:125)
	at app//org.junit.platform.engine.support.hierarchical.Node.around(Node.java:135)
	at app//org.junit.platform.engine.support.hierarchical.NodeTestTask.lambda$executeRecursively$8(NodeTestTask.java:123)
	at app//org.junit.platform.engine.support.hierarchical.ThrowableCollector.execute(ThrowableCollector.java:73)
	at app//org.junit.platform.engine.support.hierarchical.NodeTestTask.executeRecursively(NodeTestTask.java:122)
	at app//org.junit.platform.engine.support.hierarchical.NodeTestTask.execute(NodeTestTask.java:80)
	at java.base@16.0.1/java.util.ArrayList.forEach(ArrayList.java:1511)
	at app//org.junit.platform.engine.support.hierarchical.SameThreadHierarchicalTestExecutorService.invokeAll(SameThreadHierarchicalTestExecutorService.java:38)
	at app//org.junit.platform.engine.support.hierarchical.NodeTestTask.lambda$executeRecursively$5(NodeTestTask.java:139)
	at app//org.junit.platform.engine.support.hierarchical.ThrowableCollector.execute(ThrowableCollector.java:73)
	at app//org.junit.platform.engine.support.hierarchical.NodeTestTask.lambda$executeRecursively$7(NodeTestTask.java:125)
	at app//org.junit.platform.engine.support.hierarchical.Node.around(Node.java:135)
	at app//org.junit.platform.engine.support.hierarchical.NodeTestTask.lambda$executeRecursively$8(NodeTestTask.java:123)
	at app//org.junit.platform.engine.support.hierarchical.ThrowableCollector.execute(ThrowableCollector.java:73)
	at app//org.junit.platform.engine.support.hierarchical.NodeTestTask.executeRecursively(NodeTestTask.java:122)
	at app//org.junit.platform.engine.support.hierarchical.NodeTestTask.execute(NodeTestTask.java:80)
	at java.base@16.0.1/java.util.ArrayList.forEach(ArrayList.java:1511)
	at app//org.junit.platform.engine.support.hierarchical.SameThreadHierarchicalTestExecutorService.invokeAll(SameThreadHierarchicalTestExecutorService.java:38)
	at app//org.junit.platform.engine.support.hierarchical.NodeTestTask.lambda$executeRecursively$5(NodeTestTask.java:139)
	at app//org.junit.platform.engine.support.hierarchical.ThrowableCollector.execute(ThrowableCollector.java:73)
	at app//org.junit.platform.engine.support.hierarchical.NodeTestTask.lambda$executeRecursively$7(NodeTestTask.java:125)
	at app//org.junit.platform.engine.support.hierarchical.Node.around(Node.java:135)
	at app//org.junit.platform.engine.support.hierarchical.NodeTestTask.lambda$executeRecursively$8(NodeTestTask.java:123)
	at app//org.junit.platform.engine.support.hierarchical.ThrowableCollector.execute(ThrowableCollector.java:73)
	at app//org.junit.platform.engine.support.hierarchical.NodeTestTask.executeRecursively(NodeTestTask.java:122)
	at app//org.junit.platform.engine.support.hierarchical.NodeTestTask.execute(NodeTestTask.java:80)
	at app//org.junit.platform.engine.support.hierarchical.SameThreadHierarchicalTestExecutorService.submit(SameThreadHierarchicalTestExecutorService.java:32)
	at app//org.junit.platform.engine.support.hierarchical.HierarchicalTestExecutor.execute(HierarchicalTestExecutor.java:57)
	at app//org.junit.platform.engine.support.hierarchical.HierarchicalTestEngine.execute(HierarchicalTestEngine.java:51)
	at org.junit.platform.launcher.core.EngineExecutionOrchestrator.execute(EngineExecutionOrchestrator.java:108)
	at org.junit.platform.launcher.core.EngineExecutionOrchestrator.execute(EngineExecutionOrchestrator.java:88)
	at org.junit.platform.launcher.core.EngineExecutionOrchestrator.lambda$execute$0(EngineExecutionOrchestrator.java:54)
	at org.junit.platform.launcher.core.EngineExecutionOrchestrator.withInterceptedStreams(EngineExecutionOrchestrator.java:67)
	at org.junit.platform.launcher.core.EngineExecutionOrchestrator.execute(EngineExecutionOrchestrator.java:52)
	at org.junit.platform.launcher.core.DefaultLauncher.execute(DefaultLauncher.java:96)
	at org.junit.platform.launcher.core.DefaultLauncher.execute(DefaultLauncher.java:75)
	at org.gradle.api.internal.tasks.testing.junitplatform.JUnitPlatformTestClassProcessor$CollectAllTestClassesExecutor.processAllTestClasses(JUnitPlatformTestClassProcessor.java:99)
	at org.gradle.api.internal.tasks.testing.junitplatform.JUnitPlatformTestClassProcessor$CollectAllTestClassesExecutor.access$000(JUnitPlatformTestClassProcessor.java:79)
	at org.gradle.api.internal.tasks.testing.junitplatform.JUnitPlatformTestClassProcessor.stop(JUnitPlatformTestClassProcessor.java:75)
	at org.gradle.api.internal.tasks.testing.SuiteTestClassProcessor.stop(SuiteTestClassProcessor.java:61)
	at java.base@16.0.1/jdk.internal.reflect.NativeMethodAccessorImpl.invoke0(Native Method)
	at java.base@16.0.1/jdk.internal.reflect.NativeMethodAccessorImpl.invoke(NativeMethodAccessorImpl.java:78)
	at java.base@16.0.1/jdk.internal.reflect.DelegatingMethodAccessorImpl.invoke(DelegatingMethodAccessorImpl.java:43)
	at java.base@16.0.1/java.lang.reflect.Method.invoke(Method.java:567)
	at org.gradle.internal.dispatch.ReflectionDispatch.dispatch(ReflectionDispatch.java:36)
	at org.gradle.internal.dispatch.ReflectionDispatch.dispatch(ReflectionDispatch.java:24)
	at org.gradle.internal.dispatch.ContextClassLoaderDispatch.dispatch(ContextClassLoaderDispatch.java:33)
	at org.gradle.internal.dispatch.ProxyDispatchAdapter$DispatchingInvocationHandler.invoke(ProxyDispatchAdapter.java:94)
	at jdk.proxy1/jdk.proxy1.$Proxy2.stop(Unknown Source)
	at org.gradle.api.internal.tasks.testing.worker.TestWorker$3.run(TestWorker.java:193)
	at org.gradle.api.internal.tasks.testing.worker.TestWorker.executeAndMaintainThreadName(TestWorker.java:129)
	at org.gradle.api.internal.tasks.testing.worker.TestWorker.execute(TestWorker.java:100)
	at org.gradle.api.internal.tasks.testing.worker.TestWorker.execute(TestWorker.java:60)
	at org.gradle.process.internal.worker.child.ActionExecutionWorker.execute(ActionExecutionWorker.java:56)
	at org.gradle.process.internal.worker.child.SystemApplicationClassLoaderWorker.call(SystemApplicationClassLoaderWorker.java:133)
	at org.gradle.process.internal.worker.child.SystemApplicationClassLoaderWorker.call(SystemApplicationClassLoaderWorker.java:71)
	at app//worker.org.gradle.process.internal.worker.GradleWorkerMain.run(GradleWorkerMain.java:69)
	at app//worker.org.gradle.process.internal.worker.GradleWorkerMain.main(GradleWorkerMain.java:74)
</failure>
  </testcase>
  <testcase name="create a note()" classname="au.com.firemarklabs.nt.NtClientTest" time="0.048">
    <failure message="Instantiation of [simple type, class au.com.firemarklabs.nt.Note] value failed for JSON property content due to missing (therefore NULL) value for creator parameter content which is a non-nullable type&#10; at [Source: (BufferedInputStream); line: 1, column: 109] (through reference chain: au.com.firemarklabs.nt.Note[&quot;content&quot;])&#13;&#10;&#9;com.github.kittinunf.fuel.core.FuelError$Companion.wrap(FuelError.kt:86)&#10;&#9;com.github.kittinunf.fuel.core.DeserializableKt.response(Deserializable.kt:177)&#10;Caused by: com.fasterxml.jackson.module.kotlin.MissingKotlinParameterException: Instantiation of [simple type, class au.com.firemarklabs.nt.Note] value failed for JSON property content due to missing (therefore NULL) value for creator parameter content which is a non-nullable type&#10; at [Source: (BufferedInputStream); line: 1, column: 109] (through reference chain: au.com.firemarklabs.nt.Note[&quot;content&quot;])&#10;&#9;com.fasterxml.jackson.module.kotlin.KotlinValueInstantiator.createFromObjectWith(KotlinValueInstantiator.kt:107)&#10;&#9;com.fasterxml.jackson.databind.deser.impl.PropertyBasedCreator.build(PropertyBasedCreator.java:195)&#10;&#9;com.fasterxml.jackson.databind.deser.BeanDeserializer._deserializeUsingPropertyBased(BeanDeserializer.java:488)&#10;&#9;com.fasterxml.jackson.databind.deser.BeanDeserializerBase.deserializeFromObjectUsingNonDefault(BeanDeserializerBase.java:1287)&#10;&#9;com.fasterxml.jackson.databind.deser.BeanDeserializer.deserializeFromObject(BeanDeserializer.java:326)&#10;&#9;com.fasterxml.jackson.databind.deser.BeanDeserializer.deserialize(BeanDeserializer.java:159)&#10;&#9;com.fasterxml.jackson.databind.ObjectMapper._readMapAndClose(ObjectMapper.java:4013)&#10;&#9;com.fasterxml.jackson.databind.ObjectMapper.readValue(ObjectMapper.java:3077)&#10;&#9;au.com.firemarklabs.nt.NTClient$insert$$inlined$responseObject$1.deserialize(FuelJackson.kt:59)&#10;&#9;com.github.kittinunf.fuel.core.ResponseDeserializable$DefaultImpls.deserialize(Deserializable.kt:39)&#10;&#9;au.com.firemarklabs.nt.NTClient$insert$$inlined$responseObject$1.deserialize(FuelJackson.kt:36)&#10;&#9;com.github.kittinunf.fuel.core.DeserializableKt.response(Deserializable.kt:176)&#10;&#9;au.com.firemarklabs.nt.NTClient.insert(NTClient.kt:103)&#10;&#9;au.com.firemarklabs.nt.NtClientTest.create a note(NtClientTest.kt:34)&#10;&#9;java.base/jdk.internal.reflect.NativeMethodAccessorImpl.invoke0(Native Method)&#10;&#9;java.base/jdk.internal.reflect.NativeMethodAccessorImpl.invoke(NativeMethodAccessorImpl.java:78)&#10;&#9;java.base/jdk.internal.reflect.DelegatingMethodAccessorImpl.invoke(DelegatingMethodAccessorImpl.java:43)&#10;&#9;java.base/java.lang.reflect.Method.invoke(Method.java:567)&#10;&#9;org.junit.platform.commons.util.ReflectionUtils.invokeMethod(ReflectionUtils.java:686)&#10;&#9;org.junit.jupiter.engine.execution.MethodInvocation.proceed(MethodInvocation.java:60)&#10;&#9;org.junit.jupiter.engine.execution.InvocationInterceptorChain$ValidatingInvocation.proceed(InvocationInterceptorChain.java:131)&#10;&#9;org.junit.jupiter.engine.extension.TimeoutExtension.intercept(TimeoutExtension.java:149)&#10;&#9;org.junit.jupiter.engine.extension.TimeoutExtension.interceptTestableMethod(TimeoutExtension.java:140)&#10;&#9;org.junit.jupiter.engine.extension.TimeoutExtension.interceptTestMethod(TimeoutExtension.java:84)&#10;&#9;org.junit.jupiter.engine.execution.ExecutableInvoker$ReflectiveInterceptorCall.lambda$ofVoidMethod$0(ExecutableInvoker.java:115)&#10;&#9;org.junit.jupiter.engine.execution.ExecutableInvoker.lambda$invoke$0(ExecutableInvoker.java:105)&#10;&#9;org.junit.jupiter.engine.execution.InvocationInterceptorChain$InterceptedInvocation.proceed(InvocationInterceptorChain.java:106)&#10;&#9;org.junit.jupiter.engine.execution.InvocationInterceptorChain.proceed(InvocationInterceptorChain.java:64)&#10;&#9;org.junit.jupiter.engine.execution.InvocationInterceptorChain.chainAndInvoke(InvocationInterceptorChain.java:45)&#10;&#9;org.junit.jupiter.engine.execution.InvocationInterceptorChain.invoke(InvocationInterceptorChain.java:37)&#10;&#9;org.junit.jupiter.engine.execution.ExecutableInvoker.invoke(ExecutableInvoker.java:104)&#10;&#9;org.junit.jupiter.engine.execution.ExecutableInvoker.invoke(ExecutableInvoker.java:98)&#10;&#9;org.junit.jupiter.engine.descriptor.TestMethodTestDescriptor.lambda$invokeTestMethod$6(TestMethodTestDescriptor.java:212)&#10;&#9;org.junit.platform.engine.support.hierarchical.ThrowableCollector.execute(ThrowableCollector.java:73)&#10;&#9;org.junit.jupiter.engine.descriptor.TestMethodTestDescriptor.invokeTestMethod(TestMethodTestDescriptor.java:208)&#10;&#9;org.junit.jupiter.engine.descriptor.TestMethodTestDescriptor.execute(TestMethodTestDescriptor.java:137)&#10;&#9;org.junit.jupiter.engine.descriptor.TestMethodTestDescriptor.execute(TestMethodTestDescriptor.java:71)&#10;&#9;org.junit.platform.engine.support.hierarchical.NodeTestTask.lambda$executeRecursively$5(NodeTestTask.java:135)&#10;&#9;org.junit.platform.engine.support.hierarchical.ThrowableCollector.execute(ThrowableCollector.java:73)&#10;&#9;org.junit.platform.engine.support.hierarchical.NodeTestTask.lambda$executeRecursively$7(NodeTestTask.java:125)&#10;&#9;org.junit.platform.engine.support.hierarchical.Node.around(Node.java:135)&#10;&#9;org.junit.platform.engine.support.hierarchical.NodeTestTask.lambda$executeRecursively$8(NodeTestTask.java:123)&#10;&#9;org.junit.platform.engine.support.hierarchical.ThrowableCollector.execute(ThrowableCollector.java:73)&#10;&#9;org.junit.platform.engine.support.hierarchical.NodeTestTask.executeRecursively(NodeTestTask.java:122)&#10;&#9;org.junit.platform.engine.support.hierarchical.NodeTestTask.execute(NodeTestTask.java:80)&#10;&#9;java.base/java.util.ArrayList.forEach(ArrayList.java:1511)&#10;&#9;org.junit.platform.engine.support.hierarchical.SameThreadHierarchicalTestExecutorService.invokeAll(SameThreadHierarchicalTestExecutorService.java:38)&#10;&#9;org.junit.platform.engine.support.hierarchical.NodeTestTask.lambda$executeRecursively$5(NodeTestTask.java:139)&#10;&#9;org.junit.platform.engine.support.hierarchical.ThrowableCollector.execute(ThrowableCollector.java:73)&#10;&#9;org.junit.platform.engine.support.hierarchical.NodeTestTask.lambda$executeRecursively$7(NodeTestTask.java:125)&#10;&#9;org.junit.platform.engine.support.hierarchical.Node.around(Node.java:135)&#10;&#9;org.junit.platform.engine.support.hierarchical.NodeTestTask.lambda$executeRecursively$8(NodeTestTask.java:123)&#10;&#9;org.junit.platform.engine.support.hierarchical.ThrowableCollector.execute(ThrowableCollector.java:73)&#10;&#9;org.junit.platform.engine.support.hierarchical.NodeTestTask.executeRecursively(NodeTestTask.java:122)&#10;&#9;org.junit.platform.engine.support.hierarchical.NodeTestTask.execute(NodeTestTask.java:80)&#10;&#9;java.base/java.util.ArrayList.forEach(ArrayList.java:1511)&#10;&#9;org.junit.platform.engine.support.hierarchical.SameThreadHierarchicalTestExecutorService.invokeAll(SameThreadHierarchicalTestExecutorService.java:38)&#10;&#9;org.junit.platform.engine.support.hierarchical.NodeTestTask.lambda$executeRecursively$5(NodeTestTask.java:139)&#10;&#9;org.junit.platform.engine.support.hierarchical.ThrowableCollector.execute(ThrowableCollector.java:73)&#10;&#9;org.junit.platform.engine.support.hierarchical.NodeTestTask.lambda$executeRecursively$7(NodeTestTask.java:125)&#10;&#9;org.junit.platform.engine.support.hierarchical.Node.around(Node.java:135)&#10;&#9;org.junit.platform.engine.support.hierarchical.NodeTestTask.lambda$executeRecursively$8(NodeTestTask.java:123)&#10;&#9;org.junit.platform.engine.support.hierarchical.ThrowableCollector.execute(ThrowableCollector.java:73)&#10;&#9;org.junit.platform.engine.support.hierarchical.NodeTestTask.executeRecursively(NodeTestTask.java:122)&#10;&#9;org.junit.platform.engine.support.hierarchical.NodeTestTask.execute(NodeTestTask.java:80)&#10;&#9;org.junit.platform.engine.support.hierarchical.SameThreadHierarchicalTestExecutorService.submit(SameThreadHierarchicalTestExecutorService.java:32)&#10;&#9;org.junit.platform.engine.support.hierarchical.HierarchicalTestExecutor.execute(HierarchicalTestExecutor.java:57)&#10;&#9;org.junit.platform.engine.support.hierarchical.HierarchicalTestEngine.execute(HierarchicalTestEngine.java:51)&#10;&#9;org.junit.platform.launcher.core.EngineExecutionOrchestrator.execute(EngineExecutionOrchestrator.java:108)&#10;&#9;org.junit.platform.launcher.core.EngineExecutionOrchestrator.execute(EngineExecutionOrchestrator.java:88)&#10;&#9;org.junit.platform.launcher.core.EngineExecutionOrchestrator.lambda$execute$0(EngineExecutionOrchestrator.java:54)&#10;&#9;org.junit.platform.launcher.core.EngineExecutionOrchestrator.withInterceptedStreams(EngineExecutionOrchestrator.java:67)&#10;&#9;org.junit.platform.launcher.core.EngineExecutionOrchestrator.execute(EngineExecutionOrchestrator.java:52)&#10;&#9;org.junit.platform.launcher.core.DefaultLauncher.execute(DefaultLauncher.java:96)&#10;&#9;org.junit.platform.launcher.core.DefaultLauncher.execute(DefaultLauncher.java:75)&#10;&#9;org.gradle.api.internal.tasks.testing.junitplatform.JUnitPlatformTestClassProcessor$CollectAllTestClassesExecutor.processAllTestClasses(JUnitPlatformTestClassProcessor.java:99)&#10;&#9;org.gradle.api.internal.tasks.testing.junitplatform.JUnitPlatformTestClassProcessor$CollectAllTestClassesExecutor.access$000(JUnitPlatformTestClassProcessor.java:79)&#10;&#9;org.gradle.api.internal.tasks.testing.junitplatform.JUnitPlatformTestClassProcessor.stop(JUnitPlatformTestClassProcessor.java:75)&#10;&#9;org.gradle.api.internal.tasks.testing.SuiteTestClassProcessor.stop(SuiteTestClassProcessor.java:61)&#10;&#9;java.base/jdk.internal.reflect.NativeMethodAccessorImpl.invoke0(Native Method)&#10;&#9;java.base/jdk.internal.reflect.NativeMethodAccessorImpl.invoke(NativeMethodAccessorImpl.java:78)&#10;&#9;java.base/jdk.internal.reflect.DelegatingMethodAccessorImpl.invoke(DelegatingMethodAccessorImpl.java:43)&#10;&#9;java.base/java.lang.reflect.Method.invoke(Method.java:567)&#10;&#9;org.gradle.internal.dispatch.ReflectionDispatch.dispatch(ReflectionDispatch.java:36)&#10;&#9;org.gradle.internal.dispatch.ReflectionDispatch.dispatch(ReflectionDispatch.java:24)&#10;&#9;org.gradle.internal.dispatch.ContextClassLoaderDispatch.dispatch(ContextClassLoaderDispatch.java:33)&#10;&#9;org.gradle.internal.dispatch.ProxyDispatchAdapter$DispatchingInvocationHandler.invoke(ProxyDispatchAdapter.java:94)&#10;&#9;jdk.proxy1/jdk.proxy1.$Proxy2.stop(Unknown Source)&#10;&#9;org.gradle.api.internal.tasks.testing.worker.TestWorker$3.run(TestWorker.java:193)&#10;&#9;org.gradle.api.internal.tasks.testing.worker.TestWorker.executeAndMaintainThreadName(TestWorker.java:129)&#10;&#9;org.gradle.api.internal.tasks.testing.worker.TestWorker.execute(TestWorker.java:100)&#10;&#9;org.gradle.api.internal.tasks.testing.worker.TestWorker.execute(TestWorker.java:60)&#10;&#9;org.gradle.process.internal.worker.child.ActionExecutionWorker.execute(ActionExecutionWorker.java:56)&#10;&#9;org.gradle.process.internal.worker.child.SystemApplicationClassLoaderWorker.call(SystemApplicationClassLoaderWorker.java:133)&#10;&#9;org.gradle.process.internal.worker.child.SystemApplicationClassLoaderWorker.call(SystemApplicationClassLoaderWorker.java:71)&#10;&#9;worker.org.gradle.process.internal.worker.GradleWorkerMain.run(GradleWorkerMain.java:69)&#10;&#9;worker.org.gradle.process.internal.worker.GradleWorkerMain.main(GradleWorkerMain.java:74)&#10;" type="com.github.kittinunf.fuel.core.FuelError">Instantiation of [simple type, class au.com.firemarklabs.nt.Note] value failed for JSON property content due to missing (therefore NULL) value for creator parameter content which is a non-nullable type
 at [Source: (BufferedInputStream); line: 1, column: 109] (through reference chain: au.com.firemarklabs.nt.Note[&quot;content&quot;])
	com.github.kittinunf.fuel.core.FuelError$Companion.wrap(FuelError.kt:86)
	com.github.kittinunf.fuel.core.DeserializableKt.response(Deserializable.kt:177)
Caused by: com.fasterxml.jackson.module.kotlin.MissingKotlinParameterException: Instantiation of [simple type, class au.com.firemarklabs.nt.Note] value failed for JSON property content due to missing (therefore NULL) value for creator parameter content which is a non-nullable type
 at [Source: (BufferedInputStream); line: 1, column: 109] (through reference chain: au.com.firemarklabs.nt.Note[&quot;content&quot;])
	com.fasterxml.jackson.module.kotlin.KotlinValueInstantiator.createFromObjectWith(KotlinValueInstantiator.kt:107)
	com.fasterxml.jackson.databind.deser.impl.PropertyBasedCreator.build(PropertyBasedCreator.java:195)
	com.fasterxml.jackson.databind.deser.BeanDeserializer._deserializeUsingPropertyBased(BeanDeserializer.java:488)
	com.fasterxml.jackson.databind.deser.BeanDeserializerBase.deserializeFromObjectUsingNonDefault(BeanDeserializerBase.java:1287)
	com.fasterxml.jackson.databind.deser.BeanDeserializer.deserializeFromObject(BeanDeserializer.java:326)
	com.fasterxml.jackson.databind.deser.BeanDeserializer.deserialize(BeanDeserializer.java:159)
	com.fasterxml.jackson.databind.ObjectMapper._readMapAndClose(ObjectMapper.java:4013)
	com.fasterxml.jackson.databind.ObjectMapper.readValue(ObjectMapper.java:3077)
	au.com.firemarklabs.nt.NTClient$insert$$inlined$responseObject$1.deserialize(FuelJackson.kt:59)
	com.github.kittinunf.fuel.core.ResponseDeserializable$DefaultImpls.deserialize(Deserializable.kt:39)
	au.com.firemarklabs.nt.NTClient$insert$$inlined$responseObject$1.deserialize(FuelJackson.kt:36)
	com.github.kittinunf.fuel.core.DeserializableKt.response(Deserializable.kt:176)
	au.com.firemarklabs.nt.NTClient.insert(NTClient.kt:103)
	au.com.firemarklabs.nt.NtClientTest.create a note(NtClientTest.kt:34)
	java.base/jdk.internal.reflect.NativeMethodAccessorImpl.invoke0(Native Method)
	java.base/jdk.internal.reflect.NativeMethodAccessorImpl.invoke(NativeMethodAccessorImpl.java:78)
	java.base/jdk.internal.reflect.DelegatingMethodAccessorImpl.invoke(DelegatingMethodAccessorImpl.java:43)
	java.base/java.lang.reflect.Method.invoke(Method.java:567)
	org.junit.platform.commons.util.ReflectionUtils.invokeMethod(ReflectionUtils.java:686)
	org.junit.jupiter.engine.execution.MethodInvocation.proceed(MethodInvocation.java:60)
	org.junit.jupiter.engine.execution.InvocationInterceptorChain$ValidatingInvocation.proceed(InvocationInterceptorChain.java:131)
	org.junit.jupiter.engine.extension.TimeoutExtension.intercept(TimeoutExtension.java:149)
	org.junit.jupiter.engine.extension.TimeoutExtension.interceptTestableMethod(TimeoutExtension.java:140)
	org.junit.jupiter.engine.extension.TimeoutExtension.interceptTestMethod(TimeoutExtension.java:84)
	org.junit.jupiter.engine.execution.ExecutableInvoker$ReflectiveInterceptorCall.lambda$ofVoidMethod$0(ExecutableInvoker.java:115)
	org.junit.jupiter.engine.execution.ExecutableInvoker.lambda$invoke$0(ExecutableInvoker.java:105)
	org.junit.jupiter.engine.execution.InvocationInterceptorChain$InterceptedInvocation.proceed(InvocationInterceptorChain.java:106)
	org.junit.jupiter.engine.execution.InvocationInterceptorChain.proceed(InvocationInterceptorChain.java:64)
	org.junit.jupiter.engine.execution.InvocationInterceptorChain.chainAndInvoke(InvocationInterceptorChain.java:45)
	org.junit.jupiter.engine.execution.InvocationInterceptorChain.invoke(InvocationInterceptorChain.java:37)
	org.junit.jupiter.engine.execution.ExecutableInvoker.invoke(ExecutableInvoker.java:104)
	org.junit.jupiter.engine.execution.ExecutableInvoker.invoke(ExecutableInvoker.java:98)
	org.junit.jupiter.engine.descriptor.TestMethodTestDescriptor.lambda$invokeTestMethod$6(TestMethodTestDescriptor.java:212)
	org.junit.platform.engine.support.hierarchical.ThrowableCollector.execute(ThrowableCollector.java:73)
	org.junit.jupiter.engine.descriptor.TestMethodTestDescriptor.invokeTestMethod(TestMethodTestDescriptor.java:208)
	org.junit.jupiter.engine.descriptor.TestMethodTestDescriptor.execute(TestMethodTestDescriptor.java:137)
	org.junit.jupiter.engine.descriptor.TestMethodTestDescriptor.execute(TestMethodTestDescriptor.java:71)
	org.junit.platform.engine.support.hierarchical.NodeTestTask.lambda$executeRecursively$5(NodeTestTask.java:135)
	org.junit.platform.engine.support.hierarchical.ThrowableCollector.execute(ThrowableCollector.java:73)
	org.junit.platform.engine.support.hierarchical.NodeTestTask.lambda$executeRecursively$7(NodeTestTask.java:125)
	org.junit.platform.engine.support.hierarchical.Node.around(Node.java:135)
	org.junit.platform.engine.support.hierarchical.NodeTestTask.lambda$executeRecursively$8(NodeTestTask.java:123)
	org.junit.platform.engine.support.hierarchical.ThrowableCollector.execute(ThrowableCollector.java:73)
	org.junit.platform.engine.support.hierarchical.NodeTestTask.executeRecursively(NodeTestTask.java:122)
	org.junit.platform.engine.support.hierarchical.NodeTestTask.execute(NodeTestTask.java:80)
	java.base/java.util.ArrayList.forEach(ArrayList.java:1511)
	org.junit.platform.engine.support.hierarchical.SameThreadHierarchicalTestExecutorService.invokeAll(SameThreadHierarchicalTestExecutorService.java:38)
	org.junit.platform.engine.support.hierarchical.NodeTestTask.lambda$executeRecursively$5(NodeTestTask.java:139)
	org.junit.platform.engine.support.hierarchical.ThrowableCollector.execute(ThrowableCollector.java:73)
	org.junit.platform.engine.support.hierarchical.NodeTestTask.lambda$executeRecursively$7(NodeTestTask.java:125)
	org.junit.platform.engine.support.hierarchical.Node.around(Node.java:135)
	org.junit.platform.engine.support.hierarchical.NodeTestTask.lambda$executeRecursively$8(NodeTestTask.java:123)
	org.junit.platform.engine.support.hierarchical.ThrowableCollector.execute(ThrowableCollector.java:73)
	org.junit.platform.engine.support.hierarchical.NodeTestTask.executeRecursively(NodeTestTask.java:122)
	org.junit.platform.engine.support.hierarchical.NodeTestTask.execute(NodeTestTask.java:80)
	java.base/java.util.ArrayList.forEach(ArrayList.java:1511)
	org.junit.platform.engine.support.hierarchical.SameThreadHierarchicalTestExecutorService.invokeAll(SameThreadHierarchicalTestExecutorService.java:38)
	org.junit.platform.engine.support.hierarchical.NodeTestTask.lambda$executeRecursively$5(NodeTestTask.java:139)
	org.junit.platform.engine.support.hierarchical.ThrowableCollector.execute(ThrowableCollector.java:73)
	org.junit.platform.engine.support.hierarchical.NodeTestTask.lambda$executeRecursively$7(NodeTestTask.java:125)
	org.junit.platform.engine.support.hierarchical.Node.around(Node.java:135)
	org.junit.platform.engine.support.hierarchical.NodeTestTask.lambda$executeRecursively$8(NodeTestTask.java:123)
	org.junit.platform.engine.support.hierarchical.ThrowableCollector.execute(ThrowableCollector.java:73)
	org.junit.platform.engine.support.hierarchical.NodeTestTask.executeRecursively(NodeTestTask.java:122)
	org.junit.platform.engine.support.hierarchical.NodeTestTask.execute(NodeTestTask.java:80)
	org.junit.platform.engine.support.hierarchical.SameThreadHierarchicalTestExecutorService.submit(SameThreadHierarchicalTestExecutorService.java:32)
	org.junit.platform.engine.support.hierarchical.HierarchicalTestExecutor.execute(HierarchicalTestExecutor.java:57)
	org.junit.platform.engine.support.hierarchical.HierarchicalTestEngine.execute(HierarchicalTestEngine.java:51)
	org.junit.platform.launcher.core.EngineExecutionOrchestrator.execute(EngineExecutionOrchestrator.java:108)
	org.junit.platform.launcher.core.EngineExecutionOrchestrator.execute(EngineExecutionOrchestrator.java:88)
	org.junit.platform.launcher.core.EngineExecutionOrchestrator.lambda$execute$0(EngineExecutionOrchestrator.java:54)
	org.junit.platform.launcher.core.EngineExecutionOrchestrator.withInterceptedStreams(EngineExecutionOrchestrator.java:67)
	org.junit.platform.launcher.core.EngineExecutionOrchestrator.execute(EngineExecutionOrchestrator.java:52)
	org.junit.platform.launcher.core.DefaultLauncher.execute(DefaultLauncher.java:96)
	org.junit.platform.launcher.core.DefaultLauncher.execute(DefaultLauncher.java:75)
	org.gradle.api.internal.tasks.testing.junitplatform.JUnitPlatformTestClassProcessor$CollectAllTestClassesExecutor.processAllTestClasses(JUnitPlatformTestClassProcessor.java:99)
	org.gradle.api.internal.tasks.testing.junitplatform.JUnitPlatformTestClassProcessor$CollectAllTestClassesExecutor.access$000(JUnitPlatformTestClassProcessor.java:79)
	org.gradle.api.internal.tasks.testing.junitplatform.JUnitPlatformTestClassProcessor.stop(JUnitPlatformTestClassProcessor.java:75)
	org.gradle.api.internal.tasks.testing.SuiteTestClassProcessor.stop(SuiteTestClassProcessor.java:61)
	java.base/jdk.internal.reflect.NativeMethodAccessorImpl.invoke0(Native Method)
	java.base/jdk.internal.reflect.NativeMethodAccessorImpl.invoke(NativeMethodAccessorImpl.java:78)
	java.base/jdk.internal.reflect.DelegatingMethodAccessorImpl.invoke(DelegatingMethodAccessorImpl.java:43)
	java.base/java.lang.reflect.Method.invoke(Method.java:567)
	org.gradle.internal.dispatch.ReflectionDispatch.dispatch(ReflectionDispatch.java:36)
	org.gradle.internal.dispatch.ReflectionDispatch.dispatch(ReflectionDispatch.java:24)
	org.gradle.internal.dispatch.ContextClassLoaderDispatch.dispatch(ContextClassLoaderDispatch.java:33)
	org.gradle.internal.dispatch.ProxyDispatchAdapter$DispatchingInvocationHandler.invoke(ProxyDispatchAdapter.java:94)
	jdk.proxy1/jdk.proxy1.$Proxy2.stop(Unknown Source)
	org.gradle.api.internal.tasks.testing.worker.TestWorker$3.run(TestWorker.java:193)
	org.gradle.api.internal.tasks.testing.worker.TestWorker.executeAndMaintainThreadName(TestWorker.java:129)
	org.gradle.api.internal.tasks.testing.worker.TestWorker.execute(TestWorker.java:100)
	org.gradle.api.internal.tasks.testing.worker.TestWorker.execute(TestWorker.java:60)
	org.gradle.process.internal.worker.child.ActionExecutionWorker.execute(ActionExecutionWorker.java:56)
	org.gradle.process.internal.worker.child.SystemApplicationClassLoaderWorker.call(SystemApplicationClassLoaderWorker.java:133)
	org.gradle.process.internal.worker.child.SystemApplicationClassLoaderWorker.call(SystemApplicationClassLoaderWorker.java:71)
	worker.org.gradle.process.internal.worker.GradleWorkerMain.run(GradleWorkerMain.java:69)
	worker.org.gradle.process.internal.worker.GradleWorkerMain.main(GradleWorkerMain.java:74)

	at app//com.github.kittinunf.fuel.core.FuelError$Companion.wrap(FuelError.kt:86)
	at app//com.github.kittinunf.fuel.core.DeserializableKt.response(Deserializable.kt:177)
Caused by: com.fasterxml.jackson.module.kotlin.MissingKotlinParameterException: Instantiation of [simple type, class au.com.firemarklabs.nt.Note] value failed for JSON property content due to missing (therefore NULL) value for creator parameter content which is a non-nullable type
 at [Source: (BufferedInputStream); line: 1, column: 109] (through reference chain: au.com.firemarklabs.nt.Note[&quot;content&quot;])
	at app//com.fasterxml.jackson.module.kotlin.KotlinValueInstantiator.createFromObjectWith(KotlinValueInstantiator.kt:107)
	at app//com.fasterxml.jackson.databind.deser.impl.PropertyBasedCreator.build(PropertyBasedCreator.java:195)
	at app//com.fasterxml.jackson.databind.deser.BeanDeserializer._deserializeUsingPropertyBased(BeanDeserializer.java:488)
	at app//com.fasterxml.jackson.databind.deser.BeanDeserializerBase.deserializeFromObjectUsingNonDefault(BeanDeserializerBase.java:1287)
	at app//com.fasterxml.jackson.databind.deser.BeanDeserializer.deserializeFromObject(BeanDeserializer.java:326)
	at app//com.fasterxml.jackson.databind.deser.BeanDeserializer.deserialize(BeanDeserializer.java:159)
	at app//com.fasterxml.jackson.databind.ObjectMapper._readMapAndClose(ObjectMapper.java:4013)
	at app//com.fasterxml.jackson.databind.ObjectMapper.readValue(ObjectMapper.java:3077)
	at app//au.com.firemarklabs.nt.NTClient$insert$$inlined$responseObject$1.deserialize(FuelJackson.kt:59)
	at app//com.github.kittinunf.fuel.core.ResponseDeserializable$DefaultImpls.deserialize(Deserializable.kt:39)
	at app//au.com.firemarklabs.nt.NTClient$insert$$inlined$responseObject$1.deserialize(FuelJackson.kt:36)
	at app//com.github.kittinunf.fuel.core.DeserializableKt.response(Deserializable.kt:176)
	at app//au.com.firemarklabs.nt.NTClient.insert(NTClient.kt:103)
	at app//au.com.firemarklabs.nt.NtClientTest.create a note(NtClientTest.kt:34)
	at java.base@16.0.1/jdk.internal.reflect.NativeMethodAccessorImpl.invoke0(Native Method)
	at java.base@16.0.1/jdk.internal.reflect.NativeMethodAccessorImpl.invoke(NativeMethodAccessorImpl.java:78)
	at java.base@16.0.1/jdk.internal.reflect.DelegatingMethodAccessorImpl.invoke(DelegatingMethodAccessorImpl.java:43)
	at java.base@16.0.1/java.lang.reflect.Method.invoke(Method.java:567)
	at app//org.junit.platform.commons.util.ReflectionUtils.invokeMethod(ReflectionUtils.java:686)
	at app//org.junit.jupiter.engine.execution.MethodInvocation.proceed(MethodInvocation.java:60)
	at app//org.junit.jupiter.engine.execution.InvocationInterceptorChain$ValidatingInvocation.proceed(InvocationInterceptorChain.java:131)
	at app//org.junit.jupiter.engine.extension.TimeoutExtension.intercept(TimeoutExtension.java:149)
	at app//org.junit.jupiter.engine.extension.TimeoutExtension.interceptTestableMethod(TimeoutExtension.java:140)
	at app//org.junit.jupiter.engine.extension.TimeoutExtension.interceptTestMethod(TimeoutExtension.java:84)
	at app//org.junit.jupiter.engine.execution.ExecutableInvoker$ReflectiveInterceptorCall.lambda$ofVoidMethod$0(ExecutableInvoker.java:115)
	at app//org.junit.jupiter.engine.execution.ExecutableInvoker.lambda$invoke$0(ExecutableInvoker.java:105)
	at app//org.junit.jupiter.engine.execution.InvocationInterceptorChain$InterceptedInvocation.proceed(InvocationInterceptorChain.java:106)
	at app//org.junit.jupiter.engine.execution.InvocationInterceptorChain.proceed(InvocationInterceptorChain.java:64)
	at app//org.junit.jupiter.engine.execution.InvocationInterceptorChain.chainAndInvoke(InvocationInterceptorChain.java:45)
	at app//org.junit.jupiter.engine.execution.InvocationInterceptorChain.invoke(InvocationInterceptorChain.java:37)
	at app//org.junit.jupiter.engine.execution.ExecutableInvoker.invoke(ExecutableInvoker.java:104)
	at app//org.junit.jupiter.engine.execution.ExecutableInvoker.invoke(ExecutableInvoker.java:98)
	at app//org.junit.jupiter.engine.descriptor.TestMethodTestDescriptor.lambda$invokeTestMethod$6(TestMethodTestDescriptor.java:212)
	at app//org.junit.platform.engine.support.hierarchical.ThrowableCollector.execute(ThrowableCollector.java:73)
	at app//org.junit.jupiter.engine.descriptor.TestMethodTestDescriptor.invokeTestMethod(TestMethodTestDescriptor.java:208)
	at app//org.junit.jupiter.engine.descriptor.TestMethodTestDescriptor.execute(TestMethodTestDescriptor.java:137)
	at app//org.junit.jupiter.engine.descriptor.TestMethodTestDescriptor.execute(TestMethodTestDescriptor.java:71)
	at app//org.junit.platform.engine.support.hierarchical.NodeTestTask.lambda$executeRecursively$5(NodeTestTask.java:135)
	at app//org.junit.platform.engine.support.hierarchical.ThrowableCollector.execute(ThrowableCollector.java:73)
	at app//org.junit.platform.engine.support.hierarchical.NodeTestTask.lambda$executeRecursively$7(NodeTestTask.java:125)
	at app//org.junit.platform.engine.support.hierarchical.Node.around(Node.java:135)
	at app//org.junit.platform.engine.support.hierarchical.NodeTestTask.lambda$executeRecursively$8(NodeTestTask.java:123)
	at app//org.junit.platform.engine.support.hierarchical.ThrowableCollector.execute(ThrowableCollector.java:73)
	at app//org.junit.platform.engine.support.hierarchical.NodeTestTask.executeRecursively(NodeTestTask.java:122)
	at app//org.junit.platform.engine.support.hierarchical.NodeTestTask.execute(NodeTestTask.java:80)
	at java.base@16.0.1/java.util.ArrayList.forEach(ArrayList.java:1511)
	at app//org.junit.platform.engine.support.hierarchical.SameThreadHierarchicalTestExecutorService.invokeAll(SameThreadHierarchicalTestExecutorService.java:38)
	at app//org.junit.platform.engine.support.hierarchical.NodeTestTask.lambda$executeRecursively$5(NodeTestTask.java:139)
	at app//org.junit.platform.engine.support.hierarchical.ThrowableCollector.execute(ThrowableCollector.java:73)
	at app//org.junit.platform.engine.support.hierarchical.NodeTestTask.lambda$executeRecursively$7(NodeTestTask.java:125)
	at app//org.junit.platform.engine.support.hierarchical.Node.around(Node.java:135)
	at app//org.junit.platform.engine.support.hierarchical.NodeTestTask.lambda$executeRecursively$8(NodeTestTask.java:123)
	at app//org.junit.platform.engine.support.hierarchical.ThrowableCollector.execute(ThrowableCollector.java:73)
	at app//org.junit.platform.engine.support.hierarchical.NodeTestTask.executeRecursively(NodeTestTask.java:122)
	at app//org.junit.platform.engine.support.hierarchical.NodeTestTask.execute(NodeTestTask.java:80)
	at java.base@16.0.1/java.util.ArrayList.forEach(ArrayList.java:1511)
	at app//org.junit.platform.engine.support.hierarchical.SameThreadHierarchicalTestExecutorService.invokeAll(SameThreadHierarchicalTestExecutorService.java:38)
	at app//org.junit.platform.engine.support.hierarchical.NodeTestTask.lambda$executeRecursively$5(NodeTestTask.java:139)
	at app//org.junit.platform.engine.support.hierarchical.ThrowableCollector.execute(ThrowableCollector.java:73)
	at app//org.junit.platform.engine.support.hierarchical.NodeTestTask.lambda$executeRecursively$7(NodeTestTask.java:125)
	at app//org.junit.platform.engine.support.hierarchical.Node.around(Node.java:135)
	at app//org.junit.platform.engine.support.hierarchical.NodeTestTask.lambda$executeRecursively$8(NodeTestTask.java:123)
	at app//org.junit.platform.engine.support.hierarchical.ThrowableCollector.execute(ThrowableCollector.java:73)
	at app//org.junit.platform.engine.support.hierarchical.NodeTestTask.executeRecursively(NodeTestTask.java:122)
	at app//org.junit.platform.engine.support.hierarchical.NodeTestTask.execute(NodeTestTask.java:80)
	at app//org.junit.platform.engine.support.hierarchical.SameThreadHierarchicalTestExecutorService.submit(SameThreadHierarchicalTestExecutorService.java:32)
	at app//org.junit.platform.engine.support.hierarchical.HierarchicalTestExecutor.execute(HierarchicalTestExecutor.java:57)
	at app//org.junit.platform.engine.support.hierarchical.HierarchicalTestEngine.execute(HierarchicalTestEngine.java:51)
	at org.junit.platform.launcher.core.EngineExecutionOrchestrator.execute(EngineExecutionOrchestrator.java:108)
	at org.junit.platform.launcher.core.EngineExecutionOrchestrator.execute(EngineExecutionOrchestrator.java:88)
	at org.junit.platform.launcher.core.EngineExecutionOrchestrator.lambda$execute$0(EngineExecutionOrchestrator.java:54)
	at org.junit.platform.launcher.core.EngineExecutionOrchestrator.withInterceptedStreams(EngineExecutionOrchestrator.java:67)
	at org.junit.platform.launcher.core.EngineExecutionOrchestrator.execute(EngineExecutionOrchestrator.java:52)
	at org.junit.platform.launcher.core.DefaultLauncher.execute(DefaultLauncher.java:96)
	at org.junit.platform.launcher.core.DefaultLauncher.execute(DefaultLauncher.java:75)
	at org.gradle.api.internal.tasks.testing.junitplatform.JUnitPlatformTestClassProcessor$CollectAllTestClassesExecutor.processAllTestClasses(JUnitPlatformTestClassProcessor.java:99)
	at org.gradle.api.internal.tasks.testing.junitplatform.JUnitPlatformTestClassProcessor$CollectAllTestClassesExecutor.access$000(JUnitPlatformTestClassProcessor.java:79)
	at org.gradle.api.internal.tasks.testing.junitplatform.JUnitPlatformTestClassProcessor.stop(JUnitPlatformTestClassProcessor.java:75)
	at org.gradle.api.internal.tasks.testing.SuiteTestClassProcessor.stop(SuiteTestClassProcessor.java:61)
	at java.base@16.0.1/jdk.internal.reflect.NativeMethodAccessorImpl.invoke0(Native Method)
	at java.base@16.0.1/jdk.internal.reflect.NativeMethodAccessorImpl.invoke(NativeMethodAccessorImpl.java:78)
	at java.base@16.0.1/jdk.internal.reflect.DelegatingMethodAccessorImpl.invoke(DelegatingMethodAccessorImpl.java:43)
	at java.base@16.0.1/java.lang.reflect.Method.invoke(Method.java:567)
	at org.gradle.internal.dispatch.ReflectionDispatch.dispatch(ReflectionDispatch.java:36)
	at org.gradle.internal.dispatch.ReflectionDispatch.dispatch(ReflectionDispatch.java:24)
	at org.gradle.internal.dispatch.ContextClassLoaderDispatch.dispatch(ContextClassLoaderDispatch.java:33)
	at org.gradle.internal.dispatch.ProxyDispatchAdapter$DispatchingInvocationHandler.invoke(ProxyDispatchAdapter.java:94)
	at jdk.proxy1/jdk.proxy1.$Proxy2.stop(Unknown Source)
	at org.gradle.api.internal.tasks.testing.worker.TestWorker$3.run(TestWorker.java:193)
	at org.gradle.api.internal.tasks.testing.worker.TestWorker.executeAndMaintainThreadName(TestWorker.java:129)
	at org.gradle.api.internal.tasks.testing.worker.TestWorker.execute(TestWorker.java:100)
	at org.gradle.api.internal.tasks.testing.worker.TestWorker.execute(TestWorker.java:60)
	at org.gradle.process.internal.worker.child.ActionExecutionWorker.execute(ActionExecutionWorker.java:56)
	at org.gradle.process.internal.worker.child.SystemApplicationClassLoaderWorker.call(SystemApplicationClassLoaderWorker.java:133)
	at org.gradle.process.internal.worker.child.SystemApplicationClassLoaderWorker.call(SystemApplicationClassLoaderWorker.java:71)
	at app//worker.org.gradle.process.internal.worker.GradleWorkerMain.run(GradleWorkerMain.java:69)
	at app//worker.org.gradle.process.internal.worker.GradleWorkerMain.main(GradleWorkerMain.java:74)
</failure>
  </testcase>
  <system-out><![CDATA[]]></system-out>
  <system-err><![CDATA[]]></system-err>
</testsuite>
